00:0F:B3:42:41:45;PRD";-49;1171921122
00:14:BF:17:02:AB;linksys-coolerthanyou";-43;1171921122
00:0F:66:BA:83:18;linksys";-68;1171921122
00:14:6C:03:01:04;KPK";-71;1171921122
00:0F:B3:42:41:45;PRD";-48;1171921124
00:14:BF:17:02:AB;linksys-coolerthanyou";-43;1171921124
00:0F:66:BA:83:18;linksys";-68;1171921124
00:14:6C:03:01:04;KPK";-71;1171921124
00:0F:B3:42:41:45;PRD";-49;1171921125
00:14:BF:17:02:AB;linksys-coolerthanyou";-42;1171921125
00:0F:66:BA:83:18;linksys";-67;1171921125
00:14:6C:03:01:04;KPK";-71;1171921125
00:0F:B3:42:41:45;PRD";-49;1171921126
00:13:10:9D:9D:4E;linksys";-79;1171921126
00:14:BF:17:02:AB;linksys-coolerthanyou";-43;1171921126
00:0F:66:BA:83:18;linksys";-67;1171921126
00:14:6C:03:01:04;KPK";-71;1171921126
00:0F:B3:42:41:45;PRD";-49;1171921127
00:13:10:9D:9D:4E;linksys";-79;1171921127
00:14:BF:17:02:AB;linksys-coolerthanyou";-41;1171921127
00:0F:66:BA:83:18;linksys";-67;1171921127
00:14:6C:03:01:04;KPK";-71;1171921127
00:0F:B3:42:41:45;PRD";-49;1171921129
00:13:10:9D:9D:4E;linksys";-76;1171921129
00:14:BF:17:02:AB;linksys-coolerthanyou";-42;1171921129
00:16:B6:25:DC:CD;5626";-76;1171921129
00:0F:66:BA:83:18;linksys";-67;1171921129
00:14:6C:03:01:04;KPK";-71;1171921129
00:0F:B3:42:41:45;PRD";-49;1171921130
00:13:10:9D:9D:4E;linksys";-76;1171921130
00:14:BF:17:02:AB;linksys-coolerthanyou";-42;1171921130
00:16:B6:25:DC:CD;5626";-76;1171921130
00:0F:66:BA:83:18;linksys";-67;1171921130
00:14:6C:03:01:04;KPK";-71;1171921130
00:0F:B3:42:41:45;PRD";-48;1171921131
00:13:10:9D:9D:4E;linksys";-75;1171921131
00:14:BF:17:02:AB;linksys-coolerthanyou";-43;1171921131
00:16:B6:25:DC:CD;5626";-79;1171921131
00:0F:66:BA:83:18;linksys";-67;1171921131
00:14:6C:03:01:04;KPK";-81;1171921131
00:0F:B3:42:41:45;PRD";-49;1171921132
00:14:BF:13:36:CB;Brooklyn";-81;1171921132
00:13:10:9D:9D:4E;linksys";-75;1171921132
00:14:BF:17:02:AB;linksys-coolerthanyou";-43;1171921132
00:16:B6:25:DC:CD;5626";-79;1171921132
00:0F:66:BA:83:18;linksys";-72;1171921132
00:14:6C:03:01:04;KPK";-81;1171921132
00:18:4D:7C:F0:5C;uwyozhu";-82;1171921132
00:0F:B3:42:41:45;PRD";-49;1171921134
00:14:BF:13:36:CB;Brooklyn";-83;1171921134
00:13:10:9D:9D:4E;linksys";-74;1171921134
00:14:BF:17:02:AB;linksys-coolerthanyou";-43;1171921134
00:16:B6:25:DC:CD;5626";-79;1171921134
00:0F:66:BA:83:18;linksys";-72;1171921134
00:14:6C:03:01:04;KPK";-81;1171921134
00:18:4D:7C:F0:5C;uwyozhu";-82;1171921134
00:0F:B3:42:41:45;PRD";-49;1171921135
00:14:BF:13:36:CB;Brooklyn";-83;1171921135
00:13:10:9D:9D:4E;linksys";-74;1171921135
00:14:BF:17:02:AB;linksys-coolerthanyou";-43;1171921135
00:16:B6:25:DC:CD;5626";-77;1171921135
00:0F:66:BA:83:18;linksys";-74;1171921135
00:14:6C:03:01:04;KPK";-81;1171921135
00:18:4D:7C:F0:5C;uwyozhu";-82;1171921135
00:0F:B3:42:41:45;PRD";-49;1171921136
00:14:BF:13:36:CB;Brooklyn";-83;1171921136
00:13:10:9D:9D:4E;linksys";-79;1171921136
00:14:BF:17:02:AB;linksys-coolerthanyou";-46;1171921136
00:16:B6:25:DC:CD;5626";-77;1171921136
00:0F:66:BA:83:18;linksys";-74;1171921136
00:14:6C:03:01:04;KPK";-83;1171921136
00:18:4D:7C:F0:5C;uwyozhu";-82;1171921136
00:0F:B3:42:41:45;PRD";-49;1171921137;Jacks Room
00:14:BF:13:36:CB;Brooklyn";-83;1171921137;Jacks Room
00:13:10:9D:9D:4E;linksys";-79;1171921137;Jacks Room
00:14:BF:17:02:AB;linksys-coolerthanyou";-48;1171921137;Jacks Room
00:16:B6:25:DC:CD;5626";-77;1171921137;Jacks Room
00:0F:66:BA:83:18;linksys";-74;1171921137;Jacks Room
00:14:6C:03:01:04;KPK";-83;1171921137;Jacks Room
00:18:4D:7C:F0:5C;uwyozhu";-82;1171921137;Jacks Room
00:0F:B3:42:41:45;PRD";-49;1171921139;Jacks Room
00:14:BF:13:36:CB;Brooklyn";-83;1171921139;Jacks Room
00:13:10:9D:9D:4E;linksys";-76;1171921139;Jacks Room
00:14:BF:17:02:AB;linksys-coolerthanyou";-42;1171921139;Jacks Room
00:16:B6:25:DC:CD;5626";-77;1171921139;Jacks Room
00:0F:66:BA:83:18;linksys";-74;1171921139;Jacks Room
00:14:6C:03:01:04;KPK";-83;1171921139;Jacks Room
00:18:4D:7C:F0:5C;uwyozhu";-82;1171921139;Jacks Room
00:0F:B3:42:41:45;PRD";-49;1171921140;Jacks Room
00:14:BF:13:36:CB;Brooklyn";-83;1171921140;Jacks Room
00:13:10:9D:9D:4E;linksys";-76;1171921140;Jacks Room
00:14:BF:17:02:AB;linksys-coolerthanyou";-42;1171921140;Jacks Room
00:16:B6:25:DC:CD;5626";-77;1171921140;Jacks Room
00:0F:66:BA:83:18;linksys";-68;1171921140;Jacks Room
00:14:6C:03:01:04;KPK";-83;1171921140;Jacks Room
00:18:4D:7C:F0:5C;uwyozhu";-82;1171921140;Jacks Room
00:0F:B3:42:41:45;PRD";-49;1171921141
00:14:BF:13:36:CB;Brooklyn";-82;1171921141
00:13:10:9D:9D:4E;linksys";-79;1171921141
00:14:BF:17:02:AB;linksys-coolerthanyou";-42;1171921141
00:16:B6:25:DC:CD;5626";-75;1171921141
00:0F:66:BA:83:18;linksys";-68;1171921141
00:14:6C:03:01:04;KPK";-83;1171921141
00:15:05:1B:15:4B;<hidden>";-81;1171921141
00:18:4D:7C:F0:5C;uwyozhu";-82;1171921141
00:0F:B3:42:41:45;PRD";-49;1171921142
00:14:BF:13:36:CB;Brooklyn";-82;1171921142
00:13:10:9D:9D:4E;linksys";-79;1171921142
00:14:BF:17:02:AB;linksys-coolerthanyou";-42;1171921142
00:16:B6:25:DC:CD;5626";-75;1171921142
00:0F:66:BA:83:18;linksys";-67;1171921142
00:14:6C:03:01:04;KPK";-71;1171921142
00:15:05:1B:15:4B;<hidden>";-81;1171921142
00:18:4D:7C:F0:5C;uwyozhu";-82;1171921142
00:0F:B3:42:41:45;PRD";-49;1171921144
00:14:BF:13:36:CB;Brooklyn";-82;1171921144
00:13:10:9D:9D:4E;linksys";-82;1171921144
00:14:BF:17:02:AB;linksys-coolerthanyou";-42;1171921144
00:16:B6:25:DC:CD;5626";-80;1171921144
00:0F:66:BA:83:18;linksys";-67;1171921144
00:14:6C:03:01:04;KPK";-71;1171921144
00:15:05:1B:15:4B;<hidden>";-81;1171921144
00:09:5B:72:6F:46;wawa88";-79;1171921144
00:18:4D:7C:F0:5C;uwyozhu";-82;1171921144
00:0F:B3:42:41:45;PRD";-48;1171921145
00:14:BF:13:36:CB;Brooklyn";-82;1171921145
00:13:10:9D:9D:4E;linksys";-82;1171921145
00:14:BF:17:02:AB;linksys-coolerthanyou";-43;1171921145
00:16:B6:25:DC:CD;5626";-80;1171921145
00:0F:66:BA:83:18;linksys";-67;1171921145
00:14:6C:03:01:04;KPK";-71;1171921145
00:15:05:1B:15:4B;<hidden>";-81;1171921145
00:09:5B:72:6F:46;wawa88";-79;1171921145
00:18:4D:7C:F0:5C;uwyozhu";-82;1171921145
00:0F:B3:42:41:45;PRD";-49;1171921146
00:14:BF:13:36:CB;Brooklyn";-82;1171921146
00:13:10:9D:9D:4E;linksys";-80;1171921146
00:14:BF:17:02:AB;linksys-coolerthanyou";-43;1171921146
00:16:B6:25:DC:CD;5626";-80;1171921146
00:0F:66:BA:83:18;linksys";-67;1171921146
00:14:6C:03:01:04;KPK";-75;1171921146
00:15:05:1B:15:4B;<hidden>";-81;1171921146
00:09:5B:72:6F:46;wawa88";-79;1171921146
00:0F:B3:42:41:45;PRD";-50;1171921147
00:14:BF:13:36:CB;Brooklyn";-80;1171921147
00:13:10:9D:9D:4E;linksys";-80;1171921147
00:14:BF:17:02:AB;linksys-coolerthanyou";-43;1171921147
00:16:B6:25:DC:CD;5626";-80;1171921147
00:0F:66:BA:83:18;linksys";-67;1171921147
00:14:6C:03:01:04;KPK";-75;1171921147
00:15:05:1B:15:4B;<hidden>";-81;1171921147
00:09:5B:72:6F:46;wawa88";-79;1171921147
