00:0F:B3:42:41:45;PRD";-70;1171927542
00:13:10:9D:9D:4E;linksys";-83;1171927542
00:14:BF:17:02:AB;linksys-coolerthanyou";-39;1171927542
00:16:B6:25:DC:CD;5626";-72;1171927542
00:0F:B3:42:41:45;PRD";-71;1171927543
00:13:10:9D:9D:4E;linksys";-83;1171927543
00:14:BF:17:02:AB;linksys-coolerthanyou";-33;1171927543
00:16:B6:25:DC:CD;5626";-71;1171927543
00:0F:B3:42:41:45;PRD";-71;1171927544
00:13:10:9D:9D:4E;linksys";-82;1171927544
00:14:BF:17:02:AB;linksys-coolerthanyou";-31;1171927544
00:16:B6:25:DC:CD;5626";-70;1171927544
00:0F:B3:42:41:45;PRD";-72;1171927545
00:13:10:9D:9D:4E;linksys";-82;1171927545
00:14:BF:17:02:AB;linksys-coolerthanyou";-32;1171927545
00:16:B6:25:DC:CD;5626";-71;1171927545
00:0F:B3:42:41:45;PRD";-71;1171927547
00:13:10:9D:9D:4E;linksys";-82;1171927547
00:14:BF:17:02:AB;linksys-coolerthanyou";-31;1171927547
00:16:B6:25:DC:CD;5626";-76;1171927547
00:0F:B3:42:41:45;PRD";-65;1171927548
00:13:10:9D:9D:4E;linksys";-82;1171927548
00:14:BF:17:02:AB;linksys-coolerthanyou";-41;1171927548
00:16:B6:25:DC:CD;5626";-71;1171927548
00:0F:B3:42:41:45;PRD";-65;1171927549
00:13:10:9D:9D:4E;linksys";-82;1171927549
00:14:BF:17:02:AB;linksys-coolerthanyou";-41;1171927549
00:16:B6:25:DC:CD;5626";-71;1171927549
00:0F:B3:42:41:45;PRD";-64;1171927551
00:13:10:9D:9D:4E;linksys";-82;1171927551
00:14:BF:17:02:AB;linksys-coolerthanyou";-31;1171927551
00:16:B6:25:DC:CD;5626";-71;1171927551
00:0F:B3:42:41:45;PRD";-64;1171927552
00:13:10:9D:9D:4E;linksys";-82;1171927552
00:14:BF:17:02:AB;linksys-coolerthanyou";-31;1171927552
00:16:B6:25:DC:CD;5626";-71;1171927552
00:0F:B3:42:41:45;PRD";-64;1171927553
00:13:10:9D:9D:4E;linksys";-82;1171927553
00:14:BF:17:02:AB;linksys-coolerthanyou";-30;1171927553
00:16:B6:25:DC:CD;5626";-71;1171927553
00:0F:B3:42:41:45;PRD";-64;1171927554
00:13:10:9D:9D:4E;linksys";-82;1171927554
00:14:BF:17:02:AB;linksys-coolerthanyou";-32;1171927554
00:16:B6:25:DC:CD;5626";-71;1171927554
00:14:6C:03:01:04;KPK";-77;1171927554
00:0F:B3:42:41:45;PRD";-64;1171927556
00:13:10:9D:9D:4E;linksys";-82;1171927556
00:14:BF:17:02:AB;linksys-coolerthanyou";-31;1171927556
00:16:B6:25:DC:CD;5626";-71;1171927556
00:14:6C:03:01:04;KPK";-77;1171927556
00:0F:B3:42:41:45;PRD";-64;1171927557
00:13:10:9D:9D:4E;linksys";-82;1171927557
00:14:BF:17:02:AB;linksys-coolerthanyou";-31;1171927557
00:16:B6:25:DC:CD;5626";-70;1171927557
00:14:6C:03:01:04;KPK";-77;1171927557
00:0F:B3:42:41:45;PRD";-62;1171927558
00:13:10:9D:9D:4E;linksys";-82;1171927558
00:14:BF:17:02:AB;linksys-coolerthanyou";-40;1171927558
00:16:B6:25:DC:CD;5626";-71;1171927558
00:14:6C:03:01:04;KPK";-77;1171927558
00:0F:B3:42:41:45;PRD";-62;1171927559
00:14:BF:17:02:AB;linksys-coolerthanyou";-31;1171927559
00:16:B6:25:DC:CD;5626";-78;1171927559
00:14:6C:03:01:04;KPK";-78;1171927559
00:0F:B3:42:41:45;PRD";-65;1171927561
00:14:BF:17:02:AB;linksys-coolerthanyou";-31;1171927561
00:16:B6:25:DC:CD;5626";-73;1171927561
00:14:6C:03:01:04;KPK";-78;1171927561
00:0F:B3:42:41:45;PRD";-63;1171927562
00:14:BF:17:02:AB;linksys-coolerthanyou";-31;1171927562
00:16:B6:25:DC:CD;5626";-71;1171927562
00:14:6C:03:01:04;KPK";-78;1171927562
00:0F:B3:42:41:45;PRD";-64;1171927563
00:14:BF:17:02:AB;linksys-coolerthanyou";-31;1171927563
00:16:B6:25:DC:CD;5626";-71;1171927563
00:14:6C:03:01:04;KPK";-78;1171927563
00:0F:B3:42:41:45;PRD";-64;1171927564
00:14:BF:17:02:AB;linksys-coolerthanyou";-32;1171927564
00:16:B6:25:DC:CD;5626";-73;1171927564
00:14:6C:03:01:04;KPK";-78;1171927564
00:0F:B3:42:41:45;PRD";-64;1171927566
00:14:BF:17:02:AB;linksys-coolerthanyou";-32;1171927566
00:16:B6:25:DC:CD;5626";-73;1171927566
00:14:6C:03:01:04;KPK";-78;1171927566
00:0F:B3:42:41:45;PRD";-64;1171927567
00:14:BF:17:02:AB;linksys-coolerthanyou";-33;1171927567
00:16:B6:25:DC:CD;5626";-77;1171927567
00:14:6C:03:01:04;KPK";-78;1171927567
00:0F:B3:42:41:45;PRD";-64;1171927568
00:14:BF:17:02:AB;linksys-coolerthanyou";-32;1171927568
00:16:B6:25:DC:CD;5626";-72;1171927568
00:14:6C:03:01:04;KPK";-78;1171927568
00:0F:B3:42:41:45;PRD";-64;1171927569
00:14:BF:17:02:AB;linksys-coolerthanyou";-31;1171927569
00:16:B6:25:DC:CD;5626";-72;1171927569
00:14:6C:03:01:04;KPK";-76;1171927569
00:0F:B3:42:41:45;PRD";-64;1171927571
00:14:BF:17:02:AB;linksys-coolerthanyou";-31;1171927571
00:16:B6:25:DC:CD;5626";-72;1171927571
00:14:6C:03:01:04;KPK";-76;1171927571
00:0F:B3:42:41:45;PRD";-64;1171927572
00:14:BF:17:02:AB;linksys-coolerthanyou";-32;1171927572
00:16:B6:25:DC:CD;5626";-70;1171927572
00:14:6C:03:01:04;KPK";-76;1171927572
00:0F:B3:42:41:45;PRD";-65;1171927573
00:14:BF:17:02:AB;linksys-coolerthanyou";-31;1171927573
00:16:B6:25:DC:CD;5626";-71;1171927573
00:14:6C:03:01:04;KPK";-76;1171927573
00:0F:B3:42:41:45;PRD";-61;1171927574
00:14:BF:17:02:AB;linksys-coolerthanyou";-30;1171927574
00:16:B6:25:DC:CD;5626";-72;1171927574
00:14:6C:03:01:04;KPK";-76;1171927574
00:0F:B3:42:41:45;PRD";-65;1171927576
00:14:BF:17:02:AB;linksys-coolerthanyou";-31;1171927576
00:16:B6:25:DC:CD;5626";-73;1171927576
00:14:6C:03:01:04;KPK";-76;1171927576
00:0F:B3:42:41:45;PRD";-64;1171927577
00:14:BF:17:02:AB;linksys-coolerthanyou";-32;1171927577
00:16:B6:25:DC:CD;5626";-70;1171927577
00:14:6C:03:01:04;KPK";-76;1171927577
00:0F:B3:42:41:45;PRD";-65;1171927578
00:14:BF:17:02:AB;linksys-coolerthanyou";-31;1171927578
00:16:B6:25:DC:CD;5626";-72;1171927578
00:14:6C:03:01:04;KPK";-76;1171927578
00:0F:B3:42:41:45;PRD";-64;1171927579
00:14:BF:17:02:AB;linksys-coolerthanyou";-32;1171927579
00:16:B6:25:DC:CD;5626";-72;1171927579
00:14:6C:03:01:04;KPK";-76;1171927579
00:0F:B3:42:41:45;PRD";-64;1171927581
00:14:BF:17:02:AB;linksys-coolerthanyou";-37;1171927581
00:16:B6:25:DC:CD;5626";-71;1171927581
00:14:6C:03:01:04;KPK";-76;1171927581
00:0F:B3:42:41:45;PRD";-64;1171927582
00:14:BF:17:02:AB;linksys-coolerthanyou";-31;1171927582
00:16:B6:25:DC:CD;5626";-72;1171927582
00:14:6C:03:01:04;KPK";-78;1171927582
00:0F:B3:42:41:45;PRD";-65;1171927583
00:14:BF:17:02:AB;linksys-coolerthanyou";-31;1171927583
00:16:B6:25:DC:CD;5626";-72;1171927583
00:14:6C:03:01:04;KPK";-78;1171927583
00:0F:B3:42:41:45;PRD";-63;1171927584
00:14:BF:17:02:AB;linksys-coolerthanyou";-34;1171927584
00:16:B6:25:DC:CD;5626";-73;1171927584
00:14:6C:03:01:04;KPK";-78;1171927584
00:0F:B3:42:41:45;PRD";-63;1171927586
00:14:BF:17:02:AB;linksys-coolerthanyou";-33;1171927586
00:16:B6:25:DC:CD;5626";-73;1171927586
00:14:6C:03:01:04;KPK";-78;1171927586
00:0F:B3:42:41:45;PRD";-62;1171927587
00:14:BF:17:02:AB;linksys-coolerthanyou";-33;1171927587
00:16:B6:25:DC:CD;5626";-74;1171927587
00:14:6C:03:01:04;KPK";-76;1171927587
00:0F:B3:42:41:45;PRD";-63;1171927588
00:14:BF:17:02:AB;linksys-coolerthanyou";-33;1171927588
00:16:B6:25:DC:CD;5626";-72;1171927588
00:14:6C:03:01:04;KPK";-76;1171927588
00:0F:B3:42:41:45;PRD";-63;1171927589
00:14:BF:17:02:AB;linksys-coolerthanyou";-33;1171927589
00:16:B6:25:DC:CD;5626";-72;1171927589
00:14:6C:03:01:04;KPK";-79;1171927589
00:0F:B3:42:41:45;PRD";-63;1171927591
00:14:BF:17:02:AB;linksys-coolerthanyou";-31;1171927591
00:16:B6:25:DC:CD;5626";-70;1171927591
00:14:6C:03:01:04;KPK";-79;1171927591
00:0F:B3:42:41:45;PRD";-64;1171927592
00:14:BF:17:02:AB;linksys-coolerthanyou";-35;1171927592
00:16:B6:25:DC:CD;5626";-70;1171927592
00:14:6C:03:01:04;KPK";-70;1171927592
00:0F:B3:42:41:45;PRD";-63;1171927593
00:14:BF:17:02:AB;linksys-coolerthanyou";-39;1171927593
00:16:B6:25:DC:CD;5626";-70;1171927593
00:14:6C:03:01:04;KPK";-70;1171927593
00:0F:B3:42:41:45;PRD";-63;1171927594
00:14:BF:17:02:AB;linksys-coolerthanyou";-32;1171927594
00:16:B6:25:DC:CD;5626";-71;1171927594
00:14:6C:03:01:04;KPK";-70;1171927594
00:0F:B3:42:41:45;PRD";-63;1171927596
00:14:BF:17:02:AB;linksys-coolerthanyou";-32;1171927596
00:16:B6:25:DC:CD;5626";-71;1171927596
00:14:6C:03:01:04;KPK";-70;1171927596
00:0F:B3:42:41:45;PRD";-64;1171927597
00:14:BF:17:02:AB;linksys-coolerthanyou";-32;1171927597
00:16:B6:25:DC:CD;5626";-70;1171927597
00:14:6C:03:01:04;KPK";-70;1171927597
00:0F:B3:42:41:45;PRD";-62;1171927598
00:14:BF:17:02:AB;linksys-coolerthanyou";-32;1171927598
00:16:B6:25:DC:CD;5626";-72;1171927598
00:14:6C:03:01:04;KPK";-76;1171927598
00:0F:B3:42:41:45;PRD";-62;1171927599
00:14:BF:17:02:AB;linksys-coolerthanyou";-32;1171927599
00:16:B6:25:DC:CD;5626";-71;1171927599
00:14:6C:03:01:04;KPK";-76;1171927599
00:0F:B3:42:41:45;PRD";-63;1171927601
00:14:BF:17:02:AB;linksys-coolerthanyou";-32;1171927601
00:16:B6:25:DC:CD;5626";-74;1171927601
00:14:6C:03:01:04;KPK";-76;1171927601
00:0F:B3:42:41:45;PRD";-63;1171927602
00:14:BF:17:02:AB;linksys-coolerthanyou";-32;1171927602
00:16:B6:25:DC:CD;5626";-70;1171927602
00:14:6C:03:01:04;KPK";-80;1171927602
00:0F:B3:42:41:45;PRD";-66;1171927603
00:14:BF:17:02:AB;linksys-coolerthanyou";-31;1171927603
00:16:B6:25:DC:CD;5626";-71;1171927603
00:14:6C:03:01:04;KPK";-80;1171927603
00:0F:B3:42:41:45;PRD";-66;1171927604
00:14:BF:17:02:AB;linksys-coolerthanyou";-37;1171927604
00:16:B6:25:DC:CD;5626";-70;1171927604
00:14:6C:03:01:04;KPK";-80;1171927604
00:0F:B3:42:41:45;PRD";-66;1171927606
00:14:BF:17:02:AB;linksys-coolerthanyou";-37;1171927606
00:16:B6:25:DC:CD;5626";-69;1171927606
00:14:6C:03:01:04;KPK";-80;1171927606
00:0F:B3:42:41:45;PRD";-68;1171927607
00:14:BF:17:02:AB;linksys-coolerthanyou";-32;1171927607
00:16:B6:25:DC:CD;5626";-71;1171927607
00:14:6C:03:01:04;KPK";-78;1171927607
00:0F:B3:42:41:45;PRD";-64;1171927608
00:14:BF:17:02:AB;linksys-coolerthanyou";-41;1171927608
00:16:B6:25:DC:CD;5626";-71;1171927608
00:14:6C:03:01:04;KPK";-75;1171927608
00:0F:B3:42:41:45;PRD";-65;1171927609
00:14:BF:17:02:AB;linksys-coolerthanyou";-32;1171927609
00:16:B6:25:DC:CD;5626";-71;1171927609
00:14:6C:03:01:04;KPK";-75;1171927609
00:0F:B3:42:41:45;PRD";-64;1171927611
00:14:BF:17:02:AB;linksys-coolerthanyou";-31;1171927611
00:16:B6:25:DC:CD;5626";-72;1171927611
00:14:6C:03:01:04;KPK";-75;1171927611
00:0F:B3:42:41:45;PRD";-64;1171927612
00:14:BF:17:02:AB;linksys-coolerthanyou";-32;1171927612
00:16:B6:25:DC:CD;5626";-72;1171927612
00:14:6C:03:01:04;KPK";-75;1171927612
00:0F:B3:42:41:45;PRD";-62;1171927613
00:14:BF:17:02:AB;linksys-coolerthanyou";-34;1171927613
00:16:B6:25:DC:CD;5626";-72;1171927613
00:14:6C:03:01:04;KPK";-68;1171927613
00:0F:B3:42:41:45;PRD";-62;1171927614
00:14:BF:13:36:CB;Brooklyn";-82;1171927614
00:14:BF:17:02:AB;linksys-coolerthanyou";-32;1171927614
00:16:B6:25:DC:CD;5626";-71;1171927614
00:14:6C:03:01:04;KPK";-68;1171927614
00:0F:B3:42:41:45;PRD";-62;1171927616
00:14:BF:13:36:CB;Brooklyn";-82;1171927616
00:14:BF:17:02:AB;linksys-coolerthanyou";-30;1171927616
00:16:B6:25:DC:CD;5626";-72;1171927616
00:14:6C:03:01:04;KPK";-68;1171927616
00:0F:B3:42:41:45;PRD";-63;1171927617
00:14:BF:13:36:CB;Brooklyn";-82;1171927617
00:14:BF:17:02:AB;linksys-coolerthanyou";-31;1171927617
00:16:B6:25:DC:CD;5626";-71;1171927617
00:14:6C:03:01:04;KPK";-68;1171927617
00:0F:B3:42:41:45;PRD";-62;1171927618
00:14:BF:13:36:CB;Brooklyn";-82;1171927618
00:14:BF:17:02:AB;linksys-coolerthanyou";-33;1171927618
00:16:B6:25:DC:CD;5626";-73;1171927618
00:14:6C:03:01:04;KPK";-77;1171927618
00:0F:B3:42:41:45;PRD";-61;1171927619
00:14:BF:13:36:CB;Brooklyn";-82;1171927619
00:14:BF:17:02:AB;linksys-coolerthanyou";-31;1171927619
00:16:B6:25:DC:CD;5626";-72;1171927619
00:14:6C:03:01:04;KPK";-77;1171927619
00:0F:B3:42:41:45;PRD";-61;1171927621
00:14:BF:13:36:CB;Brooklyn";-82;1171927621
00:14:BF:17:02:AB;linksys-coolerthanyou";-31;1171927621
00:16:B6:25:DC:CD;5626";-71;1171927621
00:14:6C:03:01:04;KPK";-76;1171927621
00:0F:B3:42:41:45;PRD";-61;1171927622
00:14:BF:13:36:CB;Brooklyn";-82;1171927622
00:14:BF:17:02:AB;linksys-coolerthanyou";-31;1171927622
00:16:B6:25:DC:CD;5626";-73;1171927622
00:14:6C:03:01:04;KPK";-76;1171927622
00:0F:B3:42:41:45;PRD";-62;1171927623
00:14:BF:13:36:CB;Brooklyn";-82;1171927623
00:14:BF:17:02:AB;linksys-coolerthanyou";-31;1171927623
00:16:B6:25:DC:CD;5626";-66;1171927623
00:14:6C:03:01:04;KPK";-78;1171927623
00:0F:B3:42:41:45;PRD";-63;1171927624
00:14:BF:13:36:CB;Brooklyn";-82;1171927624
00:13:10:9D:9D:4E;linksys";-83;1171927624
00:14:BF:17:02:AB;linksys-coolerthanyou";-31;1171927624
00:16:B6:25:DC:CD;5626";-71;1171927624
00:14:6C:03:01:04;KPK";-78;1171927624
00:0F:B3:42:41:45;PRD";-62;1171927626
00:14:BF:13:36:CB;Brooklyn";-82;1171927626
00:13:10:9D:9D:4E;linksys";-83;1171927626
00:14:BF:17:02:AB;linksys-coolerthanyou";-31;1171927626
00:16:B6:25:DC:CD;5626";-74;1171927626
00:14:6C:03:01:04;KPK";-78;1171927626
00:0F:B3:42:41:45;PRD";-62;1171927627
00:14:BF:13:36:CB;Brooklyn";-82;1171927627
00:13:10:9D:9D:4E;linksys";-83;1171927627
00:14:BF:17:02:AB;linksys-coolerthanyou";-31;1171927627
00:16:B6:25:DC:CD;5626";-70;1171927627
00:14:6C:03:01:04;KPK";-77;1171927627
00:0F:B3:42:41:45;PRD";-63;1171927628
00:14:BF:13:36:CB;Brooklyn";-82;1171927628
00:13:10:9D:9D:4E;linksys";-83;1171927628
00:14:BF:17:02:AB;linksys-coolerthanyou";-31;1171927628
00:16:B6:25:DC:CD;5626";-72;1171927628
00:0F:66:BA:83:18;linksys";-71;1171927628
00:14:6C:03:01:04;KPK";-77;1171927628
00:0F:B3:42:41:45;PRD";-64;1171927629
00:13:10:9D:9D:4E;linksys";-82;1171927629
00:14:BF:17:02:AB;linksys-coolerthanyou";-31;1171927629
00:16:B6:25:DC:CD;5626";-72;1171927629
00:0F:66:BA:83:18;linksys";-71;1171927629
00:14:6C:03:01:04;KPK";-77;1171927629
00:0F:B3:42:41:45;PRD";-64;1171927631
00:13:10:9D:9D:4E;linksys";-82;1171927631
00:14:BF:17:02:AB;linksys-coolerthanyou";-30;1171927631
00:16:B6:25:DC:CD;5626";-73;1171927631
00:0F:66:BA:83:18;linksys";-71;1171927631
00:14:6C:03:01:04;KPK";-77;1171927631
00:0F:B3:42:41:45;PRD";-61;1171927632
00:13:10:9D:9D:4E;linksys";-81;1171927632
00:14:BF:17:02:AB;linksys-coolerthanyou";-32;1171927632
00:16:B6:25:DC:CD;5626";-75;1171927632
00:0F:66:BA:83:18;linksys";-71;1171927632
00:14:6C:03:01:04;KPK";-77;1171927632
00:0F:B3:42:41:45;PRD";-60;1171927633
00:13:10:9D:9D:4E;linksys";-81;1171927633
00:14:BF:17:02:AB;linksys-coolerthanyou";-30;1171927633
00:16:B6:25:DC:CD;5626";-75;1171927633
00:0F:66:BA:83:18;linksys";-71;1171927633
00:14:6C:03:01:04;KPK";-77;1171927633
00:0F:B3:42:41:45;PRD";-70;1171927634
00:13:10:9D:9D:4E;linksys";-81;1171927634
00:14:BF:17:02:AB;linksys-coolerthanyou";-36;1171927634
00:16:B6:25:DC:CD;5626";-75;1171927634
00:0F:66:BA:83:18;linksys";-71;1171927634
00:14:6C:03:01:04;KPK";-77;1171927634
00:0F:B3:42:41:45;PRD";-62;1171927636
00:13:10:9D:9D:4E;linksys";-81;1171927636
00:14:BF:17:02:AB;linksys-coolerthanyou";-31;1171927636
00:16:B6:25:DC:CD;5626";-69;1171927636
00:0F:66:BA:83:18;linksys";-71;1171927636
00:14:6C:03:01:04;KPK";-77;1171927636
00:0F:B3:42:41:45;PRD";-61;1171927637
00:13:10:9D:9D:4E;linksys";-81;1171927637
00:14:BF:17:02:AB;linksys-coolerthanyou";-29;1171927637
00:16:B6:25:DC:CD;5626";-70;1171927637
00:0F:66:BA:83:18;linksys";-71;1171927637
00:14:6C:03:01:04;KPK";-72;1171927637
00:0F:B3:42:41:45;PRD";-64;1171927638
00:13:10:9D:9D:4E;linksys";-81;1171927638
00:14:BF:17:02:AB;linksys-coolerthanyou";-33;1171927638
00:16:B6:25:DC:CD;5626";-73;1171927638
00:0F:66:BA:83:18;linksys";-71;1171927638
00:14:6C:03:01:04;KPK";-72;1171927638
00:0F:B3:42:41:45;PRD";-64;1171927639
00:13:10:9D:9D:4E;linksys";-82;1171927639
00:14:BF:17:02:AB;linksys-coolerthanyou";-33;1171927639
00:16:B6:25:DC:CD;5626";-66;1171927639
00:0F:66:BA:83:18;linksys";-71;1171927639
00:14:6C:03:01:04;KPK";-72;1171927639
00:0F:B3:42:41:45;PRD";-64;1171927641
00:13:10:9D:9D:4E;linksys";-82;1171927641
00:14:BF:17:02:AB;linksys-coolerthanyou";-33;1171927641
00:16:B6:25:DC:CD;5626";-73;1171927641
00:0F:66:BA:83:18;linksys";-71;1171927641
00:14:6C:03:01:04;KPK";-78;1171927641
00:0F:B3:42:41:45;PRD";-65;1171927642
00:13:10:9D:9D:4E;linksys";-81;1171927642
00:14:BF:17:02:AB;linksys-coolerthanyou";-32;1171927642
00:16:B6:25:DC:CD;5626";-76;1171927642
00:0F:66:BA:83:18;linksys";-71;1171927642
00:14:6C:03:01:04;KPK";-78;1171927642
00:0F:B3:42:41:45;PRD";-63;1171927643
00:13:10:9D:9D:4E;linksys";-81;1171927643
00:14:BF:17:02:AB;linksys-coolerthanyou";-34;1171927643
00:16:B6:25:DC:CD;5626";-76;1171927643
00:14:6C:03:01:04;KPK";-78;1171927643
00:0F:B3:42:41:45;PRD";-65;1171927644
00:13:10:9D:9D:4E;linksys";-81;1171927644
00:14:BF:17:02:AB;linksys-coolerthanyou";-34;1171927644
00:16:B6:25:DC:CD;5626";-73;1171927644
00:14:6C:03:01:04;KPK";-78;1171927644
00:09:5B:72:6F:46;wawa88";-84;1171927644
00:0F:B3:42:41:45;PRD";-63;1171927646
00:13:10:9D:9D:4E;linksys";-81;1171927646
00:14:BF:17:02:AB;linksys-coolerthanyou";-34;1171927646
00:16:B6:25:DC:CD;5626";-73;1171927646
00:14:6C:03:01:04;KPK";-78;1171927646
00:09:5B:72:6F:46;wawa88";-84;1171927646
00:0F:B3:42:41:45;PRD";-63;1171927647
00:13:10:9D:9D:4E;linksys";-81;1171927647
00:14:BF:17:02:AB;linksys-coolerthanyou";-33;1171927647
00:16:B6:25:DC:CD;5626";-71;1171927647
00:14:6C:03:01:04;KPK";-78;1171927647
00:09:5B:72:6F:46;wawa88";-84;1171927647
00:0F:B3:42:41:45;PRD";-64;1171927648
00:13:10:9D:9D:4E;linksys";-81;1171927648
00:14:BF:17:02:AB;linksys-coolerthanyou";-31;1171927648
00:16:B6:25:DC:CD;5626";-71;1171927648
00:14:6C:03:01:04;KPK";-75;1171927648
00:09:5B:72:6F:46;wawa88";-84;1171927648
00:0F:B3:42:41:45;PRD";-61;1171927650
00:13:10:9D:9D:4E;linksys";-81;1171927650
00:14:BF:17:02:AB;linksys-coolerthanyou";-30;1171927650
00:16:B6:25:DC:CD;5626";-72;1171927650
00:14:6C:03:01:04;KPK";-79;1171927650
00:09:5B:72:6F:46;wawa88";-84;1171927650
00:0F:B3:42:41:45;PRD";-62;1171927651
00:13:10:9D:9D:4E;linksys";-81;1171927651
00:14:BF:17:02:AB;linksys-coolerthanyou";-31;1171927651
00:16:B6:25:DC:CD;5626";-72;1171927651
00:14:6C:03:01:04;KPK";-74;1171927651
00:09:5B:72:6F:46;wawa88";-84;1171927651
00:0F:B3:42:41:45;PRD";-60;1171927652
00:13:10:9D:9D:4E;linksys";-81;1171927652
00:14:BF:17:02:AB;linksys-coolerthanyou";-31;1171927652
00:16:B6:25:DC:CD;5626";-73;1171927652
00:14:6C:03:01:04;KPK";-74;1171927652
00:09:5B:72:6F:46;wawa88";-84;1171927652
00:0F:B3:42:41:45;PRD";-64;1171927653
00:13:10:9D:9D:4E;linksys";-81;1171927653
00:14:BF:17:02:AB;linksys-coolerthanyou";-33;1171927653
00:16:B6:25:DC:CD;5626";-70;1171927653
00:14:6C:03:01:04;KPK";-75;1171927653
00:09:5B:72:6F:46;wawa88";-84;1171927653
00:0F:B3:42:41:45;PRD";-64;1171927655
00:13:10:9D:9D:4E;linksys";-81;1171927655
00:14:BF:17:02:AB;linksys-coolerthanyou";-34;1171927655
00:16:B6:25:DC:CD;5626";-72;1171927655
00:14:6C:03:01:04;KPK";-75;1171927655
00:09:5B:72:6F:46;wawa88";-84;1171927655
00:0F:B3:42:41:45;PRD";-64;1171927656
00:13:10:9D:9D:4E;linksys";-81;1171927656
00:14:BF:17:02:AB;linksys-coolerthanyou";-33;1171927656
00:16:B6:25:DC:CD;5626";-71;1171927656
00:14:6C:03:01:04;KPK";-75;1171927656
00:09:5B:72:6F:46;wawa88";-84;1171927656
00:0F:B3:42:41:45;PRD";-61;1171927657
00:14:BF:17:02:AB;linksys-coolerthanyou";-33;1171927657
00:16:B6:25:DC:CD;5626";-72;1171927657
00:14:6C:03:01:04;KPK";-75;1171927657
00:09:5B:72:6F:46;wawa88";-84;1171927657
00:0F:B3:42:41:45;PRD";-61;1171927658
00:14:BF:17:02:AB;linksys-coolerthanyou";-32;1171927658
00:16:B6:25:DC:CD;5626";-71;1171927658
00:14:6C:03:01:04;KPK";-75;1171927658
00:09:5B:72:6F:46;wawa88";-84;1171927658
00:0F:B3:42:41:45;PRD";-61;1171927660
00:14:BF:17:02:AB;linksys-coolerthanyou";-32;1171927660
00:16:B6:25:DC:CD;5626";-71;1171927660
00:14:6C:03:01:04;KPK";-78;1171927660
00:09:5B:72:6F:46;wawa88";-84;1171927660
00:0F:B3:42:41:45;PRD";-63;1171927661
00:14:BF:17:02:AB;linksys-coolerthanyou";-31;1171927661
00:16:B6:25:DC:CD;5626";-71;1171927661
00:0F:66:BA:83:18;linksys";-71;1171927661
00:14:6C:03:01:04;KPK";-78;1171927661
00:09:5B:72:6F:46;wawa88";-84;1171927661
00:0F:B3:42:41:45;PRD";-63;1171927662
00:13:10:9D:9D:4E;linksys";-83;1171927662
00:14:BF:17:02:AB;linksys-coolerthanyou";-31;1171927662
00:16:B6:25:DC:CD;5626";-76;1171927662
00:0F:66:BA:83:18;linksys";-71;1171927662
00:14:6C:03:01:04;KPK";-78;1171927662
00:09:5B:72:6F:46;wawa88";-84;1171927662
00:0F:B3:42:41:45;PRD";-63;1171927663
00:13:10:9D:9D:4E;linksys";-83;1171927663
00:14:BF:17:02:AB;linksys-coolerthanyou";-31;1171927663
00:16:B6:25:DC:CD;5626";-71;1171927663
00:0F:66:BA:83:18;linksys";-71;1171927663
00:14:6C:03:01:04;KPK";-72;1171927663
00:09:5B:72:6F:46;wawa88";-84;1171927663
00:0F:B3:42:41:45;PRD";-63;1171927665
00:13:10:9D:9D:4E;linksys";-80;1171927665
00:14:BF:17:02:AB;linksys-coolerthanyou";-31;1171927665
00:16:B6:25:DC:CD;5626";-71;1171927665
00:0F:66:BA:83:18;linksys";-71;1171927665
00:14:6C:03:01:04;KPK";-78;1171927665
00:09:5B:72:6F:46;wawa88";-84;1171927665
00:0F:B3:42:41:45;PRD";-62;1171927666
00:13:10:9D:9D:4E;linksys";-80;1171927666
00:14:BF:17:02:AB;linksys-coolerthanyou";-31;1171927666
00:16:B6:25:DC:CD;5626";-71;1171927666
00:0F:66:BA:83:18;linksys";-71;1171927666
00:14:6C:03:01:04;KPK";-78;1171927666
00:09:5B:72:6F:46;wawa88";-84;1171927666
00:0F:B3:42:41:45;PRD";-64;1171927667
00:13:10:9D:9D:4E;linksys";-83;1171927667
00:14:BF:17:02:AB;linksys-coolerthanyou";-31;1171927667
00:16:B6:25:DC:CD;5626";-77;1171927667
00:0F:66:BA:83:18;linksys";-71;1171927667
00:14:6C:03:01:04;KPK";-78;1171927667
00:09:5B:72:6F:46;wawa88";-84;1171927667
00:0F:B3:42:41:45;PRD";-62;1171927668
00:13:10:9D:9D:4E;linksys";-83;1171927668
00:14:BF:17:02:AB;linksys-coolerthanyou";-36;1171927668
00:16:B6:25:DC:CD;5626";-71;1171927668
00:0F:66:BA:83:18;linksys";-71;1171927668
00:14:6C:03:01:04;KPK";-78;1171927668
00:09:5B:72:6F:46;wawa88";-84;1171927668
00:0F:B3:42:41:45;PRD";-63;1171927670
00:13:10:9D:9D:4E;linksys";-83;1171927670
00:14:BF:17:02:AB;linksys-coolerthanyou";-36;1171927670
00:16:B6:25:DC:CD;5626";-71;1171927670
00:0F:66:BA:83:18;linksys";-71;1171927670
00:14:6C:03:01:04;KPK";-78;1171927670
00:0F:B3:42:41:45;PRD";-63;1171927671
00:13:10:9D:9D:4E;linksys";-83;1171927671
00:14:BF:17:02:AB;linksys-coolerthanyou";-33;1171927671
00:16:B6:25:DC:CD;5626";-70;1171927671
00:0F:66:BA:83:18;linksys";-71;1171927671
00:14:6C:03:01:04;KPK";-78;1171927671
00:0F:B3:42:41:45;PRD";-62;1171927672
00:13:10:9D:9D:4E;linksys";-83;1171927672
00:14:BF:17:02:AB;linksys-coolerthanyou";-33;1171927672
00:16:B6:25:DC:CD;5626";-70;1171927672
00:0F:66:BA:83:18;linksys";-71;1171927672
00:14:6C:03:01:04;KPK";-78;1171927672
00:0F:B3:42:41:45;PRD";-62;1171927673
00:13:10:9D:9D:4E;linksys";-83;1171927673
00:14:BF:17:02:AB;linksys-coolerthanyou";-35;1171927673
00:16:B6:25:DC:CD;5626";-70;1171927673
00:0F:66:BA:83:18;linksys";-71;1171927673
00:14:6C:03:01:04;KPK";-76;1171927673
00:0F:B3:42:41:45;PRD";-62;1171927675
00:13:10:9D:9D:4E;linksys";-83;1171927675
00:14:BF:17:02:AB;linksys-coolerthanyou";-32;1171927675
00:16:B6:25:DC:CD;5626";-70;1171927675
00:0F:66:BA:83:18;linksys";-71;1171927675
00:14:6C:03:01:04;KPK";-76;1171927675
00:19:5B:43:D0:DC;OurHouse";-84;1171927675
00:0F:B3:42:41:45;PRD";-62;1171927676
00:13:10:9D:9D:4E;linksys";-83;1171927676
00:14:BF:17:02:AB;linksys-coolerthanyou";-38;1171927676
00:16:B6:25:DC:CD;5626";-72;1171927676
00:14:6C:03:01:04;KPK";-76;1171927676
00:19:5B:43:D0:DC;OurHouse";-84;1171927676
00:0F:B3:42:41:45;PRD";-62;1171927677
00:13:10:9D:9D:4E;linksys";-83;1171927677
00:14:BF:17:02:AB;linksys-coolerthanyou";-32;1171927677
00:16:B6:25:DC:CD;5626";-76;1171927677
00:14:6C:03:01:04;KPK";-76;1171927677
00:19:5B:43:D0:DC;OurHouse";-84;1171927677
00:0F:B3:42:41:45;PRD";-62;1171927678
00:13:10:9D:9D:4E;linksys";-83;1171927678
00:14:BF:17:02:AB;linksys-coolerthanyou";-31;1171927678
00:16:B6:25:DC:CD;5626";-71;1171927678
00:14:6C:03:01:04;KPK";-76;1171927678
00:19:5B:43:D0:DC;OurHouse";-84;1171927678
00:0F:B3:42:41:45;PRD";-62;1171927680
00:13:10:9D:9D:4E;linksys";-83;1171927680
00:14:BF:17:02:AB;linksys-coolerthanyou";-31;1171927680
00:16:B6:25:DC:CD;5626";-72;1171927680
00:14:6C:03:01:04;KPK";-76;1171927680
00:19:5B:43:D0:DC;OurHouse";-84;1171927680
00:0F:B3:42:41:45;PRD";-62;1171927681
00:13:10:9D:9D:4E;linksys";-83;1171927681
00:14:BF:17:02:AB;linksys-coolerthanyou";-31;1171927681
00:16:B6:25:DC:CD;5626";-65;1171927681
00:14:6C:03:01:04;KPK";-76;1171927681
00:19:5B:43:D0:DC;OurHouse";-84;1171927681
00:0F:B3:42:41:45;PRD";-63;1171927682
00:14:BF:17:02:AB;linksys-coolerthanyou";-31;1171927682
00:16:B6:25:DC:CD;5626";-65;1171927682
00:14:6C:03:01:04;KPK";-76;1171927682
00:19:5B:43:D0:DC;OurHouse";-84;1171927682
00:0F:B3:42:41:45;PRD";-62;1171927683
00:14:BF:17:02:AB;linksys-coolerthanyou";-32;1171927683
00:16:B6:25:DC:CD;5626";-71;1171927683
00:14:6C:03:01:04;KPK";-76;1171927683
00:19:5B:43:D0:DC;OurHouse";-84;1171927683
00:0F:B3:42:41:45;PRD";-64;1171927685
00:13:10:9D:9D:4E;linksys";-83;1171927685
00:14:BF:17:02:AB;linksys-coolerthanyou";-33;1171927685
00:16:B6:25:DC:CD;5626";-72;1171927685
00:14:6C:03:01:04;KPK";-76;1171927685
00:19:5B:43:D0:DC;OurHouse";-84;1171927685
00:0F:B3:42:41:45;PRD";-62;1171927686
00:13:10:9D:9D:4E;linksys";-83;1171927686
00:14:BF:17:02:AB;linksys-coolerthanyou";-33;1171927686
00:16:B6:25:DC:CD;5626";-71;1171927686
00:14:6C:03:01:04;KPK";-76;1171927686
00:19:5B:43:D0:DC;OurHouse";-84;1171927686
00:0F:B3:42:41:45;PRD";-64;1171927687
00:13:10:9D:9D:4E;linksys";-83;1171927687
00:14:BF:17:02:AB;linksys-coolerthanyou";-31;1171927687
00:16:B6:25:DC:CD;5626";-72;1171927687
00:14:6C:03:01:04;KPK";-76;1171927687
00:19:5B:43:D0:DC;OurHouse";-84;1171927687
00:0F:B3:42:41:45;PRD";-63;1171927688
00:13:10:9D:9D:4E;linksys";-83;1171927688
00:14:BF:17:02:AB;linksys-coolerthanyou";-32;1171927688
00:16:B6:25:DC:CD;5626";-70;1171927688
00:14:6C:03:01:04;KPK";-75;1171927688
00:19:5B:43:D0:DC;OurHouse";-84;1171927688
00:0F:B3:42:41:45;PRD";-64;1171927690
00:13:10:9D:9D:4E;linksys";-83;1171927690
00:14:BF:17:02:AB;linksys-coolerthanyou";-32;1171927690
00:16:B6:25:DC:CD;5626";-70;1171927690
00:14:6C:03:01:04;KPK";-75;1171927690
00:0F:B3:42:41:45;PRD";-64;1171927691
00:13:10:9D:9D:4E;linksys";-83;1171927691
00:14:BF:17:02:AB;linksys-coolerthanyou";-31;1171927691
00:16:B6:25:DC:CD;5626";-71;1171927691
00:14:6C:03:01:04;KPK";-75;1171927691
00:0F:B3:42:41:45;PRD";-61;1171927692
00:13:10:9D:9D:4E;linksys";-81;1171927692
00:14:BF:17:02:AB;linksys-coolerthanyou";-31;1171927692
00:16:B6:25:DC:CD;5626";-72;1171927692
00:14:6C:03:01:04;KPK";-75;1171927692
00:0F:B3:42:41:45;PRD";-64;1171927693
00:13:10:9D:9D:4E;linksys";-81;1171927693
00:14:BF:17:02:AB;linksys-coolerthanyou";-32;1171927693
00:16:B6:25:DC:CD;5626";-72;1171927693
00:14:6C:03:01:04;KPK";-75;1171927693
00:0F:B3:42:41:45;PRD";-64;1171927695
00:13:10:9D:9D:4E;linksys";-81;1171927695
00:14:BF:17:02:AB;linksys-coolerthanyou";-31;1171927695
00:16:B6:25:DC:CD;5626";-70;1171927695
00:14:6C:03:01:04;KPK";-75;1171927695
00:0F:B3:42:41:45;PRD";-64;1171927696
00:13:10:9D:9D:4E;linksys";-81;1171927696
00:14:BF:17:02:AB;linksys-coolerthanyou";-31;1171927696
00:16:B6:25:DC:CD;5626";-74;1171927696
00:0F:66:BA:83:18;linksys";-71;1171927696
00:14:6C:03:01:04;KPK";-78;1171927696
00:0F:B3:42:41:45;PRD";-64;1171927697
00:13:10:9D:9D:4E;linksys";-81;1171927697
00:14:BF:17:02:AB;linksys-coolerthanyou";-32;1171927697
00:16:B6:25:DC:CD;5626";-71;1171927697
00:0F:66:BA:83:18;linksys";-71;1171927697
00:14:6C:03:01:04;KPK";-78;1171927697
00:0F:B3:42:41:45;PRD";-64;1171927698
00:13:10:9D:9D:4E;linksys";-81;1171927698
00:14:BF:17:02:AB;linksys-coolerthanyou";-32;1171927698
00:16:B6:25:DC:CD;5626";-71;1171927698
00:0F:66:BA:83:18;linksys";-71;1171927698
00:14:6C:03:01:04;KPK";-78;1171927698
00:0F:B3:42:41:45;PRD";-63;1171927700
00:13:10:9D:9D:4E;linksys";-81;1171927700
00:14:BF:17:02:AB;linksys-coolerthanyou";-31;1171927700
00:16:B6:25:DC:CD;5626";-70;1171927700
00:0F:66:BA:83:18;linksys";-71;1171927700
00:14:6C:03:01:04;KPK";-78;1171927700
00:0F:B3:42:41:45;PRD";-64;1171927701
00:13:10:9D:9D:4E;linksys";-81;1171927701
00:14:BF:17:02:AB;linksys-coolerthanyou";-32;1171927701
00:16:B6:25:DC:CD;5626";-70;1171927701
00:0F:66:BA:83:18;linksys";-71;1171927701
00:14:6C:03:01:04;KPK";-78;1171927701
00:0F:B3:42:41:45;PRD";-63;1171927702
00:13:10:9D:9D:4E;linksys";-75;1171927702
00:14:BF:17:02:AB;linksys-coolerthanyou";-32;1171927702
00:16:B6:25:DC:CD;5626";-69;1171927702
00:0F:66:BA:83:18;linksys";-71;1171927702
00:14:6C:03:01:04;KPK";-76;1171927702
00:0F:B3:42:41:45;PRD";-63;1171927703
00:13:10:9D:9D:4E;linksys";-75;1171927703
00:14:BF:17:02:AB;linksys-coolerthanyou";-32;1171927703
00:16:B6:25:DC:CD;5626";-74;1171927703
00:0F:66:BA:83:18;linksys";-71;1171927703
00:14:6C:03:01:04;KPK";-76;1171927703
00:0F:B3:42:41:45;PRD";-63;1171927705
00:13:10:9D:9D:4E;linksys";-75;1171927705
00:14:BF:17:02:AB;linksys-coolerthanyou";-30;1171927705
00:16:B6:25:DC:CD;5626";-71;1171927705
00:0F:66:BA:83:18;linksys";-71;1171927705
00:14:6C:03:01:04;KPK";-77;1171927705
00:19:5B:43:D0:DC;OurHouse";-83;1171927705
00:0F:B3:42:41:45;PRD";-64;1171927706
00:13:10:9D:9D:4E;linksys";-75;1171927706
00:14:BF:17:02:AB;linksys-coolerthanyou";-31;1171927706
00:16:B6:25:DC:CD;5626";-71;1171927706
00:0F:66:BA:83:18;linksys";-71;1171927706
00:14:6C:03:01:04;KPK";-78;1171927706
00:19:5B:43:D0:DC;OurHouse";-83;1171927706
00:0F:B3:42:41:45;PRD";-64;1171927707
00:13:10:9D:9D:4E;linksys";-75;1171927707
00:14:BF:17:02:AB;linksys-coolerthanyou";-31;1171927707
00:16:B6:25:DC:CD;5626";-70;1171927707
00:0F:66:BA:83:18;linksys";-71;1171927707
00:14:6C:03:01:04;KPK";-78;1171927707
00:19:5B:43:D0:DC;OurHouse";-83;1171927707
00:0F:B3:42:41:45;PRD";-59;1171927708
00:13:10:9D:9D:4E;linksys";-75;1171927708
00:14:BF:17:02:AB;linksys-coolerthanyou";-31;1171927708
00:16:B6:25:DC:CD;5626";-71;1171927708
00:0F:66:BA:83:18;linksys";-71;1171927708
00:14:6C:03:01:04;KPK";-76;1171927708
00:19:5B:43:D0:DC;OurHouse";-83;1171927708
00:0F:B3:42:41:45;PRD";-62;1171927710
00:13:10:9D:9D:4E;linksys";-75;1171927710
00:14:BF:17:02:AB;linksys-coolerthanyou";-30;1171927710
00:16:B6:25:DC:CD;5626";-73;1171927710
00:0F:66:BA:83:18;linksys";-71;1171927710
00:14:6C:03:01:04;KPK";-76;1171927710
00:19:5B:43:D0:DC;OurHouse";-83;1171927710
00:0F:B3:42:41:45;PRD";-62;1171927711
00:13:10:9D:9D:4E;linksys";-75;1171927711
00:14:BF:17:02:AB;linksys-coolerthanyou";-31;1171927711
00:16:B6:25:DC:CD;5626";-71;1171927711
00:0F:66:BA:83:18;linksys";-71;1171927711
00:14:6C:03:01:04;KPK";-76;1171927711
00:19:5B:43:D0:DC;OurHouse";-83;1171927711
00:0F:B3:42:41:45;PRD";-64;1171927712
00:13:10:9D:9D:4E;linksys";-81;1171927712
00:14:BF:17:02:AB;linksys-coolerthanyou";-31;1171927712
00:16:B6:25:DC:CD;5626";-70;1171927712
00:0F:66:BA:83:18;linksys";-71;1171927712
00:14:6C:03:01:04;KPK";-76;1171927712
00:19:5B:43:D0:DC;OurHouse";-83;1171927712
00:0F:B3:42:41:45;PRD";-63;1171927713
00:13:10:9D:9D:4E;linksys";-81;1171927713
00:14:BF:17:02:AB;linksys-coolerthanyou";-31;1171927713
00:16:B6:25:DC:CD;5626";-71;1171927713
00:0F:66:BA:83:18;linksys";-71;1171927713
00:14:6C:03:01:04;KPK";-75;1171927713
00:19:5B:43:D0:DC;OurHouse";-83;1171927713
00:0F:B3:42:41:45;PRD";-64;1171927715
00:13:10:9D:9D:4E;linksys";-81;1171927715
00:14:BF:17:02:AB;linksys-coolerthanyou";-32;1171927715
00:16:B6:25:DC:CD;5626";-72;1171927715
00:0F:66:BA:83:18;linksys";-71;1171927715
00:14:6C:03:01:04;KPK";-75;1171927715
00:19:5B:43:D0:DC;OurHouse";-83;1171927715
00:0F:B3:42:41:45;PRD";-63;1171927716
00:13:10:9D:9D:4E;linksys";-81;1171927716
00:14:BF:17:02:AB;linksys-coolerthanyou";-32;1171927716
00:16:B6:25:DC:CD;5626";-72;1171927716
00:0F:66:BA:83:18;linksys";-71;1171927716
00:14:6C:03:01:04;KPK";-76;1171927716
00:19:5B:43:D0:DC;OurHouse";-83;1171927716
00:0F:B3:42:41:45;PRD";-63;1171927717
00:13:10:9D:9D:4E;linksys";-81;1171927717
00:14:BF:17:02:AB;linksys-coolerthanyou";-33;1171927717
00:16:B6:25:DC:CD;5626";-70;1171927717
00:0F:66:BA:83:18;linksys";-71;1171927717
00:14:6C:03:01:04;KPK";-76;1171927717
00:19:5B:43:D0:DC;OurHouse";-83;1171927717
00:0F:B3:42:41:45;PRD";-65;1171927718
00:13:10:9D:9D:4E;linksys";-81;1171927718
00:14:BF:17:02:AB;linksys-coolerthanyou";-32;1171927718
00:16:B6:25:DC:CD;5626";-73;1171927718
00:14:6C:03:01:04;KPK";-76;1171927718
00:19:5B:43:D0:DC;OurHouse";-83;1171927718
00:0F:B3:42:41:45;PRD";-63;1171927720
00:13:10:9D:9D:4E;linksys";-81;1171927720
00:14:BF:17:02:AB;linksys-coolerthanyou";-32;1171927720
00:16:B6:25:DC:CD;5626";-71;1171927720
00:14:6C:03:01:04;KPK";-76;1171927720
00:0F:B3:42:41:45;PRD";-64;1171927721
00:13:10:9D:9D:4E;linksys";-81;1171927721
00:14:BF:17:02:AB;linksys-coolerthanyou";-33;1171927721
00:16:B6:25:DC:CD;5626";-72;1171927721
00:14:6C:03:01:04;KPK";-76;1171927721
00:0F:B3:42:41:45;PRD";-64;1171927722
00:13:10:9D:9D:4E;linksys";-81;1171927722
00:14:BF:17:02:AB;linksys-coolerthanyou";-32;1171927722
00:16:B6:25:DC:CD;5626";-72;1171927722
00:14:6C:03:01:04;KPK";-76;1171927722
00:0F:B3:42:41:45;PRD";-62;1171927723
00:13:10:9D:9D:4E;linksys";-81;1171927723
00:14:BF:17:02:AB;linksys-coolerthanyou";-32;1171927723
00:16:B6:25:DC:CD;5626";-72;1171927723
00:14:6C:03:01:04;KPK";-76;1171927723
00:0F:B3:42:41:45;PRD";-62;1171927725
00:13:10:9D:9D:4E;linksys";-81;1171927725
00:14:BF:17:02:AB;linksys-coolerthanyou";-33;1171927725
00:16:B6:25:DC:CD;5626";-72;1171927725
00:14:6C:03:01:04;KPK";-76;1171927725
00:0F:B3:42:41:45;PRD";-62;1171927726
00:13:10:9D:9D:4E;linksys";-81;1171927726
00:14:BF:17:02:AB;linksys-coolerthanyou";-33;1171927726
00:16:B6:25:DC:CD;5626";-71;1171927726
00:14:6C:03:01:04;KPK";-76;1171927726
00:0F:B3:42:41:45;PRD";-63;1171927727
00:14:BF:17:02:AB;linksys-coolerthanyou";-32;1171927727
00:16:B6:25:DC:CD;5626";-71;1171927727
00:14:6C:03:01:04;KPK";-74;1171927727
00:0F:B3:42:41:45;PRD";-64;1171927729
00:14:BF:17:02:AB;linksys-coolerthanyou";-37;1171927729
00:16:B6:25:DC:CD;5626";-71;1171927729
00:14:6C:03:01:04;KPK";-76;1171927729
00:0F:B3:42:41:45;PRD";-63;1171927730
00:14:BF:17:02:AB;linksys-coolerthanyou";-33;1171927730
00:16:B6:25:DC:CD;5626";-71;1171927730
00:14:6C:03:01:04;KPK";-76;1171927730
