00:0F:B3:42:41:45;PRD";-70;1171926721
00:14:BF:17:02:AB;linksys-coolerthanyou";-51;1171926721
00:14:6C:03:01:04;KPK";-74;1171926721
00:0F:B3:42:41:45;PRD";-69;1171926723
00:14:BF:17:02:AB;linksys-coolerthanyou";-46;1171926723
00:14:6C:03:01:04;KPK";-68;1171926723
00:0F:B3:42:41:45;PRD";-69;1171926724
00:14:BF:17:02:AB;linksys-coolerthanyou";-43;1171926724
00:14:6C:03:01:04;KPK";-68;1171926724
00:0F:B3:42:41:45;PRD";-69;1171926725
00:14:BF:17:02:AB;linksys-coolerthanyou";-43;1171926725
00:14:6C:03:01:04;KPK";-68;1171926725
00:0F:B3:42:41:45;PRD";-69;1171926726
00:14:BF:17:02:AB;linksys-coolerthanyou";-46;1171926726
00:14:6C:03:01:04;KPK";-69;1171926726
00:0F:B3:42:41:45;PRD";-69;1171926728
00:14:BF:17:02:AB;linksys-coolerthanyou";-44;1171926728
00:14:6C:03:01:04;KPK";-69;1171926728
00:0F:B3:42:41:45;PRD";-70;1171926729
00:14:BF:17:02:AB;linksys-coolerthanyou";-48;1171926729
00:14:6C:03:01:04;KPK";-69;1171926729
00:0F:B3:42:41:45;PRD";-69;1171926730
00:14:BF:17:02:AB;linksys-coolerthanyou";-45;1171926730
00:14:6C:03:01:04;KPK";-69;1171926730
00:0F:B3:42:41:45;PRD";-69;1171926731
00:14:BF:17:02:AB;linksys-coolerthanyou";-44;1171926731
00:14:6C:03:01:04;KPK";-69;1171926731
00:0F:B3:42:41:45;PRD";-69;1171926733
00:14:BF:17:02:AB;linksys-coolerthanyou";-47;1171926733
00:14:6C:03:01:04;KPK";-74;1171926733
00:0F:B3:42:41:45;PRD";-73;1171926734
00:14:BF:17:02:AB;linksys-coolerthanyou";-47;1171926734
00:14:6C:03:01:04;KPK";-74;1171926734
00:0F:B3:42:41:45;PRD";-73;1171926735
00:14:BF:17:02:AB;linksys-coolerthanyou";-52;1171926735
00:14:6C:03:01:04;KPK";-74;1171926735
00:0F:B3:42:41:45;PRD";-73;1171926736
00:14:BF:17:02:AB;linksys-coolerthanyou";-63;1171926736
00:14:6C:03:01:04;KPK";-74;1171926736
00:0F:B3:42:41:45;PRD";-73;1171926738
00:14:BF:17:02:AB;linksys-coolerthanyou";-67;1171926738
00:0F:66:BA:83:18;linksys";-67;1171926738
00:14:6C:03:01:04;KPK";-74;1171926738
00:0F:B3:42:41:45;PRD";-73;1171926739
00:14:BF:17:02:AB;linksys-coolerthanyou";-66;1171926739
00:0F:66:BA:83:18;linksys";-67;1171926739
00:14:6C:03:01:04;KPK";-74;1171926739
00:0F:B3:42:41:45;PRD";-73;1171926740
00:14:BF:17:02:AB;linksys-coolerthanyou";-53;1171926740
00:0F:66:BA:83:18;linksys";-67;1171926740
00:14:6C:03:01:04;KPK";-74;1171926740
00:0F:B3:42:41:45;PRD";-73;1171926741
00:14:BF:17:02:AB;linksys-coolerthanyou";-50;1171926741
00:0F:66:BA:83:18;linksys";-67;1171926741
00:14:6C:03:01:04;KPK";-83;1171926741
00:0F:B3:42:41:45;PRD";-73;1171926743
00:14:BF:17:02:AB;linksys-coolerthanyou";-51;1171926743
00:0F:66:BA:83:18;linksys";-67;1171926743
00:14:6C:03:01:04;KPK";-83;1171926743
00:0F:B3:42:41:45;PRD";-82;1171926744
00:14:BF:17:02:AB;linksys-coolerthanyou";-50;1171926744
00:0F:66:BA:83:18;linksys";-67;1171926744
00:14:6C:03:01:04;KPK";-83;1171926744
00:0F:B3:42:41:45;PRD";-82;1171926745
00:14:BF:17:02:AB;linksys-coolerthanyou";-50;1171926745
00:0F:66:BA:83:18;linksys";-67;1171926745
00:14:6C:03:01:04;KPK";-83;1171926745
00:0F:B3:42:41:45;PRD";-82;1171926746
00:14:BF:17:02:AB;linksys-coolerthanyou";-51;1171926746
00:0F:66:BA:83:18;linksys";-67;1171926746
00:14:6C:03:01:04;KPK";-83;1171926746
00:0F:B3:42:41:45;PRD";-82;1171926748
00:14:BF:17:02:AB;linksys-coolerthanyou";-50;1171926748
00:0F:66:BA:83:18;linksys";-62;1171926748
00:14:6C:03:01:04;KPK";-83;1171926748
00:0F:B3:42:41:45;PRD";-82;1171926749
00:14:BF:17:02:AB;linksys-coolerthanyou";-51;1171926749
00:0F:66:BA:83:18;linksys";-62;1171926749
00:14:6C:03:01:04;KPK";-83;1171926749
00:0F:B3:42:41:45;PRD";-82;1171926750
00:14:BF:17:02:AB;linksys-coolerthanyou";-51;1171926750
00:0F:66:BA:83:18;linksys";-63;1171926750
00:14:6C:03:01:04;KPK";-83;1171926750
00:0F:B3:42:41:45;PRD";-82;1171926751
00:14:BF:17:02:AB;linksys-coolerthanyou";-51;1171926751
00:0F:66:BA:83:18;linksys";-63;1171926751
00:14:6C:03:01:04;KPK";-83;1171926751
00:0F:B3:42:41:45;PRD";-82;1171926753
00:14:BF:17:02:AB;linksys-coolerthanyou";-50;1171926753
00:0F:66:BA:83:18;linksys";-69;1171926753
00:14:6C:03:01:04;KPK";-83;1171926753
00:0F:B3:42:41:45;PRD";-82;1171926754
00:14:BF:17:02:AB;linksys-coolerthanyou";-55;1171926754
00:0F:66:BA:83:18;linksys";-69;1171926754
00:14:6C:03:01:04;KPK";-83;1171926754
00:0F:B3:42:41:45;PRD";-82;1171926755
00:14:BF:17:02:AB;linksys-coolerthanyou";-54;1171926755
00:0F:66:BA:83:18;linksys";-68;1171926755
00:14:6C:03:01:04;KPK";-83;1171926755
00:0F:B3:42:41:45;PRD";-82;1171926756
00:14:BF:17:02:AB;linksys-coolerthanyou";-54;1171926756
00:0F:66:BA:83:18;linksys";-68;1171926756
00:0F:B3:42:41:45;PRD";-82;1171926758
00:14:BF:17:02:AB;linksys-coolerthanyou";-52;1171926758
00:0F:66:BA:83:18;linksys";-68;1171926758
00:14:BF:17:02:AB;linksys-coolerthanyou";-53;1171926759
00:0F:66:BA:83:18;linksys";-68;1171926759
00:14:BF:17:02:AB;linksys-coolerthanyou";-55;1171926760
00:0F:66:BA:83:18;linksys";-68;1171926760
00:14:BF:17:02:AB;linksys-coolerthanyou";-54;1171926761
00:0F:66:BA:83:18;linksys";-68;1171926761
00:14:BF:17:02:AB;linksys-coolerthanyou";-54;1171926763
00:0F:66:BA:83:18;linksys";-67;1171926763
00:14:BF:17:02:AB;linksys-coolerthanyou";-53;1171926764
00:0F:66:BA:83:18;linksys";-67;1171926764
00:14:BF:17:02:AB;linksys-coolerthanyou";-53;1171926765
00:0F:66:BA:83:18;linksys";-67;1171926765
00:14:BF:17:02:AB;linksys-coolerthanyou";-53;1171926766
00:0F:66:BA:83:18;linksys";-67;1171926766
00:14:BF:17:02:AB;linksys-coolerthanyou";-53;1171926768
00:0F:66:BA:83:18;linksys";-71;1171926768
00:14:BF:17:02:AB;linksys-coolerthanyou";-53;1171926769
00:0F:66:BA:83:18;linksys";-71;1171926769
00:14:BF:17:02:AB;linksys-coolerthanyou";-49;1171926770
00:0F:66:BA:83:18;linksys";-64;1171926770
00:14:BF:17:02:AB;linksys-coolerthanyou";-51;1171926771
00:0F:66:BA:83:18;linksys";-64;1171926771
00:14:BF:17:02:AB;linksys-coolerthanyou";-52;1171926773
00:0F:66:BA:83:18;linksys";-63;1171926773
00:14:BF:17:02:AB;linksys-coolerthanyou";-50;1171926774
00:0F:66:BA:83:18;linksys";-63;1171926774
00:14:BF:17:02:AB;linksys-coolerthanyou";-51;1171926775
00:0F:66:BA:83:18;linksys";-63;1171926775
00:14:BF:17:02:AB;linksys-coolerthanyou";-51;1171926776
00:0F:66:BA:83:18;linksys";-63;1171926776
00:14:BF:17:02:AB;linksys-coolerthanyou";-51;1171926778
00:0F:66:BA:83:18;linksys";-65;1171926778
00:14:BF:17:02:AB;linksys-coolerthanyou";-51;1171926779
00:0F:66:BA:83:18;linksys";-65;1171926779
00:14:BF:17:02:AB;linksys-coolerthanyou";-50;1171926780
00:0F:66:BA:83:18;linksys";-65;1171926780
00:14:BF:17:02:AB;linksys-coolerthanyou";-51;1171926781
00:0F:66:BA:83:18;linksys";-65;1171926781
00:14:BF:17:02:AB;linksys-coolerthanyou";-54;1171926783
00:0F:66:BA:83:18;linksys";-65;1171926783
00:14:BF:17:02:AB;linksys-coolerthanyou";-45;1171926784
00:0F:66:BA:83:18;linksys";-65;1171926784
00:14:BF:17:02:AB;linksys-coolerthanyou";-47;1171926785
00:0F:66:BA:83:18;linksys";-68;1171926785
00:0F:B3:42:41:45;PRD";-81;1171926786
00:14:BF:17:02:AB;linksys-coolerthanyou";-45;1171926786
00:0F:66:BA:83:18;linksys";-68;1171926786
00:0F:B3:42:41:45;PRD";-81;1171926788
00:14:BF:17:02:AB;linksys-coolerthanyou";-46;1171926788
00:0F:66:BA:83:18;linksys";-68;1171926788
00:0F:B3:42:41:45;PRD";-78;1171926789
00:14:BF:17:02:AB;linksys-coolerthanyou";-47;1171926789
00:0F:66:BA:83:18;linksys";-68;1171926789
00:0F:B3:42:41:45;PRD";-78;1171926790
00:14:BF:17:02:AB;linksys-coolerthanyou";-46;1171926790
00:0F:66:BA:83:18;linksys";-68;1171926790
00:0F:B3:42:41:45;PRD";-78;1171926791
00:14:BF:17:02:AB;linksys-coolerthanyou";-45;1171926791
00:0F:66:BA:83:18;linksys";-68;1171926791
00:0F:B3:42:41:45;PRD";-78;1171926793
00:14:BF:17:02:AB;linksys-coolerthanyou";-45;1171926793
00:0F:66:BA:83:18;linksys";-68;1171926793
00:0F:B3:42:41:45;PRD";-78;1171926794
00:14:BF:17:02:AB;linksys-coolerthanyou";-45;1171926794
00:0F:66:BA:83:18;linksys";-68;1171926794
00:0F:B3:42:41:45;PRD";-78;1171926795
00:14:BF:17:02:AB;linksys-coolerthanyou";-46;1171926795
00:0F:66:BA:83:18;linksys";-68;1171926795
00:0F:B3:42:41:45;PRD";-78;1171926796
00:14:BF:17:02:AB;linksys-coolerthanyou";-44;1171926796
00:0F:66:BA:83:18;linksys";-68;1171926796
00:0F:B3:42:41:45;PRD";-78;1171926798
00:14:BF:17:02:AB;linksys-coolerthanyou";-45;1171926798
00:0F:66:BA:83:18;linksys";-68;1171926798
00:0F:B3:42:41:45;PRD";-79;1171926799
00:14:BF:17:02:AB;linksys-coolerthanyou";-45;1171926799
00:0F:66:BA:83:18;linksys";-68;1171926799
00:0F:B3:42:41:45;PRD";-79;1171926800
00:14:BF:17:02:AB;linksys-coolerthanyou";-44;1171926800
00:0F:66:BA:83:18;linksys";-68;1171926800
00:0F:B3:42:41:45;PRD";-79;1171926801
00:14:BF:17:02:AB;linksys-coolerthanyou";-44;1171926801
00:0F:66:BA:83:18;linksys";-68;1171926801
00:0F:B3:42:41:45;PRD";-79;1171926803
00:14:BF:17:02:AB;linksys-coolerthanyou";-47;1171926803
00:0F:66:BA:83:18;linksys";-76;1171926803
00:0F:B3:42:41:45;PRD";-79;1171926804
00:14:BF:17:02:AB;linksys-coolerthanyou";-44;1171926804
00:0F:66:BA:83:18;linksys";-76;1171926804
00:0F:B3:42:41:45;PRD";-79;1171926805
00:14:BF:17:02:AB;linksys-coolerthanyou";-53;1171926805
00:0F:66:BA:83:18;linksys";-76;1171926805
00:0F:B3:42:41:45;PRD";-79;1171926806
00:14:BF:17:02:AB;linksys-coolerthanyou";-44;1171926806
00:0F:66:BA:83:18;linksys";-76;1171926806
00:0F:B3:42:41:45;PRD";-79;1171926808
00:14:BF:17:02:AB;linksys-coolerthanyou";-45;1171926808
00:0F:66:BA:83:18;linksys";-76;1171926808
00:0F:B3:42:41:45;PRD";-80;1171926809
00:14:BF:17:02:AB;linksys-coolerthanyou";-45;1171926809
00:0F:66:BA:83:18;linksys";-76;1171926809
00:0F:B3:42:41:45;PRD";-80;1171926810
00:14:BF:17:02:AB;linksys-coolerthanyou";-44;1171926810
00:0F:66:BA:83:18;linksys";-77;1171926810
00:0F:B3:42:41:45;PRD";-78;1171926811
00:14:BF:17:02:AB;linksys-coolerthanyou";-45;1171926811
00:0F:66:BA:83:18;linksys";-77;1171926811
00:0F:B3:42:41:45;PRD";-78;1171926813
00:14:BF:17:02:AB;linksys-coolerthanyou";-49;1171926813
00:0F:66:BA:83:18;linksys";-77;1171926813
00:0F:B3:42:41:45;PRD";-78;1171926814
00:14:BF:17:02:AB;linksys-coolerthanyou";-46;1171926814
00:0F:66:BA:83:18;linksys";-77;1171926814
00:0F:B3:42:41:45;PRD";-78;1171926815
00:14:BF:17:02:AB;linksys-coolerthanyou";-48;1171926815
00:0F:66:BA:83:18;linksys";-77;1171926815
00:0F:B3:42:41:45;PRD";-78;1171926816
00:14:BF:17:02:AB;linksys-coolerthanyou";-47;1171926816
00:0F:66:BA:83:18;linksys";-77;1171926816
00:0F:B3:42:41:45;PRD";-78;1171926818
00:14:BF:17:02:AB;linksys-coolerthanyou";-49;1171926818
00:0F:66:BA:83:18;linksys";-69;1171926818
00:0F:B3:42:41:45;PRD";-78;1171926819
00:14:BF:17:02:AB;linksys-coolerthanyou";-43;1171926819
00:0F:66:BA:83:18;linksys";-69;1171926819
00:0F:B3:42:41:45;PRD";-78;1171926820
00:14:BF:17:02:AB;linksys-coolerthanyou";-44;1171926820
00:0F:66:BA:83:18;linksys";-69;1171926820
00:0F:B3:42:41:45;PRD";-78;1171926821
00:14:BF:17:02:AB;linksys-coolerthanyou";-46;1171926821
00:0F:66:BA:83:18;linksys";-69;1171926821
00:0F:B3:42:41:45;PRD";-78;1171926823
00:14:BF:17:02:AB;linksys-coolerthanyou";-51;1171926823
00:0F:66:BA:83:18;linksys";-69;1171926823
00:0F:B3:42:41:45;PRD";-78;1171926824
00:13:10:9D:9D:4E;linksys";-77;1171926824
00:14:BF:17:02:AB;linksys-coolerthanyou";-56;1171926824
00:0F:66:BA:83:18;linksys";-69;1171926824
00:0F:B3:42:41:45;PRD";-78;1171926825
00:13:10:9D:9D:4E;linksys";-77;1171926825
00:14:BF:17:02:AB;linksys-coolerthanyou";-53;1171926825
00:16:B6:25:DC:CD;5626";-75;1171926825
00:0F:66:BA:83:18;linksys";-77;1171926825
00:0F:B3:42:41:45;PRD";-78;1171926826
00:13:10:9D:9D:4E;linksys";-77;1171926826
00:14:BF:17:02:AB;linksys-coolerthanyou";-54;1171926826
00:16:B6:25:DC:CD;5626";-75;1171926826
00:0F:66:BA:83:18;linksys";-77;1171926826
00:0F:B3:42:41:45;PRD";-78;1171926828
00:13:10:9D:9D:4E;linksys";-77;1171926828
00:14:BF:17:02:AB;linksys-coolerthanyou";-63;1171926828
00:16:B6:25:DC:CD;5626";-75;1171926828
00:0F:66:BA:83:18;linksys";-77;1171926828
00:0F:B3:42:41:45;PRD";-78;1171926829
00:13:10:9D:9D:4E;linksys";-77;1171926829
00:14:BF:17:02:AB;linksys-coolerthanyou";-62;1171926829
00:16:B6:25:DC:CD;5626";-75;1171926829
00:0F:66:BA:83:18;linksys";-77;1171926829
00:0F:B3:42:41:45;PRD";-71;1171926830
00:14:BF:13:36:CB;Brooklyn";-74;1171926830
00:13:10:9D:9D:4E;linksys";-77;1171926830
00:14:BF:17:02:AB;linksys-coolerthanyou";-64;1171926830
00:16:B6:25:DC:CD;5626";-77;1171926830
00:0F:66:BA:83:18;linksys";-77;1171926830
00:0F:B3:42:41:45;PRD";-69;1171926832
00:14:BF:13:36:CB;Brooklyn";-74;1171926832
00:13:10:9D:9D:4E;linksys";-77;1171926832
00:14:BF:17:02:AB;linksys-coolerthanyou";-62;1171926832
00:16:B6:25:DC:CD;5626";-83;1171926832
00:0F:66:BA:83:18;linksys";-80;1171926832
00:0F:B3:42:41:45;PRD";-69;1171926833
00:14:BF:13:36:CB;Brooklyn";-74;1171926833
00:13:10:9D:9D:4E;linksys";-77;1171926833
00:14:BF:17:02:AB;linksys-coolerthanyou";-69;1171926833
00:16:B6:25:DC:CD;5626";-83;1171926833
00:0F:66:BA:83:18;linksys";-80;1171926833
00:0F:B3:42:41:45;PRD";-69;1171926834
00:14:BF:13:36:CB;Brooklyn";-74;1171926834
00:13:10:9D:9D:4E;linksys";-73;1171926834
00:14:BF:17:02:AB;linksys-coolerthanyou";-69;1171926834
00:16:B6:25:DC:CD;5626";-83;1171926834
00:0F:66:BA:83:18;linksys";-80;1171926834
00:0F:B3:42:41:45;PRD";-69;1171926835
00:14:BF:13:36:CB;Brooklyn";-74;1171926835
00:13:10:9D:9D:4E;linksys";-73;1171926835
00:14:BF:17:02:AB;linksys-coolerthanyou";-69;1171926835
00:16:B6:25:DC:CD;5626";-83;1171926835
00:0F:66:BA:83:18;linksys";-80;1171926835
00:0F:B3:42:41:45;PRD";-71;1171926837
00:14:BF:13:36:CB;Brooklyn";-74;1171926837
00:13:10:9D:9D:4E;linksys";-73;1171926837
00:14:BF:17:02:AB;linksys-coolerthanyou";-72;1171926837
00:16:B6:25:DC:CD;5626";-83;1171926837
00:0F:66:BA:83:18;linksys";-80;1171926837
00:0F:B3:42:41:45;PRD";-72;1171926838
00:14:BF:13:36:CB;Brooklyn";-74;1171926838
00:13:10:9D:9D:4E;linksys";-73;1171926838
00:14:BF:17:02:AB;linksys-coolerthanyou";-70;1171926838
00:16:B6:25:DC:CD;5626";-83;1171926838
00:0F:66:BA:83:18;linksys";-80;1171926838
00:0F:B3:42:41:45;PRD";-72;1171926839
00:14:BF:13:36:CB;Brooklyn";-74;1171926839
00:13:10:9D:9D:4E;linksys";-73;1171926839
00:14:BF:17:02:AB;linksys-coolerthanyou";-71;1171926839
00:16:B6:25:DC:CD;5626";-83;1171926839
00:0F:66:BA:83:18;linksys";-80;1171926839
00:0F:B3:42:41:45;PRD";-72;1171926840
00:14:BF:13:36:CB;Brooklyn";-74;1171926840
00:13:10:9D:9D:4E;linksys";-73;1171926840
00:14:BF:17:02:AB;linksys-coolerthanyou";-71;1171926840
00:16:B6:25:DC:CD;5626";-83;1171926840
00:0F:66:BA:83:18;linksys";-80;1171926840
00:0F:B3:42:41:45;PRD";-72;1171926842
00:14:BF:13:36:CB;Brooklyn";-74;1171926842
00:13:10:9D:9D:4E;linksys";-73;1171926842
00:14:BF:17:02:AB;linksys-coolerthanyou";-71;1171926842
00:16:B6:25:DC:CD;5626";-83;1171926842
00:0F:66:BA:83:18;linksys";-80;1171926842
00:0F:B3:42:41:45;PRD";-72;1171926843
00:14:BF:13:36:CB;Brooklyn";-74;1171926843
00:13:10:9D:9D:4E;linksys";-73;1171926843
00:14:BF:17:02:AB;linksys-coolerthanyou";-71;1171926843
00:16:B6:25:DC:CD;5626";-83;1171926843
00:0F:66:BA:83:18;linksys";-80;1171926843
00:0F:B3:42:41:45;PRD";-72;1171926844
00:13:10:9D:9D:4E;linksys";-73;1171926844
00:14:BF:17:02:AB;linksys-coolerthanyou";-71;1171926844
00:16:B6:25:DC:CD;5626";-83;1171926844
00:0F:66:BA:83:18;linksys";-80;1171926844
00:0F:B3:42:41:45;PRD";-71;1171926845
00:13:10:9D:9D:4E;linksys";-73;1171926845
00:14:BF:17:02:AB;linksys-coolerthanyou";-75;1171926845
00:16:B6:25:DC:CD;5626";-83;1171926845
00:0F:66:BA:83:18;linksys";-80;1171926845
00:18:39:D1:0D:EB;linksys_SES_28787";-81;1171926847
00:0F:B3:42:41:45;PRD";-71;1171926847
00:14:BF:13:36:CB;Brooklyn";-63;1171926847
00:13:10:9D:9D:4E;linksys";-75;1171926847
00:14:BF:17:02:AB;linksys-coolerthanyou";-75;1171926847
00:18:39:D1:0D:EB;linksys_SES_28787";-82;1171926848
00:13:46:4B:5B:98;default";-80;1171926848
00:0F:B3:42:41:45;PRD";-69;1171926848
00:14:BF:13:36:CB;Brooklyn";-58;1171926848
00:13:10:9D:9D:4E;linksys";-82;1171926848
00:14:BF:17:02:AB;linksys-coolerthanyou";-75;1171926848
00:18:39:D1:0D:EB;linksys_SES_28787";-82;1171926849
00:13:46:4B:5B:98;default";-80;1171926849
00:0F:B3:42:41:45;PRD";-76;1171926849
00:14:BF:13:36:CB;Brooklyn";-73;1171926849
00:13:10:9D:9D:4E;linksys";-75;1171926849
00:14:BF:17:02:AB;linksys-coolerthanyou";-75;1171926849
00:18:39:D1:0D:EB;linksys_SES_28787";-82;1171926850
00:13:46:4B:5B:98;default";-79;1171926850
00:0F:B3:42:41:45;PRD";-74;1171926850
00:14:BF:13:36:CB;Brooklyn";-67;1171926850
00:13:10:9D:9D:4E;linksys";-81;1171926850
00:14:BF:17:02:AB;linksys-coolerthanyou";-75;1171926850
00:18:39:D1:0D:EB;linksys_SES_28787";-82;1171926852
00:13:46:4B:5B:98;default";-81;1171926852
00:0F:B3:42:41:45;PRD";-77;1171926852
00:14:BF:13:36:CB;Brooklyn";-55;1171926852
00:13:10:9D:9D:4E;linksys";-80;1171926852
00:14:BF:17:02:AB;linksys-coolerthanyou";-75;1171926852
00:18:39:D1:0D:EB;linksys_SES_28787";-82;1171926853
00:13:46:4B:5B:98;default";-81;1171926853
00:0F:B3:42:41:45;PRD";-77;1171926853
00:14:BF:13:36:CB;Brooklyn";-64;1171926853
00:13:10:9D:9D:4E;linksys";-84;1171926853
00:14:BF:17:02:AB;linksys-coolerthanyou";-75;1171926853
00:18:39:D1:0D:EB;linksys_SES_28787";-79;1171926854
00:13:46:4B:5B:98;default";-81;1171926854
00:0F:B3:42:41:45;PRD";-77;1171926854
00:14:BF:13:36:CB;Brooklyn";-58;1171926854
00:13:10:9D:9D:4E;linksys";-83;1171926854
00:14:BF:17:02:AB;linksys-coolerthanyou";-75;1171926854
00:18:39:D1:0D:EB;linksys_SES_28787";-79;1171926855
00:13:46:4B:5B:98;default";-84;1171926855
00:0F:B3:42:41:45;PRD";-77;1171926855
00:14:BF:13:36:CB;Brooklyn";-59;1171926855
00:13:10:9D:9D:4E;linksys";-83;1171926855
00:14:BF:17:02:AB;linksys-coolerthanyou";-75;1171926855
00:18:39:D1:0D:EB;linksys_SES_28787";-79;1171926857
00:13:46:4B:5B:98;default";-84;1171926857
00:0F:B3:42:41:45;PRD";-77;1171926857
00:14:BF:13:36:CB;Brooklyn";-62;1171926857
00:13:10:9D:9D:4E;linksys";-83;1171926857
00:14:BF:17:02:AB;linksys-coolerthanyou";-75;1171926857
00:18:39:D1:0D:EB;linksys_SES_28787";-79;1171926858
00:13:46:4B:5B:98;default";-83;1171926858
00:18:39:F3:E0:92;Megan";-84;1171926858
00:0F:B3:42:41:45;PRD";-77;1171926858
00:14:BF:13:36:CB;Brooklyn";-69;1171926858
00:13:10:9D:9D:4E;linksys";-83;1171926858
00:14:BF:17:02:AB;linksys-coolerthanyou";-75;1171926858
00:18:39:D1:0D:EB;linksys_SES_28787";-77;1171926859
00:13:46:4B:5B:98;default";-81;1171926859
00:18:39:F3:E0:92;Megan";-84;1171926859
00:0F:B3:42:41:45;PRD";-77;1171926859
00:14:BF:13:36:CB;Brooklyn";-70;1171926859
00:13:10:9D:9D:4E;linksys";-81;1171926859
00:14:BF:17:02:AB;linksys-coolerthanyou";-75;1171926859
00:18:39:D1:0D:EB;linksys_SES_28787";-78;1171926860
00:13:46:4B:5B:98;default";-81;1171926860
00:18:39:F3:E0:92;Megan";-84;1171926860
00:0F:B3:42:41:45;PRD";-77;1171926860
00:14:BF:13:36:CB;Brooklyn";-74;1171926860
00:13:10:9D:9D:4E;linksys";-81;1171926860
00:18:39:D1:0D:EB;linksys_SES_28787";-75;1171926862
00:13:46:4B:5B:98;default";-81;1171926862
00:18:39:F3:E0:92;Megan";-84;1171926862
00:0F:B3:42:41:45;PRD";-77;1171926862
00:14:BF:13:36:CB;Brooklyn";-71;1171926862
00:13:10:9D:9D:4E;linksys";-81;1171926862
00:12:17:0E:C0:D0;linksys";-82;1171926862
00:18:39:D1:0D:EB;linksys_SES_28787";-80;1171926863
00:13:46:4B:5B:98;default";-81;1171926863
00:18:39:F3:E0:92;Megan";-80;1171926863
00:0F:B3:42:41:45;PRD";-77;1171926863
00:14:BF:13:36:CB;Brooklyn";-73;1171926863
00:13:10:9D:9D:4E;linksys";-81;1171926863
00:12:17:0E:C0:D0;linksys";-79;1171926863
00:30:BD:F1:BD:3A;pasadena";-83;1171926863
00:18:39:D1:0D:EB;linksys_SES_28787";-70;1171926864
00:13:46:4B:5B:98;default";-72;1171926864
00:18:39:F3:E0:92;Megan";-81;1171926864
00:0F:B3:42:41:45;PRD";-77;1171926864
00:14:BF:13:36:CB;Brooklyn";-68;1171926864
00:13:10:9D:9D:4E;linksys";-81;1171926864
00:12:17:0E:C0:D0;linksys";-79;1171926864
00:30:BD:F1:BD:3A;pasadena";-83;1171926864
00:18:39:D1:0D:EB;linksys_SES_28787";-69;1171926865
00:13:46:4B:5B:98;default";-78;1171926865
00:18:39:F3:E0:92;Megan";-81;1171926865
00:0F:B3:42:41:45;PRD";-77;1171926865
00:14:BF:13:36:CB;Brooklyn";-73;1171926865
00:13:10:9D:9D:4E;linksys";-81;1171926865
00:12:17:0E:C0:D0;linksys";-79;1171926865
00:30:BD:F1:BD:3A;pasadena";-83;1171926865
00:14:BF:77:16:59;linksys";-80;1171926867
00:18:39:D1:0D:EB;linksys_SES_28787";-63;1171926867
00:13:46:4B:5B:98;default";-81;1171926867
00:18:39:F3:E0:92;Megan";-78;1171926867
00:14:BF:13:36:CB;Brooklyn";-74;1171926867
00:13:10:9D:9D:4E;linksys";-81;1171926867
00:12:17:0E:C0:D0;linksys";-80;1171926867
00:30:BD:F1:BD:3A;pasadena";-83;1171926867
00:14:BF:77:16:59;linksys";-80;1171926868
00:18:39:D1:0D:EB;linksys_SES_28787";-68;1171926868
00:13:46:4B:5B:98;default";-79;1171926868
00:18:39:F3:E0:92;Megan";-79;1171926868
00:14:BF:13:36:CB;Brooklyn";-75;1171926868
00:13:10:9D:9D:4E;linksys";-81;1171926868
00:12:17:0E:C0:D0;linksys";-83;1171926868
00:30:BD:F1:BD:3A;pasadena";-83;1171926868
00:14:BF:77:16:59;linksys";-81;1171926869
00:18:39:D1:0D:EB;linksys_SES_28787";-74;1171926869
00:13:46:4B:5B:98;default";-76;1171926869
00:18:39:F3:E0:92;Megan";-78;1171926869
00:14:BF:13:36:CB;Brooklyn";-75;1171926869
00:13:10:9D:9D:4E;linksys";-81;1171926869
00:12:17:0E:C0:D0;linksys";-83;1171926869
00:30:BD:F1:BD:3A;pasadena";-83;1171926869
00:14:BF:77:16:59;linksys";-81;1171926870
00:18:39:D1:0D:EB;linksys_SES_28787";-73;1171926870
00:13:46:4B:5B:98;default";-75;1171926870
00:18:39:F3:E0:92;Megan";-79;1171926870
00:14:BF:13:36:CB;Brooklyn";-80;1171926870
00:13:10:9D:9D:4E;linksys";-81;1171926870
00:12:17:0E:C0:D0;linksys";-83;1171926870
00:30:BD:F1:BD:3A;pasadena";-83;1171926870
00:14:BF:77:16:59;linksys";-82;1171926872
00:18:39:D1:0D:EB;linksys_SES_28787";-73;1171926872
00:13:46:4B:5B:98;default";-80;1171926872
00:18:39:F3:E0:92;Megan";-79;1171926872
00:14:BF:13:36:CB;Brooklyn";-80;1171926872
00:13:10:9D:9D:4E;linksys";-81;1171926872
00:12:17:0E:C0:D0;linksys";-82;1171926872
00:30:BD:F1:BD:3A;pasadena";-81;1171926872
00:14:BF:77:16:59;linksys";-82;1171926873
00:18:39:D1:0D:EB;linksys_SES_28787";-61;1171926873
00:13:46:4B:5B:98;default";-74;1171926873
00:18:39:F3:E0:92;Megan";-79;1171926873
00:14:BF:13:36:CB;Brooklyn";-80;1171926873
00:13:10:9D:9D:4E;linksys";-81;1171926873
00:12:17:0E:C0:D0;linksys";-83;1171926873
00:30:BD:F1:BD:3A;pasadena";-81;1171926873
00:14:BF:77:16:59;linksys";-82;1171926874
00:18:39:D1:0D:EB;linksys_SES_28787";-75;1171926874
00:13:46:4B:5B:98;default";-77;1171926874
00:18:39:F3:E0:92;Megan";-79;1171926874
00:14:BF:13:36:CB;Brooklyn";-75;1171926874
00:12:17:0E:C0:D0;linksys";-76;1171926874
00:30:BD:F1:BD:3A;pasadena";-84;1171926874
00:14:BF:77:16:59;linksys";-79;1171926875
00:18:39:D1:0D:EB;linksys_SES_28787";-62;1171926875
00:13:46:4B:5B:98;default";-77;1171926875
00:18:39:F3:E0:92;Megan";-82;1171926875
00:14:BF:13:36:CB;Brooklyn";-75;1171926875
00:12:17:0E:C0:D0;linksys";-80;1171926875
00:30:BD:F1:BD:3A;pasadena";-84;1171926875
00:14:BF:77:16:59;linksys";-79;1171926877
00:18:39:D1:0D:EB;linksys_SES_28787";-68;1171926877
00:13:46:4B:5B:98;default";-79;1171926877
00:18:39:F3:E0:92;Megan";-82;1171926877
00:14:BF:13:36:CB;Brooklyn";-75;1171926877
00:12:17:0E:C0:D0;linksys";-80;1171926877
00:30:BD:F1:BD:3A;pasadena";-84;1171926877
00:14:BF:77:16:59;linksys";-75;1171926878
00:18:39:D1:0D:EB;linksys_SES_28787";-60;1171926878
00:13:46:4B:5B:98;default";-76;1171926878
00:18:39:F3:E0:92;Megan";-82;1171926878
00:14:BF:13:36:CB;Brooklyn";-75;1171926878
00:12:17:0E:C0:D0;linksys";-84;1171926878
00:30:BD:F1:BD:3A;pasadena";-84;1171926878
00:14:BF:77:16:59;linksys";-71;1171926879
00:18:39:D1:0D:EB;linksys_SES_28787";-72;1171926879
00:13:46:4B:5B:98;default";-76;1171926879
00:18:39:F3:E0:92;Megan";-82;1171926879
00:14:BF:13:36:CB;Brooklyn";-78;1171926879
00:12:17:0E:C0:D0;linksys";-80;1171926879
00:30:BD:F1:BD:3A;pasadena";-84;1171926879
00:14:BF:77:16:59;linksys";-74;1171926880
00:18:39:D1:0D:EB;linksys_SES_28787";-74;1171926880
00:13:46:4B:5B:98;default";-77;1171926880
00:18:39:F3:E0:92;Megan";-82;1171926880
00:14:BF:13:36:CB;Brooklyn";-82;1171926880
00:12:17:0E:C0:D0;linksys";-70;1171926880
00:30:BD:F1:BD:3A;pasadena";-84;1171926880
00:14:BF:77:16:59;linksys";-68;1171926882
00:18:39:D1:0D:EB;linksys_SES_28787";-72;1171926882
00:13:46:4B:5B:98;default";-79;1171926882
00:18:39:F3:E0:92;Megan";-82;1171926882
00:14:BF:13:36:CB;Brooklyn";-82;1171926882
00:12:17:0E:C0:D0;linksys";-70;1171926882
00:30:BD:F1:BD:3A;pasadena";-77;1171926882
00:14:BF:77:16:59;linksys";-68;1171926883
00:18:39:D1:0D:EB;linksys_SES_28787";-72;1171926883
00:13:46:4B:5B:98;default";-79;1171926883
00:18:39:F3:E0:92;Megan";-82;1171926883
00:14:BF:13:36:CB;Brooklyn";-82;1171926883
00:12:17:0E:C0:D0;linksys";-70;1171926883
00:30:BD:F1:BD:3A;pasadena";-77;1171926883
00:14:BF:77:16:59;linksys";-65;1171926884
00:18:39:D1:0D:EB;linksys_SES_28787";-76;1171926884
00:13:46:4B:5B:98;default";-74;1171926884
00:18:39:F3:E0:92;Megan";-82;1171926884
00:14:BF:13:36:CB;Brooklyn";-82;1171926884
00:12:17:0E:C0:D0;linksys";-70;1171926884
00:30:BD:F1:BD:3A;pasadena";-84;1171926884
00:14:BF:77:16:59;linksys";-70;1171926885
00:18:39:D1:0D:EB;linksys_SES_28787";-79;1171926885
00:13:46:4B:5B:98;default";-74;1171926885
00:18:39:F3:E0:92;Megan";-82;1171926885
00:14:BF:13:36:CB;Brooklyn";-82;1171926885
00:12:17:0E:C0:D0;linksys";-70;1171926885
00:30:BD:F1:BD:3A;pasadena";-84;1171926885
00:14:BF:77:16:59;linksys";-67;1171926887
00:18:39:D1:0D:EB;linksys_SES_28787";-69;1171926887
00:13:46:4B:5B:98;default";-74;1171926887
00:18:39:F3:E0:92;Megan";-82;1171926887
00:14:BF:13:36:CB;Brooklyn";-82;1171926887
00:12:17:0E:C0:D0;linksys";-70;1171926887
00:30:BD:F1:BD:3A;pasadena";-84;1171926887
00:14:BF:77:16:59;linksys";-55;1171926888
00:18:39:D1:0D:EB;linksys_SES_28787";-83;1171926888
00:13:46:4B:5B:98;default";-74;1171926888
00:18:39:F3:E0:92;Megan";-82;1171926888
00:14:BF:13:36:CB;Brooklyn";-82;1171926888
00:12:17:0E:C0:D0;linksys";-70;1171926888
00:30:BD:F1:BD:3A;pasadena";-84;1171926888
00:14:BF:77:16:59;linksys";-62;1171926889
00:18:39:D1:0D:EB;linksys_SES_28787";-82;1171926889
00:13:46:4B:5B:98;default";-77;1171926889
00:18:39:F3:E0:92;Megan";-82;1171926889
00:14:BF:13:36:CB;Brooklyn";-82;1171926889
00:12:17:0E:C0:D0;linksys";-83;1171926889
00:30:BD:F1:BD:3A;pasadena";-84;1171926889
00:14:BF:77:16:59;linksys";-67;1171926890
00:18:39:D1:0D:EB;linksys_SES_28787";-84;1171926890
00:13:46:4B:5B:98;default";-77;1171926890
00:14:BF:13:36:CB;Brooklyn";-82;1171926890
00:12:17:0E:C0:D0;linksys";-83;1171926890
00:30:BD:F1:BD:3A;pasadena";-84;1171926890
00:14:BF:77:16:59;linksys";-76;1171926892
00:18:39:D1:0D:EB;linksys_SES_28787";-84;1171926892
00:13:46:4B:5B:98;default";-83;1171926892
00:14:BF:13:36:CB;Brooklyn";-82;1171926892
00:12:17:0E:C0:D0;linksys";-79;1171926892
00:30:BD:F1:BD:3A;pasadena";-84;1171926892
00:14:BF:77:16:59;linksys";-72;1171926893
00:18:39:D1:0D:EB;linksys_SES_28787";-84;1171926893
00:13:46:4B:5B:98;default";-83;1171926893
00:14:BF:13:36:CB;Brooklyn";-82;1171926893
00:12:17:0E:C0:D0;linksys";-79;1171926893
00:30:BD:F1:BD:3A;pasadena";-84;1171926893
00:14:BF:77:16:59;linksys";-74;1171926894
00:18:39:D1:0D:EB;linksys_SES_28787";-84;1171926894
00:13:46:4B:5B:98;default";-83;1171926894
00:14:BF:13:36:CB;Brooklyn";-82;1171926894
00:12:17:0E:C0:D0;linksys";-79;1171926894
00:30:BD:F1:BD:3A;pasadena";-84;1171926894
00:14:BF:77:16:59;linksys";-74;1171926896
00:18:39:D1:0D:EB;linksys_SES_28787";-84;1171926896
00:13:46:4B:5B:98;default";-82;1171926896
00:12:17:0E:C0:D0;linksys";-79;1171926896
00:30:BD:F1:BD:3A;pasadena";-84;1171926896
00:14:BF:77:16:59;linksys";-70;1171926897
00:18:39:D1:0D:EB;linksys_SES_28787";-84;1171926897
00:13:46:4B:5B:98;default";-83;1171926897
00:12:17:0E:C0:D0;linksys";-79;1171926897
00:30:BD:F1:BD:3A;pasadena";-84;1171926897
00:14:BF:77:16:59;linksys";-82;1171926898
00:18:39:D1:0D:EB;linksys_SES_28787";-84;1171926898
00:13:46:4B:5B:98;default";-83;1171926898
00:12:17:0E:C0:D0;linksys";-79;1171926898
00:14:BF:77:16:59;linksys";-66;1171926899
00:18:39:D1:0D:EB;linksys_SES_28787";-84;1171926899
00:13:46:4B:5B:98;default";-80;1171926899
00:12:17:0E:C0:D0;linksys";-79;1171926899
00:14:BF:77:16:59;linksys";-72;1171926901
00:18:39:D1:0D:EB;linksys_SES_28787";-84;1171926901
00:13:46:4B:5B:98;default";-83;1171926901
00:12:17:0E:C0:D0;linksys";-79;1171926901
00:14:BF:77:16:59;linksys";-76;1171926902
00:18:39:D1:0D:EB;linksys_SES_28787";-84;1171926902
00:13:46:4B:5B:98;default";-81;1171926902
00:12:17:0E:C0:D0;linksys";-79;1171926902
00:14:BF:77:16:59;linksys";-60;1171926903
00:18:39:D1:0D:EB;linksys_SES_28787";-84;1171926903
00:13:46:4B:5B:98;default";-81;1171926903
00:12:17:0E:C0:D0;linksys";-79;1171926903
00:14:BF:77:16:59;linksys";-68;1171926904
00:18:39:D1:0D:EB;linksys_SES_28787";-84;1171926904
00:13:46:4B:5B:98;default";-81;1171926904
00:12:17:0E:C0:D0;linksys";-79;1171926904
00:09:5B:CA:0B:B8;JACKS";-76;1171926906
00:14:BF:77:16:59;linksys";-75;1171926906
00:18:39:D1:0D:EB;linksys_SES_28787";-84;1171926906
00:13:46:4B:5B:98;default";-81;1171926906
00:12:17:0E:C0:D0;linksys";-79;1171926906
00:09:5B:CA:0B:B8;JACKS";-75;1171926907
00:14:BF:77:16:59;linksys";-79;1171926907
00:18:39:D1:0D:EB;linksys_SES_28787";-84;1171926907
00:13:46:4B:5B:98;default";-81;1171926907
00:12:17:0E:C0:D0;linksys";-79;1171926907
00:09:5B:CA:0B:B8;JACKS";-75;1171926908
00:14:BF:77:16:59;linksys";-71;1171926908
00:18:39:D1:0D:EB;linksys_SES_28787";-84;1171926908
00:13:46:4B:5B:98;default";-83;1171926908
00:09:5B:CA:0B:B8;JACKS";-75;1171926909
00:14:BF:77:16:59;linksys";-83;1171926909
00:18:39:D1:0D:EB;linksys_SES_28787";-84;1171926909
00:13:46:4B:5B:98;default";-83;1171926909
00:09:5B:CA:0B:B8;JACKS";-75;1171926911
00:14:BF:77:16:59;linksys";-84;1171926911
00:18:39:D1:0D:EB;linksys_SES_28787";-84;1171926911
00:13:46:4B:5B:98;default";-83;1171926911
00:09:5B:CA:0B:B8;JACKS";-75;1171926912
00:14:BF:77:16:59;linksys";-83;1171926912
00:18:39:D1:0D:EB;linksys_SES_28787";-84;1171926912
00:13:46:4B:5B:98;default";-83;1171926912
00:09:5B:CA:0B:B8;JACKS";-75;1171926913
00:14:BF:77:16:59;linksys";-75;1171926913
00:13:46:4B:5B:98;default";-83;1171926913
00:09:5B:CA:0B:B8;JACKS";-75;1171926914
00:14:BF:77:16:59;linksys";-82;1171926914
00:13:46:4B:5B:98;default";-83;1171926914
00:09:5B:CA:0B:B8;JACKS";-75;1171926916
00:14:BF:77:16:59;linksys";-83;1171926916
00:13:46:4B:5B:98;default";-83;1171926916
00:09:5B:CA:0B:B8;JACKS";-75;1171926917
00:14:BF:77:16:59;linksys";-83;1171926917
00:13:46:4B:5B:98;default";-83;1171926917
00:09:5B:CA:0B:B8;JACKS";-75;1171926918
00:14:BF:77:16:59;linksys";-83;1171926918
00:13:46:4B:5B:98;default";-83;1171926918
00:09:5B:CA:0B:B8;JACKS";-75;1171926919
00:09:5B:AC:88:6E;SoroushNet";-82;1171926919
00:14:BF:77:16:59;linksys";-83;1171926919
00:13:46:4B:5B:98;default";-83;1171926919
00:09:5B:CA:0B:B8;JACKS";-75;1171926921
00:09:5B:AC:88:6E;SoroushNet";-82;1171926921
00:14:BF:77:16:59;linksys";-83;1171926921
00:13:46:4B:5B:98;default";-83;1171926921
00:09:5B:AC:88:6E;SoroushNet";-82;1171926922
00:14:BF:77:16:59;linksys";-83;1171926922
00:13:46:4B:5B:98;default";-83;1171926922
00:09:5B:AC:88:6E;SoroushNet";-82;1171926923
00:14:BF:77:16:59;linksys";-83;1171926923
00:09:5B:AC:88:6E;SoroushNet";-82;1171926924
00:14:BF:77:16:59;linksys";-83;1171926924
00:09:5B:CA:0B:B8;JACKS";-78;1171926926
00:09:5B:6F:B5:F8;NETGEAR";-78;1171926926
00:12:17:45:6E:41;I and N's Bar and Grill";-81;1171926926
00:09:5B:AC:88:6E;SoroushNet";-71;1171926926
00:14:BF:05:88:FF;linksys_SES_3373";-82;1171926926
00:06:25:55:D6:40;RoscoeNet";-81;1171926926
00:14:BF:77:16:59;linksys";-72;1171926926
00:09:5B:CA:0B:B8;JACKS";-80;1171926927
00:09:5B:6F:B5:F8;NETGEAR";-79;1171926927
00:12:17:45:6E:41;I and N's Bar and Grill";-81;1171926927
00:09:5B:AC:88:6E;SoroushNet";-83;1171926927
00:14:BF:05:88:FF;linksys_SES_3373";-81;1171926927
00:06:25:55:D6:40;RoscoeNet";-77;1171926927
00:14:BF:77:16:59;linksys";-75;1171926927
00:0F:B3:36:9F:9B;ACTIONTEC";-81;1171926927
00:40:05:B7:F6:CB;default";-80;1171926927
00:50:04:14:36:0E;hampton";-83;1171926927
00:09:5B:CA:0B:B8;JACKS";-80;1171926928
00:09:5B:6F:B5:F8;NETGEAR";-81;1171926928
00:12:17:45:6E:41;I and N's Bar and Grill";-81;1171926928
00:09:5B:AC:88:6E;SoroushNet";-83;1171926928
00:14:BF:05:88:FF;linksys_SES_3373";-84;1171926928
00:06:25:55:D6:40;RoscoeNet";-77;1171926928
00:14:BF:77:16:59;linksys";-75;1171926928
00:0F:B3:36:9F:9B;ACTIONTEC";-81;1171926928
00:40:05:B7:F6:CB;default";-82;1171926928
00:50:04:14:36:0E;hampton";-83;1171926928
00:18:39:D9:71:C9;Kerfuffle Village";-82;1171926928
00:09:5B:E9:9E:5C;Rookery";-84;1171926928
00:09:5B:CA:0B:B8;JACKS";-80;1171926929
00:09:5B:6F:B5:F8;NETGEAR";-81;1171926929
00:12:17:45:6E:41;I and N's Bar and Grill";-81;1171926929
00:09:5B:AC:88:6E;SoroushNet";-83;1171926929
00:14:BF:05:88:FF;linksys_SES_3373";-79;1171926929
00:06:25:55:D6:40;RoscoeNet";-79;1171926929
00:14:BF:77:16:59;linksys";-73;1171926929
00:0F:B3:36:9F:9B;ACTIONTEC";-80;1171926929
00:40:05:B7:F6:CB;default";-79;1171926929
00:50:04:14:36:0E;hampton";-81;1171926929
00:18:39:D9:71:C9;Kerfuffle Village";-80;1171926929
00:09:5B:E9:9E:5C;Rookery";-82;1171926929
00:09:5B:CA:0B:B8;JACKS";-82;1171926931
00:09:5B:6F:B5:F8;NETGEAR";-81;1171926931
00:12:17:45:6E:41;I and N's Bar and Grill";-82;1171926931
00:09:5B:AC:88:6E;SoroushNet";-83;1171926931
00:14:BF:05:88:FF;linksys_SES_3373";-76;1171926931
00:06:25:55:D6:40;RoscoeNet";-80;1171926931
00:14:BF:77:16:59;linksys";-73;1171926931
00:18:39:D1:0D:EB;linksys_SES_28787";-81;1171926931
00:0F:B3:36:9F:9B;ACTIONTEC";-78;1171926931
00:40:05:B7:F6:CB;default";-77;1171926931
00:50:04:14:36:0E;hampton";-81;1171926931
00:18:39:D9:71:C9;Kerfuffle Village";-79;1171926931
00:09:5B:E9:9E:5C;Rookery";-83;1171926931
00:09:5B:CA:0B:B8;JACKS";-81;1171926932
00:09:5B:6F:B5:F8;NETGEAR";-81;1171926932
00:12:17:45:6E:41;I and N's Bar and Grill";-83;1171926932
00:09:5B:AC:88:6E;SoroushNet";-77;1171926932
00:14:BF:05:88:FF;linksys_SES_3373";-79;1171926932
00:06:25:55:D6:40;RoscoeNet";-81;1171926932
00:14:BF:77:16:59;linksys";-74;1171926932
00:18:39:D1:0D:EB;linksys_SES_28787";-82;1171926932
00:0F:B3:36:9F:9B;ACTIONTEC";-81;1171926932
00:40:05:B7:F6:CB;default";-77;1171926932
00:50:04:14:36:0E;hampton";-81;1171926932
00:18:39:D9:71:C9;Kerfuffle Village";-79;1171926932
00:09:5B:E9:9E:5C;Rookery";-82;1171926932
00:09:5B:CA:0B:B8;JACKS";-81;1171926933
00:09:5B:6F:B5:F8;NETGEAR";-81;1171926933
00:12:17:45:6E:41;I and N's Bar and Grill";-83;1171926933
00:09:5B:AC:88:6E;SoroushNet";-80;1171926933
00:14:BF:05:88:FF;linksys_SES_3373";-78;1171926933
00:06:25:55:D6:40;RoscoeNet";-80;1171926933
00:14:BF:77:16:59;linksys";-75;1171926933
00:18:39:D1:0D:EB;linksys_SES_28787";-83;1171926933
00:0F:B3:36:9F:9B;ACTIONTEC";-81;1171926933
00:40:05:B7:F6:CB;default";-77;1171926933
00:50:04:14:36:0E;hampton";-81;1171926933
00:18:39:D9:71:C9;Kerfuffle Village";-79;1171926933
00:09:5B:E9:9E:5C;Rookery";-80;1171926933
00:18:3F:A1:68:39;2WIRE908";-83;1171926933
00:09:5B:CA:0B:B8;JACKS";-82;1171926935
00:09:5B:6F:B5:F8;NETGEAR";-82;1171926935
00:12:17:45:6E:41;I and N's Bar and Grill";-83;1171926935
00:09:5B:AC:88:6E;SoroushNet";-80;1171926935
00:14:BF:05:88:FF;linksys_SES_3373";-77;1171926935
00:06:25:55:D6:40;RoscoeNet";-81;1171926935
00:14:BF:77:16:59;linksys";-71;1171926935
00:18:39:D1:0D:EB;linksys_SES_28787";-83;1171926935
00:0F:B3:36:9F:9B;ACTIONTEC";-82;1171926935
00:40:05:B7:F6:CB;default";-76;1171926935
00:50:04:14:36:0E;hampton";-81;1171926935
00:18:39:D9:71:C9;Kerfuffle Village";-79;1171926935
00:09:5B:E9:9E:5C;Rookery";-82;1171926935
00:18:3F:A1:68:39;2WIRE908";-83;1171926935
00:09:5B:CA:0B:B8;JACKS";-82;1171926936
00:09:5B:6F:B5:F8;NETGEAR";-81;1171926936
00:12:17:45:6E:41;I and N's Bar and Grill";-83;1171926936
00:09:5B:AC:88:6E;SoroushNet";-80;1171926936
00:14:BF:05:88:FF;linksys_SES_3373";-77;1171926936
00:06:25:55:D6:40;RoscoeNet";-80;1171926936
00:14:BF:77:16:59;linksys";-73;1171926936
00:18:39:D1:0D:EB;linksys_SES_28787";-82;1171926936
00:0F:B3:36:9F:9B;ACTIONTEC";-81;1171926936
00:40:05:B7:F6:CB;default";-76;1171926936
00:50:04:14:36:0E;hampton";-81;1171926936
00:18:39:D9:71:C9;Kerfuffle Village";-79;1171926936
00:09:5B:E9:9E:5C;Rookery";-81;1171926936
00:18:3F:A1:68:39;2WIRE908";-83;1171926936
00:09:5B:CA:0B:B8;JACKS";-80;1171926937
00:09:5B:6F:B5:F8;NETGEAR";-81;1171926937
00:12:17:45:6E:41;I and N's Bar and Grill";-83;1171926937
00:09:5B:AC:88:6E;SoroushNet";-80;1171926937
00:14:BF:05:88:FF;linksys_SES_3373";-78;1171926937
00:06:25:55:D6:40;RoscoeNet";-81;1171926937
00:14:BF:77:16:59;linksys";-75;1171926937
00:18:39:D1:0D:EB;linksys_SES_28787";-82;1171926937
00:0F:B3:36:9F:9B;ACTIONTEC";-81;1171926937
00:40:05:B7:F6:CB;default";-76;1171926937
00:50:04:14:36:0E;hampton";-81;1171926937
00:18:39:D9:71:C9;Kerfuffle Village";-80;1171926937
00:09:5B:E9:9E:5C;Rookery";-82;1171926937
00:18:3F:A1:68:39;2WIRE908";-83;1171926937
00:09:5B:CA:0B:B8;JACKS";-81;1171926938
00:09:5B:6F:B5:F8;NETGEAR";-82;1171926938
00:12:17:45:6E:41;I and N's Bar and Grill";-83;1171926938
00:09:5B:AC:88:6E;SoroushNet";-80;1171926938
00:14:BF:05:88:FF;linksys_SES_3373";-78;1171926938
00:06:25:55:D6:40;RoscoeNet";-80;1171926938
00:14:BF:77:16:59;linksys";-75;1171926938
00:18:39:D1:0D:EB;linksys_SES_28787";-82;1171926938
00:0F:B3:36:9F:9B;ACTIONTEC";-81;1171926938
00:40:05:B7:F6:CB;default";-78;1171926938
00:50:04:14:36:0E;hampton";-81;1171926938
00:18:39:D9:71:C9;Kerfuffle Village";-80;1171926938
00:09:5B:E9:9E:5C;Rookery";-81;1171926938
00:18:3F:A1:68:39;2WIRE908";-83;1171926938
00:09:5B:CA:0B:B8;JACKS";-79;1171926940
00:09:5B:6F:B5:F8;NETGEAR";-82;1171926940
00:12:17:45:6E:41;I and N's Bar and Grill";-83;1171926940
00:09:5B:AC:88:6E;SoroushNet";-81;1171926940
00:14:BF:05:88:FF;linksys_SES_3373";-78;1171926940
00:06:25:55:D6:40;RoscoeNet";-80;1171926940
00:14:BF:77:16:59;linksys";-80;1171926940
00:18:39:D1:0D:EB;linksys_SES_28787";-82;1171926940
00:0F:B3:36:9F:9B;ACTIONTEC";-81;1171926940
00:40:05:B7:F6:CB;default";-78;1171926940
00:50:04:14:36:0E;hampton";-81;1171926940
00:18:39:D9:71:C9;Kerfuffle Village";-83;1171926940
00:09:5B:E9:9E:5C;Rookery";-82;1171926940
00:18:3F:A1:68:39;2WIRE908";-85;1171926940
00:09:5B:CA:0B:B8;JACKS";-81;1171926941
00:09:5B:6F:B5:F8;NETGEAR";-81;1171926941
00:12:17:45:6E:41;I and N's Bar and Grill";-84;1171926941
00:09:5B:AC:88:6E;SoroushNet";-81;1171926941
00:14:BF:05:88:FF;linksys_SES_3373";-82;1171926941
00:06:25:55:D6:40;RoscoeNet";-80;1171926941
00:14:BF:77:16:59;linksys";-77;1171926941
00:18:39:D1:0D:EB;linksys_SES_28787";-82;1171926941
00:0F:B3:36:9F:9B;ACTIONTEC";-80;1171926941
00:40:05:B7:F6:CB;default";-78;1171926941
00:50:04:14:36:0E;hampton";-81;1171926941
00:18:39:D9:71:C9;Kerfuffle Village";-79;1171926941
00:09:5B:E9:9E:5C;Rookery";-82;1171926941
00:18:3F:A1:68:39;2WIRE908";-85;1171926941
00:09:5B:CA:0B:B8;JACKS";-80;1171926942
00:09:5B:6F:B5:F8;NETGEAR";-80;1171926942
00:12:17:45:6E:41;I and N's Bar and Grill";-84;1171926942
00:09:5B:AC:88:6E;SoroushNet";-81;1171926942
00:14:BF:05:88:FF;linksys_SES_3373";-82;1171926942
00:06:25:55:D6:40;RoscoeNet";-79;1171926942
00:14:BF:77:16:59;linksys";-74;1171926942
00:18:39:D1:0D:EB;linksys_SES_28787";-82;1171926942
00:0F:B3:36:9F:9B;ACTIONTEC";-80;1171926942
00:40:05:B7:F6:CB;default";-78;1171926942
00:50:04:14:36:0E;hampton";-81;1171926942
00:18:39:D9:71:C9;Kerfuffle Village";-81;1171926942
00:09:5B:E9:9E:5C;Rookery";-83;1171926942
00:18:3F:A1:68:39;2WIRE908";-85;1171926942
00:09:5B:CA:0B:B8;JACKS";-81;1171926943
00:09:5B:6F:B5:F8;NETGEAR";-80;1171926943
00:12:17:45:6E:41;I and N's Bar and Grill";-84;1171926943
00:09:5B:AC:88:6E;SoroushNet";-81;1171926943
00:14:BF:05:88:FF;linksys_SES_3373";-82;1171926943
00:06:25:55:D6:40;RoscoeNet";-80;1171926943
00:14:BF:77:16:59;linksys";-74;1171926943
00:18:39:D1:0D:EB;linksys_SES_28787";-82;1171926943
00:0F:B3:36:9F:9B;ACTIONTEC";-81;1171926943
00:40:05:B7:F6:CB;default";-78;1171926943
00:18:39:D9:71:C9;Kerfuffle Village";-78;1171926943
00:09:5B:E9:9E:5C;Rookery";-82;1171926943
00:18:3F:A1:68:39;2WIRE908";-85;1171926943
00:14:BF:34:F3:FF;linksys";-84;1171926943
00:09:5B:CA:0B:B8;JACKS";-81;1171926945
00:09:5B:6F:B5:F8;NETGEAR";-80;1171926945
00:12:17:45:6E:41;I and N's Bar and Grill";-84;1171926945
00:09:5B:AC:88:6E;SoroushNet";-81;1171926945
00:14:BF:05:88:FF;linksys_SES_3373";-77;1171926945
00:06:25:55:D6:40;RoscoeNet";-79;1171926945
00:14:BF:77:16:59;linksys";-73;1171926945
00:18:39:D1:0D:EB;linksys_SES_28787";-82;1171926945
00:12:17:0E:C0:D0;linksys";-83;1171926945
00:0F:B3:36:9F:9B;ACTIONTEC";-81;1171926945
00:40:05:B7:F6:CB;default";-78;1171926945
00:18:39:D9:71:C9;Kerfuffle Village";-77;1171926945
00:09:5B:E9:9E:5C;Rookery";-82;1171926945
00:18:3F:A1:68:39;2WIRE908";-85;1171926945
00:14:BF:34:F3:FF;linksys";-84;1171926945
00:09:5B:CA:0B:B8;JACKS";-81;1171926946
00:09:5B:6F:B5:F8;NETGEAR";-81;1171926946
00:12:17:45:6E:41;I and N's Bar and Grill";-84;1171926946
00:09:5B:AC:88:6E;SoroushNet";-82;1171926946
00:14:BF:05:88:FF;linksys_SES_3373";-77;1171926946
00:06:25:55:D6:40;RoscoeNet";-78;1171926946
00:14:BF:77:16:59;linksys";-75;1171926946
00:18:39:D1:0D:EB;linksys_SES_28787";-82;1171926946
00:12:17:0E:C0:D0;linksys";-83;1171926946
00:0F:B3:36:9F:9B;ACTIONTEC";-81;1171926946
00:40:05:B7:F6:CB;default";-78;1171926946
00:18:39:D9:71:C9;Kerfuffle Village";-79;1171926946
00:09:5B:E9:9E:5C;Rookery";-83;1171926946
00:18:3F:A1:68:39;2WIRE908";-85;1171926946
00:14:BF:34:F3:FF;linksys";-84;1171926946
00:09:5B:CA:0B:B8;JACKS";-82;1171926947;Cowen Park Grocery
00:09:5B:6F:B5:F8;NETGEAR";-81;1171926947;Cowen Park Grocery
00:12:17:45:6E:41;I and N's Bar and Grill";-84;1171926947;Cowen Park Grocery
00:09:5B:AC:88:6E;SoroushNet";-82;1171926947;Cowen Park Grocery
00:14:BF:05:88:FF;linksys_SES_3373";-79;1171926947;Cowen Park Grocery
00:06:25:55:D6:40;RoscoeNet";-81;1171926947;Cowen Park Grocery
00:14:BF:77:16:59;linksys";-73;1171926947;Cowen Park Grocery
00:18:39:D1:0D:EB;linksys_SES_28787";-82;1171926947;Cowen Park Grocery
00:12:17:0E:C0:D0;linksys";-83;1171926947;Cowen Park Grocery
00:0F:B3:36:9F:9B;ACTIONTEC";-81;1171926947;Cowen Park Grocery
00:40:05:B7:F6:CB;default";-78;1171926947;Cowen Park Grocery
00:18:39:D9:71:C9;Kerfuffle Village";-80;1171926947;Cowen Park Grocery
00:09:5B:E9:9E:5C;Rookery";-84;1171926947;Cowen Park Grocery
00:18:3F:A1:68:39;2WIRE908";-85;1171926947;Cowen Park Grocery
00:14:BF:34:F3:FF;linksys";-84;1171926947;Cowen Park Grocery
00:09:5B:CA:0B:B8;JACKS";-82;1171926949;Cowen Park Grocery
00:09:5B:6F:B5:F8;NETGEAR";-81;1171926949;Cowen Park Grocery
00:12:17:45:6E:41;I and N's Bar and Grill";-84;1171926949;Cowen Park Grocery
00:09:5B:AC:88:6E;SoroushNet";-81;1171926949;Cowen Park Grocery
00:14:BF:05:88:FF;linksys_SES_3373";-78;1171926949;Cowen Park Grocery
00:06:25:55:D6:40;RoscoeNet";-79;1171926949;Cowen Park Grocery
00:14:BF:77:16:59;linksys";-70;1171926949;Cowen Park Grocery
00:18:39:D1:0D:EB;linksys_SES_28787";-82;1171926949;Cowen Park Grocery
00:12:17:0E:C0:D0;linksys";-83;1171926949;Cowen Park Grocery
00:0F:B3:36:9F:9B;ACTIONTEC";-81;1171926949;Cowen Park Grocery
00:40:05:B7:F6:CB;default";-77;1171926949;Cowen Park Grocery
00:18:39:D9:71:C9;Kerfuffle Village";-84;1171926949;Cowen Park Grocery
00:09:5B:E9:9E:5C;Rookery";-83;1171926949;Cowen Park Grocery
00:18:3F:A1:68:39;2WIRE908";-85;1171926949;Cowen Park Grocery
00:14:BF:34:F3:FF;linksys";-84;1171926949;Cowen Park Grocery
00:09:5B:CA:0B:B8;JACKS";-84;1171926950
00:09:5B:6F:B5:F8;NETGEAR";-81;1171926950
00:12:17:45:6E:41;I and N's Bar and Grill";-84;1171926950
00:09:5B:AC:88:6E;SoroushNet";-81;1171926950
00:14:BF:05:88:FF;linksys_SES_3373";-77;1171926950
00:06:25:55:D6:40;RoscoeNet";-81;1171926950
00:14:BF:77:16:59;linksys";-69;1171926950
00:18:39:D1:0D:EB;linksys_SES_28787";-82;1171926950
00:12:17:0E:C0:D0;linksys";-83;1171926950
00:0F:B3:36:9F:9B;ACTIONTEC";-81;1171926950
00:40:05:B7:F6:CB;default";-77;1171926950
00:18:39:D9:71:C9;Kerfuffle Village";-80;1171926950
00:09:5B:E9:9E:5C;Rookery";-83;1171926950
00:18:3F:A1:68:39;2WIRE908";-85;1171926950
00:14:BF:34:F3:FF;linksys";-84;1171926950
00:09:5B:CA:0B:B8;JACKS";-83;1171926951
00:09:5B:6F:B5:F8;NETGEAR";-81;1171926951
00:12:17:45:6E:41;I and N's Bar and Grill";-84;1171926951
00:09:5B:AC:88:6E;SoroushNet";-81;1171926951
00:14:BF:05:88:FF;linksys_SES_3373";-81;1171926951
00:06:25:55:D6:40;RoscoeNet";-81;1171926951
00:14:BF:77:16:59;linksys";-70;1171926951
00:12:17:0E:C0:D0;linksys";-80;1171926951
00:0F:B3:36:9F:9B;ACTIONTEC";-83;1171926951
00:40:05:B7:F6:CB;default";-77;1171926951
00:18:39:D9:71:C9;Kerfuffle Village";-83;1171926951
00:09:5B:E9:9E:5C;Rookery";-83;1171926951
00:18:3F:A1:68:39;2WIRE908";-85;1171926951
00:14:BF:34:F3:FF;linksys";-84;1171926951
00:09:5B:CA:0B:B8;JACKS";-83;1171926952
00:09:5B:6F:B5:F8;NETGEAR";-83;1171926952
00:12:17:45:6E:41;I and N's Bar and Grill";-84;1171926952
00:09:5B:AC:88:6E;SoroushNet";-81;1171926952
00:14:BF:05:88:FF;linksys_SES_3373";-77;1171926952
00:06:25:55:D6:40;RoscoeNet";-81;1171926952
00:14:BF:77:16:59;linksys";-69;1171926952
00:12:17:0E:C0:D0;linksys";-80;1171926952
00:0F:B3:36:9F:9B;ACTIONTEC";-83;1171926952
00:40:05:B7:F6:CB;default";-77;1171926952
00:18:39:D9:71:C9;Kerfuffle Village";-79;1171926952
00:09:5B:E9:9E:5C;Rookery";-83;1171926952
00:18:3F:A1:68:39;2WIRE908";-85;1171926952
00:14:BF:34:F3:FF;linksys";-84;1171926952
00:09:5B:CA:0B:B8;JACKS";-83;1171926954
00:09:5B:6F:B5:F8;NETGEAR";-83;1171926954
00:12:17:45:6E:41;I and N's Bar and Grill";-84;1171926954
00:09:5B:AC:88:6E;SoroushNet";-81;1171926954
00:14:BF:05:88:FF;linksys_SES_3373";-77;1171926954
00:06:25:55:D6:40;RoscoeNet";-80;1171926954
00:14:BF:77:16:59;linksys";-70;1171926954
00:12:17:0E:C0:D0;linksys";-80;1171926954
00:0F:B3:36:9F:9B;ACTIONTEC";-83;1171926954
00:40:05:B7:F6:CB;default";-75;1171926954
00:18:39:D9:71:C9;Kerfuffle Village";-79;1171926954
00:09:5B:E9:9E:5C;Rookery";-83;1171926954
00:18:3F:A1:68:39;2WIRE908";-85;1171926954
00:14:BF:34:F3:FF;linksys";-84;1171926954
00:09:5B:CA:0B:B8;JACKS";-82;1171926955
00:09:5B:6F:B5:F8;NETGEAR";-82;1171926955
00:12:17:45:6E:41;I and N's Bar and Grill";-84;1171926955
00:09:5B:AC:88:6E;SoroushNet";-81;1171926955
00:14:BF:05:88:FF;linksys_SES_3373";-81;1171926955
00:06:25:55:D6:40;RoscoeNet";-80;1171926955
00:14:BF:77:16:59;linksys";-74;1171926955
00:18:39:D1:0D:EB;linksys_SES_28787";-82;1171926955
00:12:17:0E:C0:D0;linksys";-80;1171926955
00:0F:B3:36:9F:9B;ACTIONTEC";-82;1171926955
00:40:05:B7:F6:CB;default";-76;1171926955
00:18:39:D9:71:C9;Kerfuffle Village";-80;1171926955
00:09:5B:E9:9E:5C;Rookery";-82;1171926955
00:14:BF:34:F3:FF;linksys";-84;1171926955
00:15:E9:7A:57:82;<hidden>";-83;1171926955
00:09:5B:CA:0B:B8;JACKS";-81;1171926956
00:09:5B:6F:B5:F8;NETGEAR";-82;1171926956
00:09:5B:AC:88:6E;SoroushNet";-78;1171926956
00:14:BF:05:88:FF;linksys_SES_3373";-83;1171926956
00:06:25:55:D6:40;RoscoeNet";-80;1171926956
00:14:BF:77:16:59;linksys";-76;1171926956
00:18:39:D1:0D:EB;linksys_SES_28787";-82;1171926956
00:12:17:0E:C0:D0;linksys";-80;1171926956
00:0F:B3:36:9F:9B;ACTIONTEC";-82;1171926956
00:40:05:B7:F6:CB;default";-78;1171926956
00:18:39:D9:71:C9;Kerfuffle Village";-80;1171926956
00:09:5B:E9:9E:5C;Rookery";-82;1171926956
00:14:BF:34:F3:FF;linksys";-84;1171926956
00:15:E9:7A:57:82;<hidden>";-83;1171926956
00:09:5B:CA:0B:B8;JACKS";-81;1171926957
00:09:5B:6F:B5:F8;NETGEAR";-82;1171926957
00:09:5B:AC:88:6E;SoroushNet";-78;1171926957
00:14:BF:05:88:FF;linksys_SES_3373";-84;1171926957
00:06:25:55:D6:40;RoscoeNet";-80;1171926957
00:14:BF:77:16:59;linksys";-76;1171926957
00:18:39:D1:0D:EB;linksys_SES_28787";-82;1171926957
00:12:17:0E:C0:D0;linksys";-80;1171926957
00:0F:B3:36:9F:9B;ACTIONTEC";-82;1171926957
00:40:05:B7:F6:CB;default";-78;1171926957
00:18:39:D9:71:C9;Kerfuffle Village";-80;1171926957
00:09:5B:E9:9E:5C;Rookery";-82;1171926957
00:14:BF:34:F3:FF;linksys";-84;1171926957
00:15:E9:7A:57:82;<hidden>";-83;1171926957
00:09:5B:CA:0B:B8;JACKS";-81;1171926959
00:09:5B:6F:B5:F8;NETGEAR";-82;1171926959
00:09:5B:AC:88:6E;SoroushNet";-78;1171926959
00:14:BF:05:88:FF;linksys_SES_3373";-84;1171926959
00:06:25:55:D6:40;RoscoeNet";-80;1171926959
00:14:BF:77:16:59;linksys";-76;1171926959
00:18:39:D1:0D:EB;linksys_SES_28787";-82;1171926959
00:12:17:0E:C0:D0;linksys";-80;1171926959
00:0F:B3:36:9F:9B;ACTIONTEC";-82;1171926959
00:40:05:B7:F6:CB;default";-78;1171926959
00:18:39:D9:71:C9;Kerfuffle Village";-80;1171926959
00:09:5B:E9:9E:5C;Rookery";-82;1171926959
00:15:E9:7A:57:82;<hidden>";-83;1171926959
00:09:5B:CA:0B:B8;JACKS";-81;1171926960
00:09:5B:6F:B5:F8;NETGEAR";-82;1171926960
00:09:5B:AC:88:6E;SoroushNet";-78;1171926960
00:14:BF:05:88:FF;linksys_SES_3373";-84;1171926960
00:06:25:55:D6:40;RoscoeNet";-80;1171926960
00:14:BF:77:16:59;linksys";-76;1171926960
00:18:39:D1:0D:EB;linksys_SES_28787";-82;1171926960
00:12:17:0E:C0:D0;linksys";-80;1171926960
00:0F:B3:36:9F:9B;ACTIONTEC";-82;1171926960
00:40:05:B7:F6:CB;default";-78;1171926960
00:18:39:D9:71:C9;Kerfuffle Village";-80;1171926960
00:09:5B:E9:9E:5C;Rookery";-82;1171926960
00:15:E9:7A:57:82;<hidden>";-83;1171926960
00:09:5B:CA:0B:B8;JACKS";-81;1171926961
00:09:5B:6F:B5:F8;NETGEAR";-82;1171926961
00:09:5B:AC:88:6E;SoroushNet";-78;1171926961
00:14:BF:05:88:FF;linksys_SES_3373";-84;1171926961
00:06:25:55:D6:40;RoscoeNet";-80;1171926961
00:14:BF:77:16:59;linksys";-76;1171926961
00:18:39:D1:0D:EB;linksys_SES_28787";-82;1171926961
00:12:17:0E:C0:D0;linksys";-80;1171926961
00:0F:B3:36:9F:9B;ACTIONTEC";-82;1171926961
00:40:05:B7:F6:CB;default";-78;1171926961
00:18:39:D9:71:C9;Kerfuffle Village";-80;1171926961
00:09:5B:E9:9E:5C;Rookery";-82;1171926961
00:15:E9:7A:57:82;<hidden>";-83;1171926961
00:09:5B:CA:0B:B8;JACKS";-81;1171926962
00:09:5B:6F:B5:F8;NETGEAR";-82;1171926962
00:09:5B:AC:88:6E;SoroushNet";-78;1171926962
00:14:BF:05:88:FF;linksys_SES_3373";-84;1171926962
00:06:25:55:D6:40;RoscoeNet";-80;1171926962
00:14:BF:77:16:59;linksys";-76;1171926962
00:18:39:D1:0D:EB;linksys_SES_28787";-82;1171926962
00:12:17:0E:C0:D0;linksys";-80;1171926962
00:0F:B3:36:9F:9B;ACTIONTEC";-82;1171926962
00:40:05:B7:F6:CB;default";-78;1171926962
00:18:39:D9:71:C9;Kerfuffle Village";-80;1171926962
00:09:5B:E9:9E:5C;Rookery";-82;1171926962
00:15:E9:7A:57:82;<hidden>";-83;1171926962
00:09:5B:CA:0B:B8;JACKS";-81;1171926964
00:09:5B:6F:B5:F8;NETGEAR";-82;1171926964
00:09:5B:AC:88:6E;SoroushNet";-78;1171926964
00:14:BF:05:88:FF;linksys_SES_3373";-84;1171926964
00:06:25:55:D6:40;RoscoeNet";-80;1171926964
00:14:BF:77:16:59;linksys";-76;1171926964
00:18:39:D1:0D:EB;linksys_SES_28787";-82;1171926964
00:12:17:0E:C0:D0;linksys";-80;1171926964
00:0F:B3:36:9F:9B;ACTIONTEC";-82;1171926964
00:40:05:B7:F6:CB;default";-78;1171926964
00:18:39:D9:71:C9;Kerfuffle Village";-80;1171926964
00:09:5B:E9:9E:5C;Rookery";-82;1171926964
00:15:E9:7A:57:82;<hidden>";-83;1171926964
00:09:5B:CA:0B:B8;JACKS";-81;1171926965
00:09:5B:6F:B5:F8;NETGEAR";-82;1171926965
00:09:5B:AC:88:6E;SoroushNet";-78;1171926965
00:14:BF:05:88:FF;linksys_SES_3373";-84;1171926965
00:06:25:55:D6:40;RoscoeNet";-80;1171926965
00:14:BF:77:16:59;linksys";-83;1171926965
00:18:39:D1:0D:EB;linksys_SES_28787";-82;1171926965
00:12:17:0E:C0:D0;linksys";-80;1171926965
00:0F:B3:36:9F:9B;ACTIONTEC";-82;1171926965
00:40:05:B7:F6:CB;default";-78;1171926965
00:18:39:D9:71:C9;Kerfuffle Village";-80;1171926965
00:09:5B:E9:9E:5C;Rookery";-82;1171926965
00:15:E9:7A:57:82;<hidden>";-83;1171926965
00:09:5B:CA:0B:B8;JACKS";-81;1171926966
00:09:5B:6F:B5:F8;NETGEAR";-82;1171926966
00:09:5B:AC:88:6E;SoroushNet";-83;1171926966
00:14:BF:05:88:FF;linksys_SES_3373";-84;1171926966
00:06:25:55:D6:40;RoscoeNet";-80;1171926966
00:14:BF:77:16:59;linksys";-80;1171926966
00:18:39:D1:0D:EB;linksys_SES_28787";-82;1171926966
00:0F:B3:36:9F:9B;ACTIONTEC";-82;1171926966
00:40:05:B7:F6:CB;default";-78;1171926966
00:18:39:D9:71:C9;Kerfuffle Village";-80;1171926966
00:09:5B:E9:9E:5C;Rookery";-82;1171926966
00:15:E9:7A:57:82;<hidden>";-83;1171926966
00:09:5B:CA:0B:B8;JACKS";-81;1171926968
00:09:5B:6F:B5:F8;NETGEAR";-82;1171926968
00:09:5B:AC:88:6E;SoroushNet";-83;1171926968
00:14:BF:05:88:FF;linksys_SES_3373";-84;1171926968
00:14:BF:77:16:59;linksys";-81;1171926968
00:18:39:D1:0D:EB;linksys_SES_28787";-82;1171926968
00:0F:B3:36:9F:9B;ACTIONTEC";-82;1171926968
00:40:05:B7:F6:CB;default";-78;1171926968
00:18:39:D9:71:C9;Kerfuffle Village";-80;1171926968
00:09:5B:E9:9E:5C;Rookery";-82;1171926968
00:15:E9:7A:57:82;<hidden>";-83;1171926968
00:09:5B:CA:0B:B8;JACKS";-81;1171926969
00:09:5B:6F:B5:F8;NETGEAR";-82;1171926969
00:09:5B:AC:88:6E;SoroushNet";-83;1171926969
00:14:BF:05:88:FF;linksys_SES_3373";-84;1171926969
00:14:BF:77:16:59;linksys";-81;1171926969
00:0F:B3:36:9F:9B;ACTIONTEC";-82;1171926969
00:40:05:B7:F6:CB;default";-78;1171926969
00:09:5B:E9:9E:5C;Rookery";-82;1171926969
00:15:E9:7A:57:82;<hidden>";-83;1171926969
00:09:5B:CA:0B:B8;JACKS";-81;1171926970
00:09:5B:AC:88:6E;SoroushNet";-83;1171926970
00:14:BF:05:88:FF;linksys_SES_3373";-84;1171926970
00:14:BF:77:16:59;linksys";-80;1171926970
00:40:05:B7:F6:CB;default";-78;1171926970
00:09:5B:AC:88:6E;SoroushNet";-83;1171926971
00:14:BF:05:88:FF;linksys_SES_3373";-84;1171926971
00:14:BF:77:16:59;linksys";-69;1171926971
00:09:5B:AC:88:6E;SoroushNet";-83;1171926973
00:14:BF:77:16:59;linksys";-68;1171926973
00:09:5B:AC:88:6E;SoroushNet";-83;1171926974
00:14:BF:77:16:59;linksys";-85;1171926974
00:09:5B:AC:88:6E;SoroushNet";-83;1171926975
00:14:BF:77:16:59;linksys";-66;1171926975
00:09:5B:AC:88:6E;SoroushNet";-83;1171926976
00:14:BF:77:16:59;linksys";-60;1171926976
00:13:46:4B:5B:98;default";-81;1171926976
00:09:5B:AC:88:6E;SoroushNet";-83;1171926978
00:14:BF:77:16:59;linksys";-63;1171926978
00:13:46:4B:5B:98;default";-81;1171926978
00:09:5B:AC:88:6E;SoroushNet";-83;1171926979
00:14:BF:77:16:59;linksys";-78;1171926979
00:13:46:4B:5B:98;default";-81;1171926979
00:09:5B:AC:88:6E;SoroushNet";-83;1171926980
00:14:BF:77:16:59;linksys";-71;1171926980
00:13:46:4B:5B:98;default";-82;1171926980
00:14:BF:77:16:59;linksys";-78;1171926981
00:13:46:4B:5B:98;default";-82;1171926981
00:14:BF:77:16:59;linksys";-79;1171926983
00:18:39:D1:0D:EB;linksys_SES_28787";-85;1171926983
00:13:46:4B:5B:98;default";-81;1171926983
00:14:BF:77:16:59;linksys";-72;1171926984
00:18:39:D1:0D:EB;linksys_SES_28787";-83;1171926984
00:13:46:4B:5B:98;default";-83;1171926984
00:14:BF:77:16:59;linksys";-67;1171926985
00:18:39:D1:0D:EB;linksys_SES_28787";-83;1171926985
00:13:46:4B:5B:98;default";-83;1171926985
00:14:BF:77:16:59;linksys";-52;1171926987
00:18:39:D1:0D:EB;linksys_SES_28787";-84;1171926987
00:13:46:4B:5B:98;default";-83;1171926987
00:14:BF:77:16:59;linksys";-58;1171926988
00:18:39:D1:0D:EB;linksys_SES_28787";-80;1171926988
00:13:46:4B:5B:98;default";-83;1171926988
00:14:BF:77:16:59;linksys";-60;1171926989
00:18:39:D1:0D:EB;linksys_SES_28787";-77;1171926989
00:13:46:4B:5B:98;default";-83;1171926989
00:14:BF:77:16:59;linksys";-61;1171926990
00:18:39:D1:0D:EB;linksys_SES_28787";-72;1171926990
00:13:46:4B:5B:98;default";-83;1171926990
00:14:BF:77:16:59;linksys";-78;1171926992
00:18:39:D1:0D:EB;linksys_SES_28787";-73;1171926992
00:13:46:4B:5B:98;default";-83;1171926992
00:14:BF:77:16:59;linksys";-74;1171926993
00:18:39:D1:0D:EB;linksys_SES_28787";-79;1171926993
00:13:46:4B:5B:98;default";-83;1171926993
00:14:BF:77:16:59;linksys";-82;1171926994
00:18:39:D1:0D:EB;linksys_SES_28787";-77;1171926994
00:13:46:4B:5B:98;default";-83;1171926994
00:14:BF:77:16:59;linksys";-80;1171926995
00:18:39:D1:0D:EB;linksys_SES_28787";-71;1171926995
00:13:46:4B:5B:98;default";-83;1171926995
00:14:BF:77:16:59;linksys";-80;1171926997
00:18:39:D1:0D:EB;linksys_SES_28787";-68;1171926997
00:13:46:4B:5B:98;default";-83;1171926997
00:12:17:0E:C0:D0;linksys";-81;1171926997
00:14:BF:77:16:59;linksys";-80;1171926998
00:18:39:D1:0D:EB;linksys_SES_28787";-63;1171926998
00:13:46:4B:5B:98;default";-83;1171926998
00:12:17:0E:C0:D0;linksys";-79;1171926998
00:14:BF:77:16:59;linksys";-85;1171926999
00:18:39:D1:0D:EB;linksys_SES_28787";-61;1171926999
00:13:46:4B:5B:98;default";-78;1171926999
00:12:17:0E:C0:D0;linksys";-79;1171926999
00:14:BF:77:16:59;linksys";-83;1171927000
00:18:39:D1:0D:EB;linksys_SES_28787";-55;1171927000
00:13:46:4B:5B:98;default";-78;1171927000
00:12:17:0E:C0:D0;linksys";-79;1171927000
00:14:BF:77:16:59;linksys";-83;1171927002
00:18:39:D1:0D:EB;linksys_SES_28787";-61;1171927002
00:13:46:4B:5B:98;default";-78;1171927002
00:12:17:0E:C0:D0;linksys";-79;1171927002
00:14:BF:77:16:59;linksys";-83;1171927003
00:18:39:D1:0D:EB;linksys_SES_28787";-67;1171927003
00:13:46:4B:5B:98;default";-78;1171927003
00:12:17:0E:C0:D0;linksys";-79;1171927003
00:14:BF:77:16:59;linksys";-78;1171927004
00:18:39:D1:0D:EB;linksys_SES_28787";-62;1171927004
00:13:46:4B:5B:98;default";-78;1171927004
00:12:17:0E:C0:D0;linksys";-79;1171927004
00:14:BF:77:16:59;linksys";-85;1171927006
00:18:39:D1:0D:EB;linksys_SES_28787";-70;1171927006
00:13:46:4B:5B:98;default";-84;1171927006
00:14:BF:13:36:CB;Brooklyn";-81;1171927006
00:12:17:0E:C0:D0;linksys";-79;1171927006
00:14:BF:77:16:59;linksys";-85;1171927007
00:18:39:D1:0D:EB;linksys_SES_28787";-70;1171927007
00:13:46:4B:5B:98;default";-84;1171927007
00:14:BF:13:36:CB;Brooklyn";-81;1171927007
00:12:17:0E:C0:D0;linksys";-79;1171927007
00:14:BF:77:16:59;linksys";-85;1171927008
00:18:39:D1:0D:EB;linksys_SES_28787";-72;1171927008
00:13:46:4B:5B:98;default";-84;1171927008
00:18:39:F3:E0:92;Megan";-77;1171927008
00:14:BF:13:36:CB;Brooklyn";-81;1171927008
00:12:17:0E:C0:D0;linksys";-79;1171927008
00:14:BF:77:16:59;linksys";-85;1171927009
00:18:39:D1:0D:EB;linksys_SES_28787";-74;1171927009
00:13:46:4B:5B:98;default";-81;1171927009
00:18:39:F3:E0:92;Megan";-86;1171927009
00:14:BF:13:36:CB;Brooklyn";-79;1171927009
00:12:17:0E:C0:D0;linksys";-79;1171927009
00:14:BF:77:16:59;linksys";-85;1171927011
00:18:39:D1:0D:EB;linksys_SES_28787";-68;1171927011
00:13:46:4B:5B:98;default";-81;1171927011
00:18:39:F3:E0:92;Megan";-80;1171927011
00:14:BF:13:36:CB;Brooklyn";-72;1171927011
00:12:17:0E:C0:D0;linksys";-79;1171927011
00:14:BF:77:16:59;linksys";-85;1171927012
00:18:39:D1:0D:EB;linksys_SES_28787";-75;1171927012
00:13:46:4B:5B:98;default";-82;1171927012
00:18:39:F3:E0:92;Megan";-80;1171927012
00:14:BF:13:36:CB;Brooklyn";-77;1171927012
00:14:BF:77:16:59;linksys";-83;1171927013
00:18:39:D1:0D:EB;linksys_SES_28787";-74;1171927013
00:13:46:4B:5B:98;default";-73;1171927013
00:18:39:F3:E0:92;Megan";-83;1171927013
00:14:BF:13:36:CB;Brooklyn";-74;1171927013
00:14:BF:77:16:59;linksys";-85;1171927014
00:18:39:D1:0D:EB;linksys_SES_28787";-78;1171927014
00:13:46:4B:5B:98;default";-85;1171927014
00:18:39:F3:E0:92;Megan";-86;1171927014
00:14:BF:13:36:CB;Brooklyn";-75;1171927014
00:14:BF:77:16:59;linksys";-84;1171927016
00:18:39:D1:0D:EB;linksys_SES_28787";-73;1171927016
00:13:46:4B:5B:98;default";-83;1171927016
00:18:39:F3:E0:92;Megan";-73;1171927016
00:14:BF:13:36:CB;Brooklyn";-75;1171927016
00:14:BF:77:16:59;linksys";-84;1171927017
00:18:39:D1:0D:EB;linksys_SES_28787";-76;1171927017
00:13:46:4B:5B:98;default";-83;1171927017
00:18:39:F3:E0:92;Megan";-73;1171927017
00:14:BF:13:36:CB;Brooklyn";-75;1171927017
00:14:BF:77:16:59;linksys";-84;1171927018
00:18:39:D1:0D:EB;linksys_SES_28787";-82;1171927018
00:13:46:4B:5B:98;default";-80;1171927018
00:18:39:F3:E0:92;Megan";-73;1171927018
00:14:BF:13:36:CB;Brooklyn";-77;1171927018
00:14:BF:77:16:59;linksys";-84;1171927019
00:18:39:D1:0D:EB;linksys_SES_28787";-67;1171927019
00:13:46:4B:5B:98;default";-75;1171927019
00:18:39:F3:E0:92;Megan";-73;1171927019
00:0F:B3:42:41:45;PRD";-78;1171927019
00:14:BF:13:36:CB;Brooklyn";-73;1171927019
00:14:BF:77:16:59;linksys";-84;1171927021
00:18:39:D1:0D:EB;linksys_SES_28787";-71;1171927021
00:13:46:4B:5B:98;default";-75;1171927021
00:18:39:F3:E0:92;Megan";-73;1171927021
00:0F:B3:42:41:45;PRD";-78;1171927021
00:14:BF:13:36:CB;Brooklyn";-72;1171927021
00:14:BF:77:16:59;linksys";-80;1171927022
00:18:39:D1:0D:EB;linksys_SES_28787";-78;1171927022
00:13:46:4B:5B:98;default";-75;1171927022
00:18:39:F3:E0:92;Megan";-73;1171927022
00:0F:B3:42:41:45;PRD";-80;1171927022
00:14:BF:13:36:CB;Brooklyn";-77;1171927022
00:14:BF:77:16:59;linksys";-84;1171927023
00:18:39:D1:0D:EB;linksys_SES_28787";-65;1171927023
00:13:46:4B:5B:98;default";-75;1171927023
00:18:39:F3:E0:92;Megan";-73;1171927023
00:0F:B3:42:41:45;PRD";-80;1171927023
00:14:BF:13:36:CB;Brooklyn";-69;1171927023
00:14:BF:77:16:59;linksys";-84;1171927025
00:18:39:D1:0D:EB;linksys_SES_28787";-65;1171927025
00:13:46:4B:5B:98;default";-83;1171927025
00:18:39:F3:E0:92;Megan";-73;1171927025
00:0F:B3:42:41:45;PRD";-80;1171927025
00:14:BF:13:36:CB;Brooklyn";-77;1171927025
00:14:BF:77:16:59;linksys";-84;1171927026
00:18:39:D1:0D:EB;linksys_SES_28787";-83;1171927026
00:13:46:4B:5B:98;default";-80;1171927026
00:18:39:F3:E0:92;Megan";-73;1171927026
00:0F:B3:42:41:45;PRD";-71;1171927026
00:14:BF:13:36:CB;Brooklyn";-70;1171927026
00:14:BF:77:16:59;linksys";-84;1171927027
00:18:39:D1:0D:EB;linksys_SES_28787";-83;1171927027
00:13:46:4B:5B:98;default";-80;1171927027
00:18:39:F3:E0:92;Megan";-73;1171927027
00:0F:B3:42:41:45;PRD";-80;1171927027
00:14:BF:13:36:CB;Brooklyn";-72;1171927027
00:14:BF:77:16:59;linksys";-84;1171927028
00:18:39:D1:0D:EB;linksys_SES_28787";-83;1171927028
00:13:46:4B:5B:98;default";-80;1171927028
00:18:39:F3:E0:92;Megan";-73;1171927028
00:0F:B3:42:41:45;PRD";-77;1171927028
00:14:BF:13:36:CB;Brooklyn";-73;1171927028
00:13:10:9D:9D:4E;linksys";-82;1171927028
00:14:BF:17:02:AB;linksys-coolerthanyou";-73;1171927028
00:14:BF:77:16:59;linksys";-84;1171927030
00:18:39:D1:0D:EB;linksys_SES_28787";-83;1171927030
00:13:46:4B:5B:98;default";-80;1171927030
00:18:39:F3:E0:92;Megan";-73;1171927030
00:0F:B3:42:41:45;PRD";-74;1171927030
00:14:BF:13:36:CB;Brooklyn";-64;1171927030
00:13:10:9D:9D:4E;linksys";-82;1171927030
00:14:BF:17:02:AB;linksys-coolerthanyou";-75;1171927030
00:14:BF:77:16:59;linksys";-84;1171927031
00:18:39:D1:0D:EB;linksys_SES_28787";-83;1171927031
00:13:46:4B:5B:98;default";-80;1171927031
00:0F:B3:42:41:45;PRD";-70;1171927031
00:14:BF:13:36:CB;Brooklyn";-69;1171927031
00:13:10:9D:9D:4E;linksys";-83;1171927031
00:14:BF:17:02:AB;linksys-coolerthanyou";-75;1171927031
00:14:BF:77:16:59;linksys";-84;1171927032
00:18:39:D1:0D:EB;linksys_SES_28787";-83;1171927032
00:13:46:4B:5B:98;default";-80;1171927032
00:0F:B3:42:41:45;PRD";-76;1171927032
00:14:BF:13:36:CB;Brooklyn";-68;1171927032
00:13:10:9D:9D:4E;linksys";-85;1171927032
00:14:BF:17:02:AB;linksys-coolerthanyou";-75;1171927032
00:0F:66:BA:83:18;linksys";-83;1171927032
00:14:BF:77:16:59;linksys";-84;1171927033
00:18:39:D1:0D:EB;linksys_SES_28787";-83;1171927033
00:13:46:4B:5B:98;default";-80;1171927033
00:0F:B3:42:41:45;PRD";-69;1171927033
00:14:BF:13:36:CB;Brooklyn";-67;1171927033
00:13:10:9D:9D:4E;linksys";-83;1171927033
00:14:BF:17:02:AB;linksys-coolerthanyou";-75;1171927033
00:0F:66:BA:83:18;linksys";-83;1171927033
00:14:BF:77:16:59;linksys";-84;1171927035
00:18:39:D1:0D:EB;linksys_SES_28787";-83;1171927035
00:13:46:4B:5B:98;default";-80;1171927035
00:0F:B3:42:41:45;PRD";-69;1171927035
00:14:BF:13:36:CB;Brooklyn";-68;1171927035
00:13:10:9D:9D:4E;linksys";-81;1171927035
00:14:BF:17:02:AB;linksys-coolerthanyou";-70;1171927035
00:0F:66:BA:83:18;linksys";-83;1171927035
00:14:BF:77:16:59;linksys";-84;1171927036
00:18:39:D1:0D:EB;linksys_SES_28787";-84;1171927036
00:13:46:4B:5B:98;default";-80;1171927036
00:0F:B3:42:41:45;PRD";-74;1171927036
00:14:BF:13:36:CB;Brooklyn";-69;1171927036
00:13:10:9D:9D:4E;linksys";-78;1171927036
00:14:BF:17:02:AB;linksys-coolerthanyou";-75;1171927036
00:0F:66:BA:83:18;linksys";-79;1171927036
00:14:BF:77:16:59;linksys";-84;1171927037
00:18:39:D1:0D:EB;linksys_SES_28787";-84;1171927037
00:13:46:4B:5B:98;default";-80;1171927037
00:0F:B3:42:41:45;PRD";-74;1171927037
00:14:BF:13:36:CB;Brooklyn";-61;1171927037
00:13:10:9D:9D:4E;linksys";-72;1171927037
00:14:BF:17:02:AB;linksys-coolerthanyou";-75;1171927037
00:0F:66:BA:83:18;linksys";-82;1171927037
00:18:39:D1:0D:EB;linksys_SES_28787";-84;1171927039
00:13:46:4B:5B:98;default";-80;1171927039
00:0F:B3:42:41:45;PRD";-73;1171927039
00:14:BF:13:36:CB;Brooklyn";-69;1171927039
00:13:10:9D:9D:4E;linksys";-81;1171927039
00:14:BF:17:02:AB;linksys-coolerthanyou";-75;1171927039
00:0F:66:BA:83:18;linksys";-79;1171927039
00:18:39:D1:0D:EB;linksys_SES_28787";-84;1171927040
00:13:46:4B:5B:98;default";-80;1171927040
00:0F:B3:42:41:45;PRD";-74;1171927040
00:14:BF:13:36:CB;Brooklyn";-66;1171927040
00:13:10:9D:9D:4E;linksys";-83;1171927040
00:14:BF:17:02:AB;linksys-coolerthanyou";-75;1171927040
00:0F:66:BA:83:18;linksys";-83;1171927040
00:18:39:D1:0D:EB;linksys_SES_28787";-84;1171927041
00:0F:B3:42:41:45;PRD";-74;1171927041
00:14:BF:13:36:CB;Brooklyn";-64;1171927041
00:13:10:9D:9D:4E;linksys";-81;1171927041
00:14:BF:17:02:AB;linksys-coolerthanyou";-73;1171927041
00:0F:66:BA:83:18;linksys";-83;1171927041
00:18:39:D1:0D:EB;linksys_SES_28787";-84;1171927042
00:0F:B3:42:41:45;PRD";-73;1171927042
00:14:BF:13:36:CB;Brooklyn";-63;1171927042
00:13:10:9D:9D:4E;linksys";-80;1171927042
00:14:BF:17:02:AB;linksys-coolerthanyou";-73;1171927042
00:0F:66:BA:83:18;linksys";-83;1171927042
00:18:39:D1:0D:EB;linksys_SES_28787";-84;1171927044
00:0F:B3:42:41:45;PRD";-74;1171927044
00:14:BF:13:36:CB;Brooklyn";-64;1171927044
00:13:10:9D:9D:4E;linksys";-74;1171927044
00:14:BF:17:02:AB;linksys-coolerthanyou";-73;1171927044
00:0F:66:BA:83:18;linksys";-80;1171927044
00:18:39:D1:0D:EB;linksys_SES_28787";-84;1171927045
00:0F:B3:42:41:45;PRD";-78;1171927045
00:14:BF:13:36:CB;Brooklyn";-67;1171927045
00:13:10:9D:9D:4E;linksys";-83;1171927045
00:14:BF:17:02:AB;linksys-coolerthanyou";-73;1171927045
00:0F:66:BA:83:18;linksys";-79;1171927045
00:18:39:D1:0D:EB;linksys_SES_28787";-84;1171927046
00:0F:B3:42:41:45;PRD";-75;1171927046
00:14:BF:13:36:CB;Brooklyn";-67;1171927046
00:13:10:9D:9D:4E;linksys";-77;1171927046
00:14:BF:17:02:AB;linksys-coolerthanyou";-73;1171927046
00:0F:66:BA:83:18;linksys";-80;1171927046
00:18:39:D1:0D:EB;linksys_SES_28787";-79;1171927047
00:0F:B3:42:41:45;PRD";-78;1171927047
00:14:BF:13:36:CB;Brooklyn";-75;1171927047
00:13:10:9D:9D:4E;linksys";-81;1171927047
00:14:BF:17:02:AB;linksys-coolerthanyou";-73;1171927047
00:0F:66:BA:83:18;linksys";-84;1171927047
00:18:39:D1:0D:EB;linksys_SES_28787";-79;1171927049
00:0F:B3:42:41:45;PRD";-74;1171927049
00:14:BF:13:36:CB;Brooklyn";-77;1171927049
00:13:10:9D:9D:4E;linksys";-81;1171927049
00:14:BF:17:02:AB;linksys-coolerthanyou";-71;1171927049
00:0F:66:BA:83:18;linksys";-67;1171927049
00:18:39:D1:0D:EB;linksys_SES_28787";-79;1171927050
00:0F:B3:42:41:45;PRD";-76;1171927050
00:14:BF:13:36:CB;Brooklyn";-73;1171927050
00:13:10:9D:9D:4E;linksys";-84;1171927050
00:14:BF:17:02:AB;linksys-coolerthanyou";-71;1171927050
00:0F:66:BA:83:18;linksys";-82;1171927050
00:18:39:D1:0D:EB;linksys_SES_28787";-79;1171927051
00:0F:B3:42:41:45;PRD";-76;1171927051
00:14:BF:13:36:CB;Brooklyn";-75;1171927051
00:13:10:9D:9D:4E;linksys";-84;1171927051
00:14:BF:17:02:AB;linksys-coolerthanyou";-72;1171927051
00:0F:66:BA:83:18;linksys";-78;1171927051
00:09:5B:72:6F:46;wawa88";-83;1171927051
00:18:39:D1:0D:EB;linksys_SES_28787";-81;1171927052
00:0F:B3:42:41:45;PRD";-76;1171927052
00:14:BF:13:36:CB;Brooklyn";-77;1171927052
00:13:10:9D:9D:4E;linksys";-84;1171927052
00:14:BF:17:02:AB;linksys-coolerthanyou";-72;1171927052
00:0F:66:BA:83:18;linksys";-78;1171927052
00:09:5B:72:6F:46;wawa88";-83;1171927052
00:18:39:D1:0D:EB;linksys_SES_28787";-81;1171927054
00:0F:B3:42:41:45;PRD";-81;1171927054
00:14:BF:13:36:CB;Brooklyn";-78;1171927054
00:13:10:9D:9D:4E;linksys";-84;1171927054
00:14:BF:17:02:AB;linksys-coolerthanyou";-72;1171927054
00:0F:66:BA:83:18;linksys";-79;1171927054
00:14:6C:03:01:04;KPK";-86;1171927054
00:09:5B:72:6F:46;wawa88";-83;1171927054
00:18:39:D1:0D:EB;linksys_SES_28787";-81;1171927055
00:0F:B3:42:41:45;PRD";-76;1171927055
00:14:BF:13:36:CB;Brooklyn";-73;1171927055
00:13:10:9D:9D:4E;linksys";-84;1171927055
00:14:BF:17:02:AB;linksys-coolerthanyou";-72;1171927055
00:16:B6:25:DC:CD;5626";-85;1171927055
00:0F:66:BA:83:18;linksys";-79;1171927055
00:14:6C:03:01:04;KPK";-86;1171927055
00:09:5B:72:6F:46;wawa88";-83;1171927055
00:18:39:D1:0D:EB;linksys_SES_28787";-81;1171927056
00:0F:B3:42:41:45;PRD";-81;1171927056
00:14:BF:13:36:CB;Brooklyn";-73;1171927056
00:13:10:9D:9D:4E;linksys";-84;1171927056
00:14:BF:17:02:AB;linksys-coolerthanyou";-72;1171927056
00:16:B6:25:DC:CD;5626";-79;1171927056
00:0F:66:BA:83:18;linksys";-79;1171927056
00:14:6C:03:01:04;KPK";-86;1171927056
00:09:5B:72:6F:46;wawa88";-83;1171927056
00:18:39:D1:0D:EB;linksys_SES_28787";-81;1171927058
00:0F:B3:42:41:45;PRD";-81;1171927058
00:14:BF:13:36:CB;Brooklyn";-79;1171927058
00:13:10:9D:9D:4E;linksys";-84;1171927058
00:14:BF:17:02:AB;linksys-coolerthanyou";-72;1171927058
00:16:B6:25:DC:CD;5626";-79;1171927058
00:0F:66:BA:83:18;linksys";-83;1171927058
00:14:6C:03:01:04;KPK";-86;1171927058
00:09:5B:72:6F:46;wawa88";-83;1171927058
00:18:39:D1:0D:EB;linksys_SES_28787";-81;1171927059
00:0F:B3:42:41:45;PRD";-81;1171927059
00:14:BF:13:36:CB;Brooklyn";-79;1171927059
00:13:10:9D:9D:4E;linksys";-84;1171927059
00:14:BF:17:02:AB;linksys-coolerthanyou";-70;1171927059
00:16:B6:25:DC:CD;5626";-80;1171927059
00:0F:66:BA:83:18;linksys";-78;1171927059
00:14:6C:03:01:04;KPK";-86;1171927059
00:09:5B:72:6F:46;wawa88";-83;1171927059
00:18:39:D1:0D:EB;linksys_SES_28787";-81;1171927060
00:0F:B3:42:41:45;PRD";-78;1171927060
00:14:BF:13:36:CB;Brooklyn";-79;1171927060
00:13:10:9D:9D:4E;linksys";-84;1171927060
00:14:BF:17:02:AB;linksys-coolerthanyou";-70;1171927060
00:16:B6:25:DC:CD;5626";-82;1171927060
00:0F:66:BA:83:18;linksys";-79;1171927060
00:14:6C:03:01:04;KPK";-86;1171927060
00:09:5B:72:6F:46;wawa88";-83;1171927060
00:18:39:D1:0D:EB;linksys_SES_28787";-81;1171927061
00:0F:B3:42:41:45;PRD";-79;1171927061
00:14:BF:13:36:CB;Brooklyn";-79;1171927061
00:13:10:9D:9D:4E;linksys";-84;1171927061
00:14:BF:17:02:AB;linksys-coolerthanyou";-70;1171927061
00:16:B6:25:DC:CD;5626";-80;1171927061
00:0F:66:BA:83:18;linksys";-73;1171927061
00:14:6C:03:01:04;KPK";-86;1171927061
00:09:5B:72:6F:46;wawa88";-83;1171927061
00:18:39:D1:0D:EB;linksys_SES_28787";-81;1171927063
00:0F:B3:42:41:45;PRD";-79;1171927063
00:14:BF:13:36:CB;Brooklyn";-79;1171927063
00:13:10:9D:9D:4E;linksys";-84;1171927063
00:14:BF:17:02:AB;linksys-coolerthanyou";-70;1171927063
00:16:B6:25:DC:CD;5626";-80;1171927063
00:0F:66:BA:83:18;linksys";-82;1171927063
00:14:6C:03:01:04;KPK";-86;1171927063
00:09:5B:72:6F:46;wawa88";-83;1171927063
00:18:39:D1:0D:EB;linksys_SES_28787";-81;1171927064
00:0F:B3:42:41:45;PRD";-83;1171927064
00:14:BF:13:36:CB;Brooklyn";-79;1171927064
00:13:10:9D:9D:4E;linksys";-84;1171927064
00:14:BF:17:02:AB;linksys-coolerthanyou";-70;1171927064
00:16:B6:25:DC:CD;5626";-80;1171927064
00:0F:66:BA:83:18;linksys";-78;1171927064
00:14:6C:03:01:04;KPK";-86;1171927064
00:09:5B:72:6F:46;wawa88";-83;1171927064
00:18:39:D1:0D:EB;linksys_SES_28787";-81;1171927065
00:0F:B3:42:41:45;PRD";-70;1171927065
00:14:BF:13:36:CB;Brooklyn";-79;1171927065
00:14:BF:17:02:AB;linksys-coolerthanyou";-70;1171927065
00:16:B6:25:DC:CD;5626";-80;1171927065
00:0F:66:BA:83:18;linksys";-78;1171927065
00:14:6C:03:01:04;KPK";-86;1171927065
00:09:5B:72:6F:46;wawa88";-83;1171927065
00:18:39:D1:0D:EB;linksys_SES_28787";-81;1171927066
00:0F:B3:42:41:45;PRD";-75;1171927066
00:14:BF:13:36:CB;Brooklyn";-79;1171927066
00:14:BF:17:02:AB;linksys-coolerthanyou";-70;1171927066
00:16:B6:25:DC:CD;5626";-80;1171927066
00:0F:66:BA:83:18;linksys";-83;1171927066
00:14:6C:03:01:04;KPK";-85;1171927066
00:0F:B3:42:41:45;PRD";-79;1171927068
00:14:BF:13:36:CB;Brooklyn";-79;1171927068
00:14:BF:17:02:AB;linksys-coolerthanyou";-70;1171927068
00:16:B6:25:DC:CD;5626";-78;1171927068
00:0F:66:BA:83:18;linksys";-80;1171927068
00:14:6C:03:01:04;KPK";-85;1171927068
00:0F:B3:42:41:45;PRD";-67;1171927069
00:14:BF:13:36:CB;Brooklyn";-79;1171927069
00:14:BF:17:02:AB;linksys-coolerthanyou";-77;1171927069
00:16:B6:25:DC:CD;5626";-78;1171927069
00:0F:66:BA:83:18;linksys";-77;1171927069
00:14:6C:03:01:04;KPK";-85;1171927069
00:0F:B3:42:41:45;PRD";-70;1171927070
00:14:BF:13:36:CB;Brooklyn";-79;1171927070
00:14:BF:17:02:AB;linksys-coolerthanyou";-77;1171927070
00:16:B6:25:DC:CD;5626";-83;1171927070
00:0F:66:BA:83:18;linksys";-77;1171927070
00:14:6C:03:01:04;KPK";-85;1171927070
00:0F:B3:42:41:45;PRD";-66;1171927071
00:14:BF:13:36:CB;Brooklyn";-79;1171927071
00:14:BF:17:02:AB;linksys-coolerthanyou";-77;1171927071
00:16:B6:25:DC:CD;5626";-77;1171927071
00:0F:66:BA:83:18;linksys";-76;1171927071
00:14:6C:03:01:04;KPK";-84;1171927071
00:0F:B3:42:41:45;PRD";-74;1171927073
00:14:BF:17:02:AB;linksys-coolerthanyou";-77;1171927073
00:16:B6:25:DC:CD;5626";-76;1171927073
00:0F:66:BA:83:18;linksys";-76;1171927073
00:14:6C:03:01:04;KPK";-84;1171927073
00:0F:B3:42:41:45;PRD";-76;1171927074
00:14:BF:17:02:AB;linksys-coolerthanyou";-77;1171927074
00:16:B6:25:DC:CD;5626";-83;1171927074
00:0F:66:BA:83:18;linksys";-70;1171927074
00:14:6C:03:01:04;KPK";-84;1171927074
00:09:5B:72:6F:46;wawa88";-83;1171927074
00:0F:B3:42:41:45;PRD";-78;1171927075
00:14:BF:17:02:AB;linksys-coolerthanyou";-77;1171927075
00:16:B6:25:DC:CD;5626";-76;1171927075
00:0F:66:BA:83:18;linksys";-70;1171927075
00:14:6C:03:01:04;KPK";-84;1171927075
00:09:5B:72:6F:46;wawa88";-83;1171927075
00:0F:B3:42:41:45;PRD";-78;1171927077
00:14:BF:17:02:AB;linksys-coolerthanyou";-77;1171927077
00:16:B6:25:DC:CD;5626";-79;1171927077
00:0F:66:BA:83:18;linksys";-70;1171927077
00:14:6C:03:01:04;KPK";-84;1171927077
00:09:5B:72:6F:46;wawa88";-83;1171927077
00:0F:B3:42:41:45;PRD";-77;1171927078
00:14:BF:17:02:AB;linksys-coolerthanyou";-77;1171927078
00:16:B6:25:DC:CD;5626";-74;1171927078
00:0F:66:BA:83:18;linksys";-70;1171927078
00:14:6C:03:01:04;KPK";-84;1171927078
00:09:5B:72:6F:46;wawa88";-83;1171927078
00:0F:66:84:29:A6;<hidden>";-82;1171927078
00:0F:B3:42:41:45;PRD";-78;1171927079
00:14:BF:17:02:AB;linksys-coolerthanyou";-77;1171927079
00:16:B6:25:DC:CD;5626";-81;1171927079
00:0F:66:BA:83:18;linksys";-81;1171927079
00:14:6C:03:01:04;KPK";-81;1171927079
00:09:5B:72:6F:46;wawa88";-83;1171927079
00:0F:66:84:29:A6;<hidden>";-82;1171927079
00:0F:B3:42:41:45;PRD";-78;1171927080
00:14:BF:17:02:AB;linksys-coolerthanyou";-77;1171927080
00:16:B6:25:DC:CD;5626";-77;1171927080
00:0F:66:BA:83:18;linksys";-80;1171927080
00:14:6C:03:01:04;KPK";-81;1171927080
00:09:5B:72:6F:46;wawa88";-83;1171927080
00:0F:66:84:29:A6;<hidden>";-82;1171927080
00:0F:B3:42:41:45;PRD";-78;1171927082
00:14:BF:17:02:AB;linksys-coolerthanyou";-77;1171927082
00:16:B6:25:DC:CD;5626";-77;1171927082
00:0F:66:BA:83:18;linksys";-80;1171927082
00:14:6C:03:01:04;KPK";-81;1171927082
00:09:5B:72:6F:46;wawa88";-83;1171927082
00:0F:66:84:29:A6;<hidden>";-82;1171927082
00:0F:B3:42:41:45;PRD";-78;1171927083
00:14:BF:17:02:AB;linksys-coolerthanyou";-77;1171927083
00:16:B6:25:DC:CD;5626";-83;1171927083
00:0F:66:BA:83:18;linksys";-80;1171927083
00:14:6C:03:01:04;KPK";-81;1171927083
00:09:5B:72:6F:46;wawa88";-83;1171927083
00:0F:66:84:29:A6;<hidden>";-82;1171927083
00:0F:B3:42:41:45;PRD";-78;1171927084
00:14:BF:17:02:AB;linksys-coolerthanyou";-77;1171927084
00:16:B6:25:DC:CD;5626";-83;1171927084
00:0F:66:BA:83:18;linksys";-80;1171927084
00:14:6C:03:01:04;KPK";-81;1171927084
00:09:5B:72:6F:46;wawa88";-79;1171927084
00:0F:66:84:29:A6;<hidden>";-82;1171927084
00:0F:B3:41:B2:47;HunterHome";-78;1171927084
00:0F:B3:42:41:45;PRD";-78;1171927085
00:14:BF:17:02:AB;linksys-coolerthanyou";-77;1171927085
00:16:B6:25:DC:CD;5626";-80;1171927085
00:0F:66:BA:83:18;linksys";-80;1171927085
00:14:6C:03:01:04;KPK";-81;1171927085
00:09:5B:72:6F:46;wawa88";-79;1171927085
00:0F:66:84:29:A6;<hidden>";-82;1171927085
00:0F:B3:41:B2:47;HunterHome";-77;1171927085
00:0F:B3:42:41:45;PRD";-78;1171927087
00:14:BF:17:02:AB;linksys-coolerthanyou";-77;1171927087
00:16:B6:25:DC:CD;5626";-79;1171927087
00:0F:66:BA:83:18;linksys";-84;1171927087
00:14:6C:03:01:04;KPK";-84;1171927087
00:09:5B:72:6F:46;wawa88";-75;1171927087
00:0F:66:84:29:A6;<hidden>";-82;1171927087
00:0F:B3:41:B2:47;HunterHome";-75;1171927087
00:0F:B3:42:41:45;PRD";-83;1171927088
00:14:BF:13:36:CB;Brooklyn";-79;1171927088
00:14:BF:17:02:AB;linksys-coolerthanyou";-76;1171927088
00:16:B6:25:DC:CD;5626";-85;1171927088
00:0F:66:BA:83:18;linksys";-84;1171927088
00:14:6C:03:01:04;KPK";-84;1171927088
00:09:5B:72:6F:46;wawa88";-75;1171927088
00:0F:66:84:29:A6;<hidden>";-82;1171927088
00:0F:B3:41:B2:47;HunterHome";-78;1171927088
00:0F:B3:42:41:45;PRD";-83;1171927089
00:14:BF:13:36:CB;Brooklyn";-79;1171927089
00:14:BF:17:02:AB;linksys-coolerthanyou";-76;1171927089
00:16:B6:25:DC:CD;5626";-80;1171927089
00:0F:66:BA:83:18;linksys";-84;1171927089
00:14:6C:03:01:04;KPK";-84;1171927089
00:09:5B:72:6F:46;wawa88";-75;1171927089
00:0F:66:84:29:A6;<hidden>";-82;1171927089
00:0F:B3:41:B2:47;HunterHome";-78;1171927089
00:0F:B3:42:41:45;PRD";-83;1171927091
00:14:BF:13:36:CB;Brooklyn";-79;1171927091
00:14:BF:17:02:AB;linksys-coolerthanyou";-76;1171927091
00:16:B6:25:DC:CD;5626";-77;1171927091
00:0F:66:BA:83:18;linksys";-84;1171927091
00:14:6C:03:01:04;KPK";-84;1171927091
00:09:5B:72:6F:46;wawa88";-75;1171927091
00:0F:66:84:29:A6;<hidden>";-82;1171927091
00:0F:B3:41:B2:47;HunterHome";-78;1171927091
00:14:6C:D8:89:26;NETGEAR";-74;1171927091
00:0F:B3:42:41:45;PRD";-83;1171927092
00:14:BF:13:36:CB;Brooklyn";-79;1171927092
00:14:BF:17:02:AB;linksys-coolerthanyou";-76;1171927092
00:16:B6:25:DC:CD;5626";-77;1171927092
00:0F:66:BA:83:18;linksys";-84;1171927092
00:14:6C:03:01:04;KPK";-84;1171927092
00:15:05:1B:15:4B;<hidden>";-81;1171927092
00:09:5B:72:6F:46;wawa88";-75;1171927092
00:0F:66:84:29:A6;<hidden>";-82;1171927092
00:0F:B3:41:B2:47;HunterHome";-79;1171927092
00:14:6C:D8:89:26;NETGEAR";-74;1171927092
00:0F:B3:42:41:45;PRD";-83;1171927093
00:14:BF:13:36:CB;Brooklyn";-79;1171927093
00:14:BF:17:02:AB;linksys-coolerthanyou";-76;1171927093
00:16:B6:25:DC:CD;5626";-74;1171927093
00:0F:66:BA:83:18;linksys";-84;1171927093
00:14:6C:03:01:04;KPK";-84;1171927093
00:15:05:1B:15:4B;<hidden>";-81;1171927093
00:09:5B:72:6F:46;wawa88";-80;1171927093
00:0F:66:84:29:A6;<hidden>";-84;1171927093
00:0F:B3:41:B2:47;HunterHome";-72;1171927093
00:14:6C:D8:89:26;NETGEAR";-74;1171927093
00:0F:B3:42:41:45;PRD";-83;1171927094
00:14:BF:13:36:CB;Brooklyn";-79;1171927094
00:14:BF:17:02:AB;linksys-coolerthanyou";-76;1171927094
00:16:B6:25:DC:CD;5626";-80;1171927094
00:0F:66:BA:83:18;linksys";-84;1171927094
00:14:6C:03:01:04;KPK";-84;1171927094
00:15:05:1B:15:4B;<hidden>";-81;1171927094
00:09:5B:72:6F:46;wawa88";-80;1171927094
00:0F:66:84:29:A6;<hidden>";-84;1171927094
00:0F:B3:41:B2:47;HunterHome";-73;1171927094
00:14:6C:D8:89:26;NETGEAR";-74;1171927094
00:0F:B3:42:41:45;PRD";-82;1171927096
00:14:BF:13:36:CB;Brooklyn";-79;1171927096
00:14:BF:17:02:AB;linksys-coolerthanyou";-76;1171927096
00:16:B6:25:DC:CD;5626";-83;1171927096
00:0F:66:BA:83:18;linksys";-84;1171927096
00:14:6C:03:01:04;KPK";-84;1171927096
00:15:05:1B:15:4B;<hidden>";-81;1171927096
00:09:5B:72:6F:46;wawa88";-80;1171927096
00:0F:66:84:29:A6;<hidden>";-84;1171927096
00:0F:B3:41:B2:47;HunterHome";-78;1171927096
00:14:6C:D8:89:26;NETGEAR";-74;1171927096
00:0F:B3:42:41:45;PRD";-82;1171927097
00:14:BF:13:36:CB;Brooklyn";-79;1171927097
00:14:BF:17:02:AB;linksys-coolerthanyou";-76;1171927097
00:16:B6:25:DC:CD;5626";-72;1171927097
00:0F:66:BA:83:18;linksys";-84;1171927097
00:14:6C:03:01:04;KPK";-84;1171927097
00:15:05:1B:15:4B;<hidden>";-81;1171927097
00:09:5B:72:6F:46;wawa88";-80;1171927097
00:0F:66:84:29:A6;<hidden>";-84;1171927097
00:0F:B3:41:B2:47;HunterHome";-78;1171927097
00:14:6C:D8:89:26;NETGEAR";-75;1171927097
00:0F:66:8E:70:F8;linksys";-83;1171927097
00:0F:B3:42:41:45;PRD";-82;1171927098
00:14:BF:13:36:CB;Brooklyn";-79;1171927098
00:14:BF:17:02:AB;linksys-coolerthanyou";-76;1171927098
00:16:B6:25:DC:CD;5626";-72;1171927098
00:0F:66:BA:83:18;linksys";-84;1171927098
00:14:6C:03:01:04;KPK";-84;1171927098
00:15:05:1B:15:4B;<hidden>";-81;1171927098
00:09:5B:72:6F:46;wawa88";-80;1171927098
00:0F:66:84:29:A6;<hidden>";-84;1171927098
00:0F:B3:41:B2:47;HunterHome";-78;1171927098
00:14:6C:D8:89:26;NETGEAR";-75;1171927098
00:0F:66:8E:70:F8;linksys";-83;1171927098
00:0F:B3:42:41:45;PRD";-82;1171927100
00:14:BF:13:36:CB;Brooklyn";-79;1171927100
00:14:BF:17:02:AB;linksys-coolerthanyou";-76;1171927100
00:16:B6:25:DC:CD;5626";-83;1171927100
00:0F:66:BA:83:18;linksys";-77;1171927100
00:14:6C:03:01:04;KPK";-84;1171927100
00:15:05:1B:15:4B;<hidden>";-81;1171927100
00:09:5B:72:6F:46;wawa88";-80;1171927100
00:0F:66:84:29:A6;<hidden>";-84;1171927100
00:0F:B3:41:B2:47;HunterHome";-78;1171927100
00:14:6C:D8:89:26;NETGEAR";-75;1171927100
00:0F:66:8E:70:F8;linksys";-83;1171927100
00:0F:B3:42:41:45;PRD";-82;1171927101
00:14:BF:13:36:CB;Brooklyn";-79;1171927101
00:14:BF:17:02:AB;linksys-coolerthanyou";-73;1171927101
00:16:B6:25:DC:CD;5626";-83;1171927101
00:0F:66:BA:83:18;linksys";-77;1171927101
00:15:05:1B:15:4B;<hidden>";-81;1171927101
00:09:5B:72:6F:46;wawa88";-80;1171927101
00:0F:66:84:29:A6;<hidden>";-84;1171927101
00:0F:B3:41:B2:47;HunterHome";-78;1171927101
00:14:6C:D8:89:26;NETGEAR";-75;1171927101
00:0F:66:8E:70:F8;linksys";-83;1171927101
00:0F:B3:42:41:45;PRD";-82;1171927102
00:14:BF:17:02:AB;linksys-coolerthanyou";-73;1171927102
00:16:B6:25:DC:CD;5626";-71;1171927102
00:0F:66:BA:83:18;linksys";-77;1171927102
00:14:6C:03:01:04;KPK";-81;1171927102
00:15:05:1B:15:4B;<hidden>";-81;1171927102
00:09:5B:72:6F:46;wawa88";-81;1171927102
00:0F:66:84:29:A6;<hidden>";-84;1171927102
00:0F:B3:41:B2:47;HunterHome";-78;1171927102
00:14:6C:D8:89:26;NETGEAR";-75;1171927102
00:0F:66:8E:70:F8;linksys";-83;1171927102
00:0F:B3:42:41:45;PRD";-82;1171927103
00:14:BF:17:02:AB;linksys-coolerthanyou";-77;1171927103
00:16:B6:25:DC:CD;5626";-71;1171927103
00:0F:66:BA:83:18;linksys";-80;1171927103
00:14:6C:03:01:04;KPK";-81;1171927103
00:15:05:1B:15:4B;<hidden>";-81;1171927103
00:09:5B:72:6F:46;wawa88";-81;1171927103
00:0F:66:84:29:A6;<hidden>";-84;1171927103
00:0F:B3:41:B2:47;HunterHome";-78;1171927103
00:14:6C:D8:89:26;NETGEAR";-75;1171927103
00:0F:66:8E:70:F8;linksys";-83;1171927103
00:0F:B3:42:41:45;PRD";-82;1171927105
00:14:BF:13:36:CB;Brooklyn";-74;1171927105
00:14:BF:17:02:AB;linksys-coolerthanyou";-77;1171927105
00:16:B6:25:DC:CD;5626";-84;1171927105
00:0F:66:BA:83:18;linksys";-81;1171927105
00:14:6C:03:01:04;KPK";-81;1171927105
00:15:05:1B:15:4B;<hidden>";-81;1171927105
00:09:5B:72:6F:46;wawa88";-81;1171927105
00:0F:66:84:29:A6;<hidden>";-84;1171927105
00:0F:B3:41:B2:47;HunterHome";-78;1171927105
00:14:6C:D8:89:26;NETGEAR";-75;1171927105
00:0F:66:8E:70:F8;linksys";-83;1171927105
00:0F:B3:42:41:45;PRD";-82;1171927106
00:14:BF:13:36:CB;Brooklyn";-77;1171927106
00:14:BF:17:02:AB;linksys-coolerthanyou";-70;1171927106
00:16:B6:25:DC:CD;5626";-83;1171927106
00:0F:66:BA:83:18;linksys";-71;1171927106
00:14:6C:03:01:04;KPK";-81;1171927106
00:15:05:1B:15:4B;<hidden>";-81;1171927106
00:09:5B:72:6F:46;wawa88";-81;1171927106
00:0F:66:84:29:A6;<hidden>";-84;1171927106
00:0F:B3:41:B2:47;HunterHome";-78;1171927106
00:14:6C:D8:89:26;NETGEAR";-75;1171927106
00:0F:66:8E:70:F8;linksys";-83;1171927106
00:0F:B3:42:41:45;PRD";-82;1171927107
00:14:BF:13:36:CB;Brooklyn";-77;1171927107
00:14:BF:17:02:AB;linksys-coolerthanyou";-70;1171927107
00:16:B6:25:DC:CD;5626";-83;1171927107
00:0F:66:BA:83:18;linksys";-71;1171927107
00:14:6C:03:01:04;KPK";-79;1171927107
00:09:5B:72:6F:46;wawa88";-81;1171927107
00:0F:66:84:29:A6;<hidden>";-84;1171927107
00:0F:B3:41:B2:47;HunterHome";-78;1171927107
00:14:6C:D8:89:26;NETGEAR";-75;1171927107
00:0F:66:8E:70:F8;linksys";-83;1171927107
00:0F:B3:42:41:45;PRD";-82;1171927108
00:14:BF:13:36:CB;Brooklyn";-77;1171927108
00:14:BF:17:02:AB;linksys-coolerthanyou";-70;1171927108
00:16:B6:25:DC:CD;5626";-83;1171927108
00:0F:66:BA:83:18;linksys";-71;1171927108
00:14:6C:03:01:04;KPK";-79;1171927108
00:09:5B:72:6F:46;wawa88";-81;1171927108
00:0F:66:84:29:A6;<hidden>";-84;1171927108
00:0F:B3:41:B2:47;HunterHome";-78;1171927108
00:14:6C:D8:89:26;NETGEAR";-75;1171927108
00:0F:66:8E:70:F8;linksys";-83;1171927108
00:0F:B3:42:41:45;PRD";-82;1171927110
00:14:BF:13:36:CB;Brooklyn";-74;1171927110
00:14:BF:17:02:AB;linksys-coolerthanyou";-70;1171927110
00:16:B6:25:DC:CD;5626";-79;1171927110
00:0F:66:BA:83:18;linksys";-73;1171927110
00:14:6C:03:01:04;KPK";-79;1171927110
00:09:5B:72:6F:46;wawa88";-81;1171927110
00:0F:66:84:29:A6;<hidden>";-84;1171927110
00:0F:B3:41:B2:47;HunterHome";-78;1171927110
00:14:6C:D8:89:26;NETGEAR";-75;1171927110
00:0F:66:8E:70:F8;linksys";-83;1171927110
00:0F:B3:42:41:45;PRD";-81;1171927111
00:14:BF:13:36:CB;Brooklyn";-74;1171927111
00:14:BF:17:02:AB;linksys-coolerthanyou";-74;1171927111
00:16:B6:25:DC:CD;5626";-80;1171927111
00:0F:66:BA:83:18;linksys";-74;1171927111
00:14:6C:03:01:04;KPK";-79;1171927111
00:09:5B:72:6F:46;wawa88";-81;1171927111
00:0F:66:84:29:A6;<hidden>";-84;1171927111
00:0F:B3:41:B2:47;HunterHome";-78;1171927111
00:14:6C:D8:89:26;NETGEAR";-75;1171927111
00:0F:66:8E:70:F8;linksys";-83;1171927111
00:0F:B3:42:41:45;PRD";-73;1171927112
00:14:BF:13:36:CB;Brooklyn";-72;1171927112
00:14:BF:17:02:AB;linksys-coolerthanyou";-71;1171927112
00:16:B6:25:DC:CD;5626";-85;1171927112
00:0F:66:BA:83:18;linksys";-78;1171927112
00:14:6C:03:01:04;KPK";-79;1171927112
00:09:5B:72:6F:46;wawa88";-81;1171927112
00:0F:B3:42:41:45;PRD";-73;1171927113
00:14:BF:13:36:CB;Brooklyn";-78;1171927113
00:14:BF:17:02:AB;linksys-coolerthanyou";-64;1171927113
00:16:B6:25:DC:CD;5626";-85;1171927113
00:0F:66:BA:83:18;linksys";-78;1171927113
00:14:6C:03:01:04;KPK";-79;1171927113
00:09:5B:72:6F:46;wawa88";-81;1171927113
00:0F:B3:42:41:45;PRD";-73;1171927115
00:14:BF:13:36:CB;Brooklyn";-78;1171927115
00:14:BF:17:02:AB;linksys-coolerthanyou";-67;1171927115
00:16:B6:25:DC:CD;5626";-85;1171927115
00:0F:66:BA:83:18;linksys";-78;1171927115
00:14:6C:03:01:04;KPK";-79;1171927115
00:09:5B:72:6F:46;wawa88";-81;1171927115
00:0F:B3:42:41:45;PRD";-73;1171927116
00:14:BF:13:36:CB;Brooklyn";-78;1171927116
00:14:BF:17:02:AB;linksys-coolerthanyou";-65;1171927116
00:16:B6:25:DC:CD;5626";-80;1171927116
00:0F:66:BA:83:18;linksys";-78;1171927116
00:14:6C:03:01:04;KPK";-79;1171927116
00:09:5B:72:6F:46;wawa88";-81;1171927116
00:0F:B3:42:41:45;PRD";-73;1171927117
00:14:BF:13:36:CB;Brooklyn";-78;1171927117
00:14:BF:17:02:AB;linksys-coolerthanyou";-55;1171927117
00:16:B6:25:DC:CD;5626";-80;1171927117
00:0F:66:BA:83:18;linksys";-82;1171927117
00:14:6C:03:01:04;KPK";-79;1171927117
00:0F:B3:42:41:45;PRD";-78;1171927119
00:14:BF:13:36:CB;Brooklyn";-78;1171927119
00:14:BF:17:02:AB;linksys-coolerthanyou";-54;1171927119
00:16:B6:25:DC:CD;5626";-81;1171927119
00:0F:66:BA:83:18;linksys";-82;1171927119
00:14:6C:03:01:04;KPK";-79;1171927119
00:0F:B3:42:41:45;PRD";-81;1171927120
00:14:BF:13:36:CB;Brooklyn";-78;1171927120
00:14:BF:17:02:AB;linksys-coolerthanyou";-54;1171927120
00:16:B6:25:DC:CD;5626";-81;1171927120
00:0F:66:BA:83:18;linksys";-82;1171927120
00:14:6C:03:01:04;KPK";-79;1171927120
00:0F:B3:42:41:45;PRD";-80;1171927121
00:14:BF:13:36:CB;Brooklyn";-78;1171927121
00:14:BF:17:02:AB;linksys-coolerthanyou";-57;1171927121
00:16:B6:25:DC:CD;5626";-81;1171927121
00:0F:66:BA:83:18;linksys";-82;1171927121
00:14:6C:03:01:04;KPK";-79;1171927121
00:0F:B3:42:41:45;PRD";-80;1171927122
00:14:BF:13:36:CB;Brooklyn";-78;1171927122
00:14:BF:17:02:AB;linksys-coolerthanyou";-56;1171927122
00:16:B6:25:DC:CD;5626";-81;1171927122
00:0F:66:BA:83:18;linksys";-74;1171927122
00:0F:B3:42:41:45;PRD";-75;1171927124
00:14:BF:13:36:CB;Brooklyn";-78;1171927124
00:14:BF:17:02:AB;linksys-coolerthanyou";-51;1171927124
00:16:B6:25:DC:CD;5626";-81;1171927124
00:0F:66:BA:83:18;linksys";-74;1171927124
00:0F:B3:42:41:45;PRD";-75;1171927125
00:14:BF:13:36:CB;Brooklyn";-78;1171927125
00:14:BF:17:02:AB;linksys-coolerthanyou";-39;1171927125
00:16:B6:25:DC:CD;5626";-81;1171927125
00:0F:66:BA:83:18;linksys";-74;1171927125
00:0F:B3:42:41:45;PRD";-75;1171927126
00:14:BF:13:36:CB;Brooklyn";-78;1171927126
00:14:BF:17:02:AB;linksys-coolerthanyou";-40;1171927126
00:16:B6:25:DC:CD;5626";-81;1171927126
00:0F:66:BA:83:18;linksys";-71;1171927126
00:0F:B3:42:41:45;PRD";-75;1171927127
00:14:BF:17:02:AB;linksys-coolerthanyou";-45;1171927127
00:16:B6:25:DC:CD;5626";-81;1171927127
00:0F:66:BA:83:18;linksys";-71;1171927127
00:0F:B3:42:41:45;PRD";-76;1171927129
00:14:BF:17:02:AB;linksys-coolerthanyou";-39;1171927129
00:16:B6:25:DC:CD;5626";-81;1171927129
00:0F:66:BA:83:18;linksys";-71;1171927129
00:0F:B3:42:41:45;PRD";-76;1171927130
00:14:BF:17:02:AB;linksys-coolerthanyou";-46;1171927130
00:16:B6:25:DC:CD;5626";-81;1171927130
00:0F:66:BA:83:18;linksys";-71;1171927130
00:0F:B3:42:41:45;PRD";-76;1171927131
00:14:BF:17:02:AB;linksys-coolerthanyou";-32;1171927131
00:16:B6:25:DC:CD;5626";-80;1171927131
00:0F:66:BA:83:18;linksys";-71;1171927131
00:14:6C:03:01:04;KPK";-79;1171927131
00:0F:B3:42:41:45;PRD";-66;1171927133
00:14:BF:17:02:AB;linksys-coolerthanyou";-33;1171927133
00:16:B6:25:DC:CD;5626";-73;1171927133
00:0F:66:BA:83:18;linksys";-71;1171927133
00:14:6C:03:01:04;KPK";-79;1171927133
00:0F:B3:42:41:45;PRD";-68;1171927134
00:14:BF:17:02:AB;linksys-coolerthanyou";-34;1171927134
00:16:B6:25:DC:CD;5626";-74;1171927134
00:0F:66:BA:83:18;linksys";-71;1171927134
00:14:6C:03:01:04;KPK";-76;1171927134
00:0F:B3:42:41:45;PRD";-67;1171927135
00:14:BF:17:02:AB;linksys-coolerthanyou";-32;1171927135
00:16:B6:25:DC:CD;5626";-73;1171927135
00:0F:66:BA:83:18;linksys";-71;1171927135
00:14:6C:03:01:04;KPK";-76;1171927135
00:0F:B3:42:41:45;PRD";-68;1171927136
00:14:BF:17:02:AB;linksys-coolerthanyou";-35;1171927136
00:16:B6:25:DC:CD;5626";-80;1171927136
00:0F:66:BA:83:18;linksys";-71;1171927136
00:14:6C:03:01:04;KPK";-76;1171927136
00:0F:B3:42:41:45;PRD";-63;1171927138
00:14:BF:17:02:AB;linksys-coolerthanyou";-34;1171927138
00:16:B6:25:DC:CD;5626";-77;1171927138
00:0F:66:BA:83:18;linksys";-71;1171927138
00:14:6C:03:01:04;KPK";-76;1171927138
00:19:5B:43:D0:DC;OurHouse";-80;1171927138
00:0F:B3:42:41:45;PRD";-63;1171927139
00:14:BF:17:02:AB;linksys-coolerthanyou";-33;1171927139
00:16:B6:25:DC:CD;5626";-75;1171927139
00:0F:66:BA:83:18;linksys";-71;1171927139
00:14:6C:03:01:04;KPK";-81;1171927139
00:19:5B:43:D0:DC;OurHouse";-80;1171927139
00:0F:B3:42:41:45;PRD";-65;1171927140
00:14:BF:17:02:AB;linksys-coolerthanyou";-35;1171927140
00:16:B6:25:DC:CD;5626";-72;1171927140
00:0F:66:BA:83:18;linksys";-71;1171927140
00:14:6C:03:01:04;KPK";-81;1171927140
00:19:5B:43:D0:DC;OurHouse";-80;1171927140
00:0F:B3:42:41:45;PRD";-67;1171927141
00:14:BF:17:02:AB;linksys-coolerthanyou";-36;1171927141
00:16:B6:25:DC:CD;5626";-73;1171927141
00:0F:66:BA:83:18;linksys";-71;1171927141
00:14:6C:03:01:04;KPK";-80;1171927141
00:19:5B:43:D0:DC;OurHouse";-80;1171927141
00:0F:B3:42:41:45;PRD";-67;1171927143
00:14:BF:17:02:AB;linksys-coolerthanyou";-34;1171927143
00:16:B6:25:DC:CD;5626";-71;1171927143
00:0F:66:BA:83:18;linksys";-71;1171927143
00:14:6C:03:01:04;KPK";-80;1171927143
00:19:5B:43:D0:DC;OurHouse";-80;1171927143
00:0F:B3:42:41:45;PRD";-67;1171927144
00:13:10:9D:9D:4E;linksys";-79;1171927144
00:14:BF:17:02:AB;linksys-coolerthanyou";-37;1171927144
00:16:B6:25:DC:CD;5626";-75;1171927144
00:0F:66:BA:83:18;linksys";-71;1171927144
00:14:6C:03:01:04;KPK";-80;1171927144
00:19:5B:43:D0:DC;OurHouse";-80;1171927144
00:0F:B3:42:41:45;PRD";-69;1171927145
00:14:BF:13:36:CB;Brooklyn";-80;1171927145
00:13:10:9D:9D:4E;linksys";-79;1171927145
00:14:BF:17:02:AB;linksys-coolerthanyou";-30;1171927145
00:16:B6:25:DC:CD;5626";-75;1171927145
00:0F:66:BA:83:18;linksys";-71;1171927145
00:14:6C:03:01:04;KPK";-80;1171927145
00:19:5B:43:D0:DC;OurHouse";-80;1171927145
00:0F:B3:42:41:45;PRD";-65;1171927147
00:14:BF:13:36:CB;Brooklyn";-80;1171927147
00:13:10:9D:9D:4E;linksys";-80;1171927147
00:14:BF:17:02:AB;linksys-coolerthanyou";-30;1171927147
00:16:B6:25:DC:CD;5626";-77;1171927147
00:0F:66:BA:83:18;linksys";-71;1171927147
00:14:6C:03:01:04;KPK";-80;1171927147
00:19:5B:43:D0:DC;OurHouse";-80;1171927147
00:0F:B3:42:41:45;PRD";-68;1171927148
00:14:BF:13:36:CB;Brooklyn";-80;1171927148
00:13:10:9D:9D:4E;linksys";-80;1171927148
00:14:BF:17:02:AB;linksys-coolerthanyou";-31;1171927148
00:16:B6:25:DC:CD;5626";-77;1171927148
00:0F:66:BA:83:18;linksys";-71;1171927148
00:14:6C:03:01:04;KPK";-80;1171927148
00:19:5B:43:D0:DC;OurHouse";-80;1171927148
00:0F:B3:42:41:45;PRD";-67;1171927149
00:14:BF:13:36:CB;Brooklyn";-80;1171927149
00:13:10:9D:9D:4E;linksys";-80;1171927149
00:14:BF:17:02:AB;linksys-coolerthanyou";-31;1171927149
00:16:B6:25:DC:CD;5626";-66;1171927149
00:0F:66:BA:83:18;linksys";-71;1171927149
00:14:6C:03:01:04;KPK";-81;1171927149
00:19:5B:43:D0:DC;OurHouse";-80;1171927149
00:0F:B3:42:41:45;PRD";-69;1171927150
00:14:BF:13:36:CB;Brooklyn";-80;1171927150
00:13:10:9D:9D:4E;linksys";-80;1171927150
00:14:BF:17:02:AB;linksys-coolerthanyou";-29;1171927150
00:16:B6:25:DC:CD;5626";-66;1171927150
00:0F:66:BA:83:18;linksys";-71;1171927150
00:14:6C:03:01:04;KPK";-81;1171927150
00:19:5B:43:D0:DC;OurHouse";-80;1171927150
00:0F:B3:42:41:45;PRD";-67;1171927152
00:14:BF:13:36:CB;Brooklyn";-80;1171927152
00:13:10:9D:9D:4E;linksys";-80;1171927152
00:14:BF:17:02:AB;linksys-coolerthanyou";-29;1171927152
00:16:B6:25:DC:CD;5626";-64;1171927152
00:0F:66:BA:83:18;linksys";-71;1171927152
00:14:6C:03:01:04;KPK";-77;1171927152
00:0F:B3:42:41:45;PRD";-68;1171927153
00:14:BF:13:36:CB;Brooklyn";-80;1171927153
00:13:10:9D:9D:4E;linksys";-80;1171927153
00:14:BF:17:02:AB;linksys-coolerthanyou";-29;1171927153
00:16:B6:25:DC:CD;5626";-64;1171927153
00:0F:66:BA:83:18;linksys";-71;1171927153
00:14:6C:03:01:04;KPK";-77;1171927153
00:0F:B3:42:41:45;PRD";-67;1171927154
00:14:BF:13:36:CB;Brooklyn";-80;1171927154
00:13:10:9D:9D:4E;linksys";-81;1171927154
00:14:BF:17:02:AB;linksys-coolerthanyou";-31;1171927154
00:16:B6:25:DC:CD;5626";-73;1171927154
00:0F:66:BA:83:18;linksys";-71;1171927154
00:14:6C:03:01:04;KPK";-77;1171927154
00:0F:B3:42:41:45;PRD";-67;1171927156
00:14:BF:13:36:CB;Brooklyn";-80;1171927156
00:13:10:9D:9D:4E;linksys";-81;1171927156
00:14:BF:17:02:AB;linksys-coolerthanyou";-29;1171927156
00:16:B6:25:DC:CD;5626";-73;1171927156
00:0F:66:BA:83:18;linksys";-71;1171927156
00:14:6C:03:01:04;KPK";-77;1171927156
00:0F:B3:42:41:45;PRD";-67;1171927157
00:14:BF:13:36:CB;Brooklyn";-80;1171927157
00:13:10:9D:9D:4E;linksys";-80;1171927157
00:14:BF:17:02:AB;linksys-coolerthanyou";-30;1171927157
00:16:B6:25:DC:CD;5626";-80;1171927157
00:0F:66:BA:83:18;linksys";-71;1171927157
00:14:6C:03:01:04;KPK";-77;1171927157
00:0F:B3:42:41:45;PRD";-68;1171927158
00:14:BF:13:36:CB;Brooklyn";-80;1171927158
00:13:10:9D:9D:4E;linksys";-80;1171927158
00:14:BF:17:02:AB;linksys-coolerthanyou";-30;1171927158
00:16:B6:25:DC:CD;5626";-80;1171927158
00:14:6C:03:01:04;KPK";-77;1171927158
00:0F:B3:42:41:45;PRD";-67;1171927159
00:13:10:9D:9D:4E;linksys";-79;1171927159
00:14:BF:17:02:AB;linksys-coolerthanyou";-30;1171927159
00:16:B6:25:DC:CD;5626";-80;1171927159
00:14:6C:03:01:04;KPK";-76;1171927159
00:0F:B3:42:41:45;PRD";-68;1171927161
00:13:10:9D:9D:4E;linksys";-79;1171927161
00:14:BF:17:02:AB;linksys-coolerthanyou";-30;1171927161
00:16:B6:25:DC:CD;5626";-80;1171927161
00:14:6C:03:01:04;KPK";-76;1171927161
00:0F:B3:42:41:45;PRD";-68;1171927162
00:13:10:9D:9D:4E;linksys";-79;1171927162
00:14:BF:17:02:AB;linksys-coolerthanyou";-29;1171927162
00:16:B6:25:DC:CD;5626";-78;1171927162
00:14:6C:03:01:04;KPK";-77;1171927162
00:0F:B3:42:41:45;PRD";-67;1171927163
00:13:10:9D:9D:4E;linksys";-79;1171927163
00:14:BF:17:02:AB;linksys-coolerthanyou";-29;1171927163
00:16:B6:25:DC:CD;5626";-77;1171927163
00:14:6C:03:01:04;KPK";-77;1171927163
00:0F:B3:42:41:45;PRD";-70;1171927165
00:13:10:9D:9D:4E;linksys";-81;1171927165
00:14:BF:17:02:AB;linksys-coolerthanyou";-30;1171927165
00:16:B6:25:DC:CD;5626";-79;1171927165
00:14:6C:03:01:04;KPK";-77;1171927165
00:0F:B3:42:41:45;PRD";-67;1171927166
00:13:10:9D:9D:4E;linksys";-81;1171927166
00:14:BF:17:02:AB;linksys-coolerthanyou";-30;1171927166
00:16:B6:25:DC:CD;5626";-79;1171927166
00:14:6C:03:01:04;KPK";-77;1171927166
