00:0F:34:9D:02:20;UniversityOfWashingtonCSE";-55;1172554803
00:0F:24:DC:B7:B0;UniversityOfWashingtonCSE";-50;1172554803
00:0F:24:DE:10:B0;UniversityOfWashingtonCSE";-39;1172554803
00:0F:24:DE:11:50;UniversityOfWashingtonCSE";-79;1172554803
00:0F:24:DC:B7:A0;UniversityOfWashingtonCSE";-61;1172554803
00:60:B3:8C:33:45;EE";-67;1172554803
00:0F:34:9D:06:30;UniversityOfWashingtonCSE";-61;1172554803
00:0F:34:9D:02:00;UniversityOfWashingtonCSE";-75;1172554804
00:0F:34:9D:02:20;UniversityOfWashingtonCSE";-54;1172554804
00:0F:24:DC:B7:B0;UniversityOfWashingtonCSE";-48;1172554804
00:0F:24:DE:10:B0;UniversityOfWashingtonCSE";-39;1172554805
00:0F:24:DE:11:50;UniversityOfWashingtonCSE";-79;1172554805
00:0F:24:DC:B7:A0;UniversityOfWashingtonCSE";-59;1172554805
00:60:B3:8C:33:45;EE";-67;1172554805
00:0F:34:9D:06:30;UniversityOfWashingtonCSE";-65;1172554805
00:0F:34:9D:02:00;UniversityOfWashingtonCSE";-75;1172554806
00:0F:34:9D:02:20;UniversityOfWashingtonCSE";-54;1172554806
00:0F:24:DC:B7:B0;UniversityOfWashingtonCSE";-48;1172554806
00:0F:24:DE:10:B0;UniversityOfWashingtonCSE";-41;1172554806
00:0F:24:DE:11:50;UniversityOfWashingtonCSE";-79;1172554806
00:0F:24:DC:B7:A0;UniversityOfWashingtonCSE";-62;1172554806
00:60:B3:8C:33:45;EE";-66;1172554806
00:0F:34:9D:06:30;UniversityOfWashingtonCSE";-67;1172554806
00:0F:34:9D:02:00;UniversityOfWashingtonCSE";-77;1172554807
00:0F:34:9D:02:20;UniversityOfWashingtonCSE";-55;1172554807
00:0F:24:DC:B7:B0;UniversityOfWashingtonCSE";-50;1172554807
00:0F:24:DE:10:B0;UniversityOfWashingtonCSE";-41;1172554807
00:0F:24:DE:11:50;UniversityOfWashingtonCSE";-79;1172554807
00:0F:24:DC:B7:A0;UniversityOfWashingtonCSE";-62;1172554808
00:60:B3:8C:33:45;EE";-65;1172554808
00:0F:34:9D:06:30;UniversityOfWashingtonCSE";-67;1172554808
00:0F:34:9D:02:00;UniversityOfWashingtonCSE";-77;1172554809
00:0F:34:9D:02:20;UniversityOfWashingtonCSE";-55;1172554809
00:0F:24:DC:B7:B0;UniversityOfWashingtonCSE";-49;1172554809
00:0F:24:DE:10:B0;UniversityOfWashingtonCSE";-40;1172554809
00:0F:24:DE:11:50;UniversityOfWashingtonCSE";-79;1172554809
00:0F:24:DC:B7:A0;UniversityOfWashingtonCSE";-59;1172554809
00:60:B3:8C:33:45;EE";-65;1172554809
00:0F:34:9D:06:30;UniversityOfWashingtonCSE";-67;1172554809
00:0F:34:9D:02:00;UniversityOfWashingtonCSE";-76;1172554810
00:0F:34:9D:02:20;UniversityOfWashingtonCSE";-55;1172554810
00:0F:24:DC:B7:B0;UniversityOfWashingtonCSE";-48;1172554810
00:0F:24:DE:10:B0;UniversityOfWashingtonCSE";-39;1172554810
00:0F:24:DE:11:50;UniversityOfWashingtonCSE";-79;1172554810
00:0F:24:DC:B7:A0;UniversityOfWashingtonCSE";-57;1172554810
00:60:B3:8C:33:45;EE";-68;1172554810
00:0F:34:9D:06:30;UniversityOfWashingtonCSE";-67;1172554810
00:0F:34:9C:FE:70;UniversityOfWashingtonCSE";-70;1172554811
00:0F:34:9D:02:00;UniversityOfWashingtonCSE";-76;1172554812
00:0F:34:9D:02:20;UniversityOfWashingtonCSE";-55;1172554812
00:0F:24:DC:B7:B0;UniversityOfWashingtonCSE";-48;1172554812
00:0F:24:DE:10:B0;UniversityOfWashingtonCSE";-40;1172554812
00:0F:24:DE:11:50;UniversityOfWashingtonCSE";-79;1172554812
00:0F:24:DC:B7:A0;UniversityOfWashingtonCSE";-58;1172554812
00:60:B3:8C:33:45;EE";-67;1172554812
00:0F:34:9D:06:30;UniversityOfWashingtonCSE";-66;1172554812
00:0F:34:9C:FE:70;UniversityOfWashingtonCSE";-70;1172554812
00:0F:34:9D:02:00;UniversityOfWashingtonCSE";-76;1172554813
00:0F:34:9D:02:20;UniversityOfWashingtonCSE";-55;1172554813
00:0F:24:DC:B7:B0;UniversityOfWashingtonCSE";-48;1172554813
00:0F:24:DE:10:B0;UniversityOfWashingtonCSE";-40;1172554813
00:0F:24:DE:11:50;UniversityOfWashingtonCSE";-79;1172554813
00:0F:24:DC:B7:A0;UniversityOfWashingtonCSE";-60;1172554813
00:60:B3:8C:33:45;EE";-67;1172554813
00:0F:34:9D:06:30;UniversityOfWashingtonCSE";-67;1172554813
00:0F:34:9C:FE:70;UniversityOfWashingtonCSE";-70;1172554813
00:0F:34:9D:02:00;UniversityOfWashingtonCSE";-76;1172554814
00:0F:34:9D:02:20;UniversityOfWashingtonCSE";-55;1172554815
00:0F:24:DC:B7:B0;UniversityOfWashingtonCSE";-48;1172554815
00:0F:24:DE:10:B0;UniversityOfWashingtonCSE";-40;1172554815
00:0F:24:DE:11:50;UniversityOfWashingtonCSE";-79;1172554815
00:0F:24:DC:B7:A0;UniversityOfWashingtonCSE";-60;1172554815
00:60:B3:8C:33:45;EE";-67;1172554815
00:0F:34:9D:06:30;UniversityOfWashingtonCSE";-67;1172554815
00:0F:34:9C:FE:70;UniversityOfWashingtonCSE";-70;1172554815
00:0F:34:9D:02:00;UniversityOfWashingtonCSE";-76;1172554816
00:0F:34:9D:02:20;UniversityOfWashingtonCSE";-55;1172554816
00:0F:24:DC:B7:B0;UniversityOfWashingtonCSE";-48;1172554816
00:0F:24:DE:10:B0;UniversityOfWashingtonCSE";-39;1172554816
00:0F:24:DE:11:50;UniversityOfWashingtonCSE";-79;1172554816
00:0F:24:DC:B7:A0;UniversityOfWashingtonCSE";-63;1172554816
00:60:B3:8C:33:45;EE";-64;1172554816
00:0F:34:9D:06:30;UniversityOfWashingtonCSE";-67;1172554816
00:0F:34:9C:FE:70;UniversityOfWashingtonCSE";-70;1172554816
00:0F:34:9D:02:00;UniversityOfWashingtonCSE";-76;1172554817
00:0F:34:9D:02:20;UniversityOfWashingtonCSE";-55;1172554818
00:0F:24:DC:B7:B0;UniversityOfWashingtonCSE";-49;1172554818
00:0F:24:DE:10:B0;UniversityOfWashingtonCSE";-39;1172554818
00:0F:24:DE:11:50;UniversityOfWashingtonCSE";-79;1172554818
00:0F:24:DC:B7:A0;UniversityOfWashingtonCSE";-59;1172554818
00:60:B3:8C:33:45;EE";-67;1172554818
00:0F:34:9D:06:30;UniversityOfWashingtonCSE";-71;1172554818
00:0F:34:9C:FE:70;UniversityOfWashingtonCSE";-70;1172554818
00:0F:34:9D:02:00;UniversityOfWashingtonCSE";-74;1172554819
00:0F:34:9D:02:20;UniversityOfWashingtonCSE";-55;1172554819
00:0F:24:DC:B7:B0;UniversityOfWashingtonCSE";-77;1172554819
00:0F:24:DE:10:B0;UniversityOfWashingtonCSE";-39;1172554819
00:0F:24:DE:11:50;UniversityOfWashingtonCSE";-79;1172554819
00:0F:24:DC:B7:A0;UniversityOfWashingtonCSE";-61;1172554819
00:60:B3:8C:33:45;EE";-67;1172554819
00:0F:34:9D:06:30;UniversityOfWashingtonCSE";-67;1172554819
00:0F:34:9C:FE:70;UniversityOfWashingtonCSE";-73;1172554819
00:0F:24:DE:11:40;UniversityOfWashingtonCSE";-80;1172554819
00:0F:34:9D:02:00;UniversityOfWashingtonCSE";-74;1172554820
00:0F:34:9D:02:20;UniversityOfWashingtonCSE";-54;1172554820
00:0F:24:DC:B7:B0;UniversityOfWashingtonCSE";-48;1172554821
00:0F:24:DE:10:B0;UniversityOfWashingtonCSE";-39;1172554821
00:0F:24:DE:11:50;UniversityOfWashingtonCSE";-79;1172554821
00:0F:24:DC:B7:A0;UniversityOfWashingtonCSE";-61;1172554821
00:60:B3:8C:33:45;EE";-67;1172554821
00:0F:34:9D:06:30;UniversityOfWashingtonCSE";-67;1172554821
00:0F:34:9C:FE:70;UniversityOfWashingtonCSE";-73;1172554821
00:60:B3:80:AF:DC;EE";-75;1172554821
00:0F:24:DE:11:40;UniversityOfWashingtonCSE";-80;1172554821
00:0F:34:9D:02:00;UniversityOfWashingtonCSE";-74;1172554822
00:0F:34:9D:02:20;UniversityOfWashingtonCSE";-54;1172554822
00:0F:24:DC:B7:B0;UniversityOfWashingtonCSE";-48;1172554822
00:0F:24:DE:10:B0;UniversityOfWashingtonCSE";-39;1172554822
00:0F:24:DE:11:50;UniversityOfWashingtonCSE";-79;1172554822
00:0F:24:DC:B7:A0;UniversityOfWashingtonCSE";-64;1172554822
00:60:B3:8C:33:45;EE";-65;1172554822
00:0F:34:9D:06:30;UniversityOfWashingtonCSE";-66;1172554822
00:0F:34:9C:FE:70;UniversityOfWashingtonCSE";-73;1172554823
00:60:B3:80:AF:DC;EE";-75;1172554823
00:0F:24:DE:11:40;UniversityOfWashingtonCSE";-80;1172554823
00:0F:34:9D:02:00;UniversityOfWashingtonCSE";-74;1172554824
00:0F:34:9D:02:20;UniversityOfWashingtonCSE";-53;1172554824
00:0F:24:DC:B7:B0;UniversityOfWashingtonCSE";-48;1172554824
00:0F:24:DE:10:B0;UniversityOfWashingtonCSE";-39;1172554824
00:0F:24:DE:11:50;UniversityOfWashingtonCSE";-79;1172554824
00:0F:24:DC:B7:A0;UniversityOfWashingtonCSE";-56;1172554824
00:60:B3:8C:33:45;EE";-69;1172554824
00:0F:34:9D:06:30;UniversityOfWashingtonCSE";-66;1172554824
00:0F:34:9C:FE:70;UniversityOfWashingtonCSE";-73;1172554824
00:60:B3:80:AF:DC;EE";-75;1172554824
00:0F:24:DE:11:40;UniversityOfWashingtonCSE";-80;1172554824
00:0F:34:9D:02:00;UniversityOfWashingtonCSE";-77;1172554825
00:0F:34:9D:02:20;UniversityOfWashingtonCSE";-54;1172554825
00:0F:24:DC:B7:B0;UniversityOfWashingtonCSE";-48;1172554825
00:0F:24:DE:10:B0;UniversityOfWashingtonCSE";-38;1172554825
00:0F:24:DE:11:50;UniversityOfWashingtonCSE";-79;1172554825
00:0F:24:DC:B7:A0;UniversityOfWashingtonCSE";-56;1172554826
00:60:B3:8C:33:45;EE";-66;1172554826
00:0F:34:9D:06:30;UniversityOfWashingtonCSE";-67;1172554826
00:0F:34:9C:FE:70;UniversityOfWashingtonCSE";-73;1172554826
00:60:B3:80:AF:DC;EE";-77;1172554826
00:0F:34:9D:06:80;UniversityOfWashingtonCSE";-82;1172554826
00:0F:24:DE:11:40;UniversityOfWashingtonCSE";-80;1172554826
00:0F:34:9D:02:00;UniversityOfWashingtonCSE";-77;1172554827
00:0F:34:9D:02:20;UniversityOfWashingtonCSE";-56;1172554827
00:0F:24:DC:B7:B0;UniversityOfWashingtonCSE";-48;1172554827
00:0F:24:DE:10:B0;UniversityOfWashingtonCSE";-39;1172554827
00:0F:24:DE:11:50;UniversityOfWashingtonCSE";-79;1172554827
00:0F:24:DC:B7:A0;UniversityOfWashingtonCSE";-56;1172554827
00:60:B3:8C:33:45;EE";-66;1172554827
00:0F:34:9D:06:30;UniversityOfWashingtonCSE";-67;1172554827
00:0F:34:9C:FE:70;UniversityOfWashingtonCSE";-71;1172554827
00:60:B3:80:AF:DC;EE";-77;1172554827
00:0F:34:9D:06:80;UniversityOfWashingtonCSE";-82;1172554828
00:0F:24:DE:11:40;UniversityOfWashingtonCSE";-80;1172554828
00:0F:34:9D:02:00;UniversityOfWashingtonCSE";-77;1172554829
00:0F:34:9D:02:20;UniversityOfWashingtonCSE";-56;1172554829
00:0F:24:DC:B7:B0;UniversityOfWashingtonCSE";-48;1172554829
00:0F:24:DE:10:B0;UniversityOfWashingtonCSE";-38;1172554829
00:0F:24:DE:11:50;UniversityOfWashingtonCSE";-79;1172554829
00:0F:24:DC:B7:A0;UniversityOfWashingtonCSE";-56;1172554829
00:60:B3:8C:33:45;EE";-66;1172554829
00:0F:34:9D:06:30;UniversityOfWashingtonCSE";-67;1172554829
00:0F:34:9C:FE:70;UniversityOfWashingtonCSE";-71;1172554829
00:60:B3:80:AF:DC;EE";-77;1172554829
00:0F:34:9D:06:80;UniversityOfWashingtonCSE";-82;1172554829
00:0F:24:DE:11:40;UniversityOfWashingtonCSE";-80;1172554829
00:0F:34:9D:02:00;UniversityOfWashingtonCSE";-77;1172554830
00:0F:34:9D:02:20;UniversityOfWashingtonCSE";-56;1172554830
00:0F:24:DC:B7:B0;UniversityOfWashingtonCSE";-48;1172554830
00:0F:24:DE:10:B0;UniversityOfWashingtonCSE";-40;1172554831
00:0F:24:DE:11:50;UniversityOfWashingtonCSE";-79;1172554831
00:0F:24:DC:B7:A0;UniversityOfWashingtonCSE";-56;1172554831
00:60:B3:8C:33:45;EE";-68;1172554831
00:0F:34:9D:06:30;UniversityOfWashingtonCSE";-67;1172554831
00:0F:34:9C:FE:70;UniversityOfWashingtonCSE";-71;1172554831
00:60:B3:80:AF:DC;EE";-77;1172554831
00:0F:34:9D:06:80;UniversityOfWashingtonCSE";-82;1172554831
00:0F:24:DE:11:40;UniversityOfWashingtonCSE";-80;1172554831
00:0F:34:9D:02:00;UniversityOfWashingtonCSE";-77;1172554832
00:0F:34:9D:02:20;UniversityOfWashingtonCSE";-54;1172554832
00:0F:24:DC:B7:B0;UniversityOfWashingtonCSE";-50;1172554832
00:0F:24:DE:10:B0;UniversityOfWashingtonCSE";-40;1172554832
00:0F:24:DE:11:50;UniversityOfWashingtonCSE";-79;1172554832
00:0F:24:DC:B7:A0;UniversityOfWashingtonCSE";-61;1172554832
00:60:B3:8C:33:45;EE";-67;1172554832
00:0F:34:9D:06:30;UniversityOfWashingtonCSE";-66;1172554832
00:0F:34:9C:FE:70;UniversityOfWashingtonCSE";-71;1172554833
00:60:B3:80:AF:DC;EE";-77;1172554833
00:0F:34:9D:06:80;UniversityOfWashingtonCSE";-82;1172554833
00:0F:24:DE:11:40;UniversityOfWashingtonCSE";-80;1172554833
00:0F:34:9D:02:00;UniversityOfWashingtonCSE";-77;1172554834
00:0F:34:9D:02:20;UniversityOfWashingtonCSE";-54;1172554834
00:0F:24:DC:B7:B0;UniversityOfWashingtonCSE";-49;1172554834
00:0F:24:DE:10:B0;UniversityOfWashingtonCSE";-39;1172554834
00:0F:24:DE:11:50;UniversityOfWashingtonCSE";-79;1172554834
00:0F:24:DC:B7:A0;UniversityOfWashingtonCSE";-61;1172554834
00:60:B3:8C:33:45;EE";-65;1172554834
00:0F:34:9D:06:30;UniversityOfWashingtonCSE";-66;1172554834
00:0F:34:9C:FE:70;UniversityOfWashingtonCSE";-71;1172554834
00:60:B3:80:AF:DC;EE";-77;1172554834
00:0F:34:9D:06:80;UniversityOfWashingtonCSE";-82;1172554834
00:0F:24:DE:11:40;UniversityOfWashingtonCSE";-80;1172554834
00:0F:34:9D:02:00;UniversityOfWashingtonCSE";-77;1172554835
00:0F:34:9D:02:20;UniversityOfWashingtonCSE";-55;1172554835
00:0F:24:DC:B7:B0;UniversityOfWashingtonCSE";-49;1172554835
00:0F:24:DE:10:B0;UniversityOfWashingtonCSE";-39;1172554836
00:0F:24:DE:11:50;UniversityOfWashingtonCSE";-79;1172554836
00:0F:24:DC:B7:A0;UniversityOfWashingtonCSE";-62;1172554836
00:60:B3:8C:33:45;EE";-65;1172554836
00:0F:34:9D:06:30;UniversityOfWashingtonCSE";-67;1172554836
00:0F:34:9C:FE:70;UniversityOfWashingtonCSE";-71;1172554836
00:60:B3:80:AF:DC;EE";-77;1172554836
00:0F:34:9D:06:80;UniversityOfWashingtonCSE";-82;1172554836
00:0F:24:DE:11:40;UniversityOfWashingtonCSE";-76;1172554836
00:0F:34:9D:02:00;UniversityOfWashingtonCSE";-77;1172554837
00:0F:34:9D:02:20;UniversityOfWashingtonCSE";-55;1172554837
00:0F:24:DC:B7:B0;UniversityOfWashingtonCSE";-50;1172554837
00:0F:24:DE:10:B0;UniversityOfWashingtonCSE";-41;1172554837
00:0F:24:DE:11:50;UniversityOfWashingtonCSE";-79;1172554837
00:0F:24:DC:B7:A0;UniversityOfWashingtonCSE";-58;1172554837
00:60:B3:8C:33:45;EE";-64;1172554837
00:0F:34:9D:06:30;UniversityOfWashingtonCSE";-69;1172554837
00:0F:34:9C:FE:70;UniversityOfWashingtonCSE";-73;1172554838
00:60:B3:80:AF:DC;EE";-77;1172554838
00:0F:34:9D:06:80;UniversityOfWashingtonCSE";-82;1172554838
00:0F:24:DE:11:40;UniversityOfWashingtonCSE";-76;1172554838
00:0F:34:9D:02:00;UniversityOfWashingtonCSE";-77;1172554839
00:0F:34:9D:02:20;UniversityOfWashingtonCSE";-56;1172554839
00:0F:24:DC:B7:B0;UniversityOfWashingtonCSE";-50;1172554839
00:0F:24:DE:10:B0;UniversityOfWashingtonCSE";-43;1172554839
00:0F:24:DE:11:50;UniversityOfWashingtonCSE";-79;1172554839
00:0F:24:DC:B7:A0;UniversityOfWashingtonCSE";-58;1172554839
00:60:B3:8C:33:45;EE";-66;1172554839
00:0F:34:9D:06:30;UniversityOfWashingtonCSE";-69;1172554839
00:0F:34:9C:FE:70;UniversityOfWashingtonCSE";-73;1172554839
00:60:B3:80:AF:DC;EE";-79;1172554839
00:0F:34:9D:06:80;UniversityOfWashingtonCSE";-82;1172554839
00:0F:24:DE:11:40;UniversityOfWashingtonCSE";-76;1172554839
00:0F:34:9D:02:00;UniversityOfWashingtonCSE";-78;1172554840
00:0F:34:9D:02:20;UniversityOfWashingtonCSE";-55;1172554840
00:0F:24:DC:B7:B0;UniversityOfWashingtonCSE";-50;1172554841
00:0F:24:DE:10:B0;UniversityOfWashingtonCSE";-39;1172554841
00:0F:24:DE:11:50;UniversityOfWashingtonCSE";-79;1172554841
00:0F:24:DC:B7:A0;UniversityOfWashingtonCSE";-60;1172554841
00:60:B3:8C:33:45;EE";-68;1172554841
00:0F:34:9D:06:30;UniversityOfWashingtonCSE";-67;1172554841
00:0F:34:9C:FE:70;UniversityOfWashingtonCSE";-73;1172554841
00:60:B3:80:AF:DC;EE";-79;1172554841
00:0F:24:DE:11:40;UniversityOfWashingtonCSE";-76;1172554841
00:0F:34:9D:02:00;UniversityOfWashingtonCSE";-78;1172554842
00:0F:34:9D:02:20;UniversityOfWashingtonCSE";-56;1172554842
00:0F:24:DC:B7:B0;UniversityOfWashingtonCSE";-48;1172554842
00:0F:24:DE:10:B0;UniversityOfWashingtonCSE";-39;1172554842
00:0F:24:DE:11:50;UniversityOfWashingtonCSE";-79;1172554842
00:0F:24:DC:B7:A0;UniversityOfWashingtonCSE";-60;1172554842
00:60:B3:8C:33:45;EE";-68;1172554842
00:0F:34:9D:06:30;UniversityOfWashingtonCSE";-67;1172554842
00:0F:34:9C:FE:70;UniversityOfWashingtonCSE";-73;1172554843
00:60:B3:80:AF:DC;EE";-79;1172554843
00:0F:24:DE:11:40;UniversityOfWashingtonCSE";-76;1172554843
00:0F:34:9D:02:00;UniversityOfWashingtonCSE";-78;1172554844
00:0F:34:9D:02:20;UniversityOfWashingtonCSE";-56;1172554844
00:0F:24:DC:B7:B0;UniversityOfWashingtonCSE";-48;1172554844
00:0F:24:DE:10:B0;UniversityOfWashingtonCSE";-39;1172554844
00:0F:24:DE:11:50;UniversityOfWashingtonCSE";-79;1172554844
00:0F:24:DC:B7:A0;UniversityOfWashingtonCSE";-60;1172554844
00:60:B3:8C:33:45;EE";-65;1172554844
00:0F:34:9D:06:30;UniversityOfWashingtonCSE";-67;1172554844
00:0F:34:9C:FE:70;UniversityOfWashingtonCSE";-73;1172554844
00:60:B3:80:AF:DC;EE";-79;1172554844
00:0F:24:DE:11:40;UniversityOfWashingtonCSE";-76;1172554844
00:0F:34:9D:02:00;UniversityOfWashingtonCSE";-78;1172554845
00:0F:34:9D:02:20;UniversityOfWashingtonCSE";-55;1172554845
00:0F:24:DC:B7:B0;UniversityOfWashingtonCSE";-49;1172554845
00:0F:24:DE:10:B0;UniversityOfWashingtonCSE";-40;1172554845
00:0F:24:DE:11:50;UniversityOfWashingtonCSE";-79;1172554845
00:0F:24:DC:B7:A0;UniversityOfWashingtonCSE";-58;1172554846
00:60:B3:8C:33:45;EE";-67;1172554846
00:0F:34:9D:06:30;UniversityOfWashingtonCSE";-66;1172554846
00:0F:34:9C:FE:70;UniversityOfWashingtonCSE";-73;1172554846
00:60:B3:80:AF:DC;EE";-79;1172554846
00:0F:24:DE:11:40;UniversityOfWashingtonCSE";-80;1172554846
00:0F:34:9D:02:00;UniversityOfWashingtonCSE";-78;1172554847
00:0F:34:9D:02:20;UniversityOfWashingtonCSE";-55;1172554847
00:0F:24:DC:B7:B0;UniversityOfWashingtonCSE";-49;1172554847
00:0F:24:DE:10:B0;UniversityOfWashingtonCSE";-40;1172554847
00:0F:24:DE:11:50;UniversityOfWashingtonCSE";-79;1172554847
00:0F:24:DC:B7:A0;UniversityOfWashingtonCSE";-60;1172554847
00:60:B3:8C:33:45;EE";-67;1172554847
00:0F:34:9D:06:30;UniversityOfWashingtonCSE";-66;1172554847
00:0F:34:9C:FE:70;UniversityOfWashingtonCSE";-73;1172554847
00:60:B3:80:AF:DC;EE";-79;1172554847
00:0F:24:DE:11:40;UniversityOfWashingtonCSE";-80;1172554847
00:0F:34:9D:02:00;UniversityOfWashingtonCSE";-78;1172554848
00:0F:34:9D:02:20;UniversityOfWashingtonCSE";-55;1172554848
00:0F:24:DC:B7:B0;UniversityOfWashingtonCSE";-49;1172554849
00:0F:24:DE:10:B0;UniversityOfWashingtonCSE";-40;1172554849
00:0F:24:DE:11:50;UniversityOfWashingtonCSE";-79;1172554849
00:0F:24:DC:B7:A0;UniversityOfWashingtonCSE";-59;1172554849
00:60:B3:8C:33:45;EE";-67;1172554849
00:0F:34:9D:06:30;UniversityOfWashingtonCSE";-67;1172554849
00:0F:34:9C:FE:70;UniversityOfWashingtonCSE";-73;1172554849
00:60:B3:80:AF:DC;EE";-79;1172554849
00:0F:24:DE:11:40;UniversityOfWashingtonCSE";-80;1172554849
00:0F:34:9D:02:00;UniversityOfWashingtonCSE";-78;1172554850
00:0F:34:9D:02:20;UniversityOfWashingtonCSE";-55;1172554850
00:0F:24:DC:B7:B0;UniversityOfWashingtonCSE";-50;1172554850
00:0F:24:DE:10:B0;UniversityOfWashingtonCSE";-40;1172554850
00:0F:24:DE:11:50;UniversityOfWashingtonCSE";-79;1172554850
00:0F:24:DC:B7:A0;UniversityOfWashingtonCSE";-59;1172554850
00:60:B3:8C:33:45;EE";-62;1172554850
00:0F:34:9D:06:30;UniversityOfWashingtonCSE";-67;1172554850
00:0F:34:9C:FE:70;UniversityOfWashingtonCSE";-73;1172554851
00:60:B3:80:AF:DC;EE";-79;1172554851
00:0F:24:DE:11:40;UniversityOfWashingtonCSE";-80;1172554851
00:0F:34:9D:02:00;UniversityOfWashingtonCSE";-78;1172554852
00:0F:34:9D:02:20;UniversityOfWashingtonCSE";-55;1172554852
00:0F:24:DC:B7:B0;UniversityOfWashingtonCSE";-50;1172554852
00:0F:24:DE:10:B0;UniversityOfWashingtonCSE";-41;1172554852
00:0F:24:DE:11:50;UniversityOfWashingtonCSE";-79;1172554852
00:0F:24:DC:B7:A0;UniversityOfWashingtonCSE";-59;1172554852
00:60:B3:8C:33:45;EE";-65;1172554852
00:0F:34:9D:06:30;UniversityOfWashingtonCSE";-67;1172554852
00:0F:34:9C:FE:70;UniversityOfWashingtonCSE";-73;1172554852
00:60:B3:80:AF:DC;EE";-76;1172554852
00:0F:24:DE:11:40;UniversityOfWashingtonCSE";-80;1172554852
00:0F:34:9D:02:00;UniversityOfWashingtonCSE";-78;1172554853
00:0F:34:9D:02:20;UniversityOfWashingtonCSE";-55;1172554853
00:0F:24:DC:B7:B0;UniversityOfWashingtonCSE";-49;1172554853
00:0F:24:DE:10:B0;UniversityOfWashingtonCSE";-41;1172554853
00:0F:24:DE:11:50;UniversityOfWashingtonCSE";-79;1172554853
00:0F:24:DC:B7:A0;UniversityOfWashingtonCSE";-59;1172554854
00:60:B3:8C:33:45;EE";-67;1172554854
00:0F:34:9D:06:30;UniversityOfWashingtonCSE";-64;1172554854
00:0F:34:9C:FE:70;UniversityOfWashingtonCSE";-73;1172554854
00:60:B3:80:AF:DC;EE";-76;1172554854
00:0F:24:DE:11:40;UniversityOfWashingtonCSE";-80;1172554854
00:0F:34:9D:02:00;UniversityOfWashingtonCSE";-78;1172554855
00:0F:34:9D:02:20;UniversityOfWashingtonCSE";-55;1172554855
00:0F:24:DC:B7:B0;UniversityOfWashingtonCSE";-48;1172554855
00:0F:24:DE:10:B0;UniversityOfWashingtonCSE";-41;1172554855
00:0F:24:DE:11:50;UniversityOfWashingtonCSE";-79;1172554855
00:0F:24:DC:B7:A0;UniversityOfWashingtonCSE";-58;1172554855
00:60:B3:8C:33:45;EE";-64;1172554855
00:0F:34:9D:06:30;UniversityOfWashingtonCSE";-66;1172554855
00:0F:34:9C:FE:70;UniversityOfWashingtonCSE";-73;1172554855
00:60:B3:80:AF:DC;EE";-76;1172554855
00:0F:24:DE:11:40;UniversityOfWashingtonCSE";-80;1172554855
00:0F:34:9D:02:00;UniversityOfWashingtonCSE";-77;1172554856
00:0F:34:9D:02:20;UniversityOfWashingtonCSE";-55;1172554856
00:0F:24:DC:B7:B0;UniversityOfWashingtonCSE";-50;1172554857
00:0F:24:DE:10:B0;UniversityOfWashingtonCSE";-41;1172554857
00:0F:24:DE:11:50;UniversityOfWashingtonCSE";-79;1172554857
00:0F:24:DC:B7:A0;UniversityOfWashingtonCSE";-58;1172554857
00:60:B3:8C:33:45;EE";-62;1172554857
00:0F:34:9D:06:30;UniversityOfWashingtonCSE";-66;1172554857
00:0F:34:9C:FE:70;UniversityOfWashingtonCSE";-73;1172554857
00:60:B3:80:AF:DC;EE";-76;1172554857
00:0F:24:DE:11:40;UniversityOfWashingtonCSE";-80;1172554857
00:0F:34:9D:02:00;UniversityOfWashingtonCSE";-76;1172554858
00:0F:34:9D:02:20;UniversityOfWashingtonCSE";-55;1172554858
00:0F:24:DC:B7:B0;UniversityOfWashingtonCSE";-49;1172554858
00:0F:24:DE:10:B0;UniversityOfWashingtonCSE";-42;1172554858
00:0F:24:DE:11:50;UniversityOfWashingtonCSE";-79;1172554858
00:0F:24:DC:B7:A0;UniversityOfWashingtonCSE";-56;1172554858
00:60:B3:8C:33:45;EE";-68;1172554858
00:0F:34:9D:06:30;UniversityOfWashingtonCSE";-66;1172554858
00:0F:34:9C:FE:70;UniversityOfWashingtonCSE";-74;1172554859
00:60:B3:80:AF:DC;EE";-76;1172554859
00:0F:24:DE:11:40;UniversityOfWashingtonCSE";-80;1172554859
00:0F:34:9D:02:00;UniversityOfWashingtonCSE";-76;1172554860
00:0F:34:9D:02:20;UniversityOfWashingtonCSE";-55;1172554860
00:0F:24:DC:B7:B0;UniversityOfWashingtonCSE";-49;1172554860
00:0F:24:DE:10:B0;UniversityOfWashingtonCSE";-42;1172554860
00:0F:24:DE:11:50;UniversityOfWashingtonCSE";-79;1172554860
00:0F:24:DC:B7:A0;UniversityOfWashingtonCSE";-53;1172554860
00:60:B3:8C:33:45;EE";-64;1172554860
00:0F:34:9D:06:30;UniversityOfWashingtonCSE";-64;1172554860
00:0F:34:9C:FE:70;UniversityOfWashingtonCSE";-74;1172554860
00:60:B3:80:AF:DC;EE";-76;1172554860
00:0F:24:DE:11:40;UniversityOfWashingtonCSE";-80;1172554860
00:0F:34:9D:02:00;UniversityOfWashingtonCSE";-76;1172554861
00:0F:34:9D:02:20;UniversityOfWashingtonCSE";-55;1172554861
00:0F:24:DC:B7:B0;UniversityOfWashingtonCSE";-49;1172554861
00:0F:24:DE:10:B0;UniversityOfWashingtonCSE";-40;1172554861
00:0F:24:DE:11:50;UniversityOfWashingtonCSE";-79;1172554861
00:0F:24:DC:B7:A0;UniversityOfWashingtonCSE";-53;1172554862
00:60:B3:8C:33:45;EE";-67;1172554862
00:0F:34:9D:06:30;UniversityOfWashingtonCSE";-64;1172554862
00:0F:34:9C:FE:70;UniversityOfWashingtonCSE";-74;1172554862
00:60:B3:80:AF:DC;EE";-76;1172554862
00:0F:34:9D:02:00;UniversityOfWashingtonCSE";-76;1172554863
00:0F:34:9D:02:20;UniversityOfWashingtonCSE";-55;1172554863
00:0F:24:DC:B7:B0;UniversityOfWashingtonCSE";-49;1172554863
00:0F:24:DE:10:B0;UniversityOfWashingtonCSE";-41;1172554863
00:0F:24:DE:11:50;UniversityOfWashingtonCSE";-79;1172554863
00:0F:24:DC:B7:A0;UniversityOfWashingtonCSE";-56;1172554863
00:60:B3:8C:33:45;EE";-65;1172554863
00:0F:34:9D:06:30;UniversityOfWashingtonCSE";-65;1172554863
00:0F:34:9C:FE:70;UniversityOfWashingtonCSE";-73;1172554863
00:60:B3:80:AF:DC;EE";-76;1172554863
00:0F:34:9D:06:80;UniversityOfWashingtonCSE";-83;1172554863
00:0F:34:9D:02:00;UniversityOfWashingtonCSE";-76;1172554864
00:0F:34:9D:02:20;UniversityOfWashingtonCSE";-55;1172554864
00:0F:24:DC:B7:B0;UniversityOfWashingtonCSE";-49;1172554864
00:0F:24:DE:10:B0;UniversityOfWashingtonCSE";-40;1172554865
00:0F:24:DE:11:50;UniversityOfWashingtonCSE";-79;1172554865
00:0F:24:DC:B7:A0;UniversityOfWashingtonCSE";-53;1172554865
00:60:B3:8C:33:45;EE";-65;1172554865
00:0F:34:9D:06:30;UniversityOfWashingtonCSE";-66;1172554865
00:0F:34:9C:FE:70;UniversityOfWashingtonCSE";-73;1172554865
00:60:B3:80:AF:DC;EE";-76;1172554865
00:0F:34:9D:06:80;UniversityOfWashingtonCSE";-83;1172554865
00:0F:34:9D:02:00;UniversityOfWashingtonCSE";-76;1172554866
00:0F:34:9D:02:20;UniversityOfWashingtonCSE";-56;1172554866
00:0F:24:DC:B7:B0;UniversityOfWashingtonCSE";-49;1172554866
00:0F:24:DE:10:B0;UniversityOfWashingtonCSE";-40;1172554866
00:0F:24:DE:11:50;UniversityOfWashingtonCSE";-79;1172554866
00:0F:24:DC:B7:A0;UniversityOfWashingtonCSE";-53;1172554866
00:60:B3:8C:33:45;EE";-65;1172554866
00:0F:34:9D:06:30;UniversityOfWashingtonCSE";-66;1172554866
00:0F:34:9C:FE:70;UniversityOfWashingtonCSE";-73;1172554866
00:60:B3:80:AF:DC;EE";-76;1172554867
00:0F:34:9D:06:80;UniversityOfWashingtonCSE";-83;1172554867
00:0F:34:9D:02:00;UniversityOfWashingtonCSE";-76;1172554868
00:0F:34:9D:02:20;UniversityOfWashingtonCSE";-56;1172554868
00:0F:24:DC:B7:B0;UniversityOfWashingtonCSE";-49;1172554868
00:0F:24:DE:10:B0;UniversityOfWashingtonCSE";-42;1172554868
00:0F:24:DE:11:50;UniversityOfWashingtonCSE";-79;1172554868
00:0F:24:DC:B7:A0;UniversityOfWashingtonCSE";-55;1172554868
00:60:B3:8C:33:45;EE";-65;1172554868
00:0F:34:9D:06:30;UniversityOfWashingtonCSE";-67;1172554868
00:0F:34:9C:FE:70;UniversityOfWashingtonCSE";-73;1172554868
00:0F:34:9D:06:80;UniversityOfWashingtonCSE";-82;1172554868
00:0F:34:9D:02:00;UniversityOfWashingtonCSE";-77;1172554869
00:0F:34:9D:02:20;UniversityOfWashingtonCSE";-56;1172554869
00:0F:24:DC:B7:B0;UniversityOfWashingtonCSE";-49;1172554869
00:0F:24:DE:10:B0;UniversityOfWashingtonCSE";-40;1172554869
00:0F:24:DE:11:50;UniversityOfWashingtonCSE";-79;1172554869
00:0F:24:DC:B7:A0;UniversityOfWashingtonCSE";-59;1172554869
00:60:B3:8C:33:45;EE";-66;1172554869
00:0F:34:9D:06:30;UniversityOfWashingtonCSE";-67;1172554870
00:0F:34:9C:FE:70;UniversityOfWashingtonCSE";-73;1172554870
00:0F:34:9D:06:80;UniversityOfWashingtonCSE";-82;1172554870
00:0F:34:9D:02:00;UniversityOfWashingtonCSE";-77;1172554871
00:0F:34:9D:02:20;UniversityOfWashingtonCSE";-56;1172554871
00:0F:24:DC:B7:B0;UniversityOfWashingtonCSE";-48;1172554871
00:0F:24:DE:10:B0;UniversityOfWashingtonCSE";-40;1172554871
00:0F:24:DE:11:50;UniversityOfWashingtonCSE";-79;1172554871
00:0F:24:DC:B7:A0;UniversityOfWashingtonCSE";-61;1172554871
00:60:B3:8C:33:45;EE";-63;1172554871
00:0F:34:9D:06:30;UniversityOfWashingtonCSE";-59;1172554871
00:0F:34:9C:FE:70;UniversityOfWashingtonCSE";-73;1172554871
00:0F:34:9D:06:80;UniversityOfWashingtonCSE";-82;1172554871
00:0F:24:DE:11:40;UniversityOfWashingtonCSE";-79;1172554871
00:0F:34:9D:02:00;UniversityOfWashingtonCSE";-75;1172554872
00:0F:34:9D:02:20;UniversityOfWashingtonCSE";-58;1172554872
00:0F:24:DC:B7:B0;UniversityOfWashingtonCSE";-50;1172554872
00:0F:24:DE:10:B0;UniversityOfWashingtonCSE";-37;1172554872
00:0F:24:DE:11:50;UniversityOfWashingtonCSE";-79;1172554873
00:0F:24:DC:B7:A0;UniversityOfWashingtonCSE";-56;1172554873
00:60:B3:8C:33:45;EE";-67;1172554873
00:0F:34:9D:06:30;UniversityOfWashingtonCSE";-64;1172554873
00:0F:34:9C:FE:70;UniversityOfWashingtonCSE";-73;1172554873
00:0F:34:9D:06:80;UniversityOfWashingtonCSE";-82;1172554873
00:0F:24:DE:11:40;UniversityOfWashingtonCSE";-79;1172554873
00:0F:34:9D:02:00;UniversityOfWashingtonCSE";-75;1172554874
00:0F:34:9D:02:20;UniversityOfWashingtonCSE";-58;1172554874
00:0F:24:DC:B7:B0;UniversityOfWashingtonCSE";-50;1172554874
00:0F:24:DE:10:B0;UniversityOfWashingtonCSE";-39;1172554874
00:0F:24:DE:11:50;UniversityOfWashingtonCSE";-79;1172554874
00:0F:24:DC:B7:A0;UniversityOfWashingtonCSE";-56;1172554874
00:60:B3:8C:33:45;EE";-67;1172554874
00:0F:34:9D:06:30;UniversityOfWashingtonCSE";-64;1172554874
00:0F:34:9C:FE:70;UniversityOfWashingtonCSE";-73;1172554874
00:0F:34:9D:06:80;UniversityOfWashingtonCSE";-82;1172554874
00:0F:24:DE:11:40;UniversityOfWashingtonCSE";-79;1172554875
00:0F:34:9D:02:00;UniversityOfWashingtonCSE";-75;1172554876
00:0F:34:9D:02:20;UniversityOfWashingtonCSE";-58;1172554876
00:0F:24:DC:B7:B0;UniversityOfWashingtonCSE";-50;1172554876
00:0F:24:DE:10:B0;UniversityOfWashingtonCSE";-39;1172554876
00:0F:24:DE:11:50;UniversityOfWashingtonCSE";-79;1172554876
00:0F:24:DC:B7:A0;UniversityOfWashingtonCSE";-59;1172554876
00:60:B3:8C:33:45;EE";-68;1172554876
00:0F:34:9D:06:30;UniversityOfWashingtonCSE";-60;1172554876
00:0F:34:9C:FE:70;UniversityOfWashingtonCSE";-73;1172554876
00:0F:34:9D:06:80;UniversityOfWashingtonCSE";-82;1172554876
00:0F:24:DE:11:40;UniversityOfWashingtonCSE";-79;1172554876
00:0F:34:9D:02:00;UniversityOfWashingtonCSE";-75;1172554877
00:0F:34:9D:02:20;UniversityOfWashingtonCSE";-54;1172554877
00:0F:24:DC:B7:B0;UniversityOfWashingtonCSE";-49;1172554877
00:0F:24:DE:10:B0;UniversityOfWashingtonCSE";-40;1172554877
00:0F:24:DE:11:50;UniversityOfWashingtonCSE";-79;1172554877
00:0F:24:DC:B7:A0;UniversityOfWashingtonCSE";-59;1172554878
00:60:B3:8C:33:45;EE";-67;1172554878
00:0F:34:9D:06:30;UniversityOfWashingtonCSE";-64;1172554878
00:0F:34:9C:FE:70;UniversityOfWashingtonCSE";-70;1172554878
00:0F:34:9D:06:80;UniversityOfWashingtonCSE";-82;1172554878
00:0F:24:DE:11:40;UniversityOfWashingtonCSE";-79;1172554878
00:0F:34:9D:02:00;UniversityOfWashingtonCSE";-75;1172554879
00:0F:34:9D:02:20;UniversityOfWashingtonCSE";-54;1172554879
00:0F:24:DC:B7:B0;UniversityOfWashingtonCSE";-50;1172554879
00:0F:24:DE:10:B0;UniversityOfWashingtonCSE";-39;1172554879
00:0F:24:DE:11:50;UniversityOfWashingtonCSE";-79;1172554879
00:0F:24:DC:B7:A0;UniversityOfWashingtonCSE";-54;1172554879
00:60:B3:8C:33:45;EE";-69;1172554879
00:0F:34:9D:06:30;UniversityOfWashingtonCSE";-64;1172554879
00:0F:34:9C:FE:70;UniversityOfWashingtonCSE";-70;1172554879
00:0F:34:9D:06:80;UniversityOfWashingtonCSE";-82;1172554879
00:0F:24:DE:11:40;UniversityOfWashingtonCSE";-79;1172554879
00:0F:34:9D:02:00;UniversityOfWashingtonCSE";-74;1172554880
00:0F:34:9D:02:20;UniversityOfWashingtonCSE";-55;1172554881
00:0F:24:DC:B7:B0;UniversityOfWashingtonCSE";-48;1172554881
00:0F:24:DE:10:B0;UniversityOfWashingtonCSE";-39;1172554881
00:0F:24:DE:11:50;UniversityOfWashingtonCSE";-79;1172554881
00:0F:24:DC:B7:A0;UniversityOfWashingtonCSE";-56;1172554881
00:60:B3:8C:33:45;EE";-67;1172554881
00:0F:34:9D:06:30;UniversityOfWashingtonCSE";-67;1172554881
00:0F:34:9C:FE:70;UniversityOfWashingtonCSE";-70;1172554881
00:0F:34:9D:06:80;UniversityOfWashingtonCSE";-82;1172554881
00:0F:24:DE:11:40;UniversityOfWashingtonCSE";-81;1172554881
00:0F:34:9D:02:00;UniversityOfWashingtonCSE";-77;1172554882
00:0F:34:9D:02:20;UniversityOfWashingtonCSE";-55;1172554882
00:0F:24:DC:B7:B0;UniversityOfWashingtonCSE";-49;1172554882
00:0F:24:DE:10:B0;UniversityOfWashingtonCSE";-39;1172554882
00:0F:24:DE:11:50;UniversityOfWashingtonCSE";-79;1172554882
00:0F:24:DC:B7:A0;UniversityOfWashingtonCSE";-56;1172554882
00:60:B3:8C:33:45;EE";-67;1172554882
00:0F:34:9D:06:30;UniversityOfWashingtonCSE";-67;1172554883
00:0F:34:9C:FE:70;UniversityOfWashingtonCSE";-70;1172554883
00:0F:34:9D:06:80;UniversityOfWashingtonCSE";-82;1172554883
00:0F:24:DE:11:40;UniversityOfWashingtonCSE";-81;1172554883
00:0F:34:9D:02:00;UniversityOfWashingtonCSE";-77;1172554884
00:0F:34:9D:02:20;UniversityOfWashingtonCSE";-55;1172554884
00:0F:24:DC:B7:B0;UniversityOfWashingtonCSE";-49;1172554884
00:0F:24:DE:10:B0;UniversityOfWashingtonCSE";-40;1172554884
00:0F:24:DE:11:50;UniversityOfWashingtonCSE";-79;1172554884
00:0F:24:DC:B7:A0;UniversityOfWashingtonCSE";-55;1172554884
00:60:B3:8C:33:45;EE";-63;1172554884
00:0F:34:9D:06:30;UniversityOfWashingtonCSE";-63;1172554884
00:0F:34:9C:FE:70;UniversityOfWashingtonCSE";-73;1172554884
00:0F:24:DE:11:40;UniversityOfWashingtonCSE";-81;1172554884
00:0F:34:9D:02:00;UniversityOfWashingtonCSE";-77;1172554885
00:0F:34:9D:02:20;UniversityOfWashingtonCSE";-55;1172554885
00:0F:24:DC:B7:B0;UniversityOfWashingtonCSE";-48;1172554885
00:0F:24:DE:10:B0;UniversityOfWashingtonCSE";-39;1172554885
00:0F:24:DE:11:50;UniversityOfWashingtonCSE";-79;1172554886
00:0F:24:DC:B7:A0;UniversityOfWashingtonCSE";-55;1172554886
00:60:B3:8C:33:45;EE";-65;1172554886
00:0F:34:9D:06:30;UniversityOfWashingtonCSE";-63;1172554886
00:0F:34:9C:FE:70;UniversityOfWashingtonCSE";-73;1172554886
00:0F:24:DE:11:40;UniversityOfWashingtonCSE";-81;1172554886
00:0F:34:9D:02:00;UniversityOfWashingtonCSE";-77;1172554887
00:0F:34:9D:02:20;UniversityOfWashingtonCSE";-55;1172554887
00:0F:24:DC:B7:B0;UniversityOfWashingtonCSE";-48;1172554887
00:0F:24:DE:10:B0;UniversityOfWashingtonCSE";-40;1172554887
00:0F:24:DE:11:50;UniversityOfWashingtonCSE";-79;1172554887
00:0F:24:DC:B7:A0;UniversityOfWashingtonCSE";-55;1172554887
00:60:B3:8C:33:45;EE";-66;1172554887
00:0F:34:9D:06:30;UniversityOfWashingtonCSE";-63;1172554887
00:0F:34:9C:FE:70;UniversityOfWashingtonCSE";-73;1172554887
00:0F:24:DE:11:40;UniversityOfWashingtonCSE";-81;1172554887
00:0F:34:9D:02:00;UniversityOfWashingtonCSE";-77;1172554888
00:0F:34:9D:02:20;UniversityOfWashingtonCSE";-55;1172554889
00:0F:24:DC:B7:B0;UniversityOfWashingtonCSE";-46;1172554889
00:0F:24:DE:10:B0;UniversityOfWashingtonCSE";-39;1172554889
00:0F:24:DE:11:50;UniversityOfWashingtonCSE";-79;1172554889
00:0F:24:DC:B7:A0;UniversityOfWashingtonCSE";-64;1172554889
00:60:B3:8C:33:45;EE";-65;1172554889
00:0F:34:9D:06:30;UniversityOfWashingtonCSE";-65;1172554889
00:0F:34:9C:FE:70;UniversityOfWashingtonCSE";-67;1172554889
00:0F:24:DE:11:40;UniversityOfWashingtonCSE";-81;1172554889
00:0F:34:9D:02:00;UniversityOfWashingtonCSE";-77;1172554890
00:0F:34:9D:02:20;UniversityOfWashingtonCSE";-55;1172554890
00:0F:24:DC:B7:B0;UniversityOfWashingtonCSE";-48;1172554890
00:0F:24:DE:10:B0;UniversityOfWashingtonCSE";-40;1172554890
00:0F:24:DE:11:50;UniversityOfWashingtonCSE";-79;1172554890
00:0F:24:DC:B7:A0;UniversityOfWashingtonCSE";-61;1172554890
00:60:B3:8C:33:45;EE";-69;1172554890
00:0F:34:9D:06:30;UniversityOfWashingtonCSE";-63;1172554890
00:0F:34:9C:FE:70;UniversityOfWashingtonCSE";-73;1172554891
00:0F:24:DE:11:40;UniversityOfWashingtonCSE";-81;1172554891
00:0F:34:9D:02:00;UniversityOfWashingtonCSE";-77;1172554892
00:0F:34:9D:02:20;UniversityOfWashingtonCSE";-56;1172554892
00:0F:24:DC:B7:B0;UniversityOfWashingtonCSE";-47;1172554892
00:0F:24:DE:10:B0;UniversityOfWashingtonCSE";-40;1172554892
00:0F:24:DE:11:50;UniversityOfWashingtonCSE";-79;1172554892
00:0F:24:DC:B7:A0;UniversityOfWashingtonCSE";-61;1172554892
00:60:B3:8C:33:45;EE";-71;1172554892
00:0F:34:9D:06:30;UniversityOfWashingtonCSE";-63;1172554892
00:0F:34:9C:FE:70;UniversityOfWashingtonCSE";-73;1172554892
00:0F:24:DE:11:40;UniversityOfWashingtonCSE";-81;1172554892
00:0F:34:9D:02:00;UniversityOfWashingtonCSE";-76;1172554893
00:0F:34:9D:02:20;UniversityOfWashingtonCSE";-55;1172554893
00:0F:24:DC:B7:B0;UniversityOfWashingtonCSE";-50;1172554893
00:0F:24:DE:10:B0;UniversityOfWashingtonCSE";-40;1172554893
00:0F:24:DE:11:50;UniversityOfWashingtonCSE";-79;1172554893
00:0F:24:DC:B7:A0;UniversityOfWashingtonCSE";-55;1172554893
00:60:B3:8C:33:45;EE";-68;1172554893
00:0F:34:9D:06:30;UniversityOfWashingtonCSE";-65;1172554894
00:0F:34:9C:FE:70;UniversityOfWashingtonCSE";-73;1172554894
00:0F:24:DE:11:40;UniversityOfWashingtonCSE";-81;1172554894
00:0F:34:9D:02:00;UniversityOfWashingtonCSE";-76;1172554895
00:0F:34:9D:02:20;UniversityOfWashingtonCSE";-54;1172554895
00:0F:24:DC:B7:B0;UniversityOfWashingtonCSE";-47;1172554895
00:0F:24:DE:10:B0;UniversityOfWashingtonCSE";-39;1172554895
00:0F:24:DE:11:50;UniversityOfWashingtonCSE";-79;1172554895
00:0F:24:DC:B7:A0;UniversityOfWashingtonCSE";-56;1172554895
00:60:B3:8C:33:45;EE";-64;1172554895
00:0F:34:9D:06:30;UniversityOfWashingtonCSE";-64;1172554895
00:0F:34:9C:FE:70;UniversityOfWashingtonCSE";-74;1172554895
00:60:B3:80:AF:DC;EE";-79;1172554895
00:0F:24:DE:11:40;UniversityOfWashingtonCSE";-81;1172554895
00:0F:34:9D:02:00;UniversityOfWashingtonCSE";-76;1172554896
00:0F:34:9D:02:20;UniversityOfWashingtonCSE";-55;1172554896
00:0F:24:DC:B7:B0;UniversityOfWashingtonCSE";-47;1172554896
00:0F:24:DE:10:B0;UniversityOfWashingtonCSE";-40;1172554896
00:0F:24:DE:11:50;UniversityOfWashingtonCSE";-79;1172554897
00:0F:24:DC:B7:A0;UniversityOfWashingtonCSE";-57;1172554897
00:60:B3:8C:33:45;EE";-66;1172554897
00:0F:34:9D:06:30;UniversityOfWashingtonCSE";-64;1172554897
00:0F:34:9C:FE:70;UniversityOfWashingtonCSE";-74;1172554897
00:60:B3:80:AF:DC;EE";-79;1172554897
00:0F:34:9D:02:00;UniversityOfWashingtonCSE";-76;1172554898
00:0F:34:9D:02:20;UniversityOfWashingtonCSE";-55;1172554898
00:0F:24:DC:B7:B0;UniversityOfWashingtonCSE";-48;1172554898
00:0F:24:DE:10:B0;UniversityOfWashingtonCSE";-41;1172554898
00:0F:24:DE:11:50;UniversityOfWashingtonCSE";-79;1172554898
00:0F:24:DC:B7:A0;UniversityOfWashingtonCSE";-57;1172554898
00:60:B3:8C:33:45;EE";-66;1172554898
00:0F:34:9D:06:30;UniversityOfWashingtonCSE";-64;1172554898
00:0F:34:9C:FE:70;UniversityOfWashingtonCSE";-74;1172554898
00:60:B3:80:AF:DC;EE";-79;1172554898
00:0F:34:9D:02:00;UniversityOfWashingtonCSE";-76;1172554899
00:0F:34:9D:02:20;UniversityOfWashingtonCSE";-53;1172554899
00:0F:24:DC:B7:B0;UniversityOfWashingtonCSE";-54;1172554899
00:0F:24:DE:10:B0;UniversityOfWashingtonCSE";-41;1172554899
00:0F:24:DE:11:50;UniversityOfWashingtonCSE";-79;1172554900
00:0F:24:DC:B7:A0;UniversityOfWashingtonCSE";-57;1172554900
00:60:B3:8C:33:45;EE";-66;1172554900
00:0F:34:9D:06:30;UniversityOfWashingtonCSE";-68;1172554900
00:0F:34:9C:FE:70;UniversityOfWashingtonCSE";-74;1172554900
00:60:B3:80:AF:DC;EE";-79;1172554900
00:0F:34:9D:02:00;UniversityOfWashingtonCSE";-76;1172554901
00:0F:34:9D:02:20;UniversityOfWashingtonCSE";-53;1172554901
00:0F:24:DC:B7:B0;UniversityOfWashingtonCSE";-54;1172554901
00:0F:24:DE:10:B0;UniversityOfWashingtonCSE";-41;1172554901
00:0F:24:DE:11:50;UniversityOfWashingtonCSE";-79;1172554901
00:0F:24:DC:B7:A0;UniversityOfWashingtonCSE";-57;1172554901
00:60:B3:8C:33:45;EE";-64;1172554901
00:0F:34:9D:06:30;UniversityOfWashingtonCSE";-64;1172554901
00:0F:34:9C:FE:70;UniversityOfWashingtonCSE";-74;1172554901
00:60:B3:80:AF:DC;EE";-72;1172554901
00:0F:34:9D:02:00;UniversityOfWashingtonCSE";-74;1172554902
00:0F:34:9D:02:20;UniversityOfWashingtonCSE";-54;1172554902
00:0F:24:DC:B7:B0;UniversityOfWashingtonCSE";-48;1172554902
00:0F:24:DE:10:B0;UniversityOfWashingtonCSE";-42;1172554903
00:0F:24:DE:11:50;UniversityOfWashingtonCSE";-79;1172554903
00:0F:24:DC:B7:A0;UniversityOfWashingtonCSE";-61;1172554903
00:60:B3:8C:33:45;EE";-67;1172554903
00:0F:34:9D:06:30;UniversityOfWashingtonCSE";-65;1172554903
00:0F:34:9C:FE:70;UniversityOfWashingtonCSE";-74;1172554903
00:60:B3:80:AF:DC;EE";-76;1172554903
00:0F:34:9D:02:00;UniversityOfWashingtonCSE";-74;1172554904
00:0F:34:9D:02:20;UniversityOfWashingtonCSE";-55;1172554904
00:0F:24:DC:B7:B0;UniversityOfWashingtonCSE";-49;1172554904
00:0F:24:DE:10:B0;UniversityOfWashingtonCSE";-39;1172554904
00:0F:24:DE:11:50;UniversityOfWashingtonCSE";-79;1172554904
00:0F:24:DC:B7:A0;UniversityOfWashingtonCSE";-61;1172554904
00:60:B3:8C:33:45;EE";-67;1172554904
00:0F:34:9D:06:30;UniversityOfWashingtonCSE";-65;1172554904
00:0F:34:9C:FE:70;UniversityOfWashingtonCSE";-74;1172554904
00:60:B3:80:AF:DC;EE";-76;1172554904
00:0F:34:9D:02:00;UniversityOfWashingtonCSE";-74;1172554905
00:0F:34:9D:02:20;UniversityOfWashingtonCSE";-55;1172554906
00:0F:24:DC:B7:B0;UniversityOfWashingtonCSE";-49;1172554906
00:0F:24:DE:10:B0;UniversityOfWashingtonCSE";-40;1172554906
00:0F:24:DE:11:50;UniversityOfWashingtonCSE";-79;1172554906
00:0F:24:DC:B7:A0;UniversityOfWashingtonCSE";-61;1172554906
00:60:B3:8C:33:45;EE";-69;1172554906
00:0F:34:9D:06:30;UniversityOfWashingtonCSE";-65;1172554906
00:0F:34:9C:FE:70;UniversityOfWashingtonCSE";-74;1172554906
00:60:B3:80:AF:DC;EE";-76;1172554906
00:0F:34:9D:02:00;UniversityOfWashingtonCSE";-74;1172554907
00:0F:34:9D:02:20;UniversityOfWashingtonCSE";-55;1172554907
00:0F:24:DC:B7:B0;UniversityOfWashingtonCSE";-49;1172554907
00:0F:24:DE:10:B0;UniversityOfWashingtonCSE";-42;1172554907
00:0F:24:DE:11:50;UniversityOfWashingtonCSE";-79;1172554907
00:0F:24:DC:B7:A0;UniversityOfWashingtonCSE";-59;1172554907
00:60:B3:8C:33:45;EE";-68;1172554907
00:0F:34:9D:06:30;UniversityOfWashingtonCSE";-64;1172554907
00:0F:34:9C:FE:70;UniversityOfWashingtonCSE";-74;1172554907
00:60:B3:80:AF:DC;EE";-78;1172554908
00:0F:34:9D:02:00;UniversityOfWashingtonCSE";-74;1172554909
00:0F:34:9D:02:20;UniversityOfWashingtonCSE";-53;1172554909
00:0F:24:DC:B7:B0;UniversityOfWashingtonCSE";-49;1172554909
00:0F:24:DE:10:B0;UniversityOfWashingtonCSE";-42;1172554909
00:0F:24:DE:11:50;UniversityOfWashingtonCSE";-79;1172554909
00:0F:24:DC:B7:A0;UniversityOfWashingtonCSE";-59;1172554909
00:60:B3:8C:33:45;EE";-68;1172554909
00:0F:34:9D:06:30;UniversityOfWashingtonCSE";-64;1172554909
00:0F:34:9C:FE:70;UniversityOfWashingtonCSE";-74;1172554909
00:60:B3:80:AF:DC;EE";-78;1172554909
00:0F:34:9D:02:00;UniversityOfWashingtonCSE";-75;1172554910
00:0F:34:9D:02:20;UniversityOfWashingtonCSE";-56;1172554910
00:0F:24:DC:B7:B0;UniversityOfWashingtonCSE";-50;1172554910
00:0F:24:DE:10:B0;UniversityOfWashingtonCSE";-42;1172554910
00:0F:24:DE:11:50;UniversityOfWashingtonCSE";-79;1172554910
00:0F:24:DC:B7:A0;UniversityOfWashingtonCSE";-60;1172554910
00:60:B3:8C:33:45;EE";-66;1172554910
00:0F:34:9D:06:30;UniversityOfWashingtonCSE";-64;1172554910
00:0F:34:9C:FE:70;UniversityOfWashingtonCSE";-74;1172554911
00:60:B3:80:AF:DC;EE";-78;1172554911
00:0F:34:9D:02:00;UniversityOfWashingtonCSE";-73;1172554912
00:0F:34:9D:02:20;UniversityOfWashingtonCSE";-56;1172554912
00:0F:24:DC:B7:B0;UniversityOfWashingtonCSE";-49;1172554912
00:0F:24:DE:10:B0;UniversityOfWashingtonCSE";-41;1172554912
00:0F:24:DE:11:50;UniversityOfWashingtonCSE";-79;1172554912
00:0F:24:DC:B7:A0;UniversityOfWashingtonCSE";-60;1172554912
00:60:B3:8C:33:45;EE";-66;1172554912
00:0F:34:9D:06:30;UniversityOfWashingtonCSE";-64;1172554912
00:0F:34:9C:FE:70;UniversityOfWashingtonCSE";-74;1172554912
00:60:B3:80:AF:DC;EE";-78;1172554912
00:0F:34:9D:02:00;UniversityOfWashingtonCSE";-73;1172554913
00:0F:34:9D:02:20;UniversityOfWashingtonCSE";-56;1172554913
00:0F:24:DC:B7:B0;UniversityOfWashingtonCSE";-49;1172554913
00:0F:24:DE:10:B0;UniversityOfWashingtonCSE";-40;1172554913
00:0F:24:DE:11:50;UniversityOfWashingtonCSE";-79;1172554913
00:0F:24:DC:B7:A0;UniversityOfWashingtonCSE";-59;1172554913
00:60:B3:8C:33:45;EE";-63;1172554913
00:0F:34:9D:06:30;UniversityOfWashingtonCSE";-64;1172554914
00:0F:34:9C:FE:70;UniversityOfWashingtonCSE";-71;1172554914
00:60:B3:80:AF:DC;EE";-78;1172554914
00:0F:34:9D:02:00;UniversityOfWashingtonCSE";-73;1172554915
00:0F:34:9D:02:20;UniversityOfWashingtonCSE";-54;1172554915
00:0F:24:DC:B7:B0;UniversityOfWashingtonCSE";-51;1172554915
00:0F:24:DE:10:B0;UniversityOfWashingtonCSE";-41;1172554915
00:0F:24:DE:11:50;UniversityOfWashingtonCSE";-79;1172554915
00:0F:24:DC:B7:A0;UniversityOfWashingtonCSE";-59;1172554915
00:60:B3:8C:33:45;EE";-66;1172554915
00:0F:34:9D:06:30;UniversityOfWashingtonCSE";-64;1172554915
00:0F:34:9C:FE:70;UniversityOfWashingtonCSE";-71;1172554915
00:60:B3:80:AF:DC;EE";-78;1172554915
00:0F:34:9D:02:00;UniversityOfWashingtonCSE";-73;1172554916
00:0F:34:9D:02:20;UniversityOfWashingtonCSE";-55;1172554916
00:0F:24:DC:B7:B0;UniversityOfWashingtonCSE";-49;1172554916
00:0F:24:DE:10:B0;UniversityOfWashingtonCSE";-40;1172554916
00:0F:24:DE:11:50;UniversityOfWashingtonCSE";-79;1172554916
00:0F:24:DC:B7:A0;UniversityOfWashingtonCSE";-55;1172554916
00:60:B3:8C:33:45;EE";-66;1172554916
00:0F:34:9D:06:30;UniversityOfWashingtonCSE";-66;1172554917
00:0F:34:9C:FE:70;UniversityOfWashingtonCSE";-71;1172554917
00:60:B3:80:AF:DC;EE";-78;1172554917
00:0F:34:9D:02:00;UniversityOfWashingtonCSE";-73;1172554918
00:0F:34:9D:02:20;UniversityOfWashingtonCSE";-55;1172554918
00:0F:24:DC:B7:B0;UniversityOfWashingtonCSE";-49;1172554918
00:0F:24:DE:10:B0;UniversityOfWashingtonCSE";-39;1172554918
00:0F:24:DE:11:50;UniversityOfWashingtonCSE";-79;1172554918
00:0F:24:DC:B7:A0;UniversityOfWashingtonCSE";-55;1172554918
00:60:B3:8C:33:45;EE";-66;1172554918
00:0F:34:9D:06:30;UniversityOfWashingtonCSE";-66;1172554918
00:0F:34:9C:FE:70;UniversityOfWashingtonCSE";-71;1172554918
00:60:B3:80:AF:DC;EE";-78;1172554918
00:0F:34:9D:02:00;UniversityOfWashingtonCSE";-73;1172554919
00:0F:34:9D:02:20;UniversityOfWashingtonCSE";-55;1172554919
00:0F:24:DC:B7:B0;UniversityOfWashingtonCSE";-49;1172554919
00:0F:24:DE:10:B0;UniversityOfWashingtonCSE";-39;1172554919
00:0F:24:DE:11:50;UniversityOfWashingtonCSE";-79;1172554919
00:0F:24:DC:B7:A0;UniversityOfWashingtonCSE";-58;1172554920
00:60:B3:8C:33:45;EE";-68;1172554920
00:0F:34:9D:06:30;UniversityOfWashingtonCSE";-66;1172554920
00:0F:34:9C:FE:70;UniversityOfWashingtonCSE";-71;1172554920
00:60:B3:80:AF:DC;EE";-78;1172554920
00:0F:34:9D:02:00;UniversityOfWashingtonCSE";-73;1172554921
00:0F:34:9D:02:20;UniversityOfWashingtonCSE";-53;1172554921
00:0F:24:DC:B7:B0;UniversityOfWashingtonCSE";-48;1172554921
00:0F:24:DE:10:B0;UniversityOfWashingtonCSE";-40;1172554921
00:0F:24:DE:11:50;UniversityOfWashingtonCSE";-79;1172554921
00:0F:24:DC:B7:A0;UniversityOfWashingtonCSE";-58;1172554921
00:60:B3:8C:33:45;EE";-68;1172554921
00:0F:34:9D:06:30;UniversityOfWashingtonCSE";-64;1172554921
00:0F:34:9C:FE:70;UniversityOfWashingtonCSE";-71;1172554921
00:60:B3:80:AF:DC;EE";-78;1172554921
00:0F:34:9D:02:00;UniversityOfWashingtonCSE";-73;1172554922
00:0F:34:9D:02:20;UniversityOfWashingtonCSE";-53;1172554922
00:0F:24:DC:B7:B0;UniversityOfWashingtonCSE";-48;1172554922
00:0F:24:DE:10:B0;UniversityOfWashingtonCSE";-41;1172554923
00:0F:24:DE:11:50;UniversityOfWashingtonCSE";-79;1172554923
00:0F:24:DC:B7:A0;UniversityOfWashingtonCSE";-58;1172554923
00:60:B3:8C:33:45;EE";-68;1172554923
00:0F:34:9D:06:30;UniversityOfWashingtonCSE";-64;1172554923
00:0F:34:9C:FE:70;UniversityOfWashingtonCSE";-71;1172554923
00:0F:34:9D:02:00;UniversityOfWashingtonCSE";-73;1172554924
00:0F:34:9D:02:20;UniversityOfWashingtonCSE";-53;1172554924
00:0F:24:DC:B7:B0;UniversityOfWashingtonCSE";-48;1172554924
00:0F:24:DE:10:B0;UniversityOfWashingtonCSE";-40;1172554924
00:0F:24:DE:11:50;UniversityOfWashingtonCSE";-79;1172554924
00:0F:24:DC:B7:A0;UniversityOfWashingtonCSE";-61;1172554924
00:60:B3:8C:33:45;EE";-67;1172554924
00:0F:34:9D:06:30;UniversityOfWashingtonCSE";-65;1172554924
00:0F:34:9C:FE:70;UniversityOfWashingtonCSE";-71;1172554924
00:60:B3:80:AF:DC;EE";-77;1172554924
00:0F:34:9D:02:00;UniversityOfWashingtonCSE";-73;1172554925
00:0F:34:9D:02:20;UniversityOfWashingtonCSE";-55;1172554925
00:0F:24:DC:B7:B0;UniversityOfWashingtonCSE";-51;1172554925
00:0F:24:DE:10:B0;UniversityOfWashingtonCSE";-40;1172554926
00:0F:24:DE:11:50;UniversityOfWashingtonCSE";-79;1172554926
00:0F:24:DC:B7:A0;UniversityOfWashingtonCSE";-61;1172554926
00:60:B3:8C:33:45;EE";-67;1172554926
00:0F:34:9D:06:30;UniversityOfWashingtonCSE";-65;1172554926
00:0F:34:9C:FE:70;UniversityOfWashingtonCSE";-71;1172554926
00:60:B3:80:AF:DC;EE";-77;1172554926
00:0F:34:9D:02:00;UniversityOfWashingtonCSE";-73;1172554927
00:0F:34:9D:02:20;UniversityOfWashingtonCSE";-55;1172554927
00:0F:24:DC:B7:B0;UniversityOfWashingtonCSE";-51;1172554927
00:0F:24:DE:10:B0;UniversityOfWashingtonCSE";-37;1172554927
00:0F:24:DE:11:50;UniversityOfWashingtonCSE";-79;1172554927
00:0F:24:DC:B7:A0;UniversityOfWashingtonCSE";-61;1172554927
00:60:B3:8C:33:45;EE";-65;1172554927
00:0F:34:9D:06:30;UniversityOfWashingtonCSE";-65;1172554927
00:0F:34:9C:FE:70;UniversityOfWashingtonCSE";-71;1172554927
00:60:B3:80:AF:DC;EE";-77;1172554927
00:0F:34:9D:02:00;UniversityOfWashingtonCSE";-73;1172554928
00:0F:34:9D:02:20;UniversityOfWashingtonCSE";-55;1172554928
00:0F:24:DC:B7:B0;UniversityOfWashingtonCSE";-51;1172554929
00:0F:24:DE:10:B0;UniversityOfWashingtonCSE";-39;1172554929
00:0F:24:DE:11:50;UniversityOfWashingtonCSE";-79;1172554929
00:0F:24:DC:B7:A0;UniversityOfWashingtonCSE";-53;1172554929
00:60:B3:8C:33:45;EE";-67;1172554929
00:0F:34:9D:06:30;UniversityOfWashingtonCSE";-66;1172554929
00:0F:34:9C:FE:70;UniversityOfWashingtonCSE";-71;1172554929
00:60:B3:80:AF:DC;EE";-77;1172554929
