00:14:BF:1C:F0:8C;linksys_SES_22152";-83;1172622166
00:0F:B3:71:D9:9D;ACTIONTEC";-74;1172622166
00:13:10:2B:11:18;ici";-77;1172622166
00:11:24:60:EC:6F;Neko";-81;1172622166
00:11:24:9D:40:83;CJinc";-79;1172622166
00:14:51:74:3B:19;Apple Network 743b19";-80;1172622166
00:11:24:9A:A3:0A;IndigoZebra";-79;1172622166
00:0D:3A:70:CD:F1;ZOKA";-65;1172622166
00:18:F8:62:5F:FF;EARL";-77;1172622166
00:0F:B3:28:BF:8B;MIGHTYO";-58;1172622166
00:0A:95:F6:C1:C0;MRBH";-83;1172622166
00:11:95:4C:88:BB;Logans";-68;1172622166
00:14:BF:AD:C0:AC;linksys";-81;1172622166
00:12:17:AA:64:6C;AREA51";-81;1172622166
00:14:BF:1C:F0:8C;linksys_SES_22152";-84;1172622167
00:0F:B3:71:D9:9D;ACTIONTEC";-75;1172622167
00:13:10:2B:11:18;ici";-77;1172622167
00:11:24:60:EC:6F;Neko";-80;1172622167
00:11:24:9D:40:83;CJinc";-76;1172622167
00:14:51:74:3B:19;Apple Network 743b19";-80;1172622167
00:11:24:9A:A3:0A;IndigoZebra";-80;1172622167
00:0D:3A:70:CD:F1;ZOKA";-67;1172622167
00:18:F8:62:5F:FF;EARL";-79;1172622167
00:0F:B3:28:BF:8B;MIGHTYO";-58;1172622167
00:0A:95:F6:C1:C0;MRBH";-83;1172622167
00:11:95:4C:88:BB;Logans";-68;1172622167
00:14:BF:AD:C0:AC;linksys";-81;1172622167
00:12:17:AA:64:6C;AREA51";-81;1172622167
00:14:BF:1C:F0:8C;linksys_SES_22152";-84;1172622167
00:0F:B3:71:D9:9D;ACTIONTEC";-75;1172622167
00:13:10:2B:11:18;ici";-76;1172622167
00:11:24:60:EC:6F;Neko";-80;1172622167
00:11:24:9D:40:83;CJinc";-76;1172622167
00:14:51:74:3B:19;Apple Network 743b19";-82;1172622167
00:11:24:9A:A3:0A;IndigoZebra";-76;1172622167
00:0D:3A:70:CD:F1;ZOKA";-65;1172622167
00:18:F8:62:5F:FF;EARL";-80;1172622167
00:0F:B3:28:BF:8B;MIGHTYO";-58;1172622167
00:0A:95:F6:C1:C0;MRBH";-84;1172622167
00:11:95:4C:88:BB;Logans";-75;1172622167
00:14:BF:AD:C0:AC;linksys";-83;1172622167
00:12:17:AA:64:6C;AREA51";-81;1172622167
00:14:BF:1C:F0:8C;linksys_SES_22152";-84;1172622168
00:0F:B3:71:D9:9D;ACTIONTEC";-75;1172622168
00:13:10:2B:11:18;ici";-76;1172622168
00:11:24:60:EC:6F;Neko";-79;1172622168
00:11:24:9D:40:83;CJinc";-79;1172622168
00:14:51:74:3B:19;Apple Network 743b19";-80;1172622168
00:11:24:9A:A3:0A;IndigoZebra";-79;1172622168
00:0D:3A:70:CD:F1;ZOKA";-65;1172622168
00:18:F8:62:5F:FF;EARL";-73;1172622168
00:0F:B3:28:BF:8B;MIGHTYO";-58;1172622168
00:0A:95:F6:C1:C0;MRBH";-84;1172622168
00:11:95:4C:88:BB;Logans";-74;1172622168
00:14:BF:AD:C0:AC;linksys";-83;1172622168
00:12:17:AA:64:6C;AREA51";-81;1172622168
00:14:BF:1C:F0:8C;linksys_SES_22152";-82;1172622169
00:0F:B3:71:D9:9D;ACTIONTEC";-75;1172622169
00:13:10:2B:11:18;ici";-76;1172622169
00:11:24:60:EC:6F;Neko";-78;1172622169
00:11:24:9D:40:83;CJinc";-79;1172622169
00:14:51:74:3B:19;Apple Network 743b19";-83;1172622169
00:11:24:9A:A3:0A;IndigoZebra";-79;1172622169
00:0D:3A:70:CD:F1;ZOKA";-65;1172622169
00:18:F8:62:5F:FF;EARL";-74;1172622169
00:0F:B3:28:BF:8B;MIGHTYO";-54;1172622169
00:0A:95:F6:C1:C0;MRBH";-84;1172622169
00:11:95:4C:88:BB;Logans";-73;1172622169
00:14:BF:AD:C0:AC;linksys";-83;1172622169
00:12:17:AA:64:6C;AREA51";-81;1172622169
00:14:BF:1C:F0:8C;linksys_SES_22152";-82;1172622170
00:0F:B3:71:D9:9D;ACTIONTEC";-75;1172622170
00:13:10:2B:11:18;ici";-76;1172622170
00:11:24:60:EC:6F;Neko";-78;1172622170
00:11:24:9D:40:83;CJinc";-77;1172622170
00:14:51:74:3B:19;Apple Network 743b19";-83;1172622170
00:11:24:9A:A3:0A;IndigoZebra";-78;1172622170
00:0D:3A:70:CD:F1;ZOKA";-65;1172622170
00:18:F8:62:5F:FF;EARL";-74;1172622170
00:0F:B3:28:BF:8B;MIGHTYO";-58;1172622170
00:0A:95:F6:C1:C0;MRBH";-85;1172622170
00:11:95:4C:88:BB;Logans";-76;1172622170
00:14:BF:AD:C0:AC;linksys";-83;1172622170
00:12:17:AA:64:6C;AREA51";-81;1172622170
00:14:BF:1C:F0:8C;linksys_SES_22152";-82;1172622171
00:0F:B3:71:D9:9D;ACTIONTEC";-71;1172622171
00:13:10:2B:11:18;ici";-76;1172622171
00:11:24:60:EC:6F;Neko";-77;1172622171
00:11:24:9D:40:83;CJinc";-78;1172622171
00:14:51:74:3B:19;Apple Network 743b19";-83;1172622171
00:11:24:9A:A3:0A;IndigoZebra";-75;1172622171
00:0D:3A:70:CD:F1;ZOKA";-73;1172622171
00:18:F8:62:5F:FF;EARL";-76;1172622171
00:0F:B3:28:BF:8B;MIGHTYO";-58;1172622171
00:0A:95:F6:C1:C0;MRBH";-82;1172622171
00:11:95:4C:88:BB;Logans";-74;1172622171
00:14:BF:AD:C0:AC;linksys";-83;1172622171
00:12:17:AA:64:6C;AREA51";-83;1172622171
00:14:BF:1C:F0:8C;linksys_SES_22152";-82;1172622171
00:0F:B3:71:D9:9D;ACTIONTEC";-72;1172622171
00:13:10:2B:11:18;ici";-76;1172622171
00:11:24:60:EC:6F;Neko";-74;1172622171
00:11:24:9D:40:83;CJinc";-77;1172622171
00:14:51:74:3B:19;Apple Network 743b19";-80;1172622171
00:11:24:9A:A3:0A;IndigoZebra";-75;1172622171
00:0D:3A:70:CD:F1;ZOKA";-64;1172622171
00:18:F8:62:5F:FF;EARL";-74;1172622171
00:0F:B3:28:BF:8B;MIGHTYO";-58;1172622171
00:0A:95:F6:C1:C0;MRBH";-82;1172622171
00:11:95:4C:88:BB;Logans";-74;1172622171
00:14:BF:AD:C0:AC;linksys";-79;1172622171
00:12:17:AA:64:6C;AREA51";-83;1172622171
00:14:BF:1C:F0:8C;linksys_SES_22152";-82;1172622172
00:0F:B3:71:D9:9D;ACTIONTEC";-62;1172622172
00:13:10:2B:11:18;ici";-76;1172622172
00:11:24:60:EC:6F;Neko";-75;1172622172
00:11:24:9D:40:83;CJinc";-78;1172622172
00:14:51:74:3B:19;Apple Network 743b19";-80;1172622172
00:11:24:9A:A3:0A;IndigoZebra";-75;1172622172
00:0D:3A:70:CD:F1;ZOKA";-65;1172622172
00:18:F8:62:5F:FF;EARL";-74;1172622172
00:0F:B3:28:BF:8B;MIGHTYO";-58;1172622172
00:0A:95:F6:C1:C0;MRBH";-84;1172622172
00:11:95:4C:88:BB;Logans";-74;1172622172
00:14:BF:AD:C0:AC;linksys";-79;1172622172
00:12:17:AA:64:6C;AREA51";-83;1172622172
00:14:BF:1C:F0:8C;linksys_SES_22152";-82;1172622173
00:0F:B3:71:D9:9D;ACTIONTEC";-62;1172622173
00:13:10:2B:11:18;ici";-76;1172622173
00:11:24:60:EC:6F;Neko";-76;1172622173
00:11:24:9D:40:83;CJinc";-77;1172622173
00:14:51:74:3B:19;Apple Network 743b19";-83;1172622173
00:11:24:9A:A3:0A;IndigoZebra";-80;1172622173
00:0D:3A:70:CD:F1;ZOKA";-65;1172622173
00:18:F8:62:5F:FF;EARL";-76;1172622173
00:0F:B3:28:BF:8B;MIGHTYO";-58;1172622173
00:0A:95:F6:C1:C0;MRBH";-71;1172622173
00:11:95:4C:88:BB;Logans";-75;1172622173
00:14:BF:AD:C0:AC;linksys";-79;1172622173
00:12:17:AA:64:6C;AREA51";-83;1172622173
00:0D:88:86:DB:CB;mahan";-86;1172622173
00:14:BF:1C:F0:8C;linksys_SES_22152";-80;1172622174
00:0F:B3:71:D9:9D;ACTIONTEC";-62;1172622174
00:13:10:2B:11:18;ici";-76;1172622174
00:11:24:60:EC:6F;Neko";-76;1172622174
00:11:24:9D:40:83;CJinc";-79;1172622174
00:14:51:74:3B:19;Apple Network 743b19";-83;1172622174
00:11:24:9A:A3:0A;IndigoZebra";-78;1172622174
00:0D:3A:70:CD:F1;ZOKA";-70;1172622174
00:18:F8:62:5F:FF;EARL";-76;1172622174
00:0F:B3:28:BF:8B;MIGHTYO";-58;1172622174
00:0A:95:F6:C1:C0;MRBH";-85;1172622174
00:11:95:4C:88:BB;Logans";-75;1172622174
00:14:BF:AD:C0:AC;linksys";-79;1172622174
00:12:17:AA:64:6C;AREA51";-83;1172622174
00:0D:88:86:DB:CB;mahan";-86;1172622174
00:14:BF:1C:F0:8C;linksys_SES_22152";-80;1172622174
00:0F:B3:71:D9:9D;ACTIONTEC";-71;1172622174
00:13:10:2B:11:18;ici";-76;1172622174
00:11:24:60:EC:6F;Neko";-75;1172622174
00:11:24:9D:40:83;CJinc";-77;1172622174
00:14:51:74:3B:19;Apple Network 743b19";-83;1172622174
00:11:24:9A:A3:0A;IndigoZebra";-75;1172622174
00:0D:3A:70:CD:F1;ZOKA";-65;1172622174
00:18:F8:62:5F:FF;EARL";-77;1172622174
00:0F:B3:28:BF:8B;MIGHTYO";-56;1172622174
00:0A:95:F6:C1:C0;MRBH";-83;1172622174
00:11:95:4C:88:BB;Logans";-68;1172622174
00:14:BF:AD:C0:AC;linksys";-79;1172622174
00:12:17:AA:64:6C;AREA51";-83;1172622174
00:0D:88:86:DB:CB;mahan";-86;1172622174
00:14:BF:1C:F0:8C;linksys_SES_22152";-80;1172622175
00:0F:B3:71:D9:9D;ACTIONTEC";-71;1172622175
00:13:10:2B:11:18;ici";-76;1172622175
00:11:24:60:EC:6F;Neko";-77;1172622175
00:11:24:9D:40:83;CJinc";-78;1172622175
00:14:51:74:3B:19;Apple Network 743b19";-80;1172622175
00:11:24:9A:A3:0A;IndigoZebra";-76;1172622175
00:0D:3A:70:CD:F1;ZOKA";-65;1172622175
00:18:F8:62:5F:FF;EARL";-74;1172622175
00:0F:B3:28:BF:8B;MIGHTYO";-63;1172622175
00:0A:95:F6:C1:C0;MRBH";-83;1172622175
00:11:95:4C:88:BB;Logans";-71;1172622175
00:14:BF:AD:C0:AC;linksys";-79;1172622175
00:12:17:AA:64:6C;AREA51";-83;1172622175
00:0D:88:86:DB:CB;mahan";-86;1172622175
00:14:BF:1C:F0:8C;linksys_SES_22152";-80;1172622176
00:0F:B3:71:D9:9D;ACTIONTEC";-75;1172622176
00:13:10:2B:11:18;ici";-78;1172622176
00:11:24:60:EC:6F;Neko";-78;1172622176
00:11:24:9D:40:83;CJinc";-78;1172622176
00:14:51:74:3B:19;Apple Network 743b19";-80;1172622176
00:11:24:9A:A3:0A;IndigoZebra";-78;1172622176
00:0D:3A:70:CD:F1;ZOKA";-65;1172622176
00:18:F8:62:5F:FF;EARL";-76;1172622176
00:0F:B3:28:BF:8B;MIGHTYO";-63;1172622176
00:0A:95:F6:C1:C0;MRBH";-82;1172622176
00:11:95:4C:88:BB;Logans";-69;1172622176
00:14:BF:AD:C0:AC;linksys";-79;1172622176
00:12:17:AA:64:6C;AREA51";-83;1172622176
00:0D:88:86:DB:CB;mahan";-86;1172622176
00:14:BF:1C:F0:8C;linksys_SES_22152";-84;1172622177
00:0F:B3:71:D9:9D;ACTIONTEC";-75;1172622177
00:13:10:2B:11:18;ici";-78;1172622177
00:11:24:60:EC:6F;Neko";-76;1172622177
00:11:24:9D:40:83;CJinc";-78;1172622177
00:14:51:74:3B:19;Apple Network 743b19";-76;1172622177
00:11:24:9A:A3:0A;IndigoZebra";-77;1172622177
00:0D:3A:70:CD:F1;ZOKA";-64;1172622177
00:18:F8:62:5F:FF;EARL";-81;1172622177
00:0F:B3:28:BF:8B;MIGHTYO";-63;1172622177
00:0A:95:F6:C1:C0;MRBH";-84;1172622177
00:11:95:4C:88:BB;Logans";-69;1172622177
00:14:BF:AD:C0:AC;linksys";-79;1172622177
00:12:17:AA:64:6C;AREA51";-84;1172622177
00:0D:88:86:DB:CB;mahan";-86;1172622177
00:14:BF:1C:F0:8C;linksys_SES_22152";-84;1172622177
00:0F:B3:71:D9:9D;ACTIONTEC";-75;1172622177
00:13:10:2B:11:18;ici";-78;1172622177
00:11:24:60:EC:6F;Neko";-78;1172622177
00:11:24:9D:40:83;CJinc";-78;1172622177
00:14:51:74:3B:19;Apple Network 743b19";-82;1172622177
00:11:24:9A:A3:0A;IndigoZebra";-78;1172622177
00:0D:3A:70:CD:F1;ZOKA";-64;1172622177
00:18:F8:62:5F:FF;EARL";-75;1172622177
00:0F:B3:28:BF:8B;MIGHTYO";-60;1172622177
00:0A:95:F6:C1:C0;MRBH";-83;1172622177
00:11:95:4C:88:BB;Logans";-69;1172622177
00:14:BF:AD:C0:AC;linksys";-83;1172622177
00:12:17:AA:64:6C;AREA51";-84;1172622177
00:0D:88:86:DB:CB;mahan";-86;1172622177
00:14:BF:1C:F0:8C;linksys_SES_22152";-84;1172622178
00:0F:B3:71:D9:9D;ACTIONTEC";-74;1172622178
00:13:10:2B:11:18;ici";-78;1172622178
00:11:24:60:EC:6F;Neko";-79;1172622178
00:11:24:9D:40:83;CJinc";-79;1172622178
00:14:51:74:3B:19;Apple Network 743b19";-82;1172622178
00:11:24:9A:A3:0A;IndigoZebra";-80;1172622178
00:0D:3A:70:CD:F1;ZOKA";-64;1172622178
00:18:F8:62:5F:FF;EARL";-75;1172622178
00:0F:B3:28:BF:8B;MIGHTYO";-60;1172622178
00:0A:95:F6:C1:C0;MRBH";-83;1172622178
00:11:95:4C:88:BB;Logans";-74;1172622178
00:14:BF:AD:C0:AC;linksys";-83;1172622178
00:12:17:AA:64:6C;AREA51";-84;1172622178
00:0D:88:86:DB:CB;mahan";-86;1172622178
