00:0F:3D:E0:FA:FE;<hidden>";-66;1172000522
CA:DF:E2:B5:5F:DA;Free_WiFi_Pronto_#726";-80;1172000522
00:0F:24:DA:80:00;UniversityOfWashingtonCSE";-80;1172000522
00:0B:86:A0:6E:00;University of Washington";-72;1172000522
00:0B:86:A1:0D:40;University of Washington";-63;1172000522
00:0B:86:A0:74:30;University of Washington";-71;1172000522
00:0B:86:A0:72:10;University of Washington";-77;1172000522
00:0B:86:D0:0C:00;University of Washington";-78;1172000522
00:14:BF:40:E9:4E;hydro";-81;1172000522
00:0B:86:C9:7C:E0;University of Washington";-84;1172000522
00:0F:24:DA:82:90;UniversityOfWashingtonCSE";-82;1172000522
00:13:10:6A:52:29;horner_lab";-86;1172000522
00:0F:3D:E0:FA:FE;<hidden>";-66;1172000523
CA:DF:E2:B5:5F:DA;Free_WiFi_Pronto_#726";-80;1172000523
00:0F:24:DA:80:00;UniversityOfWashingtonCSE";-80;1172000523
00:0B:86:A0:6E:00;University of Washington";-77;1172000523
00:0B:86:A1:0D:40;University of Washington";-63;1172000523
00:0B:86:A0:74:30;University of Washington";-66;1172000523
00:0B:86:A0:72:10;University of Washington";-77;1172000523
00:0B:86:D0:0C:00;University of Washington";-78;1172000523
00:14:BF:40:E9:4E;hydro";-81;1172000523
00:0B:86:C9:7C:E0;University of Washington";-84;1172000523
00:0F:24:DA:82:90;UniversityOfWashingtonCSE";-82;1172000523
00:13:10:6A:52:29;horner_lab";-86;1172000523
00:0F:3D:E0:FA:FE;<hidden>";-66;1172000524
CA:DF:E2:B5:5F:DA;Free_WiFi_Pronto_#726";-80;1172000524
00:0F:24:DA:80:00;UniversityOfWashingtonCSE";-80;1172000524
00:0B:86:A0:6E:00;University of Washington";-74;1172000524
00:0B:86:A1:0D:40;University of Washington";-64;1172000524
00:0B:86:A0:74:30;University of Washington";-63;1172000524
00:0B:86:A0:72:10;University of Washington";-77;1172000524
00:0B:86:D0:0C:00;University of Washington";-78;1172000524
00:14:BF:40:E9:4E;hydro";-81;1172000524
00:0B:86:C9:7C:E0;University of Washington";-84;1172000524
00:0F:24:DA:82:90;UniversityOfWashingtonCSE";-82;1172000524
00:13:10:6A:52:29;horner_lab";-86;1172000524
00:0F:3D:E0:FA:FE;<hidden>";-66;1172000526
CA:DF:E2:B5:5F:DA;Free_WiFi_Pronto_#726";-80;1172000526
00:0F:24:DA:80:00;UniversityOfWashingtonCSE";-80;1172000526
00:0B:86:A0:6E:00;University of Washington";-74;1172000526
00:0B:86:A1:0D:40;University of Washington";-63;1172000526
00:0B:86:A0:74:30;University of Washington";-64;1172000526
00:0B:86:A0:72:10;University of Washington";-77;1172000526
00:0B:86:D0:0C:00;University of Washington";-78;1172000526
00:14:BF:40:E9:4E;hydro";-81;1172000526
00:0B:86:C9:7C:E0;University of Washington";-84;1172000526
00:0F:24:DA:82:90;UniversityOfWashingtonCSE";-82;1172000526
00:13:10:6A:52:29;horner_lab";-86;1172000526
00:0F:3D:E0:FA:FE;<hidden>";-68;1172000527
00:0F:24:DA:80:00;UniversityOfWashingtonCSE";-80;1172000527
00:0B:86:A0:6E:00;University of Washington";-75;1172000527
00:0B:86:A1:0D:40;University of Washington";-62;1172000527
00:0B:86:A0:74:30;University of Washington";-62;1172000527
00:0B:86:A0:72:10;University of Washington";-77;1172000527
00:0B:86:D0:0C:00;University of Washington";-78;1172000527
00:14:BF:40:E9:4E;hydro";-83;1172000527
00:0B:86:C9:7C:E0;University of Washington";-84;1172000527
00:0F:24:DA:82:90;UniversityOfWashingtonCSE";-82;1172000527
00:13:10:6A:52:29;horner_lab";-86;1172000527
00:0F:3D:E0:FA:FE;<hidden>";-68;1172000528
00:0B:86:A0:6E:00;University of Washington";-74;1172000528
00:0B:86:A1:0D:40;University of Washington";-61;1172000528
00:0B:86:A0:74:30;University of Washington";-62;1172000528
00:0B:86:A0:72:10;University of Washington";-80;1172000528
00:0B:86:D0:0C:00;University of Washington";-78;1172000528
00:14:BF:40:E9:4E;hydro";-82;1172000528
00:0B:86:C9:7C:E0;University of Washington";-84;1172000528
00:0F:24:DA:82:90;UniversityOfWashingtonCSE";-82;1172000528
00:13:10:6A:52:29;horner_lab";-86;1172000528
00:0F:3D:E0:FA:FE;<hidden>";-68;1172000529
00:0B:86:A0:6E:00;University of Washington";-74;1172000529
00:0B:86:A1:0D:40;University of Washington";-62;1172000529
00:0B:86:A0:74:30;University of Washington";-63;1172000529
00:0B:86:A0:72:10;University of Washington";-80;1172000529
00:0B:86:D0:0C:00;University of Washington";-78;1172000529
00:14:BF:40:E9:4E;hydro";-82;1172000529
00:0B:86:C9:7C:E0;University of Washington";-84;1172000529
00:0F:24:DA:82:90;UniversityOfWashingtonCSE";-82;1172000529
00:13:10:6A:52:29;horner_lab";-86;1172000529
00:0F:3D:E0:FA:FE;<hidden>";-68;1172000531
00:0B:86:A0:6E:00;University of Washington";-74;1172000531
00:0B:86:A1:0D:40;University of Washington";-62;1172000531
00:0B:86:A0:74:30;University of Washington";-63;1172000531
00:0B:86:A0:72:10;University of Washington";-80;1172000531
00:0B:86:D0:0C:00;University of Washington";-78;1172000531
00:14:BF:40:E9:4E;hydro";-82;1172000531
00:0B:86:C9:7C:E0;University of Washington";-84;1172000531
00:0F:24:DA:82:90;UniversityOfWashingtonCSE";-82;1172000531
00:13:10:6A:52:29;horner_lab";-86;1172000531
00:0F:3D:E0:FA:FE;<hidden>";-68;1172000532
00:0B:86:A0:6E:00;University of Washington";-74;1172000532
00:0B:86:A1:0D:40;University of Washington";-63;1172000532
00:0B:86:A0:74:30;University of Washington";-63;1172000532
00:0B:86:A0:72:10;University of Washington";-80;1172000532
00:0B:86:D0:0C:00;University of Washington";-78;1172000532
00:14:BF:40:E9:4E;hydro";-82;1172000532
00:0B:86:C9:7C:E0;University of Washington";-84;1172000532
00:0F:24:DA:82:90;UniversityOfWashingtonCSE";-82;1172000532
00:13:10:6A:52:29;horner_lab";-86;1172000532
00:0F:3D:E0:FA:FE;<hidden>";-58;1172000533
00:0B:86:A0:6E:00;University of Washington";-74;1172000533
00:0B:86:A1:0D:40;University of Washington";-62;1172000533
00:0B:86:A0:74:30;University of Washington";-63;1172000533
00:0B:86:A0:72:10;University of Washington";-80;1172000533
00:0B:86:D0:0C:00;University of Washington";-78;1172000533
00:14:BF:40:E9:4E;hydro";-82;1172000533
00:13:10:6A:52:29;horner_lab";-86;1172000533
00:0F:3D:E0:FA:FE;<hidden>";-60;1172000534
00:0B:86:A0:6E:00;University of Washington";-71;1172000534
00:0B:86:A1:0D:40;University of Washington";-64;1172000534
00:0B:86:A0:74:30;University of Washington";-63;1172000534
00:0B:86:A0:72:10;University of Washington";-80;1172000534
00:0B:86:D0:0C:00;University of Washington";-78;1172000534
00:14:BF:40:E9:4E;hydro";-82;1172000534
00:0F:3D:E0:FA:FE;<hidden>";-60;1172000536
00:0B:86:A0:6E:00;University of Washington";-73;1172000536
00:0B:86:A1:0D:40;University of Washington";-60;1172000536
00:0B:86:A0:74:30;University of Washington";-64;1172000536
00:0B:86:A0:72:10;University of Washington";-80;1172000536
00:14:BF:40:E9:4E;hydro";-84;1172000536
00:0F:3D:E0:FA:FE;<hidden>";-60;1172000537;Husky Stadium Intersection
00:0B:86:A0:6E:00;University of Washington";-74;1172000537;Husky Stadium Intersection
00:0B:86:A1:0D:40;University of Washington";-61;1172000537;Husky Stadium Intersection
00:0B:86:A0:74:30;University of Washington";-63;1172000537;Husky Stadium Intersection
00:0B:86:A0:72:10;University of Washington";-80;1172000537;Husky Stadium Intersection
00:14:BF:40:E9:4E;hydro";-84;1172000537;Husky Stadium Intersection
00:0F:3D:E0:FA:FE;<hidden>";-60;1172000538;Husky Stadium Intersection
00:0B:86:A0:6E:00;University of Washington";-76;1172000538;Husky Stadium Intersection
00:0B:86:A1:0D:40;University of Washington";-65;1172000538;Husky Stadium Intersection
00:0B:86:A0:74:30;University of Washington";-62;1172000538;Husky Stadium Intersection
00:0B:86:A0:72:10;University of Washington";-79;1172000538;Husky Stadium Intersection
00:14:BF:40:E9:4E;hydro";-84;1172000538;Husky Stadium Intersection
00:0F:3D:E0:FA:FE;<hidden>";-64;1172000540
00:0B:86:A0:6E:00;University of Washington";-76;1172000540
00:0B:86:A1:0D:40;University of Washington";-68;1172000540
00:0B:86:A0:74:30;University of Washington";-62;1172000540
00:0B:86:A0:72:10;University of Washington";-79;1172000540
00:14:BF:40:E9:4E;hydro";-84;1172000540
00:0F:3D:E0:FA:FE;<hidden>";-64;1172000541
00:0B:86:A0:6E:00;University of Washington";-77;1172000541
00:0B:86:A1:0D:40;University of Washington";-66;1172000541
00:0B:86:A0:74:30;University of Washington";-62;1172000541
00:0B:86:A0:72:10;University of Washington";-79;1172000541
00:14:BF:40:E9:4E;hydro";-84;1172000541
00:0F:3D:E0:FA:FE;<hidden>";-65;1172000542
00:0B:86:A0:6E:00;University of Washington";-77;1172000542
00:0B:86:A1:0D:40;University of Washington";-66;1172000542
00:0B:86:A0:74:30;University of Washington";-61;1172000542
00:0B:86:A0:72:10;University of Washington";-79;1172000542
00:14:BF:40:E9:4E;hydro";-84;1172000542
00:0F:3D:E0:FA:FE;<hidden>";-65;1172000543
00:0B:86:D9:99:60;University of Washington";-64;1172000543
00:0B:86:A0:6E:00;University of Washington";-73;1172000543
00:0B:86:A1:0D:40;University of Washington";-64;1172000543
00:0B:86:A0:74:30;University of Washington";-62;1172000543
00:0B:86:A0:72:10;University of Washington";-80;1172000543
00:14:BF:40:E9:4E;hydro";-84;1172000543
00:0F:3D:E0:FA:FE;<hidden>";-66;1172000545
00:0B:86:D9:99:60;University of Washington";-64;1172000545
00:0B:86:A0:6E:00;University of Washington";-72;1172000545
00:0B:86:A1:0D:40;University of Washington";-65;1172000545
00:0B:86:A0:74:30;University of Washington";-61;1172000545
00:0B:86:A0:72:10;University of Washington";-80;1172000545
00:14:BF:40:E9:4E;hydro";-84;1172000545
00:0F:3D:E0:FA:FE;<hidden>";-66;1172000546
00:0B:86:D9:99:60;University of Washington";-64;1172000546
00:0B:86:A0:6E:00;University of Washington";-70;1172000546
00:0B:86:A1:0D:40;University of Washington";-64;1172000546
00:0B:86:A0:74:30;University of Washington";-61;1172000546
00:0B:86:A0:72:10;University of Washington";-77;1172000546
00:14:BF:40:E9:4E;hydro";-84;1172000546
00:0F:3D:E0:FA:FE;<hidden>";-65;1172000547
00:0B:86:D9:99:60;University of Washington";-64;1172000547
00:0B:86:A0:6E:00;University of Washington";-70;1172000547
00:0B:86:A1:0D:40;University of Washington";-64;1172000547
00:0B:86:A0:74:30;University of Washington";-65;1172000547
00:0B:86:A0:72:10;University of Washington";-80;1172000547
00:14:BF:40:E9:4E;hydro";-84;1172000547
00:0F:3D:E0:FA:FE;<hidden>";-65;1172000548
00:0B:86:D9:99:60;University of Washington";-64;1172000548
00:0B:86:A0:6E:00;University of Washington";-71;1172000548
00:0B:86:A1:0D:40;University of Washington";-68;1172000548
00:0B:86:A0:74:30;University of Washington";-64;1172000548
00:0B:86:A0:72:10;University of Washington";-76;1172000548
00:14:BF:40:E9:4E;hydro";-84;1172000548
00:0F:3D:E0:FA:FE;<hidden>";-65;1172000550
00:0B:86:D9:99:60;University of Washington";-64;1172000550
00:0B:86:A0:6E:00;University of Washington";-68;1172000550
00:0B:86:A1:0D:40;University of Washington";-67;1172000550
00:0B:86:A0:74:30;University of Washington";-60;1172000550
00:0B:86:A0:72:10;University of Washington";-79;1172000550
00:14:BF:40:E9:4E;hydro";-84;1172000550
00:13:10:6A:52:29;horner_lab";-80;1172000550
00:0F:3D:E0:FA:FE;<hidden>";-60;1172000551
00:0B:86:D9:99:60;University of Washington";-64;1172000551
00:0F:24:DA:80:00;UniversityOfWashingtonCSE";-62;1172000551
00:0B:86:A0:6E:00;University of Washington";-72;1172000551
00:0B:86:A1:0D:40;University of Washington";-64;1172000551
00:0B:86:A0:74:30;University of Washington";-62;1172000551
00:0B:86:A0:72:10;University of Washington";-78;1172000551
00:13:10:6A:52:29;horner_lab";-80;1172000551
00:0F:3D:E0:FA:FE;<hidden>";-61;1172000552
00:0B:86:D9:99:60;University of Washington";-64;1172000552
00:0F:24:DA:80:00;UniversityOfWashingtonCSE";-62;1172000552
00:0B:86:A0:6E:00;University of Washington";-71;1172000552
00:0B:86:A1:0D:40;University of Washington";-71;1172000552
00:0B:86:A0:74:30;University of Washington";-62;1172000552
00:0B:86:A0:72:10;University of Washington";-78;1172000552
00:13:10:6A:52:29;horner_lab";-80;1172000552
00:0F:3D:E0:FA:FE;<hidden>";-62;1172000553
00:0B:86:D9:99:60;University of Washington";-64;1172000553
00:0F:24:DA:80:00;UniversityOfWashingtonCSE";-65;1172000553
00:0B:86:A0:6E:00;University of Washington";-72;1172000553
00:0B:86:A1:0D:40;University of Washington";-70;1172000553
00:0B:86:A0:74:30;University of Washington";-66;1172000553
00:0B:86:A0:72:10;University of Washington";-77;1172000553
00:13:10:6A:52:29;horner_lab";-80;1172000553
00:0F:3D:E0:FA:FE;<hidden>";-62;1172000555
00:0B:86:D9:99:60;University of Washington";-64;1172000555
00:0F:24:DA:80:00;UniversityOfWashingtonCSE";-65;1172000555
00:0B:86:A0:6E:00;University of Washington";-71;1172000555
00:0B:86:A1:0D:40;University of Washington";-72;1172000555
00:0B:86:A0:74:30;University of Washington";-60;1172000555
00:0B:86:A0:72:10;University of Washington";-77;1172000555
00:13:10:6A:52:29;horner_lab";-80;1172000555
00:0F:3D:E0:FA:FE;<hidden>";-62;1172000556
00:0B:86:D9:99:60;University of Washington";-64;1172000556
00:0F:24:DA:80:00;UniversityOfWashingtonCSE";-61;1172000556
00:0B:86:A0:6E:00;University of Washington";-77;1172000556
00:0B:86:A1:0D:40;University of Washington";-72;1172000556
00:0B:86:A0:74:30;University of Washington";-61;1172000556
00:0B:86:A0:72:10;University of Washington";-77;1172000556
00:13:10:6A:52:29;horner_lab";-80;1172000556
00:0F:3D:E0:FA:FE;<hidden>";-62;1172000557
00:0B:86:D9:99:60;University of Washington";-64;1172000557
00:0F:24:DA:80:00;UniversityOfWashingtonCSE";-61;1172000557
00:0B:86:A0:6E:00;University of Washington";-77;1172000557
00:0B:86:A1:0D:40;University of Washington";-72;1172000557
00:0B:86:A0:74:30;University of Washington";-57;1172000557
00:0B:86:A0:72:10;University of Washington";-77;1172000557
00:13:10:6A:52:29;horner_lab";-80;1172000557
00:0F:3D:E0:FA:FE;<hidden>";-63;1172000558
00:0B:86:D9:99:60;University of Washington";-67;1172000558
00:0F:24:DA:80:00;UniversityOfWashingtonCSE";-63;1172000558
00:0B:86:A0:6E:00;University of Washington";-77;1172000558
00:0B:86:A1:0D:40;University of Washington";-73;1172000558
00:0B:86:A0:74:30;University of Washington";-64;1172000558
00:0B:86:A0:72:10;University of Washington";-80;1172000558
00:13:10:6A:52:29;horner_lab";-80;1172000558
00:0F:24:DA:88:20;UniversityOfWashingtonCSE";-80;1172000558
00:0F:3D:E0:FA:FE;<hidden>";-63;1172000560
00:0B:86:D9:99:60;University of Washington";-71;1172000560
00:0F:24:DA:80:00;UniversityOfWashingtonCSE";-76;1172000560
00:0B:86:A0:6E:00;University of Washington";-77;1172000560
00:0B:86:A1:0D:40;University of Washington";-71;1172000560
00:0B:86:A0:74:30;University of Washington";-68;1172000560
00:0B:86:A0:72:10;University of Washington";-80;1172000560
00:13:10:6A:52:29;horner_lab";-80;1172000560
00:0F:24:DA:88:20;UniversityOfWashingtonCSE";-75;1172000560
00:0F:3D:E0:FA:FE;<hidden>";-63;1172000561
00:0B:86:D9:99:60;University of Washington";-71;1172000561
00:0F:24:DA:80:00;UniversityOfWashingtonCSE";-79;1172000561
00:0B:86:A0:6E:00;University of Washington";-77;1172000561
00:0B:86:A1:0D:40;University of Washington";-71;1172000561
00:0B:86:A0:74:30;University of Washington";-68;1172000561
00:0B:86:A0:72:10;University of Washington";-80;1172000561
00:13:10:6A:52:29;horner_lab";-80;1172000561
00:0F:24:DA:88:20;UniversityOfWashingtonCSE";-75;1172000561
00:0F:3D:E0:FA:FE;<hidden>";-77;1172000562
00:0B:86:D9:99:60;University of Washington";-71;1172000562
00:0F:24:DA:80:00;UniversityOfWashingtonCSE";-79;1172000562
00:0B:86:A0:6E:00;University of Washington";-77;1172000562
00:0B:86:A1:0D:40;University of Washington";-76;1172000562
00:0B:86:A0:74:30;University of Washington";-68;1172000562
00:0B:86:A0:72:10;University of Washington";-80;1172000562
00:13:10:6A:52:29;horner_lab";-80;1172000562
00:0F:24:DA:88:20;UniversityOfWashingtonCSE";-77;1172000562
00:16:B6:37:61:67;GEMSEC";-81;1172000562
00:0F:3D:E0:FA:FE;<hidden>";-77;1172000563
00:0B:86:D9:99:60;University of Washington";-71;1172000563
00:0F:24:DA:80:00;UniversityOfWashingtonCSE";-79;1172000563
00:0B:86:A0:6E:00;University of Washington";-77;1172000563
00:0B:86:A1:0D:40;University of Washington";-76;1172000563
00:0B:86:A0:74:30;University of Washington";-68;1172000563
00:0B:86:A0:72:10;University of Washington";-80;1172000563
00:13:10:6A:52:29;horner_lab";-80;1172000563
00:0F:24:DA:88:20;UniversityOfWashingtonCSE";-76;1172000563
00:16:B6:37:61:67;GEMSEC";-81;1172000563
00:0F:3D:E0:FA:FE;<hidden>";-77;1172000565
00:0B:86:D9:99:60;University of Washington";-71;1172000565
00:0F:24:DA:80:00;UniversityOfWashingtonCSE";-80;1172000565
00:0B:86:A0:6E:00;University of Washington";-77;1172000565
00:0B:86:A1:0D:40;University of Washington";-76;1172000565
00:0B:86:A0:74:30;University of Washington";-72;1172000565
00:0B:86:A0:72:10;University of Washington";-80;1172000565
00:0F:24:DA:88:20;UniversityOfWashingtonCSE";-74;1172000565
00:16:B6:37:61:67;GEMSEC";-81;1172000565
00:0F:3D:E0:FA:FE;<hidden>";-77;1172000566
00:0B:86:D9:99:60;University of Washington";-71;1172000566
00:0F:24:DA:80:00;UniversityOfWashingtonCSE";-80;1172000566
00:0B:86:A0:6E:00;University of Washington";-77;1172000566
00:0B:86:A1:0D:40;University of Washington";-76;1172000566
00:0B:86:A0:74:30;University of Washington";-77;1172000566
00:0B:86:A0:72:10;University of Washington";-80;1172000566
00:0F:24:DA:88:20;UniversityOfWashingtonCSE";-72;1172000566
00:16:B6:37:61:67;GEMSEC";-81;1172000566
00:0F:3D:E0:FA:FE;<hidden>";-77;1172000567
00:0B:86:D9:99:60;University of Washington";-71;1172000567
00:0F:24:DA:80:00;UniversityOfWashingtonCSE";-80;1172000567
00:0B:86:A0:6E:00;University of Washington";-77;1172000567
00:0B:86:A1:0D:40;University of Washington";-76;1172000567
00:0B:86:A0:74:30;University of Washington";-77;1172000567
00:0B:86:A0:72:10;University of Washington";-80;1172000567
00:0F:24:DA:88:20;UniversityOfWashingtonCSE";-72;1172000567
00:16:B6:37:61:67;GEMSEC";-81;1172000567
00:0F:3D:E0:FA:FE;<hidden>";-77;1172000569
00:0B:86:D9:99:60;University of Washington";-71;1172000569
00:0F:24:DA:80:00;UniversityOfWashingtonCSE";-77;1172000569
00:0B:86:A0:6E:00;University of Washington";-77;1172000569
00:0B:86:A1:0D:40;University of Washington";-76;1172000569
00:0B:86:A0:74:30;University of Washington";-77;1172000569
00:0B:86:A0:72:10;University of Washington";-80;1172000569
00:0F:24:DA:88:20;UniversityOfWashingtonCSE";-77;1172000569
00:16:B6:37:61:67;GEMSEC";-81;1172000569
00:0F:3D:E0:FA:FE;<hidden>";-77;1172000570
00:0B:86:D9:99:60;University of Washington";-71;1172000570
00:0F:24:DA:80:00;UniversityOfWashingtonCSE";-77;1172000570
00:0B:86:A0:6E:00;University of Washington";-77;1172000570
00:0B:86:A1:0D:40;University of Washington";-76;1172000570
00:0B:86:A0:74:30;University of Washington";-77;1172000570
00:0B:86:A0:72:10;University of Washington";-80;1172000570
00:0F:24:DA:88:20;UniversityOfWashingtonCSE";-74;1172000570
00:16:B6:37:61:67;GEMSEC";-81;1172000570
00:0F:3D:E0:FA:FE;<hidden>";-77;1172000571
00:0B:86:D9:99:60;University of Washington";-71;1172000571
00:0F:24:DA:80:00;UniversityOfWashingtonCSE";-77;1172000571
00:0B:86:A1:0D:40;University of Washington";-76;1172000571
00:0B:86:A0:74:30;University of Washington";-75;1172000571
00:0B:86:A0:72:10;University of Washington";-80;1172000571
00:0F:24:DA:88:20;UniversityOfWashingtonCSE";-76;1172000571
00:16:B6:37:61:67;GEMSEC";-81;1172000571
00:0B:86:C2:9B:80;University of Washington";-82;1172000571
00:0F:3D:E0:FA:FE;<hidden>";-77;1172000572
00:0B:86:D9:99:60;University of Washington";-71;1172000572
00:0F:24:DA:80:00;UniversityOfWashingtonCSE";-77;1172000572
00:0B:86:A1:0D:40;University of Washington";-76;1172000572
00:0B:86:A0:74:30;University of Washington";-74;1172000572
00:0B:86:A0:72:10;University of Washington";-80;1172000572
00:0F:24:DA:88:20;UniversityOfWashingtonCSE";-76;1172000572
00:16:B6:37:61:67;GEMSEC";-81;1172000572
00:0B:86:C2:9B:80;University of Washington";-82;1172000572
00:0F:3D:E0:FA:FE;<hidden>";-77;1172000574
00:0F:24:DA:80:00;UniversityOfWashingtonCSE";-77;1172000574
00:0B:86:A1:0D:40;University of Washington";-76;1172000574
00:0B:86:A0:74:30;University of Washington";-74;1172000574
00:0B:86:A0:72:10;University of Washington";-80;1172000574
00:0F:24:DA:88:20;UniversityOfWashingtonCSE";-76;1172000574
00:16:B6:37:61:67;GEMSEC";-81;1172000574
00:0B:86:C2:9B:80;University of Washington";-82;1172000574
00:0F:3D:E0:FA:FE;<hidden>";-77;1172000575
00:0F:24:DA:80:00;UniversityOfWashingtonCSE";-77;1172000575
00:0B:86:A1:0D:40;University of Washington";-76;1172000575
00:0B:86:A0:74:30;University of Washington";-81;1172000575
00:0F:24:DA:88:20;UniversityOfWashingtonCSE";-76;1172000575
00:16:B6:37:61:67;GEMSEC";-81;1172000575
00:0B:86:C2:9B:80;University of Washington";-82;1172000575
00:40:05:28:DF:78;default";-78;1172000575
00:40:05:26:BB:48;UWICA";-66;1172000575
00:0F:3D:E0:FA:FE;<hidden>";-77;1172000576
00:0F:24:DA:80:00;UniversityOfWashingtonCSE";-81;1172000576
00:0B:86:A1:0D:40;University of Washington";-76;1172000576
00:0B:86:A0:74:30;University of Washington";-82;1172000576
00:0F:24:DA:88:20;UniversityOfWashingtonCSE";-76;1172000576
00:16:B6:37:61:67;GEMSEC";-81;1172000576
00:0B:86:C2:9B:80;University of Washington";-82;1172000576
00:40:05:28:DF:78;default";-73;1172000576
00:40:05:26:BB:48;UWICA";-77;1172000576
00:06:25:3C:A6:6A;POA6-ES";-72;1172000576
00:0F:3D:E0:FA:FE;<hidden>";-77;1172000577
00:0F:24:DA:80:00;UniversityOfWashingtonCSE";-80;1172000577
00:0B:86:A1:0D:40;University of Washington";-76;1172000577
00:0B:86:A0:74:30;University of Washington";-82;1172000577
00:0F:24:DA:88:20;UniversityOfWashingtonCSE";-76;1172000577
00:0B:86:C2:9B:80;University of Washington";-82;1172000577
00:40:05:28:DF:78;default";-73;1172000577
00:40:05:26:BB:48;UWICA";-78;1172000577
00:06:25:3C:A6:6A;POA6-ES";-68;1172000577
