00:0F:34:9D:02:00;UniversityOfWashingtonCSE";-78;1172554559
00:0F:34:9D:02:20;UniversityOfWashingtonCSE";-54;1172554559
00:0F:24:DC:B7:B0;UniversityOfWashingtonCSE";-48;1172554559
00:0F:24:DE:10:B0;UniversityOfWashingtonCSE";-42;1172554559
00:0F:24:DE:11:50;UniversityOfWashingtonCSE";-79;1172554559
00:0F:24:DC:B7:A0;UniversityOfWashingtonCSE";-63;1172554559
00:60:B3:8C:33:45;EE";-62;1172554560
00:0F:34:9D:06:30;UniversityOfWashingtonCSE";-65;1172554560
00:0F:34:9C:FE:70;UniversityOfWashingtonCSE";-72;1172554560
00:60:B3:80:AF:DC;EE";-80;1172554560
00:0F:34:9D:02:00;UniversityOfWashingtonCSE";-78;1172554561
00:0F:34:9D:02:20;UniversityOfWashingtonCSE";-53;1172554561
00:0F:24:DC:B7:B0;UniversityOfWashingtonCSE";-47;1172554561
00:0F:24:DE:10:B0;UniversityOfWashingtonCSE";-42;1172554561
00:0F:24:DE:11:50;UniversityOfWashingtonCSE";-79;1172554561
00:0F:24:DC:B7:A0;UniversityOfWashingtonCSE";-54;1172554561
00:60:B3:8C:33:45;EE";-62;1172554561
00:0F:34:9D:06:30;UniversityOfWashingtonCSE";-61;1172554561
00:0F:34:9C:FE:70;UniversityOfWashingtonCSE";-72;1172554561
00:60:B3:80:AF:DC;EE";-80;1172554561
00:0F:34:9D:02:00;UniversityOfWashingtonCSE";-78;1172554562
00:0F:34:9D:02:20;UniversityOfWashingtonCSE";-53;1172554562
00:0F:24:DC:B7:B0;UniversityOfWashingtonCSE";-47;1172554562
00:0F:24:DE:10:B0;UniversityOfWashingtonCSE";-44;1172554562
00:0F:24:DE:11:50;UniversityOfWashingtonCSE";-79;1172554562
00:0F:24:DC:B7:A0;UniversityOfWashingtonCSE";-54;1172554563
00:60:B3:8C:33:45;EE";-62;1172554563
00:0F:34:9D:06:30;UniversityOfWashingtonCSE";-61;1172554563
00:0F:34:9C:FE:70;UniversityOfWashingtonCSE";-72;1172554563
00:60:B3:80:AF:DC;EE";-80;1172554563
00:0F:34:9D:02:00;UniversityOfWashingtonCSE";-78;1172554564
00:0F:34:9D:02:20;UniversityOfWashingtonCSE";-53;1172554564
00:0F:24:DC:B7:B0;UniversityOfWashingtonCSE";-47;1172554564
00:0F:24:DE:10:B0;UniversityOfWashingtonCSE";-41;1172554564
00:0F:24:DE:11:50;UniversityOfWashingtonCSE";-79;1172554564
00:0F:24:DC:B7:A0;UniversityOfWashingtonCSE";-54;1172554564
00:60:B3:8C:33:45;EE";-63;1172554564
00:0F:34:9D:06:30;UniversityOfWashingtonCSE";-61;1172554564
00:0F:34:9C:FE:70;UniversityOfWashingtonCSE";-72;1172554564
00:60:B3:80:AF:DC;EE";-80;1172554564
00:0F:34:9D:02:00;UniversityOfWashingtonCSE";-78;1172554565
00:0F:34:9D:02:20;UniversityOfWashingtonCSE";-53;1172554565
00:0F:24:DC:B7:B0;UniversityOfWashingtonCSE";-47;1172554565
00:0F:24:DE:10:B0;UniversityOfWashingtonCSE";-41;1172554566
00:0F:24:DE:11:50;UniversityOfWashingtonCSE";-79;1172554566
00:0F:24:DC:B7:A0;UniversityOfWashingtonCSE";-54;1172554566
00:60:B3:8C:33:45;EE";-63;1172554566
00:0F:34:9D:06:30;UniversityOfWashingtonCSE";-61;1172554566
00:0F:34:9C:FE:70;UniversityOfWashingtonCSE";-72;1172554566
00:60:B3:80:AF:DC;EE";-79;1172554566
00:0F:34:9D:02:00;UniversityOfWashingtonCSE";-78;1172554567
00:0F:34:9D:02:20;UniversityOfWashingtonCSE";-53;1172554567
00:0F:24:DC:B7:B0;UniversityOfWashingtonCSE";-47;1172554567
00:0F:24:DE:10:B0;UniversityOfWashingtonCSE";-42;1172554567
00:0F:24:DE:11:50;UniversityOfWashingtonCSE";-79;1172554567
00:0F:24:DC:B7:A0;UniversityOfWashingtonCSE";-56;1172554567
00:60:B3:8C:33:45;EE";-61;1172554567
00:0F:34:9D:06:30;UniversityOfWashingtonCSE";-58;1172554567
00:0F:34:9C:FE:70;UniversityOfWashingtonCSE";-74;1172554567
00:60:B3:80:AF:DC;EE";-79;1172554567
00:0F:34:9D:02:00;UniversityOfWashingtonCSE";-78;1172554568
00:0F:34:9D:02:20;UniversityOfWashingtonCSE";-53;1172554569
00:0F:24:DC:B7:B0;UniversityOfWashingtonCSE";-49;1172554569
00:0F:24:DE:10:B0;UniversityOfWashingtonCSE";-42;1172554569
00:0F:24:DE:11:50;UniversityOfWashingtonCSE";-79;1172554569
00:0F:24:DC:B7:A0;UniversityOfWashingtonCSE";-56;1172554569
00:60:B3:8C:33:45;EE";-66;1172554569
00:0F:34:9D:06:30;UniversityOfWashingtonCSE";-58;1172554569
00:0F:34:9C:FE:70;UniversityOfWashingtonCSE";-74;1172554569
00:60:B3:80:AF:DC;EE";-79;1172554569
00:0F:34:9D:02:00;UniversityOfWashingtonCSE";-78;1172554570
00:0F:34:9D:02:20;UniversityOfWashingtonCSE";-53;1172554570
00:0F:24:DC:B7:B0;UniversityOfWashingtonCSE";-49;1172554570
00:0F:24:DE:10:B0;UniversityOfWashingtonCSE";-42;1172554570
00:0F:24:DE:11:50;UniversityOfWashingtonCSE";-79;1172554570
00:0F:24:DC:B7:A0;UniversityOfWashingtonCSE";-56;1172554570
00:60:B3:8C:33:45;EE";-66;1172554570
00:0F:34:9D:06:30;UniversityOfWashingtonCSE";-58;1172554570
00:0F:34:9C:FE:70;UniversityOfWashingtonCSE";-74;1172554571
00:60:B3:80:AF:DC;EE";-79;1172554571
00:0F:34:9D:02:00;UniversityOfWashingtonCSE";-78;1172554572
00:0F:34:9D:02:20;UniversityOfWashingtonCSE";-53;1172554572
00:0F:24:DC:B7:B0;UniversityOfWashingtonCSE";-49;1172554572
00:0F:24:DE:10:B0;UniversityOfWashingtonCSE";-40;1172554572
00:0F:24:DE:11:50;UniversityOfWashingtonCSE";-79;1172554572
00:0F:24:DC:B7:A0;UniversityOfWashingtonCSE";-56;1172554572
00:60:B3:8C:33:45;EE";-66;1172554572
00:0F:34:9D:06:30;UniversityOfWashingtonCSE";-58;1172554572
00:0F:34:9C:FE:70;UniversityOfWashingtonCSE";-74;1172554572
00:60:B3:80:AF:DC;EE";-79;1172554572
00:0F:34:9D:02:00;UniversityOfWashingtonCSE";-78;1172554573
00:0F:34:9D:02:20;UniversityOfWashingtonCSE";-53;1172554573
00:0F:24:DC:B7:B0;UniversityOfWashingtonCSE";-49;1172554573
00:0F:24:DE:10:B0;UniversityOfWashingtonCSE";-40;1172554574
00:0F:24:DE:11:50;UniversityOfWashingtonCSE";-79;1172554574
00:0F:24:DC:B7:A0;UniversityOfWashingtonCSE";-62;1172554574
00:60:B3:8C:33:45;EE";-65;1172554574
00:0F:34:9D:06:30;UniversityOfWashingtonCSE";-66;1172554574
00:0F:34:9C:FE:70;UniversityOfWashingtonCSE";-74;1172554574
00:60:B3:80:AF:DC;EE";-79;1172554574
00:0F:34:9D:02:00;UniversityOfWashingtonCSE";-76;1172554575
00:0F:34:9D:02:20;UniversityOfWashingtonCSE";-55;1172554575
00:0F:24:DC:B7:B0;UniversityOfWashingtonCSE";-44;1172554575
00:0F:24:DE:10:B0;UniversityOfWashingtonCSE";-42;1172554575
00:0F:24:DE:11:50;UniversityOfWashingtonCSE";-79;1172554575
00:0F:24:DC:B7:A0;UniversityOfWashingtonCSE";-62;1172554575
00:60:B3:8C:33:45;EE";-65;1172554575
00:0F:34:9D:06:30;UniversityOfWashingtonCSE";-66;1172554575
00:0F:34:9C:FE:70;UniversityOfWashingtonCSE";-72;1172554575
00:60:B3:80:AF:DC;EE";-79;1172554575
00:0F:34:9D:02:00;UniversityOfWashingtonCSE";-76;1172554576
00:0F:34:9D:02:20;UniversityOfWashingtonCSE";-54;1172554577
00:0F:24:DC:B7:B0;UniversityOfWashingtonCSE";-48;1172554577
00:0F:24:DE:10:B0;UniversityOfWashingtonCSE";-42;1172554577
00:0F:24:DE:11:50;UniversityOfWashingtonCSE";-79;1172554577
00:0F:24:DC:B7:A0;UniversityOfWashingtonCSE";-53;1172554577
00:60:B3:8C:33:45;EE";-68;1172554577
00:0F:34:9D:06:30;UniversityOfWashingtonCSE";-65;1172554577
00:0F:34:9C:FE:70;UniversityOfWashingtonCSE";-72;1172554577
00:60:B3:80:AF:DC;EE";-79;1172554577
00:0F:34:9D:02:00;UniversityOfWashingtonCSE";-76;1172554578
00:0F:34:9D:02:20;UniversityOfWashingtonCSE";-55;1172554578
00:0F:24:DC:B7:B0;UniversityOfWashingtonCSE";-48;1172554578
00:0F:24:DE:10:B0;UniversityOfWashingtonCSE";-41;1172554578
00:0F:24:DE:11:50;UniversityOfWashingtonCSE";-79;1172554578
00:0F:24:DC:B7:A0;UniversityOfWashingtonCSE";-53;1172554579
00:60:B3:8C:33:45;EE";-68;1172554579
00:0F:34:9D:06:30;UniversityOfWashingtonCSE";-65;1172554579
00:0F:34:9C:FE:70;UniversityOfWashingtonCSE";-72;1172554579
00:60:B3:80:AF:DC;EE";-79;1172554579
00:0F:34:9D:02:00;UniversityOfWashingtonCSE";-75;1172554580
00:0F:34:9D:02:20;UniversityOfWashingtonCSE";-55;1172554580
00:0F:24:DC:B7:B0;UniversityOfWashingtonCSE";-49;1172554580
00:0F:24:DE:10:B0;UniversityOfWashingtonCSE";-41;1172554580
00:0F:24:DE:11:50;UniversityOfWashingtonCSE";-79;1172554580
00:0F:24:DC:B7:A0;UniversityOfWashingtonCSE";-64;1172554580
00:60:B3:8C:33:45;EE";-68;1172554580
00:0F:34:9D:06:30;UniversityOfWashingtonCSE";-65;1172554580
00:0F:34:9C:FE:70;UniversityOfWashingtonCSE";-72;1172554580
00:60:B3:80:AF:DC;EE";-79;1172554580
00:0F:34:9D:02:00;UniversityOfWashingtonCSE";-75;1172554581
00:0F:34:9D:02:20;UniversityOfWashingtonCSE";-55;1172554581
00:0F:24:DC:B7:B0;UniversityOfWashingtonCSE";-49;1172554582
00:0F:24:DE:10:B0;UniversityOfWashingtonCSE";-39;1172554582
00:0F:24:DE:11:50;UniversityOfWashingtonCSE";-79;1172554582
00:0F:24:DC:B7:A0;UniversityOfWashingtonCSE";-64;1172554582
00:60:B3:8C:33:45;EE";-64;1172554582
00:0F:34:9D:06:30;UniversityOfWashingtonCSE";-65;1172554582
00:0F:34:9C:FE:70;UniversityOfWashingtonCSE";-72;1172554582
00:60:B3:80:AF:DC;EE";-80;1172554582
00:0F:34:9D:02:00;UniversityOfWashingtonCSE";-75;1172554583
00:0F:34:9D:02:20;UniversityOfWashingtonCSE";-52;1172554583
00:0F:24:DC:B7:B0;UniversityOfWashingtonCSE";-49;1172554583
00:0F:24:DE:10:B0;UniversityOfWashingtonCSE";-40;1172554583
00:0F:24:DE:11:50;UniversityOfWashingtonCSE";-79;1172554583
00:0F:24:DC:B7:A0;UniversityOfWashingtonCSE";-54;1172554583
00:60:B3:8C:33:45;EE";-65;1172554583
00:0F:34:9D:06:30;UniversityOfWashingtonCSE";-65;1172554583
00:0F:34:9C:FE:70;UniversityOfWashingtonCSE";-72;1172554584
00:60:B3:80:AF:DC;EE";-80;1172554584
00:0F:34:9D:06:80;UniversityOfWashingtonCSE";-82;1172554584
00:0F:34:9D:02:00;UniversityOfWashingtonCSE";-75;1172554585
00:0F:34:9D:02:20;UniversityOfWashingtonCSE";-52;1172554585
00:0F:24:DC:B7:B0;UniversityOfWashingtonCSE";-47;1172554585
00:0F:24:DE:10:B0;UniversityOfWashingtonCSE";-40;1172554585
00:0F:24:DE:11:50;UniversityOfWashingtonCSE";-79;1172554585
00:0F:24:DC:B7:A0;UniversityOfWashingtonCSE";-53;1172554585
00:60:B3:8C:33:45;EE";-67;1172554585
00:0F:34:9D:06:30;UniversityOfWashingtonCSE";-60;1172554585
00:0F:34:9C:FE:70;UniversityOfWashingtonCSE";-72;1172554585
00:60:B3:80:AF:DC;EE";-80;1172554585
00:0F:34:9D:06:80;UniversityOfWashingtonCSE";-82;1172554585
00:0F:34:9D:02:00;UniversityOfWashingtonCSE";-75;1172554586
00:0F:34:9D:02:20;UniversityOfWashingtonCSE";-52;1172554586
00:0F:24:DC:B7:B0;UniversityOfWashingtonCSE";-47;1172554587
00:0F:24:DE:10:B0;UniversityOfWashingtonCSE";-40;1172554587
00:0F:24:DE:11:50;UniversityOfWashingtonCSE";-79;1172554587
00:0F:24:DC:B7:A0;UniversityOfWashingtonCSE";-71;1172554587
00:60:B3:8C:33:45;EE";-67;1172554587
00:0F:34:9D:06:30;UniversityOfWashingtonCSE";-62;1172554587
00:0F:34:9C:FE:70;UniversityOfWashingtonCSE";-72;1172554587
00:60:B3:80:AF:DC;EE";-80;1172554587
00:0F:34:9D:06:80;UniversityOfWashingtonCSE";-82;1172554587
00:0F:34:9D:02:00;UniversityOfWashingtonCSE";-73;1172554588
00:0F:34:9D:02:20;UniversityOfWashingtonCSE";-55;1172554588
00:0F:24:DC:B7:B0;UniversityOfWashingtonCSE";-54;1172554588
00:0F:24:DE:10:B0;UniversityOfWashingtonCSE";-40;1172554588
00:0F:24:DE:11:50;UniversityOfWashingtonCSE";-79;1172554588
00:0F:24:DC:B7:A0;UniversityOfWashingtonCSE";-61;1172554588
00:60:B3:8C:33:45;EE";-65;1172554589
00:0F:34:9D:06:30;UniversityOfWashingtonCSE";-63;1172554589
00:0F:34:9C:FE:70;UniversityOfWashingtonCSE";-72;1172554589
00:60:B3:80:AF:DC;EE";-80;1172554589
00:0F:34:9D:06:80;UniversityOfWashingtonCSE";-82;1172554589
00:0F:34:9D:02:00;UniversityOfWashingtonCSE";-74;1172554590
00:0F:34:9D:02:20;UniversityOfWashingtonCSE";-52;1172554590
00:0F:24:DC:B7:B0;UniversityOfWashingtonCSE";-47;1172554590
00:0F:24:DE:10:B0;UniversityOfWashingtonCSE";-40;1172554590
00:0F:24:DE:11:50;UniversityOfWashingtonCSE";-79;1172554590
00:0F:24:DC:B7:A0;UniversityOfWashingtonCSE";-61;1172554590
00:60:B3:8C:33:45;EE";-65;1172554590
00:0F:34:9D:06:30;UniversityOfWashingtonCSE";-63;1172554590
00:0F:34:9C:FE:70;UniversityOfWashingtonCSE";-71;1172554590
00:60:B3:80:AF:DC;EE";-80;1172554590
00:0F:34:9D:06:80;UniversityOfWashingtonCSE";-82;1172554590
00:0F:34:9D:02:00;UniversityOfWashingtonCSE";-74;1172554591
00:0F:34:9D:02:20;UniversityOfWashingtonCSE";-52;1172554591
00:0F:24:DC:B7:B0;UniversityOfWashingtonCSE";-47;1172554591
00:0F:24:DE:10:B0;UniversityOfWashingtonCSE";-40;1172554592
00:0F:24:DE:11:50;UniversityOfWashingtonCSE";-79;1172554592
00:0F:24:DC:B7:A0;UniversityOfWashingtonCSE";-53;1172554592
00:60:B3:8C:33:45;EE";-67;1172554592
00:0F:34:9D:06:30;UniversityOfWashingtonCSE";-63;1172554592
00:0F:34:9C:FE:70;UniversityOfWashingtonCSE";-71;1172554592
00:60:B3:80:AF:DC;EE";-80;1172554592
00:0F:34:9D:06:80;UniversityOfWashingtonCSE";-82;1172554592
00:0F:34:9D:02:00;UniversityOfWashingtonCSE";-74;1172554593
00:0F:34:9D:02:20;UniversityOfWashingtonCSE";-55;1172554593
00:0F:24:DC:B7:B0;UniversityOfWashingtonCSE";-52;1172554593
00:0F:24:DE:10:B0;UniversityOfWashingtonCSE";-41;1172554593
00:0F:24:DE:11:50;UniversityOfWashingtonCSE";-79;1172554593
00:0F:24:DC:B7:A0;UniversityOfWashingtonCSE";-64;1172554593
00:60:B3:8C:33:45;EE";-66;1172554593
00:0F:34:9D:06:30;UniversityOfWashingtonCSE";-64;1172554593
00:0F:34:9C:FE:70;UniversityOfWashingtonCSE";-71;1172554593
00:60:B3:80:AF:DC;EE";-80;1172554594
00:0F:34:9D:06:80;UniversityOfWashingtonCSE";-82;1172554594
00:0F:34:9D:02:00;UniversityOfWashingtonCSE";-75;1172554595
00:0F:34:9D:02:20;UniversityOfWashingtonCSE";-53;1172554595
00:0F:24:DC:B7:B0;UniversityOfWashingtonCSE";-47;1172554595
00:0F:24:DE:10:B0;UniversityOfWashingtonCSE";-41;1172554595
00:0F:24:DE:11:50;UniversityOfWashingtonCSE";-79;1172554595
00:0F:24:DC:B7:A0;UniversityOfWashingtonCSE";-62;1172554595
00:60:B3:8C:33:45;EE";-67;1172554595
00:0F:34:9D:06:30;UniversityOfWashingtonCSE";-64;1172554595
00:0F:34:9C:FE:70;UniversityOfWashingtonCSE";-71;1172554595
00:60:B3:80:AF:DC;EE";-78;1172554595
00:0F:34:9D:06:80;UniversityOfWashingtonCSE";-82;1172554595
00:0F:34:9D:02:00;UniversityOfWashingtonCSE";-75;1172554596
00:0F:34:9D:02:20;UniversityOfWashingtonCSE";-54;1172554596
00:0F:24:DC:B7:B0;UniversityOfWashingtonCSE";-47;1172554596
00:0F:24:DE:10:B0;UniversityOfWashingtonCSE";-41;1172554597
00:0F:24:DE:11:50;UniversityOfWashingtonCSE";-79;1172554597
00:0F:24:DC:B7:A0;UniversityOfWashingtonCSE";-52;1172554597
00:60:B3:8C:33:45;EE";-68;1172554597
00:0F:34:9D:06:30;UniversityOfWashingtonCSE";-63;1172554597
00:0F:34:9C:FE:70;UniversityOfWashingtonCSE";-71;1172554597
00:60:B3:80:AF:DC;EE";-78;1172554597
00:0F:34:9D:06:80;UniversityOfWashingtonCSE";-82;1172554597
00:0F:34:9D:02:00;UniversityOfWashingtonCSE";-75;1172554598
00:0F:34:9D:02:20;UniversityOfWashingtonCSE";-53;1172554598
00:0F:24:DC:B7:B0;UniversityOfWashingtonCSE";-49;1172554598
00:0F:24:DE:10:B0;UniversityOfWashingtonCSE";-41;1172554598
00:0F:24:DE:11:50;UniversityOfWashingtonCSE";-79;1172554598
00:0F:24:DC:B7:A0;UniversityOfWashingtonCSE";-53;1172554599
00:60:B3:8C:33:45;EE";-68;1172554599
00:0F:34:9D:06:30;UniversityOfWashingtonCSE";-63;1172554599
00:0F:34:9C:FE:70;UniversityOfWashingtonCSE";-71;1172554599
00:60:B3:80:AF:DC;EE";-78;1172554599
00:0F:34:9D:02:00;UniversityOfWashingtonCSE";-74;1172554600
00:0F:34:9D:02:20;UniversityOfWashingtonCSE";-53;1172554600
00:0F:24:DC:B7:B0;UniversityOfWashingtonCSE";-48;1172554600
00:0F:24:DE:10:B0;UniversityOfWashingtonCSE";-40;1172554600
00:0F:24:DE:11:50;UniversityOfWashingtonCSE";-79;1172554600
00:0F:24:DC:B7:A0;UniversityOfWashingtonCSE";-53;1172554600
00:60:B3:8C:33:45;EE";-69;1172554600
00:0F:34:9D:06:30;UniversityOfWashingtonCSE";-62;1172554600
00:0F:34:9C:FE:70;UniversityOfWashingtonCSE";-71;1172554600
00:60:B3:80:AF:DC;EE";-78;1172554600
00:0F:34:9D:02:00;UniversityOfWashingtonCSE";-75;1172554601
00:0F:34:9D:02:20;UniversityOfWashingtonCSE";-53;1172554601
00:0F:24:DC:B7:B0;UniversityOfWashingtonCSE";-48;1172554601
00:0F:24:DE:10:B0;UniversityOfWashingtonCSE";-40;1172554602
00:0F:24:DE:11:50;UniversityOfWashingtonCSE";-79;1172554602
00:0F:24:DC:B7:A0;UniversityOfWashingtonCSE";-53;1172554602
00:60:B3:8C:33:45;EE";-69;1172554602
00:0F:34:9D:06:30;UniversityOfWashingtonCSE";-62;1172554602
00:0F:34:9C:FE:70;UniversityOfWashingtonCSE";-71;1172554602
00:60:B3:80:AF:DC;EE";-78;1172554602
00:0F:34:9D:02:00;UniversityOfWashingtonCSE";-75;1172554603
00:0F:34:9D:02:20;UniversityOfWashingtonCSE";-53;1172554603
00:0F:24:DC:B7:B0;UniversityOfWashingtonCSE";-48;1172554603
00:0F:24:DE:10:B0;UniversityOfWashingtonCSE";-39;1172554603
00:0F:24:DE:11:50;UniversityOfWashingtonCSE";-79;1172554603
00:0F:24:DC:B7:A0;UniversityOfWashingtonCSE";-53;1172554603
00:60:B3:8C:33:45;EE";-67;1172554603
00:0F:34:9D:06:30;UniversityOfWashingtonCSE";-62;1172554603
00:0F:34:9C:FE:70;UniversityOfWashingtonCSE";-71;1172554603
00:60:B3:80:AF:DC;EE";-78;1172554604
00:0F:34:9D:02:00;UniversityOfWashingtonCSE";-75;1172554604
00:0F:34:9D:02:20;UniversityOfWashingtonCSE";-53;1172554605
00:0F:24:DC:B7:B0;UniversityOfWashingtonCSE";-48;1172554605
00:0F:24:DE:10:B0;UniversityOfWashingtonCSE";-41;1172554605
00:0F:24:DE:11:50;UniversityOfWashingtonCSE";-79;1172554605
00:0F:24:DC:B7:A0;UniversityOfWashingtonCSE";-62;1172554605
00:60:B3:8C:33:45;EE";-67;1172554605
00:0F:34:9D:06:30;UniversityOfWashingtonCSE";-63;1172554605
00:0F:34:9C:FE:70;UniversityOfWashingtonCSE";-71;1172554605
00:60:B3:80:AF:DC;EE";-78;1172554605
00:0F:34:9D:02:00;UniversityOfWashingtonCSE";-75;1172554606
00:0F:34:9D:02:20;UniversityOfWashingtonCSE";-53;1172554606
00:0F:24:DC:B7:B0;UniversityOfWashingtonCSE";-48;1172554606
00:0F:24:DE:10:B0;UniversityOfWashingtonCSE";-40;1172554606
00:0F:24:DE:11:50;UniversityOfWashingtonCSE";-79;1172554606
00:0F:24:DC:B7:A0;UniversityOfWashingtonCSE";-62;1172554606
00:60:B3:8C:33:45;EE";-66;1172554606
00:0F:34:9D:06:30;UniversityOfWashingtonCSE";-63;1172554606
00:0F:34:9C:FE:70;UniversityOfWashingtonCSE";-71;1172554607
00:60:B3:80:AF:DC;EE";-78;1172554607
00:0F:34:9D:02:00;UniversityOfWashingtonCSE";-76;1172554608
00:0F:34:9D:02:20;UniversityOfWashingtonCSE";-53;1172554608
00:0F:24:DC:B7:B0;UniversityOfWashingtonCSE";-46;1172554608
00:0F:24:DE:10:B0;UniversityOfWashingtonCSE";-42;1172554608
00:0F:24:DE:11:50;UniversityOfWashingtonCSE";-79;1172554608
00:0F:24:DC:B7:A0;UniversityOfWashingtonCSE";-64;1172554608
00:60:B3:8C:33:45;EE";-68;1172554608
00:0F:34:9D:06:30;UniversityOfWashingtonCSE";-66;1172554608
00:0F:34:9C:FE:70;UniversityOfWashingtonCSE";-71;1172554608
00:60:B3:80:AF:DC;EE";-78;1172554608
00:0F:34:9D:02:00;UniversityOfWashingtonCSE";-76;1172554609
00:0F:34:9D:02:20;UniversityOfWashingtonCSE";-53;1172554609
00:0F:24:DC:B7:B0;UniversityOfWashingtonCSE";-49;1172554609
00:0F:24:DE:10:B0;UniversityOfWashingtonCSE";-40;1172554609
00:0F:24:DE:11:50;UniversityOfWashingtonCSE";-79;1172554609
00:0F:24:DC:B7:A0;UniversityOfWashingtonCSE";-53;1172554609
00:60:B3:8C:33:45;EE";-67;1172554609
00:0F:34:9D:06:30;UniversityOfWashingtonCSE";-63;1172554610
00:0F:34:9C:FE:70;UniversityOfWashingtonCSE";-71;1172554610
00:60:B3:80:AF:DC;EE";-78;1172554610
00:0F:34:9D:02:00;UniversityOfWashingtonCSE";-75;1172554611
00:0F:34:9D:02:20;UniversityOfWashingtonCSE";-54;1172554611
00:0F:24:DC:B7:B0;UniversityOfWashingtonCSE";-49;1172554611
00:0F:24:DE:10:B0;UniversityOfWashingtonCSE";-40;1172554611
00:0F:24:DE:11:50;UniversityOfWashingtonCSE";-79;1172554611
00:0F:24:DC:B7:A0;UniversityOfWashingtonCSE";-53;1172554611
00:60:B3:8C:33:45;EE";-67;1172554611
00:0F:34:9D:06:30;UniversityOfWashingtonCSE";-63;1172554611
00:0F:34:9C:FE:70;UniversityOfWashingtonCSE";-71;1172554611
00:0F:34:9D:02:00;UniversityOfWashingtonCSE";-75;1172554612
00:0F:34:9D:02:20;UniversityOfWashingtonCSE";-53;1172554612
00:0F:24:DC:B7:B0;UniversityOfWashingtonCSE";-46;1172554612
00:0F:24:DE:10:B0;UniversityOfWashingtonCSE";-40;1172554612
00:0F:24:DE:11:50;UniversityOfWashingtonCSE";-79;1172554613
00:0F:24:DC:B7:A0;UniversityOfWashingtonCSE";-61;1172554613
00:60:B3:8C:33:45;EE";-68;1172554613
00:0F:34:9D:06:30;UniversityOfWashingtonCSE";-66;1172554613
00:0F:34:9C:FE:70;UniversityOfWashingtonCSE";-71;1172554613
00:0F:34:9D:02:00;UniversityOfWashingtonCSE";-75;1172554614
00:0F:34:9D:02:20;UniversityOfWashingtonCSE";-54;1172554614
00:0F:24:DC:B7:B0;UniversityOfWashingtonCSE";-48;1172554614
00:0F:24:DE:10:B0;UniversityOfWashingtonCSE";-41;1172554614
00:0F:24:DE:11:50;UniversityOfWashingtonCSE";-79;1172554614
00:0F:24:DC:B7:A0;UniversityOfWashingtonCSE";-53;1172554614
00:60:B3:8C:33:45;EE";-68;1172554614
00:0F:34:9D:06:30;UniversityOfWashingtonCSE";-64;1172554614
00:0F:34:9C:FE:70;UniversityOfWashingtonCSE";-70;1172554614
00:0F:34:9D:02:00;UniversityOfWashingtonCSE";-75;1172554615
00:0F:34:9D:02:20;UniversityOfWashingtonCSE";-54;1172554615
00:0F:24:DC:B7:B0;UniversityOfWashingtonCSE";-47;1172554616
00:0F:24:DE:10:B0;UniversityOfWashingtonCSE";-40;1172554616
00:0F:24:DE:11:50;UniversityOfWashingtonCSE";-79;1172554616
00:0F:24:DC:B7:A0;UniversityOfWashingtonCSE";-53;1172554616
00:60:B3:8C:33:45;EE";-68;1172554616
00:0F:34:9D:06:30;UniversityOfWashingtonCSE";-64;1172554616
00:0F:34:9C:FE:70;UniversityOfWashingtonCSE";-70;1172554616
00:0F:34:9D:02:00;UniversityOfWashingtonCSE";-75;1172554617
00:0F:34:9D:02:20;UniversityOfWashingtonCSE";-54;1172554617
00:0F:24:DC:B7:B0;UniversityOfWashingtonCSE";-47;1172554617
00:0F:24:DE:10:B0;UniversityOfWashingtonCSE";-40;1172554617
00:0F:24:DE:11:50;UniversityOfWashingtonCSE";-79;1172554617
00:0F:24:DC:B7:A0;UniversityOfWashingtonCSE";-52;1172554617
00:60:B3:8C:33:45;EE";-67;1172554617
00:0F:34:9D:06:30;UniversityOfWashingtonCSE";-61;1172554617
00:0F:34:9C:FE:70;UniversityOfWashingtonCSE";-70;1172554617
00:0F:34:9D:02:00;UniversityOfWashingtonCSE";-75;1172554618
00:0F:34:9D:02:20;UniversityOfWashingtonCSE";-54;1172554618
00:0F:24:DC:B7:B0;UniversityOfWashingtonCSE";-48;1172554619
00:0F:24:DE:10:B0;UniversityOfWashingtonCSE";-40;1172554619
00:0F:24:DE:11:50;UniversityOfWashingtonCSE";-79;1172554619
00:0F:24:DC:B7:A0;UniversityOfWashingtonCSE";-52;1172554619
00:60:B3:8C:33:45;EE";-67;1172554619
00:0F:34:9D:06:30;UniversityOfWashingtonCSE";-61;1172554619
00:0F:34:9C:FE:70;UniversityOfWashingtonCSE";-70;1172554619
00:0F:34:9D:02:00;UniversityOfWashingtonCSE";-75;1172554620
00:0F:34:9D:02:20;UniversityOfWashingtonCSE";-54;1172554620
00:0F:24:DC:B7:B0;UniversityOfWashingtonCSE";-48;1172554620
00:0F:24:DE:10:B0;UniversityOfWashingtonCSE";-40;1172554620
00:0F:24:DE:11:50;UniversityOfWashingtonCSE";-79;1172554620
00:0F:24:DC:B7:A0;UniversityOfWashingtonCSE";-52;1172554620
00:60:B3:8C:33:45;EE";-66;1172554620
00:0F:34:9D:06:30;UniversityOfWashingtonCSE";-61;1172554620
00:0F:34:9C:FE:70;UniversityOfWashingtonCSE";-70;1172554620
00:0F:34:9D:02:00;UniversityOfWashingtonCSE";-75;1172554621
00:0F:34:9D:02:20;UniversityOfWashingtonCSE";-55;1172554621
00:0F:24:DC:B7:B0;UniversityOfWashingtonCSE";-49;1172554622
00:0F:24:DE:10:B0;UniversityOfWashingtonCSE";-37;1172554622
00:0F:24:DE:11:50;UniversityOfWashingtonCSE";-79;1172554622
00:0F:24:DC:B7:A0;UniversityOfWashingtonCSE";-62;1172554622
00:60:B3:8C:33:45;EE";-64;1172554622
00:0F:34:9D:06:30;UniversityOfWashingtonCSE";-64;1172554622
00:0F:34:9C:FE:70;UniversityOfWashingtonCSE";-72;1172554622
00:0F:34:9D:02:00;UniversityOfWashingtonCSE";-75;1172554623
00:0F:34:9D:02:20;UniversityOfWashingtonCSE";-54;1172554623
00:0F:24:DC:B7:B0;UniversityOfWashingtonCSE";-48;1172554623
00:0F:24:DE:10:B0;UniversityOfWashingtonCSE";-40;1172554623
00:0F:24:DE:11:50;UniversityOfWashingtonCSE";-79;1172554623
00:0F:24:DC:B7:A0;UniversityOfWashingtonCSE";-62;1172554623
00:60:B3:8C:33:45;EE";-64;1172554623
00:0F:34:9D:06:30;UniversityOfWashingtonCSE";-64;1172554623
00:0F:34:9C:FE:70;UniversityOfWashingtonCSE";-72;1172554623
00:0F:34:9D:02:00;UniversityOfWashingtonCSE";-75;1172554624
00:0F:34:9D:02:20;UniversityOfWashingtonCSE";-55;1172554624
00:0F:24:DC:B7:B0;UniversityOfWashingtonCSE";-49;1172554624
00:0F:24:DE:10:B0;UniversityOfWashingtonCSE";-41;1172554625
00:0F:24:DE:11:50;UniversityOfWashingtonCSE";-79;1172554625
00:0F:24:DC:B7:A0;UniversityOfWashingtonCSE";-53;1172554625
00:60:B3:8C:33:45;EE";-64;1172554625
00:0F:34:9D:06:30;UniversityOfWashingtonCSE";-62;1172554625
00:0F:34:9C:FE:70;UniversityOfWashingtonCSE";-72;1172554625
00:0F:34:9D:02:00;UniversityOfWashingtonCSE";-75;1172554626
00:0F:34:9D:02:20;UniversityOfWashingtonCSE";-55;1172554626
00:0F:24:DC:B7:B0;UniversityOfWashingtonCSE";-51;1172554626
00:0F:24:DE:10:B0;UniversityOfWashingtonCSE";-40;1172554626
00:0F:24:DE:11:50;UniversityOfWashingtonCSE";-79;1172554626
00:0F:24:DC:B7:A0;UniversityOfWashingtonCSE";-53;1172554626
00:60:B3:8C:33:45;EE";-65;1172554626
00:0F:34:9D:06:30;UniversityOfWashingtonCSE";-62;1172554626
00:0F:34:9C:FE:70;UniversityOfWashingtonCSE";-72;1172554626
00:60:B3:80:AF:DC;EE";-79;1172554626
00:0F:34:9D:02:00;UniversityOfWashingtonCSE";-75;1172554627
00:0F:34:9D:02:20;UniversityOfWashingtonCSE";-53;1172554627
00:0F:24:DC:B7:B0;UniversityOfWashingtonCSE";-49;1172554627
00:0F:24:DE:10:B0;UniversityOfWashingtonCSE";-41;1172554628
00:0F:24:DE:11:50;UniversityOfWashingtonCSE";-79;1172554628
00:0F:24:DC:B7:A0;UniversityOfWashingtonCSE";-61;1172554628
00:60:B3:8C:33:45;EE";-67;1172554628
00:0F:34:9D:06:30;UniversityOfWashingtonCSE";-61;1172554628
00:0F:34:9C:FE:70;UniversityOfWashingtonCSE";-72;1172554628
00:60:B3:80:AF:DC;EE";-79;1172554628
00:0F:34:9D:02:00;UniversityOfWashingtonCSE";-75;1172554629
00:0F:34:9D:02:20;UniversityOfWashingtonCSE";-53;1172554629
00:0F:24:DC:B7:B0;UniversityOfWashingtonCSE";-50;1172554629
00:0F:24:DE:10:B0;UniversityOfWashingtonCSE";-40;1172554629
00:0F:24:DE:11:50;UniversityOfWashingtonCSE";-79;1172554629
00:0F:24:DC:B7:A0;UniversityOfWashingtonCSE";-54;1172554629
00:60:B3:8C:33:45;EE";-67;1172554629
00:0F:34:9D:06:30;UniversityOfWashingtonCSE";-64;1172554629
00:0F:34:9C:FE:70;UniversityOfWashingtonCSE";-72;1172554629
00:60:B3:80:AF:DC;EE";-79;1172554630
00:0F:34:9D:06:80;UniversityOfWashingtonCSE";-84;1172554630
00:0F:34:9D:02:00;UniversityOfWashingtonCSE";-75;1172554631
00:0F:34:9D:02:20;UniversityOfWashingtonCSE";-54;1172554631
00:0F:24:DC:B7:B0;UniversityOfWashingtonCSE";-49;1172554631
00:0F:24:DE:10:B0;UniversityOfWashingtonCSE";-39;1172554631
00:0F:24:DE:11:50;UniversityOfWashingtonCSE";-79;1172554631
00:0F:24:DC:B7:A0;UniversityOfWashingtonCSE";-55;1172554631
00:60:B3:8C:33:45;EE";-68;1172554631
00:0F:34:9D:06:30;UniversityOfWashingtonCSE";-61;1172554631
00:0F:34:9C:FE:70;UniversityOfWashingtonCSE";-73;1172554631
00:60:B3:80:AF:DC;EE";-79;1172554631
00:0F:34:9D:06:80;UniversityOfWashingtonCSE";-84;1172554631
00:0F:34:9D:02:00;UniversityOfWashingtonCSE";-74;1172554632
00:0F:34:9D:02:20;UniversityOfWashingtonCSE";-55;1172554632
00:0F:24:DC:B7:B0;UniversityOfWashingtonCSE";-54;1172554632
00:0F:24:DE:10:B0;UniversityOfWashingtonCSE";-40;1172554632
00:0F:24:DE:11:50;UniversityOfWashingtonCSE";-79;1172554632
00:0F:24:DC:B7:A0;UniversityOfWashingtonCSE";-55;1172554632
00:60:B3:8C:33:45;EE";-68;1172554633
00:0F:34:9D:06:30;UniversityOfWashingtonCSE";-61;1172554633
00:0F:34:9C:FE:70;UniversityOfWashingtonCSE";-73;1172554633
00:60:B3:80:AF:DC;EE";-79;1172554633
00:0F:34:9D:06:80;UniversityOfWashingtonCSE";-84;1172554633
00:0F:34:9D:02:00;UniversityOfWashingtonCSE";-74;1172554634
00:0F:34:9D:02:20;UniversityOfWashingtonCSE";-56;1172554634
00:0F:24:DC:B7:B0;UniversityOfWashingtonCSE";-49;1172554634
00:0F:24:DE:10:B0;UniversityOfWashingtonCSE";-39;1172554634
00:0F:24:DE:11:50;UniversityOfWashingtonCSE";-79;1172554634
00:0F:24:DC:B7:A0;UniversityOfWashingtonCSE";-61;1172554634
00:60:B3:8C:33:45;EE";-68;1172554634
00:0F:34:9D:06:30;UniversityOfWashingtonCSE";-66;1172554634
00:0F:34:9C:FE:70;UniversityOfWashingtonCSE";-73;1172554634
00:60:B3:80:AF:DC;EE";-79;1172554634
00:0F:34:9D:06:80;UniversityOfWashingtonCSE";-80;1172554634
00:0F:34:9D:02:00;UniversityOfWashingtonCSE";-74;1172554635
00:0F:34:9D:02:20;UniversityOfWashingtonCSE";-56;1172554635
00:0F:24:DC:B7:B0;UniversityOfWashingtonCSE";-49;1172554635
00:0F:24:DE:10:B0;UniversityOfWashingtonCSE";-39;1172554636
00:0F:24:DE:11:50;UniversityOfWashingtonCSE";-79;1172554636
00:0F:24:DC:B7:A0;UniversityOfWashingtonCSE";-61;1172554636
00:60:B3:8C:33:45;EE";-68;1172554636
00:0F:34:9D:06:30;UniversityOfWashingtonCSE";-66;1172554636
00:0F:34:9C:FE:70;UniversityOfWashingtonCSE";-73;1172554636
00:60:B3:80:AF:DC;EE";-79;1172554636
00:0F:34:9D:06:80;UniversityOfWashingtonCSE";-80;1172554636
00:0F:34:9D:02:00;UniversityOfWashingtonCSE";-74;1172554637
00:0F:34:9D:02:20;UniversityOfWashingtonCSE";-56;1172554637
00:0F:24:DC:B7:B0;UniversityOfWashingtonCSE";-49;1172554637
00:0F:24:DE:10:B0;UniversityOfWashingtonCSE";-40;1172554637
00:0F:24:DE:11:50;UniversityOfWashingtonCSE";-79;1172554637
00:0F:24:DC:B7:A0;UniversityOfWashingtonCSE";-62;1172554637
00:60:B3:8C:33:45;EE";-62;1172554637
00:0F:34:9D:06:30;UniversityOfWashingtonCSE";-62;1172554638
00:0F:34:9C:FE:70;UniversityOfWashingtonCSE";-73;1172554638
00:60:B3:80:AF:DC;EE";-79;1172554638
00:0F:34:9D:06:80;UniversityOfWashingtonCSE";-80;1172554638
00:0F:34:9D:02:00;UniversityOfWashingtonCSE";-74;1172554639
00:0F:34:9D:02:20;UniversityOfWashingtonCSE";-55;1172554639
00:0F:24:DC:B7:B0;UniversityOfWashingtonCSE";-50;1172554639
00:0F:24:DE:10:B0;UniversityOfWashingtonCSE";-40;1172554639
00:0F:24:DE:11:50;UniversityOfWashingtonCSE";-79;1172554639
00:0F:24:DC:B7:A0;UniversityOfWashingtonCSE";-62;1172554639
00:60:B3:8C:33:45;EE";-62;1172554639
00:0F:34:9D:06:30;UniversityOfWashingtonCSE";-62;1172554639
00:0F:34:9C:FE:70;UniversityOfWashingtonCSE";-73;1172554639
00:60:B3:80:AF:DC;EE";-80;1172554639
00:0F:34:9D:06:80;UniversityOfWashingtonCSE";-80;1172554639
00:0F:24:DE:11:40;UniversityOfWashingtonCSE";-80;1172554640
00:0F:34:9D:02:00;UniversityOfWashingtonCSE";-74;1172554641
00:0F:34:9D:02:20;UniversityOfWashingtonCSE";-55;1172554641
00:0F:24:DC:B7:B0;UniversityOfWashingtonCSE";-50;1172554641
00:0F:24:DE:10:B0;UniversityOfWashingtonCSE";-40;1172554641
00:0F:24:DE:11:50;UniversityOfWashingtonCSE";-79;1172554641
00:0F:24:DC:B7:A0;UniversityOfWashingtonCSE";-55;1172554641
00:60:B3:8C:33:45;EE";-67;1172554641
00:0F:34:9D:06:30;UniversityOfWashingtonCSE";-64;1172554641
00:0F:34:9C:FE:70;UniversityOfWashingtonCSE";-73;1172554641
00:60:B3:80:AF:DC;EE";-80;1172554641
00:0F:34:9D:06:80;UniversityOfWashingtonCSE";-80;1172554641
00:0F:24:DE:11:40;UniversityOfWashingtonCSE";-80;1172554641
00:0F:34:9D:02:00;UniversityOfWashingtonCSE";-76;1172554642
00:0F:34:9D:02:20;UniversityOfWashingtonCSE";-55;1172554642
00:0F:24:DC:B7:B0;UniversityOfWashingtonCSE";-51;1172554642
00:0F:24:DE:10:B0;UniversityOfWashingtonCSE";-40;1172554642
00:0F:24:DE:11:50;UniversityOfWashingtonCSE";-79;1172554643
00:0F:24:DC:B7:A0;UniversityOfWashingtonCSE";-55;1172554643
00:60:B3:8C:33:45;EE";-67;1172554643
00:0F:34:9D:06:30;UniversityOfWashingtonCSE";-64;1172554643
00:0F:34:9C:FE:70;UniversityOfWashingtonCSE";-74;1172554643
00:60:B3:80:AF:DC;EE";-80;1172554643
00:0F:34:9D:06:80;UniversityOfWashingtonCSE";-81;1172554643
00:0F:24:DE:11:40;UniversityOfWashingtonCSE";-80;1172554643
00:0F:34:9D:02:00;UniversityOfWashingtonCSE";-76;1172554644
00:0F:34:9D:02:20;UniversityOfWashingtonCSE";-55;1172554644
00:0F:24:DC:B7:B0;UniversityOfWashingtonCSE";-49;1172554644
00:0F:24:DE:10:B0;UniversityOfWashingtonCSE";-40;1172554644
00:0F:24:DE:11:50;UniversityOfWashingtonCSE";-79;1172554644
00:0F:24:DC:B7:A0;UniversityOfWashingtonCSE";-55;1172554644
00:60:B3:8C:33:45;EE";-64;1172554644
00:0F:34:9D:06:30;UniversityOfWashingtonCSE";-64;1172554644
00:0F:34:9C:FE:70;UniversityOfWashingtonCSE";-74;1172554645
00:60:B3:80:AF:DC;EE";-80;1172554645
00:0F:34:9D:06:80;UniversityOfWashingtonCSE";-81;1172554645
00:0F:24:DE:11:40;UniversityOfWashingtonCSE";-80;1172554645
00:0F:34:9D:02:00;UniversityOfWashingtonCSE";-76;1172554646
00:0F:34:9D:02:20;UniversityOfWashingtonCSE";-55;1172554646
00:0F:24:DC:B7:B0;UniversityOfWashingtonCSE";-47;1172554646
00:0F:24:DE:10:B0;UniversityOfWashingtonCSE";-38;1172554646
00:0F:24:DE:11:50;UniversityOfWashingtonCSE";-79;1172554646
00:0F:24:DC:B7:A0;UniversityOfWashingtonCSE";-61;1172554646
00:60:B3:8C:33:45;EE";-65;1172554646
00:0F:34:9D:06:30;UniversityOfWashingtonCSE";-64;1172554646
00:0F:34:9C:FE:70;UniversityOfWashingtonCSE";-74;1172554646
00:60:B3:80:AF:DC;EE";-80;1172554646
00:0F:34:9D:06:80;UniversityOfWashingtonCSE";-81;1172554646
00:0F:24:DE:11:40;UniversityOfWashingtonCSE";-80;1172554646
00:0F:34:9D:02:00;UniversityOfWashingtonCSE";-76;1172554647
00:0F:34:9D:02:20;UniversityOfWashingtonCSE";-55;1172554647
00:0F:24:DC:B7:B0;UniversityOfWashingtonCSE";-49;1172554647
00:0F:24:DE:10:B0;UniversityOfWashingtonCSE";-37;1172554648
00:0F:24:DE:11:50;UniversityOfWashingtonCSE";-79;1172554648
00:0F:24:DC:B7:A0;UniversityOfWashingtonCSE";-53;1172554648
00:60:B3:8C:33:45;EE";-65;1172554648
00:0F:34:9D:06:30;UniversityOfWashingtonCSE";-63;1172554648
00:0F:34:9C:FE:70;UniversityOfWashingtonCSE";-72;1172554648
00:60:B3:80:AF:DC;EE";-80;1172554648
00:0F:34:9D:06:80;UniversityOfWashingtonCSE";-81;1172554648
00:0F:24:DE:11:40;UniversityOfWashingtonCSE";-80;1172554648
00:0F:34:9D:02:00;UniversityOfWashingtonCSE";-76;1172554649
00:0F:34:9D:02:20;UniversityOfWashingtonCSE";-56;1172554649
00:0F:24:DC:B7:B0;UniversityOfWashingtonCSE";-49;1172554649
00:0F:24:DE:10:B0;UniversityOfWashingtonCSE";-40;1172554649
00:0F:24:DE:11:50;UniversityOfWashingtonCSE";-79;1172554649
00:0F:24:DC:B7:A0;UniversityOfWashingtonCSE";-55;1172554649
00:60:B3:8C:33:45;EE";-70;1172554649
00:0F:34:9D:06:30;UniversityOfWashingtonCSE";-63;1172554649
00:0F:34:9C:FE:70;UniversityOfWashingtonCSE";-72;1172554650
00:60:B3:80:AF:DC;EE";-80;1172554650
00:0F:34:9D:06:80;UniversityOfWashingtonCSE";-81;1172554650
00:0F:24:DE:11:40;UniversityOfWashingtonCSE";-80;1172554650
00:0F:34:9D:02:00;UniversityOfWashingtonCSE";-76;1172554651
00:0F:34:9D:02:20;UniversityOfWashingtonCSE";-56;1172554651
00:0F:24:DC:B7:B0;UniversityOfWashingtonCSE";-49;1172554651
00:0F:24:DE:10:B0;UniversityOfWashingtonCSE";-40;1172554651
00:0F:24:DE:11:50;UniversityOfWashingtonCSE";-79;1172554651
00:0F:24:DC:B7:A0;UniversityOfWashingtonCSE";-55;1172554651
00:60:B3:8C:33:45;EE";-70;1172554651
00:0F:34:9D:06:30;UniversityOfWashingtonCSE";-63;1172554651
00:0F:34:9C:FE:70;UniversityOfWashingtonCSE";-72;1172554651
00:60:B3:80:AF:DC;EE";-80;1172554651
00:0F:34:9D:06:80;UniversityOfWashingtonCSE";-81;1172554651
00:0F:24:DE:11:40;UniversityOfWashingtonCSE";-80;1172554651
00:0F:34:9D:02:00;UniversityOfWashingtonCSE";-76;1172554652
00:0F:34:9D:02:20;UniversityOfWashingtonCSE";-56;1172554652
00:0F:24:DC:B7:B0;UniversityOfWashingtonCSE";-49;1172554653
00:0F:24:DE:10:B0;UniversityOfWashingtonCSE";-40;1172554653
00:0F:24:DE:11:50;UniversityOfWashingtonCSE";-79;1172554653
00:0F:24:DC:B7:A0;UniversityOfWashingtonCSE";-71;1172554653
00:60:B3:8C:33:45;EE";-66;1172554653
00:0F:34:9D:06:30;UniversityOfWashingtonCSE";-65;1172554653
00:0F:34:9C:FE:70;UniversityOfWashingtonCSE";-72;1172554653
00:60:B3:80:AF:DC;EE";-80;1172554653
00:0F:34:9D:06:80;UniversityOfWashingtonCSE";-81;1172554653
00:0F:24:DE:11:40;UniversityOfWashingtonCSE";-80;1172554653
00:0F:34:9D:02:00;UniversityOfWashingtonCSE";-76;1172554654
00:0F:34:9D:02:20;UniversityOfWashingtonCSE";-57;1172554654
00:0F:24:DC:B7:B0;UniversityOfWashingtonCSE";-49;1172554654
00:0F:24:DE:10:B0;UniversityOfWashingtonCSE";-40;1172554654
00:0F:24:DE:11:50;UniversityOfWashingtonCSE";-79;1172554654
00:0F:24:DC:B7:A0;UniversityOfWashingtonCSE";-71;1172554654
00:60:B3:8C:33:45;EE";-68;1172554654
00:0F:34:9D:06:30;UniversityOfWashingtonCSE";-65;1172554655
00:0F:34:9C:FE:70;UniversityOfWashingtonCSE";-72;1172554655
00:0F:34:9D:06:80;UniversityOfWashingtonCSE";-81;1172554655
00:0F:24:DE:11:40;UniversityOfWashingtonCSE";-80;1172554655
00:0F:34:9D:02:00;UniversityOfWashingtonCSE";-76;1172554656
00:0F:34:9D:02:20;UniversityOfWashingtonCSE";-57;1172554656
00:0F:24:DC:B7:B0;UniversityOfWashingtonCSE";-48;1172554656
00:0F:24:DE:10:B0;UniversityOfWashingtonCSE";-39;1172554656
00:0F:24:DE:11:50;UniversityOfWashingtonCSE";-79;1172554656
00:0F:24:DC:B7:A0;UniversityOfWashingtonCSE";-60;1172554656
00:60:B3:8C:33:45;EE";-68;1172554656
00:0F:34:9D:06:30;UniversityOfWashingtonCSE";-65;1172554656
00:0F:34:9C:FE:70;UniversityOfWashingtonCSE";-72;1172554656
00:60:B3:80:AF:DC;EE";-78;1172554656
00:0F:34:9D:06:80;UniversityOfWashingtonCSE";-81;1172554656
00:0F:24:DE:11:40;UniversityOfWashingtonCSE";-80;1172554656
00:0F:34:9D:02:00;UniversityOfWashingtonCSE";-76;1172554657
00:0F:34:9D:02:20;UniversityOfWashingtonCSE";-56;1172554657
00:0F:24:DC:B7:B0;UniversityOfWashingtonCSE";-49;1172554657
00:0F:24:DE:10:B0;UniversityOfWashingtonCSE";-39;1172554658
00:0F:24:DE:11:50;UniversityOfWashingtonCSE";-79;1172554658
00:0F:24:DC:B7:A0;UniversityOfWashingtonCSE";-54;1172554658
00:60:B3:8C:33:45;EE";-72;1172554658
00:0F:34:9D:06:30;UniversityOfWashingtonCSE";-66;1172554658
00:0F:34:9C:FE:70;UniversityOfWashingtonCSE";-72;1172554658
00:60:B3:80:AF:DC;EE";-78;1172554658
00:0F:34:9D:06:80;UniversityOfWashingtonCSE";-81;1172554658
00:0F:34:9D:02:00;UniversityOfWashingtonCSE";-76;1172554659
00:0F:34:9D:02:20;UniversityOfWashingtonCSE";-57;1172554659
00:0F:24:DC:B7:B0;UniversityOfWashingtonCSE";-49;1172554659
00:0F:24:DE:10:B0;UniversityOfWashingtonCSE";-40;1172554659
00:0F:24:DE:11:50;UniversityOfWashingtonCSE";-79;1172554659
00:0F:24:DC:B7:A0;UniversityOfWashingtonCSE";-58;1172554659
00:60:B3:8C:33:45;EE";-68;1172554659
00:0F:34:9D:06:30;UniversityOfWashingtonCSE";-62;1172554659
00:0F:34:9C:FE:70;UniversityOfWashingtonCSE";-74;1172554659
00:60:B3:80:AF:DC;EE";-78;1172554660
00:0F:34:9D:06:80;UniversityOfWashingtonCSE";-81;1172554660
00:0F:24:DE:11:40;UniversityOfWashingtonCSE";-81;1172554660
00:0F:34:9D:02:00;UniversityOfWashingtonCSE";-76;1172554661
00:0F:34:9D:02:20;UniversityOfWashingtonCSE";-55;1172554661
00:0F:24:DC:B7:B0;UniversityOfWashingtonCSE";-50;1172554661
00:0F:24:DE:10:B0;UniversityOfWashingtonCSE";-39;1172554661
00:0F:24:DE:11:50;UniversityOfWashingtonCSE";-79;1172554661
00:0F:24:DC:B7:A0;UniversityOfWashingtonCSE";-58;1172554661
00:60:B3:8C:33:45;EE";-72;1172554661
00:0F:34:9D:06:30;UniversityOfWashingtonCSE";-62;1172554661
00:0F:34:9C:FE:70;UniversityOfWashingtonCSE";-74;1172554661
00:60:B3:80:AF:DC;EE";-78;1172554661
00:0F:34:9D:06:80;UniversityOfWashingtonCSE";-81;1172554661
00:0F:24:DE:11:40;UniversityOfWashingtonCSE";-81;1172554661
00:0F:34:9D:02:00;UniversityOfWashingtonCSE";-76;1172554662
00:0F:34:9D:02:20;UniversityOfWashingtonCSE";-55;1172554662
00:0F:24:DC:B7:B0;UniversityOfWashingtonCSE";-49;1172554662
00:0F:24:DE:10:B0;UniversityOfWashingtonCSE";-38;1172554663
00:0F:24:DE:11:50;UniversityOfWashingtonCSE";-79;1172554663
00:0F:24:DC:B7:A0;UniversityOfWashingtonCSE";-62;1172554663
00:60:B3:8C:33:45;EE";-68;1172554663
00:0F:34:9D:06:30;UniversityOfWashingtonCSE";-66;1172554663
00:0F:34:9C:FE:70;UniversityOfWashingtonCSE";-74;1172554663
00:60:B3:80:AF:DC;EE";-78;1172554663
00:0F:24:DE:11:40;UniversityOfWashingtonCSE";-81;1172554663
00:0F:34:9D:02:00;UniversityOfWashingtonCSE";-76;1172554664
00:0F:34:9D:02:20;UniversityOfWashingtonCSE";-56;1172554664
00:0F:24:DC:B7:B0;UniversityOfWashingtonCSE";-49;1172554664
00:0F:24:DE:10:B0;UniversityOfWashingtonCSE";-37;1172554664
00:0F:24:DE:11:50;UniversityOfWashingtonCSE";-79;1172554664
00:0F:24:DC:B7:A0;UniversityOfWashingtonCSE";-62;1172554664
00:60:B3:8C:33:45;EE";-66;1172554664
00:0F:34:9D:06:30;UniversityOfWashingtonCSE";-66;1172554664
00:0F:34:9C:FE:70;UniversityOfWashingtonCSE";-74;1172554664
00:60:B3:80:AF:DC;EE";-78;1172554665
00:0F:24:DE:11:40;UniversityOfWashingtonCSE";-81;1172554665
00:0F:34:9D:02:00;UniversityOfWashingtonCSE";-76;1172554666
00:0F:34:9D:02:20;UniversityOfWashingtonCSE";-56;1172554666
00:0F:24:DC:B7:B0;UniversityOfWashingtonCSE";-49;1172554666
00:0F:24:DE:10:B0;UniversityOfWashingtonCSE";-37;1172554666
00:0F:24:DE:11:50;UniversityOfWashingtonCSE";-79;1172554666
00:0F:24:DC:B7:A0;UniversityOfWashingtonCSE";-61;1172554666
00:60:B3:8C:33:45;EE";-65;1172554666
00:0F:34:9D:06:30;UniversityOfWashingtonCSE";-66;1172554666
00:0F:34:9C:FE:70;UniversityOfWashingtonCSE";-74;1172554666
00:60:B3:80:AF:DC;EE";-78;1172554666
00:0F:24:DE:11:40;UniversityOfWashingtonCSE";-81;1172554666
00:0F:34:9D:02:00;UniversityOfWashingtonCSE";-76;1172554667
00:0F:34:9D:02:20;UniversityOfWashingtonCSE";-55;1172554667
00:0F:24:DC:B7:B0;UniversityOfWashingtonCSE";-50;1172554667
00:0F:24:DE:10:B0;UniversityOfWashingtonCSE";-37;1172554667
00:0F:24:DE:11:50;UniversityOfWashingtonCSE";-79;1172554667
00:0F:24:DC:B7:A0;UniversityOfWashingtonCSE";-61;1172554667
00:60:B3:8C:33:45;EE";-65;1172554668
00:0F:34:9D:06:30;UniversityOfWashingtonCSE";-66;1172554668
00:0F:34:9C:FE:70;UniversityOfWashingtonCSE";-74;1172554668
00:60:B3:80:AF:DC;EE";-78;1172554668
00:0F:24:DE:11:40;UniversityOfWashingtonCSE";-81;1172554668
00:0F:34:9D:02:00;UniversityOfWashingtonCSE";-76;1172554669
00:0F:34:9D:02:20;UniversityOfWashingtonCSE";-55;1172554669
00:0F:24:DC:B7:B0;UniversityOfWashingtonCSE";-50;1172554669
00:0F:24:DE:10:B0;UniversityOfWashingtonCSE";-38;1172554669
00:0F:24:DE:11:50;UniversityOfWashingtonCSE";-79;1172554669
00:0F:24:DC:B7:A0;UniversityOfWashingtonCSE";-61;1172554669
00:60:B3:8C:33:45;EE";-65;1172554669
00:0F:34:9D:06:30;UniversityOfWashingtonCSE";-66;1172554669
00:0F:34:9C:FE:70;UniversityOfWashingtonCSE";-74;1172554669
00:60:B3:80:AF:DC;EE";-78;1172554669
00:0F:24:DE:11:40;UniversityOfWashingtonCSE";-81;1172554669
00:0F:34:9D:02:00;UniversityOfWashingtonCSE";-76;1172554670
00:0F:34:9D:02:20;UniversityOfWashingtonCSE";-55;1172554670
00:0F:24:DC:B7:B0;UniversityOfWashingtonCSE";-50;1172554670
00:0F:24:DE:10:B0;UniversityOfWashingtonCSE";-38;1172554671
00:0F:24:DE:11:50;UniversityOfWashingtonCSE";-79;1172554671
00:0F:24:DC:B7:A0;UniversityOfWashingtonCSE";-55;1172554671
00:60:B3:8C:33:45;EE";-66;1172554671
00:0F:34:9D:06:30;UniversityOfWashingtonCSE";-64;1172554671
00:0F:34:9C:FE:70;UniversityOfWashingtonCSE";-74;1172554671
00:60:B3:80:AF:DC;EE";-78;1172554671
00:0F:24:DE:11:40;UniversityOfWashingtonCSE";-81;1172554671
00:0F:34:9D:02:00;UniversityOfWashingtonCSE";-75;1172554672
00:0F:34:9D:02:20;UniversityOfWashingtonCSE";-55;1172554672
00:0F:24:DC:B7:B0;UniversityOfWashingtonCSE";-49;1172554672
00:0F:24:DE:10:B0;UniversityOfWashingtonCSE";-40;1172554672
00:0F:24:DE:11:50;UniversityOfWashingtonCSE";-79;1172554672
00:0F:24:DC:B7:A0;UniversityOfWashingtonCSE";-55;1172554672
00:60:B3:8C:33:45;EE";-67;1172554672
00:0F:34:9D:06:30;UniversityOfWashingtonCSE";-64;1172554672
00:0F:34:9C:FE:70;UniversityOfWashingtonCSE";-74;1172554672
00:0F:24:DE:11:40;UniversityOfWashingtonCSE";-81;1172554673
00:0F:34:9D:02:00;UniversityOfWashingtonCSE";-75;1172554674
00:0F:34:9D:02:20;UniversityOfWashingtonCSE";-54;1172554674
00:0F:24:DC:B7:B0;UniversityOfWashingtonCSE";-49;1172554674
00:0F:24:DE:10:B0;UniversityOfWashingtonCSE";-40;1172554674
00:0F:24:DE:11:50;UniversityOfWashingtonCSE";-79;1172554674
00:0F:24:DC:B7:A0;UniversityOfWashingtonCSE";-62;1172554674
00:60:B3:8C:33:45;EE";-67;1172554674
00:0F:34:9D:06:30;UniversityOfWashingtonCSE";-64;1172554674
00:0F:34:9C:FE:70;UniversityOfWashingtonCSE";-74;1172554674
00:0F:24:DE:11:40;UniversityOfWashingtonCSE";-81;1172554674
00:0F:34:9D:02:00;UniversityOfWashingtonCSE";-75;1172554675
00:0F:34:9D:02:20;UniversityOfWashingtonCSE";-54;1172554675
00:0F:24:DC:B7:B0;UniversityOfWashingtonCSE";-49;1172554675
00:0F:24:DE:10:B0;UniversityOfWashingtonCSE";-40;1172554675
00:0F:24:DE:11:50;UniversityOfWashingtonCSE";-79;1172554675
00:0F:24:DC:B7:A0;UniversityOfWashingtonCSE";-56;1172554675
00:60:B3:8C:33:45;EE";-67;1172554675
00:0F:34:9D:06:30;UniversityOfWashingtonCSE";-60;1172554676
00:0F:34:9C:FE:70;UniversityOfWashingtonCSE";-74;1172554676
00:60:B3:80:AF:DC;EE";-77;1172554676
00:0F:34:9D:02:00;UniversityOfWashingtonCSE";-75;1172554677
00:0F:34:9D:02:20;UniversityOfWashingtonCSE";-55;1172554677
00:0F:24:DC:B7:B0;UniversityOfWashingtonCSE";-51;1172554677
00:0F:24:DE:10:B0;UniversityOfWashingtonCSE";-40;1172554677
00:0F:24:DE:11:50;UniversityOfWashingtonCSE";-79;1172554677
00:0F:24:DC:B7:A0;UniversityOfWashingtonCSE";-56;1172554677
00:60:B3:8C:33:45;EE";-71;1172554677
00:0F:34:9D:06:30;UniversityOfWashingtonCSE";-60;1172554677
00:60:B3:80:AF:DC;EE";-77;1172554677
00:0F:34:9D:02:00;UniversityOfWashingtonCSE";-75;1172554678
00:0F:34:9D:02:20;UniversityOfWashingtonCSE";-54;1172554678
00:0F:24:DC:B7:B0;UniversityOfWashingtonCSE";-50;1172554678
00:0F:24:DE:10:B0;UniversityOfWashingtonCSE";-38;1172554678
00:0F:24:DE:11:50;UniversityOfWashingtonCSE";-79;1172554678
00:0F:24:DC:B7:A0;UniversityOfWashingtonCSE";-60;1172554678
00:60:B3:8C:33:45;EE";-70;1172554678
00:0F:34:9D:06:30;UniversityOfWashingtonCSE";-61;1172554679
00:0F:34:9C:FE:70;UniversityOfWashingtonCSE";-74;1172554679
00:60:B3:80:AF:DC;EE";-77;1172554679
00:0F:34:9D:02:00;UniversityOfWashingtonCSE";-75;1172554680
00:0F:34:9D:02:20;UniversityOfWashingtonCSE";-55;1172554680
00:0F:24:DC:B7:B0;UniversityOfWashingtonCSE";-49;1172554680
00:0F:24:DE:10:B0;UniversityOfWashingtonCSE";-39;1172554680
00:0F:24:DE:11:50;UniversityOfWashingtonCSE";-79;1172554680
00:0F:24:DC:B7:A0;UniversityOfWashingtonCSE";-57;1172554680
00:60:B3:8C:33:45;EE";-73;1172554680
00:0F:34:9D:06:30;UniversityOfWashingtonCSE";-65;1172554680
00:0F:34:9C:FE:70;UniversityOfWashingtonCSE";-74;1172554680
00:60:B3:80:AF:DC;EE";-77;1172554680
00:0F:34:9D:02:00;UniversityOfWashingtonCSE";-75;1172554681
00:0F:34:9D:02:20;UniversityOfWashingtonCSE";-55;1172554681
00:0F:24:DC:B7:B0;UniversityOfWashingtonCSE";-49;1172554681
00:0F:24:DE:10:B0;UniversityOfWashingtonCSE";-37;1172554681
00:0F:24:DE:11:50;UniversityOfWashingtonCSE";-79;1172554681
00:0F:24:DC:B7:A0;UniversityOfWashingtonCSE";-61;1172554682
00:60:B3:8C:33:45;EE";-61;1172554682
00:0F:34:9D:06:30;UniversityOfWashingtonCSE";-60;1172554682
00:0F:34:9C:FE:70;UniversityOfWashingtonCSE";-74;1172554682
00:60:B3:80:AF:DC;EE";-77;1172554682
00:0F:34:9D:02:00;UniversityOfWashingtonCSE";-75;1172554683
00:0F:34:9D:02:20;UniversityOfWashingtonCSE";-55;1172554683
00:0F:24:DC:B7:B0;UniversityOfWashingtonCSE";-51;1172554683
00:0F:24:DE:10:B0;UniversityOfWashingtonCSE";-37;1172554683
00:0F:24:DE:11:50;UniversityOfWashingtonCSE";-79;1172554683
00:0F:24:DC:B7:A0;UniversityOfWashingtonCSE";-61;1172554683
00:60:B3:8C:33:45;EE";-61;1172554683
00:0F:34:9D:06:30;UniversityOfWashingtonCSE";-60;1172554683
00:0F:34:9C:FE:70;UniversityOfWashingtonCSE";-74;1172554683
00:60:B3:80:AF:DC;EE";-77;1172554683
00:0F:34:9D:02:00;UniversityOfWashingtonCSE";-75;1172554684
00:0F:34:9D:02:20;UniversityOfWashingtonCSE";-55;1172554684
00:0F:24:DC:B7:B0;UniversityOfWashingtonCSE";-51;1172554684
00:0F:24:DE:10:B0;UniversityOfWashingtonCSE";-37;1172554685
00:0F:24:DE:11:50;UniversityOfWashingtonCSE";-79;1172554685
00:0F:24:DC:B7:A0;UniversityOfWashingtonCSE";-55;1172554685
00:60:B3:8C:33:45;EE";-64;1172554685
00:0F:34:9D:06:30;UniversityOfWashingtonCSE";-59;1172554685
00:0F:34:9C:FE:70;UniversityOfWashingtonCSE";-74;1172554685
00:60:B3:80:AF:DC;EE";-77;1172554685
00:0F:34:9D:02:00;UniversityOfWashingtonCSE";-75;1172554686
00:0F:34:9D:02:20;UniversityOfWashingtonCSE";-55;1172554686
00:0F:24:DC:B7:B0;UniversityOfWashingtonCSE";-50;1172554686
00:0F:24:DE:10:B0;UniversityOfWashingtonCSE";-37;1172554686
00:0F:24:DE:11:50;UniversityOfWashingtonCSE";-79;1172554686
00:0F:24:DC:B7:A0;UniversityOfWashingtonCSE";-57;1172554686
00:60:B3:8C:33:45;EE";-73;1172554686
00:0F:34:9D:06:30;UniversityOfWashingtonCSE";-60;1172554686
00:0F:34:9C:FE:70;UniversityOfWashingtonCSE";-73;1172554686
00:60:B3:80:AF:DC;EE";-75;1172554686
00:0F:34:9D:02:00;UniversityOfWashingtonCSE";-77;1172554687
00:0F:34:9D:02:20;UniversityOfWashingtonCSE";-58;1172554687
00:0F:24:DC:B7:B0;UniversityOfWashingtonCSE";-52;1172554688
00:0F:24:DE:10:B0;UniversityOfWashingtonCSE";-37;1172554688
00:0F:24:DE:11:50;UniversityOfWashingtonCSE";-79;1172554688
00:0F:24:DC:B7:A0;UniversityOfWashingtonCSE";-57;1172554688
00:60:B3:8C:33:45;EE";-73;1172554688
00:0F:34:9D:06:30;UniversityOfWashingtonCSE";-60;1172554688
00:0F:34:9C:FE:70;UniversityOfWashingtonCSE";-73;1172554688
00:60:B3:80:AF:DC;EE";-75;1172554688
00:0F:34:9D:02:00;UniversityOfWashingtonCSE";-77;1172554689
00:0F:34:9D:02:20;UniversityOfWashingtonCSE";-58;1172554689
00:0F:24:DC:B7:B0;UniversityOfWashingtonCSE";-52;1172554689
00:0F:24:DE:10:B0;UniversityOfWashingtonCSE";-36;1172554689
00:0F:24:DE:11:50;UniversityOfWashingtonCSE";-79;1172554689
00:0F:24:DC:B7:A0;UniversityOfWashingtonCSE";-57;1172554689
00:60:B3:8C:33:45;EE";-74;1172554689
00:0F:34:9D:06:30;UniversityOfWashingtonCSE";-60;1172554689
00:0F:34:9C:FE:70;UniversityOfWashingtonCSE";-73;1172554689
00:60:B3:80:AF:DC;EE";-75;1172554690
00:0F:34:9D:02:00;UniversityOfWashingtonCSE";-77;1172554690
00:0F:34:9D:02:20;UniversityOfWashingtonCSE";-58;1172554691
00:0F:24:DC:B7:B0;UniversityOfWashingtonCSE";-52;1172554691
00:0F:24:DE:10:B0;UniversityOfWashingtonCSE";-38;1172554691
00:0F:24:DE:11:50;UniversityOfWashingtonCSE";-79;1172554691
00:0F:24:DC:B7:A0;UniversityOfWashingtonCSE";-58;1172554691
00:60:B3:8C:33:45;EE";-60;1172554691
00:0F:34:9D:06:30;UniversityOfWashingtonCSE";-65;1172554691
00:0F:34:9C:FE:70;UniversityOfWashingtonCSE";-73;1172554691
00:60:B3:80:AF:DC;EE";-75;1172554691
00:0F:34:9D:02:00;UniversityOfWashingtonCSE";-77;1172554692
00:0F:34:9D:02:20;UniversityOfWashingtonCSE";-57;1172554692
00:0F:24:DC:B7:B0;UniversityOfWashingtonCSE";-52;1172554692
00:0F:24:DE:10:B0;UniversityOfWashingtonCSE";-38;1172554692
00:0F:24:DE:11:50;UniversityOfWashingtonCSE";-79;1172554692
00:0F:24:DC:B7:A0;UniversityOfWashingtonCSE";-58;1172554692
00:60:B3:8C:33:45;EE";-68;1172554692
00:0F:34:9D:06:30;UniversityOfWashingtonCSE";-65;1172554692
00:0F:34:9C:FE:70;UniversityOfWashingtonCSE";-73;1172554693
00:60:B3:80:AF:DC;EE";-74;1172554693
00:0F:34:9D:02:00;UniversityOfWashingtonCSE";-76;1172554694
00:0F:34:9D:02:20;UniversityOfWashingtonCSE";-54;1172554694
00:0F:24:DC:B7:B0;UniversityOfWashingtonCSE";-48;1172554694
00:0F:24:DE:10:B0;UniversityOfWashingtonCSE";-38;1172554694
00:0F:24:DE:11:50;UniversityOfWashingtonCSE";-79;1172554694
00:0F:24:DC:B7:A0;UniversityOfWashingtonCSE";-60;1172554694
00:60:B3:8C:33:45;EE";-62;1172554694
00:0F:34:9D:06:30;UniversityOfWashingtonCSE";-64;1172554694
00:0F:34:9C:FE:70;UniversityOfWashingtonCSE";-73;1172554694
00:60:B3:80:AF:DC;EE";-74;1172554694
00:0F:34:9D:02:00;UniversityOfWashingtonCSE";-76;1172554695
00:0F:34:9D:02:20;UniversityOfWashingtonCSE";-57;1172554695
00:0F:24:DC:B7:B0;UniversityOfWashingtonCSE";-50;1172554695
00:0F:24:DE:10:B0;UniversityOfWashingtonCSE";-38;1172554695
00:0F:24:DE:11:50;UniversityOfWashingtonCSE";-79;1172554695
00:0F:24:DC:B7:A0;UniversityOfWashingtonCSE";-60;1172554695
00:60:B3:8C:33:45;EE";-62;1172554696
00:0F:34:9D:06:30;UniversityOfWashingtonCSE";-62;1172554696
00:0F:34:9C:FE:70;UniversityOfWashingtonCSE";-73;1172554696
00:60:B3:80:AF:DC;EE";-74;1172554696
00:0F:34:9D:02:00;UniversityOfWashingtonCSE";-76;1172554697
00:0F:34:9D:02:20;UniversityOfWashingtonCSE";-58;1172554697
00:0F:24:DC:B7:B0;UniversityOfWashingtonCSE";-50;1172554697
00:0F:24:DE:10:B0;UniversityOfWashingtonCSE";-38;1172554697
00:0F:24:DE:11:50;UniversityOfWashingtonCSE";-79;1172554697
00:0F:24:DC:B7:A0;UniversityOfWashingtonCSE";-61;1172554697
00:60:B3:8C:33:45;EE";-66;1172554697
00:0F:34:9D:06:30;UniversityOfWashingtonCSE";-65;1172554697
00:0F:34:9C:FE:70;UniversityOfWashingtonCSE";-73;1172554697
00:60:B3:80:AF:DC;EE";-74;1172554697
00:0F:34:9D:02:00;UniversityOfWashingtonCSE";-76;1172554698
00:0F:34:9D:02:20;UniversityOfWashingtonCSE";-54;1172554698
00:0F:24:DC:B7:B0;UniversityOfWashingtonCSE";-49;1172554698
00:0F:24:DE:10:B0;UniversityOfWashingtonCSE";-39;1172554698
00:0F:24:DE:11:50;UniversityOfWashingtonCSE";-79;1172554698
00:0F:24:DC:B7:A0;UniversityOfWashingtonCSE";-61;1172554699
00:60:B3:8C:33:45;EE";-61;1172554699
00:0F:34:9D:06:30;UniversityOfWashingtonCSE";-65;1172554699
00:0F:34:9C:FE:70;UniversityOfWashingtonCSE";-73;1172554699
00:60:B3:80:AF:DC;EE";-74;1172554699
00:0F:34:9D:02:00;UniversityOfWashingtonCSE";-76;1172554700
00:0F:34:9D:02:20;UniversityOfWashingtonCSE";-55;1172554700
00:0F:24:DC:B7:B0;UniversityOfWashingtonCSE";-50;1172554700
00:0F:24:DE:10:B0;UniversityOfWashingtonCSE";-40;1172554700
00:0F:24:DE:11:50;UniversityOfWashingtonCSE";-79;1172554700
00:0F:24:DC:B7:A0;UniversityOfWashingtonCSE";-55;1172554700
00:60:B3:8C:33:45;EE";-65;1172554700
00:0F:34:9D:06:30;UniversityOfWashingtonCSE";-61;1172554700
00:0F:34:9C:FE:70;UniversityOfWashingtonCSE";-73;1172554700
00:60:B3:80:AF:DC;EE";-74;1172554700
