00:0F:B5:A2:12:70;Bagend";-82;1172002736
00:13:10:79:A2:35;llhn";-79;1172002736
00:0F:B3:33:B5:57;Spirit";-79;1172002736
00:18:84:14:4D:79;FON_AP";-83;1172002736
00:14:95:86:DC:E9;<hidden>";-78;1172002736
00:0F:B3:34:03:BD;SPGRILL";-71;1172002736
00:0F:B5:AC:90:02;NETGEAR";-80;1172002736
00:14:6C:21:FF:02;NETGEAR";-78;1172002736
00:09:5B:6E:53:E0;<hidden>";-77;1172002736
00:0C:41:F5:7C:5A;WSC";-79;1172002736
00:06:25:FE:9A:41;7231";-80;1172002736
4E:2E:9C:4D:20:CE;hpsetup";-77;1172002736
00:02:B3:BA:6F:4B;Kempf";-75;1172002736
00:13:46:F1:8B:F0;Navin Network";-78;1172002736
00:18:39:82:3D:9C;linksys";-77;1172002736
00:0F:66:B9:89:BD;WRE";-77;1172002736
00:06:25:61:43:64;B403";-73;1172002736
00:18:84:14:4D:7A;Placebo";-82;1172002736
00:12:25:55:BC:14;Church of Gormanism";-72;1172002736
00:14:BF:6D:30:06;4705";-76;1172002736
00:14:51:70:B0:77;Apple Network 70b077";-84;1172002736
00:13:10:9B:14:8D;linksys";-81;1172002736
00:11:24:AA:D1:BB;sfnet3";-83;1172002736
00:15:05:36:F4:23;ACTIONTEC";-83;1172002736
00:18:39:D9:04:0A;Wireless Meat";-83;1172002736
00:09:5B:9B:22:4A;NETGEAR";-77;1172002736
00:50:18:45:82:18;IOGEAR-G";-79;1172002736
EE:D1:95:88:2B:FC;HealingHouse";-79;1172002736
00:15:05:1D:22:AF;ACTIONTEC";-75;1172002736
00:0D:0B:FD:90:49;HomeNet";-82;1172002736
00:0F:B5:A2:12:70;Bagend";-82;1172002738
00:13:10:79:A2:35;llhn";-74;1172002738
00:0F:B3:33:B5:57;Spirit";-79;1172002738
00:18:84:14:4D:79;FON_AP";-83;1172002738
00:14:95:86:DC:E9;<hidden>";-78;1172002738
00:0F:B3:34:03:BD;SPGRILL";-71;1172002738
00:0F:B5:AC:90:02;NETGEAR";-80;1172002738
00:14:6C:21:FF:02;NETGEAR";-78;1172002738
00:09:5B:6E:53:E0;<hidden>";-77;1172002738
00:0C:41:F5:7C:5A;WSC";-79;1172002738
00:06:25:FE:9A:41;7231";-80;1172002738
4E:2E:9C:4D:20:CE;hpsetup";-77;1172002738
00:02:B3:BA:6F:4B;Kempf";-81;1172002738
00:13:46:F1:8B:F0;Navin Network";-78;1172002738
00:18:39:82:3D:9C;linksys";-77;1172002738
00:06:25:61:43:64;B403";-73;1172002738
00:18:84:14:4D:7A;Placebo";-82;1172002738
00:12:25:55:BC:14;Church of Gormanism";-70;1172002738
00:14:BF:6D:30:06;4705";-76;1172002738
00:14:51:70:B0:77;Apple Network 70b077";-84;1172002738
00:13:10:9B:14:8D;linksys";-81;1172002738
00:11:24:AA:D1:BB;sfnet3";-83;1172002738
00:15:05:36:F4:23;ACTIONTEC";-83;1172002738
00:18:39:D9:04:0A;Wireless Meat";-83;1172002738
00:09:5B:9B:22:4A;NETGEAR";-77;1172002738
00:50:18:45:82:18;IOGEAR-G";-79;1172002738
EE:D1:95:88:2B:FC;HealingHouse";-75;1172002738
00:15:05:1D:22:AF;ACTIONTEC";-75;1172002738
00:0D:0B:FD:90:49;HomeNet";-80;1172002738
00:18:39:EE:4E:F8;bilbo";-81;1172002738
00:18:39:E2:1C:F4;<hidden>";-83;1172002739
00:0F:B5:A2:12:70;Bagend";-76;1172002739
00:13:10:79:A2:35;llhn";-73;1172002739
00:0F:B3:33:B5:57;Spirit";-79;1172002739
00:18:84:14:4D:79;FON_AP";-83;1172002739
00:14:95:86:DC:E9;<hidden>";-78;1172002739
00:0F:B3:34:03:BD;SPGRILL";-71;1172002739
00:0F:B5:AC:90:02;NETGEAR";-80;1172002739
00:14:6C:21:FF:02;NETGEAR";-78;1172002739
00:09:5B:6E:53:E0;<hidden>";-77;1172002739
00:0C:41:F5:7C:5A;WSC";-79;1172002739
00:06:25:FE:9A:41;7231";-80;1172002739
4E:2E:9C:4D:20:CE;hpsetup";-77;1172002739
00:02:B3:BA:6F:4B;Kempf";-81;1172002739
00:13:46:F1:8B:F0;Navin Network";-78;1172002739
00:18:39:82:3D:9C;linksys";-77;1172002739
00:06:25:61:43:64;B403";-73;1172002739
00:18:84:14:4D:7A;Placebo";-82;1172002739
00:12:25:55:BC:14;Church of Gormanism";-78;1172002739
00:14:BF:6D:30:06;4705";-76;1172002739
00:14:51:70:B0:77;Apple Network 70b077";-84;1172002739
00:13:10:9B:14:8D;linksys";-81;1172002739
00:11:24:AA:D1:BB;sfnet3";-83;1172002739
00:15:05:36:F4:23;ACTIONTEC";-83;1172002739
00:18:39:D9:04:0A;Wireless Meat";-83;1172002739
00:09:5B:9B:22:4A;NETGEAR";-77;1172002739
00:50:18:45:82:18;IOGEAR-G";-79;1172002739
EE:D1:95:88:2B:FC;HealingHouse";-75;1172002739
00:15:05:1D:22:AF;ACTIONTEC";-75;1172002739
00:0D:0B:FD:90:49;HomeNet";-75;1172002739
00:18:39:EE:4E:F8;bilbo";-81;1172002739
00:13:10:ED:47:72;linksys";-77;1172002739
00:16:B6:E5:EF:8D;linksys";-74;1172002739
00:0C:41:B3:0D:2A;yhoni's comcrap";-80;1172002739
00:18:39:E2:1C:F4;<hidden>";-69;1172002740
00:0F:B5:A2:12:70;Bagend";-74;1172002740
00:13:10:79:A2:35;llhn";-72;1172002740
00:0F:B3:33:B5:57;Spirit";-79;1172002740
00:18:84:14:4D:79;FON_AP";-83;1172002740
00:14:95:86:DC:E9;<hidden>";-78;1172002740
00:0F:B3:34:03:BD;SPGRILL";-71;1172002740
00:0F:B5:AC:90:02;NETGEAR";-80;1172002740
00:09:5B:6E:53:E0;<hidden>";-77;1172002740
00:0C:41:F5:7C:5A;WSC";-79;1172002740
00:06:25:FE:9A:41;7231";-80;1172002740
00:02:B3:BA:6F:4B;Kempf";-80;1172002740
00:13:46:F1:8B:F0;Navin Network";-78;1172002740
00:18:39:82:3D:9C;linksys";-77;1172002740
00:06:25:61:43:64;B403";-73;1172002740
00:18:84:14:4D:7A;Placebo";-82;1172002740
00:12:25:55:BC:14;Church of Gormanism";-78;1172002740
00:14:BF:6D:30:06;4705";-76;1172002740
00:14:51:70:B0:77;Apple Network 70b077";-84;1172002740
00:13:10:9B:14:8D;linksys";-81;1172002740
00:11:24:AA:D1:BB;sfnet3";-83;1172002740
00:15:05:36:F4:23;ACTIONTEC";-83;1172002740
00:18:39:D9:04:0A;Wireless Meat";-83;1172002740
00:09:5B:9B:22:4A;NETGEAR";-77;1172002740
00:50:18:45:82:18;IOGEAR-G";-80;1172002740
EE:D1:95:88:2B:FC;HealingHouse";-75;1172002740
00:15:05:1D:22:AF;ACTIONTEC";-75;1172002740
00:0D:0B:FD:90:49;HomeNet";-82;1172002740
00:18:39:EE:4E:F8;bilbo";-81;1172002740
00:13:10:ED:47:72;linksys";-73;1172002740
00:16:B6:E5:EF:8D;linksys";-74;1172002740
00:0C:41:B3:0D:2A;yhoni's comcrap";-73;1172002740
00:18:39:E2:1C:F4;<hidden>";-74;1172002742
00:0F:B5:A2:12:70;Bagend";-66;1172002742
00:13:10:79:A2:35;llhn";-72;1172002742
00:0F:B3:33:B5:57;Spirit";-79;1172002742
00:18:84:14:4D:79;FON_AP";-83;1172002742
00:14:95:86:DC:E9;<hidden>";-78;1172002742
00:0F:B5:AC:90:02;NETGEAR";-80;1172002742
00:06:25:FE:9A:41;7231";-80;1172002742
00:02:B3:BA:6F:4B;Kempf";-80;1172002742
00:18:39:82:3D:9C;linksys";-77;1172002742
00:06:25:61:43:64;B403";-73;1172002742
00:18:84:14:4D:7A;Placebo";-82;1172002742
00:12:25:55:BC:14;Church of Gormanism";-78;1172002742
00:14:BF:6D:30:06;4705";-76;1172002742
00:14:51:70:B0:77;Apple Network 70b077";-84;1172002742
00:13:10:9B:14:8D;linksys";-81;1172002742
00:11:24:AA:D1:BB;sfnet3";-83;1172002742
00:15:05:36:F4:23;ACTIONTEC";-83;1172002742
00:18:39:D9:04:0A;Wireless Meat";-83;1172002742
00:09:5B:9B:22:4A;NETGEAR";-77;1172002742
00:50:18:45:82:18;IOGEAR-G";-80;1172002742
EE:D1:95:88:2B:FC;HealingHouse";-75;1172002742
00:15:05:1D:22:AF;ACTIONTEC";-75;1172002742
00:0D:0B:FD:90:49;HomeNet";-82;1172002742
00:18:39:EE:4E:F8;bilbo";-81;1172002742
00:13:10:ED:47:72;linksys";-81;1172002742
00:16:B6:E5:EF:8D;linksys";-74;1172002742
00:0C:41:B3:0D:2A;yhoni's comcrap";-75;1172002742
00:18:39:E2:1C:F4;<hidden>";-79;1172002743
00:13:10:90:F2:19;linksys";-70;1172002743
00:0F:B5:A2:12:70;Bagend";-61;1172002743
00:13:10:79:A2:35;llhn";-72;1172002743
00:0F:B3:33:B5:57;Spirit";-79;1172002743
00:18:84:14:4D:79;FON_AP";-83;1172002743
00:14:95:86:DC:E9;<hidden>";-78;1172002743
00:0F:B5:AC:90:02;NETGEAR";-80;1172002743
00:06:25:FE:9A:41;7231";-80;1172002743
00:02:B3:BA:6F:4B;Kempf";-80;1172002743
00:18:39:82:3D:9C;linksys";-77;1172002743
00:06:25:61:43:64;B403";-73;1172002743
00:18:84:14:4D:7A;Placebo";-82;1172002743
00:12:25:55:BC:14;Church of Gormanism";-78;1172002743
00:14:BF:6D:30:06;4705";-76;1172002743
00:14:51:70:B0:77;Apple Network 70b077";-84;1172002743
00:13:10:9B:14:8D;linksys";-81;1172002743
00:11:24:AA:D1:BB;sfnet3";-83;1172002743
00:15:05:36:F4:23;ACTIONTEC";-83;1172002743
00:18:39:D9:04:0A;Wireless Meat";-83;1172002743
00:09:5B:9B:22:4A;NETGEAR";-77;1172002743
00:50:18:45:82:18;IOGEAR-G";-80;1172002743
EE:D1:95:88:2B:FC;HealingHouse";-75;1172002743
00:15:05:1D:22:AF;ACTIONTEC";-75;1172002743
00:0D:0B:FD:90:49;HomeNet";-82;1172002743
00:18:39:EE:4E:F8;bilbo";-81;1172002743
00:13:10:ED:47:72;linksys";-81;1172002743
00:16:B6:E5:EF:8D;linksys";-74;1172002743
00:0C:41:B3:0D:2A;yhoni's comcrap";-77;1172002743
00:13:10:A2:1B:94;<hidden>";-83;1172002743
00:14:6C:D8:44:74;Sand Point House";-80;1172002743
00:18:39:E2:1C:F4;<hidden>";-64;1172002744
00:13:10:90:F2:19;linksys";-68;1172002744
00:0F:B5:A2:12:70;Bagend";-75;1172002744
00:13:10:79:A2:35;llhn";-72;1172002744
00:0F:B3:33:B5:57;Spirit";-79;1172002744
00:18:84:14:4D:79;FON_AP";-83;1172002744
00:0F:B5:AC:90:02;NETGEAR";-80;1172002744
00:02:B3:BA:6F:4B;Kempf";-80;1172002744
00:18:39:82:3D:9C;linksys";-77;1172002744
00:06:25:61:43:64;B403";-73;1172002744
00:18:84:14:4D:7A;Placebo";-82;1172002744
00:12:25:55:BC:14;Church of Gormanism";-78;1172002744
00:14:51:70:B0:77;Apple Network 70b077";-84;1172002744
00:13:10:9B:14:8D;linksys";-81;1172002744
00:11:24:AA:D1:BB;sfnet3";-83;1172002744
00:15:05:36:F4:23;ACTIONTEC";-83;1172002744
00:18:39:D9:04:0A;Wireless Meat";-83;1172002744
00:09:5B:9B:22:4A;NETGEAR";-77;1172002744
00:50:18:45:82:18;IOGEAR-G";-80;1172002744
EE:D1:95:88:2B:FC;HealingHouse";-75;1172002744
00:15:05:1D:22:AF;ACTIONTEC";-75;1172002744
00:0D:0B:FD:90:49;HomeNet";-82;1172002744
00:18:39:EE:4E:F8;bilbo";-81;1172002744
00:13:10:ED:47:72;linksys";-81;1172002744
00:16:B6:E5:EF:8D;linksys";-74;1172002744
00:0C:41:B3:0D:2A;yhoni's comcrap";-80;1172002744
00:13:10:A2:1B:94;<hidden>";-83;1172002744
00:14:6C:D8:44:74;Sand Point House";-81;1172002744
00:14:95:C3:16:09;STEVENS";-76;1172002744
00:16:B6:15:37:77;linksys";-75;1172002745
00:18:39:E2:1C:F4;<hidden>";-65;1172002745
00:13:10:90:F2:19;linksys";-67;1172002745
00:0F:B5:A2:12:70;Bagend";-75;1172002745
00:13:10:79:A2:35;llhn";-72;1172002745
00:0F:B3:33:B5:57;Spirit";-79;1172002745
00:18:84:14:4D:79;FON_AP";-83;1172002745
00:0F:B5:AC:90:02;NETGEAR";-80;1172002745
00:02:B3:BA:6F:4B;Kempf";-80;1172002745
00:18:39:82:3D:9C;linksys";-77;1172002745
00:06:25:61:43:64;B403";-73;1172002745
00:18:84:14:4D:7A;Placebo";-82;1172002745
00:12:25:55:BC:14;Church of Gormanism";-78;1172002745
00:13:10:9B:14:8D;linksys";-81;1172002745
00:11:24:AA:D1:BB;sfnet3";-83;1172002745
00:15:05:36:F4:23;ACTIONTEC";-83;1172002745
00:18:39:D9:04:0A;Wireless Meat";-83;1172002745
00:09:5B:9B:22:4A;NETGEAR";-77;1172002745
00:50:18:45:82:18;IOGEAR-G";-81;1172002745
EE:D1:95:88:2B:FC;HealingHouse";-75;1172002745
00:15:05:1D:22:AF;ACTIONTEC";-75;1172002745
00:0D:0B:FD:90:49;HomeNet";-82;1172002745
00:18:39:EE:4E:F8;bilbo";-81;1172002745
00:13:10:ED:47:72;linksys";-81;1172002745
00:16:B6:E5:EF:8D;linksys";-74;1172002745
00:0C:41:B3:0D:2A;yhoni's comcrap";-80;1172002745
00:13:10:A2:1B:94;<hidden>";-83;1172002745
00:14:6C:D8:44:74;Sand Point House";-81;1172002745
00:14:95:C3:16:09;STEVENS";-80;1172002745
00:18:F8:51:72:7E;Donkeyballs";-77;1172002745
00:0F:B5:55:84:92;SilverSurfer";-80;1172002745
00:18:4D:7C:F7:F6;<hidden>";-81;1172002745
00:16:B6:15:37:77;linksys";-75;1172002747
00:18:39:E2:1C:F4;<hidden>";-65;1172002747
00:13:10:90:F2:19;linksys";-69;1172002747
00:0F:B5:A2:12:70;Bagend";-75;1172002747
00:13:10:79:A2:35;llhn";-72;1172002747
00:0F:B3:33:B5:57;Spirit";-79;1172002747
00:18:84:14:4D:79;FON_AP";-83;1172002747
00:0F:B5:AC:90:02;NETGEAR";-80;1172002747
00:02:B3:BA:6F:4B;Kempf";-80;1172002747
00:06:25:61:43:64;B403";-73;1172002747
00:18:84:14:4D:7A;Placebo";-82;1172002747
00:12:25:55:BC:14;Church of Gormanism";-78;1172002747
00:18:39:D9:04:0A;Wireless Meat";-83;1172002747
00:09:5B:9B:22:4A;NETGEAR";-77;1172002747
00:50:18:45:82:18;IOGEAR-G";-79;1172002747
EE:D1:95:88:2B:FC;HealingHouse";-75;1172002747
00:15:05:1D:22:AF;ACTIONTEC";-75;1172002747
00:0D:0B:FD:90:49;HomeNet";-82;1172002747
00:18:39:EE:4E:F8;bilbo";-81;1172002747
00:13:10:ED:47:72;linksys";-81;1172002747
00:16:B6:E5:EF:8D;linksys";-74;1172002747
00:0C:41:B3:0D:2A;yhoni's comcrap";-80;1172002747
00:13:10:A2:1B:94;<hidden>";-83;1172002747
00:14:6C:D8:44:74;Sand Point House";-71;1172002747
00:14:95:C3:16:09;STEVENS";-80;1172002747
00:18:F8:51:72:7E;Donkeyballs";-77;1172002747
00:0F:B5:55:84:92;SilverSurfer";-79;1172002747
00:18:4D:7C:F7:F6;<hidden>";-79;1172002747
00:14:6C:9B:43:62;JamaicaNet";-79;1172002747
00:18:39:FD:2A:BE;Semaphore";-75;1172002747
00:14:6C:4C:96:34;MARINE";-78;1172002748
00:16:B6:15:37:77;linksys";-72;1172002748
00:14:BF:21:CA:53;linksys";-75;1172002748
00:18:39:E2:1C:F4;<hidden>";-79;1172002748
00:13:10:90:F2:19;linksys";-79;1172002748
00:0F:B5:A2:12:70;Bagend";-75;1172002748
00:13:10:79:A2:35;llhn";-72;1172002748
00:0F:B3:33:B5:57;Spirit";-79;1172002748
00:18:84:14:4D:79;FON_AP";-83;1172002748
00:0F:B5:AC:90:02;NETGEAR";-80;1172002748
00:02:B3:BA:6F:4B;Kempf";-80;1172002748
00:06:25:61:43:64;B403";-73;1172002748
00:18:84:14:4D:7A;Placebo";-82;1172002748
00:12:25:55:BC:14;Church of Gormanism";-78;1172002748
00:18:39:D9:04:0A;Wireless Meat";-83;1172002748
00:09:5B:9B:22:4A;NETGEAR";-77;1172002748
00:50:18:45:82:18;IOGEAR-G";-78;1172002748
EE:D1:95:88:2B:FC;HealingHouse";-75;1172002748
00:15:05:1D:22:AF;ACTIONTEC";-75;1172002748
00:0D:0B:FD:90:49;HomeNet";-82;1172002748
00:18:39:EE:4E:F8;bilbo";-81;1172002748
00:13:10:ED:47:72;linksys";-81;1172002748
00:16:B6:E5:EF:8D;linksys";-74;1172002748
00:0C:41:B3:0D:2A;yhoni's comcrap";-80;1172002748
00:13:10:A2:1B:94;<hidden>";-83;1172002748
00:14:6C:D8:44:74;Sand Point House";-77;1172002748
00:14:95:C3:16:09;STEVENS";-80;1172002748
00:18:F8:51:72:7E;Donkeyballs";-77;1172002748
00:0F:B5:55:84:92;SilverSurfer";-79;1172002748
00:18:4D:7C:F7:F6;<hidden>";-79;1172002748
00:14:6C:9B:43:62;JamaicaNet";-79;1172002748
00:18:39:FD:2A:BE;Semaphore";-77;1172002748
00:11:50:0A:98:DF;MorganS";-76;1172002748
00:14:6C:4C:96:34;MARINE";-78;1172002749
00:16:B6:15:37:77;linksys";-69;1172002749
00:14:BF:21:CA:53;linksys";-81;1172002749
00:18:39:E2:1C:F4;<hidden>";-79;1172002749
00:13:10:90:F2:19;linksys";-83;1172002749
00:0F:B5:A2:12:70;Bagend";-75;1172002749
00:13:10:79:A2:35;llhn";-72;1172002749
00:0F:B3:33:B5:57;Spirit";-79;1172002749
00:0F:B5:AC:90:02;NETGEAR";-80;1172002749
00:02:B3:BA:6F:4B;Kempf";-80;1172002749
00:12:25:55:BC:14;Church of Gormanism";-78;1172002749
00:18:39:D9:04:0A;Wireless Meat";-83;1172002749
00:09:5B:9B:22:4A;NETGEAR";-77;1172002749
00:50:18:45:82:18;IOGEAR-G";-77;1172002749
EE:D1:95:88:2B:FC;HealingHouse";-75;1172002749
00:15:05:1D:22:AF;ACTIONTEC";-75;1172002749
00:0D:0B:FD:90:49;HomeNet";-82;1172002749
00:18:39:EE:4E:F8;bilbo";-81;1172002749
00:13:10:ED:47:72;linksys";-81;1172002749
00:16:B6:E5:EF:8D;linksys";-74;1172002749
00:0C:41:B3:0D:2A;yhoni's comcrap";-80;1172002749
00:13:10:A2:1B:94;<hidden>";-83;1172002749
00:14:6C:D8:44:74;Sand Point House";-77;1172002749
00:14:95:C3:16:09;STEVENS";-80;1172002749
00:18:F8:51:72:7E;Donkeyballs";-77;1172002749
00:0F:B5:55:84:92;SilverSurfer";-79;1172002749
00:18:4D:7C:F7:F6;<hidden>";-79;1172002749
00:14:6C:9B:43:62;JamaicaNet";-79;1172002749
00:18:39:FD:2A:BE;Semaphore";-73;1172002749
00:11:50:0A:98:DF;MorganS";-76;1172002749
00:0F:66:BF:3D:7F;griz";-79;1172002749
00:14:6C:4C:96:34;MARINE";-78;1172002751
00:17:9A:35:44:48;<hidden>";-80;1172002751
00:16:B6:15:37:77;linksys";-59;1172002751
00:14:BF:21:CA:53;linksys";-61;1172002751
00:18:39:E2:1C:F4;<hidden>";-79;1172002751
00:13:10:90:F2:19;linksys";-84;1172002751
00:0F:B5:A2:12:70;Bagend";-75;1172002751
00:13:10:79:A2:35;llhn";-72;1172002751
00:0F:B5:AC:90:02;NETGEAR";-80;1172002751
00:02:B3:BA:6F:4B;Kempf";-80;1172002751
00:12:25:55:BC:14;Church of Gormanism";-78;1172002751
00:50:18:45:82:18;IOGEAR-G";-78;1172002751
EE:D1:95:88:2B:FC;HealingHouse";-75;1172002751
00:0D:0B:FD:90:49;HomeNet";-82;1172002751
00:18:39:EE:4E:F8;bilbo";-81;1172002751
00:13:10:ED:47:72;linksys";-81;1172002751
00:16:B6:E5:EF:8D;linksys";-74;1172002751
00:0C:41:B3:0D:2A;yhoni's comcrap";-80;1172002751
00:13:10:A2:1B:94;<hidden>";-83;1172002751
00:14:6C:D8:44:74;Sand Point House";-78;1172002751
00:14:95:C3:16:09;STEVENS";-80;1172002751
00:18:F8:51:72:7E;Donkeyballs";-77;1172002751
00:0F:B5:55:84:92;SilverSurfer";-79;1172002751
00:18:4D:7C:F7:F6;<hidden>";-79;1172002751
00:14:6C:9B:43:62;JamaicaNet";-79;1172002751
00:18:39:FD:2A:BE;Semaphore";-80;1172002751
00:11:50:0A:98:DF;MorganS";-76;1172002751
00:0F:66:BF:3D:7F;griz";-80;1172002751
00:14:BF:0A:DD:CB;blackout";-81;1172002751
00:14:6C:4C:96:34;MARINE";-78;1172002752
00:17:9A:35:44:48;<hidden>";-80;1172002752
00:16:B6:15:37:77;linksys";-52;1172002752
00:14:BF:21:CA:53;linksys";-64;1172002752
00:18:39:E2:1C:F4;<hidden>";-79;1172002752
00:13:10:90:F2:19;linksys";-84;1172002752
00:0F:B5:A2:12:70;Bagend";-75;1172002752
00:13:10:79:A2:35;llhn";-72;1172002752
00:02:B3:BA:6F:4B;Kempf";-80;1172002752
00:12:25:55:BC:14;Church of Gormanism";-78;1172002752
00:50:18:45:82:18;IOGEAR-G";-78;1172002752
EE:D1:95:88:2B:FC;HealingHouse";-75;1172002752
00:0D:0B:FD:90:49;HomeNet";-82;1172002752
00:18:39:EE:4E:F8;bilbo";-81;1172002752
00:13:10:ED:47:72;linksys";-81;1172002752
00:16:B6:E5:EF:8D;linksys";-74;1172002752
00:0C:41:B3:0D:2A;yhoni's comcrap";-80;1172002752
00:13:10:A2:1B:94;<hidden>";-83;1172002752
00:14:6C:D8:44:74;Sand Point House";-79;1172002752
00:14:95:C3:16:09;STEVENS";-80;1172002752
00:18:F8:51:72:7E;Donkeyballs";-77;1172002752
00:0F:B5:55:84:92;SilverSurfer";-79;1172002752
00:18:4D:7C:F7:F6;<hidden>";-79;1172002752
00:14:6C:9B:43:62;JamaicaNet";-79;1172002752
00:18:39:FD:2A:BE;Semaphore";-80;1172002752
00:11:50:0A:98:DF;MorganS";-76;1172002752
00:0F:66:BF:3D:7F;griz";-80;1172002752
00:14:BF:0A:DD:CB;blackout";-81;1172002752
00:11:95:23:BA:BC;Wasabe";-84;1172002752
00:16:B6:67:FE:9B;yuzvyak";-80;1172002752
00:14:6C:4C:96:34;MARINE";-78;1172002753
00:17:9A:35:44:48;<hidden>";-69;1172002753
00:16:B6:15:37:77;linksys";-64;1172002753
00:14:BF:21:CA:53;linksys";-74;1172002753
00:18:39:E2:1C:F4;<hidden>";-79;1172002753
00:13:10:90:F2:19;linksys";-84;1172002753
00:0F:B5:A2:12:70;Bagend";-75;1172002753
00:13:10:79:A2:35;llhn";-72;1172002753
00:02:B3:BA:6F:4B;Kempf";-80;1172002753
00:12:25:55:BC:14;Church of Gormanism";-78;1172002753
00:50:18:45:82:18;IOGEAR-G";-78;1172002753
00:0D:0B:FD:90:49;HomeNet";-82;1172002753
00:13:10:ED:47:72;linksys";-81;1172002753
00:16:B6:E5:EF:8D;linksys";-74;1172002753
00:0C:41:B3:0D:2A;yhoni's comcrap";-80;1172002753
00:13:10:A2:1B:94;<hidden>";-83;1172002753
00:14:6C:D8:44:74;Sand Point House";-83;1172002753
00:14:95:C3:16:09;STEVENS";-80;1172002753
00:18:F8:51:72:7E;Donkeyballs";-82;1172002753
00:0F:B5:55:84:92;SilverSurfer";-79;1172002753
00:18:4D:7C:F7:F6;<hidden>";-79;1172002753
00:14:6C:9B:43:62;JamaicaNet";-79;1172002753
00:18:39:FD:2A:BE;Semaphore";-80;1172002753
00:11:50:0A:98:DF;MorganS";-76;1172002753
00:0F:66:BF:3D:7F;griz";-80;1172002753
00:14:BF:0A:DD:CB;blackout";-81;1172002753
00:11:95:23:BA:BC;Wasabe";-84;1172002753
00:16:B6:67:FE:9B;yuzvyak";-80;1172002753
00:14:6C:4C:96:34;MARINE";-80;1172002755
00:11:50:D1:AE:3B;Buckingham Wireless";-77;1172002755
00:17:9A:35:44:48;<hidden>";-66;1172002755
00:16:B6:15:37:77;linksys";-80;1172002755
00:14:BF:21:CA:53;linksys";-74;1172002755
00:18:39:E2:1C:F4;<hidden>";-79;1172002755
00:13:10:90:F2:19;linksys";-84;1172002755
00:0F:B5:A2:12:70;Bagend";-75;1172002755
00:02:B3:BA:6F:4B;Kempf";-80;1172002755
00:50:18:45:82:18;IOGEAR-G";-78;1172002755
00:13:10:ED:47:72;linksys";-81;1172002755
00:0C:41:B3:0D:2A;yhoni's comcrap";-80;1172002755
00:13:10:A2:1B:94;<hidden>";-83;1172002755
00:14:6C:D8:44:74;Sand Point House";-83;1172002755
00:14:95:C3:16:09;STEVENS";-80;1172002755
00:18:F8:51:72:7E;Donkeyballs";-84;1172002755
00:0F:B5:55:84:92;SilverSurfer";-79;1172002755
00:18:4D:7C:F7:F6;<hidden>";-79;1172002755
00:14:6C:9B:43:62;JamaicaNet";-79;1172002755
00:18:39:FD:2A:BE;Semaphore";-80;1172002755
00:11:50:0A:98:DF;MorganS";-76;1172002755
00:0F:66:BF:3D:7F;griz";-80;1172002755
00:14:BF:0A:DD:CB;blackout";-81;1172002755
00:11:95:23:BA:BC;Wasabe";-84;1172002755
00:16:B6:67:FE:9B;yuzvyak";-80;1172002755
00:14:6C:4C:96:34;MARINE";-81;1172002756
00:11:50:D1:AE:3B;Buckingham Wireless";-67;1172002756
00:17:9A:35:44:48;<hidden>";-62;1172002756
00:16:B6:15:37:77;linksys";-79;1172002756
00:14:BF:21:CA:53;linksys";-74;1172002756
00:18:39:E2:1C:F4;<hidden>";-79;1172002756
00:13:10:90:F2:19;linksys";-84;1172002756
00:0F:B5:A2:12:70;Bagend";-75;1172002756
00:50:18:45:82:18;IOGEAR-G";-78;1172002756
00:0C:41:B3:0D:2A;yhoni's comcrap";-80;1172002756
00:13:10:A2:1B:94;<hidden>";-83;1172002756
00:14:6C:D8:44:74;Sand Point House";-83;1172002756
00:14:95:C3:16:09;STEVENS";-80;1172002756
00:18:F8:51:72:7E;Donkeyballs";-84;1172002756
00:0F:B5:55:84:92;SilverSurfer";-79;1172002756
00:18:4D:7C:F7:F6;<hidden>";-79;1172002756
00:14:6C:9B:43:62;JamaicaNet";-79;1172002756
00:18:39:FD:2A:BE;Semaphore";-80;1172002756
00:11:50:0A:98:DF;MorganS";-76;1172002756
00:0F:66:BF:3D:7F;griz";-80;1172002756
00:14:BF:0A:DD:CB;blackout";-81;1172002756
00:11:95:23:BA:BC;Wasabe";-84;1172002756
00:16:B6:67:FE:9B;yuzvyak";-80;1172002756
00:19:E4:06:4B:B1;2WIRE193";-81;1172002757
00:14:6C:4C:96:34;MARINE";-80;1172002757
00:11:50:D1:AE:3B;Buckingham Wireless";-65;1172002757
00:17:9A:35:44:48;<hidden>";-63;1172002757
00:16:B6:15:37:77;linksys";-81;1172002757
00:14:BF:21:CA:53;linksys";-74;1172002757
00:18:39:E2:1C:F4;<hidden>";-79;1172002757
00:13:10:90:F2:19;linksys";-84;1172002757
00:0F:B5:A2:12:70;Bagend";-75;1172002757
00:50:18:45:82:18;IOGEAR-G";-78;1172002757
00:0C:41:B3:0D:2A;yhoni's comcrap";-80;1172002757
00:13:10:A2:1B:94;<hidden>";-83;1172002757
00:14:6C:D8:44:74;Sand Point House";-83;1172002757
00:14:95:C3:16:09;STEVENS";-80;1172002757
00:18:F8:51:72:7E;Donkeyballs";-84;1172002757
00:0F:B5:55:84:92;SilverSurfer";-79;1172002757
00:18:4D:7C:F7:F6;<hidden>";-79;1172002757
00:14:6C:9B:43:62;JamaicaNet";-79;1172002757
00:18:39:FD:2A:BE;Semaphore";-80;1172002757
00:11:50:0A:98:DF;MorganS";-76;1172002757
00:0F:66:BF:3D:7F;griz";-80;1172002757
00:14:BF:0A:DD:CB;blackout";-81;1172002757
00:11:95:23:BA:BC;Wasabe";-84;1172002757
00:16:B6:67:FE:9B;yuzvyak";-80;1172002757
00:19:E4:06:4B:B1;2WIRE193";-81;1172002759
00:14:6C:4C:96:34;MARINE";-71;1172002759
00:11:50:D1:AE:3B;Buckingham Wireless";-68;1172002759
00:17:9A:35:44:48;<hidden>";-63;1172002759
00:16:B6:15:37:77;linksys";-81;1172002759
00:14:BF:21:CA:53;linksys";-74;1172002759
00:18:39:E2:1C:F4;<hidden>";-79;1172002759
00:13:10:90:F2:19;linksys";-84;1172002759
00:0F:B5:A2:12:70;Bagend";-75;1172002759
00:50:18:45:82:18;IOGEAR-G";-78;1172002759
00:13:10:A2:1B:94;<hidden>";-83;1172002759
00:14:6C:D8:44:74;Sand Point House";-83;1172002759
00:14:95:C3:16:09;STEVENS";-80;1172002759
00:18:F8:51:72:7E;Donkeyballs";-84;1172002759
00:0F:B5:55:84:92;SilverSurfer";-79;1172002759
00:18:4D:7C:F7:F6;<hidden>";-79;1172002759
00:14:6C:9B:43:62;JamaicaNet";-79;1172002759
00:18:39:FD:2A:BE;Semaphore";-80;1172002759
00:11:50:0A:98:DF;MorganS";-76;1172002759
00:0F:66:BF:3D:7F;griz";-80;1172002759
00:14:BF:0A:DD:CB;blackout";-81;1172002759
00:11:95:23:BA:BC;Wasabe";-84;1172002759
00:16:B6:67:FE:9B;yuzvyak";-80;1172002759
00:11:24:5F:2A:3B;Apple Network 5f2a3b";-76;1172002759
00:19:E4:06:4B:B1;2WIRE193";-81;1172002760
00:14:6C:4C:96:34;MARINE";-67;1172002760
00:11:50:D1:AE:3B;Buckingham Wireless";-76;1172002760
00:17:9A:35:44:48;<hidden>";-63;1172002760
00:16:B6:15:37:77;linksys";-81;1172002760
00:14:BF:21:CA:53;linksys";-74;1172002760
00:18:39:E2:1C:F4;<hidden>";-79;1172002760
00:13:10:90:F2:19;linksys";-84;1172002760
00:50:18:45:82:18;IOGEAR-G";-78;1172002760
00:13:10:A2:1B:94;<hidden>";-83;1172002760
00:14:6C:D8:44:74;Sand Point House";-83;1172002760
00:18:F8:51:72:7E;Donkeyballs";-84;1172002760
00:0F:B5:55:84:92;SilverSurfer";-79;1172002760
00:18:4D:7C:F7:F6;<hidden>";-79;1172002760
00:14:6C:9B:43:62;JamaicaNet";-79;1172002760
00:18:39:FD:2A:BE;Semaphore";-80;1172002760
00:11:50:0A:98:DF;MorganS";-76;1172002760
00:0F:66:BF:3D:7F;griz";-80;1172002760
00:14:BF:0A:DD:CB;blackout";-81;1172002760
00:11:95:23:BA:BC;Wasabe";-84;1172002760
00:16:B6:67:FE:9B;yuzvyak";-80;1172002760
00:11:24:5F:2A:3B;Apple Network 5f2a3b";-76;1172002760
00:18:39:78:41:7D;linksys";-80;1172002760
00:19:E4:06:4B:B1;2WIRE193";-67;1172002761
00:14:6C:4C:96:34;MARINE";-63;1172002761
00:11:50:D1:AE:3B;Buckingham Wireless";-83;1172002761
00:17:9A:35:44:48;<hidden>";-63;1172002761
00:16:B6:15:37:77;linksys";-81;1172002761
00:14:BF:21:CA:53;linksys";-74;1172002761
00:18:39:E2:1C:F4;<hidden>";-79;1172002761
00:13:10:90:F2:19;linksys";-84;1172002761
00:50:18:45:82:18;IOGEAR-G";-78;1172002761
00:13:10:A2:1B:94;<hidden>";-83;1172002761
00:14:6C:D8:44:74;Sand Point House";-83;1172002761
00:18:F8:51:72:7E;Donkeyballs";-84;1172002761
00:14:6C:9B:43:62;JamaicaNet";-79;1172002761
00:18:39:FD:2A:BE;Semaphore";-80;1172002761
00:11:50:0A:98:DF;MorganS";-76;1172002761
00:0F:66:BF:3D:7F;griz";-80;1172002761
00:14:BF:0A:DD:CB;blackout";-81;1172002761
00:11:95:23:BA:BC;Wasabe";-84;1172002761
00:16:B6:67:FE:9B;yuzvyak";-80;1172002761
00:11:24:5F:2A:3B;Apple Network 5f2a3b";-77;1172002761
00:18:39:78:41:7D;linksys";-75;1172002761
00:14:BF:6D:4A:BC;jake&justin";-67;1172002763
00:19:E4:06:4B:B1;2WIRE193";-68;1172002763
00:14:6C:4C:96:34;MARINE";-75;1172002763
00:11:50:D1:AE:3B;Buckingham Wireless";-83;1172002763
00:17:9A:35:44:48;<hidden>";-63;1172002763
00:16:B6:15:37:77;linksys";-81;1172002763
00:14:BF:21:CA:53;linksys";-74;1172002763
00:13:10:90:F2:19;linksys";-84;1172002763
00:50:18:45:82:18;IOGEAR-G";-78;1172002763
00:14:6C:D8:44:74;Sand Point House";-83;1172002763
00:18:F8:51:72:7E;Donkeyballs";-84;1172002763
00:18:39:FD:2A:BE;Semaphore";-80;1172002763
00:0F:66:BF:3D:7F;griz";-80;1172002763
00:14:BF:0A:DD:CB;blackout";-81;1172002763
00:11:95:23:BA:BC;Wasabe";-84;1172002763
00:16:B6:67:FE:9B;yuzvyak";-80;1172002763
00:11:24:5F:2A:3B;Apple Network 5f2a3b";-76;1172002763
00:18:39:78:41:7D;linksys";-75;1172002763
00:14:BF:6D:4A:BC;jake&justin";-67;1172002764
00:19:E4:06:4B:B1;2WIRE193";-77;1172002764
00:14:6C:4C:96:34;MARINE";-78;1172002764
00:11:50:D1:AE:3B;Buckingham Wireless";-83;1172002764
00:17:9A:35:44:48;<hidden>";-63;1172002764
00:16:B6:15:37:77;linksys";-81;1172002764
00:14:BF:21:CA:53;linksys";-74;1172002764
00:13:10:90:F2:19;linksys";-84;1172002764
00:50:18:45:82:18;IOGEAR-G";-78;1172002764
00:14:6C:D8:44:74;Sand Point House";-83;1172002764
00:18:F8:51:72:7E;Donkeyballs";-84;1172002764
00:18:39:FD:2A:BE;Semaphore";-80;1172002764
00:0F:66:BF:3D:7F;griz";-80;1172002764
00:14:BF:0A:DD:CB;blackout";-81;1172002764
00:11:95:23:BA:BC;Wasabe";-84;1172002764
00:16:B6:67:FE:9B;yuzvyak";-80;1172002764
00:11:24:5F:2A:3B;Apple Network 5f2a3b";-76;1172002764
00:18:39:78:41:7D;linksys";-75;1172002764
00:12:17:11:E5:2B;jls";-84;1172002764
00:09:5B:EC:F9:FE;Changeboy1";-78;1172002764
00:09:5B:9B:AC:10;<hidden>";-80;1172002765
00:14:BF:6D:4A:BC;jake&justin";-79;1172002765
00:19:E4:06:4B:B1;2WIRE193";-79;1172002765
00:14:6C:4C:96:34;MARINE";-81;1172002765
00:11:50:D1:AE:3B;Buckingham Wireless";-83;1172002765
00:17:9A:35:44:48;<hidden>";-63;1172002765
00:16:B6:15:37:77;linksys";-81;1172002765
00:14:BF:21:CA:53;linksys";-74;1172002765
00:14:6C:D8:44:74;Sand Point House";-83;1172002765
00:18:F8:51:72:7E;Donkeyballs";-84;1172002765
00:18:39:FD:2A:BE;Semaphore";-80;1172002765
00:0F:66:BF:3D:7F;griz";-80;1172002765
00:11:95:23:BA:BC;Wasabe";-84;1172002765
00:16:B6:67:FE:9B;yuzvyak";-80;1172002765
00:11:24:5F:2A:3B;Apple Network 5f2a3b";-76;1172002765
00:18:39:78:41:7D;linksys";-75;1172002765
00:12:17:11:E5:2B;jls";-84;1172002765
00:09:5B:EC:F9:FE;Changeboy1";-79;1172002765
00:0F:F7:48:8E:30;Main";-80;1172002765
00:16:B6:CD:1E:07;CoreyHasAHugeCock";-81;1172002765
00:09:5B:9B:AC:10;<hidden>";-77;1172002767
00:13:46:A7:F2:D6;iheartcwithforever";-77;1172002767
00:14:BF:6D:4A:BC;jake&justin";-63;1172002767
00:19:E4:06:4B:B1;2WIRE193";-83;1172002767
00:14:6C:4C:96:34;MARINE";-82;1172002767
00:11:50:D1:AE:3B;Buckingham Wireless";-83;1172002767
00:17:9A:35:44:48;<hidden>";-63;1172002767
00:16:B6:15:37:77;linksys";-81;1172002767
00:14:BF:21:CA:53;linksys";-74;1172002767
00:14:6C:D8:44:74;Sand Point House";-83;1172002767
00:18:F8:51:72:7E;Donkeyballs";-84;1172002767
00:16:B6:67:FE:9B;yuzvyak";-80;1172002767
00:11:24:5F:2A:3B;Apple Network 5f2a3b";-76;1172002767
00:18:39:78:41:7D;linksys";-75;1172002767
00:12:17:11:E5:2B;jls";-84;1172002767
00:09:5B:EC:F9:FE;Changeboy1";-77;1172002767
00:0F:F7:48:8E:30;Main";-80;1172002767
00:16:B6:CD:1E:07;CoreyHasAHugeCock";-79;1172002767
00:12:17:31:39:94;lutece";-86;1172002767
00:18:3F:40:FD:21;DorianGray";-82;1172002767
00:09:5B:9B:AC:10;<hidden>";-76;1172002768
00:13:46:A7:F2:D6;iheartcwithforever";-72;1172002768
00:14:BF:6D:4A:BC;jake&justin";-73;1172002768
00:19:E4:06:4B:B1;2WIRE193";-83;1172002768
00:14:6C:4C:96:34;MARINE";-77;1172002768
00:11:50:D1:AE:3B;Buckingham Wireless";-83;1172002768
00:17:9A:35:44:48;<hidden>";-63;1172002768
00:16:B6:15:37:77;linksys";-81;1172002768
00:14:BF:21:CA:53;linksys";-74;1172002768
00:18:F8:51:72:7E;Donkeyballs";-84;1172002768
00:11:24:5F:2A:3B;Apple Network 5f2a3b";-76;1172002768
00:18:39:78:41:7D;linksys";-75;1172002768
00:12:17:11:E5:2B;jls";-84;1172002768
00:09:5B:EC:F9:FE;Changeboy1";-74;1172002768
00:0F:F7:48:8E:30;Main";-80;1172002768
00:16:B6:CD:1E:07;CoreyHasAHugeCock";-79;1172002768
00:12:17:31:39:94;lutece";-86;1172002768
00:18:3F:40:FD:21;DorianGray";-82;1172002768
00:18:3F:35:19:D9;SeriesOfTubes";-80;1172002768
00:13:10:03:29:76;01Home";-73;1172002768
00:18:39:CE:3A:C3;JABS";-72;1172002769
00:09:5B:9B:AC:10;<hidden>";-77;1172002769
00:14:BF:1E:24:2A;monkeysgomoo";-74;1172002769
00:13:46:A7:F2:D6;iheartcwithforever";-70;1172002769
00:14:BF:6D:4A:BC;jake&justin";-76;1172002769
00:19:E4:06:4B:B1;2WIRE193";-83;1172002769
00:14:6C:4C:96:34;MARINE";-77;1172002769
00:11:50:D1:AE:3B;Buckingham Wireless";-83;1172002769
00:17:9A:35:44:48;<hidden>";-63;1172002769
00:16:B6:15:37:77;linksys";-81;1172002769
00:11:24:5F:2A:3B;Apple Network 5f2a3b";-76;1172002769
00:18:39:78:41:7D;linksys";-75;1172002769
00:12:17:11:E5:2B;jls";-84;1172002769
00:09:5B:EC:F9:FE;Changeboy1";-78;1172002769
00:0F:F7:48:8E:30;Main";-80;1172002769
00:16:B6:CD:1E:07;CoreyHasAHugeCock";-79;1172002769
00:12:17:31:39:94;lutece";-81;1172002769
00:18:3F:40:FD:21;DorianGray";-82;1172002769
00:18:3F:35:19:D9;SeriesOfTubes";-80;1172002769
00:13:10:03:29:76;01Home";-76;1172002769
00:09:5B:87:AB:24;AKIMBO";-81;1172002769
00:18:39:CE:3A:C3;JABS";-62;1172002771
00:09:5B:9B:AC:10;<hidden>";-74;1172002771
00:14:BF:1E:24:2A;monkeysgomoo";-69;1172002771
00:13:46:A7:F2:D6;iheartcwithforever";-77;1172002771
00:14:BF:6D:4A:BC;jake&justin";-75;1172002771
00:19:E4:06:4B:B1;2WIRE193";-83;1172002771
00:14:6C:4C:96:34;MARINE";-77;1172002771
00:11:50:D1:AE:3B;Buckingham Wireless";-83;1172002771
00:17:9A:35:44:48;<hidden>";-63;1172002771
00:16:B6:15:37:77;linksys";-81;1172002771
00:11:24:5F:2A:3B;Apple Network 5f2a3b";-76;1172002771
00:18:39:78:41:7D;linksys";-75;1172002771
00:12:17:11:E5:2B;jls";-84;1172002771
00:09:5B:EC:F9:FE;Changeboy1";-78;1172002771
00:0F:F7:48:8E:30;Main";-80;1172002771
00:16:B6:CD:1E:07;CoreyHasAHugeCock";-79;1172002771
00:12:17:31:39:94;lutece";-80;1172002771
00:18:3F:40:FD:21;DorianGray";-82;1172002771
00:18:3F:35:19:D9;SeriesOfTubes";-80;1172002771
00:13:10:03:29:76;01Home";-75;1172002771
00:09:5B:87:AB:24;AKIMBO";-77;1172002771
00:0C:41:B7:64:8E;<hidden>";-82;1172002772
00:12:17:19:A5:5B;your mom";-70;1172002772
00:15:E9:76:5C:86;Triangle House Network";-72;1172002772
00:18:39:CE:3A:C3;JABS";-61;1172002772
00:09:5B:9B:AC:10;<hidden>";-71;1172002772
00:14:BF:1E:24:2A;monkeysgomoo";-72;1172002772
00:13:46:A7:F2:D6;iheartcwithforever";-77;1172002772
00:14:BF:6D:4A:BC;jake&justin";-73;1172002772
00:19:E4:06:4B:B1;2WIRE193";-83;1172002772
00:14:6C:4C:96:34;MARINE";-77;1172002772
00:11:50:D1:AE:3B;Buckingham Wireless";-83;1172002772
00:11:24:5F:2A:3B;Apple Network 5f2a3b";-76;1172002772
00:18:39:78:41:7D;linksys";-75;1172002772
00:12:17:11:E5:2B;jls";-84;1172002772
00:09:5B:EC:F9:FE;Changeboy1";-78;1172002772
00:0F:F7:48:8E:30;Main";-80;1172002772
00:16:B6:CD:1E:07;CoreyHasAHugeCock";-79;1172002772
00:12:17:31:39:94;lutece";-76;1172002772
00:18:3F:40:FD:21;DorianGray";-82;1172002772
00:18:3F:35:19:D9;SeriesOfTubes";-80;1172002772
00:13:10:03:29:76;01Home";-75;1172002772
00:09:5B:87:AB:24;AKIMBO";-77;1172002772
00:E0:B8:6C:D6:2C;Gateway";-78;1172002772
00:0C:41:B7:64:8E;<hidden>";-72;1172002773
00:14:51:77:67:B9;Chezzle";-79;1172002773
00:12:17:19:A5:5B;your mom";-66;1172002773
00:15:E9:76:5C:86;Triangle House Network";-53;1172002773
00:18:39:CE:3A:C3;JABS";-79;1172002773
00:09:5B:9B:AC:10;<hidden>";-73;1172002773
00:14:BF:1E:24:2A;monkeysgomoo";-72;1172002773
00:13:46:A7:F2:D6;iheartcwithforever";-77;1172002773
00:14:BF:6D:4A:BC;jake&justin";-73;1172002773
00:19:E4:06:4B:B1;2WIRE193";-83;1172002773
00:14:6C:4C:96:34;MARINE";-77;1172002773
00:11:50:D1:AE:3B;Buckingham Wireless";-83;1172002773
00:11:24:5F:2A:3B;Apple Network 5f2a3b";-76;1172002773
00:18:39:78:41:7D;linksys";-75;1172002773
00:12:17:11:E5:2B;jls";-84;1172002773
00:09:5B:EC:F9:FE;Changeboy1";-78;1172002773
00:0F:F7:48:8E:30;Main";-80;1172002773
00:16:B6:CD:1E:07;CoreyHasAHugeCock";-79;1172002773
00:12:17:31:39:94;lutece";-73;1172002773
00:18:3F:40:FD:21;DorianGray";-82;1172002773
00:18:3F:35:19:D9;SeriesOfTubes";-83;1172002773
00:13:10:03:29:76;01Home";-75;1172002773
00:09:5B:87:AB:24;AKIMBO";-77;1172002773
00:E0:B8:6C:D6:2C;Gateway";-75;1172002773
00:18:39:78:3A:F3;dams";-80;1172002773
00:16:B6:A9:70:A1;linksysb&b";-80;1172002773
00:0F:B3:1D:3A:7B;<hidden>";-77;1172002773
00:0F:66:52:EC:04;pharmasist";-73;1172002773
00:0C:41:B7:64:8E;<hidden>";-75;1172002775
00:14:51:77:67:B9;Chezzle";-73;1172002775
00:12:17:19:A5:5B;your mom";-73;1172002775
00:15:E9:76:5C:86;Triangle House Network";-69;1172002775
00:18:39:CE:3A:C3;JABS";-79;1172002775
00:09:5B:9B:AC:10;<hidden>";-74;1172002775
00:14:BF:1E:24:2A;monkeysgomoo";-72;1172002775
00:13:46:A7:F2:D6;iheartcwithforever";-77;1172002775
00:14:BF:6D:4A:BC;jake&justin";-73;1172002775
00:19:E4:06:4B:B1;2WIRE193";-83;1172002775
00:14:6C:4C:96:34;MARINE";-77;1172002775
00:11:50:D1:AE:3B;Buckingham Wireless";-83;1172002775
00:11:24:5F:2A:3B;Apple Network 5f2a3b";-76;1172002775
00:18:39:78:41:7D;linksys";-75;1172002775
00:12:17:11:E5:2B;jls";-84;1172002775
00:09:5B:EC:F9:FE;Changeboy1";-78;1172002775
00:0F:F7:48:8E:30;Main";-80;1172002775
00:16:B6:CD:1E:07;CoreyHasAHugeCock";-79;1172002775
00:12:17:31:39:94;lutece";-73;1172002775
00:18:3F:40:FD:21;DorianGray";-82;1172002775
00:18:3F:35:19:D9;SeriesOfTubes";-83;1172002775
00:13:10:03:29:76;01Home";-75;1172002775
00:09:5B:87:AB:24;AKIMBO";-77;1172002775
00:E0:B8:6C:D6:2C;Gateway";-75;1172002775
00:18:39:78:3A:F3;dams";-80;1172002775
00:16:B6:A9:70:A1;linksysb&b";-72;1172002775
00:0F:B3:1D:3A:7B;<hidden>";-77;1172002775
00:0F:66:52:EC:04;pharmasist";-73;1172002775
00:0F:B3:86:AF:D3;ACTIONTEC";-78;1172002775
00:0C:41:B7:64:8E;<hidden>";-77;1172002776
00:14:51:77:67:B9;Chezzle";-80;1172002776
00:12:17:19:A5:5B;your mom";-78;1172002776
00:15:E9:76:5C:86;Triangle House Network";-69;1172002776
00:18:39:CE:3A:C3;JABS";-79;1172002776
00:09:5B:9B:AC:10;<hidden>";-79;1172002776
00:14:BF:1E:24:2A;monkeysgomoo";-72;1172002776
00:13:46:A7:F2:D6;iheartcwithforever";-77;1172002776
00:14:BF:6D:4A:BC;jake&justin";-73;1172002776
00:19:E4:06:4B:B1;2WIRE193";-83;1172002776
00:14:6C:4C:96:34;MARINE";-77;1172002776
00:11:24:5F:2A:3B;Apple Network 5f2a3b";-76;1172002776
00:18:39:78:41:7D;linksys";-75;1172002776
00:12:17:11:E5:2B;jls";-84;1172002776
00:09:5B:EC:F9:FE;Changeboy1";-78;1172002776
00:0F:F7:48:8E:30;Main";-80;1172002776
00:16:B6:CD:1E:07;CoreyHasAHugeCock";-79;1172002776
00:12:17:31:39:94;lutece";-73;1172002776
00:18:3F:40:FD:21;DorianGray";-82;1172002776
00:18:3F:35:19:D9;SeriesOfTubes";-83;1172002776
00:13:10:03:29:76;01Home";-79;1172002776
00:09:5B:87:AB:24;AKIMBO";-77;1172002776
00:E0:B8:6C:D6:2C;Gateway";-75;1172002776
00:18:39:78:3A:F3;dams";-80;1172002776
00:16:B6:A9:70:A1;linksysb&b";-70;1172002776
00:0F:B3:1D:3A:7B;<hidden>";-77;1172002776
00:0F:66:52:EC:04;pharmasist";-73;1172002776
00:0F:B3:86:AF:D3;ACTIONTEC";-78;1172002776
02:04:23:CA:3A:A9;linksysb&b";-78;1172002776
00:0C:41:B7:64:8E;<hidden>";-77;1172002777
00:14:51:77:67:B9;Chezzle";-76;1172002777
00:12:17:19:A5:5B;your mom";-78;1172002777
00:15:E9:76:5C:86;Triangle House Network";-69;1172002777
00:18:39:CE:3A:C3;JABS";-79;1172002777
00:09:5B:9B:AC:10;<hidden>";-79;1172002777
00:14:BF:1E:24:2A;monkeysgomoo";-72;1172002777
00:13:46:A7:F2:D6;iheartcwithforever";-77;1172002777
00:14:BF:6D:4A:BC;jake&justin";-73;1172002777
00:19:E4:06:4B:B1;2WIRE193";-83;1172002777
00:14:6C:4C:96:34;MARINE";-77;1172002777
00:12:17:11:E5:2B;jls";-84;1172002777
00:09:5B:EC:F9:FE;Changeboy1";-78;1172002777
00:0F:F7:48:8E:30;Main";-80;1172002777
00:16:B6:CD:1E:07;CoreyHasAHugeCock";-79;1172002777
00:12:17:31:39:94;lutece";-73;1172002777
00:18:3F:40:FD:21;DorianGray";-82;1172002777
00:18:3F:35:19:D9;SeriesOfTubes";-83;1172002777
00:13:10:03:29:76;01Home";-79;1172002777
00:09:5B:87:AB:24;AKIMBO";-77;1172002777
00:E0:B8:6C:D6:2C;Gateway";-75;1172002777
00:18:39:78:3A:F3;dams";-80;1172002777
00:16:B6:A9:70:A1;linksysb&b";-77;1172002777
00:0F:B3:1D:3A:7B;<hidden>";-77;1172002777
00:0F:66:52:EC:04;pharmasist";-73;1172002777
00:0F:B3:86:AF:D3;ACTIONTEC";-78;1172002777
02:04:23:CA:3A:A9;linksysb&b";-76;1172002777
00:0C:41:78:56:E6;Lan-lanolin? Like sheep's wool?"";-80;1172002777
00:13:10:2C:98:38;cougs";-75;1172002777
00:09:5B:DE:E6:F6;NETGEAR";-78;1172002777
00:11:95:72:47:26;4808-wanna connect?";-73;1172002777
00:14:A5:88:8F:9A;wireless";-82;1172002777
00:13:10:69:CE:08;linksys 10";-77;1172002779
00:0C:41:B7:64:8E;<hidden>";-77;1172002779
00:14:51:77:67:B9;Chezzle";-78;1172002779
00:12:17:19:A5:5B;your mom";-78;1172002779
00:15:E9:76:5C:86;Triangle House Network";-69;1172002779
00:18:39:CE:3A:C3;JABS";-79;1172002779
00:09:5B:9B:AC:10;<hidden>";-79;1172002779
00:14:BF:1E:24:2A;monkeysgomoo";-72;1172002779
00:13:46:A7:F2:D6;iheartcwithforever";-77;1172002779
00:14:BF:6D:4A:BC;jake&justin";-73;1172002779
00:19:E4:06:4B:B1;2WIRE193";-83;1172002779
00:14:6C:4C:96:34;MARINE";-77;1172002779
00:09:5B:EC:F9:FE;Changeboy1";-78;1172002779
00:0F:F7:48:8E:30;Main";-81;1172002779
00:16:B6:CD:1E:07;CoreyHasAHugeCock";-79;1172002779
00:12:17:31:39:94;lutece";-73;1172002779
00:18:3F:40:FD:21;DorianGray";-82;1172002779
00:18:3F:35:19:D9;SeriesOfTubes";-83;1172002779
00:13:10:03:29:76;01Home";-80;1172002779
00:09:5B:87:AB:24;AKIMBO";-77;1172002779
00:E0:B8:6C:D6:2C;Gateway";-75;1172002779
00:18:39:78:3A:F3;dams";-80;1172002779
00:16:B6:A9:70:A1;linksysb&b";-84;1172002779
00:0F:B3:1D:3A:7B;<hidden>";-77;1172002779
00:0F:66:52:EC:04;pharmasist";-73;1172002779
00:0F:B3:86:AF:D3;ACTIONTEC";-78;1172002779
02:04:23:CA:3A:A9;linksysb&b";-79;1172002779
00:0C:41:78:56:E6;Lan-lanolin? Like sheep's wool?"";-81;1172002779
00:13:10:2C:98:38;cougs";-81;1172002779
00:09:5B:DE:E6:F6;NETGEAR";-77;1172002779
00:11:95:72:47:26;4808-wanna connect?";-74;1172002779
00:14:A5:88:8F:9A;wireless";-79;1172002779
00:13:10:86:97:7A;linksys";-79;1172002779
00:15:05:03:25:8F;here";-79;1172002779
00:09:5B:3A:22:E2;Daybreak";-76;1172002779
00:13:10:69:CE:08;linksys 10";-72;1172002780
00:0C:41:B7:64:8E;<hidden>";-81;1172002780
00:14:51:77:67:B9;Chezzle";-78;1172002780
00:12:17:19:A5:5B;your mom";-78;1172002780
00:15:E9:76:5C:86;Triangle House Network";-69;1172002780
00:18:39:CE:3A:C3;JABS";-79;1172002780
00:09:5B:9B:AC:10;<hidden>";-79;1172002780
00:14:BF:1E:24:2A;monkeysgomoo";-72;1172002780
00:13:46:A7:F2:D6;iheartcwithforever";-77;1172002780
00:14:BF:6D:4A:BC;jake&justin";-73;1172002780
00:19:E4:06:4B:B1;2WIRE193";-83;1172002780
00:14:6C:4C:96:34;MARINE";-77;1172002780
00:09:5B:EC:F9:FE;Changeboy1";-78;1172002780
00:0F:F7:48:8E:30;Main";-81;1172002780
00:16:B6:CD:1E:07;CoreyHasAHugeCock";-79;1172002780
00:12:17:31:39:94;lutece";-73;1172002780
00:18:3F:40:FD:21;DorianGray";-82;1172002780
00:18:3F:35:19:D9;SeriesOfTubes";-83;1172002780
00:13:10:03:29:76;01Home";-80;1172002780
00:09:5B:87:AB:24;AKIMBO";-77;1172002780
00:E0:B8:6C:D6:2C;Gateway";-75;1172002780
00:18:39:78:3A:F3;dams";-80;1172002780
00:16:B6:A9:70:A1;linksysb&b";-84;1172002780
00:0F:B3:1D:3A:7B;<hidden>";-77;1172002780
00:0F:66:52:EC:04;pharmasist";-73;1172002780
00:0F:B3:86:AF:D3;ACTIONTEC";-78;1172002780
02:04:23:CA:3A:A9;linksysb&b";-81;1172002780
00:0C:41:78:56:E6;Lan-lanolin? Like sheep's wool?"";-81;1172002780
00:13:10:2C:98:38;cougs";-81;1172002780
00:09:5B:DE:E6:F6;NETGEAR";-77;1172002780
00:11:95:72:47:26;4808-wanna connect?";-74;1172002780
00:14:A5:88:8F:9A;wireless";-79;1172002780
00:13:10:86:97:7A;linksys";-83;1172002780
00:15:05:03:25:8F;here";-79;1172002780
00:09:5B:3A:22:E2;Daybreak";-76;1172002780
00:16:01:0F:BD:C1;0016010FBDC0";-76;1172002780
00:13:21:57:C5:B1;NWAA";-81;1172002782
00:13:10:69:CE:08;linksys 10";-67;1172002782
00:0C:41:B7:64:8E;<hidden>";-81;1172002782
00:14:51:77:67:B9;Chezzle";-78;1172002782
00:12:17:19:A5:5B;your mom";-78;1172002782
00:15:E9:76:5C:86;Triangle House Network";-69;1172002782
00:18:39:CE:3A:C3;JABS";-79;1172002782
00:09:5B:9B:AC:10;<hidden>";-79;1172002782
00:14:BF:1E:24:2A;monkeysgomoo";-72;1172002782
00:13:46:A7:F2:D6;iheartcwithforever";-77;1172002782
00:14:BF:6D:4A:BC;jake&justin";-73;1172002782
00:14:6C:4C:96:34;MARINE";-77;1172002782
00:09:5B:EC:F9:FE;Changeboy1";-78;1172002782
00:0F:F7:48:8E:30;Main";-77;1172002782
00:12:17:31:39:94;lutece";-73;1172002782
00:18:3F:35:19:D9;SeriesOfTubes";-83;1172002782
00:13:10:03:29:76;01Home";-78;1172002782
00:09:5B:87:AB:24;AKIMBO";-77;1172002782
00:E0:B8:6C:D6:2C;Gateway";-75;1172002782
00:18:39:78:3A:F3;dams";-80;1172002782
00:16:B6:A9:70:A1;linksysb&b";-84;1172002782
00:0F:B3:1D:3A:7B;<hidden>";-77;1172002782
00:0F:66:52:EC:04;pharmasist";-73;1172002782
00:0F:B3:86:AF:D3;ACTIONTEC";-78;1172002782
02:04:23:CA:3A:A9;linksysb&b";-81;1172002782
00:0C:41:78:56:E6;Lan-lanolin? Like sheep's wool?"";-81;1172002782
00:13:10:2C:98:38;cougs";-81;1172002782
00:09:5B:DE:E6:F6;NETGEAR";-77;1172002782
00:11:95:72:47:26;4808-wanna connect?";-74;1172002782
00:14:A5:88:8F:9A;wireless";-73;1172002782
00:13:10:86:97:7A;linksys";-83;1172002782
00:15:05:03:25:8F;here";-79;1172002782
00:09:5B:3A:22:E2;Daybreak";-76;1172002782
00:16:01:0F:BD:C1;0016010FBDC0";-76;1172002782
00:17:59:F0:3F:40;vm-mobile1";-81;1172002782
00:17:59:F0:3F:45;vmguest";-78;1172002782
00:12:01:E5:2D:A0;ChildrensFamilyInternet";-77;1172002782
00:13:21:57:C5:B1;NWAA";-81;1172002783
00:15:E9:75:6E:26;yogamaster";-77;1172002783
00:13:10:69:CE:08;linksys 10";-68;1172002783
00:0C:41:B7:64:8E;<hidden>";-81;1172002783
00:14:51:77:67:B9;Chezzle";-78;1172002783
00:12:17:19:A5:5B;your mom";-78;1172002783
00:15:E9:76:5C:86;Triangle House Network";-69;1172002783
00:18:39:CE:3A:C3;JABS";-79;1172002783
00:09:5B:9B:AC:10;<hidden>";-79;1172002783
00:14:BF:1E:24:2A;monkeysgomoo";-72;1172002783
00:13:46:A7:F2:D6;iheartcwithforever";-77;1172002783
00:14:BF:6D:4A:BC;jake&justin";-73;1172002783
00:09:5B:EC:F9:FE;Changeboy1";-78;1172002783
00:0F:F7:48:8E:30;Main";-73;1172002783
00:12:17:31:39:94;lutece";-73;1172002783
00:18:3F:35:19:D9;SeriesOfTubes";-83;1172002783
00:13:10:03:29:76;01Home";-73;1172002783
00:09:5B:87:AB:24;AKIMBO";-77;1172002783
00:E0:B8:6C:D6:2C;Gateway";-75;1172002783
00:18:39:78:3A:F3;dams";-80;1172002783
00:16:B6:A9:70:A1;linksysb&b";-84;1172002783
00:0F:B3:1D:3A:7B;<hidden>";-77;1172002783
00:0F:66:52:EC:04;pharmasist";-73;1172002783
00:0F:B3:86:AF:D3;ACTIONTEC";-78;1172002783
02:04:23:CA:3A:A9;linksysb&b";-81;1172002783
00:0C:41:78:56:E6;Lan-lanolin? Like sheep's wool?"";-81;1172002783
00:13:10:2C:98:38;cougs";-81;1172002783
00:09:5B:DE:E6:F6;NETGEAR";-77;1172002783
00:11:95:72:47:26;4808-wanna connect?";-74;1172002783
00:14:A5:88:8F:9A;wireless";-73;1172002783
00:13:10:86:97:7A;linksys";-83;1172002783
00:15:05:03:25:8F;here";-79;1172002783
00:09:5B:3A:22:E2;Daybreak";-76;1172002783
00:16:01:0F:BD:C1;0016010FBDC0";-76;1172002783
00:17:59:F0:3F:40;vm-mobile1";-78;1172002783
00:17:59:F0:3F:45;vmguest";-77;1172002783
00:12:01:E5:2D:A0;ChildrensFamilyInternet";-79;1172002783
00:17:59:2C:52:D0;vm-mobile1";-73;1172002783
00:17:59:2C:52:D5;vmguest";-77;1172002783
00:17:59:F0:1F:30;vm-mobile1";-83;1172002783
00:17:59:2C:72:80;vm-mobile1";-78;1172002783
00:17:59:2C:72:85;vmguest";-78;1172002783
00:17:59:F0:1F:35;vmguest";-79;1172002783
00:17:59:2C:6E:70;vm-mobile1";-80;1172002783
00:17:59:2C:6E:75;vmguest";-79;1172002783
00:13:21:57:C5:B1;NWAA";-69;1172002784
00:15:E9:75:6E:26;yogamaster";-73;1172002784
00:0F:B3:5A:D5:ED;SPP";-61;1172002784
00:13:10:69:CE:08;linksys 10";-79;1172002784
00:0C:41:B7:64:8E;<hidden>";-81;1172002784
00:14:51:77:67:B9;Chezzle";-78;1172002784
00:12:17:19:A5:5B;your mom";-78;1172002784
00:15:E9:76:5C:86;Triangle House Network";-69;1172002784
00:18:39:CE:3A:C3;JABS";-79;1172002784
00:09:5B:9B:AC:10;<hidden>";-79;1172002784
00:14:BF:1E:24:2A;monkeysgomoo";-72;1172002784
00:13:46:A7:F2:D6;iheartcwithforever";-77;1172002784
00:14:BF:6D:4A:BC;jake&justin";-73;1172002784
00:09:5B:EC:F9:FE;Changeboy1";-78;1172002784
00:0F:F7:48:8E:30;Main";-82;1172002784
00:12:17:31:39:94;lutece";-73;1172002784
00:18:3F:35:19:D9;SeriesOfTubes";-83;1172002784
00:13:10:03:29:76;01Home";-74;1172002784
00:09:5B:87:AB:24;AKIMBO";-77;1172002784
00:E0:B8:6C:D6:2C;Gateway";-75;1172002784
00:18:39:78:3A:F3;dams";-80;1172002784
00:16:B6:A9:70:A1;linksysb&b";-84;1172002784
00:0F:B3:1D:3A:7B;<hidden>";-77;1172002784
00:0F:66:52:EC:04;pharmasist";-73;1172002784
00:0F:B3:86:AF:D3;ACTIONTEC";-78;1172002784
02:04:23:CA:3A:A9;linksysb&b";-81;1172002784
00:0C:41:78:56:E6;Lan-lanolin? Like sheep's wool?"";-81;1172002784
00:13:10:2C:98:38;cougs";-81;1172002784
00:09:5B:DE:E6:F6;NETGEAR";-77;1172002784
00:11:95:72:47:26;4808-wanna connect?";-74;1172002784
00:14:A5:88:8F:9A;wireless";-73;1172002784
00:13:10:86:97:7A;linksys";-83;1172002784
00:15:05:03:25:8F;here";-79;1172002784
00:09:5B:3A:22:E2;Daybreak";-76;1172002784
00:16:01:0F:BD:C1;0016010FBDC0";-76;1172002784
00:17:59:F0:3F:40;vm-mobile1";-73;1172002784
00:17:59:F0:3F:45;vmguest";-74;1172002784
00:12:01:E5:2D:A0;ChildrensFamilyInternet";-79;1172002784
00:17:59:2C:52:D0;vm-mobile1";-75;1172002784
00:17:59:2C:52:D5;vmguest";-73;1172002784
00:17:59:F0:1F:30;vm-mobile1";-71;1172002784
00:17:59:2C:72:80;vm-mobile1";-78;1172002784
00:17:59:2C:72:85;vmguest";-78;1172002784
00:17:59:F0:1F:35;vmguest";-74;1172002784
00:17:59:2C:6E:70;vm-mobile1";-80;1172002784
00:17:59:2C:6E:75;vmguest";-79;1172002784
00:17:0E:08:5F:D5;vmguest";-75;1172002784
00:17:59:2C:72:00;vm-mobile1";-69;1172002784
00:17:59:2C:72:05;vmguest";-65;1172002784
00:14:6C:FF:2C:CC;Jim Ward";-79;1172002786
00:13:21:57:B5:27;NWAA";-70;1172002786
00:13:21:57:C5:B1;NWAA";-69;1172002786
00:15:E9:75:6E:26;yogamaster";-74;1172002786
00:0F:B3:5A:D5:ED;SPP";-53;1172002786
00:13:10:69:CE:08;linksys 10";-79;1172002786
00:0C:41:B7:64:8E;<hidden>";-81;1172002786
00:14:51:77:67:B9;Chezzle";-78;1172002786
00:12:17:19:A5:5B;your mom";-78;1172002786
00:15:E9:76:5C:86;Triangle House Network";-69;1172002786
00:18:39:CE:3A:C3;JABS";-79;1172002786
00:09:5B:9B:AC:10;<hidden>";-79;1172002786
00:14:BF:1E:24:2A;monkeysgomoo";-72;1172002786
00:14:BF:6D:4A:BC;jake&justin";-73;1172002786
00:0F:F7:48:8E:30;Main";-82;1172002786
00:12:17:31:39:94;lutece";-73;1172002786
00:18:3F:35:19:D9;SeriesOfTubes";-83;1172002786
00:13:10:03:29:76;01Home";-79;1172002786
00:E0:B8:6C:D6:2C;Gateway";-75;1172002786
00:18:39:78:3A:F3;dams";-80;1172002786
00:16:B6:A9:70:A1;linksysb&b";-84;1172002786
00:0F:B3:1D:3A:7B;<hidden>";-77;1172002786
00:0F:66:52:EC:04;pharmasist";-73;1172002786
00:0F:B3:86:AF:D3;ACTIONTEC";-78;1172002786
02:04:23:CA:3A:A9;linksysb&b";-81;1172002786
00:0C:41:78:56:E6;Lan-lanolin? Like sheep's wool?"";-81;1172002786
00:13:10:2C:98:38;cougs";-81;1172002786
00:09:5B:DE:E6:F6;NETGEAR";-77;1172002786
00:11:95:72:47:26;4808-wanna connect?";-74;1172002786
00:14:A5:88:8F:9A;wireless";-73;1172002786
00:13:10:86:97:7A;linksys";-83;1172002786
00:15:05:03:25:8F;here";-79;1172002786
00:09:5B:3A:22:E2;Daybreak";-76;1172002786
00:16:01:0F:BD:C1;0016010FBDC0";-76;1172002786
00:17:59:F0:3F:40;vm-mobile1";-80;1172002786
00:17:59:F0:3F:45;vmguest";-78;1172002786
00:12:01:E5:2D:A0;ChildrensFamilyInternet";-79;1172002786
00:17:59:2C:52:D0;vm-mobile1";-75;1172002786
00:17:59:2C:52:D5;vmguest";-76;1172002786
00:17:59:F0:1F:30;vm-mobile1";-71;1172002786
00:17:59:2C:72:80;vm-mobile1";-78;1172002786
00:17:59:2C:72:85;vmguest";-78;1172002786
00:17:59:F0:1F:35;vmguest";-74;1172002786
00:17:59:2C:6E:70;vm-mobile1";-80;1172002786
00:17:59:2C:6E:75;vmguest";-79;1172002786
00:17:0E:08:5F:D5;vmguest";-81;1172002786
00:17:59:2C:72:00;vm-mobile1";-69;1172002786
00:17:59:2C:72:05;vmguest";-80;1172002786
00:17:0E:08:5F:D0;vm-mobile1";-71;1172002786
00:20:E0:1D:78:51;UNREIN";-72;1172002786
00:14:BF:7D:31:70;shulerd_sessionsh_051301";-79;1172002786
00:14:95:84:40:E1;<hidden>";-77;1172002786
00:90:4C:91:00:01;NWAAPH";-82;1172002786
00:14:6C:FF:2C:CC;Jim Ward";-79;1172002787
00:13:21:57:B5:27;NWAA";-74;1172002787
00:13:21:57:C5:B1;NWAA";-73;1172002787
00:15:E9:75:6E:26;yogamaster";-66;1172002787
00:0F:B3:5A:D5:ED;SPP";-71;1172002787
00:13:10:69:CE:08;linksys 10";-79;1172002787
00:0C:41:B7:64:8E;<hidden>";-81;1172002787
00:14:51:77:67:B9;Chezzle";-78;1172002787
00:12:17:19:A5:5B;your mom";-78;1172002787
00:15:E9:76:5C:86;Triangle House Network";-69;1172002787
00:18:39:CE:3A:C3;JABS";-79;1172002787
00:09:5B:9B:AC:10;<hidden>";-79;1172002787
00:0F:F7:48:8E:30;Main";-82;1172002787
00:12:17:31:39:94;lutece";-73;1172002787
00:18:3F:35:19:D9;SeriesOfTubes";-83;1172002787
00:13:10:03:29:76;01Home";-79;1172002787
00:E0:B8:6C:D6:2C;Gateway";-75;1172002787
00:18:39:78:3A:F3;dams";-80;1172002787
00:16:B6:A9:70:A1;linksysb&b";-84;1172002787
00:0F:B3:1D:3A:7B;<hidden>";-77;1172002787
00:0F:66:52:EC:04;pharmasist";-73;1172002787
00:0F:B3:86:AF:D3;ACTIONTEC";-78;1172002787
02:04:23:CA:3A:A9;linksysb&b";-81;1172002787
00:0C:41:78:56:E6;Lan-lanolin? Like sheep's wool?"";-81;1172002787
00:13:10:2C:98:38;cougs";-81;1172002787
00:09:5B:DE:E6:F6;NETGEAR";-77;1172002787
00:11:95:72:47:26;4808-wanna connect?";-74;1172002787
00:14:A5:88:8F:9A;wireless";-73;1172002787
00:13:10:86:97:7A;linksys";-83;1172002787
00:15:05:03:25:8F;here";-79;1172002787
00:09:5B:3A:22:E2;Daybreak";-76;1172002787
00:16:01:0F:BD:C1;0016010FBDC0";-76;1172002787
00:17:59:F0:3F:40;vm-mobile1";-80;1172002787
00:17:59:F0:3F:45;vmguest";-78;1172002787
00:12:01:E5:2D:A0;ChildrensFamilyInternet";-79;1172002787
00:17:59:2C:52:D0;vm-mobile1";-75;1172002787
00:17:59:2C:52:D5;vmguest";-76;1172002787
00:17:59:F0:1F:30;vm-mobile1";-71;1172002787
00:17:59:2C:72:80;vm-mobile1";-78;1172002787
00:17:59:2C:72:85;vmguest";-78;1172002787
00:17:59:F0:1F:35;vmguest";-74;1172002787
00:17:59:2C:6E:70;vm-mobile1";-80;1172002787
00:17:59:2C:6E:75;vmguest";-79;1172002787
00:17:0E:08:5F:D5;vmguest";-81;1172002787
00:17:59:2C:72:00;vm-mobile1";-69;1172002787
00:17:59:2C:72:05;vmguest";-82;1172002787
00:17:0E:08:5F:D0;vm-mobile1";-71;1172002787
00:20:E0:1D:78:51;UNREIN";-72;1172002787
00:14:BF:7D:31:70;shulerd_sessionsh_051301";-79;1172002787
00:14:95:84:40:E1;<hidden>";-76;1172002787
00:90:4C:91:00:01;NWAAPH";-82;1172002787
00:14:6C:FF:2C:CC;Jim Ward";-77;1172002788
00:13:21:57:B5:27;NWAA";-64;1172002788
00:12:17:7B:02:20;st-g";-83;1172002788
00:13:21:57:C5:B1;NWAA";-73;1172002788
00:15:E9:75:6E:26;yogamaster";-80;1172002788
00:0F:B3:5A:D5:ED;SPP";-72;1172002788
00:13:10:69:CE:08;linksys 10";-79;1172002788
00:0C:41:B7:64:8E;<hidden>";-81;1172002788
00:14:51:77:67:B9;Chezzle";-78;1172002788
00:12:17:19:A5:5B;your mom";-78;1172002788
00:15:E9:76:5C:86;Triangle House Network";-69;1172002788
00:09:5B:9B:AC:10;<hidden>";-79;1172002788
00:0F:F7:48:8E:30;Main";-82;1172002788
00:13:10:03:29:76;01Home";-79;1172002788
00:16:B6:A9:70:A1;linksysb&b";-84;1172002788
00:0F:B3:86:AF:D3;ACTIONTEC";-78;1172002788
02:04:23:CA:3A:A9;linksysb&b";-81;1172002788
00:0C:41:78:56:E6;Lan-lanolin? Like sheep's wool?"";-81;1172002788
00:13:10:2C:98:38;cougs";-81;1172002788
00:09:5B:DE:E6:F6;NETGEAR";-77;1172002788
00:11:95:72:47:26;4808-wanna connect?";-74;1172002788
00:14:A5:88:8F:9A;wireless";-73;1172002788
00:13:10:86:97:7A;linksys";-83;1172002788
00:15:05:03:25:8F;here";-79;1172002788
00:09:5B:3A:22:E2;Daybreak";-76;1172002788
00:16:01:0F:BD:C1;0016010FBDC0";-76;1172002788
00:17:59:F0:3F:40;vm-mobile1";-80;1172002788
00:17:59:F0:3F:45;vmguest";-78;1172002788
00:12:01:E5:2D:A0;ChildrensFamilyInternet";-79;1172002788
00:17:59:2C:52:D0;vm-mobile1";-75;1172002788
00:17:59:2C:52:D5;vmguest";-76;1172002788
00:17:59:F0:1F:30;vm-mobile1";-71;1172002788
00:17:59:2C:72:80;vm-mobile1";-78;1172002788
00:17:59:2C:72:85;vmguest";-78;1172002788
00:17:59:F0:1F:35;vmguest";-74;1172002788
00:17:59:2C:6E:70;vm-mobile1";-80;1172002788
00:17:59:2C:6E:75;vmguest";-79;1172002788
00:17:0E:08:5F:D5;vmguest";-81;1172002788
00:17:59:2C:72:00;vm-mobile1";-69;1172002788
00:17:59:2C:72:05;vmguest";-82;1172002788
00:17:0E:08:5F:D0;vm-mobile1";-71;1172002788
00:20:E0:1D:78:51;UNREIN";-72;1172002788
00:14:BF:7D:31:70;shulerd_sessionsh_051301";-79;1172002788
00:14:95:84:40:E1;<hidden>";-72;1172002788
00:90:4C:91:00:01;NWAAPH";-82;1172002788
00:09:5B:47:66:84;Wireless";-67;1172002788
00:14:BF:7C:25:4E;linksys";-80;1172002788
00:14:6C:FF:2C:CC;Jim Ward";-68;1172002790
00:13:21:57:B5:27;NWAA";-71;1172002790
00:12:17:7B:02:20;st-g";-80;1172002790
00:13:21:57:C5:B1;NWAA";-79;1172002790
00:15:E9:75:6E:26;yogamaster";-80;1172002790
00:0F:B3:5A:D5:ED;SPP";-80;1172002790
00:13:10:69:CE:08;linksys 10";-79;1172002790
00:0C:41:B7:64:8E;<hidden>";-81;1172002790
00:14:51:77:67:B9;Chezzle";-78;1172002790
00:0F:F7:48:8E:30;Main";-82;1172002790
00:13:10:03:29:76;01Home";-79;1172002790
00:16:B6:A9:70:A1;linksysb&b";-84;1172002790
02:04:23:CA:3A:A9;linksysb&b";-81;1172002790
00:0C:41:78:56:E6;Lan-lanolin? Like sheep's wool?"";-81;1172002790
00:13:10:2C:98:38;cougs";-81;1172002790
00:09:5B:DE:E6:F6;NETGEAR";-77;1172002790
00:11:95:72:47:26;4808-wanna connect?";-74;1172002790
00:14:A5:88:8F:9A;wireless";-73;1172002790
00:13:10:86:97:7A;linksys";-83;1172002790
00:15:05:03:25:8F;here";-79;1172002790
00:09:5B:3A:22:E2;Daybreak";-76;1172002790
00:16:01:0F:BD:C1;0016010FBDC0";-76;1172002790
00:17:59:F0:3F:40;vm-mobile1";-80;1172002790
00:17:59:F0:3F:45;vmguest";-78;1172002790
00:12:01:E5:2D:A0;ChildrensFamilyInternet";-79;1172002790
00:17:59:2C:52:D0;vm-mobile1";-75;1172002790
00:17:59:2C:52:D5;vmguest";-76;1172002790
00:17:59:F0:1F:30;vm-mobile1";-71;1172002790
00:17:59:2C:72:80;vm-mobile1";-78;1172002790
00:17:59:2C:72:85;vmguest";-78;1172002790
00:17:59:F0:1F:35;vmguest";-74;1172002790
00:17:59:2C:6E:70;vm-mobile1";-80;1172002790
00:17:59:2C:6E:75;vmguest";-79;1172002790
00:17:0E:08:5F:D5;vmguest";-81;1172002790
00:17:59:2C:72:00;vm-mobile1";-69;1172002790
00:17:59:2C:72:05;vmguest";-82;1172002790
00:17:0E:08:5F:D0;vm-mobile1";-71;1172002790
00:20:E0:1D:78:51;UNREIN";-72;1172002790
00:14:BF:7D:31:70;shulerd_sessionsh_051301";-79;1172002790
00:14:95:84:40:E1;<hidden>";-74;1172002790
00:90:4C:91:00:01;NWAAPH";-75;1172002790
00:09:5B:47:66:84;Wireless";-76;1172002790
00:14:BF:7C:25:4E;linksys";-71;1172002790
00:13:10:E4:76:FE;parker";-76;1172002790
00:14:6C:FF:2C:CC;Jim Ward";-69;1172002791
00:13:21:57:B5:27;NWAA";-79;1172002791
00:12:17:7B:02:20;st-g";-80;1172002791
00:13:21:57:C5:B1;NWAA";-83;1172002791
00:15:E9:75:6E:26;yogamaster";-80;1172002791
00:0F:B3:5A:D5:ED;SPP";-80;1172002791
00:13:10:69:CE:08;linksys 10";-79;1172002791
00:0C:41:B7:64:8E;<hidden>";-81;1172002791
00:14:51:77:67:B9;Chezzle";-78;1172002791
00:0F:F7:48:8E:30;Main";-82;1172002791
00:13:10:03:29:76;01Home";-79;1172002791
00:16:B6:A9:70:A1;linksysb&b";-84;1172002791
02:04:23:CA:3A:A9;linksysb&b";-81;1172002791
00:0C:41:78:56:E6;Lan-lanolin? Like sheep's wool?"";-81;1172002791
00:13:10:2C:98:38;cougs";-81;1172002791
00:09:5B:DE:E6:F6;NETGEAR";-77;1172002791
00:11:95:72:47:26;4808-wanna connect?";-74;1172002791
00:14:A5:88:8F:9A;wireless";-73;1172002791
00:13:10:86:97:7A;linksys";-83;1172002791
00:15:05:03:25:8F;here";-79;1172002791
00:09:5B:3A:22:E2;Daybreak";-76;1172002791
00:16:01:0F:BD:C1;0016010FBDC0";-76;1172002791
00:17:59:F0:3F:40;vm-mobile1";-80;1172002791
00:17:59:F0:3F:45;vmguest";-78;1172002791
00:12:01:E5:2D:A0;ChildrensFamilyInternet";-79;1172002791
00:17:59:2C:52:D0;vm-mobile1";-75;1172002791
00:17:59:2C:52:D5;vmguest";-76;1172002791
00:17:59:F0:1F:30;vm-mobile1";-71;1172002791
00:17:59:2C:72:80;vm-mobile1";-78;1172002791
00:17:59:2C:72:85;vmguest";-78;1172002791
00:17:59:F0:1F:35;vmguest";-74;1172002791
00:17:59:2C:6E:70;vm-mobile1";-80;1172002791
00:17:59:2C:6E:75;vmguest";-79;1172002791
00:17:0E:08:5F:D5;vmguest";-81;1172002791
00:17:59:2C:72:00;vm-mobile1";-69;1172002791
00:17:59:2C:72:05;vmguest";-82;1172002791
00:17:0E:08:5F:D0;vm-mobile1";-71;1172002791
00:20:E0:1D:78:51;UNREIN";-72;1172002791
00:14:BF:7D:31:70;shulerd_sessionsh_051301";-79;1172002791
00:14:95:84:40:E1;<hidden>";-74;1172002791
00:90:4C:91:00:01;NWAAPH";-75;1172002791
00:09:5B:47:66:84;Wireless";-77;1172002791
00:14:BF:7C:25:4E;linksys";-71;1172002791
00:13:10:E4:76:FE;parker";-76;1172002791
00:0F:B3:61:56:5D;WIRELESSMODEM";-71;1172002791
00:14:6C:FF:2C:CC;Jim Ward";-66;1172002793
00:13:21:57:B5:27;NWAA";-74;1172002793
00:12:17:7B:02:20;st-g";-80;1172002793
00:13:21:57:C5:B1;NWAA";-79;1172002793
00:15:E9:75:6E:26;yogamaster";-80;1172002793
00:0F:B3:5A:D5:ED;SPP";-80;1172002793
00:13:10:69:CE:08;linksys 10";-79;1172002793
00:0C:41:B7:64:8E;<hidden>";-81;1172002793
00:14:51:77:67:B9;Chezzle";-78;1172002793
00:0F:F7:48:8E:30;Main";-82;1172002793
00:13:10:03:29:76;01Home";-79;1172002793
02:04:23:CA:3A:A9;linksysb&b";-81;1172002793
00:0C:41:78:56:E6;Lan-lanolin? Like sheep's wool?"";-81;1172002793
00:09:5B:DE:E6:F6;NETGEAR";-77;1172002793
00:14:A5:88:8F:9A;wireless";-73;1172002793
00:13:10:86:97:7A;linksys";-83;1172002793
00:15:05:03:25:8F;here";-79;1172002793
00:09:5B:3A:22:E2;Daybreak";-76;1172002793
00:16:01:0F:BD:C1;0016010FBDC0";-76;1172002793
00:17:59:F0:3F:40;vm-mobile1";-80;1172002793
00:17:59:F0:3F:45;vmguest";-78;1172002793
00:12:01:E5:2D:A0;ChildrensFamilyInternet";-79;1172002793
00:17:59:2C:52:D0;vm-mobile1";-75;1172002793
00:17:59:2C:52:D5;vmguest";-76;1172002793
00:17:59:F0:1F:30;vm-mobile1";-71;1172002793
00:17:59:2C:72:80;vm-mobile1";-78;1172002793
00:17:59:2C:72:85;vmguest";-78;1172002793
00:17:59:F0:1F:35;vmguest";-74;1172002793
00:17:59:2C:6E:70;vm-mobile1";-80;1172002793
00:17:59:2C:6E:75;vmguest";-79;1172002793
00:17:0E:08:5F:D5;vmguest";-81;1172002793
00:17:59:2C:72:00;vm-mobile1";-69;1172002793
00:17:59:2C:72:05;vmguest";-82;1172002793
00:17:0E:08:5F:D0;vm-mobile1";-71;1172002793
00:20:E0:1D:78:51;UNREIN";-72;1172002793
00:14:BF:7D:31:70;shulerd_sessionsh_051301";-79;1172002793
00:14:95:84:40:E1;<hidden>";-74;1172002793
00:90:4C:91:00:01;NWAAPH";-81;1172002793
00:09:5B:47:66:84;Wireless";-77;1172002793
00:14:BF:7C:25:4E;linksys";-74;1172002793
00:13:10:E4:76:FE;parker";-76;1172002793
00:0F:B3:61:56:5D;WIRELESSMODEM";-71;1172002793
00:14:6C:FF:2C:CC;Jim Ward";-59;1172002794
00:13:21:57:B5:27;NWAA";-79;1172002794
00:12:17:7B:02:20;st-g";-80;1172002794
00:13:21:57:C5:B1;NWAA";-77;1172002794
00:15:E9:75:6E:26;yogamaster";-80;1172002794
00:0F:B3:5A:D5:ED;SPP";-80;1172002794
00:13:10:69:CE:08;linksys 10";-79;1172002794
00:0F:F7:48:8E:30;Main";-82;1172002794
00:13:10:03:29:76;01Home";-79;1172002794
00:14:A5:88:8F:9A;wireless";-73;1172002794
00:17:59:F0:3F:40;vm-mobile1";-80;1172002794
00:17:59:F0:3F:45;vmguest";-78;1172002794
00:12:01:E5:2D:A0;ChildrensFamilyInternet";-79;1172002794
00:17:59:2C:52:D0;vm-mobile1";-75;1172002794
00:17:59:2C:52:D5;vmguest";-76;1172002794
00:17:59:F0:1F:30;vm-mobile1";-71;1172002794
00:17:59:2C:72:80;vm-mobile1";-78;1172002794
00:17:59:2C:72:85;vmguest";-78;1172002794
00:17:59:F0:1F:35;vmguest";-74;1172002794
00:17:59:2C:6E:70;vm-mobile1";-80;1172002794
00:17:59:2C:6E:75;vmguest";-79;1172002794
00:17:0E:08:5F:D5;vmguest";-81;1172002794
00:17:59:2C:72:00;vm-mobile1";-69;1172002794
00:17:59:2C:72:05;vmguest";-82;1172002794
00:17:0E:08:5F:D0;vm-mobile1";-71;1172002794
00:20:E0:1D:78:51;UNREIN";-72;1172002794
00:14:BF:7D:31:70;shulerd_sessionsh_051301";-79;1172002794
00:14:95:84:40:E1;<hidden>";-74;1172002794
00:90:4C:91:00:01;NWAAPH";-81;1172002794
00:09:5B:47:66:84;Wireless";-77;1172002794
00:14:BF:7C:25:4E;linksys";-74;1172002794
00:13:10:E4:76:FE;parker";-76;1172002794
00:0F:B3:61:56:5D;WIRELESSMODEM";-71;1172002794
00:14:6C:FF:2C:CC;Jim Ward";-64;1172002796
00:13:21:57:B5:27;NWAA";-78;1172002796
00:12:17:7B:02:20;st-g";-80;1172002796
00:13:21:57:C5:B1;NWAA";-77;1172002796
00:15:E9:75:6E:26;yogamaster";-80;1172002796
00:0F:B3:5A:D5:ED;SPP";-80;1172002796
00:13:10:69:CE:08;linksys 10";-79;1172002796
00:0F:F7:48:8E:30;Main";-82;1172002796
00:13:10:03:29:76;01Home";-79;1172002796
00:14:A5:88:8F:9A;wireless";-73;1172002796
00:17:59:F0:3F:40;vm-mobile1";-80;1172002796
00:17:59:F0:3F:45;vmguest";-78;1172002796
00:12:01:E5:2D:A0;ChildrensFamilyInternet";-79;1172002796
00:17:59:2C:52:D0;vm-mobile1";-75;1172002796
00:17:59:2C:52:D5;vmguest";-76;1172002796
00:17:59:F0:1F:30;vm-mobile1";-71;1172002796
00:17:59:2C:72:80;vm-mobile1";-78;1172002796
00:17:59:2C:72:85;vmguest";-78;1172002796
00:17:59:F0:1F:35;vmguest";-74;1172002796
00:17:59:2C:6E:70;vm-mobile1";-80;1172002796
00:17:59:2C:6E:75;vmguest";-79;1172002796
00:17:0E:08:5F:D5;vmguest";-81;1172002796
00:17:59:2C:72:00;vm-mobile1";-69;1172002796
00:17:59:2C:72:05;vmguest";-82;1172002796
00:17:0E:08:5F:D0;vm-mobile1";-71;1172002796
00:20:E0:1D:78:51;UNREIN";-72;1172002796
00:14:BF:7D:31:70;shulerd_sessionsh_051301";-79;1172002796
00:14:95:84:40:E1;<hidden>";-74;1172002796
00:90:4C:91:00:01;NWAAPH";-80;1172002796
00:09:5B:47:66:84;Wireless";-77;1172002796
00:14:BF:7C:25:4E;linksys";-77;1172002796
00:13:10:E4:76:FE;parker";-76;1172002796
00:0F:B3:61:56:5D;WIRELESSMODEM";-75;1172002796
00:13:10:0E:C0:45;Laurelhurst";-79;1172002796
00:0D:BD:43:EB:08;NNU-WiFi";-66;1172002796
00:14:6C:FF:2C:CC;Jim Ward";-64;1172002797
00:13:21:57:B5:27;NWAA";-82;1172002797
00:12:17:7B:02:20;st-g";-80;1172002797
00:13:21:57:C5:B1;NWAA";-77;1172002797
00:15:E9:75:6E:26;yogamaster";-80;1172002797
00:0F:B3:5A:D5:ED;SPP";-80;1172002797
00:13:10:69:CE:08;linksys 10";-79;1172002797
00:0F:F7:48:8E:30;Main";-82;1172002797
00:13:10:03:29:76;01Home";-79;1172002797
00:17:59:F0:3F:40;vm-mobile1";-80;1172002797
00:17:59:F0:3F:45;vmguest";-78;1172002797
00:12:01:E5:2D:A0;ChildrensFamilyInternet";-79;1172002797
00:17:59:2C:52:D0;vm-mobile1";-75;1172002797
00:17:59:2C:52:D5;vmguest";-76;1172002797
00:17:59:F0:1F:30;vm-mobile1";-71;1172002797
00:17:59:2C:72:80;vm-mobile1";-78;1172002797
00:17:59:2C:72:85;vmguest";-78;1172002797
00:17:59:F0:1F:35;vmguest";-74;1172002797
00:17:59:2C:6E:70;vm-mobile1";-80;1172002797
00:17:59:2C:6E:75;vmguest";-79;1172002797
00:17:0E:08:5F:D5;vmguest";-81;1172002797
00:17:59:2C:72:00;vm-mobile1";-69;1172002797
00:17:59:2C:72:05;vmguest";-82;1172002797
00:17:0E:08:5F:D0;vm-mobile1";-71;1172002797
00:20:E0:1D:78:51;UNREIN";-72;1172002797
00:14:BF:7D:31:70;shulerd_sessionsh_051301";-79;1172002797
00:14:95:84:40:E1;<hidden>";-74;1172002797
00:90:4C:91:00:01;NWAAPH";-80;1172002797
00:09:5B:47:66:84;Wireless";-83;1172002797
00:14:BF:7C:25:4E;linksys";-77;1172002797
00:13:10:E4:76:FE;parker";-76;1172002797
00:0F:B3:61:56:5D;WIRELESSMODEM";-74;1172002797
00:13:10:0E:C0:45;Laurelhurst";-83;1172002797
00:0D:BD:43:EB:08;NNU-WiFi";-66;1172002797
00:14:6C:FF:2C:CC;Jim Ward";-63;1172002799
00:13:21:57:B5:27;NWAA";-71;1172002799
00:12:17:7B:02:20;st-g";-80;1172002799
00:13:21:57:C5:B1;NWAA";-77;1172002799
00:15:E9:75:6E:26;yogamaster";-80;1172002799
00:0F:B3:5A:D5:ED;SPP";-80;1172002799
00:13:10:69:CE:08;linksys 10";-79;1172002799
00:13:10:03:29:76;01Home";-79;1172002799
00:17:59:F0:3F:40;vm-mobile1";-80;1172002799
00:17:59:F0:3F:45;vmguest";-78;1172002799
00:17:59:2C:52:D0;vm-mobile1";-75;1172002799
00:17:59:2C:52:D5;vmguest";-76;1172002799
00:17:59:F0:1F:30;vm-mobile1";-71;1172002799
00:17:59:F0:1F:35;vmguest";-74;1172002799
00:17:0E:08:5F:D5;vmguest";-81;1172002799
00:17:59:2C:72:00;vm-mobile1";-69;1172002799
00:17:59:2C:72:05;vmguest";-82;1172002799
00:17:0E:08:5F:D0;vm-mobile1";-71;1172002799
00:20:E0:1D:78:51;UNREIN";-72;1172002799
00:14:BF:7D:31:70;shulerd_sessionsh_051301";-79;1172002799
00:14:95:84:40:E1;<hidden>";-74;1172002799
00:90:4C:91:00:01;NWAAPH";-80;1172002799
00:09:5B:47:66:84;Wireless";-83;1172002799
00:14:BF:7C:25:4E;linksys";-77;1172002799
00:13:10:E4:76:FE;parker";-76;1172002799
00:0F:B3:61:56:5D;WIRELESSMODEM";-74;1172002799
00:13:10:0E:C0:45;Laurelhurst";-80;1172002799
00:0D:BD:43:EB:08;NNU-WiFi";-71;1172002799
00:14:6C:FF:2C:CC;Jim Ward";-67;1172002800
00:13:21:57:B5:27;NWAA";-75;1172002800
00:12:17:7B:02:20;st-g";-80;1172002800
00:13:21:57:C5:B1;NWAA";-77;1172002800
00:15:E9:75:6E:26;yogamaster";-80;1172002800
00:0F:B3:5A:D5:ED;SPP";-80;1172002800
00:13:10:69:CE:08;linksys 10";-79;1172002800
00:13:10:03:29:76;01Home";-79;1172002800
00:17:59:F0:3F:40;vm-mobile1";-80;1172002800
00:17:0E:08:5F:D5;vmguest";-81;1172002800
00:17:59:2C:72:05;vmguest";-82;1172002800
00:20:E0:1D:78:51;UNREIN";-72;1172002800
00:14:95:84:40:E1;<hidden>";-74;1172002800
00:90:4C:91:00:01;NWAAPH";-80;1172002800
00:09:5B:47:66:84;Wireless";-83;1172002800
00:14:BF:7C:25:4E;linksys";-79;1172002800
00:13:10:E4:76:FE;parker";-76;1172002800
00:0F:B3:61:56:5D;WIRELESSMODEM";-73;1172002800
00:13:10:0E:C0:45;Laurelhurst";-82;1172002800
00:0D:BD:43:EB:08;NNU-WiFi";-71;1172002800
00:14:6C:FF:2C:CC;Jim Ward";-69;1172002801
00:13:21:57:B5:27;NWAA";-84;1172002801
00:12:17:7B:02:20;st-g";-80;1172002801
00:13:21:57:C5:B1;NWAA";-77;1172002801
00:15:E9:75:6E:26;yogamaster";-80;1172002801
00:0F:B3:5A:D5:ED;SPP";-80;1172002801
00:17:59:2C:72:05;vmguest";-82;1172002801
00:14:95:84:40:E1;<hidden>";-74;1172002801
00:90:4C:91:00:01;NWAAPH";-80;1172002801
00:09:5B:47:66:84;Wireless";-83;1172002801
00:14:BF:7C:25:4E;linksys";-79;1172002801
00:13:10:E4:76:FE;parker";-76;1172002801
00:0F:B3:61:56:5D;WIRELESSMODEM";-73;1172002801
00:13:10:0E:C0:45;Laurelhurst";-78;1172002801
00:0D:BD:43:EB:08;NNU-WiFi";-69;1172002801
00:14:6C:FF:2C:CC;Jim Ward";-64;1172002803
00:13:21:57:B5:27;NWAA";-84;1172002803
00:12:17:7B:02:20;st-g";-80;1172002803
00:13:21:57:C5:B1;NWAA";-77;1172002803
00:0F:B3:5A:D5:ED;SPP";-80;1172002803
00:14:95:84:40:E1;<hidden>";-74;1172002803
00:90:4C:91:00:01;NWAAPH";-80;1172002803
00:09:5B:47:66:84;Wireless";-83;1172002803
00:14:BF:7C:25:4E;linksys";-72;1172002803
00:13:10:E4:76:FE;parker";-76;1172002803
00:0F:B3:61:56:5D;WIRELESSMODEM";-77;1172002803
00:13:10:0E:C0:45;Laurelhurst";-77;1172002803
00:0D:BD:43:EB:08;NNU-WiFi";-69;1172002803
00:14:6C:FF:2C:CC;Jim Ward";-68;1172002804
00:13:21:57:B5:27;NWAA";-79;1172002804
00:12:17:7B:02:20;st-g";-80;1172002804
00:13:21:57:C5:B1;NWAA";-77;1172002804
00:0F:B3:5A:D5:ED;SPP";-80;1172002804
00:90:4C:91:00:01;NWAAPH";-80;1172002804
00:09:5B:47:66:84;Wireless";-83;1172002804
00:14:BF:7C:25:4E;linksys";-81;1172002804
00:0F:B3:61:56:5D;WIRELESSMODEM";-77;1172002804
00:13:10:0E:C0:45;Laurelhurst";-77;1172002804
00:0D:BD:43:EB:08;NNU-WiFi";-70;1172002804
00:14:6C:FF:2C:CC;Jim Ward";-70;1172002805
00:13:21:57:B5:27;NWAA";-79;1172002805
00:13:21:57:C5:B1;NWAA";-77;1172002805
00:90:4C:91:00:01;NWAAPH";-80;1172002805
00:09:5B:47:66:84;Wireless";-83;1172002805
00:14:BF:7C:25:4E;linksys";-81;1172002805
00:0F:B3:61:56:5D;WIRELESSMODEM";-77;1172002805
00:13:10:0E:C0:45;Laurelhurst";-79;1172002805
00:0D:BD:43:EB:08;NNU-WiFi";-72;1172002805
00:14:6C:FF:2C:CC;Jim Ward";-80;1172002807
00:13:21:57:B5:27;NWAA";-79;1172002807
00:13:21:57:C5:B1;NWAA";-77;1172002807
00:90:4C:91:00:01;NWAAPH";-80;1172002807
00:09:5B:47:66:84;Wireless";-83;1172002807
00:14:BF:7C:25:4E;linksys";-81;1172002807
00:0F:B3:61:56:5D;WIRELESSMODEM";-77;1172002807
00:13:10:0E:C0:45;Laurelhurst";-76;1172002807
00:0D:BD:43:EB:08;NNU-WiFi";-72;1172002807
00:14:6C:FF:2C:CC;Jim Ward";-81;1172002808
00:13:21:57:B5:27;NWAA";-79;1172002808
00:90:4C:91:00:01;NWAAPH";-80;1172002808
00:09:5B:47:66:84;Wireless";-83;1172002808
00:14:BF:7C:25:4E;linksys";-81;1172002808
00:0F:B3:61:56:5D;WIRELESSMODEM";-77;1172002808
00:13:10:0E:C0:45;Laurelhurst";-81;1172002808
00:0D:BD:43:EB:08;NNU-WiFi";-72;1172002808
00:14:6C:FF:2C:CC;Jim Ward";-75;1172002810
00:13:21:57:B5:27;NWAA";-79;1172002810
00:90:4C:91:00:01;NWAAPH";-80;1172002810
00:09:5B:47:66:84;Wireless";-83;1172002810
00:14:BF:7C:25:4E;linksys";-81;1172002810
00:0F:B3:61:56:5D;WIRELESSMODEM";-77;1172002810
00:13:10:0E:C0:45;Laurelhurst";-77;1172002810
00:0D:BD:43:EB:08;NNU-WiFi";-72;1172002810
00:14:6C:FF:2C:CC;Jim Ward";-75;1172002811
00:13:21:57:B5:27;NWAA";-79;1172002811
00:90:4C:91:00:01;NWAAPH";-82;1172002811
00:09:5B:47:66:84;Wireless";-83;1172002811
00:14:BF:7C:25:4E;linksys";-81;1172002811
00:0F:B3:61:56:5D;WIRELESSMODEM";-77;1172002811
00:13:10:0E:C0:45;Laurelhurst";-75;1172002811
00:0D:BD:43:EB:08;NNU-WiFi";-75;1172002811
00:14:6C:FF:2C:CC;Jim Ward";-75;1172002812
00:13:21:57:B5:27;NWAA";-79;1172002812
00:90:4C:91:00:01;NWAAPH";-82;1172002812
00:14:BF:7C:25:4E;linksys";-81;1172002812
00:0F:B3:61:56:5D;WIRELESSMODEM";-77;1172002812
00:13:10:0E:C0:45;Laurelhurst";-81;1172002812
00:0D:BD:43:EB:08;NNU-WiFi";-76;1172002812
00:09:5B:C5:8D:C6;netgear";-83;1172002812
00:14:6C:FF:2C:CC;Jim Ward";-75;1172002814
00:13:21:57:B5:27;NWAA";-79;1172002814
00:90:4C:91:00:01;NWAAPH";-82;1172002814
00:14:BF:7C:25:4E;linksys";-81;1172002814
00:0F:B3:61:56:5D;WIRELESSMODEM";-77;1172002814
00:13:10:0E:C0:45;Laurelhurst";-80;1172002814
00:0D:BD:43:EB:08;NNU-WiFi";-76;1172002814
00:09:5B:C5:8D:C6;netgear";-83;1172002814
00:18:F8:A7:5E:93;patchesL";-77;1172002814
00:14:6C:FF:2C:CC;Jim Ward";-75;1172002815
00:13:21:57:B5:27;NWAA";-79;1172002815
00:90:4C:91:00:01;NWAAPH";-82;1172002815
00:14:BF:7C:25:4E;linksys";-81;1172002815
00:0F:B3:61:56:5D;WIRELESSMODEM";-77;1172002815
00:13:10:0E:C0:45;Laurelhurst";-80;1172002815
00:0D:BD:43:EB:08;NNU-WiFi";-79;1172002815
00:09:5B:C5:8D:C6;netgear";-83;1172002815
00:18:F8:A7:5E:93;patchesL";-77;1172002815
00:12:17:74:DF:58;<hidden>";-78;1172002815
00:16:B6:9E:3C:7E;huskies";-80;1172002815
00:14:6C:FF:2C:CC;Jim Ward";-75;1172002817
00:13:21:57:B5:27;NWAA";-79;1172002817
00:90:4C:91:00:01;NWAAPH";-81;1172002817
00:14:BF:7C:25:4E;linksys";-81;1172002817
00:0F:B3:61:56:5D;WIRELESSMODEM";-77;1172002817
00:13:10:0E:C0:45;Laurelhurst";-80;1172002817
00:0D:BD:43:EB:08;NNU-WiFi";-80;1172002817
00:09:5B:C5:8D:C6;netgear";-81;1172002817
00:18:F8:A7:5E:93;patchesL";-77;1172002817
00:12:17:74:DF:58;<hidden>";-78;1172002817
00:16:B6:9E:3C:7E;huskies";-80;1172002817
00:90:4C:7E:00:10;Lander5.1";-79;1172002817
00:14:6C:FF:2C:CC;Jim Ward";-75;1172002818
00:13:21:57:B5:27;NWAA";-79;1172002818
00:90:4C:91:00:01;NWAAPH";-81;1172002818
00:14:BF:7C:25:4E;linksys";-81;1172002818
00:13:10:0E:C0:45;Laurelhurst";-80;1172002818
00:0D:BD:43:EB:08;NNU-WiFi";-79;1172002818
00:09:5B:C5:8D:C6;netgear";-83;1172002818
00:18:F8:A7:5E:93;patchesL";-72;1172002818
00:12:17:74:DF:58;<hidden>";-68;1172002818
00:16:B6:9E:3C:7E;huskies";-80;1172002818
00:90:4C:7E:00:10;Lander5.1";-81;1172002818
00:12:17:74:C7:B8;<hidden>";-79;1172002818
00:11:50:97:8D:64;BubbaGumpShrimpCo";-79;1172002818
00:14:6C:FF:2C:CC;Jim Ward";-75;1172002820
00:90:4C:91:00:01;NWAAPH";-81;1172002820
00:13:10:0E:C0:45;Laurelhurst";-80;1172002820
00:0D:BD:43:EB:08;NNU-WiFi";-78;1172002820
00:09:5B:C5:8D:C6;netgear";-78;1172002820
00:18:F8:A7:5E:93;patchesL";-77;1172002820
00:12:17:74:DF:58;<hidden>";-68;1172002820
00:16:B6:9E:3C:7E;huskies";-77;1172002820
00:90:4C:7E:00:10;Lander5.1";-70;1172002820
00:12:17:74:C7:B8;<hidden>";-65;1172002820
00:11:50:97:8D:64;BubbaGumpShrimpCo";-83;1172002820
00:14:6C:FF:2C:CC;Jim Ward";-75;1172002821
00:90:4C:91:00:01;NWAAPH";-81;1172002821
00:13:10:0E:C0:45;Laurelhurst";-80;1172002821
00:0D:BD:43:EB:08;NNU-WiFi";-71;1172002821
00:09:5B:C5:8D:C6;netgear";-78;1172002821
00:18:F8:A7:5E:93;patchesL";-80;1172002821
00:12:17:74:DF:58;<hidden>";-68;1172002821
00:16:B6:9E:3C:7E;huskies";-76;1172002821
00:90:4C:7E:00:10;Lander5.1";-77;1172002821
00:12:17:74:C7:B8;<hidden>";-65;1172002821
00:11:50:97:8D:64;BubbaGumpShrimpCo";-78;1172002821
00:14:6C:FF:2C:CC;Jim Ward";-75;1172002822
00:90:4C:91:00:01;NWAAPH";-81;1172002822
00:13:10:0E:C0:45;Laurelhurst";-80;1172002822
00:0D:BD:43:EB:08;NNU-WiFi";-70;1172002822
00:09:5B:C5:8D:C6;netgear";-78;1172002822
00:18:F8:A7:5E:93;patchesL";-80;1172002822
00:12:17:74:DF:58;<hidden>";-68;1172002822
00:16:B6:9E:3C:7E;huskies";-73;1172002822
00:90:4C:7E:00:10;Lander5.1";-77;1172002822
00:12:17:74:C7:B8;<hidden>";-62;1172002822
00:11:50:97:8D:64;BubbaGumpShrimpCo";-74;1172002822
00:14:6C:FF:2C:CC;Jim Ward";-75;1172002824
00:90:4C:91:00:01;NWAAPH";-81;1172002824
00:13:10:0E:C0:45;Laurelhurst";-80;1172002824
00:0D:BD:43:EB:08;NNU-WiFi";-67;1172002824
00:09:5B:C5:8D:C6;netgear";-78;1172002824
00:18:F8:A7:5E:93;patchesL";-80;1172002824
00:12:17:74:DF:58;<hidden>";-48;1172002824
00:16:B6:9E:3C:7E;huskies";-73;1172002824
00:90:4C:7E:00:10;Lander5.1";-80;1172002824
00:12:17:74:C7:B8;<hidden>";-62;1172002824
00:11:50:97:8D:64;BubbaGumpShrimpCo";-74;1172002824
00:11:50:2B:73:93;<hidden>";-83;1172002824
00:18:F8:DE:19:33;linksys";-79;1172002824
00:0F:66:BB:1A:58;linksys";-80;1172002824
00:90:4C:91:00:01;NWAAPH";-81;1172002825
00:13:10:0E:C0:45;Laurelhurst";-80;1172002825
00:0D:BD:43:EB:08;NNU-WiFi";-77;1172002825
00:09:5B:C5:8D:C6;netgear";-78;1172002825
00:18:F8:A7:5E:93;patchesL";-80;1172002825
00:12:17:74:DF:58;<hidden>";-48;1172002825
00:16:B6:9E:3C:7E;huskies";-71;1172002825
00:90:4C:7E:00:10;Lander5.1";-71;1172002825
00:12:17:74:C7:B8;<hidden>";-62;1172002825
00:11:50:97:8D:64;BubbaGumpShrimpCo";-66;1172002825
00:11:50:2B:73:93;<hidden>";-83;1172002825
00:18:F8:DE:19:33;linksys";-76;1172002825
00:0F:66:BB:1A:58;linksys";-80;1172002825
00:90:4C:91:00:01;NWAAPH";-81;1172002826
00:13:10:0E:C0:45;Laurelhurst";-80;1172002826
00:0D:BD:43:EB:08;NNU-WiFi";-73;1172002826
00:09:5B:C5:8D:C6;netgear";-78;1172002826
00:18:F8:A7:5E:93;patchesL";-80;1172002826
00:12:17:74:DF:58;<hidden>";-62;1172002826
00:16:B6:9E:3C:7E;huskies";-68;1172002826
00:90:4C:7E:00:10;Lander5.1";-71;1172002826
00:12:17:74:C7:B8;<hidden>";-80;1172002826
00:11:50:97:8D:64;BubbaGumpShrimpCo";-68;1172002826
00:11:50:2B:73:93;<hidden>";-83;1172002826
00:18:F8:DE:19:33;linksys";-68;1172002826
00:0F:66:BB:1A:58;linksys";-80;1172002826
00:0F:66:75:6D:D6;quoruml";-79;1172002826
00:18:39:78:53:65;linksys";-81;1172002826
00:15:E9:DA:B5:24;dlink";-80;1172002826
00:90:4C:91:00:01;NWAAPH";-81;1172002828
00:0D:BD:43:EB:08;NNU-WiFi";-74;1172002828
00:09:5B:C5:8D:C6;netgear";-78;1172002828
00:18:F8:A7:5E:93;patchesL";-80;1172002828
00:12:17:74:DF:58;<hidden>";-60;1172002828
00:16:B6:9E:3C:7E;huskies";-74;1172002828
00:90:4C:7E:00:10;Lander5.1";-83;1172002828
00:12:17:74:C7:B8;<hidden>";-80;1172002828
00:11:50:97:8D:64;BubbaGumpShrimpCo";-72;1172002828
00:11:50:2B:73:93;<hidden>";-83;1172002828
00:18:F8:DE:19:33;linksys";-72;1172002828
00:0F:66:BB:1A:58;linksys";-80;1172002828
00:0F:66:75:6D:D6;quoruml";-68;1172002828
00:18:39:78:53:65;linksys";-81;1172002828
00:15:E9:DA:B5:24;dlink";-70;1172002828
00:18:4D:7E:2A:3C;Kocer Net";-75;1172002828
00:18:4D:81:7F:04;Bad Connection";-77;1172002828
00:0F:B3:7E:B4:F1;avanti";-77;1172002828
00:12:A9:D0:0E:9A;3Com";-77;1172002828
00:90:4C:91:00:01;NWAAPH";-81;1172002829
00:0D:BD:43:EB:08;NNU-WiFi";-77;1172002829
00:09:5B:C5:8D:C6;netgear";-78;1172002829
00:18:F8:A7:5E:93;patchesL";-80;1172002829
00:12:17:74:DF:58;<hidden>";-60;1172002829
00:16:B6:9E:3C:7E;huskies";-74;1172002829
00:90:4C:7E:00:10;Lander5.1";-83;1172002829
00:12:17:74:C7:B8;<hidden>";-80;1172002829
00:11:50:97:8D:64;BubbaGumpShrimpCo";-78;1172002829
00:11:50:2B:73:93;<hidden>";-83;1172002829
00:18:F8:DE:19:33;linksys";-77;1172002829
00:0F:66:BB:1A:58;linksys";-71;1172002829
00:0F:66:75:6D:D6;quoruml";-63;1172002829
00:18:39:78:53:65;linksys";-81;1172002829
00:15:E9:DA:B5:24;dlink";-62;1172002829
00:18:4D:7E:2A:3C;Kocer Net";-77;1172002829
00:18:4D:81:7F:04;Bad Connection";-80;1172002829
00:0F:B3:7E:B4:F1;avanti";-71;1172002829
00:12:A9:D0:0E:9A;3Com";-82;1172002829
00:18:4D:85:82:92;billiejean17";-78;1172002829
00:14:6C:D8:E7:DA;NETGEAR";-80;1172002829
00:90:4C:91:00:01;NWAAPH";-81;1172002831
00:0D:BD:43:EB:08;NNU-WiFi";-76;1172002831
00:09:5B:C5:8D:C6;netgear";-78;1172002831
00:18:F8:A7:5E:93;patchesL";-80;1172002831
00:12:17:74:DF:58;<hidden>";-60;1172002831
00:16:B6:9E:3C:7E;huskies";-74;1172002831
00:90:4C:7E:00:10;Lander5.1";-83;1172002831
00:12:17:74:C7:B8;<hidden>";-80;1172002831
00:11:50:97:8D:64;BubbaGumpShrimpCo";-78;1172002831
00:11:50:2B:73:93;<hidden>";-83;1172002831
00:18:F8:DE:19:33;linksys";-77;1172002831
00:0F:66:BB:1A:58;linksys";-76;1172002831
00:0F:66:75:6D:D6;quoruml";-58;1172002831
00:18:39:78:53:65;linksys";-81;1172002831
00:15:E9:DA:B5:24;dlink";-71;1172002831
00:18:4D:7E:2A:3C;Kocer Net";-77;1172002831
00:18:4D:81:7F:04;Bad Connection";-80;1172002831
00:0F:B3:7E:B4:F1;avanti";-77;1172002831
00:12:A9:D0:0E:9A;3Com";-78;1172002831
00:18:4D:85:82:92;billiejean17";-77;1172002831
00:14:6C:D8:E7:DA;NETGEAR";-80;1172002831
00:0F:66:B1:7B:70;NTML";-80;1172002831
00:0D:BD:43:EB:08;NNU-WiFi";-76;1172002832
00:09:5B:C5:8D:C6;netgear";-78;1172002832
00:18:F8:A7:5E:93;patchesL";-80;1172002832
00:12:17:74:DF:58;<hidden>";-79;1172002832
00:16:B6:9E:3C:7E;huskies";-74;1172002832
00:90:4C:7E:00:10;Lander5.1";-83;1172002832
00:12:17:74:C7:B8;<hidden>";-80;1172002832
00:11:50:97:8D:64;BubbaGumpShrimpCo";-78;1172002832
00:11:50:2B:73:93;<hidden>";-83;1172002832
00:18:F8:DE:19:33;linksys";-79;1172002832
00:0F:66:BB:1A:58;linksys";-75;1172002832
00:0F:66:75:6D:D6;quoruml";-77;1172002832
00:18:39:78:53:65;linksys";-81;1172002832
00:15:E9:DA:B5:24;dlink";-80;1172002832
00:18:4D:7E:2A:3C;Kocer Net";-77;1172002832
00:18:4D:81:7F:04;Bad Connection";-80;1172002832
00:0F:B3:7E:B4:F1;avanti";-76;1172002832
00:12:A9:D0:0E:9A;3Com";-78;1172002832
00:18:4D:85:82:92;billiejean17";-77;1172002832
00:14:6C:D8:E7:DA;NETGEAR";-80;1172002832
00:0F:66:B1:7B:70;NTML";-80;1172002832
00:14:51:6F:23:7B;University Tutoring";-74;1172002832
00:14:BF:1D:AE:EE;evan";-77;1172002832
00:14:51:70:BE:5B;University Tutoring";-82;1172002832
00:0D:BD:43:EB:08;NNU-WiFi";-77;1172002834
00:09:5B:C5:8D:C6;netgear";-78;1172002834
00:18:F8:A7:5E:93;patchesL";-80;1172002834
00:12:17:74:DF:58;<hidden>";-79;1172002834
00:16:B6:9E:3C:7E;huskies";-74;1172002834
00:90:4C:7E:00:10;Lander5.1";-83;1172002834
00:12:17:74:C7:B8;<hidden>";-80;1172002834
00:11:50:97:8D:64;BubbaGumpShrimpCo";-78;1172002834
00:11:50:2B:73:93;<hidden>";-83;1172002834
00:18:F8:DE:19:33;linksys";-79;1172002834
00:0F:66:BB:1A:58;linksys";-75;1172002834
00:0F:66:75:6D:D6;quoruml";-79;1172002834
00:18:39:78:53:65;linksys";-81;1172002834
00:15:E9:DA:B5:24;dlink";-72;1172002834
00:18:4D:7E:2A:3C;Kocer Net";-77;1172002834
00:18:4D:81:7F:04;Bad Connection";-80;1172002834
00:0F:B3:7E:B4:F1;avanti";-76;1172002834
00:12:A9:D0:0E:9A;3Com";-78;1172002834
00:18:4D:85:82:92;billiejean17";-71;1172002834
00:14:6C:D8:E7:DA;NETGEAR";-80;1172002834
00:0F:66:B1:7B:70;NTML";-82;1172002834
00:14:51:6F:23:7B;University Tutoring";-76;1172002834
00:14:BF:1D:AE:EE;evan";-77;1172002834
00:14:51:70:BE:5B;University Tutoring";-65;1172002834
00:0F:B5:5D:F9:74;<hidden>";-78;1172002834
00:0D:BD:43:EB:08;NNU-WiFi";-77;1172002835
00:18:F8:A7:5E:93;patchesL";-80;1172002835
00:12:17:74:DF:58;<hidden>";-79;1172002835
00:16:B6:9E:3C:7E;huskies";-74;1172002835
00:90:4C:7E:00:10;Lander5.1";-83;1172002835
00:12:17:74:C7:B8;<hidden>";-80;1172002835
00:11:50:97:8D:64;BubbaGumpShrimpCo";-78;1172002835
00:11:50:2B:73:93;<hidden>";-83;1172002835
00:18:F8:DE:19:33;linksys";-79;1172002835
00:0F:66:BB:1A:58;linksys";-75;1172002835
00:0F:66:75:6D:D6;quoruml";-73;1172002835
00:18:39:78:53:65;linksys";-81;1172002835
00:15:E9:DA:B5:24;dlink";-72;1172002835
00:18:4D:7E:2A:3C;Kocer Net";-77;1172002835
00:18:4D:81:7F:04;Bad Connection";-80;1172002835
00:0F:B3:7E:B4:F1;avanti";-77;1172002835
00:12:A9:D0:0E:9A;3Com";-78;1172002835
00:18:4D:85:82:92;billiejean17";-77;1172002835
00:14:6C:D8:E7:DA;NETGEAR";-80;1172002835
00:0F:66:B1:7B:70;NTML";-80;1172002835
00:14:51:6F:23:7B;University Tutoring";-72;1172002835
00:14:BF:1D:AE:EE;evan";-77;1172002835
00:14:51:70:BE:5B;University Tutoring";-60;1172002835
00:0F:B5:5D:F9:74;<hidden>";-76;1172002835
00:14:95:88:DB:51;2WIRE776";-80;1172002835
00:14:7C:B2:A8:13;<hidden>";-76;1172002835
00:0D:BD:43:EB:08;NNU-WiFi";-76;1172002837
00:12:17:74:DF:58;<hidden>";-79;1172002837
00:16:B6:9E:3C:7E;huskies";-74;1172002837
00:90:4C:7E:00:10;Lander5.1";-83;1172002837
00:12:17:74:C7:B8;<hidden>";-80;1172002837
00:11:50:97:8D:64;BubbaGumpShrimpCo";-78;1172002837
00:11:50:2B:73:93;<hidden>";-83;1172002837
00:18:F8:DE:19:33;linksys";-79;1172002837
00:0F:66:BB:1A:58;linksys";-75;1172002837
00:0F:66:75:6D:D6;quoruml";-80;1172002837
00:18:39:78:53:65;linksys";-81;1172002837
00:15:E9:DA:B5:24;dlink";-72;1172002837
00:18:4D:7E:2A:3C;Kocer Net";-77;1172002837
00:18:4D:81:7F:04;Bad Connection";-80;1172002837
00:0F:B3:7E:B4:F1;avanti";-77;1172002837
00:12:A9:D0:0E:9A;3Com";-81;1172002837
00:18:4D:85:82:92;billiejean17";-76;1172002837
00:14:6C:D8:E7:DA;NETGEAR";-80;1172002837
00:0F:66:B1:7B:70;NTML";-80;1172002837
00:14:51:6F:23:7B;University Tutoring";-65;1172002837
00:14:BF:1D:AE:EE;evan";-77;1172002837
00:14:51:70:BE:5B;University Tutoring";-69;1172002837
00:0F:B5:5D:F9:74;<hidden>";-78;1172002837
00:14:95:88:DB:51;2WIRE776";-76;1172002837
00:14:7C:B2:A8:13;<hidden>";-76;1172002837
00:15:E9:7A:65:F6;Jumpstart-P1-760d2c";-78;1172002837
00:0D:BD:43:EB:08;NNU-WiFi";-75;1172002838
00:12:17:74:DF:58;<hidden>";-79;1172002838
00:16:B6:9E:3C:7E;huskies";-74;1172002838
00:90:4C:7E:00:10;Lander5.1";-83;1172002838
00:12:17:74:C7:B8;<hidden>";-80;1172002838
00:11:50:97:8D:64;BubbaGumpShrimpCo";-78;1172002838
00:18:F8:DE:19:33;linksys";-79;1172002838
00:0F:66:BB:1A:58;linksys";-75;1172002838
00:0F:66:75:6D:D6;quoruml";-80;1172002838
00:18:39:78:53:65;linksys";-81;1172002838
00:15:E9:DA:B5:24;dlink";-72;1172002838
00:18:4D:7E:2A:3C;Kocer Net";-77;1172002838
00:18:4D:81:7F:04;Bad Connection";-80;1172002838
00:0F:B3:7E:B4:F1;avanti";-77;1172002838
00:12:A9:D0:0E:9A;3Com";-81;1172002838
00:18:4D:85:82:92;billiejean17";-76;1172002838
00:14:6C:D8:E7:DA;NETGEAR";-80;1172002838
00:0F:66:B1:7B:70;NTML";-80;1172002838
00:14:51:6F:23:7B;University Tutoring";-75;1172002838
00:14:BF:1D:AE:EE;evan";-77;1172002838
00:14:51:70:BE:5B;University Tutoring";-77;1172002838
00:0F:B5:5D:F9:74;<hidden>";-78;1172002838
00:14:95:88:DB:51;2WIRE776";-74;1172002838
00:14:7C:B2:A8:13;<hidden>";-76;1172002838
00:15:E9:7A:65:F6;Jumpstart-P1-760d2c";-73;1172002838
00:40:05:61:27:DB;WLAN";-76;1172002838
00:17:9A:76:62:9D;53882841";-83;1172002838
