00:15:05:1B:15:4B;<hidden>";-83;1172563072
00:16:B6:25:DC:CD;5626";-84;1172563072
00:14:6C:03:01:04;KPK";-77;1172563072
00:0F:66:BA:83:18;linksys";-49;1172563072
00:0F:B3:42:41:45;PRD";-70;1172563072
00:14:BF:17:02:AB;linksys-coolerthanyou";-46;1172563072
00:15:05:1B:15:4B;<hidden>";-83;1172563073
00:16:B6:25:DC:CD;5626";-84;1172563073
00:14:6C:03:01:04;KPK";-68;1172563073
00:0F:66:BA:83:18;linksys";-50;1172563073
00:0F:B3:42:41:45;PRD";-70;1172563073
00:14:BF:17:02:AB;linksys-coolerthanyou";-45;1172563073
00:15:05:1B:15:4B;<hidden>";-83;1172563074
00:16:B6:25:DC:CD;5626";-84;1172563074
00:14:6C:03:01:04;KPK";-66;1172563074
00:0F:66:BA:83:18;linksys";-51;1172563074
00:0F:B3:42:41:45;PRD";-70;1172563074
00:14:BF:17:02:AB;linksys-coolerthanyou";-45;1172563074
00:12:17:A2:89:9C;Granddaddy";-82;1172563075
00:15:05:1B:15:4B;<hidden>";-83;1172563076
00:16:B6:25:DC:CD;5626";-84;1172563076
00:14:6C:03:01:04;KPK";-66;1172563076
00:0F:66:BA:83:18;linksys";-51;1172563076
00:0F:B3:42:41:45;PRD";-70;1172563076
00:14:BF:17:02:AB;linksys-coolerthanyou";-43;1172563076
00:12:17:A2:89:9C;Granddaddy";-83;1172563076
00:15:05:1B:15:4B;<hidden>";-83;1172563077
00:16:B6:25:DC:CD;5626";-81;1172563077
00:14:6C:03:01:04;KPK";-72;1172563077
00:0F:66:BA:83:18;linksys";-51;1172563077
00:0F:B3:42:41:45;PRD";-70;1172563077
00:14:BF:17:02:AB;linksys-coolerthanyou";-39;1172563077
00:12:17:A2:89:9C;Granddaddy";-83;1172563077
00:15:05:1B:15:4B;<hidden>";-85;1172563078
00:16:B6:25:DC:CD;5626";-81;1172563078
00:14:6C:03:01:04;KPK";-70;1172563078
00:0F:66:BA:83:18;linksys";-51;1172563078
00:0F:B3:42:41:45;PRD";-70;1172563079
00:14:BF:17:02:AB;linksys-coolerthanyou";-39;1172563079
00:12:17:A2:89:9C;Granddaddy";-83;1172563079
00:15:05:1B:15:4B;<hidden>";-85;1172563080
00:16:B6:25:DC:CD;5626";-80;1172563080
00:14:6C:03:01:04;KPK";-71;1172563080
00:0F:66:BA:83:18;linksys";-50;1172563080
00:0F:B3:42:41:45;PRD";-70;1172563080
00:14:BF:17:02:AB;linksys-coolerthanyou";-38;1172563080
00:12:17:A2:89:9C;Granddaddy";-83;1172563080
00:15:05:1B:15:4B;<hidden>";-85;1172563081
00:16:B6:25:DC:CD;5626";-80;1172563081
00:14:6C:03:01:04;KPK";-68;1172563081
00:0F:66:BA:83:18;linksys";-51;1172563081
00:0F:B3:42:41:45;PRD";-70;1172563081
00:14:BF:17:02:AB;linksys-coolerthanyou";-40;1172563081
00:12:17:A2:89:9C;Granddaddy";-83;1172563081
00:15:05:1B:15:4B;<hidden>";-85;1172563082
00:16:B6:25:DC:CD;5626";-80;1172563082
00:14:6C:03:01:04;KPK";-75;1172563082
00:0F:66:BA:83:18;linksys";-51;1172563083
00:0F:B3:42:41:45;PRD";-70;1172563083
00:14:BF:17:02:AB;linksys-coolerthanyou";-42;1172563083
00:12:17:A2:89:9C;Granddaddy";-83;1172563083
00:15:05:1B:15:4B;<hidden>";-85;1172563084
00:16:B6:25:DC:CD;5626";-80;1172563084
00:14:6C:03:01:04;KPK";-68;1172563084
00:0F:66:BA:83:18;linksys";-51;1172563084
00:0F:B3:42:41:45;PRD";-70;1172563084
00:14:BF:17:02:AB;linksys-coolerthanyou";-43;1172563084
00:12:17:A2:89:9C;Granddaddy";-83;1172563084
00:15:05:1B:15:4B;<hidden>";-85;1172563085
00:16:B6:25:DC:CD;5626";-80;1172563085
00:14:6C:03:01:04;KPK";-68;1172563085
00:0F:66:BA:83:18;linksys";-51;1172563085
00:0F:B3:42:41:45;PRD";-69;1172563085
00:14:BF:17:02:AB;linksys-coolerthanyou";-42;1172563085
00:12:17:A2:89:9C;Granddaddy";-83;1172563085
00:15:05:1B:15:4B;<hidden>";-85;1172563086
00:16:B6:25:DC:CD;5626";-82;1172563086
00:14:6C:03:01:04;KPK";-71;1172563087
00:0F:66:BA:83:18;linksys";-51;1172563087
00:0F:B3:42:41:45;PRD";-69;1172563087
00:14:BF:17:02:AB;linksys-coolerthanyou";-47;1172563087
00:12:17:A2:89:9C;Granddaddy";-83;1172563087
00:15:05:1B:15:4B;<hidden>";-85;1172563088
00:16:B6:25:DC:CD;5626";-82;1172563088
00:14:6C:03:01:04;KPK";-68;1172563088
00:0F:66:BA:83:18;linksys";-51;1172563088
00:0F:B3:42:41:45;PRD";-69;1172563088
00:14:BF:17:02:AB;linksys-coolerthanyou";-45;1172563088
00:12:17:A2:89:9C;Granddaddy";-83;1172563088
00:15:05:1B:15:4B;<hidden>";-85;1172563089
00:16:B6:25:DC:CD;5626";-82;1172563089
00:14:6C:03:01:04;KPK";-71;1172563089
00:0F:66:BA:83:18;linksys";-51;1172563089
00:0F:B3:42:41:45;PRD";-69;1172563089
00:14:BF:17:02:AB;linksys-coolerthanyou";-43;1172563089
00:12:17:A2:89:9C;Granddaddy";-83;1172563090
00:15:05:1B:15:4B;<hidden>";-85;1172563091
00:16:B6:25:DC:CD;5626";-83;1172563091
00:14:6C:03:01:04;KPK";-71;1172563091
00:0F:66:BA:83:18;linksys";-51;1172563091
00:0F:B3:42:41:45;PRD";-69;1172563091
00:14:BF:17:02:AB;linksys-coolerthanyou";-43;1172563091
00:12:17:A2:89:9C;Granddaddy";-83;1172563091
00:15:05:1B:15:4B;<hidden>";-85;1172563092
00:16:B6:25:DC:CD;5626";-82;1172563092
00:14:6C:03:01:04;KPK";-68;1172563092
00:0F:66:BA:83:18;linksys";-51;1172563092
00:0F:B3:42:41:45;PRD";-69;1172563092
00:14:BF:17:02:AB;linksys-coolerthanyou";-43;1172563092
00:12:17:A2:89:9C;Granddaddy";-83;1172563092
00:16:B6:25:DC:CD;5626";-82;1172563093
00:14:6C:03:01:04;KPK";-68;1172563093
00:0F:66:BA:83:18;linksys";-49;1172563093
00:0F:B3:42:41:45;PRD";-69;1172563093
00:14:BF:17:02:AB;linksys-coolerthanyou";-41;1172563093
00:12:17:A2:89:9C;Granddaddy";-83;1172563094
00:16:B6:25:DC:CD;5626";-82;1172563095
00:14:6C:03:01:04;KPK";-73;1172563095
00:0F:66:BA:83:18;linksys";-50;1172563095
00:0F:B3:42:41:45;PRD";-71;1172563095
00:14:BF:17:02:AB;linksys-coolerthanyou";-44;1172563095
00:12:17:A2:89:9C;Granddaddy";-83;1172563095
00:16:B6:25:DC:CD;5626";-82;1172563096
00:14:6C:03:01:04;KPK";-76;1172563096
00:0F:66:BA:83:18;linksys";-50;1172563096
00:0F:B3:42:41:45;PRD";-71;1172563096
00:14:BF:17:02:AB;linksys-coolerthanyou";-42;1172563096
00:15:05:1B:15:4B;<hidden>";-85;1172563097
00:16:B6:25:DC:CD;5626";-82;1172563097
00:14:6C:03:01:04;KPK";-68;1172563097
00:0F:66:BA:83:18;linksys";-49;1172563097
00:0F:B3:42:41:45;PRD";-71;1172563097
00:14:BF:17:02:AB;linksys-coolerthanyou";-43;1172563097
00:15:05:1B:15:4B;<hidden>";-85;1172563098
00:16:B6:25:DC:CD;5626";-82;1172563098
00:14:6C:03:01:04;KPK";-66;1172563098
00:0F:66:BA:83:18;linksys";-49;1172563099
00:0F:B3:42:41:45;PRD";-71;1172563099
00:14:BF:17:02:AB;linksys-coolerthanyou";-42;1172563099
00:15:05:1B:15:4B;<hidden>";-85;1172563100
00:16:B6:25:DC:CD;5626";-82;1172563100
00:14:6C:03:01:04;KPK";-68;1172563100
00:0F:66:BA:83:18;linksys";-50;1172563100
00:0F:B3:42:41:45;PRD";-71;1172563100
00:14:BF:17:02:AB;linksys-coolerthanyou";-43;1172563100
00:12:17:A2:89:9C;Granddaddy";-84;1172563100
00:15:05:1B:15:4B;<hidden>";-85;1172563101
00:16:B6:25:DC:CD;5626";-82;1172563101
00:14:6C:03:01:04;KPK";-77;1172563101
00:0F:66:BA:83:18;linksys";-49;1172563101
00:0F:B3:42:41:45;PRD";-67;1172563101
00:14:BF:17:02:AB;linksys-coolerthanyou";-48;1172563101
00:12:17:A2:89:9C;Granddaddy";-84;1172563101
00:15:05:1B:15:4B;<hidden>";-85;1172563102
00:16:B6:25:DC:CD;5626";-82;1172563102
00:14:6C:03:01:04;KPK";-78;1172563102
00:0F:66:BA:83:18;linksys";-49;1172563103
00:0F:B3:42:41:45;PRD";-69;1172563103
00:14:BF:17:02:AB;linksys-coolerthanyou";-48;1172563103
00:12:17:A2:89:9C;Granddaddy";-84;1172563103
