00:0F:34:9D:02:00;UniversityOfWashingtonCSE";-77;1172551653
00:0F:34:9D:02:20;UniversityOfWashingtonCSE";-55;1172551653
00:0F:24:DC:B7:B0;UniversityOfWashingtonCSE";-52;1172551653
00:0F:24:DE:10:B0;UniversityOfWashingtonCSE";-38;1172551654
00:0F:24:DE:11:50;UniversityOfWashingtonCSE";-79;1172551654
00:60:B3:80:AF:DC;EE";-75;1172551654
00:0F:34:9D:02:00;UniversityOfWashingtonCSE";-77;1172551655
00:0F:34:9D:02:20;UniversityOfWashingtonCSE";-55;1172551655
00:0F:24:DC:B7:B0;UniversityOfWashingtonCSE";-52;1172551655
00:0F:24:DE:10:B0;UniversityOfWashingtonCSE";-38;1172551655
00:0F:24:DE:11:50;UniversityOfWashingtonCSE";-79;1172551655
00:0F:24:DC:B7:A0;UniversityOfWashingtonCSE";-57;1172551655
00:60:B3:8C:33:45;EE";-66;1172551656
00:0F:34:9D:06:30;UniversityOfWashingtonCSE";-63;1172551656
00:60:B3:80:AF:DC;EE";-75;1172551656
00:0F:34:9D:02:00;UniversityOfWashingtonCSE";-73;1172551657
00:0F:34:9D:02:20;UniversityOfWashingtonCSE";-55;1172551657
00:0F:24:DC:B7:B0;UniversityOfWashingtonCSE";-52;1172551657
00:0F:24:DE:10:B0;UniversityOfWashingtonCSE";-39;1172551657
00:0F:24:DE:11:50;UniversityOfWashingtonCSE";-79;1172551657
00:0F:24:DC:B7:A0;UniversityOfWashingtonCSE";-57;1172551657
00:60:B3:8C:33:45;EE";-66;1172551658
00:0F:34:9D:06:30;UniversityOfWashingtonCSE";-63;1172551658
00:60:B3:80:AF:DC;EE";-75;1172551658
00:0F:34:9D:02:00;UniversityOfWashingtonCSE";-76;1172551659
00:0F:34:9D:02:20;UniversityOfWashingtonCSE";-58;1172551659
00:0F:24:DC:B7:B0;UniversityOfWashingtonCSE";-53;1172551659
00:0F:24:DE:10:B0;UniversityOfWashingtonCSE";-39;1172551659
00:0F:24:DE:11:50;UniversityOfWashingtonCSE";-79;1172551659
00:0F:24:DC:B7:A0;UniversityOfWashingtonCSE";-57;1172551660
00:60:B3:8C:33:45;EE";-64;1172551660
00:0F:34:9D:06:30;UniversityOfWashingtonCSE";-64;1172551660
00:0F:34:9C:FE:70;UniversityOfWashingtonCSE";-72;1172551660
00:60:B3:80:AF:DC;EE";-75;1172551660
00:0F:34:9D:02:00;UniversityOfWashingtonCSE";-76;1172551661
00:0F:34:9D:02:20;UniversityOfWashingtonCSE";-58;1172551661
00:0F:24:DC:B7:B0;UniversityOfWashingtonCSE";-54;1172551661
00:0F:24:DE:10:B0;UniversityOfWashingtonCSE";-39;1172551661
00:0F:24:DE:11:50;UniversityOfWashingtonCSE";-79;1172551662
00:0F:24:DC:B7:A0;UniversityOfWashingtonCSE";-57;1172551662
00:60:B3:8C:33:45;EE";-63;1172551662
00:0F:34:9D:06:30;UniversityOfWashingtonCSE";-67;1172551662
00:0F:34:9C:FE:70;UniversityOfWashingtonCSE";-72;1172551662
00:60:B3:80:AF:DC;EE";-75;1172551662
00:0F:34:9D:02:00;UniversityOfWashingtonCSE";-76;1172551663
00:0F:34:9D:02:20;UniversityOfWashingtonCSE";-55;1172551663
00:0F:24:DC:B7:B0;UniversityOfWashingtonCSE";-55;1172551663
00:0F:24:DE:10:B0;UniversityOfWashingtonCSE";-37;1172551664
00:0F:24:DE:11:50;UniversityOfWashingtonCSE";-79;1172551664
00:0F:24:DC:B7:A0;UniversityOfWashingtonCSE";-57;1172551664
00:60:B3:8C:33:45;EE";-61;1172551664
00:0F:34:9D:06:30;UniversityOfWashingtonCSE";-67;1172551664
00:0F:34:9C:FE:70;UniversityOfWashingtonCSE";-72;1172551664
00:60:B3:80:AF:DC;EE";-75;1172551664
00:0F:34:9D:02:00;UniversityOfWashingtonCSE";-76;1172551665
00:0F:34:9D:02:20;UniversityOfWashingtonCSE";-55;1172551665
00:0F:24:DC:B7:B0;UniversityOfWashingtonCSE";-50;1172551666
00:0F:24:DE:10:B0;UniversityOfWashingtonCSE";-38;1172551666
00:0F:24:DE:11:50;UniversityOfWashingtonCSE";-79;1172551666
00:0F:24:DC:B7:A0;UniversityOfWashingtonCSE";-62;1172551666
00:60:B3:8C:33:45;EE";-62;1172551666
00:0F:34:9D:06:30;UniversityOfWashingtonCSE";-62;1172551666
00:0F:34:9C:FE:70;UniversityOfWashingtonCSE";-72;1172551666
00:60:B3:80:AF:DC;EE";-75;1172551666
00:0F:34:9D:02:00;UniversityOfWashingtonCSE";-76;1172551667
00:0F:34:9D:02:20;UniversityOfWashingtonCSE";-58;1172551668
00:0F:24:DC:B7:B0;UniversityOfWashingtonCSE";-52;1172551668
00:0F:24:DE:10:B0;UniversityOfWashingtonCSE";-39;1172551668
00:0F:24:DE:11:50;UniversityOfWashingtonCSE";-79;1172551668
00:0F:24:DC:B7:A0;UniversityOfWashingtonCSE";-56;1172551668
00:60:B3:8C:33:45;EE";-61;1172551668
00:0F:34:9D:06:30;UniversityOfWashingtonCSE";-63;1172551668
00:0F:34:9C:FE:70;UniversityOfWashingtonCSE";-70;1172551669
00:60:B3:80:AF:DC;EE";-75;1172551669
