00:0F:34:9D:02:00;UniversityOfWashingtonCSE";-77;1172554170
00:0F:34:9D:02:20;UniversityOfWashingtonCSE";-55;1172554170
00:0F:24:DC:B7:B0;UniversityOfWashingtonCSE";-49;1172554170
00:0F:24:DE:10:B0;UniversityOfWashingtonCSE";-41;1172554170
00:0F:24:DC:B7:A0;UniversityOfWashingtonCSE";-61;1172554170
00:60:B3:8C:33:45;EE";-62;1172554170
00:0F:34:9D:02:00;UniversityOfWashingtonCSE";-77;1172554170
00:0F:34:9D:02:20;UniversityOfWashingtonCSE";-53;1172554170
00:0F:24:DC:B7:B0;UniversityOfWashingtonCSE";-52;1172554170
00:0F:24:DE:10:B0;UniversityOfWashingtonCSE";-40;1172554170
00:0F:24:DE:11:50;UniversityOfWashingtonCSE";-79;1172554170
00:0F:24:DC:B7:A0;UniversityOfWashingtonCSE";-62;1172554170
00:60:B3:8C:33:45;EE";-61;1172554170
00:0F:34:9D:06:30;UniversityOfWashingtonCSE";-65;1172554170
00:0F:34:9C:FE:70;UniversityOfWashingtonCSE";-70;1172554170
00:0F:34:9D:02:00;UniversityOfWashingtonCSE";-78;1172554171
00:0F:34:9D:02:20;UniversityOfWashingtonCSE";-53;1172554171
00:0F:24:DC:B7:B0;UniversityOfWashingtonCSE";-50;1172554171
00:0F:24:DE:10:B0;UniversityOfWashingtonCSE";-38;1172554171
00:0F:24:DE:11:50;UniversityOfWashingtonCSE";-79;1172554171
00:0F:24:DC:B7:A0;UniversityOfWashingtonCSE";-55;1172554171
00:60:B3:8C:33:45;EE";-60;1172554171
00:0F:34:9D:06:30;UniversityOfWashingtonCSE";-61;1172554171
00:0F:34:9C:FE:70;UniversityOfWashingtonCSE";-70;1172554171
00:0F:34:9D:02:00;UniversityOfWashingtonCSE";-78;1172554172
00:0F:34:9D:02:20;UniversityOfWashingtonCSE";-53;1172554172
00:0F:24:DC:B7:B0;UniversityOfWashingtonCSE";-46;1172554172
00:0F:24:DE:10:B0;UniversityOfWashingtonCSE";-39;1172554172
00:0F:24:DE:11:50;UniversityOfWashingtonCSE";-79;1172554172
00:0F:24:DC:B7:A0;UniversityOfWashingtonCSE";-63;1172554172
00:60:B3:8C:33:45;EE";-61;1172554172
00:0F:34:9D:06:30;UniversityOfWashingtonCSE";-63;1172554172
00:0F:34:9C:FE:70;UniversityOfWashingtonCSE";-70;1172554172
00:0F:34:9D:02:00;UniversityOfWashingtonCSE";-77;1172554173
00:0F:34:9D:02:20;UniversityOfWashingtonCSE";-53;1172554173
00:0F:24:DC:B7:B0;UniversityOfWashingtonCSE";-48;1172554173
00:0F:24:DE:10:B0;UniversityOfWashingtonCSE";-38;1172554173
00:0F:24:DE:11:50;UniversityOfWashingtonCSE";-79;1172554173
00:0F:24:DC:B7:A0;UniversityOfWashingtonCSE";-52;1172554173
00:60:B3:8C:33:45;EE";-61;1172554173
00:0F:34:9D:06:30;UniversityOfWashingtonCSE";-61;1172554173
00:0F:34:9C:FE:70;UniversityOfWashingtonCSE";-72;1172554173
00:60:B3:80:AF:DC;EE";-80;1172554173
00:0F:34:9D:02:00;UniversityOfWashingtonCSE";-77;1172554174
00:0F:34:9D:02:20;UniversityOfWashingtonCSE";-54;1172554174
00:0F:24:DC:B7:B0;UniversityOfWashingtonCSE";-48;1172554174
00:0F:24:DE:10:B0;UniversityOfWashingtonCSE";-38;1172554174
00:0F:24:DE:11:50;UniversityOfWashingtonCSE";-79;1172554174
00:0F:24:DC:B7:A0;UniversityOfWashingtonCSE";-52;1172554174
00:60:B3:8C:33:45;EE";-60;1172554174
00:0F:34:9D:06:30;UniversityOfWashingtonCSE";-61;1172554174
00:0F:34:9C:FE:70;UniversityOfWashingtonCSE";-72;1172554174
00:60:B3:80:AF:DC;EE";-80;1172554174
00:0F:34:9D:02:00;UniversityOfWashingtonCSE";-77;1172554174
00:0F:34:9D:02:20;UniversityOfWashingtonCSE";-54;1172554174
00:0F:24:DC:B7:B0;UniversityOfWashingtonCSE";-49;1172554174
00:0F:24:DE:10:B0;UniversityOfWashingtonCSE";-38;1172554174
00:0F:24:DE:11:50;UniversityOfWashingtonCSE";-79;1172554174
00:0F:24:DC:B7:A0;UniversityOfWashingtonCSE";-53;1172554174
00:60:B3:8C:33:45;EE";-61;1172554174
00:0F:34:9D:06:30;UniversityOfWashingtonCSE";-61;1172554174
00:0F:34:9C:FE:70;UniversityOfWashingtonCSE";-71;1172554174
00:60:B3:80:AF:DC;EE";-79;1172554174
00:0F:34:9D:02:00;UniversityOfWashingtonCSE";-77;1172554175
00:0F:34:9D:02:20;UniversityOfWashingtonCSE";-54;1172554175
00:0F:24:DC:B7:B0;UniversityOfWashingtonCSE";-51;1172554175
00:0F:24:DE:10:B0;UniversityOfWashingtonCSE";-39;1172554175
00:0F:24:DE:11:50;UniversityOfWashingtonCSE";-79;1172554175
00:0F:24:DC:B7:A0;UniversityOfWashingtonCSE";-64;1172554175
00:60:B3:8C:33:45;EE";-60;1172554175
00:0F:34:9D:06:30;UniversityOfWashingtonCSE";-65;1172554175
00:0F:34:9C:FE:70;UniversityOfWashingtonCSE";-71;1172554175
00:60:B3:80:AF:DC;EE";-79;1172554175
00:0F:34:9D:02:00;UniversityOfWashingtonCSE";-77;1172554176
00:0F:34:9D:02:20;UniversityOfWashingtonCSE";-54;1172554176
00:0F:24:DC:B7:B0;UniversityOfWashingtonCSE";-54;1172554176
00:0F:24:DE:10:B0;UniversityOfWashingtonCSE";-39;1172554176
00:0F:24:DE:11:50;UniversityOfWashingtonCSE";-79;1172554176
00:0F:24:DC:B7:A0;UniversityOfWashingtonCSE";-64;1172554176
00:60:B3:8C:33:45;EE";-62;1172554176
00:0F:34:9D:06:30;UniversityOfWashingtonCSE";-64;1172554176
00:0F:34:9C:FE:70;UniversityOfWashingtonCSE";-71;1172554176
00:60:B3:80:AF:DC;EE";-79;1172554176
00:0F:34:9D:02:00;UniversityOfWashingtonCSE";-77;1172554177
00:0F:34:9D:02:20;UniversityOfWashingtonCSE";-53;1172554177
00:0F:24:DC:B7:B0;UniversityOfWashingtonCSE";-49;1172554177
00:0F:24:DE:10:B0;UniversityOfWashingtonCSE";-39;1172554177
00:0F:24:DE:11:50;UniversityOfWashingtonCSE";-79;1172554177
00:0F:24:DC:B7:A0;UniversityOfWashingtonCSE";-64;1172554177
00:60:B3:8C:33:45;EE";-60;1172554177
00:0F:34:9D:06:30;UniversityOfWashingtonCSE";-64;1172554177
00:0F:34:9C:FE:70;UniversityOfWashingtonCSE";-73;1172554177
00:60:B3:80:AF:DC;EE";-79;1172554177
00:0F:34:9D:02:00;UniversityOfWashingtonCSE";-72;1172554177
00:0F:34:9D:02:20;UniversityOfWashingtonCSE";-58;1172554177
00:0F:24:DC:B7:B0;UniversityOfWashingtonCSE";-49;1172554177
00:0F:24:DE:10:B0;UniversityOfWashingtonCSE";-39;1172554177
00:0F:24:DE:11:50;UniversityOfWashingtonCSE";-79;1172554177
00:0F:24:DC:B7:A0;UniversityOfWashingtonCSE";-54;1172554177
00:60:B3:8C:33:45;EE";-61;1172554177
00:0F:34:9D:06:30;UniversityOfWashingtonCSE";-67;1172554177
00:0F:34:9C:FE:70;UniversityOfWashingtonCSE";-73;1172554177
00:60:B3:80:AF:DC;EE";-79;1172554177
00:0F:34:9D:02:00;UniversityOfWashingtonCSE";-72;1172554178
00:0F:34:9D:02:20;UniversityOfWashingtonCSE";-56;1172554178
00:0F:24:DC:B7:B0;UniversityOfWashingtonCSE";-52;1172554178
00:0F:24:DE:10:B0;UniversityOfWashingtonCSE";-39;1172554178
00:0F:24:DE:11:50;UniversityOfWashingtonCSE";-79;1172554178
00:0F:24:DC:B7:A0;UniversityOfWashingtonCSE";-61;1172554178
00:60:B3:8C:33:45;EE";-60;1172554178
00:0F:34:9D:06:30;UniversityOfWashingtonCSE";-64;1172554178
00:0F:34:9C:FE:70;UniversityOfWashingtonCSE";-73;1172554178
00:60:B3:80:AF:DC;EE";-77;1172554178
00:0F:34:9D:02:00;UniversityOfWashingtonCSE";-72;1172554179
00:0F:34:9D:02:20;UniversityOfWashingtonCSE";-55;1172554179
00:0F:24:DC:B7:B0;UniversityOfWashingtonCSE";-51;1172554179
00:0F:24:DE:10:B0;UniversityOfWashingtonCSE";-39;1172554179
00:0F:24:DE:11:50;UniversityOfWashingtonCSE";-79;1172554179
00:0F:24:DC:B7:A0;UniversityOfWashingtonCSE";-61;1172554179
00:60:B3:8C:33:45;EE";-61;1172554179
00:0F:34:9D:06:30;UniversityOfWashingtonCSE";-64;1172554179
00:0F:34:9C:FE:70;UniversityOfWashingtonCSE";-73;1172554179
00:60:B3:80:AF:DC;EE";-77;1172554179
00:0F:34:9D:02:00;UniversityOfWashingtonCSE";-72;1172554180
00:0F:34:9D:02:20;UniversityOfWashingtonCSE";-55;1172554180
00:0F:24:DC:B7:B0;UniversityOfWashingtonCSE";-51;1172554180
00:0F:24:DE:10:B0;UniversityOfWashingtonCSE";-39;1172554180
00:0F:24:DE:11:50;UniversityOfWashingtonCSE";-79;1172554180
00:0F:24:DC:B7:A0;UniversityOfWashingtonCSE";-54;1172554180
00:60:B3:8C:33:45;EE";-62;1172554180
00:0F:34:9D:06:30;UniversityOfWashingtonCSE";-61;1172554180
00:0F:34:9C:FE:70;UniversityOfWashingtonCSE";-73;1172554180
00:60:B3:80:AF:DC;EE";-79;1172554180
00:0F:34:9D:02:00;UniversityOfWashingtonCSE";-76;1172554180
00:0F:34:9D:02:20;UniversityOfWashingtonCSE";-55;1172554180
00:0F:24:DC:B7:B0;UniversityOfWashingtonCSE";-57;1172554180
00:0F:24:DE:10:B0;UniversityOfWashingtonCSE";-39;1172554180
00:0F:24:DE:11:50;UniversityOfWashingtonCSE";-79;1172554180
00:0F:24:DC:B7:A0;UniversityOfWashingtonCSE";-54;1172554180
00:60:B3:8C:33:45;EE";-61;1172554180
00:0F:34:9D:06:30;UniversityOfWashingtonCSE";-61;1172554180
00:0F:34:9C:FE:70;UniversityOfWashingtonCSE";-73;1172554180
00:60:B3:80:AF:DC;EE";-76;1172554180
00:0F:34:9D:02:00;UniversityOfWashingtonCSE";-77;1172554181
00:0F:34:9D:02:20;UniversityOfWashingtonCSE";-55;1172554181
00:0F:24:DC:B7:B0;UniversityOfWashingtonCSE";-53;1172554181
00:0F:24:DE:10:B0;UniversityOfWashingtonCSE";-40;1172554181
00:0F:24:DE:11:50;UniversityOfWashingtonCSE";-79;1172554181
00:0F:24:DC:B7:A0;UniversityOfWashingtonCSE";-53;1172554181
00:60:B3:8C:33:45;EE";-60;1172554181
00:0F:34:9D:06:30;UniversityOfWashingtonCSE";-67;1172554181
00:0F:34:9C:FE:70;UniversityOfWashingtonCSE";-73;1172554181
00:60:B3:80:AF:DC;EE";-76;1172554181
00:0F:34:9D:02:00;UniversityOfWashingtonCSE";-77;1172554182
00:0F:34:9D:02:20;UniversityOfWashingtonCSE";-55;1172554182
00:0F:24:DC:B7:B0;UniversityOfWashingtonCSE";-49;1172554182
00:0F:24:DE:10:B0;UniversityOfWashingtonCSE";-40;1172554182
00:0F:24:DE:11:50;UniversityOfWashingtonCSE";-79;1172554182
00:0F:24:DC:B7:A0;UniversityOfWashingtonCSE";-56;1172554182
00:60:B3:8C:33:45;EE";-60;1172554182
00:0F:34:9D:06:30;UniversityOfWashingtonCSE";-63;1172554182
00:0F:34:9C:FE:70;UniversityOfWashingtonCSE";-75;1172554182
00:60:B3:80:AF:DC;EE";-76;1172554182
00:0F:34:9D:02:00;UniversityOfWashingtonCSE";-77;1172554183
00:0F:34:9D:02:20;UniversityOfWashingtonCSE";-55;1172554183
00:0F:24:DC:B7:B0;UniversityOfWashingtonCSE";-49;1172554183
00:0F:24:DE:10:B0;UniversityOfWashingtonCSE";-39;1172554183
00:0F:24:DE:11:50;UniversityOfWashingtonCSE";-79;1172554183
00:0F:24:DC:B7:A0;UniversityOfWashingtonCSE";-55;1172554183
00:60:B3:8C:33:45;EE";-62;1172554183
00:0F:34:9D:06:30;UniversityOfWashingtonCSE";-62;1172554183
00:0F:34:9C:FE:70;UniversityOfWashingtonCSE";-75;1172554183
00:60:B3:80:AF:DC;EE";-76;1172554183
00:0F:34:9D:02:00;UniversityOfWashingtonCSE";-77;1172554183
00:0F:34:9D:02:20;UniversityOfWashingtonCSE";-54;1172554183
00:0F:24:DC:B7:B0;UniversityOfWashingtonCSE";-48;1172554183
00:0F:24:DE:10:B0;UniversityOfWashingtonCSE";-38;1172554183
00:0F:24:DE:11:50;UniversityOfWashingtonCSE";-79;1172554183
00:0F:24:DC:B7:A0;UniversityOfWashingtonCSE";-59;1172554183
00:60:B3:8C:33:45;EE";-64;1172554183
00:0F:34:9D:06:30;UniversityOfWashingtonCSE";-63;1172554183
00:0F:34:9C:FE:70;UniversityOfWashingtonCSE";-75;1172554183
00:60:B3:80:AF:DC;EE";-76;1172554183
00:0F:34:9D:02:00;UniversityOfWashingtonCSE";-77;1172554184
00:0F:34:9D:02:20;UniversityOfWashingtonCSE";-54;1172554184
00:0F:24:DC:B7:B0;UniversityOfWashingtonCSE";-49;1172554184
00:0F:24:DE:10:B0;UniversityOfWashingtonCSE";-39;1172554184
00:0F:24:DE:11:50;UniversityOfWashingtonCSE";-79;1172554184
00:0F:24:DC:B7:A0;UniversityOfWashingtonCSE";-57;1172554184
00:60:B3:8C:33:45;EE";-61;1172554184
00:0F:34:9D:06:30;UniversityOfWashingtonCSE";-67;1172554184
00:0F:34:9C:FE:70;UniversityOfWashingtonCSE";-74;1172554184
00:60:B3:80:AF:DC;EE";-76;1172554184
00:0F:34:9D:02:00;UniversityOfWashingtonCSE";-77;1172554185
00:0F:34:9D:02:20;UniversityOfWashingtonCSE";-56;1172554185
00:0F:24:DC:B7:B0;UniversityOfWashingtonCSE";-49;1172554185
00:0F:24:DE:10:B0;UniversityOfWashingtonCSE";-41;1172554185
00:0F:24:DE:11:50;UniversityOfWashingtonCSE";-79;1172554185
00:0F:24:DC:B7:A0;UniversityOfWashingtonCSE";-59;1172554185
00:60:B3:8C:33:45;EE";-67;1172554185
00:0F:34:9D:06:30;UniversityOfWashingtonCSE";-62;1172554185
00:0F:34:9C:FE:70;UniversityOfWashingtonCSE";-74;1172554185
00:60:B3:80:AF:DC;EE";-76;1172554185
00:0F:34:9D:02:00;UniversityOfWashingtonCSE";-78;1172554186
00:0F:34:9D:02:20;UniversityOfWashingtonCSE";-54;1172554186
00:0F:24:DC:B7:B0;UniversityOfWashingtonCSE";-50;1172554186
00:0F:24:DE:10:B0;UniversityOfWashingtonCSE";-39;1172554186
00:0F:24:DE:11:50;UniversityOfWashingtonCSE";-79;1172554186
00:0F:24:DC:B7:A0;UniversityOfWashingtonCSE";-55;1172554186
00:60:B3:8C:33:45;EE";-67;1172554186
00:0F:34:9D:06:30;UniversityOfWashingtonCSE";-66;1172554186
00:0F:34:9C:FE:70;UniversityOfWashingtonCSE";-74;1172554186
00:60:B3:80:AF:DC;EE";-76;1172554186
00:0F:34:9D:02:00;UniversityOfWashingtonCSE";-78;1172554186
00:0F:34:9D:02:20;UniversityOfWashingtonCSE";-55;1172554186
00:0F:24:DC:B7:B0;UniversityOfWashingtonCSE";-50;1172554186
00:0F:24:DE:10:B0;UniversityOfWashingtonCSE";-38;1172554186
00:0F:24:DE:11:50;UniversityOfWashingtonCSE";-79;1172554186
00:0F:24:DC:B7:A0;UniversityOfWashingtonCSE";-55;1172554186
00:60:B3:8C:33:45;EE";-62;1172554186
00:0F:34:9D:06:30;UniversityOfWashingtonCSE";-66;1172554186
00:0F:34:9C:FE:70;UniversityOfWashingtonCSE";-74;1172554186
00:60:B3:80:AF:DC;EE";-76;1172554186
00:0F:34:9D:02:00;UniversityOfWashingtonCSE";-78;1172554187
00:0F:34:9D:02:20;UniversityOfWashingtonCSE";-55;1172554187
00:0F:24:DC:B7:B0;UniversityOfWashingtonCSE";-54;1172554187
00:0F:24:DE:10:B0;UniversityOfWashingtonCSE";-39;1172554187
00:0F:24:DE:11:50;UniversityOfWashingtonCSE";-79;1172554187
00:0F:24:DC:B7:A0;UniversityOfWashingtonCSE";-61;1172554187
00:60:B3:8C:33:45;EE";-62;1172554187
00:0F:34:9D:06:30;UniversityOfWashingtonCSE";-64;1172554187
00:0F:34:9C:FE:70;UniversityOfWashingtonCSE";-74;1172554187
00:60:B3:80:AF:DC;EE";-76;1172554187
00:0F:34:9D:02:00;UniversityOfWashingtonCSE";-78;1172554188
00:0F:34:9D:02:20;UniversityOfWashingtonCSE";-54;1172554188
00:0F:24:DC:B7:B0;UniversityOfWashingtonCSE";-47;1172554188
00:0F:24:DE:10:B0;UniversityOfWashingtonCSE";-39;1172554188
00:0F:24:DE:11:50;UniversityOfWashingtonCSE";-79;1172554188
00:0F:24:DC:B7:A0;UniversityOfWashingtonCSE";-56;1172554188
00:60:B3:8C:33:45;EE";-64;1172554188
00:0F:34:9D:06:30;UniversityOfWashingtonCSE";-63;1172554188
00:0F:34:9C:FE:70;UniversityOfWashingtonCSE";-74;1172554188
00:60:B3:80:AF:DC;EE";-78;1172554188
00:0F:34:9D:02:00;UniversityOfWashingtonCSE";-77;1172554189
00:0F:34:9D:02:20;UniversityOfWashingtonCSE";-54;1172554189
00:0F:24:DC:B7:B0;UniversityOfWashingtonCSE";-48;1172554189
00:0F:24:DE:10:B0;UniversityOfWashingtonCSE";-40;1172554189
00:0F:24:DE:11:50;UniversityOfWashingtonCSE";-79;1172554189
00:0F:24:DC:B7:A0;UniversityOfWashingtonCSE";-61;1172554189
00:60:B3:8C:33:45;EE";-62;1172554189
00:0F:34:9D:06:30;UniversityOfWashingtonCSE";-65;1172554189
00:0F:34:9C:FE:70;UniversityOfWashingtonCSE";-74;1172554189
00:60:B3:80:AF:DC;EE";-78;1172554189
00:0F:34:9D:02:00;UniversityOfWashingtonCSE";-77;1172554189
00:0F:34:9D:02:20;UniversityOfWashingtonCSE";-54;1172554189
00:0F:24:DC:B7:B0;UniversityOfWashingtonCSE";-48;1172554189
00:0F:24:DE:10:B0;UniversityOfWashingtonCSE";-41;1172554189
00:0F:24:DE:11:50;UniversityOfWashingtonCSE";-79;1172554189
00:0F:24:DC:B7:A0;UniversityOfWashingtonCSE";-61;1172554189
00:60:B3:8C:33:45;EE";-62;1172554189
00:0F:34:9D:06:30;UniversityOfWashingtonCSE";-62;1172554189
00:0F:34:9C:FE:70;UniversityOfWashingtonCSE";-74;1172554189
00:60:B3:80:AF:DC;EE";-78;1172554189
00:0F:34:9D:02:00;UniversityOfWashingtonCSE";-77;1172554190
00:0F:34:9D:02:20;UniversityOfWashingtonCSE";-54;1172554190
00:0F:24:DC:B7:B0;UniversityOfWashingtonCSE";-49;1172554190
00:0F:24:DE:10:B0;UniversityOfWashingtonCSE";-40;1172554190
00:0F:24:DE:11:50;UniversityOfWashingtonCSE";-79;1172554190
00:0F:24:DC:B7:A0;UniversityOfWashingtonCSE";-56;1172554190
00:60:B3:8C:33:45;EE";-61;1172554190
00:0F:34:9D:06:30;UniversityOfWashingtonCSE";-62;1172554190
00:0F:34:9C:FE:70;UniversityOfWashingtonCSE";-74;1172554190
00:60:B3:80:AF:DC;EE";-78;1172554190
00:0F:34:9D:02:00;UniversityOfWashingtonCSE";-77;1172554191
00:0F:34:9D:02:20;UniversityOfWashingtonCSE";-52;1172554191
00:0F:24:DC:B7:B0;UniversityOfWashingtonCSE";-49;1172554191
00:0F:24:DE:10:B0;UniversityOfWashingtonCSE";-40;1172554191
00:0F:24:DE:11:50;UniversityOfWashingtonCSE";-79;1172554191
00:0F:24:DC:B7:A0;UniversityOfWashingtonCSE";-56;1172554191
00:60:B3:8C:33:45;EE";-61;1172554191
00:0F:34:9D:06:30;UniversityOfWashingtonCSE";-62;1172554191
00:0F:34:9C:FE:70;UniversityOfWashingtonCSE";-74;1172554191
00:60:B3:80:AF:DC;EE";-78;1172554191
00:0F:24:DE:11:40;UniversityOfWashingtonCSE";-79;1172554191
00:0F:34:9D:02:00;UniversityOfWashingtonCSE";-77;1172554192
00:0F:34:9D:02:20;UniversityOfWashingtonCSE";-52;1172554192
00:0F:24:DC:B7:B0;UniversityOfWashingtonCSE";-46;1172554192
00:0F:24:DE:10:B0;UniversityOfWashingtonCSE";-39;1172554192
00:0F:24:DE:11:50;UniversityOfWashingtonCSE";-79;1172554192
00:0F:24:DC:B7:A0;UniversityOfWashingtonCSE";-55;1172554192
00:60:B3:8C:33:45;EE";-59;1172554192
00:0F:34:9D:06:30;UniversityOfWashingtonCSE";-68;1172554192
00:0F:34:9C:FE:70;UniversityOfWashingtonCSE";-74;1172554192
00:60:B3:80:AF:DC;EE";-78;1172554192
00:0F:24:DE:11:40;UniversityOfWashingtonCSE";-79;1172554192
00:0F:34:9D:02:00;UniversityOfWashingtonCSE";-77;1172554192
00:0F:34:9D:02:20;UniversityOfWashingtonCSE";-52;1172554192
00:0F:24:DC:B7:B0;UniversityOfWashingtonCSE";-50;1172554192
00:0F:24:DE:10:B0;UniversityOfWashingtonCSE";-39;1172554192
00:0F:24:DE:11:50;UniversityOfWashingtonCSE";-79;1172554192
00:0F:24:DC:B7:A0;UniversityOfWashingtonCSE";-55;1172554192
00:60:B3:8C:33:45;EE";-59;1172554192
00:0F:34:9D:06:30;UniversityOfWashingtonCSE";-68;1172554192
00:0F:34:9C:FE:70;UniversityOfWashingtonCSE";-74;1172554192
00:60:B3:80:AF:DC;EE";-78;1172554192
00:0F:24:DE:11:40;UniversityOfWashingtonCSE";-79;1172554192
00:0F:34:9D:02:00;UniversityOfWashingtonCSE";-77;1172554193
00:0F:34:9D:02:20;UniversityOfWashingtonCSE";-52;1172554193
00:0F:24:DC:B7:B0;UniversityOfWashingtonCSE";-50;1172554193
00:0F:24:DE:10:B0;UniversityOfWashingtonCSE";-39;1172554193
00:0F:24:DE:11:50;UniversityOfWashingtonCSE";-79;1172554193
00:0F:24:DC:B7:A0;UniversityOfWashingtonCSE";-55;1172554193
00:60:B3:8C:33:45;EE";-60;1172554193
00:0F:34:9D:06:30;UniversityOfWashingtonCSE";-62;1172554193
00:0F:34:9C:FE:70;UniversityOfWashingtonCSE";-74;1172554193
00:60:B3:80:AF:DC;EE";-78;1172554193
00:0F:24:DE:11:40;UniversityOfWashingtonCSE";-79;1172554193
00:0F:34:9D:02:00;UniversityOfWashingtonCSE";-77;1172554194
00:0F:34:9D:02:20;UniversityOfWashingtonCSE";-52;1172554194
00:0F:24:DC:B7:B0;UniversityOfWashingtonCSE";-47;1172554194
00:0F:24:DE:10:B0;UniversityOfWashingtonCSE";-38;1172554194
00:0F:24:DE:11:50;UniversityOfWashingtonCSE";-79;1172554194
00:0F:24:DC:B7:A0;UniversityOfWashingtonCSE";-55;1172554194
00:60:B3:8C:33:45;EE";-62;1172554194
00:0F:34:9D:06:30;UniversityOfWashingtonCSE";-62;1172554194
00:0F:34:9C:FE:70;UniversityOfWashingtonCSE";-74;1172554194
00:60:B3:80:AF:DC;EE";-78;1172554194
00:0F:24:DE:11:40;UniversityOfWashingtonCSE";-79;1172554194
00:0F:34:9D:02:00;UniversityOfWashingtonCSE";-77;1172554195
00:0F:34:9D:02:20;UniversityOfWashingtonCSE";-53;1172554195
00:0F:24:DC:B7:B0;UniversityOfWashingtonCSE";-48;1172554195
00:0F:24:DE:10:B0;UniversityOfWashingtonCSE";-38;1172554195
00:0F:24:DE:11:50;UniversityOfWashingtonCSE";-79;1172554195
00:0F:24:DC:B7:A0;UniversityOfWashingtonCSE";-58;1172554195
00:60:B3:8C:33:45;EE";-60;1172554195
00:0F:34:9D:06:30;UniversityOfWashingtonCSE";-62;1172554195
00:0F:34:9C:FE:70;UniversityOfWashingtonCSE";-74;1172554195
00:60:B3:80:AF:DC;EE";-78;1172554195
00:0F:24:DE:11:40;UniversityOfWashingtonCSE";-79;1172554195
00:0F:34:9D:02:00;UniversityOfWashingtonCSE";-77;1172554196
00:0F:34:9D:02:20;UniversityOfWashingtonCSE";-53;1172554196
00:0F:24:DC:B7:B0;UniversityOfWashingtonCSE";-49;1172554196
00:0F:24:DE:10:B0;UniversityOfWashingtonCSE";-39;1172554196
00:0F:24:DE:11:50;UniversityOfWashingtonCSE";-79;1172554196
00:0F:24:DC:B7:A0;UniversityOfWashingtonCSE";-58;1172554196
00:60:B3:8C:33:45;EE";-61;1172554196
00:0F:34:9D:06:30;UniversityOfWashingtonCSE";-62;1172554196
00:0F:34:9C:FE:70;UniversityOfWashingtonCSE";-74;1172554196
00:60:B3:80:AF:DC;EE";-78;1172554196
00:0F:24:DE:11:40;UniversityOfWashingtonCSE";-79;1172554196
00:0F:34:9D:02:00;UniversityOfWashingtonCSE";-77;1172554196
00:0F:34:9D:02:20;UniversityOfWashingtonCSE";-52;1172554196
00:0F:24:DC:B7:B0;UniversityOfWashingtonCSE";-47;1172554196
00:0F:24:DE:10:B0;UniversityOfWashingtonCSE";-39;1172554196
00:0F:24:DE:11:50;UniversityOfWashingtonCSE";-79;1172554196
00:0F:24:DC:B7:A0;UniversityOfWashingtonCSE";-54;1172554196
00:60:B3:8C:33:45;EE";-61;1172554196
00:0F:34:9D:06:30;UniversityOfWashingtonCSE";-65;1172554196
00:0F:34:9C:FE:70;UniversityOfWashingtonCSE";-71;1172554196
00:60:B3:80:AF:DC;EE";-78;1172554196
00:0F:24:DE:11:40;UniversityOfWashingtonCSE";-79;1172554196
00:0F:34:9D:02:00;UniversityOfWashingtonCSE";-77;1172554197
00:0F:34:9D:02:20;UniversityOfWashingtonCSE";-52;1172554197
00:0F:24:DC:B7:B0;UniversityOfWashingtonCSE";-47;1172554197
00:0F:24:DE:10:B0;UniversityOfWashingtonCSE";-39;1172554197
00:0F:24:DE:11:50;UniversityOfWashingtonCSE";-79;1172554197
00:0F:24:DC:B7:A0;UniversityOfWashingtonCSE";-54;1172554197
00:60:B3:8C:33:45;EE";-62;1172554197
00:0F:34:9D:06:30;UniversityOfWashingtonCSE";-65;1172554197
00:0F:34:9C:FE:70;UniversityOfWashingtonCSE";-71;1172554197
00:60:B3:80:AF:DC;EE";-78;1172554197
00:0F:24:DE:11:40;UniversityOfWashingtonCSE";-79;1172554197
00:0F:34:9D:02:00;UniversityOfWashingtonCSE";-77;1172554198
00:0F:34:9D:02:20;UniversityOfWashingtonCSE";-52;1172554198
00:0F:24:DC:B7:B0;UniversityOfWashingtonCSE";-47;1172554198
00:0F:24:DE:10:B0;UniversityOfWashingtonCSE";-39;1172554198
00:0F:24:DE:11:50;UniversityOfWashingtonCSE";-79;1172554198
00:0F:24:DC:B7:A0;UniversityOfWashingtonCSE";-61;1172554198
00:60:B3:8C:33:45;EE";-65;1172554198
00:0F:34:9D:06:30;UniversityOfWashingtonCSE";-64;1172554198
00:0F:34:9C:FE:70;UniversityOfWashingtonCSE";-74;1172554198
00:60:B3:80:AF:DC;EE";-78;1172554198
00:0F:24:DE:11:40;UniversityOfWashingtonCSE";-79;1172554198
00:0F:34:9D:02:00;UniversityOfWashingtonCSE";-77;1172554199
00:0F:34:9D:02:20;UniversityOfWashingtonCSE";-55;1172554199
00:0F:24:DC:B7:B0;UniversityOfWashingtonCSE";-49;1172554199
00:0F:24:DE:10:B0;UniversityOfWashingtonCSE";-39;1172554199
00:0F:24:DE:11:50;UniversityOfWashingtonCSE";-79;1172554199
00:0F:24:DC:B7:A0;UniversityOfWashingtonCSE";-60;1172554199
00:60:B3:8C:33:45;EE";-59;1172554199
00:0F:34:9D:06:30;UniversityOfWashingtonCSE";-61;1172554199
00:0F:34:9C:FE:70;UniversityOfWashingtonCSE";-74;1172554199
00:60:B3:80:AF:DC;EE";-78;1172554199
00:0F:24:DE:11:40;UniversityOfWashingtonCSE";-79;1172554199
00:0F:34:9D:02:00;UniversityOfWashingtonCSE";-77;1172554199
00:0F:34:9D:02:20;UniversityOfWashingtonCSE";-54;1172554199
00:0F:24:DC:B7:B0;UniversityOfWashingtonCSE";-49;1172554199
00:0F:24:DE:10:B0;UniversityOfWashingtonCSE";-39;1172554199
00:0F:24:DE:11:50;UniversityOfWashingtonCSE";-79;1172554199
00:0F:24:DC:B7:A0;UniversityOfWashingtonCSE";-60;1172554199
00:60:B3:8C:33:45;EE";-60;1172554199
00:0F:34:9D:06:30;UniversityOfWashingtonCSE";-61;1172554199
00:0F:34:9C:FE:70;UniversityOfWashingtonCSE";-74;1172554199
00:60:B3:80:AF:DC;EE";-78;1172554199
00:0F:24:DE:11:40;UniversityOfWashingtonCSE";-79;1172554199
00:0F:34:9D:02:00;UniversityOfWashingtonCSE";-76;1172554200
00:0F:34:9D:02:20;UniversityOfWashingtonCSE";-55;1172554200
00:0F:24:DC:B7:B0;UniversityOfWashingtonCSE";-48;1172554200
00:0F:24:DE:10:B0;UniversityOfWashingtonCSE";-38;1172554200
00:0F:24:DE:11:50;UniversityOfWashingtonCSE";-79;1172554200
00:0F:24:DC:B7:A0;UniversityOfWashingtonCSE";-71;1172554200
00:60:B3:8C:33:45;EE";-63;1172554200
00:0F:34:9D:06:30;UniversityOfWashingtonCSE";-65;1172554200
00:0F:34:9C:FE:70;UniversityOfWashingtonCSE";-71;1172554200
00:60:B3:80:AF:DC;EE";-80;1172554200
00:0F:24:DE:11:40;UniversityOfWashingtonCSE";-79;1172554200
00:0F:34:9D:02:00;UniversityOfWashingtonCSE";-76;1172554201
00:0F:34:9D:02:20;UniversityOfWashingtonCSE";-54;1172554201
00:0F:24:DC:B7:B0;UniversityOfWashingtonCSE";-48;1172554201
00:0F:24:DE:10:B0;UniversityOfWashingtonCSE";-40;1172554201
00:0F:24:DE:11:50;UniversityOfWashingtonCSE";-79;1172554201
00:0F:24:DC:B7:A0;UniversityOfWashingtonCSE";-55;1172554201
00:60:B3:8C:33:45;EE";-62;1172554201
00:0F:34:9D:06:30;UniversityOfWashingtonCSE";-62;1172554201
00:0F:34:9C:FE:70;UniversityOfWashingtonCSE";-71;1172554201
00:60:B3:80:AF:DC;EE";-80;1172554201
00:0F:24:DE:11:40;UniversityOfWashingtonCSE";-79;1172554201
00:0F:34:9D:02:00;UniversityOfWashingtonCSE";-76;1172554202
00:0F:34:9D:02:20;UniversityOfWashingtonCSE";-54;1172554202
00:0F:24:DC:B7:B0;UniversityOfWashingtonCSE";-50;1172554202
00:0F:24:DE:10:B0;UniversityOfWashingtonCSE";-39;1172554202
00:0F:24:DE:11:50;UniversityOfWashingtonCSE";-79;1172554202
00:0F:24:DC:B7:A0;UniversityOfWashingtonCSE";-55;1172554202
00:60:B3:8C:33:45;EE";-63;1172554202
00:0F:34:9D:06:30;UniversityOfWashingtonCSE";-62;1172554202
00:0F:34:9C:FE:70;UniversityOfWashingtonCSE";-71;1172554202
00:60:B3:80:AF:DC;EE";-77;1172554202
00:0F:34:9D:05:00;UniversityOfWashingtonCSE";-73;1172554202
00:0F:24:DE:11:40;UniversityOfWashingtonCSE";-79;1172554202
00:0F:34:9D:02:00;UniversityOfWashingtonCSE";-78;1172554202
00:0F:34:9D:02:20;UniversityOfWashingtonCSE";-53;1172554202
00:0F:24:DC:B7:B0;UniversityOfWashingtonCSE";-50;1172554202
00:0F:24:DE:10:B0;UniversityOfWashingtonCSE";-39;1172554202
00:0F:24:DE:11:50;UniversityOfWashingtonCSE";-79;1172554202
00:0F:24:DC:B7:A0;UniversityOfWashingtonCSE";-53;1172554202
00:60:B3:8C:33:45;EE";-62;1172554202
00:0F:34:9D:06:30;UniversityOfWashingtonCSE";-64;1172554202
00:0F:34:9C:FE:70;UniversityOfWashingtonCSE";-71;1172554202
00:60:B3:80:AF:DC;EE";-77;1172554202
00:0F:34:9D:05:00;UniversityOfWashingtonCSE";-73;1172554202
00:0F:24:DE:11:40;UniversityOfWashingtonCSE";-79;1172554202
00:0F:34:9D:02:00;UniversityOfWashingtonCSE";-78;1172554203
00:0F:34:9D:02:20;UniversityOfWashingtonCSE";-52;1172554203
00:0F:24:DC:B7:B0;UniversityOfWashingtonCSE";-49;1172554203
00:0F:24:DE:10:B0;UniversityOfWashingtonCSE";-39;1172554203
00:0F:24:DE:11:50;UniversityOfWashingtonCSE";-79;1172554203
00:0F:24:DC:B7:A0;UniversityOfWashingtonCSE";-56;1172554203
00:60:B3:8C:33:45;EE";-62;1172554203
00:0F:34:9D:06:30;UniversityOfWashingtonCSE";-63;1172554203
00:0F:34:9C:FE:70;UniversityOfWashingtonCSE";-71;1172554203
00:60:B3:80:AF:DC;EE";-77;1172554203
00:0F:34:9D:05:00;UniversityOfWashingtonCSE";-73;1172554203
00:0F:24:DE:11:40;UniversityOfWashingtonCSE";-79;1172554203
00:0F:34:9D:02:00;UniversityOfWashingtonCSE";-78;1172554204
00:0F:34:9D:02:20;UniversityOfWashingtonCSE";-52;1172554204
00:0F:24:DC:B7:B0;UniversityOfWashingtonCSE";-49;1172554204
00:0F:24:DE:10:B0;UniversityOfWashingtonCSE";-39;1172554204
00:0F:24:DE:11:50;UniversityOfWashingtonCSE";-79;1172554204
00:0F:24:DC:B7:A0;UniversityOfWashingtonCSE";-53;1172554204
00:60:B3:8C:33:45;EE";-61;1172554204
00:0F:34:9D:06:30;UniversityOfWashingtonCSE";-64;1172554204
00:0F:34:9C:FE:70;UniversityOfWashingtonCSE";-73;1172554204
00:60:B3:80:AF:DC;EE";-77;1172554204
00:0F:34:9D:05:00;UniversityOfWashingtonCSE";-73;1172554204
00:0F:24:DE:11:40;UniversityOfWashingtonCSE";-79;1172554204
00:0F:34:9D:02:00;UniversityOfWashingtonCSE";-78;1172554205
00:0F:34:9D:02:20;UniversityOfWashingtonCSE";-52;1172554205
00:0F:24:DC:B7:B0;UniversityOfWashingtonCSE";-48;1172554205
00:0F:24:DE:10:B0;UniversityOfWashingtonCSE";-40;1172554205
00:0F:24:DE:11:50;UniversityOfWashingtonCSE";-79;1172554205
00:0F:24:DC:B7:A0;UniversityOfWashingtonCSE";-53;1172554205
00:60:B3:8C:33:45;EE";-66;1172554205
00:0F:34:9D:06:30;UniversityOfWashingtonCSE";-64;1172554205
00:0F:34:9C:FE:70;UniversityOfWashingtonCSE";-73;1172554205
00:60:B3:80:AF:DC;EE";-77;1172554205
00:0F:34:9D:05:00;UniversityOfWashingtonCSE";-73;1172554205
00:0F:24:DE:11:40;UniversityOfWashingtonCSE";-79;1172554205
00:0F:34:9D:02:00;UniversityOfWashingtonCSE";-77;1172554205
00:0F:34:9D:02:20;UniversityOfWashingtonCSE";-53;1172554205
00:0F:24:DC:B7:B0;UniversityOfWashingtonCSE";-49;1172554205
00:0F:24:DE:10:B0;UniversityOfWashingtonCSE";-39;1172554205
00:0F:24:DE:11:50;UniversityOfWashingtonCSE";-79;1172554205
00:0F:24:DC:B7:A0;UniversityOfWashingtonCSE";-61;1172554205
00:60:B3:8C:33:45;EE";-60;1172554205
00:0F:34:9D:06:30;UniversityOfWashingtonCSE";-64;1172554205
00:0F:34:9C:FE:70;UniversityOfWashingtonCSE";-72;1172554205
00:60:B3:80:AF:DC;EE";-77;1172554205
00:0F:34:9D:05:00;UniversityOfWashingtonCSE";-73;1172554205
00:0F:24:DE:11:40;UniversityOfWashingtonCSE";-79;1172554205
00:0F:34:9D:02:00;UniversityOfWashingtonCSE";-77;1172554206
00:0F:34:9D:02:20;UniversityOfWashingtonCSE";-52;1172554206
00:0F:24:DC:B7:B0;UniversityOfWashingtonCSE";-47;1172554206
00:0F:24:DE:10:B0;UniversityOfWashingtonCSE";-39;1172554206
00:0F:24:DE:11:50;UniversityOfWashingtonCSE";-79;1172554206
00:0F:24:DC:B7:A0;UniversityOfWashingtonCSE";-61;1172554206
00:60:B3:8C:33:45;EE";-60;1172554206
00:0F:34:9D:06:30;UniversityOfWashingtonCSE";-64;1172554206
00:0F:34:9C:FE:70;UniversityOfWashingtonCSE";-72;1172554206
00:60:B3:80:AF:DC;EE";-77;1172554206
00:0F:34:9D:05:00;UniversityOfWashingtonCSE";-73;1172554206
00:0F:34:9D:02:00;UniversityOfWashingtonCSE";-77;1172554207
00:0F:34:9D:02:20;UniversityOfWashingtonCSE";-52;1172554207
00:0F:24:DC:B7:B0;UniversityOfWashingtonCSE";-47;1172554207
00:0F:24:DE:10:B0;UniversityOfWashingtonCSE";-40;1172554207
00:0F:24:DE:11:50;UniversityOfWashingtonCSE";-79;1172554207
00:0F:24:DC:B7:A0;UniversityOfWashingtonCSE";-54;1172554207
00:60:B3:8C:33:45;EE";-61;1172554207
00:0F:34:9D:06:30;UniversityOfWashingtonCSE";-66;1172554207
00:0F:34:9C:FE:70;UniversityOfWashingtonCSE";-72;1172554207
00:60:B3:80:AF:DC;EE";-77;1172554207
00:0F:34:9D:05:00;UniversityOfWashingtonCSE";-73;1172554207
00:0F:34:9D:02:00;UniversityOfWashingtonCSE";-77;1172554208
00:0F:34:9D:02:20;UniversityOfWashingtonCSE";-53;1172554208
00:0F:24:DC:B7:B0;UniversityOfWashingtonCSE";-49;1172554208
00:0F:24:DE:10:B0;UniversityOfWashingtonCSE";-40;1172554208
00:0F:24:DE:11:50;UniversityOfWashingtonCSE";-79;1172554208
00:0F:24:DC:B7:A0;UniversityOfWashingtonCSE";-54;1172554208
00:60:B3:8C:33:45;EE";-65;1172554208
00:0F:34:9D:06:30;UniversityOfWashingtonCSE";-66;1172554208
00:0F:34:9C:FE:70;UniversityOfWashingtonCSE";-71;1172554208
00:60:B3:80:AF:DC;EE";-77;1172554208
00:0F:34:9D:05:00;UniversityOfWashingtonCSE";-73;1172554208
00:0F:34:9D:02:00;UniversityOfWashingtonCSE";-77;1172554208
00:0F:34:9D:02:20;UniversityOfWashingtonCSE";-53;1172554208
00:0F:24:DC:B7:B0;UniversityOfWashingtonCSE";-46;1172554208
00:0F:24:DE:10:B0;UniversityOfWashingtonCSE";-40;1172554208
00:0F:24:DE:11:50;UniversityOfWashingtonCSE";-79;1172554208
00:0F:24:DC:B7:A0;UniversityOfWashingtonCSE";-63;1172554208
00:60:B3:8C:33:45;EE";-61;1172554208
00:0F:34:9D:06:30;UniversityOfWashingtonCSE";-59;1172554208
00:0F:34:9C:FE:70;UniversityOfWashingtonCSE";-71;1172554208
00:60:B3:80:AF:DC;EE";-77;1172554208
00:0F:34:9D:05:00;UniversityOfWashingtonCSE";-73;1172554208
00:0F:34:9D:02:00;UniversityOfWashingtonCSE";-74;1172554209
00:0F:34:9D:02:20;UniversityOfWashingtonCSE";-55;1172554209
00:0F:24:DC:B7:B0;UniversityOfWashingtonCSE";-48;1172554209
00:0F:24:DE:10:B0;UniversityOfWashingtonCSE";-38;1172554209
00:0F:24:DE:11:50;UniversityOfWashingtonCSE";-79;1172554209
00:0F:24:DC:B7:A0;UniversityOfWashingtonCSE";-54;1172554209
00:60:B3:8C:33:45;EE";-59;1172554209
00:0F:34:9D:06:30;UniversityOfWashingtonCSE";-60;1172554209
00:0F:34:9C:FE:70;UniversityOfWashingtonCSE";-73;1172554209
00:60:B3:80:AF:DC;EE";-77;1172554209
00:0F:34:9D:05:00;UniversityOfWashingtonCSE";-73;1172554209
00:0F:34:9D:02:00;UniversityOfWashingtonCSE";-74;1172554210
00:0F:34:9D:02:20;UniversityOfWashingtonCSE";-51;1172554210
00:0F:24:DC:B7:B0;UniversityOfWashingtonCSE";-50;1172554210
00:0F:24:DE:10:B0;UniversityOfWashingtonCSE";-39;1172554210
00:0F:24:DE:11:50;UniversityOfWashingtonCSE";-79;1172554210
00:0F:24:DC:B7:A0;UniversityOfWashingtonCSE";-54;1172554210
00:60:B3:8C:33:45;EE";-60;1172554210
00:0F:34:9D:06:30;UniversityOfWashingtonCSE";-60;1172554210
00:0F:34:9C:FE:70;UniversityOfWashingtonCSE";-73;1172554210
00:60:B3:80:AF:DC;EE";-77;1172554210
00:0F:34:9D:05:00;UniversityOfWashingtonCSE";-73;1172554210
00:0F:34:9D:02:00;UniversityOfWashingtonCSE";-74;1172554211
00:0F:34:9D:02:20;UniversityOfWashingtonCSE";-51;1172554211
00:0F:24:DC:B7:B0;UniversityOfWashingtonCSE";-50;1172554211
00:0F:24:DE:10:B0;UniversityOfWashingtonCSE";-40;1172554211
00:0F:24:DE:11:50;UniversityOfWashingtonCSE";-79;1172554211
00:0F:24:DC:B7:A0;UniversityOfWashingtonCSE";-55;1172554211
00:60:B3:8C:33:45;EE";-60;1172554211
00:0F:34:9D:06:30;UniversityOfWashingtonCSE";-64;1172554211
00:0F:34:9C:FE:70;UniversityOfWashingtonCSE";-71;1172554211
00:60:B3:80:AF:DC;EE";-77;1172554211
00:0F:34:9D:05:00;UniversityOfWashingtonCSE";-73;1172554211
00:0F:34:9D:06:80;UniversityOfWashingtonCSE";-82;1172554211
00:0F:34:9D:02:00;UniversityOfWashingtonCSE";-74;1172554212
00:0F:34:9D:02:20;UniversityOfWashingtonCSE";-52;1172554212
00:0F:24:DC:B7:B0;UniversityOfWashingtonCSE";-50;1172554212
00:0F:24:DE:10:B0;UniversityOfWashingtonCSE";-40;1172554212
00:0F:24:DE:11:50;UniversityOfWashingtonCSE";-79;1172554212
00:0F:24:DC:B7:A0;UniversityOfWashingtonCSE";-55;1172554212
00:60:B3:8C:33:45;EE";-61;1172554212
00:0F:34:9D:06:30;UniversityOfWashingtonCSE";-64;1172554212
00:0F:34:9C:FE:70;UniversityOfWashingtonCSE";-71;1172554212
00:60:B3:80:AF:DC;EE";-77;1172554212
00:0F:34:9D:05:00;UniversityOfWashingtonCSE";-73;1172554212
00:0F:34:9D:06:80;UniversityOfWashingtonCSE";-82;1172554212
00:0F:34:9D:02:00;UniversityOfWashingtonCSE";-74;1172554212
00:0F:34:9D:02:20;UniversityOfWashingtonCSE";-52;1172554212
00:0F:24:DC:B7:B0;UniversityOfWashingtonCSE";-49;1172554212
00:0F:24:DE:10:B0;UniversityOfWashingtonCSE";-39;1172554212
00:0F:24:DE:11:50;UniversityOfWashingtonCSE";-79;1172554212
00:0F:24:DC:B7:A0;UniversityOfWashingtonCSE";-53;1172554212
00:60:B3:8C:33:45;EE";-61;1172554212
00:0F:34:9D:06:30;UniversityOfWashingtonCSE";-61;1172554212
00:0F:34:9C:FE:70;UniversityOfWashingtonCSE";-71;1172554212
00:60:B3:80:AF:DC;EE";-77;1172554212
00:0F:34:9D:05:00;UniversityOfWashingtonCSE";-73;1172554212
00:0F:34:9D:06:80;UniversityOfWashingtonCSE";-82;1172554212
00:0F:34:9D:02:00;UniversityOfWashingtonCSE";-77;1172554213
00:0F:34:9D:02:20;UniversityOfWashingtonCSE";-52;1172554213
00:0F:24:DC:B7:B0;UniversityOfWashingtonCSE";-48;1172554213
00:0F:24:DE:10:B0;UniversityOfWashingtonCSE";-40;1172554213
00:0F:24:DE:11:50;UniversityOfWashingtonCSE";-79;1172554213
00:0F:24:DC:B7:A0;UniversityOfWashingtonCSE";-53;1172554213
00:60:B3:8C:33:45;EE";-60;1172554213
00:0F:34:9D:06:30;UniversityOfWashingtonCSE";-62;1172554213
00:0F:34:9C:FE:70;UniversityOfWashingtonCSE";-71;1172554213
00:60:B3:80:AF:DC;EE";-77;1172554213
00:0F:34:9D:05:00;UniversityOfWashingtonCSE";-73;1172554213
00:0F:34:9D:06:80;UniversityOfWashingtonCSE";-82;1172554213
00:0F:34:9D:02:00;UniversityOfWashingtonCSE";-74;1172554214
00:0F:34:9D:02:20;UniversityOfWashingtonCSE";-52;1172554214
00:0F:24:DC:B7:B0;UniversityOfWashingtonCSE";-48;1172554214
00:0F:24:DE:10:B0;UniversityOfWashingtonCSE";-40;1172554214
00:0F:24:DE:11:50;UniversityOfWashingtonCSE";-79;1172554214
00:0F:24:DC:B7:A0;UniversityOfWashingtonCSE";-55;1172554214
00:60:B3:8C:33:45;EE";-60;1172554214
00:0F:34:9D:06:30;UniversityOfWashingtonCSE";-62;1172554214
00:0F:34:9C:FE:70;UniversityOfWashingtonCSE";-73;1172554214
00:60:B3:80:AF:DC;EE";-77;1172554214
00:0F:34:9D:05:00;UniversityOfWashingtonCSE";-73;1172554214
00:0F:34:9D:06:80;UniversityOfWashingtonCSE";-82;1172554214
00:0F:34:9D:02:00;UniversityOfWashingtonCSE";-74;1172554215
00:0F:34:9D:02:20;UniversityOfWashingtonCSE";-52;1172554215
00:0F:24:DC:B7:B0;UniversityOfWashingtonCSE";-48;1172554215
00:0F:24:DE:10:B0;UniversityOfWashingtonCSE";-39;1172554215
00:0F:24:DE:11:50;UniversityOfWashingtonCSE";-79;1172554215
00:0F:24:DC:B7:A0;UniversityOfWashingtonCSE";-55;1172554215
00:60:B3:8C:33:45;EE";-60;1172554215
00:0F:34:9D:06:30;UniversityOfWashingtonCSE";-62;1172554215
00:0F:34:9C:FE:70;UniversityOfWashingtonCSE";-73;1172554215
00:60:B3:80:AF:DC;EE";-77;1172554215
00:0F:34:9D:05:00;UniversityOfWashingtonCSE";-73;1172554215
00:0F:34:9D:06:80;UniversityOfWashingtonCSE";-82;1172554215
00:0F:34:9D:02:00;UniversityOfWashingtonCSE";-74;1172554215
00:0F:34:9D:02:20;UniversityOfWashingtonCSE";-52;1172554215
00:0F:24:DC:B7:B0;UniversityOfWashingtonCSE";-48;1172554215
00:0F:24:DE:10:B0;UniversityOfWashingtonCSE";-40;1172554215
00:0F:24:DE:11:50;UniversityOfWashingtonCSE";-79;1172554215
00:0F:24:DC:B7:A0;UniversityOfWashingtonCSE";-54;1172554215
00:60:B3:8C:33:45;EE";-61;1172554215
00:0F:34:9D:06:30;UniversityOfWashingtonCSE";-61;1172554215
00:0F:34:9C:FE:70;UniversityOfWashingtonCSE";-73;1172554215
00:60:B3:80:AF:DC;EE";-77;1172554215
00:0F:34:9D:05:00;UniversityOfWashingtonCSE";-73;1172554215
00:0F:34:9D:06:80;UniversityOfWashingtonCSE";-83;1172554215
00:0F:34:9D:02:00;UniversityOfWashingtonCSE";-76;1172554216
00:0F:34:9D:02:20;UniversityOfWashingtonCSE";-53;1172554216
00:0F:24:DC:B7:B0;UniversityOfWashingtonCSE";-50;1172554216
00:0F:24:DE:10:B0;UniversityOfWashingtonCSE";-40;1172554216
00:0F:24:DE:11:50;UniversityOfWashingtonCSE";-79;1172554216
00:0F:24:DC:B7:A0;UniversityOfWashingtonCSE";-64;1172554216
00:60:B3:8C:33:45;EE";-61;1172554216
00:0F:34:9D:06:30;UniversityOfWashingtonCSE";-61;1172554216
00:0F:34:9C:FE:70;UniversityOfWashingtonCSE";-73;1172554216
00:60:B3:80:AF:DC;EE";-77;1172554216
00:0F:34:9D:05:00;UniversityOfWashingtonCSE";-73;1172554216
00:0F:34:9D:06:80;UniversityOfWashingtonCSE";-83;1172554216
00:0F:34:9D:02:00;UniversityOfWashingtonCSE";-76;1172554217
00:0F:34:9D:02:20;UniversityOfWashingtonCSE";-52;1172554217
00:0F:24:DC:B7:B0;UniversityOfWashingtonCSE";-48;1172554217
00:0F:24:DE:10:B0;UniversityOfWashingtonCSE";-39;1172554217
00:0F:24:DE:11:50;UniversityOfWashingtonCSE";-79;1172554217
00:0F:24:DC:B7:A0;UniversityOfWashingtonCSE";-64;1172554217
00:60:B3:8C:33:45;EE";-62;1172554217
00:0F:34:9D:06:30;UniversityOfWashingtonCSE";-61;1172554217
00:0F:34:9C:FE:70;UniversityOfWashingtonCSE";-73;1172554217
00:0F:34:9D:06:80;UniversityOfWashingtonCSE";-83;1172554217
00:0F:34:9D:02:00;UniversityOfWashingtonCSE";-77;1172554218
00:0F:34:9D:02:20;UniversityOfWashingtonCSE";-52;1172554218
00:0F:24:DC:B7:B0;UniversityOfWashingtonCSE";-49;1172554218
00:0F:24:DE:10:B0;UniversityOfWashingtonCSE";-40;1172554218
00:0F:24:DE:11:50;UniversityOfWashingtonCSE";-79;1172554218
00:0F:24:DC:B7:A0;UniversityOfWashingtonCSE";-63;1172554218
00:60:B3:8C:33:45;EE";-59;1172554218
00:0F:34:9D:06:30;UniversityOfWashingtonCSE";-60;1172554218
00:0F:34:9C:FE:70;UniversityOfWashingtonCSE";-71;1172554218
00:0F:34:9D:06:80;UniversityOfWashingtonCSE";-83;1172554218
00:0F:34:9D:02:00;UniversityOfWashingtonCSE";-76;1172554218
00:0F:34:9D:02:20;UniversityOfWashingtonCSE";-52;1172554218
00:0F:24:DC:B7:B0;UniversityOfWashingtonCSE";-51;1172554218
00:0F:24:DE:10:B0;UniversityOfWashingtonCSE";-39;1172554218
00:0F:24:DE:11:50;UniversityOfWashingtonCSE";-79;1172554218
00:0F:24:DC:B7:A0;UniversityOfWashingtonCSE";-63;1172554218
00:60:B3:8C:33:45;EE";-61;1172554218
00:0F:34:9D:06:30;UniversityOfWashingtonCSE";-60;1172554218
00:0F:34:9C:FE:70;UniversityOfWashingtonCSE";-71;1172554218
00:0F:34:9D:06:80;UniversityOfWashingtonCSE";-83;1172554218
00:0F:34:9D:02:00;UniversityOfWashingtonCSE";-76;1172554219
00:0F:34:9D:02:20;UniversityOfWashingtonCSE";-53;1172554219
00:0F:24:DC:B7:B0;UniversityOfWashingtonCSE";-47;1172554219
00:0F:24:DE:10:B0;UniversityOfWashingtonCSE";-39;1172554219
00:0F:24:DE:11:50;UniversityOfWashingtonCSE";-79;1172554219
00:0F:24:DC:B7:A0;UniversityOfWashingtonCSE";-55;1172554219
00:60:B3:8C:33:45;EE";-61;1172554219
00:0F:34:9D:06:30;UniversityOfWashingtonCSE";-60;1172554219
00:0F:34:9C:FE:70;UniversityOfWashingtonCSE";-71;1172554219
00:0F:34:9D:06:80;UniversityOfWashingtonCSE";-83;1172554219
00:0F:34:9D:02:00;UniversityOfWashingtonCSE";-76;1172554220
00:0F:34:9D:02:20;UniversityOfWashingtonCSE";-54;1172554220
00:0F:24:DC:B7:B0;UniversityOfWashingtonCSE";-51;1172554220
00:0F:24:DE:10:B0;UniversityOfWashingtonCSE";-38;1172554220
00:0F:24:DE:11:50;UniversityOfWashingtonCSE";-79;1172554220
00:0F:24:DC:B7:A0;UniversityOfWashingtonCSE";-55;1172554220
00:60:B3:8C:33:45;EE";-61;1172554220
00:0F:34:9D:06:30;UniversityOfWashingtonCSE";-60;1172554220
00:0F:34:9C:FE:70;UniversityOfWashingtonCSE";-71;1172554220
00:0F:34:9D:06:80;UniversityOfWashingtonCSE";-83;1172554220
00:0F:34:9D:02:00;UniversityOfWashingtonCSE";-76;1172554221
00:0F:34:9D:02:20;UniversityOfWashingtonCSE";-54;1172554221
00:0F:24:DC:B7:B0;UniversityOfWashingtonCSE";-51;1172554221
00:0F:24:DE:10:B0;UniversityOfWashingtonCSE";-40;1172554221
00:0F:24:DE:11:50;UniversityOfWashingtonCSE";-79;1172554221
00:0F:24:DC:B7:A0;UniversityOfWashingtonCSE";-53;1172554221
00:60:B3:8C:33:45;EE";-61;1172554221
00:0F:34:9D:06:30;UniversityOfWashingtonCSE";-61;1172554221
00:0F:34:9C:FE:70;UniversityOfWashingtonCSE";-71;1172554221
00:0F:34:9D:06:80;UniversityOfWashingtonCSE";-83;1172554221
00:0F:34:9D:02:00;UniversityOfWashingtonCSE";-77;1172554221
00:0F:34:9D:02:20;UniversityOfWashingtonCSE";-53;1172554221
00:0F:24:DC:B7:B0;UniversityOfWashingtonCSE";-50;1172554221
00:0F:24:DE:10:B0;UniversityOfWashingtonCSE";-39;1172554221
00:0F:24:DE:11:50;UniversityOfWashingtonCSE";-79;1172554221
00:0F:24:DC:B7:A0;UniversityOfWashingtonCSE";-53;1172554221
00:60:B3:8C:33:45;EE";-61;1172554221
00:0F:34:9D:06:30;UniversityOfWashingtonCSE";-61;1172554221
00:0F:34:9C:FE:70;UniversityOfWashingtonCSE";-71;1172554221
00:0F:34:9D:06:80;UniversityOfWashingtonCSE";-83;1172554221
00:0F:34:9D:02:00;UniversityOfWashingtonCSE";-77;1172554222
00:0F:34:9D:02:20;UniversityOfWashingtonCSE";-52;1172554222
00:0F:24:DC:B7:B0;UniversityOfWashingtonCSE";-48;1172554222
00:0F:24:DE:10:B0;UniversityOfWashingtonCSE";-39;1172554222
00:0F:24:DE:11:50;UniversityOfWashingtonCSE";-79;1172554222
00:0F:24:DC:B7:A0;UniversityOfWashingtonCSE";-62;1172554222
00:60:B3:8C:33:45;EE";-62;1172554222
00:0F:34:9D:06:30;UniversityOfWashingtonCSE";-62;1172554222
00:0F:34:9C:FE:70;UniversityOfWashingtonCSE";-71;1172554222
00:0F:34:9D:06:80;UniversityOfWashingtonCSE";-83;1172554222
00:0F:34:9D:02:00;UniversityOfWashingtonCSE";-75;1172554223
00:0F:34:9D:02:20;UniversityOfWashingtonCSE";-53;1172554223
00:0F:24:DC:B7:B0;UniversityOfWashingtonCSE";-47;1172554223
00:0F:24:DE:10:B0;UniversityOfWashingtonCSE";-40;1172554223
00:0F:24:DE:11:50;UniversityOfWashingtonCSE";-79;1172554223
00:0F:24:DC:B7:A0;UniversityOfWashingtonCSE";-53;1172554223
00:60:B3:8C:33:45;EE";-62;1172554223
00:0F:34:9D:06:30;UniversityOfWashingtonCSE";-63;1172554223
00:0F:34:9C:FE:70;UniversityOfWashingtonCSE";-71;1172554223
00:0F:34:9D:06:80;UniversityOfWashingtonCSE";-83;1172554223
00:0F:34:9D:02:00;UniversityOfWashingtonCSE";-75;1172554224
00:0F:34:9D:02:20;UniversityOfWashingtonCSE";-54;1172554224
00:0F:24:DC:B7:B0;UniversityOfWashingtonCSE";-49;1172554224
00:0F:24:DE:10:B0;UniversityOfWashingtonCSE";-40;1172554224
00:0F:24:DE:11:50;UniversityOfWashingtonCSE";-79;1172554224
00:0F:24:DC:B7:A0;UniversityOfWashingtonCSE";-53;1172554224
00:60:B3:8C:33:45;EE";-61;1172554224
00:0F:34:9D:06:30;UniversityOfWashingtonCSE";-63;1172554224
00:0F:34:9C:FE:70;UniversityOfWashingtonCSE";-71;1172554224
00:0F:34:9D:06:80;UniversityOfWashingtonCSE";-83;1172554224
00:0F:34:9D:02:00;UniversityOfWashingtonCSE";-75;1172554224
00:0F:34:9D:02:20;UniversityOfWashingtonCSE";-55;1172554224
00:0F:24:DC:B7:B0;UniversityOfWashingtonCSE";-48;1172554224
00:0F:24:DE:10:B0;UniversityOfWashingtonCSE";-40;1172554224
00:0F:24:DE:11:50;UniversityOfWashingtonCSE";-79;1172554224
00:0F:24:DC:B7:A0;UniversityOfWashingtonCSE";-59;1172554224
00:60:B3:8C:33:45;EE";-62;1172554224
00:0F:34:9D:06:30;UniversityOfWashingtonCSE";-62;1172554224
00:0F:34:9C:FE:70;UniversityOfWashingtonCSE";-71;1172554224
00:0F:34:9D:06:80;UniversityOfWashingtonCSE";-82;1172554224
00:0F:34:9D:02:00;UniversityOfWashingtonCSE";-72;1172554225
00:0F:34:9D:02:20;UniversityOfWashingtonCSE";-54;1172554225
00:0F:24:DC:B7:B0;UniversityOfWashingtonCSE";-49;1172554225
00:0F:24:DE:10:B0;UniversityOfWashingtonCSE";-40;1172554225
00:0F:24:DE:11:50;UniversityOfWashingtonCSE";-79;1172554225
00:0F:24:DC:B7:A0;UniversityOfWashingtonCSE";-59;1172554225
00:60:B3:8C:33:45;EE";-61;1172554225
00:0F:34:9D:06:30;UniversityOfWashingtonCSE";-62;1172554225
00:0F:34:9C:FE:70;UniversityOfWashingtonCSE";-71;1172554225
00:0F:34:9D:06:80;UniversityOfWashingtonCSE";-82;1172554225
00:0F:34:9D:02:00;UniversityOfWashingtonCSE";-76;1172554226
00:0F:34:9D:02:20;UniversityOfWashingtonCSE";-53;1172554226
00:0F:24:DC:B7:B0;UniversityOfWashingtonCSE";-56;1172554226
00:0F:24:DE:10:B0;UniversityOfWashingtonCSE";-41;1172554226
00:0F:24:DE:11:50;UniversityOfWashingtonCSE";-79;1172554226
00:0F:24:DC:B7:A0;UniversityOfWashingtonCSE";-55;1172554226
00:60:B3:8C:33:45;EE";-65;1172554226
00:0F:34:9D:06:30;UniversityOfWashingtonCSE";-64;1172554226
00:0F:34:9C:FE:70;UniversityOfWashingtonCSE";-71;1172554226
00:0F:34:9D:06:80;UniversityOfWashingtonCSE";-82;1172554226
00:0F:34:9D:02:00;UniversityOfWashingtonCSE";-75;1172554227
00:0F:34:9D:02:20;UniversityOfWashingtonCSE";-55;1172554227
00:0F:24:DC:B7:B0;UniversityOfWashingtonCSE";-49;1172554227
00:0F:24:DE:10:B0;UniversityOfWashingtonCSE";-41;1172554227
00:0F:24:DE:11:50;UniversityOfWashingtonCSE";-79;1172554227
00:0F:24:DC:B7:A0;UniversityOfWashingtonCSE";-60;1172554227
00:60:B3:8C:33:45;EE";-61;1172554227
00:0F:34:9D:06:30;UniversityOfWashingtonCSE";-64;1172554227
00:0F:34:9C:FE:70;UniversityOfWashingtonCSE";-72;1172554227
00:0F:34:9D:06:80;UniversityOfWashingtonCSE";-80;1172554227
00:0F:34:9D:02:00;UniversityOfWashingtonCSE";-75;1172554227
00:0F:34:9D:02:20;