00:0F:B3:42:41:45;PRD";-64;1172767235
00:14:6C:03:01:04;KPK";-79;1172767235
00:0F:66:BA:83:18;linksys";-52;1172767235
00:14:BF:17:02:AB;linksys-coolerthanyou";-43;1172767235
00:0F:B3:42:41:45;PRD";-64;1172767236
00:14:6C:03:01:04;KPK";-70;1172767236
00:0F:66:BA:83:18;linksys";-52;1172767236
00:14:BF:17:02:AB;linksys-coolerthanyou";-44;1172767237
00:0F:B3:42:41:45;PRD";-64;1172767238
00:14:6C:03:01:04;KPK";-70;1172767238
00:0F:66:BA:83:18;linksys";-52;1172767238
00:14:BF:17:02:AB;linksys-coolerthanyou";-44;1172767238
00:0F:B3:42:41:45;PRD";-66;1172767239
00:14:6C:03:01:04;KPK";-65;1172767239
00:0F:66:BA:83:18;linksys";-52;1172767239
00:14:BF:17:02:AB;linksys-coolerthanyou";-47;1172767239
00:0F:B3:42:41:45;PRD";-65;1172767240
00:14:6C:03:01:04;KPK";-71;1172767240
00:0F:66:BA:83:18;linksys";-52;1172767240
00:14:BF:17:02:AB;linksys-coolerthanyou";-47;1172767240
00:0F:B3:42:41:45;PRD";-64;1172767241
00:14:6C:03:01:04;KPK";-71;1172767241
00:0F:66:BA:83:18;linksys";-52;1172767241
00:14:BF:17:02:AB;linksys-coolerthanyou";-47;1172767241
