00:0F:34:9D:02:20;UniversityOfWashingtonCSE";-58;1172551577
00:0F:24:DC:B7:B0;UniversityOfWashingtonCSE";-55;1172551578
00:0F:24:DE:10:B0;UniversityOfWashingtonCSE";-39;1172551578
00:0F:24:DE:11:50;UniversityOfWashingtonCSE";-79;1172551578
00:60:B3:8C:33:45;EE";-68;1172551578
00:0F:34:9D:06:30;UniversityOfWashingtonCSE";-69;1172551578
00:0F:34:9D:02:00;UniversityOfWashingtonCSE";-79;1172551579
00:0F:34:9D:02:20;UniversityOfWashingtonCSE";-58;1172551579
00:0F:24:DC:B7:B0;UniversityOfWashingtonCSE";-54;1172551579
00:0F:24:DE:10:B0;UniversityOfWashingtonCSE";-41;1172551580
00:0F:24:DE:11:50;UniversityOfWashingtonCSE";-79;1172551580
00:0F:24:DC:B7:A0;UniversityOfWashingtonCSE";-59;1172551580
00:60:B3:8C:33:45;EE";-62;1172551580
00:0F:34:9D:06:30;UniversityOfWashingtonCSE";-65;1172551580
00:0F:34:9C:FE:70;UniversityOfWashingtonCSE";-70;1172551580
00:0F:34:9D:02:00;UniversityOfWashingtonCSE";-79;1172551581
00:0F:34:9D:02:20;UniversityOfWashingtonCSE";-58;1172551581
00:0F:24:DC:B7:B0;UniversityOfWashingtonCSE";-53;1172551581
00:0F:24:DE:10:B0;UniversityOfWashingtonCSE";-40;1172551582
00:0F:24:DE:11:50;UniversityOfWashingtonCSE";-79;1172551582
00:0F:24:DC:B7:A0;UniversityOfWashingtonCSE";-59;1172551582
00:60:B3:8C:33:45;EE";-64;1172551582
00:0F:34:9D:06:30;UniversityOfWashingtonCSE";-66;1172551582
00:0F:34:9C:FE:70;UniversityOfWashingtonCSE";-70;1172551582
00:0F:34:9D:02:00;UniversityOfWashingtonCSE";-79;1172551583
00:0F:34:9D:02:20;UniversityOfWashingtonCSE";-59;1172551583
00:0F:24:DC:B7:B0;UniversityOfWashingtonCSE";-55;1172551584
00:0F:24:DE:10:B0;UniversityOfWashingtonCSE";-41;1172551584
00:0F:24:DE:11:50;UniversityOfWashingtonCSE";-79;1172551584
00:0F:24:DC:B7:A0;UniversityOfWashingtonCSE";-59;1172551584
00:60:B3:8C:33:45;EE";-63;1172551584
00:0F:34:9D:06:30;UniversityOfWashingtonCSE";-66;1172551584
00:0F:34:9C:FE:70;UniversityOfWashingtonCSE";-70;1172551584
00:0F:34:9D:02:00;UniversityOfWashingtonCSE";-79;1172551585
00:0F:34:9D:02:20;UniversityOfWashingtonCSE";-56;1172551585
00:0F:24:DC:B7:B0;UniversityOfWashingtonCSE";-55;1172551586
00:0F:24:DE:10:B0;UniversityOfWashingtonCSE";-40;1172551586
00:0F:24:DE:11:50;UniversityOfWashingtonCSE";-79;1172551586
00:0F:24:DC:B7:A0;UniversityOfWashingtonCSE";-60;1172551586
00:60:B3:8C:33:45;EE";-63;1172551586
00:0F:34:9D:06:30;UniversityOfWashingtonCSE";-69;1172551586
00:0F:34:9C:FE:70;UniversityOfWashingtonCSE";-70;1172551586
00:0F:34:9D:02:00;UniversityOfWashingtonCSE";-79;1172551587
00:0F:34:9D:02:20;UniversityOfWashingtonCSE";-56;1172551587
00:0F:24:DC:B7:B0;UniversityOfWashingtonCSE";-55;1172551588
00:0F:24:DE:10:B0;UniversityOfWashingtonCSE";-39;1172551588
00:0F:24:DE:11:50;UniversityOfWashingtonCSE";-79;1172551588
00:0F:24:DC:B7:A0;UniversityOfWashingtonCSE";-58;1172551588
00:60:B3:8C:33:45;EE";-65;1172551588
00:0F:34:9D:06:30;UniversityOfWashingtonCSE";-64;1172551588
00:0F:34:9C:FE:70;UniversityOfWashingtonCSE";-70;1172551588
00:0F:34:9D:02:00;UniversityOfWashingtonCSE";-77;1172551589
00:0F:34:9D:02:20;UniversityOfWashingtonCSE";-56;1172551589
00:0F:24:DC:B7:B0;UniversityOfWashingtonCSE";-53;1172551590
00:0F:24:DE:10:B0;UniversityOfWashingtonCSE";-38;1172551590
00:0F:24:DE:11:50;UniversityOfWashingtonCSE";-79;1172551590
00:0F:24:DC:B7:A0;UniversityOfWashingtonCSE";-58;1172551590
00:60:B3:8C:33:45;EE";-67;1172551590
00:0F:34:9D:06:30;UniversityOfWashingtonCSE";-64;1172551590
00:0F:34:9C:FE:70;UniversityOfWashingtonCSE";-70;1172551590
00:0F:34:9D:02:00;UniversityOfWashingtonCSE";-77;1172551591
00:0F:34:9D:02:20;UniversityOfWashingtonCSE";-64;1172551591
00:0F:24:DC:B7:B0;UniversityOfWashingtonCSE";-54;1172551592
00:0F:24:DE:10:B0;UniversityOfWashingtonCSE";-40;1172551592
00:0F:24:DE:11:50;UniversityOfWashingtonCSE";-79;1172551592
00:0F:24:DC:B7:A0;UniversityOfWashingtonCSE";-58;1172551592
00:60:B3:8C:33:45;EE";-62;1172551592
00:0F:34:9D:06:30;UniversityOfWashingtonCSE";-64;1172551592
00:0F:34:9C:FE:70;UniversityOfWashingtonCSE";-70;1172551592
00:0F:34:9D:02:00;UniversityOfWashingtonCSE";-77;1172551593
00:0F:34:9D:02:20;UniversityOfWashingtonCSE";-57;1172551593
00:0F:24:DC:B7:B0;UniversityOfWashingtonCSE";-52;1172551594
00:0F:24:DE:10:B0;UniversityOfWashingtonCSE";-40;1172551594
00:0F:24:DE:11:50;UniversityOfWashingtonCSE";-79;1172551594
00:0F:24:DC:B7:A0;UniversityOfWashingtonCSE";-55;1172551594
00:60:B3:8C:33:45;EE";-64;1172551594
00:0F:34:9D:06:30;UniversityOfWashingtonCSE";-63;1172551594
00:0F:34:9C:FE:70;UniversityOfWashingtonCSE";-71;1172551594
