00:0F:24:DC:B7:B0;UniversityOfWashingtonCSE";-64;1172536425
00:0F:34:9D:02:20;UniversityOfWashingtonCSE";-61;1172536425
00:0F:34:9D:02:00;UniversityOfWashingtonCSE";-82;1172536425
00:0F:24:DE:10:B0;UniversityOfWashingtonCSE";-39;1172536425
00:0F:24:DE:11:50;UniversityOfWashingtonCSE";-62;1172536425
00:60:B3:8C:33:45;EE";-64;1172536425
00:0F:24:DC:B7:A0;UniversityOfWashingtonCSE";-61;1172536425
00:0F:24:DC:B7:B0;UniversityOfWashingtonCSE";-64;1172536426
00:0F:34:9D:02:20;UniversityOfWashingtonCSE";-59;1172536426
00:0F:34:9D:02:00;UniversityOfWashingtonCSE";-82;1172536426
00:0F:24:DE:10:B0;UniversityOfWashingtonCSE";-37;1172536426
00:0F:24:DE:11:50;UniversityOfWashingtonCSE";-62;1172536426
00:60:B3:8C:33:45;EE";-63;1172536426
00:0F:24:DC:B7:A0;UniversityOfWashingtonCSE";-60;1172536426
00:0F:34:9D:06:30;UniversityOfWashingtonCSE";-64;1172536426
00:0F:24:DC:B7:B0;UniversityOfWashingtonCSE";-68;1172536427
00:0F:34:9D:02:20;UniversityOfWashingtonCSE";-59;1172536427
00:0F:34:9D:02:00;UniversityOfWashingtonCSE";-80;1172536427
00:0F:24:DE:10:B0;UniversityOfWashingtonCSE";-37;1172536427
00:0F:24:DE:11:50;UniversityOfWashingtonCSE";-62;1172536427
00:60:B3:8C:33:45;EE";-63;1172536427
00:0F:24:DC:B7:A0;UniversityOfWashingtonCSE";-60;1172536427
00:0F:34:9D:06:30;UniversityOfWashingtonCSE";-64;1172536427
00:60:B3:80:AF:DC;EE";-80;1172536427
00:0F:24:DC:B7:B0;UniversityOfWashingtonCSE";-68;1172536427
00:0F:34:9D:02:20;UniversityOfWashingtonCSE";-59;1172536427
00:0F:34:9D:02:00;UniversityOfWashingtonCSE";-80;1172536427
00:0F:24:DE:10:B0;UniversityOfWashingtonCSE";-37;1172536427
00:0F:24:DE:11:50;UniversityOfWashingtonCSE";-62;1172536427
00:60:B3:8C:33:45;EE";-63;1172536427
00:0F:24:DC:B7:A0;UniversityOfWashingtonCSE";-59;1172536427
00:0F:34:9D:06:30;UniversityOfWashingtonCSE";-62;1172536427
00:60:B3:80:AF:DC;EE";-80;1172536427
00:0F:24:DC:B7:B0;UniversityOfWashingtonCSE";-68;1172536428
00:0F:34:9D:02:20;UniversityOfWashingtonCSE";-59;1172536428
00:0F:34:9D:02:00;UniversityOfWashingtonCSE";-82;1172536428
00:0F:24:DE:10:B0;UniversityOfWashingtonCSE";-37;1172536428
00:0F:24:DE:11:50;UniversityOfWashingtonCSE";-62;1172536428
00:60:B3:8C:33:45;EE";-63;1172536428
00:0F:24:DC:B7:A0;UniversityOfWashingtonCSE";-59;1172536428
00:0F:34:9D:06:30;UniversityOfWashingtonCSE";-62;1172536428
00:60:B3:80:AF:DC;EE";-80;1172536428
00:0F:24:DC:B7:B0;UniversityOfWashingtonCSE";-65;1172536429
00:0F:34:9D:02:20;UniversityOfWashingtonCSE";-62;1172536429
00:0F:34:9D:02:00;UniversityOfWashingtonCSE";-82;1172536429
00:0F:24:DE:10:B0;UniversityOfWashingtonCSE";-39;1172536429
00:0F:24:DE:11:50;UniversityOfWashingtonCSE";-62;1172536429
00:60:B3:8C:33:45;EE";-61;1172536429
00:0F:24:DC:B7:A0;UniversityOfWashingtonCSE";-58;1172536429
00:0F:34:9D:06:30;UniversityOfWashingtonCSE";-65;1172536429
00:0F:34:9C:FE:70;UniversityOfWashingtonCSE";-79;1172536429
00:60:B3:80:AF:DC;EE";-80;1172536429
00:0F:24:DC:B7:B0;UniversityOfWashingtonCSE";-65;1172536430
00:0F:34:9D:02:20;UniversityOfWashingtonCSE";-59;1172536430
00:0F:34:9D:02:00;UniversityOfWashingtonCSE";-81;1172536430
00:0F:24:DE:10:B0;UniversityOfWashingtonCSE";-38;1172536430
00:0F:24:DE:11:50;UniversityOfWashingtonCSE";-62;1172536430
00:60:B3:8C:33:45;EE";-63;1172536430
00:0F:24:DC:B7:A0;UniversityOfWashingtonCSE";-58;1172536430
00:0F:34:9D:06:30;UniversityOfWashingtonCSE";-65;1172536430
00:0F:34:9C:FE:70;UniversityOfWashingtonCSE";-79;1172536430
00:60:B3:80:AF:DC;EE";-80;1172536430
00:0F:24:DC:B7:B0;UniversityOfWashingtonCSE";-64;1172536430
00:0F:34:9D:02:20;UniversityOfWashingtonCSE";-62;1172536430
00:0F:34:9D:02:00;UniversityOfWashingtonCSE";-81;1172536430
00:0F:24:DE:10:B0;UniversityOfWashingtonCSE";-38;1172536430
00:0F:24:DE:11:50;UniversityOfWashingtonCSE";-62;1172536430
00:60:B3:8C:33:45;EE";-64;1172536430
00:0F:24:DC:B7:A0;UniversityOfWashingtonCSE";-63;1172536430
00:0F:34:9D:06:30;UniversityOfWashingtonCSE";-61;1172536430
00:0F:34:9C:FE:70;UniversityOfWashingtonCSE";-79;1172536430
00:60:B3:80:AF:DC;EE";-80;1172536430
00:0F:24:DC:B7:B0;UniversityOfWashingtonCSE";-67;1172536431
00:0F:34:9D:02:20;UniversityOfWashingtonCSE";-61;1172536431
00:0F:34:9D:02:00;UniversityOfWashingtonCSE";-81;1172536431
00:0F:24:DE:10:B0;UniversityOfWashingtonCSE";-37;1172536431
00:0F:24:DE:11:50;UniversityOfWashingtonCSE";-62;1172536431
00:60:B3:8C:33:45;EE";-64;1172536431
00:0F:24:DC:B7:A0;UniversityOfWashingtonCSE";-61;1172536431
00:0F:34:9D:06:30;UniversityOfWashingtonCSE";-61;1172536431
00:0F:34:9C:FE:70;UniversityOfWashingtonCSE";-79;1172536431
00:60:B3:80:AF:DC;EE";-80;1172536431
