00:14:6C:03:01:04;KPK";-65;1172561745
00:0F:66:BA:83:18;linksys";-49;1172561745
00:0F:B3:42:41:45;PRD";-72;1172561745
00:14:BF:17:02:AB;linksys-coolerthanyou";-46;1172561745
00:14:6C:03:01:04;KPK";-64;1172561746
00:0F:66:BA:83:18;linksys";-51;1172561746
00:0F:B3:42:41:45;PRD";-72;1172561746
00:14:BF:17:02:AB;linksys-coolerthanyou";-43;1172561746
00:14:6C:03:01:04;KPK";-70;1172561747
00:0F:66:BA:83:18;linksys";-50;1172561747
00:0F:B3:42:41:45;PRD";-72;1172561747
00:14:BF:17:02:AB;linksys-coolerthanyou";-43;1172561747
00:14:6C:03:01:04;KPK";-67;1172561748
00:0F:66:BA:83:18;linksys";-53;1172561748
00:0F:B3:42:41:45;PRD";-71;1172561748
00:14:BF:17:02:AB;linksys-coolerthanyou";-37;1172561748
00:14:6C:03:01:04;KPK";-70;1172561749
00:0F:66:BA:83:18;linksys";-52;1172561749
00:0F:B3:42:41:45;PRD";-71;1172561749
00:14:BF:17:02:AB;linksys-coolerthanyou";-37;1172561750
00:14:6C:03:01:04;KPK";-72;1172561751
00:0F:66:BA:83:18;linksys";-52;1172561751
00:0F:B3:42:41:45;PRD";-71;1172561751
00:14:BF:17:02:AB;linksys-coolerthanyou";-38;1172561751
00:14:6C:03:01:04;KPK";-71;1172561752
00:0F:66:BA:83:18;linksys";-52;1172561752
00:0F:B3:42:41:45;PRD";-70;1172561752
00:14:BF:17:02:AB;linksys-coolerthanyou";-38;1172561752
00:14:6C:03:01:04;KPK";-70;1172561753
00:0F:66:BA:83:18;linksys";-52;1172561753
00:0F:B3:42:41:45;PRD";-70;1172561753
00:14:BF:17:02:AB;linksys-coolerthanyou";-38;1172561753
00:14:6C:03:01:04;KPK";-71;1172561754
00:0F:66:BA:83:18;linksys";-52;1172561754
00:0F:B3:42:41:45;PRD";-71;1172561754
00:14:BF:17:02:AB;linksys-coolerthanyou";-37;1172561754
00:16:B6:25:DC:CD;5626";-83;1172561755
00:14:6C:03:01:04;KPK";-68;1172561755
00:0F:66:BA:83:18;linksys";-52;1172561755
00:0F:B3:42:41:45;PRD";-71;1172561756
00:14:BF:17:02:AB;linksys-coolerthanyou";-38;1172561756
00:16:B6:25:DC:CD;5626";-83;1172561757
00:14:6C:03:01:04;KPK";-68;1172561757
00:0F:66:BA:83:18;linksys";-52;1172561757
00:0F:B3:42:41:45;PRD";-68;1172561757
00:14:BF:17:02:AB;linksys-coolerthanyou";-38;1172561757
00:16:B6:25:DC:CD;5626";-83;1172561758
00:14:6C:03:01:04;KPK";-68;1172561758
00:0F:66:BA:83:18;linksys";-52;1172561758
00:0F:B3:42:41:45;PRD";-70;1172561758
00:14:BF:17:02:AB;linksys-coolerthanyou";-38;1172561758
00:12:17:A2:89:9C;Granddaddy";-80;1172561758
00:16:B6:25:DC:CD;5626";-83;1172561759
00:14:6C:03:01:04;KPK";-70;1172561759
00:0F:66:BA:83:18;linksys";-52;1172561759
00:0F:B3:42:41:45;PRD";-69;1172561759
00:14:BF:17:02:AB;linksys-coolerthanyou";-38;1172561759
00:12:17:A2:89:9C;Granddaddy";-80;1172561760
00:16:B6:25:DC:CD;5626";-83;1172561760
00:14:6C:03:01:04;KPK";-66;1172561761
00:0F:66:BA:83:18;linksys";-52;1172561761
00:0F:B3:42:41:45;PRD";-70;1172561761
00:14:BF:17:02:AB;linksys-coolerthanyou";-37;1172561761
00:12:17:A2:89:9C;Granddaddy";-80;1172561761
00:16:B6:25:DC:CD;5626";-83;1172561762
00:14:6C:03:01:04;KPK";-70;1172561762
00:0F:66:BA:83:18;linksys";-52;1172561762
00:0F:B3:42:41:45;PRD";-70;1172561762
00:14:BF:17:02:AB;linksys-coolerthanyou";-38;1172561762
00:12:17:A2:89:9C;Granddaddy";-80;1172561762
00:16:B6:25:DC:CD;5626";-83;1172561763
00:14:6C:03:01:04;KPK";-71;1172561763
00:0F:66:BA:83:18;linksys";-52;1172561763
00:0F:B3:42:41:45;PRD";-70;1172561763
00:14:BF:17:02:AB;linksys-coolerthanyou";-37;1172561763
00:12:17:A2:89:9C;Granddaddy";-80;1172561764
00:16:B6:25:DC:CD;5626";-83;1172561764
00:14:6C:03:01:04;KPK";-70;1172561765
00:0F:66:BA:83:18;linksys";-52;1172561765
00:0F:B3:42:41:45;PRD";-70;1172561765
00:14:BF:17:02:AB;linksys-coolerthanyou";-45;1172561765
00:12:17:A2:89:9C;Granddaddy";-80;1172561765
00:16:B6:25:DC:CD;5626";-83;1172561766
00:14:6C:03:01:04;KPK";-71;1172561766
00:0F:66:BA:83:18;linksys";-51;1172561766
00:0F:B3:42:41:45;PRD";-71;1172561766
00:14:BF:17:02:AB;linksys-coolerthanyou";-37;1172561766
00:12:17:A2:89:9C;Granddaddy";-80;1172561766
00:15:05:1B:15:4B;<hidden>";-84;1172561767
00:16:B6:25:DC:CD;5626";-83;1172561767
00:14:6C:03:01:04;KPK";-68;1172561767
00:0F:66:BA:83:18;linksys";-52;1172561767
00:0F:B3:42:41:45;PRD";-71;1172561767
00:14:BF:17:02:AB;linksys-coolerthanyou";-38;1172561767
00:12:17:A2:89:9C;Granddaddy";-80;1172561768
00:15:05:1B:15:4B;<hidden>";-84;1172561768
00:16:B6:25:DC:CD;5626";-83;1172561769
00:14:6C:03:01:04;KPK";-68;1172561769
00:0F:66:BA:83:18;linksys";-52;1172561769
00:0F:B3:42:41:45;PRD";-71;1172561769
00:14:BF:17:02:AB;linksys-coolerthanyou";-37;1172561769
00:12:17:A2:89:9C;Granddaddy";-80;1172561769
00:15:05:1B:15:4B;<hidden>";-84;1172561770
00:16:B6:25:DC:CD;5626";-83;1172561770
00:14:6C:03:01:04;KPK";-70;1172561770
00:0F:66:BA:83:18;linksys";-51;1172561770
00:0F:B3:42:41:45;PRD";-71;1172561770
00:14:BF:17:02:AB;linksys-coolerthanyou";-37;1172561770
00:12:17:A2:89:9C;Granddaddy";-80;1172561770
00:15:05:1B:15:4B;<hidden>";-84;1172561771
00:16:B6:25:DC:CD;5626";-83;1172561771
00:14:6C:03:01:04;KPK";-73;1172561771
00:0F:66:BA:83:18;linksys";-51;1172561771
00:0F:B3:42:41:45;PRD";-74;1172561771
00:14:BF:17:02:AB;linksys-coolerthanyou";-42;1172561772
00:12:17:A2:89:9C;Granddaddy";-80;1172561772
00:15:05:1B:15:4B;<hidden>";-84;1172561773
00:16:B6:25:DC:CD;5626";-83;1172561773
00:14:6C:03:01:04;KPK";-73;1172561773
00:0F:66:BA:83:18;linksys";-50;1172561773
00:0F:B3:42:41:45;PRD";-72;1172561773
00:14:BF:17:02:AB;linksys-coolerthanyou";-40;1172561773
00:12:17:A2:89:9C;Granddaddy";-80;1172561773
00:15:05:1B:15:4B;<hidden>";-84;1172561774
00:16:B6:25:DC:CD;5626";-83;1172561774
00:14:6C:03:01:04;KPK";-74;1172561774
00:0F:66:BA:83:18;linksys";-55;1172561774
00:0F:B3:42:41:45;PRD";-71;1172561774
00:14:BF:17:02:AB;linksys-coolerthanyou";-40;1172561774
00:15:05:1B:15:4B;<hidden>";-84;1172561775
00:16:B6:25:DC:CD;5626";-83;1172561775
00:14:6C:03:01:04;KPK";-64;1172561776
00:0F:66:BA:83:18;linksys";-50;1172561776
00:0F:B3:42:41:45;PRD";-71;1172561776
00:14:BF:17:02:AB;linksys-coolerthanyou";-45;1172561776
00:15:05:1B:15:4B;<hidden>";-84;1172561777
00:16:B6:25:DC:CD;5626";-83;1172561777
00:14:6C:03:01:04;KPK";-70;1172561777
00:0F:66:BA:83:18;linksys";-50;1172561777
00:0F:B3:42:41:45;PRD";-76;1172561777
00:14:BF:17:02:AB;linksys-coolerthanyou";-43;1172561777
00:15:05:1B:15:4B;<hidden>";-84;1172561778
00:16:B6:25:DC:CD;5626";-82;1172561778
00:14:6C:03:01:04;KPK";-73;1172561778
00:0F:66:BA:83:18;linksys";-52;1172561778
00:0F:B3:42:41:45;PRD";-76;1172561778
00:14:BF:17:02:AB;linksys-coolerthanyou";-42;1172561778
00:12:17:A2:89:9C;Granddaddy";-81;1172561778
00:15:05:1B:15:4B;<hidden>";-84;1172561779
00:16:B6:25:DC:CD;5626";-82;1172561779
00:14:6C:03:01:04;KPK";-77;1172561780
00:0F:66:BA:83:18;linksys";-50;1172561780
00:0F:B3:42:41:45;PRD";-78;1172561780
00:14:BF:17:02:AB;linksys-coolerthanyou";-48;1172561780
00:12:17:A2:89:9C;Granddaddy";-81;1172561780
00:15:05:1B:15:4B;<hidden>";-84;1172561781
00:16:B6:25:DC:CD;5626";-82;1172561781
00:14:6C:03:01:04;KPK";-70;1172561781
00:0F:66:BA:83:18;linksys";-49;1172561781
00:0F:B3:42:41:45;PRD";-76;1172561781
00:14:BF:17:02:AB;linksys-coolerthanyou";-45;1172561781
00:12:17:A2:89:9C;Granddaddy";-81;1172561781
00:15:05:1B:15:4B;<hidden>";-84;1172561782
00:16:B6:25:DC:CD;5626";-82;1172561782
00:14:6C:03:01:04;KPK";-77;1172561782
00:0F:66:BA:83:18;linksys";-49;1172561782
00:0F:B3:42:41:45;PRD";-77;1172561782
00:14:BF:17:02:AB;linksys-coolerthanyou";-37;1172561782
00:12:17:A2:89:9C;Granddaddy";-81;1172561782
00:15:05:1B:15:4B;<hidden>";-84;1172561783
00:16:B6:25:DC:CD;5626";-82;1172561784
00:14:6C:03:01:04;KPK";-72;1172561784
00:0F:66:BA:83:18;linksys";-50;1172561784
00:0F:B3:42:41:45;PRD";-77;1172561784
00:14:BF:17:02:AB;linksys-coolerthanyou";-48;1172561784
00:12:17:A2:89:9C;Granddaddy";-81;1172561784
00:15:05:1B:15:4B;<hidden>";-84;1172561785
00:16:B6:25:DC:CD;5626";-82;1172561785
00:14:6C:03:01:04;KPK";-72;1172561785
00:0F:66:BA:83:18;linksys";-49;1172561785
00:0F:B3:42:41:45;PRD";-77;1172561785
00:14:BF:17:02:AB;linksys-coolerthanyou";-45;1172561785
00:12:17:A2:89:9C;Granddaddy";-81;1172561785
00:15:05:1B:15:4B;<hidden>";-84;1172561786
00:16:B6:25:DC:CD;5626";-82;1172561786
00:14:6C:03:01:04;KPK";-69;1172561786
00:0F:66:BA:83:18;linksys";-49;1172561786
00:0F:B3:42:41:45;PRD";-77;1172561786
00:14:BF:17:02:AB;linksys-coolerthanyou";-42;1172561786
00:12:17:A2:89:9C;Granddaddy";-81;1172561787
00:15:05:1B:15:4B;<hidden>";-84;1172561788
00:16:B6:25:DC:CD;5626";-82;1172561788
00:14:6C:03:01:04;KPK";-65;1172561788
00:0F:66:BA:83:18;linksys";-49;1172561788
00:0F:B3:42:41:45;PRD";-77;1172561788
00:14:BF:17:02:AB;linksys-coolerthanyou";-45;1172561788
00:12:17:A2:89:9C;Granddaddy";-81;1172561788
00:15:05:1B:15:4B;<hidden>";-84;1172561789
00:16:B6:25:DC:CD;5626";-82;1172561789
00:14:6C:03:01:04;KPK";-65;1172561789
00:0F:66:BA:83:18;linksys";-49;1172561789
00:0F:B3:42:41:45;PRD";-75;1172561789
00:14:BF:17:02:AB;linksys-coolerthanyou";-45;1172561789
00:12:17:A2:89:9C;Granddaddy";-81;1172561789
00:15:05:1B:15:4B;<hidden>";-84;1172561790
00:16:B6:25:DC:CD;5626";-82;1172561790
00:14:6C:03:01:04;KPK";-65;1172561790
00:0F:66:BA:83:18;linksys";-50;1172561791
00:0F:B3:42:41:45;PRD";-77;1172561791
00:14:BF:17:02:AB;linksys-coolerthanyou";-48;1172561791
00:12:17:A2:89:9C;Granddaddy";-81;1172561791
00:15:05:1B:15:4B;<hidden>";-84;1172561792
00:16:B6:25:DC:CD;5626";-82;1172561792
00:14:6C:03:01:04;KPK";-70;1172561792
00:0F:66:BA:83:18;linksys";-50;1172561792
00:0F:B3:42:41:45;PRD";-76;1172561792
00:14:BF:17:02:AB;linksys-coolerthanyou";-46;1172561792
00:12:17:A2:89:9C;Granddaddy";-81;1172561792
00:16:B6:25:DC:CD;5626";-82;1172561793
00:14:6C:03:01:04;KPK";-70;1172561793
00:0F:66:BA:83:18;linksys";-50;1172561793
00:0F:B3:42:41:45;PRD";-76;1172561793
00:14:BF:17:02:AB;linksys-coolerthanyou";-44;1172561793
00:16:B6:25:DC:CD;5626";-82;1172561794
00:14:6C:03:01:04;KPK";-70;1172561794
00:0F:66:BA:83:18;linksys";-50;1172561795
00:0F:B3:42:41:45;PRD";-77;1172561795
00:14:BF:17:02:AB;linksys-coolerthanyou";-50;1172561795
00:16:B6:25:DC:CD;5626";-82;1172561796
00:14:6C:03:01:04;KPK";-67;1172561796
00:0F:66:BA:83:18;linksys";-53;1172561796
00:0F:B3:42:41:45;PRD";-78;1172561796
00:14:BF:17:02:AB;linksys-coolerthanyou";-54;1172561796
00:16:B6:25:DC:CD;5626";-82;1172561797
00:14:6C:03:01:04;KPK";-66;1172561797
00:0F:66:BA:83:18;linksys";-50;1172561797
00:0F:B3:42:41:45;PRD";-78;1172561797
00:14:BF:17:02:AB;linksys-coolerthanyou";-43;1172561797
00:16:B6:25:DC:CD;5626";-82;1172561798
00:14:6C:03:01:04;KPK";-66;1172561798
00:0F:66:BA:83:18;linksys";-49;1172561798
00:0F:B3:42:41:45;PRD";-80;1172561798
00:14:BF:17:02:AB;linksys-coolerthanyou";-49;1172561798
00:12:17:A2:89:9C;Granddaddy";-83;1172561798
00:16:B6:25:DC:CD;5626";-82;1172561799
00:14:6C:03:01:04;KPK";-68;1172561799
00:0F:66:BA:83:18;linksys";-50;1172561800
00:0F:B3:42:41:45;PRD";-79;1172561800
00:14:BF:17:02:AB;linksys-coolerthanyou";-36;1172561800
00:12:17:A2:89:9C;Granddaddy";-83;1172561800
00:14:6C:03:01:04;KPK";-65;1172561801
00:0F:66:BA:83:18;linksys";-51;1172561801
00:0F:B3:42:41:45;PRD";-77;1172561801
00:14:BF:17:02:AB;linksys-coolerthanyou";-38;1172561801
00:12:17:A2:89:9C;Granddaddy";-83;1172561801
00:14:6C:03:01:04;KPK";-69;1172561802
00:0F:66:BA:83:18;linksys";-51;1172561802
00:0F:B3:42:41:45;PRD";-75;1172561802
00:14:BF:17:02:AB;linksys-coolerthanyou";-39;1172561802
00:12:17:A2:89:9C;Granddaddy";-83;1172561802
00:14:6C:03:01:04;KPK";-69;1172561803
00:0F:66:BA:83:18;linksys";-52;1172561803
00:0F:B3:42:41:45;PRD";-77;1172561803
00:14:BF:17:02:AB;linksys-coolerthanyou";-36;1172561803
00:12:17:A2:89:9C;Granddaddy";-83;1172561803
00:14:6C:03:01:04;KPK";-67;1172561804
00:0F:66:BA:83:18;linksys";-51;1172561804
00:0F:B3:42:41:45;PRD";-77;1172561805
00:14:BF:17:02:AB;linksys-coolerthanyou";-39;1172561805
00:12:17:A2:89:9C;Granddaddy";-83;1172561805
00:14:6C:03:01:04;KPK";-71;1172561806
00:0F:66:BA:83:18;linksys";-49;1172561806
00:0F:B3:42:41:45;PRD";-77;1172561806
00:14:BF:17:02:AB;linksys-coolerthanyou";-47;1172561806
00:12:17:A2:89:9C;Granddaddy";-83;1172561806
