00:40:96:59:A1:A2;University of Washington";-50;1173136588
00:40:96:40:19:24;University of Washington";-66;1173136588
00:40:96:49:41:D0;University of Washington";-47;1173136588
00:40:96:40:28:F2;University of Washington";-60;1173136588
00:40:96:49:25:2A;University of Washington";-59;1173136588
00:40:96:49:25:03;University of Washington";-49;1173136588
00:40:96:41:7D:F2;University of Washington";-58;1173136588
00:40:96:49:4F:82;University of Washington";-58;1173136588
00:40:96:49:4B:A9;University of Washington";-62;1173136588
00:40:96:49:41:00;University of Washington";-73;1173136588
00:40:96:40:66:DC;University of Washington";-55;1173136588
00:40:96:59:A1:A2;University of Washington";-49;1173136589
00:40:96:40:19:24;University of Washington";-66;1173136589
00:40:96:49:41:D0;University of Washington";-49;1173136589
00:40:96:40:28:F2;University of Washington";-60;1173136589
00:40:96:49:25:2A;University of Washington";-59;1173136589
00:40:96:49:25:03;University of Washington";-47;1173136589
00:40:96:41:7D:F2;University of Washington";-55;1173136590
00:40:96:49:4F:82;University of Washington";-56;1173136590
00:40:96:49:4B:A9;University of Washington";-62;1173136590
00:40:96:49:41:00;University of Washington";-73;1173136590
00:40:96:40:66:DC;University of Washington";-55;1173136590
00:40:96:59:A1:A2;University of Washington";-50;1173136591
00:40:96:40:19:24;University of Washington";-65;1173136591
00:40:96:49:41:D0;University of Washington";-49;1173136591
00:40:96:40:28:F2;University of Washington";-59;1173136591
00:40:96:49:25:2A;University of Washington";-58;1173136591
00:40:96:49:25:03;University of Washington";-48;1173136591
00:40:96:41:7D:F2;University of Washington";-58;1173136591
00:40:96:49:4F:82;University of Washington";-55;1173136591
00:40:96:49:4B:A9;University of Washington";-59;1173136591
00:40:96:49:41:00;University of Washington";-71;1173136591
00:40:96:40:66:DC;University of Washington";-63;1173136591
00:40:96:59:A1:A2;University of Washington";-52;1173136592
00:40:96:40:19:24;University of Washington";-64;1173136592
00:40:96:49:41:D0;University of Washington";-48;1173136592
00:40:96:40:28:F2;University of Washington";-59;1173136592
00:40:96:49:25:2A;University of Washington";-64;1173136592
00:40:96:49:25:03;University of Washington";-48;1173136592
00:40:96:41:7D:F2;University of Washington";-59;1173136592
00:40:96:49:4F:82;University of Washington";-56;1173136592
00:40:96:49:4B:A9;University of Washington";-61;1173136592
00:40:96:49:41:00;University of Washington";-71;1173136592
00:40:96:40:66:DC;University of Washington";-63;1173136592
00:40:96:59:A1:A2;University of Washington";-51;1173136593
00:40:96:40:19:24;University of Washington";-65;1173136593
00:40:96:49:41:D0;University of Washington";-50;1173136593
00:40:96:40:28:F2;University of Washington";-60;1173136593
00:40:96:49:25:2A;University of Washington";-53;1173136593
00:40:96:49:25:03;University of Washington";-48;1173136593
00:40:96:41:7D:F2;University of Washington";-59;1173136593
00:40:96:49:4F:82;University of Washington";-56;1173136593
00:40:96:49:4B:A9;University of Washington";-63;1173136593
00:40:96:49:41:00;University of Washington";-71;1173136593
00:40:96:40:66:DC;University of Washington";-63;1173136593
00:40:96:59:A1:A2;University of Washington";-49;1173136594
00:40:96:40:19:24;University of Washington";-65;1173136594
00:40:96:49:41:D0;University of Washington";-49;1173136595
00:40:96:40:28:F2;University of Washington";-60;1173136595
00:40:96:49:25:2A;University of Washington";-53;1173136595
00:40:96:49:25:03;University of Washington";-47;1173136595
00:40:96:41:7D:F2;University of Washington";-56;1173136595
00:40:96:49:4F:82;University of Washington";-56;1173136595
00:40:96:49:4B:A9;University of Washington";-60;1173136595
00:40:96:49:41:00;University of Washington";-71;1173136595
00:40:96:40:66:DC;University of Washington";-59;1173136595
00:40:96:59:A1:A2;University of Washington";-50;1173136596
00:40:96:40:19:24;University of Washington";-66;1173136596
00:40:96:49:41:D0;University of Washington";-48;1173136596
00:40:96:40:28:F2;University of Washington";-59;1173136596
00:40:96:49:25:2A;University of Washington";-59;1173136596
00:40:96:49:25:03;University of Washington";-49;1173136596
00:40:96:41:7D:F2;University of Washington";-59;1173136596
00:40:96:49:4F:82;University of Washington";-57;1173136596
00:40:96:49:4B:A9;University of Washington";-60;1173136596
00:40:96:49:41:00;University of Washington";-72;1173136596
00:40:96:40:66:DC;University of Washington";-59;1173136596
00:40:96:59:A1:A2;University of Washington";-49;1173136597
00:40:96:40:19:24;University of Washington";-66;1173136597
00:40:96:49:41:D0;University of Washington";-47;1173136597
00:40:96:40:28:F2;University of Washington";-60;1173136597
00:40:96:49:25:2A;University of Washington";-59;1173136597
00:40:96:49:25:03;University of Washington";-49;1173136597
00:40:96:41:7D:F2;University of Washington";-59;1173136597
00:40:96:49:4F:82;University of Washington";-57;1173136597
00:40:96:49:4B:A9;University of Washington";-60;1173136597
00:40:96:49:41:00;University of Washington";-72;1173136598
00:40:96:40:66:DC;University of Washington";-59;1173136598
00:40:96:59:A1:A2;University of Washington";-49;1173136598
00:40:96:40:19:24;University of Washington";-65;1173136598
00:40:96:49:41:D0;University of Washington";-47;1173136599
00:40:96:40:28:F2;University of Washington";-60;1173136599
00:40:96:49:25:2A;University of Washington";-58;1173136599
00:40:96:49:25:03;University of Washington";-49;1173136599
00:40:96:41:7D:F2;University of Washington";-59;1173136599
00:40:96:49:4F:82;University of Washington";-56;1173136599
00:40:96:49:4B:A9;University of Washington";-62;1173136599
00:40:96:49:41:00;University of Washington";-72;1173136599
00:40:96:40:66:DC;University of Washington";-63;1173136599
00:40:96:59:A1:A2;University of Washington";-50;1173136600
00:40:96:40:19:24;University of Washington";-65;1173136600
00:40:96:49:41:D0;University of Washington";-46;1173136600
00:40:96:40:28:F2;University of Washington";-58;1173136600
00:40:96:49:25:2A;University of Washington";-58;1173136600
00:40:96:49:25:03;University of Washington";-50;1173136600
00:40:96:41:7D:F2;University of Washington";-56;1173136600
00:40:96:49:4F:82;University of Washington";-56;1173136600
00:40:96:49:4B:A9;University of Washington";-62;1173136600
00:40:96:49:41:00;University of Washington";-72;1173136600
00:40:96:40:66:DC;University of Washington";-58;1173136600
00:40:96:59:A1:A2;University of Washington";-50;1173136601
00:40:96:40:19:24;University of Washington";-67;1173136601
00:40:96:49:41:D0;University of Washington";-50;1173136601
00:40:96:40:28:F2;University of Washington";-60;1173136601
00:40:96:49:25:2A;University of Washington";-59;1173136601
00:40:96:49:25:03;University of Washington";-49;1173136601
00:40:96:41:7D:F2;University of Washington";-56;1173136601
00:40:96:49:4F:82;University of Washington";-56;1173136601
00:40:96:49:4B:A9;University of Washington";-64;1173136601
00:40:96:49:41:00;University of Washington";-70;1173136601
00:40:96:40:66:DC;University of Washington";-61;1173136601
00:40:96:59:A1:A2;University of Washington";-50;1173136602
00:40:96:40:19:24;University of Washington";-67;1173136602
00:40:96:49:41:D0;University of Washington";-47;1173136602
00:40:96:40:28:F2;University of Washington";-60;1173136602
00:40:96:49:25:2A;University of Washington";-59;1173136602
00:40:96:49:25:03;University of Washington";-49;1173136602
00:40:96:41:7D:F2;University of Washington";-56;1173136602
00:40:96:49:4F:82;University of Washington";-56;1173136602
00:40:96:49:4B:A9;University of Washington";-64;1173136602
00:40:96:49:41:00;University of Washington";-70;1173136602
00:40:96:40:66:DC;University of Washington";-61;1173136602
00:40:96:59:A1:A2;University of Washington";-50;1173136603
00:40:96:40:19:24;University of Washington";-67;1173136603
00:40:96:49:41:D0;University of Washington";-50;1173136603
00:40:96:40:28:F2;University of Washington";-60;1173136603
00:40:96:49:25:2A;University of Washington";-59;1173136603
00:40:96:49:25:03;University of Washington";-49;1173136603
00:40:96:41:7D:F2;University of Washington";-56;1173136604
00:40:96:49:4F:82;University of Washington";-56;1173136604
00:40:96:49:4B:A9;University of Washington";-61;1173136604
00:40:96:49:41:00;University of Washington";-72;1173136604
00:40:96:40:66:DC;University of Washington";-61;1173136604
00:40:96:59:A1:A2;University of Washington";-50;1173136605
00:40:96:40:19:24;University of Washington";-68;1173136605
00:40:96:49:41:D0;University of Washington";-50;1173136605
00:40:96:40:28:F2;University of Washington";-60;1173136605
00:40:96:49:25:2A;University of Washington";-59;1173136605
00:40:96:49:25:03;University of Washington";-49;1173136605
00:40:96:41:7D:F2;University of Washington";-56;1173136605
00:40:96:49:4F:82;University of Washington";-56;1173136605
00:40:96:49:4B:A9;University of Washington";-61;1173136605
00:40:96:49:41:00;University of Washington";-72;1173136605
00:40:96:40:66:DC;University of Washington";-61;1173136605
00:40:96:59:A1:A2;University of Washington";-49;1173136606
00:40:96:40:19:24;University of Washington";-68;1173136606
00:40:96:49:41:D0;University of Washington";-47;1173136606
00:40:96:40:28:F2;University of Washington";-59;1173136606
00:40:96:49:25:2A;University of Washington";-59;1173136606
00:40:96:49:25:03;University of Washington";-49;1173136606
00:40:96:41:7D:F2;University of Washington";-56;1173136606
00:40:96:49:4F:82;University of Washington";-56;1173136606
00:40:96:49:4B:A9;University of Washington";-62;1173136606
00:40:96:49:41:00;University of Washington";-72;1173136606
00:40:96:40:66:DC;University of Washington";-58;1173136606
00:40:96:59:A1:A2;University of Washington";-49;1173136607
00:40:96:40:19:24;University of Washington";-67;1173136607
00:40:96:49:41:D0;University of Washington";-46;1173136607
00:40:96:40:28:F2;University of Washington";-62;1173136607
00:40:96:49:25:2A;University of Washington";-58;1173136607
00:40:96:49:25:03;University of Washington";-49;1173136607
00:40:96:41:7D:F2;University of Washington";-56;1173136607
00:40:96:49:4F:82;University of Washington";-57;1173136607
00:40:96:49:4B:A9;University of Washington";-62;1173136607
00:40:96:49:41:00;University of Washington";-72;1173136607
00:40:96:40:66:DC;University of Washington";-58;1173136607
00:40:96:59:A1:A2;University of Washington";-50;1173136608
00:40:96:40:19:24;University of Washington";-67;1173136608
00:40:96:49:41:D0;University of Washington";-50;1173136608
00:40:96:40:28:F2;University of Washington";-61;1173136608
00:40:96:49:25:2A;University of Washington";-58;1173136608
00:40:96:49:25:03;University of Washington";-49;1173136608
00:40:96:41:7D:F2;University of Washington";-57;1173136608
00:40:96:49:4F:82;University of Washington";-56;1173136608
00:40:96:49:4B:A9;University of Washington";-62;1173136608
00:40:96:49:41:00;University of Washington";-72;1173136608
00:40:96:40:66:DC;University of Washington";-60;1173136608
00:40:96:59:A1:A2;University of Washington";-50;1173136609
00:40:96:40:19:24;University of Washington";-67;1173136609
00:40:96:49:41:D0;University of Washington";-46;1173136609
00:40:96:40:28:F2;University of Washington";-58;1173136609
00:40:96:49:25:2A;University of Washington";-59;1173136609
00:40:96:49:25:03;University of Washington";-49;1173136609
00:40:96:41:7D:F2;University of Washington";-57;1173136610
00:40:96:49:4F:82;University of Washington";-56;1173136610
00:40:96:49:4B:A9;University of Washington";-61;1173136610
00:40:96:49:41:00;University of Washington";-72;1173136610
00:40:96:40:66:DC;University of Washington";-60;1173136610
00:40:96:40:B4:55;University of Washington";-80;1173136610
00:40:96:40:14:C3;University of Washington";-82;1173136610
00:40:96:59:A1:A2;University of Washington";-49;1173136611
00:40:96:40:19:24;University of Washington";-67;1173136611
00:40:96:49:41:D0;University of Washington";-47;1173136611
00:40:96:40:28:F2;University of Washington";-58;1173136611
00:40:96:49:25:2A;University of Washington";-59;1173136611
00:40:96:49:25:03;University of Washington";-48;1173136611
00:40:96:41:7D:F2;University of Washington";-57;1173136611
00:40:96:49:4F:82;University of Washington";-56;1173136611
00:40:96:49:4B:A9;University of Washington";-61;1173136611
00:40:96:49:41:00;University of Washington";-73;1173136611
00:40:96:40:66:DC;University of Washington";-56;1173136611
00:40:96:40:B4:55;University of Washington";-80;1173136611
00:40:96:40:14:C3;University of Washington";-82;1173136611
00:14:BF:E4:A5:3D;MediaAP-MGH330A";-77;1173136612
00:40:96:59:A1:A2;University of Washington";-49;1173136612
00:40:96:40:19:24;University of Washington";-66;1173136612
00:40:96:49:41:D0;University of Washington";-47;1173136612
00:40:96:40:28:F2;University of Washington";-58;1173136612
00:40:96:49:25:2A;University of Washington";-59;1173136612
00:40:96:49:25:03;University of Washington";-47;1173136612
00:40:96:41:7D:F2;University of Washington";-56;1173136612
00:40:96:49:4F:82;University of Washington";-56;1173136612
00:40:96:49:4B:A9;University of Washington";-63;1173136612
00:40:96:49:41:00;University of Washington";-73;1173136612
00:40:96:40:66:DC;University of Washington";-58;1173136612
00:40:96:40:B4:55;University of Washington";-80;1173136612
00:40:96:40:14:C3;University of Washington";-82;1173136612
00:14:BF:E4:A5:3D;MediaAP-MGH330A";-77;1173136613
00:40:96:59:A1:A2;University of Washington";-50;1173136613
00:40:96:40:19:24;University of Washington";-67;1173136613
00:40:96:49:41:D0;University of Washington";-47;1173136613
00:40:96:40:28:F2;University of Washington";-57;1173136613
00:40:96:49:25:2A;University of Washington";-57;1173136613
00:40:96:49:25:03;University of Washington";-47;1173136613
00:40:96:41:7D:F2;University of Washington";-56;1173136613
00:40:96:49:4F:82;University of Washington";-55;1173136613
00:40:96:49:4B:A9;University of Washington";-62;1173136614
00:40:96:49:41:00;University of Washington";-73;1173136614
00:40:96:40:66:DC;University of Washington";-58;1173136614
00:40:96:40:B4:55;University of Washington";-80;1173136614
00:40:96:40:14:C3;University of Washington";-82;1173136614
00:14:BF:E4:A5:3D;MediaAP-MGH330A";-77;1173136615
00:40:96:59:A1:A2;University of Washington";-50;1173136615
00:40:96:40:19:24;University of Washington";-67;1173136615
00:40:96:49:41:D0;University of Washington";-48;1173136615
00:40:96:40:28:F2;University of Washington";-57;1173136615
00:40:96:49:25:2A;University of Washington";-58;1173136615
00:40:96:49:25:03;University of Washington";-47;1173136615
00:40:96:41:7D:F2;University of Washington";-56;1173136615
00:40:96:49:4F:82;University of Washington";-56;1173136615
00:40:96:49:4B:A9;University of Washington";-62;1173136615
00:40:96:49:41:00;University of Washington";-73;1173136615
00:40:96:40:66:DC;University of Washington";-58;1173136615
00:40:96:40:B4:55;University of Washington";-80;1173136615
00:40:96:40:14:C3;University of Washington";-82;1173136615
00:14:BF:E4:A5:3D;MediaAP-MGH330A";-77;1173136616
00:40:96:59:A1:A2;University of Washington";-49;1173136616
00:40:96:40:19:24;University of Washington";-68;1173136616
00:40:96:49:41:D0;University of Washington";-47;1173136616
00:40:96:40:28:F2;University of Washington";-59;1173136616
00:40:96:49:25:2A;University of Washington";-59;1173136616
00:40:96:49:25:03;University of Washington";-47;1173136616
00:40:96:41:7D:F2;University of Washington";-56;1173136616
00:40:96:49:4F:82;University of Washington";-56;1173136616
00:40:96:49:4B:A9;University of Washington";-60;1173136616
00:40:96:49:41:00;University of Washington";-73;1173136616
00:40:96:40:66:DC;University of Washington";-57;1173136616
00:40:96:40:B4:55;University of Washington";-80;1173136616
00:40:96:40:14:C3;University of Washington";-82;1173136616
00:14:BF:E4:A5:3D;MediaAP-MGH330A";-77;1173136617
00:40:96:59:A1:A2;University of Washington";-49;1173136617
00:40:96:40:19:24;University of Washington";-68;1173136617
00:40:96:49:41:D0;University of Washington";-46;1173136617
00:40:96:40:28:F2;University of Washington";-58;1173136617
00:40:96:49:25:2A;University of Washington";-59;1173136617
00:40:96:49:25:03;University of Washington";-49;1173136617
00:40:96:41:7D:F2;University of Washington";-58;1173136617
00:40:96:49:4F:82;University of Washington";-69;1173136617
00:40:96:49:4B:A9;University of Washington";-61;1173136617
00:40:96:49:41:00;University of Washington";-73;1173136617
00:40:96:40:66:DC;University of Washington";-57;1173136617
00:40:96:40:B4:55;University of Washington";-80;1173136617
00:40:96:40:14:C3;University of Washington";-82;1173136617
00:14:BF:E4:A5:3D;MediaAP-MGH330A";-77;1173136618
00:40:96:59:A1:A2;University of Washington";-49;1173136618
00:40:96:40:19:24;University of Washington";-68;1173136618
00:40:96:49:41:D0;University of Washington";-47;1173136618
00:40:96:40:28:F2;University of Washington";-58;1173136618
00:40:96:49:25:2A;University of Washington";-59;1173136619
00:40:96:49:25:03;University of Washington";-49;1173136619
00:40:96:41:7D:F2;University of Washington";-58;1173136619
00:40:96:49:4F:82;University of Washington";-69;1173136619
00:40:96:49:4B:A9;University of Washington";-62;1173136619
00:40:96:49:41:00;University of Washington";-73;1173136619
00:40:96:40:66:DC;University of Washington";-57;1173136619
00:40:96:40:B4:55;University of Washington";-80;1173136619
00:40:96:40:14:C3;University of Washington";-82;1173136619
00:14:BF:E4:A5:3D;MediaAP-MGH330A";-77;1173136620
00:40:96:59:A1:A2;University of Washington";-49;1173136620
00:40:96:40:19:24;University of Washington";-68;1173136620
00:40:96:49:41:D0;University of Washington";-47;1173136620
00:40:96:40:28:F2;University of Washington";-58;1173136620
00:40:96:49:25:2A;University of Washington";-59;1173136620
00:40:96:49:25:03;University of Washington";-48;1173136620
00:40:96:41:7D:F2;University of Washington";-55;1173136620
00:40:96:49:4F:82;University of Washington";-56;1173136620
00:40:96:49:4B:A9;University of Washington";-62;1173136620
00:40:96:49:41:00;University of Washington";-73;1173136620
00:40:96:40:66:DC;University of Washington";-58;1173136620
00:40:96:40:B4:55;University of Washington";-80;1173136620
00:40:96:40:14:C3;University of Washington";-82;1173136620
00:14:BF:E4:A5:3D;MediaAP-MGH330A";-77;1173136621
00:40:96:59:A1:A2;University of Washington";-50;1173136621
00:40:96:40:19:24;University of Washington";-66;1173136621
00:40:96:49:41:D0;University of Washington";-48;1173136621
00:40:96:40:28:F2;University of Washington";-59;1173136621
00:40:96:49:25:2A;University of Washington";-59;1173136621
00:40:96:49:25:03;University of Washington";-48;1173136621
00:40:96:41:7D:F2;University of Washington";-55;1173136621
00:40:96:49:4F:82;University of Washington";-56;1173136621
00:40:96:49:4B:A9;University of Washington";-62;1173136621
00:40:96:49:41:00;University of Washington";-73;1173136621
00:40:96:40:66:DC;University of Washington";-58;1173136621
00:40:96:40:B4:55;University of Washington";-80;1173136621
00:40:96:40:14:C3;University of Washington";-82;1173136621
00:14:BF:E4:A5:3D;MediaAP-MGH330A";-77;1173136622
00:40:96:59:A1:A2;University of Washington";-50;1173136622
00:40:96:40:19:24;University of Washington";-66;1173136622
00:40:96:49:41:D0;University of Washington";-48;1173136622
00:40:96:40:28:F2;University of Washington";-63;1173136622
00:40:96:49:25:2A;University of Washington";-59;1173136622
00:40:96:49:25:03;University of Washington";-50;1173136622
00:40:96:41:7D:F2;University of Washington";-55;1173136622
00:40:96:49:4F:82;University of Washington";-57;1173136622
00:40:96:49:4B:A9;University of Washington";-62;1173136622
00:40:96:49:41:00;University of Washington";-72;1173136623
00:40:96:40:66:DC;University of Washington";-56;1173136623
00:40:96:40:1B:F2;University of Washington";-78;1173136623
00:40:96:40:B4:55;University of Washington";-80;1173136623
00:40:96:40:14:C3;University of Washington";-82;1173136623
00:14:BF:E4:A5:3D;MediaAP-MGH330A";-77;1173136624
00:40:96:59:A1:A2;University of Washington";-50;1173136624
00:40:96:40:19:24;University of Washington";-66;1173136624
00:40:96:49:41:D0;University of Washington";-49;1173136624
00:40:96:40:28:F2;University of Washington";-63;1173136624
00:40:96:49:25:2A;University of Washington";-60;1173136624
00:40:96:49:25:03;University of Washington";-49;1173136624
00:40:96:41:7D:F2;University of Washington";-56;1173136624
00:40:96:49:4F:82;University of Washington";-57;1173136624
00:40:96:49:4B:A9;University of Washington";-61;1173136624
00:40:96:49:41:00;University of Washington";-71;1173136624
00:40:96:40:66:DC;University of Washington";-58;1173136624
00:40:96:40:1B:F2;University of Washington";-78;1173136624
00:40:96:40:B4:55;University of Washington";-80;1173136624
00:40:96:40:14:C3;University of Washington";-82;1173136624
00:14:BF:E4:A5:3D;MediaAP-MGH330A";-77;1173136625
00:40:96:59:A1:A2;University of Washington";-50;1173136625
00:40:96:40:19:24;University of Washington";-66;1173136625
00:40:96:49:41:D0;University of Washington";-50;1173136625
00:40:96:40:28:F2;University of Washington";-63;1173136625
00:40:96:49:25:2A;University of Washington";-60;1173136625
00:40:96:49:25:03;University of Washington";-49;1173136625
00:40:96:41:7D:F2;University of Washington";-56;1173136625
00:40:96:49:4F:82;University of Washington";-57;1173136625
00:40:96:49:4B:A9;University of Washington";-61;1173136625
00:40:96:49:41:00;University of Washington";-71;1173136625
00:40:96:40:66:DC;University of Washington";-58;1173136625
00:40:96:40:1B:F2;University of Washington";-78;1173136625
00:14:BF:E4:A5:3D;MediaAP-MGH330A";-77;1173136626
00:40:96:59:A1:A2;University of Washington";-50;1173136626
00:40:96:40:19:24;University of Washington";-66;1173136626
00:40:96:49:41:D0;University of Washington";-50;1173136626
00:40:96:40:28:F2;University of Washington";-60;1173136626
00:40:96:49:25:2A;University of Washington";-59;1173136626
00:40:96:49:25:03;University of Washington";-49;1173136626
00:40:96:41:7D:F2;University of Washington";-56;1173136626
00:40:96:49:4F:82;University of Washington";-55;1173136626
00:40:96:49:4B:A9;University of Washington";-62;1173136626
00:40:96:49:41:00;University of Washington";-71;1173136626
00:40:96:40:66:DC;University of Washington";-56;1173136626
00:40:96:40:1B:F2;University of Washington";-78;1173136627
00:40:96:59:A1:A2;University of Washington";-50;1173136627
00:40:96:40:19:24;University of Washington";-66;1173136627
00:40:96:49:41:D0;University of Washington";-46;1173136627
00:40:96:40:28:F2;University of Washington";-60;1173136627
00:40:96:49:25:2A;University of Washington";-58;1173136627
00:40:96:49:25:03;University of Washington";-49;1173136628
00:40:96:41:7D:F2;University of Washington";-56;1173136628
00:40:96:49:4F:82;University of Washington";-56;1173136628
00:40:96:49:4B:A9;University of Washington";-62;1173136628
00:40:96:49:41:00;University of Washington";-71;1173136628
00:40:96:40:66:DC;University of Washington";-56;1173136628
00:40:96:40:1B:F2;University of Washington";-78;1173136628
00:40:96:59:A1:A2;University of Washington";-50;1173136629
00:40:96:40:19:24;University of Washington";-66;1173136629
00:40:96:49:41:D0;University of Washington";-47;1173136629
00:40:96:40:28:F2;University of Washington";-61;1173136629
00:40:96:49:25:2A;University of Washington";-58;1173136629
00:40:96:49:25:03;University of Washington";-48;1173136629
00:40:96:41:7D:F2;University of Washington";-59;1173136629
00:40:96:49:4F:82;University of Washington";-55;1173136629
00:40:96:49:4B:A9;University of Washington";-62;1173136629
00:40:96:49:41:00;University of Washington";-71;1173136629
00:40:96:40:66:DC;University of Washington";-57;1173136629
00:40:96:40:1B:F2;University of Washington";-78;1173136629
00:40:96:59:A1:A2;University of Washington";-50;1173136630
00:40:96:40:19:24;University of Washington";-68;1173136630
00:40:96:49:41:D0;University of Washington";-46;1173136630
00:40:96:40:28:F2;University of Washington";-59;1173136630
00:40:96:49:25:2A;University of Washington";-57;1173136630
00:40:96:49:25:03;University of Washington";-48;1173136630
00:40:96:41:7D:F2;University of Washington";-59;1173136630
00:40:96:49:4F:82;University of Washington";-55;1173136630
00:40:96:49:4B:A9;University of Washington";-62;1173136630
00:40:96:49:41:00;University of Washington";-71;1173136630
00:40:96:40:66:DC;University of Washington";-57;1173136630
00:40:96:40:1B:F2;University of Washington";-79;1173136630
00:40:96:59:A1:A2;University of Washington";-50;1173136631
00:40:96:40:19:24;University of Washington";-68;1173136631
00:40:96:49:41:D0;University of Washington";-46;1173136631
00:40:96:40:28:F2;University of Washington";-59;1173136631
00:40:96:49:25:2A;University of Washington";-57;1173136631
00:40:96:49:25:03;University of Washington";-48;1173136631
00:40:96:41:7D:F2;University of Washington";-59;1173136631
00:40:96:49:4F:82;University of Washington";-55;1173136631
00:40:96:49:4B:A9;University of Washington";-62;1173136631
00:40:96:49:41:00;University of Washington";-71;1173136631
00:40:96:40:66:DC;University of Washington";-57;1173136631
00:40:96:40:1B:F2;University of Washington";-79;1173136631
00:40:96:59:A1:A2;University of Washington";-50;1173136632
00:40:96:40:19:24;University of Washington";-68;1173136632
00:40:96:49:41:D0;University of Washington";-45;1173136632
00:40:96:40:28:F2;University of Washington";-57;1173136632
00:40:96:49:25:2A;University of Washington";-58;1173136632
00:40:96:49:25:03;University of Washington";-48;1173136633
00:40:96:41:7D:F2;University of Washington";-58;1173136633
00:40:96:49:4F:82;University of Washington";-55;1173136633
00:40:96:49:4B:A9;University of Washington";-64;1173136633
00:40:96:49:41:00;University of Washington";-71;1173136633
00:40:96:40:66:DC;University of Washington";-58;1173136633
00:40:96:40:1B:F2;University of Washington";-79;1173136633
00:40:96:59:A1:A2;University of Washington";-51;1173136634
00:40:96:40:19:24;University of Washington";-68;1173136634
00:40:96:49:41:D0;University of Washington";-46;1173136634
00:40:96:40:28:F2;University of Washington";-60;1173136634
00:40:96:49:25:2A;University of Washington";-58;1173136634
00:40:96:49:25:03;University of Washington";-47;1173136634
00:40:96:41:7D:F2;University of Washington";-58;1173136634
00:40:96:49:4F:82;University of Washington";-55;1173136634
00:40:96:49:4B:A9;University of Washington";-63;1173136634
00:40:96:49:41:00;University of Washington";-72;1173136634
00:40:96:40:66:DC;University of Washington";-61;1173136634
00:40:96:40:1B:F2;University of Washington";-79;1173136634
00:40:96:59:A1:A2;University of Washington";-51;1173136635
00:40:96:40:19:24;University of Washington";-68;1173136635
00:40:96:49:41:D0;University of Washington";-48;1173136635
00:40:96:40:28:F2;University of Washington";-59;1173136635
00:40:96:49:25:2A;University of Washington";-58;1173136635
00:40:96:49:25:03;University of Washington";-47;1173136635
00:40:96:41:7D:F2;University of Washington";-58;1173136635
00:40:96:49:4F:82;University of Washington";-59;1173136635
00:40:96:49:4B:A9;University of Washington";-63;1173136636
00:40:96:49:41:00;University of Washington";-72;1173136636
00:40:96:40:66:DC;University of Washington";-61;1173136636
00:40:96:40:1B:F2;University of Washington";-79;1173136636
00:40:96:59:A1:A2;University of Washington";-51;1173136637
00:40:96:40:19:24;University of Washington";-67;1173136637
00:40:96:49:41:D0;University of Washington";-44;1173136637
00:40:96:40:28:F2;University of Washington";-59;1173136637
00:40:96:49:25:2A;University of Washington";-58;1173136637
00:40:96:49:25:03;University of Washington";-47;1173136637
00:40:96:41:7D:F2;University of Washington";-58;1173136637
00:40:96:49:4F:82;University of Washington";-56;1173136637
00:40:96:49:4B:A9;University of Washington";-61;1173136637
00:40:96:49:41:00;University of Washington";-73;1173136637
00:40:96:40:66:DC;University of Washington";-58;1173136637
00:40:96:40:1B:F2;University of Washington";-79;1173136637
00:40:96:59:A1:A2;University of Washington";-50;1173136638
00:40:96:40:19:24;University of Washington";-69;1173136638
00:40:96:49:41:D0;University of Washington";-47;1173136638
00:40:96:40:28:F2;University of Washington";-59;1173136638
00:40:96:49:25:2A;University of Washington";-57;1173136638
00:40:96:49:25:03;University of Washington";-47;1173136638
00:40:96:41:7D:F2;University of Washington";-57;1173136638
00:40:96:49:4F:82;University of Washington";-55;1173136638
00:40:96:49:4B:A9;University of Washington";-61;1173136638
00:40:96:49:41:00;University of Washington";-73;1173136638
00:40:96:40:66:DC;University of Washington";-58;1173136638
00:40:96:40:1B:F2;University of Washington";-79;1173136638
00:14:BF:E4:A5:3D;MediaAP-MGH330A";-79;1173136639
00:40:96:59:A1:A2;University of Washington";-50;1173136639
00:40:96:40:19:24;University of Washington";-70;1173136639
00:40:96:49:41:D0;University of Washington";-46;1173136639
00:40:96:40:28:F2;University of Washington";-58;1173136639
00:40:96:49:25:2A;University of Washington";-58;1173136639
00:40:96:49:25:03;University of Washington";-47;1173136639
00:40:96:41:7D:F2;University of Washington";-62;1173136639
00:40:96:40:40:E4;University of Washington";-69;1173136640
00:40:96:49:41:09;University of Washington";-56;1173136640
00:40:96:49:4F:82;University of Washington";-58;1173136640
00:40:96:49:4B:A9;University of Washington";-61;1173136640
00:40:96:49:41:00;University of Washington";-73;1173136640
00:40:96:40:66:DC;University of Washington";-58;1173136640
00:40:96:40:1B:F2;University of Washington";-79;1173136640
00:0B:86:A1:32:F0;University of Washington";-81;1173136640
00:40:96:40:38:5A;University of Washington";-68;1173136641
00:14:BF:E4:A5:3D;MediaAP-MGH330A";-81;1173136641
00:40:96:59:A1:A2;University of Washington";-50;1173136641
00:40:96:40:19:24;University of Washington";-70;1173136641
00:40:96:49:41:D0;University of Washington";-48;1173136641
00:40:96:40:28:F2;University of Washington";-58;1173136641
00:40:96:49:25:2A;University of Washington";-58;1173136641
00:40:96:49:25:03;University of Washington";-47;1173136641
00:40:96:41:7D:F2;University of Washington";-62;1173136641
00:40:96:40:40:E4;University of Washington";-69;1173136641
00:40:96:49:41:09;University of Washington";-57;1173136641
00:40:96:49:4F:82;University of Washington";-58;1173136641
00:40:96:49:4B:A9;University of Washington";-61;1173136641
00:40:96:49:41:00;University of Washington";-73;1173136641
00:40:96:40:66:DC;University of Washington";-58;1173136641
00:40:96:40:1B:F2;University of Washington";-79;1173136641
00:0B:86:A1:32:F0;University of Washington";-81;1173136641
00:40:96:40:38:5A;University of Washington";-69;1173136642
00:14:BF:E4:A5:3D;MediaAP-MGH330A";-81;1173136642
00:40:96:59:A1:A2;University of Washington";-50;1173136642
00:40:96:40:19:24;University of Washington";-70;1173136642
00:40:96:49:41:D0;University of Washington";-47;1173136642
00:40:96:40:28:F2;University of Washington";-58;1173136643
00:40:96:49:25:2A;University of Washington";-58;1173136643
00:40:96:49:25:03;University of Washington";-52;1173136643
00:40:96:41:7D:F2;University of Washington";-62;1173136643
00:40:96:40:40:E4;University of Washington";-69;1173136643
00:40:96:49:41:09;University of Washington";-58;1173136643
00:40:96:49:4F:82;University of Washington";-58;1173136643
00:40:96:49:4B:A9;University of Washington";-63;1173136643
00:40:96:49:41:00;University of Washington";-70;1173136643
00:40:96:40:66:DC;University of Washington";-58;1173136643
00:40:96:40:1B:F2;University of Washington";-79;1173136643
00:0B:86:A1:32:F0;University of Washington";-81;1173136643
00:40:96:40:38:5A;University of Washington";-69;1173136644
00:14:BF:E4:A5:3D;MediaAP-MGH330A";-81;1173136644
00:40:96:59:A1:A2;University of Washington";-49;1173136644
00:40:96:40:19:24;University of Washington";-70;1173136644
00:40:96:49:41:D0;University of Washington";-47;1173136644
00:40:96:40:28:F2;University of Washington";-58;1173136644
00:40:96:49:25:2A;University of Washington";-58;1173136644
00:40:96:49:25:03;University of Washington";-51;1173136644
00:40:96:41:7D:F2;University of Washington";-59;1173136644
00:40:96:40:40:E4;University of Washington";-69;1173136644
00:40:96:49:41:09;University of Washington";-55;1173136644
00:40:96:49:4F:82;University of Washington";-58;1173136644
00:40:96:49:4B:A9;University of Washington";-63;1173136644
00:40:96:49:41:00;University of Washington";-73;1173136644
00:40:96:40:66:DC;University of Washington";-58;1173136644
00:40:96:40:1B:F2;University of Washington";-79;1173136645
00:0B:86:A1:32:F0;University of Washington";-81;1173136645
00:40:96:40:38:5A;University of Washington";-68;1173136645
00:14:BF:E4:A5:3D;MediaAP-MGH330A";-81;1173136646
00:40:96:59:A1:A2;University of Washington";-49;1173136646
00:40:96:40:19:24;University of Washington";-70;1173136646
00:40:96:49:41:D0;University of Washington";-47;1173136646
00:40:96:40:28:F2;University of Washington";-58;1173136646
00:40:96:49:25:2A;University of Washington";-58;1173136646
00:40:96:49:25:03;University of Washington";-51;1173136646
00:40:96:41:7D:F2;University of Washington";-59;1173136646
00:40:96:40:40:E4;University of Washington";-68;1173136646
00:40:96:49:41:09;University of Washington";-55;1173136646
00:40:96:49:4F:82;University of Washington";-58;1173136646
00:40:96:49:4B:A9;University of Washington";-63;1173136646
00:40:96:49:41:00;University of Washington";-73;1173136646
00:40:96:40:66:DC;University of Washington";-58;1173136646
00:40:96:40:1B:F2;University of Washington";-79;1173136646
00:0B:86:A1:32:F0;University of Washington";-81;1173136646
00:40:96:40:38:5A;University of Washington";-68;1173136647
00:14:BF:E4:A5:3D;MediaAP-MGH330A";-81;1173136647
00:40:96:59:A1:A2;University of Washington";-49;1173136647
00:40:96:40:19:24;University of Washington";-70;1173136647
00:40:96:49:41:D0;University of Washington";-47;1173136647
00:40:96:40:28:F2;University of Washington";-58;1173136647
00:40:96:49:25:2A;University of Washington";-58;1173136647
00:40:96:49:25:03;University of Washington";-51;1173136647
00:40:96:41:7D:F2;University of Washington";-59;1173136647
00:40:96:40:40:E4;University of Washington";-68;1173136647
00:40:96:49:41:09;University of Washington";-55;1173136647
00:40:96:49:4F:82;University of Washington";-58;1173136647
00:40:96:49:4B:A9;University of Washington";-63;1173136647
00:40:96:49:41:00;University of Washington";-73;1173136647
00:40:96:40:66:DC;University of Washington";-58;1173136647
00:40:96:40:1B:F2;University of Washington";-79;1173136647
00:0B:86:A1:32:F0;University of Washington";-81;1173136647
00:40:96:40:38:5A;University of Washington";-68;1173136648
00:14:BF:E4:A5:3D;MediaAP-MGH330A";-81;1173136648
00:40:96:59:A1:A2;University of Washington";-49;1173136648
00:40:96:40:19:24;University of Washington";-70;1173136648
00:40:96:49:41:D0;University of Washington";-47;1173136648
00:40:96:40:28:F2;University of Washington";-58;1173136648
00:40:96:49:25:2A;University of Washington";-58;1173136648
00:40:96:49:25:03;University of Washington";-51;1173136648
00:40:96:41:7D:F2;University of Washington";-59;1173136648
00:40:96:40:40:E4;University of Washington";-68;1173136648
00:40:96:49:41:09;University of Washington";-55;1173136649
00:40:96:49:4F:82;University of Washington";-58;1173136649
00:40:96:49:4B:A9;University of Washington";-63;1173136649
00:40:96:49:41:00;University of Washington";-73;1173136649
00:40:96:40:66:DC;University of Washington";-58;1173136649
00:0B:86:A1:32:F0;University of Washington";-81;1173136649
00:40:96:40:38:5A;University of Washington";-68;1173136650
00:14:BF:E4:A5:3D;MediaAP-MGH330A";-81;1173136650
00:40:96:59:A1:A2;University of Washington";-49;1173136650
00:40:96:40:19:24;University of Washington";-70;1173136650
00:40:96:49:41:D0;University of Washington";-47;1173136650
00:40:96:40:28:F2;University of Washington";-58;1173136650
00:40:96:49:25:2A;University of Washington";-58;1173136650
00:40:96:49:25:03;University of Washington";-51;1173136650
00:40:96:41:7D:F2;University of Washington";-59;1173136650
00:40:96:40:40:E4;University of Washington";-68;1173136650
00:40:96:49:41:09;University of Washington";-55;1173136650
00:40:96:49:4F:82;University of Washington";-58;1173136650
00:40:96:49:4B:A9;University of Washington";-63;1173136650
00:40:96:49:41:00;University of Washington";-73;1173136650
00:40:96:40:66:DC;University of Washington";-58;1173136650
00:0B:86:A1:32:F0;University of Washington";-81;1173136650
00:40:96:40:38:5A;University of Washington";-68;1173136651
00:14:BF:E4:A5:3D;MediaAP-MGH330A";-81;1173136651
00:40:96:59:A1:A2;University of Washington";-49;1173136651
00:40:96:40:19:24;University of Washington";-70;1173136651
00:40:96:49:41:D0;University of Washington";-46;1173136651
00:40:96:40:28:F2;University of Washington";-58;1173136651
00:40:96:49:25:2A;University of Washington";-58;1173136651
00:40:96:49:25:03;University of Washington";-46;1173136651
00:40:96:41:7D:F2;University of Washington";-59;1173136651
00:40:96:40:40:E4;University of Washington";-68;1173136651
00:40:96:49:41:09;University of Washington";-55;1173136651
00:40:96:49:4F:82;University of Washington";-58;1173136651
00:40:96:49:4B:A9;University of Washington";-62;1173136651
00:40:96:49:41:00;University of Washington";-73;1173136651
00:40:96:40:66:DC;University of Washington";-58;1173136651
00:0B:86:A1:32:F0;University of Washington";-81;1173136651
00:40:96:40:38:5A;University of Washington";-68;1173136652
00:14:BF:E4:A5:3D;MediaAP-MGH330A";-81;1173136652
00:40:96:59:A1:A2;University of Washington";-50;1173136653
00:40:96:40:19:24;University of Washington";-70;1173136653
00:40:96:49:41:D0;University of Washington";-46;1173136653
00:40:96:40:28:F2;University of Washington";-58;1173136653
00:40:96:49:25:2A;University of Washington";-58;1173136653
00:40:96:49:25:03;University of Washington";-46;1173136653
00:40:96:41:7D:F2;University of Washington";-62;1173136653
00:40:96:40:40:E4;University of Washington";-68;1173136653
00:40:96:49:41:09;University of Washington";-58;1173136653
00:40:96:49:4F:82;University of Washington";-58;1173136653
00:40:96:49:4B:A9;University of Washington";-61;1173136653
00:40:96:49:41:00;University of Washington";-72;1173136653
00:40:96:40:66:DC;University of Washington";-58;1173136653
00:0B:86:A1:32:F0;University of Washington";-81;1173136653
00:40:96:40:38:5A;University of Washington";-68;1173136654
00:14:BF:E4:A5:3D;MediaAP-MGH330A";-81;1173136654
00:40:96:59:A1:A2;University of Washington";-51;1173136654
00:40:96:49:41:D0;University of Washington";-47;1173136654
00:40:96:49:25:03;University of Washington";-50;1173136654
00:40:96:41:7D:F2;University of Washington";-62;1173136654
00:40:96:40:40:E4;University of Washington";-68;1173136654
00:40:96:49:41:09;University of Washington";-54;1173136654
00:40:96:49:4B:A9;University of Washington";-61;1173136654
00:40:96:49:41:00;University of Washington";-72;1173136654
00:40:96:40:66:DC;University of Washington";-58;1173136654
00:40:96:40:38:5A;University of Washington";-68;1173136655
00:14:BF:E4:A5:3D;MediaAP-MGH330A";-81;1173136655
00:40:96:59:A1:A2;University of Washington";-51;1173136655
00:40:96:49:41:D0;University of Washington";-47;1173136655
00:40:96:49:25:03;University of Washington";-50;1173136655
00:40:96:41:7D:F2;University of Washington";-61;1173136655
00:40:96:40:40:E4;University of Washington";-68;1173136655
00:40:96:49:41:09;University of Washington";-54;1173136655
00:40:96:49:4B:A9;University of Washington";-65;1173136655
00:40:96:49:41:00;University of Washington";-72;1173136655
00:40:96:40:66:DC;University of Washington";-59;1173136655
00:40:96:40:38:5A;University of Washington";-68;1173136656
00:14:BF:E4:A5:3D;MediaAP-MGH330A";-81;1173136656
00:40:96:59:A1:A2;University of Washington";-50;1173136656
00:40:96:49:41:D0;University of Washington";-50;1173136656
00:40:96:49:25:03;University of Washington";-50;1173136656
00:40:96:41:7D:F2;University of Washington";-62;1173136656
00:40:96:40:40:E4;University of Washington";-68;1173136656
00:40:96:49:41:09;University of Washington";-54;1173136656
00:40:96:49:4B:A9;University of Washington";-65;1173136656
00:40:96:49:41:00;University of Washington";-72;1173136657
00:40:96:40:66:DC;University of Washington";-59;1173136657
00:40:96:40:38:5A;University of Washington";-67;1173136657
00:14:BF:E4:A5:3D;MediaAP-MGH330A";-83;1173136657
00:40:96:59:A1:A2;University of Washington";-50;1173136658
00:40:96:49:41:D0;University of Washington";-49;1173136658
00:40:96:49:25:03;University of Washington";-50;1173136658
00:40:96:41:7D:F2;University of Washington";-62;1173136658
00:40:96:40:40:E4;University of Washington";-68;1173136658
00:40:96:49:41:09;University of Washington";-58;1173136658
00:40:96:49:4B:A9;University of Washington";-62;1173136658
00:40:96:49:41:00;University of Washington";-72;1173136658
00:40:96:40:66:DC;University of Washington";-61;1173136658
00:0B:86:A1:32:F0;University of Washington";-83;1173136658
00:40:96:40:38:5A;University of Washington";-67;1173136659
00:14:BF:E4:A5:3D;MediaAP-MGH330A";-83;1173136659
00:40:96:59:A1:A2;University of Washington";-49;1173136659
00:40:96:49:41:D0;University of Washington";-50;1173136659
00:40:96:49:25:03;University of Washington";-49;1173136659
00:40:96:41:7D:F2;University of Washington";-61;1173136659
00:40:96:40:40:E4;University of Washington";-68;1173136659
00:40:96:49:41:09;University of Washington";-58;1173136659
00:40:96:49:4B:A9;University of Washington";-65;1173136659
00:40:96:49:41:00;University of Washington";-72;1173136659
00:40:96:40:66:DC;University of Washington";-58;1173136659
00:0B:86:A1:32:F0;University of Washington";-83;1173136659
00:40:96:40:38:5A;University of Washington";-70;1173136660
00:14:BF:E4:A5:3D;MediaAP-MGH330A";-81;1173136660
00:40:96:59:A1:A2;University of Washington";-49;1173136660
00:40:96:49:41:D0;University of Washington";-51;1173136660
00:40:96:49:25:03;University of Washington";-49;1173136660
00:40:96:41:7D:F2;University of Washington";-61;1173136660
00:40:96:40:40:E4;University of Washington";-68;1173136660
00:40:96:49:41:09;University of Washington";-58;1173136660
00:40:96:49:4B:A9;University of Washington";-65;1173136660
00:40:96:49:41:00;University of Washington";-75;1173136660
00:40:96:40:66:DC;University of Washington";-58;1173136660
00:0B:86:A1:32:F0;University of Washington";-83;1173136660
00:40:96:40:38:5A;University of Washington";-67;1173136661
00:14:BF:E4:A5:3D;MediaAP-MGH330A";-81;1173136661
00:40:96:59:A1:A2;University of Washington";-52;1173136661
00:40:96:49:41:D0;University of Washington";-50;1173136661
00:40:96:49:25:03;University of Washington";-49;1173136661
00:40:96:41:7D:F2;University of Washington";-61;1173136661
00:40:96:40:40:E4;University of Washington";-67;1173136661
00:40:96:49:41:09;University of Washington";-58;1173136661
00:40:96:49:4B:A9;University of Washington";-65;1173136662
00:40:96:49:41:00;University of Washington";-73;1173136662
00:40:96:40:66:DC;University of Washington";-58;1173136662
00:0B:86:A1:32:F0;University of Washington";-83;1173136662
00:40:96:40:38:5A;University of Washington";-67;1173136662
00:14:BF:E4:A5:3D;MediaAP-MGH330A";-81;1173136663
00:40:96:59:A1:A2;University of Washington";-52;1173136663
00:40:96:49:41:D0;University of Washington";-51;1173136663
00:40:96:40:28:F2;University of Washington";-51;1173136663
00:40:96:49:25:03;University of Washington";-49;1173136663
00:40:96:41:7D:F2;University of Washington";-61;1173136663
00:40:96:40:40:E4;University of Washington";-67;1173136663
00:40:96:49:41:09;University of Washington";-58;1173136663
00:40:96:49:4B:A9;University of Washington";-64;1173136663
00:40:96:49:41:00;University of Washington";-73;1173136663
00:40:96:40:66:DC;University of Washington";-61;1173136663
00:0B:86:A1:32:F0;University of Washington";-83;1173136663
00:40:96:40:38:5A;University of Washington";-67;1173136664
00:14:BF:E4:A5:3D;MediaAP-MGH330A";-81;1173136664
00:40:96:59:A1:A2;University of Washington";-50;1173136664
00:40:96:49:41:D0;University of Washington";-50;1173136664
00:40:96:40:28:F2;University of Washington";-51;1173136664
00:40:96:49:25:03;University of Washington";-47;1173136664
00:40:96:41:7D:F2;University of Washington";-61;1173136664
00:40:96:40:40:E4;University of Washington";-67;1173136664
00:40:96:49:41:09;University of Washington";-56;1173136664
00:40:96:49:4B:A9;University of Washington";-64;1173136664
00:40:96:49:41:00;University of Washington";-73;1173136664
00:40:96:40:66:DC;University of Washington";-61;1173136664
00:0B:86:A1:32:F0;University of Washington";-83;1173136664
00:40:96:40:38:5A;University of Washington";-66;1173136665
00:14:BF:E4:A5:3D;MediaAP-MGH330A";-80;1173136665
00:40:96:59:A1:A2;University of Washington";-51;1173136665
00:40:96:49:41:D0;University of Washington";-50;1173136665
00:40:96:40:28:F2;University of Washington";-51;1173136665
00:40:96:49:25:03;University of Washington";-47;1173136665
00:40:96:41:7D:F2;University of Washington";-61;1173136665
00:40:96:40:40:E4;University of Washington";-68;1173136665
00:40:96:49:41:09;University of Washington";-57;1173136666
00:40:96:49:4B:A9;University of Washington";-67;1173136666
00:40:96:49:41:00;University of Washington";-73;1173136666
00:40:96:40:66:DC;University of Washington";-58;1173136666
00:0B:86:A1:32:F0;University of Washington";-83;1173136666
00:40:96:40:38:5A;University of Washington";-67;1173136667
00:14:BF:E4:A5:3D;MediaAP-MGH330A";-80;1173136667
00:40:96:59:A1:A2;University of Washington";-51;1173136667
00:40:96:49:41:D0;University of Washington";-50;1173136667
00:40:96:40:28:F2;University of Washington";-51;1173136667
00:40:96:49:25:03;University of Washington";-47;1173136667
00:40:96:41:7D:F2;University of Washington";-63;1173136667
00:40:96:40:40:E4;University of Washington";-68;1173136667
00:40:96:49:41:09;University of Washington";-58;1173136667
00:40:96:49:4B:A9;University of Washington";-67;1173136667
00:40:96:49:41:00;University of Washington";-73;1173136667
00:40:96:40:66:DC;University of Washington";-58;1173136667
00:0B:86:A1:32:F0;University of Washington";-83;1173136667
00:40:96:40:38:5A;University of Washington";-67;1173136668
00:14:BF:E4:A5:3D;MediaAP-MGH330A";-80;1173136668
00:40:96:59:A1:A2;University of Washington";-49;1173136668
00:40:96:49:41:D0;University of Washington";-49;1173136668
00:40:96:40:28:F2;University of Washington";-51;1173136668
00:40:96:49:25:03;University of Washington";-47;1173136668
00:40:96:41:7D:F2;University of Washington";-62;1173136668
00:40:96:40:40:E4;University of Washington";-68;1173136668
00:40:96:49:41:09;University of Washington";-59;1173136668
00:40:96:49:4B:A9;University of Washington";-65;1173136668
00:40:96:49:41:00;University of Washington";-73;1173136668
00:40:96:40:66:DC;University of Washington";-59;1173136668
00:0B:86:A1:32:F0;University of Washington";-83;1173136668
00:40:96:40:38:5A;University of Washington";-71;1173136669
00:14:BF:E4:A5:3D;MediaAP-MGH330A";-80;1173136669
00:40:96:59:A1:A2;University of Washington";-45;1173136669
00:40:96:49:41:D0;University of Washington";-48;1173136669
00:40:96:40:28:F2;University of Washington";-51;1173136669
00:40:96:49:25:03;University of Washington";-46;1173136669
00:40:96:41:7D:F2;University of Washington";-62;1173136669
00:40:96:40:40:E4;University of Washington";-73;1173136669
00:40:96:49:41:09;University of Washington";-52;1173136669
00:40:96:49:4B:A9;University of Washington";-65;1173136670
00:40:96:49:41:00;University of Washington";-73;1173136670
00:40:96:40:66:DC;University of Washington";-55;1173136670
00:0B:86:A1:32:F0;University of Washington";-83;1173136670
00:40:96:40:38:5A;University of Washington";-69;1173136670
00:14:BF:E4:A5:3D;MediaAP-MGH330A";-76;1173136671
00:40:96:59:A1:A2;University of Washington";-45;1173136671
00:40:96:49:41:D0;University of Washington";-49;1173136671
00:40:96:40:28:F2;University of Washington";-51;1173136671
00:40:96:49:25:03;University of Washington";-42;1173136671
00:40:96:41:7D:F2;University of Washington";-61;1173136671
00:40:96:40:40:E4;University of Washington";-73;1173136671
00:40:96:49:41:09;University of Washington";-51;1173136671
00:40:96:49:4B:A9;University of Washington";-68;1173136671
00:40:96:49:41:00;University of Washington";-73;1173136671
00:40:96:40:66:DC;University of Washington";-55;1173136671
00:0B:86:A1:32:F0;University of Washington";-83;1173136671
00:40:96:40:38:5A;University of Washington";-71;1173136672
00:14:BF:E4:A5:3D;MediaAP-MGH330A";-76;1173136672
00:40:96:59:A1:A2;University of Washington";-44;1173136672
00:40:96:49:41:D0;University of Washington";-47;1173136672
00:40:96:40:28:F2;University of Washington";-51;1173136672
00:40:96:49:25:03;University of Washington";-42;1173136672
00:40:96:41:7D:F2;University of Washington";-61;1173136672
00:40:96:40:40:E4;University of Washington";-73;1173136672
00:40:96:49:41:09;University of Washington";-53;1173136672
00:40:96:49:4B:A9;University of Washington";-68;1173136672
00:40:96:49:41:00;University of Washington";-73;1173136672
00:40:96:40:66:DC;University of Washington";-55;1173136672
00:0B:86:A1:32:F0;University of Washington";-83;1173136672
00:40:96:40:38:5A;University of Washington";-72;1173136673
00:40:96:40:63:D5;University of Washington";-73;1173136673
00:14:BF:E4:A5:3D;MediaAP-MGH330A";-80;1173136673
00:40:96:59:A1:A2;University of Washington";-44;1173136673
00:40:96:49:41:D0;University of Washington";-48;1173136673
00:40:96:40:28:F2;University of Washington";-51;1173136673
00:40:96:49:25:03;University of Washington";-41;1173136673
00:40:96:41:7D:F2;University of Washington";-55;1173136673
00:40:96:40:40:E4;University of Washington";-73;1173136673
00:40:96:49:41:09;University of Washington";-52;1173136673
00:40:96:49:4B:A9;University of Washington";-68;1173136673
00:40:96:49:41:00;University of Washington";-67;1173136673
00:40:96:40:66:DC;University of Washington";-62;1173136673
00:0B:86:A0:6E:50;University of Washington";-83;1173136673
00:40:96:40:38:5A;University of Washington";-71;1173136674
00:40:96:40:63:D5;University of Washington";-73;1173136674
00:14:BF:E4:A5:3D;MediaAP-MGH330A";-80;1173136674
00:40:96:59:A1:A2;University of Washington";-45;1173136674
00:40:96:49:41:D0;University of Washington";-51;1173136674
00:40:96:40:28:F2;University of Washington";-51;1173136675
00:40:96:49:25:03;University of Washington";-41;1173136675
00:40:96:41:7D:F2;University of Washington";-55;1173136675
00:40:96:40:40:E4;University of Washington";-73;1173136675
00:40:96:49:41:09;University of Washington";-51;1173136675
00:40:96:49:4B:A9;University of Washington";-63;1173136675
00:40:96:49:41:00;University of Washington";-67;1173136675
00:40:96:40:66:DC;University of Washington";-63;1173136675
00:0B:86:A0:6E:50;University of Washington";-83;1173136675
00:40:96:40:38:5A;University of Washington";-71;1173136676
00:40:96:40:63:D5;University of Washington";-73;1173136676
00:14:BF:E4:A5:3D;MediaAP-MGH330A";-80;1173136676
00:40:96:59:A1:A2;University of Washington";-47;1173136676
00:40:96:40:19:24;University of Washington";-52;1173136676
00:40:96:49:41:D0;University of Washington";-52;1173136676
00:40:96:40:28:F2;University of Washington";-51;1173136676
00:40:96:49:25:03;University of Washington";-56;1173136676
00:40:96:41:7D:F2;University of Washington";-55;1173136676
00:40:96:40:40:E4;University of Washington";-73;1173136676
00:40:96:49:41:09;University of Washington";-53;1173136676
00:40:96:49:4B:A9;University of Washington";-63;1173136676
00:40:96:49:41:00;University of Washington";-69;1173136676
00:40:96:40:66:DC;University of Washington";-61;1173136676
00:0B:86:A0:6E:50;University of Washington";-83;1173136676
00:40:96:40:38:5A;University of Washington";-71;1173136677
00:40:96:40:63:D5;University of Washington";-73;1173136677
00:14:BF:E4:A5:3D;MediaAP-MGH330A";-80;1173136677
00:40:96:59:A1:A2;University of Washington";-44;1173136677
00:40:96:40:19:24;University of Washington";-52;1173136677
00:40:96:49:41:D0;University of Washington";-51;1173136677
00:40:96:40:28:F2;University of Washington";-51;1173136677
00:40:96:49:25:03;University of Washington";-56;1173136677
00:40:96:41:7D:F2;University of Washington";-55;1173136677
00:40:96:40:40:E4;University of Washington";-73;1173136677
00:40:96:49:41:09;University of Washington";-53;1173136677
00:40:96:49:4B:A9;University of Washington";-61;1173136677
00:40:96:49:41:00;University of Washington";-68;1173136677
00:40:96:40:66:DC;University of Washington";-61;1173136677
00:0B:86:A0:6E:50;University of Washington";-83;1173136677
00:40:96:40:38:5A;University of Washington";-71;1173136678
00:40:96:40:63:D5;University of Washington";-73;1173136678
00:14:BF:E4:A5:3D;MediaAP-MGH330A";-80;1173136678
00:40:96:59:A1:A2;University of Washington";-43;1173136678
00:40:96:40:19:24;University of Washington";-52;1173136678
00:40:96:49:41:D0;University of Washington";-52;1173136678
00:40:96:49:25:03;University of Washington";-57;1173136678
00:40:96:41:7D:F2;University of Washington";-55;1173136678
00:40:96:40:40:E4;University of Washington";-73;1173136679
00:40:96:49:41:09;University of Washington";-53;1173136679
00:40:96:49:4B:A9;University of Washington";-61;1173136679
00:40:96:49:41:00;University of Washington";-68;1173136679
00:40:96:40:66:DC;University of Washington";-61;1173136679
00:0B:86:A0:6E:50;University of Washington";-83;1173136679
00:40:96:40:38:5A;University of Washington";-71;1173136680
00:40:96:40:63:D5;University of Washington";-73;1173136680
00:14:BF:E4:A5:3D;MediaAP-MGH330A";-80;1173136680
00:40:96:59:A1:A2;University of Washington";-43;1173136680
00:40:96:40:19:24;University of Washington";-52;1173136680
00:40:96:49:41:D0;University of Washington";-52;1173136680
00:40:96:49:25:03;University of Washington";-57;1173136680
00:40:96:41:7D:F2;University of Washington";-56;1173136680
00:40:96:40:40:E4;University of Washington";-73;1173136680
00:40:96:49:41:09;University of Washington";-55;1173136680
00:40:96:49:4B:A9;University of Washington";-61;1173136680
00:40:96:49:41:00;University of Washington";-67;1173136680
00:40:96:40:66:DC;University of Washington";-61;1173136680
00:0B:86:A0:6E:50;University of Washington";-83;1173136680
00:40:96:40:38:5A;University of Washington";-71;1173136681
00:40:96:40:63:D5;University of Washington";-73;1173136681
00:14:BF:E4:A5:3D;MediaAP-MGH330A";-80;1173136681
00:40:96:59:A1:A2;University of Washington";-43;1173136681
00:40:96:40:19:24;University of Washington";-52;1173136681
00:40:96:49:41:D0;University of Washington";-51;1173136681
00:40:96:49:25:03;University of Washington";-57;1173136681
00:40:96:41:7D:F2;University of Washington";-54;1173136681
00:40:96:40:40:E4;University of Washington";-73;1173136681
00:40:96:49:41:09;University of Washington";-52;1173136681
00:40:96:49:4B:A9;University of Washington";-62;1173136681
00:40:96:49:41:00;University of Washington";-67;1173136681
00:40:96:40:66:DC;University of Washington";-61;1173136681
00:0B:86:A0:6E:50;University of Washington";-83;1173136681
00:40:96:40:38:5A;University of Washington";-72;1173136682
00:40:96:40:63:D5;University of Washington";-73;1173136682
00:14:BF:E4:A5:3D;MediaAP-MGH330A";-80;1173136682
00:40:96:59:A1:A2;University of Washington";-45;1173136682
00:40:96:40:19:24;University of Washington";-52;1173136682
00:40:96:49:41:D0;University of Washington";-51;1173136682
00:40:96:49:25:03;University of Washington";-57;1173136682
00:40:96:41:7D:F2;University of Washington";-54;1173136682
00:40:96:40:40:E4;University of Washington";-70;1173136682
00:40:96:49:41:09;University of Washington";-53;1173136682
00:40:96:49:4B:A9;University of Washington";-62;1173136682
00:40:96:49:41:00;University of Washington";-67;1173136683
00:40:96:40:66:DC;University of Washington";-61;1173136683
00:0B:86:A0:6E:50;University of Washington";-83;1173136683
00:40:96:40:38:5A;University of Washington";-75;1173136683
00:40:96:40:63:D5;University of Washington";-73;1173136684
00:14:BF:E4:A5:3D;MediaAP-MGH330A";-79;1173136684
00:40:96:59:A1:A2;University of Washington";-45;1173136684
00:40:96:40:19:24;University of Washington";-52;1173136684
00:40:96:49:41:D0;University of Washington";-49;1173136684
00:40:96:49:25:03;University of Washington";-46;1173136684
00:40:96:41:7D:F2;University of Washington";-55;1173136684
00:40:96:40:40:E4;University of Washington";-74;1173136684
00:40:96:49:41:09;University of Washington";-53;1173136684
00:40:96:49:4B:A9;University of Washington";-61;1173136684
00:40:96:49:41:00;University of Washington";-67;1173136684
00:40:96:40:66:DC;University of Washington";-59;1173136684
00:0B:86:A0:6E:50;University of Washington";-83;1173136684
00:40:96:40:38:5A;University of Washington";-71;1173136685
00:40:96:40:63:D5;University of Washington";-73;1173136685
00:14:BF:E4:A5:3D;MediaAP-MGH330A";-79;1173136685
00:40:96:59:A1:A2;University of Washington";-45;1173136685
00:40:96:40:19:24;University of Washington";-52;1173136685
00:40:96:49:41:D0;University of Washington";-51;1173136685
00:40:96:49:25:03;University of Washington";-44;1173136685
00:40:96:41:7D:F2;University of Washington";-55;1173136685
00:40:96:40:40:E4;University of Washington";-74;1173136685
00:40:96:49:41:09;University of Washington";-54;1173136685
00:40:96:49:4B:A9;University of Washington";-61;1173136685
00:40:96:49:41:00;University of Washington";-67;1173136685
00:40:96:40:66:DC;University of Washington";-59;1173136685
00:0B:86:A0:6E:50;University of Washington";-83;1173136685
00:40:96:40:38:5A;University of Washington";-71;1173136686
00:40:96:40:63:D5;University of Washington";-73;1173136686
00:14:BF:E4:A5:3D;MediaAP-MGH330A";-79;1173136686
00:40:96:59:A1:A2;University of Washington";-45;1173136686
00:40:96:40:19:24;University of Washington";-52;1173136686
00:40:96:49:41:D0;University of Washington";-49;1173136686
00:40:96:49:25:03;University of Washington";-44;1173136686
00:40:96:41:7D:F2;University of Washington";-55;1173136686
00:40:96:40:40:E4;University of Washington";-74;1173136686
00:40:96:49:41:09;University of Washington";-49;1173136686
00:40:96:49:4B:A9;University of Washington";-66;1173136686
00:40:96:49:41:00;University of Washington";-67;1173136686
00:40:96:40:66:DC;University of Washington";-59;1173136686
00:0B:86:A0:6E:50;University of Washington";-83;1173136686
00:40:96:40:38:5A;University of Washington";-71;1173136687
00:40:96:40:63:D5;University of Washington";-73;1173136687
00:14:BF:E4:A5:3D;MediaAP-MGH330A";-79;1173136687
00:40:96:59:A1:A2;University of Washington";-45;1173136687
00:40:96:40:19:24;University of Washington";-52;1173136687
00:40:96:49:41:D0;University of Washington";-47;1173136687
00:40:96:49:25:03;University of Washington";-44;1173136687
00:40:96:41:7D:F2;University of Washington";-55;1173136688
00:40:96:40:40:E4;University of Washington";-74;1173136688
00:40:96:49:41:09;University of Washington";-49;1173136688
00:40:96:49:4B:A9;University of Washington";-63;1173136688
00:40:96:49:41:00;University of Washington";-67;1173136688
00:40:96:40:66:DC;University of Washington";-59;1173136688
00:0B:86:A0:6E:50;University of Washington";-83;1173136688
00:40:96:40:38:5A;University of Washington";-71;1173136689
00:14:BF:E4:A5:3D;MediaAP-MGH330A";-79;1173136689
00:40:96:59:A1:A2;University of Washington";-44;1173136689
00:40:96:40:19:24;University of Washington";-52;1173136689
00:40:96:49:41:D0;University of Washington";-49;1173136689
00:40:96:49:25:03;University of Washington";-44;1173136689
00:40:96:41:7D:F2;University of Washington";-55;1173136689
00:40:96:40:40:E4;University of Washington";-74;1173136689
00:40:96:49:41:09;University of Washington";-55;1173136689
00:40:96:49:4B:A9;University of Washington";-63;1173136689
00:40:96:49:41:00;University of Washington";-67;1173136689
00:40:96:40:66:DC;University of Washington";-59;1173136689
00:40:96:40:38:5A;University of Washington";-71;1173136690
00:14:BF:E4:A5:3D;MediaAP-MGH330A";-79;1173136690
00:40:96:59:A1:A2;University of Washington";-44;1173136690
00:40:96:40:19:24;University of Washington";-52;1173136690
00:40:96:49:41:D0;University of Washington";-49;1173136690
00:40:96:49:25:03;University of Washington";-45;1173136690
00:40:96:41:7D:F2;University of Washington";-55;1173136690
00:40:96:40:40:E4;University of Washington";-74;1173136690
00:40:96:49:41:09;University of Washington";-55;1173136690
00:40:96:49:4B:A9;University of Washington";-63;1173136690
00:40:96:49:41:00;University of Washington";-67;1173136690
00:40:96:40:66:DC;University of Washington";-59;1173136690
00:40:96:40:38:5A;University of Washington";-71;1173136691
00:14:BF:E4:A5:3D;MediaAP-MGH330A";-77;1173136691
00:40:96:59:A1:A2;University of Washington";-46;1173136691
00:40:96:49:41:D0;University of Washington";-49;1173136691
00:40:96:49:25:03;University of Washington";-45;1173136691
00:40:96:41:7D:F2;University of Washington";-55;1173136691
00:40:96:40:40:E4;University of Washington";-74;1173136691
00:40:96:49:41:09;University of Washington";-55;1173136691
00:40:96:49:4B:A9;University of Washington";-63;1173136691
00:40:96:49:41:00;University of Washington";-67;1173136691
00:40:96:40:66:DC;University of Washington";-59;1173136691
00:40:96:40:38:5A;University of Washington";-71;1173136692
00:14:BF:E4:A5:3D;MediaAP-MGH330A";-77;1173136692
00:40:96:59:A1:A2;University of Washington";-46;1173136692
00:40:96:49:41:D0;University of Washington";-49;1173136692
00:40:96:49:25:03;University of Washington";-45;1173136692
00:40:96:41:7D:F2;University of Washington";-60;1173136692
00:40:96:40:40:E4;University of Washington";-74;1173136692
00:40:96:49:41:09;University of Washington";-55;1173136692
00:40:96:49:4B:A9;University of Washington";-63;1173136692
00:40:96:49:41:00;University of Washington";-67;1173136692
00:40:96:40:66:DC;University of Washington";-59;1173136693
00:40:96:40:38:5A;University of Washington";-71;1173136693
00:14:BF:E4:A5:3D;MediaAP-MGH330A";-80;1173136693
00:40:96:59:A1:A2;University of Washington";-45;1173136693
00:40:96:49:41:D0;University of Washington";-51;1173136693
00:40:96:40:28:F2;University of Washington";-51;1173136694
00:40:96:49:25:2A;University of Washington";-50;1173136694
00:40:96:49:25:03;University of Washington";-41;1173136694
00:40:96:41:7D:F2;University of Washington";-60;1173136694
00:40:96:40:40:E4;University of Washington";-74;1173136694
00:40:96:49:41:09;University of Washington";-55;1173136694
00:40:96:49:4B:A9;University of Washington";-63;1173136694
00:40:96:40:66:DC;University of Washington";-59;1173136694
00:0B:86:A0:6E:50;University of Washington";-81;1173136694
00:40:96:40:38:5A;University of Washington";-75;1173136695
00:14:BF:E4:A5:3D;MediaAP-MGH330A";-80;1173136695
00:40:96:59:A1:A2;University of Washington";-45;1173136695
00:40:96:49:41:D0;University of Washington";-52;1173136695
00:40:96:40:28:F2;University of Washington";-51;1173136695
00:40:96:49:25:2A;University of Washington";-50;1173136695
00:40:96:49:25:03;University of Washington";-41;1173136695
00:40:96:41:7D:F2;University of Washington";-60;1173136695
00:40:96:40:40:E4;University of Washington";-74;1173136695
00:40:96:49:41:09;University of Washington";-51;1173136695
00:40:96:49:4B:A9;University of Washington";-63;1173136695
00:40:96:40:66:DC;University of Washington";-59;1173136695
00:0B:86:A0:6E:50;University of Washington";-81;1173136695
00:40:96:40:38:5A;University of Washington";-75;1173136696
00:14:BF:E4:A5:3D;MediaAP-MGH330A";-80;1173136696
00:40:96:59:A1:A2;University of Washington";-48;1173136696
00:40:96:49:41:D0;University of Washington";-52;1173136696
00:40:96:40:28:F2;University of Washington";-51;1173136696
00:40:96:49:25:2A;University of Washington";-50;1173136696
00:40:96:49:25:03;University of Washington";-42;1173136696
00:40:96:41:7D:F2;University of Washington";-60;1173136696
00:40:96:40:40:E4;University of Washington";-73;1173136696
00:40:96:49:41:09;University of Washington";-52;1173136696
00:40:96:49:4B:A9;University of Washington";-63;1173136696
00:40:96:40:66:DC;University of Washington";-59;1173136696
00:0B:86:A0:6E:50;University of Washington";-81;1173136696
00:40:96:40:38:5A;University of Washington";-75;1173136697
00:14:BF:E4:A5:3D;MediaAP-MGH330A";-80;1173136697
00:40:96:59:A1:A2;University of Washington";-48;1173136697
00:40:96:49:41:D0;University of Washington";-49;1173136697
00:40:96:40:28:F2;University of Washington";-51;1173136697
00:40:96:49:25:2A;University of Washington";-50;1173136697
00:40:96:49:25:03;University of Washington";-42;1173136697
00:40:96:41:7D:F2;University of Washington";-60;1173136697
00:40:96:40:40:E4;University of Washington";-73;1173136697
00:40:96:49:41:09;University of Washington";-52;1173136697
00:40:96:49:4B:A9;University of Washington";-63;1173136697
00:40:96:40:66:DC;University of Washington";-59;1173136697
00:0B:86:A0:6E:50;University of Washington";-81;1173136698
00:40:96:40:38:5A;University of Washington";-75;1173136698
00:14:BF:E4:A5:3D;MediaAP-MGH330A";-80;1173136698
00:40:96:59:A1:A2;University of Washington";-48;1173136698
00:40:96:49:41:D0;University of Washington";-51;1173136699
00:40:96:40:28:F2;University of Washington";-51;1173136699
00:40:96:49:25:2A;University of Washington";-50;1173136699
00:40:96:49:25:03;University of Washington";-42;1173136699
00:40:96:41:7D:F2;University of Washington";-60;1173136699
00:40:96:40:40:E4;University of Washington";-73;1173136699
00:40:96:49:41:09;University of Washington";-52;1173136699
00:40:96:49:4B:A9;University of Washington";-65;1173136699
00:40:96:40:66:DC;University of Washington";-59;1173136699
00:0B:86:A0:6E:50;University of Washington";-81;1173136699
00:40:96:40:38:5A;University of Washington";-72;1173136700
00:14:BF:E4:A5:3D;MediaAP-MGH330A";-80;1173136700
00:40:96:59:A1:A2;University of Washington";-45;1173136700
00:40:96:49:41:D0;University of Washington";-47;1173136700
00:40:96:40:28:F2;University of Washington";-51;1173136700
00:40:96:49:25:2A;University of Washington";-50;1173136700
00:40:96:49:25:03;University of Washington";-42;1173136700
00:40:96:41:7D:F2;University of Washington";-60;1173136700
00:40:96:40:40:E4;University of Washington";-73;1173136700
00:40:96:49:41:09;University of Washington";-51;1173136700
00:40:96:49:4B:A9;University of Washington";-65;1173136700
00:40:96:40:66:DC;University of Washington";-59;1173136700
00:0B:86:A0:6E:50;University of Washington";-81;1173136700
00:40:96:40:38:5A;University of Washington";-78;1173136701
00:40:96:40:63:D5;University of Washington";-79;1173136701
00:14:BF:E4:A5:3D;MediaAP-MGH330A";-80;1173136701
00:40:96:59:A1:A2;University of Washington";-45;1173136701
00:40:96:49:41:D0;University of Washington";-49;1173136701
00:40:96:40:28:F2;University of Washington";-51;1173136701
00:40:96:49:25:2A;University of Washington";-50;1173136701
00:40:96:49:25:03;University of Washington";-42;1173136701
00:40:96:41:7D:F2;University of Washington";-55;1173136701
00:40:96:40:40:E4;University of Washington";-73;1173136701
00:40:96:49:41:09;University of Washington";-50;1173136701
00:40:96:49:4B:A9;University of Washington";-61;1173136701
00:40:96:40:66:DC;University of Washington";-59;1173136701
00:0B:86:A0:6E:50;University of Washington";-81;1173136701
00:40:96:40:38:5A;University of Washington";-66;1173136702
00:40:96:40:63:D5;University of Washington";-79;1173136702
00:14:BF:E4:A5:3D;MediaAP-MGH330A";-80;1173136702
00:40:96:59:A1:A2;University of Washington";-44;1173136702
00:40:96:49:41:D0;University of Washington";-46;1173136702
00:40:96:40:28:F2;University of Washington";-51;1173136702
00:40:96:49:25:2A;University of Washington";-50;1173136702
00:40:96:49:25:03;University of Washington";-42;1173136702
00:40:96:41:7D:F2;University of Washington";-57;1173136702
00:40:96:40:40:E4;University of Washington";-73;1173136703
00:40:96:49:41:09;University of Washington";-50;1173136703
00:40:96:49:4B:A9;University of Washington";-58;1173136703
00:40:96:49:41:00;University of Washington";-76;1173136703
00:40:96:40:66:DC;University of Washington";-62;1173136703
00:0B:86:A0:6E:50;University of Washington";-81;1173136703
00:40:96:40:38:5A;University of Washington";-66;1173136703
00:40:96:40:63:D5;University of Washington";-79;1173136704
00:14:BF:E4:A5:3D;MediaAP-MGH330A";-80;1173136704
00:40:96:59:A1:A2;University of Washington";-42;1173136704
00:40:96:49:41:D0;University of Washington";-43;1173136704
00:40:96:40:28:F2;University of Washington";-51;1173136704
00:40:96:49:25:2A;University of Washington";-50;1173136704
00:40:96:49:25:03;University of Washington";-42;1173136704
00:40:96:41:7D:F2;University of Washington";-55;1173136704
00:40:96:40:40:E4;University of Washington";-74;1173136704
00:40:96:49:41:09;University of Washington";-53;1173136704
00:40:96:49:4B:A9;University of Washington";-58;1173136704
00:40:96:49:41:00;University of Washington";-76;1173136704
00:40:96:40:66:DC;University of Washington";-62;1173136704
00:0B:86:A0:6E:50;University of Washington";-81;1173136704
00:40:96:40:38:5A;University of Washington";-67;1173136705
00:40:96:40:63:D5;University of Washington";-79;1173136705
00:14:BF:E4:A5:3D;MediaAP-MGH330A";-80;1173136705
00:40:96:59:A1:A2;University of Washington";-42;1173136705
00:40:96:49:41:D0;University of Washington";-46;1173136705
00:40:96:40:28:F2;University of Washington";-51;1173136705
00:40:96:49:25:2A;University of Washington";-50;1173136705
00:40:96:49:25:03;University of Washington";-46;1173136705
00:40:96:41:7D:F2;University of Washington";-55;1173136705
00:40:96:40:40:E4;University of Washington";-74;1173136705
00:40:96:49:41:09;University of Washington";-53;1173136705
00:40:96:49:4B:A9;University of Washington";-58;1173136705
00:40:96:49:41:00;University of Washington";-69;1173136705
00:40:96:40:66:DC;University of Washington";-62;1173136705
00:0B:86:A0:6E:50;University of Washington";-81;1173136705
00:40:96:40:38:5A;University of Washington";-67;1173136706
00:40:96:40:63:D5;University of Washington";-77;1173136706
00:14:BF:E4:A5:3D;MediaAP-MGH330A";-82;1173136706
00:40:96:59:A1:A2;University of Washington";-44;1173136706
00:40:96:49:41:D0;University of Washington";-46;1173136706
00:40:96:40:28:F2;University of Washington";-51;1173136706
00:40:96:49:25:2A;University of Washington";-50;1173136706
00:40:96:49:25:03;University of Washington";-46;1173136706
00:40:96:41:7D:F2;University of Washington";-56;1173136706
00:40:96:40:40:E4;University of Washington";-69;1173136706
00:40:96:49:41:09;University of Washington";-53;1173136707
00:40:96:49:4B:A9;University of Washington";-57;1173136707
00:40:96:49:41:00;University of Washington";-69;1173136707
00:40:96:40:66:DC;University of Washington";-62;1173136707
00:0B:86:A0:6E:50;University of Washington";-81;1173136707
00:40:96:40:38:5A;University of Washington";-71;1173136708
00:40:96:40:63:D5;University of Washington";-79;1173136708
00:14:BF:E4:A5:3D;MediaAP-MGH330A";-82;1173136708
00:40:96:59:A1:A2;University of Washington";-44;1173136708
00:40:96:49:41:D0;University of Washington";-46;1173136708
00:40:96:40:28:F2;University of Washington";-51;1173136708
00:40:96:49:25:2A;University of Washington";-50;1173136708
00:40:96:49:25:03;University of Washington";-46;1173136708
00:40:96:41:7D:F2;University of Washington";-58;1173136708
00:40:96:40:40:E4;University of Washington";-69;1173136708
00:40:96:49:41:09;University of Washington";-52;1173136708
00:40:96:49:4B:A9;University of Washington";-68;1173136708
00:40:96:49:41:00;University of Washington";-67;1173136708
00:40:96:40:66:DC;University of Washington";-61;1173136708
00:0B:86:A0:6E:50;University of Washington";-81;1173136708
00:40:96:40:38:5A;University of Washington";-73;1173136709
00:40:96:40:63:D5;University of Washington";-79;1173136709
00:14:BF:E4:A5:3D;MediaAP-MGH330A";-82;1173136709
00:40:96:59:A1:A2;University of Washington";-44;1173136709
00:40:96:49:41:D0;University of Washington";-45;1173136709
00:40:96:49:25:03;University of Washington";-46;1173136709
00:40:96:41:7D:F2;University of Washington";-58;1173136709
00:40:96:40:40:E4;University of Washington";-71;1173136709
00:40:96:49:41:09;University of Washington";-52;1173136709
00:40:96:49:4B:A9;University of Washington";-68;1173136709
00:40:96:49:41:00;University of Washington";-68;1173136709
00:40:96:40:66:DC;University of Washington";-61;1173136709
00:40:96:40:38:5A;University of Washington";-73;1173136710
00:40:96:40:63:D5;University of Washington";-79;1173136710
00:14:BF:E4:A5:3D;MediaAP-MGH330A";-82;1173136710
00:40:96:59:A1:A2;University of Washington";-44;1173136710
00:40:96:49:41:D0;University of Washington";-46;1173136710
00:40:96:49:25:03;University of Washington";-43;1173136710
00:40:96:41:7D:F2;University of Washington";-58;1173136710
00:40:96:40:40:E4;University of Washington";-71;1173136710
00:40:96:49:41:09;University of Washington";-53;1173136710
00:40:96:49:4B:A9;University of Washington";-68;1173136710
00:40:96:49:41:00;University of Washington";-67;1173136710
00:40:96:40:66:DC;University of Washington";-61;1173136710
00:40:96:40:38:5A;University of Washington";-73;1173136711
00:40:96:40:63:D5;University of Washington";-79;1173136711
00:14:BF:E4:A5:3D;MediaAP-MGH330A";-82;1173136711
00:40:96:59:A1:A2;University of Washington";-44;1173136711
00:40:96:49:41:D0;University of Washington";-46;1173136711
00:40:96:49:25:03;University of Washington";-44;1173136711
00:40:96:41:7D:F2;University of Washington";-56;1173136712
00:40:96:40:40:E4;University of Washington";-71;1173136712
00:40:96:49:41:09;University of Washington";-53;1173136712
00:40:96:49:4B:A9;University of Washington";-68;1173136712
00:40:96:49:41:00;University of Washington";-66;1173136712
00:40:96:40:66:DC;University of Washington";-62;1173136712
00:40:96:40:38:5A;University of Washington";-74;1173136713
00:40:96:40:63:D5;University of Washington";-79;1173136713
00:14:BF:E4:A5:3D;MediaAP-MGH330A";-82;1173136713
00:40:96:59:A1:A2;University of Washington";-45;1173136713
00:40:96:49:41:D0;University of Washington";-45;1173136713
00:40:96:49:25:03;University of Washington";-43;1173136713
00:40:96:41:7D:F2;University of Washington";-56;1173136713
00:40:96:40:40:E4;University of Washington";-71;1173136713
00:40:96:49:41:09;University of Washington";-53;1173136713
00:40:96:49:4B:A9;University of Washington";-65;1173136713
00:40:96:49:41:00;University of Washington";-66;1173136713
00:40:96:40:66:DC;University of Washington";-60;1173136713
00:40:96:40:38:5A;University of Washington";-74;1173136714
00:40:96:40:63:D5;University of Washington";-79;1173136714
00:14:BF:E4:A5:3D;MediaAP-MGH330A";-82;1173136714
00:40:96:59:A1:A2;University of Washington";-45;1173136714
00:40:96:49:41:D0;University of Washington";-45;1173136714
00:40:96:49:25:03;University of Washington";-43;1173136714
00:40:96:41:7D:F2;University of Washington";-56;1173136714
00:40:96:40:40:E4;University of Washington";-71;1173136714
00:40:96:49:41:09;University of Washington";-53;1173136714
00:40:96:49:4B:A9;University of Washington";-65;1173136714
00:40:96:49:41:00;University of Washington";-67;1173136714
00:40:96:40:66:DC;University of Washington";-60;1173136714
00:40:96:40:38:5A;University of Washington";-74;1173136715
00:40:96:40:63:D5;University of Washington";-79;1173136715
00:14:BF:E4:A5:3D;MediaAP-MGH330A";-82;1173136715
00:40:96:59:A1:A2;University of Washington";-45;1173136715
00:40:96:49:41:D0;University of Washington";-45;1173136715
00:40:96:49:25:03;University of Washington";-43;1173136715
00:40:96:41:7D:F2;University of Washington";-56;1173136715
00:40:96:40:40:E4;University of Washington";-71;1173136715
00:40:96:49:41:09;University of Washington";-53;1173136715
00:40:96:49:4B:A9;University of Washington";-61;1173136715
00:40:96:49:41:00;University of Washington";-67;1173136715
00:40:96:40:66:DC;University of Washington";-62;1173136715
00:40:96:40:38:5A;University of Washington";-73;1173136716
00:40:96:40:63:D5;University of Washington";-78;1173136716
00:14:BF:E4:A5:3D;MediaAP-MGH330A";-82;1173136716
00:40:96:59:A1:A2;University of Washington";-44;1173136716
00:40:96:49:41:D0;University of Washington";-45;1173136716
00:40:96:49:25:03;University of Washington";-43;1173136716
00:40:96:41:7D:F2;University of Washington";-57;1173136716
00:40:96:40:40:E4;University of Washington";-73;1173136716
00:40:96:49:41:09;University of Washington";-56;1173136716
00:40:96:49:4B:A9;University of Washington";-64;1173136716
00:40:96:49:41:00;University of Washington";-67;1173136717
00:40:96:40:66:DC;University of Washington";-62;1173136717
00:0B:86:A0:6E:50;University of Washington";-81;1173136717
00:40:96:40:38:5A;University of Washington";-70;1173136718
00:40:96:40:63:D5;University of Washington";-73;1173136718
00:14:BF:E4:A5:3D;MediaAP-MGH330A";-82;1173136718
00:40:96:59:A1:A2;University of Washington";-45;1173136718
00:40:96:49:41:D0;University of Washington";-44;1173136718
00:40:96:49:25:03;University of Washington";-43;1173136718
00:40:96:41:7D:F2;University of Washington";-57;1173136718
00:40:96:40:40:E4;University of Washington";-73;1173136718
00:40:96:49:41:09;University of Washington";-53;1173136718
00:40:96:49:4B:A9;University of Washington";-64;1173136718
00:40:96:49:41:00;University of Washington";-67;1173136718
00:40:96:40:66:DC;University of Washington";-62;1173136718
00:0B:86:A0:6E:50;University of Washington";-81;1173136718
00:40:96:40:38:5A;University of Washington";-71;1173136719
00:40:96:40:63:D5;University of Washington";-79;1173136719
00:14:BF:E4:A5:3D;MediaAP-MGH330A";-82;1173136719
00:40:96:59:A1:A2;University of Washington";-45;1173136719
00:40:96:49:41:D0;University of Washington";-44;1173136719
00:40:96:49:25:03;University of Washington";-43;1173136719
00:40:96:41:7D:F2;University of Washington";-57;1173136719
00:40:96:40:40:E4;University of Washington";-73;1173136719
00:40:96:49:41:09;University of Washington";-53;1173136719
00:40:96:49:4F:82;University of Washington";-46;1173136719
00:40:96:49:4B:A9;Un