00:0F:24:DC:B9:20;UniversityOfWashingtonCSE";-74;1173228656
00:0F:34:72:4B:E0;UniversityOfWashingtonCSE";-68;1173228656
00:0F:34:72:4C:70;UniversityOfWashingtonCSE";-42;1173228656
00:0F:34:9D:04:B0;UniversityOfWashingtonCSE";-55;1173228656
00:0F:24:DC:B9:80;UniversityOfWashingtonCSE";-77;1173228656
00:0F:34:9C:FF:20;UniversityOfWashingtonCSE";-77;1173228656
00:0F:34:9D:01:A0;UniversityOfWashingtonCSE";-73;1173228656
00:16:01:84:BF:35;NSL100";-73;1173228657
00:0F:24:DC:B8:60;UniversityOfWashingtonCSE";-63;1173228657
00:0F:24:DC:BC:10;UniversityOfWashingtonCSE";-49;1173228657
00:0F:24:DC:B9:20;UniversityOfWashingtonCSE";-74;1173228657
00:0F:34:72:4B:E0;UniversityOfWashingtonCSE";-68;1173228657
00:0F:34:72:4C:70;UniversityOfWashingtonCSE";-42;1173228657
00:0F:34:9D:05:C0;UniversityOfWashingtonCSE";-71;1173228657
00:0F:34:9C:FE:80;UniversityOfWashingtonCSE";-79;1173228657
00:0F:34:9D:04:B0;UniversityOfWashingtonCSE";-55;1173228658
00:0F:24:DC:B9:80;UniversityOfWashingtonCSE";-77;1173228658
00:0F:34:9C:FF:20;UniversityOfWashingtonCSE";-77;1173228658
00:0F:24:DC:B7:E0;UniversityOfWashingtonCSE";-67;1173228658
00:0F:34:9D:01:A0;UniversityOfWashingtonCSE";-73;1173228658
00:16:01:84:BF:35;NSL100";-73;1173228658
00:0F:24:DC:B8:60;UniversityOfWashingtonCSE";-63;1173228659
00:0F:24:DC:BC:10;UniversityOfWashingtonCSE";-49;1173228659
00:0F:24:DC:B9:20;UniversityOfWashingtonCSE";-73;1173228659
00:0F:34:72:4B:E0;UniversityOfWashingtonCSE";-68;1173228659
00:0F:34:72:4C:70;UniversityOfWashingtonCSE";-42;1173228659
00:0F:34:9D:05:C0;UniversityOfWashingtonCSE";-65;1173228659
00:0F:34:9C:FE:80;UniversityOfWashingtonCSE";-79;1173228659
00:0F:34:72:4B:80;UniversityOfWashingtonCSE";-81;1173228659
00:0F:34:9D:04:B0;UniversityOfWashingtonCSE";-52;1173228659
00:0F:24:DC:B7:80;UniversityOfWashingtonCSE";-77;1173228659
00:0F:24:DC:B9:80;UniversityOfWashingtonCSE";-77;1173228659
00:0F:34:9C:FF:20;UniversityOfWashingtonCSE";-77;1173228659
00:0F:24:DC:B7:E0;UniversityOfWashingtonCSE";-62;1173228659
00:15:6D:10:1C:CB;EE";-81;1173228659
00:0F:24:DE:10:A0;UniversityOfWashingtonCSE";-70;1173228659
00:0F:34:9D:01:A0;UniversityOfWashingtonCSE";-73;1173228659
00:0F:34:72:47:B0;UniversityOfWashingtonCSE";-55;1173228659
00:16:01:84:BF:35;NSL100";-73;1173228660
00:0F:34:9C:FE:70;UniversityOfWashingtonCSE";-61;1173228660
00:0F:24:DC:B8:60;UniversityOfWashingtonCSE";-63;1173228660
00:0F:24:DC:BC:10;UniversityOfWashingtonCSE";-49;1173228660
00:0F:24:DC:B9:20;UniversityOfWashingtonCSE";-73;1173228660
00:0F:34:72:4B:E0;UniversityOfWashingtonCSE";-68;1173228660
00:0F:24:DC:B7:D0;UniversityOfWashingtonCSE";-76;1173228660
00:0F:34:72:4C:70;UniversityOfWashingtonCSE";-43;1173228660
00:0F:34:9D:05:C0;UniversityOfWashingtonCSE";-65;1173228660
00:0F:34:9C:FE:80;UniversityOfWashingtonCSE";-79;1173228660
00:0F:34:72:4B:80;UniversityOfWashingtonCSE";-81;1173228660
00:0F:34:9D:04:B0;UniversityOfWashingtonCSE";-52;1173228660
00:0F:24:DC:B7:80;UniversityOfWashingtonCSE";-77;1173228660
00:0F:24:DC:B9:80;UniversityOfWashingtonCSE";-77;1173228660
00:0F:34:9C:FF:20;UniversityOfWashingtonCSE";-77;1173228660
00:0F:24:DC:B7:E0;UniversityOfWashingtonCSE";-62;1173228660
00:15:6D:10:1C:CB;EE";-81;1173228660
00:0F:24:DE:10:A0;UniversityOfWashingtonCSE";-70;1173228660
00:0F:34:9D:01:A0;UniversityOfWashingtonCSE";-73;1173228660
00:0F:34:72:47:B0;UniversityOfWashingtonCSE";-55;1173228660
00:16:01:84:BF:35;NSL100";-73;1173228661
00:0F:34:9C:FE:70;UniversityOfWashingtonCSE";-61;1173228661
00:0F:24:DC:B8:60;UniversityOfWashingtonCSE";-70;1173228661
00:0F:34:9C:FF:10;UniversityOfWashingtonCSE";-83;1173228662
00:0F:24:DC:BC:10;UniversityOfWashingtonCSE";-52;1173228662
00:0F:24:DC:B9:60;UniversityOfWashingtonCSE";-81;1173228662
00:0F:24:DC:B9:20;UniversityOfWashingtonCSE";-73;1173228662
00:0F:34:72:4B:E0;UniversityOfWashingtonCSE";-68;1173228662
00:0F:24:DC:B7:D0;UniversityOfWashingtonCSE";-76;1173228662
00:0F:34:72:4C:70;UniversityOfWashingtonCSE";-43;1173228662
00:0F:34:9D:05:C0;UniversityOfWashingtonCSE";-69;1173228662
00:0F:34:9C:FE:80;UniversityOfWashingtonCSE";-79;1173228662
00:0F:34:72:4B:80;UniversityOfWashingtonCSE";-81;1173228662
00:0F:34:9D:04:B0;UniversityOfWashingtonCSE";-54;1173228662
00:0F:24:DC:B7:80;UniversityOfWashingtonCSE";-77;1173228662
00:0F:24:DC:B9:80;UniversityOfWashingtonCSE";-77;1173228662
00:0F:34:9C:FF:20;UniversityOfWashingtonCSE";-77;1173228662
00:0F:24:DC:B7:E0;UniversityOfWashingtonCSE";-60;1173228662
00:15:6D:10:1C:CB;EE";-81;1173228662
00:0F:24:DE:10:A0;UniversityOfWashingtonCSE";-66;1173228662
00:0F:34:9D:01:A0;UniversityOfWashingtonCSE";-73;1173228662
00:0F:34:9D:03:C0;UniversityOfWashingtonCSE";-81;1173228662
00:0F:34:72:47:B0;UniversityOfWashingtonCSE";-55;1173228662
00:0F:34:74:65:80;UniversityOfWashingtonCSE";-76;1173228662
00:16:01:84:BF:35;NSL100";-73;1173228663
00:0F:34:9C:FE:70;UniversityOfWashingtonCSE";-61;1173228663
00:0F:24:DC:B8:60;UniversityOfWashingtonCSE";-70;1173228663
00:0F:34:9C:FF:10;UniversityOfWashingtonCSE";-83;1173228663
00:0F:24:DC:BC:10;UniversityOfWashingtonCSE";-52;1173228663
00:0F:24:DC:B9:60;UniversityOfWashingtonCSE";-81;1173228663
00:0F:24:DC:B9:20;UniversityOfWashingtonCSE";-73;1173228663
00:0F:34:72:4B:E0;UniversityOfWashingtonCSE";-47;1173228663
00:0F:24:DC:B7:D0;UniversityOfWashingtonCSE";-76;1173228663
00:0F:34:72:4C:70;UniversityOfWashingtonCSE";-42;1173228663
00:0F:24:DE:10:E0;UniversityOfWashingtonCSE";-78;1173228663
00:0F:34:9D:05:C0;UniversityOfWashingtonCSE";-69;1173228663
00:0F:34:9C:FE:80;UniversityOfWashingtonCSE";-79;1173228663
00:0F:34:72:4B:80;UniversityOfWashingtonCSE";-81;1173228663
00:0F:34:9D:04:B0;UniversityOfWashingtonCSE";-52;1173228663
00:0F:24:DC:B7:80;UniversityOfWashingtonCSE";-77;1173228663
00:0F:24:DC:B9:80;UniversityOfWashingtonCSE";-77;1173228663
00:0F:34:9C:FF:20;UniversityOfWashingtonCSE";-77;1173228663
00:0F:24:DC:B7:E0;UniversityOfWashingtonCSE";-60;1173228664
00:15:6D:10:1C:CB;EE";-81;1173228664
00:0F:24:DE:10:A0;UniversityOfWashingtonCSE";-66;1173228664
00:0F:34:9D:01:A0;UniversityOfWashingtonCSE";-73;1173228664
00:0F:34:9D:03:C0;UniversityOfWashingtonCSE";-81;1173228664
00:0F:34:72:47:B0;UniversityOfWashingtonCSE";-52;1173228664
00:0F:34:74:65:80;UniversityOfWashingtonCSE";-76;1173228664
00:16:01:84:BF:35;NSL100";-73;1173228665
00:0F:34:9C:FE:70;UniversityOfWashingtonCSE";-61;1173228665
00:0F:34:9D:02:00;UniversityOfWashingtonCSE";-83;1173228665
00:0F:24:DC:B8:60;UniversityOfWashingtonCSE";-70;1173228665
00:0F:34:9C:FF:10;UniversityOfWashingtonCSE";-83;1173228665
00:0F:24:DC:BC:10;UniversityOfWashingtonCSE";-52;1173228665
00:0F:24:DC:B9:60;UniversityOfWashingtonCSE";-81;1173228665
00:0F:24:DC:B9:20;UniversityOfWashingtonCSE";-73;1173228665
00:0F:34:72:4C:90;UniversityOfWashingtonCSE";-84;1173228665
00:0F:34:72:4B:E0;UniversityOfWashingtonCSE";-47;1173228665
00:0F:24:DC:B7:D0;UniversityOfWashingtonCSE";-76;1173228665
00:0F:34:72:4C:70;UniversityOfWashingtonCSE";-43;1173228665
00:0F:24:DE:10:E0;UniversityOfWashingtonCSE";-78;1173228665
00:0F:34:9D:05:C0;UniversityOfWashingtonCSE";-70;1173228665
00:0F:34:9C:FE:80;UniversityOfWashingtonCSE";-79;1173228665
00:0F:34:72:4B:80;UniversityOfWashingtonCSE";-81;1173228665
00:0F:34:9D:04:B0;UniversityOfWashingtonCSE";-52;1173228665
00:0F:24:DC:B7:80;UniversityOfWashingtonCSE";-77;1173228665
00:0F:24:DC:B9:80;UniversityOfWashingtonCSE";-77;1173228665
00:0F:34:9C:FF:20;UniversityOfWashingtonCSE";-77;1173228665
00:0F:24:DC:B7:E0;UniversityOfWashingtonCSE";-62;1173228665
00:15:6D:10:1C:CB;EE";-81;1173228665
00:0F:24:DE:10:A0;UniversityOfWashingtonCSE";-70;1173228665
00:0F:34:9D:01:A0;UniversityOfWashingtonCSE";-73;1173228665
00:0F:34:9D:03:C0;UniversityOfWashingtonCSE";-81;1173228665
00:0F:34:72:47:B0;UniversityOfWashingtonCSE";-52;1173228665
00:0F:34:74:65:80;UniversityOfWashingtonCSE";-76;1173228665
00:16:01:84:BF:35;NSL100";-73;1173228666
00:0F:34:9C:FE:70;UniversityOfWashingtonCSE";-61;1173228666
00:0F:34:9D:02:00;UniversityOfWashingtonCSE";-75;1173228666
00:0F:24:DC:B8:60;UniversityOfWashingtonCSE";-70;1173228666
00:0F:34:9C:FF:10;UniversityOfWashingtonCSE";-83;1173228666
00:0F:24:DC:BC:10;UniversityOfWashingtonCSE";-56;1173228666
00:0F:24:DC:B9:60;UniversityOfWashingtonCSE";-81;1173228666
00:0F:24:DC:B9:20;UniversityOfWashingtonCSE";-73;1173228666
00:0F:34:72:4C:90;UniversityOfWashingtonCSE";-84;1173228666
00:0F:34:72:4B:E0;UniversityOfWashingtonCSE";-51;1173228667
00:0F:24:DC:B7:D0;UniversityOfWashingtonCSE";-76;1173228667
00:0F:34:72:4C:70;UniversityOfWashingtonCSE";-44;1173228667
00:0F:24:DE:10:E0;UniversityOfWashingtonCSE";-78;1173228667
00:0F:34:9D:05:C0;UniversityOfWashingtonCSE";-70;1173228667
00:0F:34:9C:FE:80;UniversityOfWashingtonCSE";-79;1173228667
00:0F:34:72:4B:80;UniversityOfWashingtonCSE";-81;1173228667
00:0F:34:9D:04:B0;UniversityOfWashingtonCSE";-53;1173228667
00:0F:24:DC:B7:80;UniversityOfWashingtonCSE";-73;1173228667
00:0F:24:DC:B9:80;UniversityOfWashingtonCSE";-77;1173228667
00:0F:34:9C:FF:20;UniversityOfWashingtonCSE";-77;1173228667
00:0F:24:DC:B7:E0;UniversityOfWashingtonCSE";-65;1173228667
00:15:6D:10:1C:CB;EE";-76;1173228667
00:0F:24:DE:10:A0;UniversityOfWashingtonCSE";-69;1173228667
00:0F:34:9D:01:A0;UniversityOfWashingtonCSE";-73;1173228667
00:0F:34:9D:03:C0;UniversityOfWashingtonCSE";-81;1173228667
00:0F:34:72:47:B0;UniversityOfWashingtonCSE";-52;1173228667
00:0F:34:74:65:80;UniversityOfWashingtonCSE";-76;1173228667
00:0F:24:DA:76:90;UniversityOfWashingtonCSE";-79;1173228668
00:16:01:84:BF:35;NSL100";-82;1173228668
00:0F:34:9C:FE:70;UniversityOfWashingtonCSE";-61;1173228668
00:0F:34:9D:02:00;UniversityOfWashingtonCSE";-77;1173228668
00:0F:24:DC:B8:60;UniversityOfWashingtonCSE";-71;1173228668
00:0F:34:9C:FF:10;UniversityOfWashingtonCSE";-83;1173228668
00:0F:24:DC:BC:10;UniversityOfWashingtonCSE";-56;1173228668
00:0F:24:DC:B9:60;UniversityOfWashingtonCSE";-81;1173228668
00:0F:24:DC:B9:20;UniversityOfWashingtonCSE";-77;1173228668
00:0F:34:72:4C:90;UniversityOfWashingtonCSE";-84;1173228668
00:0F:34:72:4B:E0;UniversityOfWashingtonCSE";-52;1173228668
00:0F:24:DC:B7:D0;UniversityOfWashingtonCSE";-76;1173228668
00:0F:34:72:4C:70;UniversityOfWashingtonCSE";-43;1173228668
00:0F:24:DE:10:E0;UniversityOfWashingtonCSE";-78;1173228668
00:0F:34:9D:05:C0;UniversityOfWashingtonCSE";-70;1173228668
00:0F:34:9C:FE:80;UniversityOfWashingtonCSE";-79;1173228668
00:0F:34:72:4B:80;UniversityOfWashingtonCSE";-81;1173228668
00:0F:34:9D:04:B0;UniversityOfWashingtonCSE";-53;1173228668
00:0F:24:DC:B7:80;UniversityOfWashingtonCSE";-73;1173228668
00:0F:24:DC:B9:80;UniversityOfWashingtonCSE";-77;1173228668
00:0F:34:9C:FF:20;UniversityOfWashingtonCSE";-77;1173228669
00:0F:24:DC:B7:E0;UniversityOfWashingtonCSE";-65;1173228669
00:15:6D:10:1C:CB;EE";-76;1173228669
00:0F:24:DE:10:A0;UniversityOfWashingtonCSE";-69;1173228669
00:18:F8:D5:D1:A1;linksys2";-74;1173228669
00:0F:34:72:4A:B0;UniversityOfWashingtonCSE";-76;1173228669
00:0F:34:9D:01:A0;UniversityOfWashingtonCSE";-73;1173228669
00:0F:34:9D:03:C0;UniversityOfWashingtonCSE";-81;1173228669
00:0F:34:72:47:B0;UniversityOfWashingtonCSE";-52;1173228669
00:0F:34:74:65:80;UniversityOfWashingtonCSE";-76;1173228669
00:0F:24:DA:76:90;UniversityOfWashingtonCSE";-79;1173228670
00:16:01:84:BF:35;NSL100";-82;1173228670
00:0F:34:9C:FE:70;UniversityOfWashingtonCSE";-61;1173228670
00:0F:34:9D:02:00;UniversityOfWashingtonCSE";-77;1173228670
00:0F:24:DC:B8:60;UniversityOfWashingtonCSE";-69;1173228670
00:0F:34:9C:FF:10;UniversityOfWashingtonCSE";-83;1173228670
00:0F:24:DC:BC:10;UniversityOfWashingtonCSE";-53;1173228670
00:0F:24:DC:B9:60;UniversityOfWashingtonCSE";-81;1173228670
00:0F:24:DC:B9:20;UniversityOfWashingtonCSE";-77;1173228670
00:0F:34:72:4C:90;UniversityOfWashingtonCSE";-84;1173228670
00:0F:34:72:4B:E0;UniversityOfWashingtonCSE";-52;1173228670
00:0F:24:DC:B7:D0;UniversityOfWashingtonCSE";-76;1173228670
00:0F:34:72:4C:70;UniversityOfWashingtonCSE";-43;1173228670
00:0F:24:DE:10:E0;UniversityOfWashingtonCSE";-78;1173228670
00:0F:34:9D:05:C0;UniversityOfWashingtonCSE";-70;1173228670
00:0F:34:9C:FE:80;UniversityOfWashingtonCSE";-79;1173228670
00:0F:34:72:4B:80;UniversityOfWashingtonCSE";-81;1173228670
00:0F:34:9D:04:B0;UniversityOfWashingtonCSE";-52;1173228670
00:0F:24:DC:B7:80;UniversityOfWashingtonCSE";-73;1173228670
00:0F:24:DC:B9:80;UniversityOfWashingtonCSE";-77;1173228670
00:0F:34:9C:FF:20;UniversityOfWashingtonCSE";-77;1173228670
00:0F:24:DC:B7:E0;UniversityOfWashingtonCSE";-63;1173228670
00:15:6D:10:1C:CB;EE";-76;1173228670
00:0F:24:DE:10:A0;UniversityOfWashingtonCSE";-70;1173228670
00:18:F8:D5:D1:A1;linksys2";-74;1173228670
00:0F:34:72:4A:B0;UniversityOfWashingtonCSE";-76;1173228670
00:0F:34:9D:01:A0;UniversityOfWashingtonCSE";-73;1173228670
00:0F:34:9D:03:C0;UniversityOfWashingtonCSE";-81;1173228670
00:0F:34:72:47:B0;UniversityOfWashingtonCSE";-50;1173228670
00:0F:34:74:65:80;UniversityOfWashingtonCSE";-76;1173228671
00:0F:24:DA:76:90;UniversityOfWashingtonCSE";-79;1173228671
00:16:01:84:BF:35;NSL100";-82;1173228671
00:0F:34:9C:FE:70;UniversityOfWashingtonCSE";-61;1173228672
00:0F:34:9D:02:00;UniversityOfWashingtonCSE";-74;1173228672
00:0F:24:DC:B8:60;UniversityOfWashingtonCSE";-69;1173228672
00:0F:34:9C:FF:10;UniversityOfWashingtonCSE";-83;1173228672
00:0F:24:DC:BC:10;UniversityOfWashingtonCSE";-53;1173228672
00:0F:24:DC:B9:60;UniversityOfWashingtonCSE";-81;1173228672
00:0F:24:DC:B9:20;UniversityOfWashingtonCSE";-77;1173228672
00:0F:34:72:4C:90;UniversityOfWashingtonCSE";-84;1173228672
00:0F:34:72:4B:E0;UniversityOfWashingtonCSE";-53;1173228672
00:0F:24:DC:B7:D0;UniversityOfWashingtonCSE";-76;1173228672
00:0F:34:72:4C:70;UniversityOfWashingtonCSE";-43;1173228672
00:0F:24:DE:10:E0;UniversityOfWashingtonCSE";-78;1173228672
00:0F:34:9D:05:C0;UniversityOfWashingtonCSE";-69;1173228672
00:0F:34:9C:FE:80;UniversityOfWashingtonCSE";-79;1173228672
00:0F:34:72:4B:80;UniversityOfWashingtonCSE";-81;1173228672
00:0F:34:9D:04:B0;UniversityOfWashingtonCSE";-54;1173228672
00:0F:24:DC:B7:80;UniversityOfWashingtonCSE";-73;1173228672
00:0F:34:9C:FF:20;UniversityOfWashingtonCSE";-73;1173228672
00:0F:24:DC:B7:E0;UniversityOfWashingtonCSE";-63;1173228672
00:15:6D:10:1C:CB;EE";-76;1173228672
00:0F:24:DE:10:A0;UniversityOfWashingtonCSE";-70;1173228672
00:18:F8:D5:D1:A1;linksys2";-74;1173228672
00:0F:34:72:4A:B0;UniversityOfWashingtonCSE";-76;1173228672
00:0F:34:9D:01:A0;UniversityOfWashingtonCSE";-73;1173228672
00:0F:34:9D:03:C0;UniversityOfWashingtonCSE";-81;1173228672
00:0F:34:72:47:B0;UniversityOfWashingtonCSE";-50;1173228672
00:0F:34:74:65:80;UniversityOfWashingtonCSE";-76;1173228672
00:0F:24:DA:76:90;UniversityOfWashingtonCSE";-79;1173228673
00:16:01:84:BF:35;NSL100";-82;1173228673
00:0F:34:9C:FE:70;UniversityOfWashingtonCSE";-61;1173228673
00:0F:34:9D:02:00;UniversityOfWashingtonCSE";-74;1173228673
00:0F:24:DC:B8:60;UniversityOfWashingtonCSE";-71;1173228673
00:0F:34:9C:FF:10;UniversityOfWashingtonCSE";-83;1173228673
00:0F:24:DC:BC:10;UniversityOfWashingtonCSE";-55;1173228673
00:0F:24:DC:B9:60;UniversityOfWashingtonCSE";-81;1173228673
00:0F:24:DC:B9:20;UniversityOfWashingtonCSE";-77;1173228673
00:0F:34:72:4C:90;UniversityOfWashingtonCSE";-84;1173228673
00:0F:34:72:4B:E0;UniversityOfWashingtonCSE";-53;1173228673
00:0F:24:DC:B7:D0;UniversityOfWashingtonCSE";-76;1173228674
00:0F:34:72:4C:70;UniversityOfWashingtonCSE";-44;1173228674
00:0F:24:DE:10:E0;UniversityOfWashingtonCSE";-78;1173228674
00:0F:34:9D:05:C0;UniversityOfWashingtonCSE";-67;1173228674
00:0F:34:9C:FE:80;UniversityOfWashingtonCSE";-79;1173228674
00:0F:34:72:4B:80;UniversityOfWashingtonCSE";-81;1173228674
00:0F:34:9D:04:B0;UniversityOfWashingtonCSE";-53;1173228674
00:0F:24:DC:B7:80;UniversityOfWashingtonCSE";-71;1173228674
00:0F:34:9C:FF:20;UniversityOfWashingtonCSE";-73;1173228674
00:0F:24:DC:B7:E0;UniversityOfWashingtonCSE";-64;1173228674
00:15:6D:10:1C:CB;EE";-76;1173228674
00:0F:24:DE:10:A0;UniversityOfWashingtonCSE";-69;1173228674
00:18:F8:D5:D1:A1;linksys2";-74;1173228674
00:0F:34:72:4A:B0;UniversityOfWashingtonCSE";-76;1173228674
00:0F:34:9D:01:A0;UniversityOfWashingtonCSE";-73;1173228674
00:0F:34:9D:03:C0;UniversityOfWashingtonCSE";-81;1173228674
00:0F:34:72:47:B0;UniversityOfWashingtonCSE";-51;1173228674
00:0F:34:74:65:80;UniversityOfWashingtonCSE";-76;1173228674
00:0F:24:DA:76:90;UniversityOfWashingtonCSE";-79;1173228675
00:16:01:84:BF:35;NSL100";-83;1173228675
00:0F:34:9C:FE:70;UniversityOfWashingtonCSE";-61;1173228675
00:0F:34:9D:02:00;UniversityOfWashingtonCSE";-74;1173228675
00:0F:24:DC:B8:60;UniversityOfWashingtonCSE";-71;1173228675
00:0F:34:9C:FF:10;UniversityOfWashingtonCSE";-83;1173228675
00:0F:24:DC:BC:10;UniversityOfWashingtonCSE";-53;1173228675
00:0F:24:DC:B9:60;UniversityOfWashingtonCSE";-81;1173228675
00:0F:24:DC:B9:20;UniversityOfWashingtonCSE";-78;1173228675
00:0F:34:72:4C:90;UniversityOfWashingtonCSE";-84;1173228675
00:0F:34:72:4B:E0;UniversityOfWashingtonCSE";-50;1173228675
00:0F:34:72:4C:70;UniversityOfWashingtonCSE";-41;1173228675
00:0F:24:DE:10:E0;UniversityOfWashingtonCSE";-78;1173228675
00:0F:34:9D:05:C0;UniversityOfWashingtonCSE";-67;1173228675
00:0F:34:9C:FE:80;UniversityOfWashingtonCSE";-79;1173228675
00:0F:34:72:4B:80;UniversityOfWashingtonCSE";-81;1173228675
00:0F:34:9D:04:B0;UniversityOfWashingtonCSE";-54;1173228675
00:0F:24:DC:B7:80;UniversityOfWashingtonCSE";-71;1173228675
00:0F:34:9C:FF:20;UniversityOfWashingtonCSE";-73;1173228675
00:0F:24:DC:B7:E0;UniversityOfWashingtonCSE";-64;1173228675
00:15:6D:10:1C:CB;EE";-76;1173228675
00:0F:24:DE:10:A0;UniversityOfWashingtonCSE";-69;1173228676
00:18:F8:D5:D1:A1;linksys2";-74;1173228676
00:0F:34:72:4A:B0;UniversityOfWashingtonCSE";-76;1173228676
00:0F:34:9D:03:C0;UniversityOfWashingtonCSE";-81;1173228676
00:0F:34:72:47:B0;UniversityOfWashingtonCSE";-51;1173228676
00:0F:34:74:65:80;UniversityOfWashingtonCSE";-76;1173228676
00:0F:24:DA:76:90;UniversityOfWashingtonCSE";-79;1173228677
00:16:01:84:BF:35;NSL100";-83;1173228677
00:0F:34:9C:FE:70;UniversityOfWashingtonCSE";-61;1173228677
00:0F:34:9D:02:00;UniversityOfWashingtonCSE";-74;1173228677
00:0F:24:DC:B8:60;UniversityOfWashingtonCSE";-71;1173228677
00:0F:34:9C:FF:10;UniversityOfWashingtonCSE";-83;1173228677
00:0F:24:DC:BC:10;UniversityOfWashingtonCSE";-53;1173228677
00:0F:24:DC:B9:60;UniversityOfWashingtonCSE";-81;1173228677
00:0F:24:DC:B9:20;UniversityOfWashingtonCSE";-78;1173228677
00:0F:34:72:4C:90;UniversityOfWashingtonCSE";-84;1173228677
00:0F:34:72:4B:E0;UniversityOfWashingtonCSE";-49;1173228677
00:0F:24:DC:B7:D0;UniversityOfWashingtonCSE";-78;1173228677
00:0F:34:72:4C:70;UniversityOfWashingtonCSE";-41;1173228677
00:0F:24:DE:10:E0;UniversityOfWashingtonCSE";-78;1173228677
00:0F:34:9D:05:C0;UniversityOfWashingtonCSE";-67;1173228677
00:0F:34:9C:FE:80;UniversityOfWashingtonCSE";-79;1173228677
00:0F:34:72:4B:80;UniversityOfWashingtonCSE";-81;1173228677
00:0F:34:9D:04:B0;UniversityOfWashingtonCSE";-54;1173228677
00:0F:24:DC:B7:80;UniversityOfWashingtonCSE";-73;1173228677
00:0F:34:9C:FF:20;UniversityOfWashingtonCSE";-72;1173228677
00:0F:24:DC:B7:E0;UniversityOfWashingtonCSE";-64;1173228677
00:15:6D:10:1C:CB;EE";-76;1173228677
00:0F:24:DE:10:A0;UniversityOfWashingtonCSE";-69;1173228677
00:18:F8:D5:D1:A1;linksys2";-74;1173228677
00:0F:34:72:4A:B0;UniversityOfWashingtonCSE";-76;1173228677
00:0F:34:9D:03:C0;UniversityOfWashingtonCSE";-81;1173228677
00:0F:34:72:47:B0;UniversityOfWashingtonCSE";-51;1173228677
00:0F:24:DA:76:90;UniversityOfWashingtonCSE";-79;1173228678
00:16:01:84:BF:35;NSL100";-83;1173228678
00:0F:34:9C:FE:70;UniversityOfWashingtonCSE";-61;1173228678
00:0F:34:9D:02:00;UniversityOfWashingtonCSE";-74;1173228678
00:0F:24:DC:B8:60;UniversityOfWashingtonCSE";-71;1173228678
00:0F:34:9C:FF:10;UniversityOfWashingtonCSE";-83;1173228678
00:0F:24:DC:BC:10;UniversityOfWashingtonCSE";-53;1173228678
00:0F:24:DC:B9:60;UniversityOfWashingtonCSE";-81;1173228678
00:0F:24:DC:B9:20;UniversityOfWashingtonCSE";-78;1173228678
00:0F:34:72:4C:90;UniversityOfWashingtonCSE";-84;1173228679
00:0F:34:72:4B:E0;UniversityOfWashingtonCSE";-49;1173228679
00:0F:24:DC:B7:D0;UniversityOfWashingtonCSE";-78;1173228679
00:0F:34:72:4C:70;UniversityOfWashingtonCSE";-41;1173228679
00:0F:24:DE:10:E0;UniversityOfWashingtonCSE";-78;1173228679
00:0F:34:9D:05:C0;UniversityOfWashingtonCSE";-67;1173228679
00:0F:34:9C:FE:80;UniversityOfWashingtonCSE";-79;1173228679
00:0F:34:72:4B:80;UniversityOfWashingtonCSE";-81;1173228679
00:0F:34:9D:04:B0;UniversityOfWashingtonCSE";-54;1173228679
00:0F:24:DC:B7:80;UniversityOfWashingtonCSE";-73;1173228679
00:0F:34:9C:FF:20;UniversityOfWashingtonCSE";-72;1173228679
00:0F:24:DC:B7:E0;UniversityOfWashingtonCSE";-64;1173228679
00:15:6D:10:1C:CB;EE";-76;1173228679
00:0F:24:DE:10:A0;UniversityOfWashingtonCSE";-69;1173228679
00:18:F8:D5:D1:A1;linksys2";-74;1173228679
00:0F:34:72:4A:B0;UniversityOfWashingtonCSE";-76;1173228679
00:0F:34:9D:03:C0;UniversityOfWashingtonCSE";-81;1173228679
00:0F:34:72:47:B0;UniversityOfWashingtonCSE";-51;1173228679
00:0F:24:DA:76:90;UniversityOfWashingtonCSE";-79;1173228680
00:16:01:84:BF:35;NSL100";-83;1173228680
00:0F:34:9C:FE:70;UniversityOfWashingtonCSE";-61;1173228680
00:0F:34:9D:02:00;UniversityOfWashingtonCSE";-74;1173228680
00:0F:24:DC:B8:60;UniversityOfWashingtonCSE";-71;1173228680
00:0F:34:9C:FF:10;UniversityOfWashingtonCSE";-83;1173228680
00:0F:24:DC:BC:10;UniversityOfWashingtonCSE";-53;1173228680
00:0F:24:DC:B9:60;UniversityOfWashingtonCSE";-81;1173228680
00:0F:24:DC:B9:20;UniversityOfWashingtonCSE";-78;1173228680
00:0F:34:72:4C:90;UniversityOfWashingtonCSE";-84;1173228680
00:0F:34:72:4B:E0;UniversityOfWashingtonCSE";-49;1173228680
00:0F:24:DC:B7:D0;UniversityOfWashingtonCSE";-78;1173228680
00:0F:34:72:4C:70;UniversityOfWashingtonCSE";-41;1173228680
00:0F:24:DE:10:E0;UniversityOfWashingtonCSE";-78;1173228680
00:0F:34:9D:05:C0;UniversityOfWashingtonCSE";-67;1173228680
00:0F:34:9C:FE:80;UniversityOfWashingtonCSE";-79;1173228680
00:0F:34:72:4B:80;UniversityOfWashingtonCSE";-81;1173228680
00:0F:34:9D:04:B0;UniversityOfWashingtonCSE";-55;1173228680
00:0F:24:DC:B7:80;UniversityOfWashingtonCSE";-73;1173228680
00:0F:34:9C:FF:20;UniversityOfWashingtonCSE";-72;1173228680
00:0F:24:DC:B7:E0;UniversityOfWashingtonCSE";-64;1173228681
00:15:6D:10:1C:CB;EE";-76;1173228681
00:0F:24:DE:10:A0;UniversityOfWashingtonCSE";-69;1173228681
00:18:F8:D5:D1:A1;linksys2";-74;1173228681
00:0F:34:72:4A:B0;UniversityOfWashingtonCSE";-76;1173228681
00:0F:34:9D:03:C0;UniversityOfWashingtonCSE";-81;1173228681
00:0F:34:72:47:B0;UniversityOfWashingtonCSE";-51;1173228681
00:0F:24:DA:76:90;UniversityOfWashingtonCSE";-79;1173228682
00:16:01:84:BF:35;NSL100";-80;1173228682
00:0F:34:9C:FE:70;UniversityOfWashingtonCSE";-61;1173228682
00:0F:34:9D:02:00;UniversityOfWashingtonCSE";-74;1173228682
00:0F:24:DC:B8:60;UniversityOfWashingtonCSE";-71;1173228682
00:0F:34:9C:FF:10;UniversityOfWashingtonCSE";-83;1173228682
00:0F:24:DC:BC:10;UniversityOfWashingtonCSE";-53;1173228682
00:0F:24:DC:B9:60;UniversityOfWashingtonCSE";-81;1173228682
00:0F:24:DC:B9:20;UniversityOfWashingtonCSE";-78;1173228682
00:0F:34:72:4C:90;UniversityOfWashingtonCSE";-84;1173228682
00:0F:34:72:4B:E0;UniversityOfWashingtonCSE";-49;1173228682
00:0F:24:DC:B7:D0;UniversityOfWashingtonCSE";-75;1173228682
00:0F:34:72:4C:70;UniversityOfWashingtonCSE";-41;1173228682
00:0F:24:DE:10:E0;UniversityOfWashingtonCSE";-78;1173228682
00:0F:34:9D:05:C0;UniversityOfWashingtonCSE";-66;1173228682
00:0F:34:9C:FE:80;UniversityOfWashingtonCSE";-79;1173228682
00:0F:34:72:4B:80;UniversityOfWashingtonCSE";-81;1173228682
00:0F:34:9D:04:B0;UniversityOfWashingtonCSE";-53;1173228682
00:0F:24:DC:B7:80;UniversityOfWashingtonCSE";-73;1173228682
00:0F:34:9C:FF:20;UniversityOfWashingtonCSE";-72;1173228682
00:0F:24:DC:B7:E0;UniversityOfWashingtonCSE";-64;1173228682
00:0F:24:DE:10:A0;UniversityOfWashingtonCSE";-69;1173228682
00:18:F8:D5:D1:A1;linksys2";-74;1173228682
00:0F:34:72:4A:B0;UniversityOfWashingtonCSE";-76;1173228682
00:0F:34:9D:03:C0;UniversityOfWashingtonCSE";-81;1173228682
00:0F:34:72:47:B0;UniversityOfWashingtonCSE";-51;1173228682
00:0F:24:DA:76:90;UniversityOfWashingtonCSE";-74;1173228683
00:16:01:84:BF:35;NSL100";-80;1173228683
00:0F:34:9C:FE:70;UniversityOfWashingtonCSE";-61;1173228683
00:0F:34:9D:02:00;UniversityOfWashingtonCSE";-79;1173228683
00:0F:24:DC:B8:60;UniversityOfWashingtonCSE";-71;1173228683
00:0F:34:9C:FF:10;UniversityOfWashingtonCSE";-83;1173228683
00:0F:24:DC:BC:10;UniversityOfWashingtonCSE";-60;1173228683
00:0F:24:DC:B9:60;UniversityOfWashingtonCSE";-81;1173228683
00:0F:24:DC:B9:20;UniversityOfWashingtonCSE";-78;1173228683
00:0F:34:72:4C:90;UniversityOfWashingtonCSE";-84;1173228683
00:0F:34:72:4B:E0;UniversityOfWashingtonCSE";-53;1173228684
00:0F:24:DC:B7:D0;UniversityOfWashingtonCSE";-75;1173228684
00:0F:34:72:4C:70;UniversityOfWashingtonCSE";-42;1173228684
00:0F:24:DE:10:E0;UniversityOfWashingtonCSE";-78;1173228684
00:0F:34:9D:05:C0;UniversityOfWashingtonCSE";-66;1173228684
00:0F:34:9C:FE:80;UniversityOfWashingtonCSE";-79;1173228684
00:0F:34:72:4B:80;UniversityOfWashingtonCSE";-81;1173228684
00:0F:34:9D:04:B0;UniversityOfWashingtonCSE";-56;1173228684
00:0F:24:DC:B7:80;UniversityOfWashingtonCSE";-74;1173228684
00:0F:34:9C:FF:20;UniversityOfWashingtonCSE";-72;1173228684
00:0F:24:DC:B7:E0;UniversityOfWashingtonCSE";-64;1173228684
00:0F:24:DE:10:A0;UniversityOfWashingtonCSE";-69;1173228684
00:18:F8:D5:D1:A1;linksys2";-74;1173228684
00:0F:34:72:4A:B0;UniversityOfWashingtonCSE";-76;1173228684
00:0F:34:9D:03:C0;UniversityOfWashingtonCSE";-81;1173228684
00:0F:34:72:47:B0;UniversityOfWashingtonCSE";-52;1173228684
00:0F:24:DA:76:90;UniversityOfWashingtonCSE";-74;1173228685
00:16:01:84:BF:35;NSL100";-80;1173228685
00:0F:34:9C:FE:70;UniversityOfWashingtonCSE";-61;1173228685
00:0F:34:9D:02:00;UniversityOfWashingtonCSE";-79;1173228685
00:0F:24:DC:B8:60;UniversityOfWashingtonCSE";-69;1173228685
00:0F:34:9C:FF:10;UniversityOfWashingtonCSE";-83;1173228685
00:0F:24:DC:BC:10;UniversityOfWashingtonCSE";-53;1173228685
00:0F:24:DC:B9:60;UniversityOfWashingtonCSE";-81;1173228685
00:0F:24:DC:B9:20;UniversityOfWashingtonCSE";-77;1173228685
00:0F:34:72:4C:90;UniversityOfWashingtonCSE";-84;1173228685
00:0F:34:72:4B:E0;UniversityOfWashingtonCSE";-49;1173228685
00:0F:24:DC:B7:D0;UniversityOfWashingtonCSE";-81;1173228685
00:0F:34:72:4C:70;UniversityOfWashingtonCSE";-42;1173228685
00:0F:24:DE:10:E0;UniversityOfWashingtonCSE";-78;1173228685
00:0F:34:9D:05:C0;UniversityOfWashingtonCSE";-67;1173228685
00:0F:34:9C:FE:80;UniversityOfWashingtonCSE";-79;1173228685
00:0F:34:72:4B:80;UniversityOfWashingtonCSE";-81;1173228685
00:0F:34:9D:04:B0;UniversityOfWashingtonCSE";-55;1173228685
00:0F:24:DC:B7:80;UniversityOfWashingtonCSE";-74;1173228685
00:0F:34:9C:FF:20;UniversityOfWashingtonCSE";-74;1173228685
00:0F:24:DC:B7:E0;UniversityOfWashingtonCSE";-67;1173228685
00:0F:24:DE:10:A0;UniversityOfWashingtonCSE";-69;1173228685
00:18:F8:D5:D1:A1;linksys2";-74;1173228686
00:0F:34:72:4A:B0;UniversityOfWashingtonCSE";-76;1173228686
00:0B:14:00:BA:B6;viewsonic";-72;1173228686
00:0F:34:9D:03:C0;UniversityOfWashingtonCSE";-81;1173228686
00:0F:34:72:4B:10;UniversityOfWashingtonCSE";-79;1173228686
00:0F:34:72:47:B0;UniversityOfWashingtonCSE";-52;1173228686
00:0F:24:DA:76:90;UniversityOfWashingtonCSE";-74;1173228687
00:16:01:84:BF:35;NSL100";-80;1173228687
00:0F:34:9C:FE:70;UniversityOfWashingtonCSE";-61;1173228687
00:0F:34:9D:02:00;UniversityOfWashingtonCSE";-79;1173228687
00:0F:24:DC:B8:60;UniversityOfWashingtonCSE";-69;1173228687
00:0F:34:9C:FF:10;UniversityOfWashingtonCSE";-83;1173228687
00:0F:24:DC:BC:10;UniversityOfWashingtonCSE";-53;1173228687
00:0F:24:DC:B9:60;UniversityOfWashingtonCSE";-81;1173228687
00:0F:24:DC:B9:20;UniversityOfWashingtonCSE";-77;1173228687
00:0F:34:72:4C:90;UniversityOfWashingtonCSE";-84;1173228687
00:0F:34:72:4B:E0;UniversityOfWashingtonCSE";-48;1173228687
00:0F:24:DC:B7:D0;UniversityOfWashingtonCSE";-81;1173228687
00:0F:34:72:4C:70;UniversityOfWashingtonCSE";-41;1173228687
00:0F:24:DE:10:E0;UniversityOfWashingtonCSE";-78;1173228687
00:0F:34:9D:05:C0;UniversityOfWashingtonCSE";-67;1173228687
00:0F:34:9C:FE:80;UniversityOfWashingtonCSE";-79;1173228687
00:0F:34:72:4B:80;UniversityOfWashingtonCSE";-81;1173228687
00:0F:34:9D:04:B0;UniversityOfWashingtonCSE";-57;1173228687
00:0F:24:DC:B7:80;UniversityOfWashingtonCSE";-72;1173228687
00:0F:34:9C:FF:20;UniversityOfWashingtonCSE";-72;1173228687
00:0F:24:DC:B7:E0;UniversityOfWashingtonCSE";-67;1173228687
00:15:6D:10:1C:CB;EE";-70;1173228687
00:0F:24:DE:10:A0;UniversityOfWashingtonCSE";-68;1173228687
00:18:F8:D5:D1:A1;linksys2";-74;1173228687
00:0F:34:72:4A:B0;UniversityOfWashingtonCSE";-76;1173228687
00:0B:14:00:BA:B6;viewsonic";-72;1173228687
00:0F:34:9D:03:C0;UniversityOfWashingtonCSE";-81;1173228687
00:0F:34:72:4B:10;UniversityOfWashingtonCSE";-79;1173228687
00:0F:34:72:47:B0;UniversityOfWashingtonCSE";-52;1173228687
