00:0F:24:DC:B7:B0;UniversityOfWashingtonCSE";-54;1173384938
00:0F:34:9D:02:20;UniversityOfWashingtonCSE";-55;1173384938
00:0F:34:9D:02:00;UniversityOfWashingtonCSE";-74;1173384938
00:0F:24:DE:11:50;UniversityOfWashingtonCSE";-67;1173384938
00:0F:24:DE:10:B0;UniversityOfWashingtonCSE";-38;1173384938
00:60:B3:8C:33:45;EE";-59;1173384938
00:0F:24:DC:B7:B0;UniversityOfWashingtonCSE";-54;1173384939
00:0F:34:9D:02:20;UniversityOfWashingtonCSE";-55;1173384939
00:0F:34:9D:02:00;UniversityOfWashingtonCSE";-74;1173384939
00:0F:24:DE:11:50;UniversityOfWashingtonCSE";-67;1173384939
00:0F:24:DE:10:B0;UniversityOfWashingtonCSE";-38;1173384939
00:60:B3:8C:33:45;EE";-59;1173384939
02:12:F0:00:08:4F;adhoc";-50;1173384939
00:0F:24:DC:B7:B0;UniversityOfWashingtonCSE";-54;1173384940
00:0F:34:9D:02:20;UniversityOfWashingtonCSE";-55;1173384940
00:0F:34:9D:02:00;UniversityOfWashingtonCSE";-74;1173384940
00:0F:24:DE:11:50;UniversityOfWashingtonCSE";-67;1173384940
00:0F:24:DE:10:B0;UniversityOfWashingtonCSE";-38;1173384940
00:60:B3:8C:33:45;EE";-59;1173384940
02:12:F0:00:08:4F;adhoc";-50;1173384940
00:0F:24:DC:B7:B0;UniversityOfWashingtonCSE";-54;1173384941
00:0F:34:9D:02:20;UniversityOfWashingtonCSE";-55;1173384941
00:0F:34:9D:02:00;UniversityOfWashingtonCSE";-74;1173384941
00:0F:24:DE:11:50;UniversityOfWashingtonCSE";-67;1173384941
00:0F:24:DE:10:B0;UniversityOfWashingtonCSE";-38;1173384941
00:0F:24:DC:B7:A0;UniversityOfWashingtonCSE";-58;1173384941
00:60:B3:8C:33:45;EE";-59;1173384941
00:0F:34:9D:06:30;UniversityOfWashingtonCSE";-62;1173384941
02:12:F0:00:08:4F;adhoc";-47;1173384941
00:0F:24:DC:B7:B0;UniversityOfWashingtonCSE";-53;1173384942
00:0F:34:9D:02:20;UniversityOfWashingtonCSE";-50;1173384942
00:0F:34:9D:02:00;UniversityOfWashingtonCSE";-74;1173384942
00:0F:24:DE:11:50;UniversityOfWashingtonCSE";-67;1173384942
00:0F:24:DE:10:B0;UniversityOfWashingtonCSE";-37;1173384942
00:0F:24:DC:B7:A0;UniversityOfWashingtonCSE";-58;1173384942
00:60:B3:8C:33:45;EE";-59;1173384942
00:0F:34:9D:06:30;UniversityOfWashingtonCSE";-62;1173384942
02:12:F0:00:08:4F;adhoc";-47;1173384942
00:0F:24:DC:B7:B0;UniversityOfWashingtonCSE";-52;1173384943
00:0F:34:9D:02:20;UniversityOfWashingtonCSE";-49;1173384943
00:0F:34:9D:02:00;UniversityOfWashingtonCSE";-74;1173384943
00:0F:24:DE:11:50;UniversityOfWashingtonCSE";-67;1173384943
00:0F:24:DE:10:B0;UniversityOfWashingtonCSE";-39;1173384943
00:0F:24:DC:B7:A0;UniversityOfWashingtonCSE";-58;1173384943
00:60:B3:8C:33:45;EE";-64;1173384943
00:0F:34:9D:06:30;UniversityOfWashingtonCSE";-62;1173384943
02:12:F0:00:08:4F;adhoc";-49;1173384943
00:0F:24:DC:B7:B0;UniversityOfWashingtonCSE";-53;1173384944
00:0F:34:9D:02:20;UniversityOfWashingtonCSE";-49;1173384944
00:0F:34:9D:02:00;UniversityOfWashingtonCSE";-83;1173384944
00:0F:24:DE:11:50;UniversityOfWashingtonCSE";-67;1173384944
00:0F:24:DE:10:B0;UniversityOfWashingtonCSE";-39;1173384944
00:0F:24:DC:B7:A0;UniversityOfWashingtonCSE";-63;1173384945
00:60:B3:8C:33:45;EE";-64;1173384945
00:0F:34:9D:06:30;UniversityOfWashingtonCSE";-74;1173384945
02:12:F0:00:08:4F;adhoc";-49;1173384945
00:0F:24:DC:B7:B0;UniversityOfWashingtonCSE";-51;1173384945
00:0F:34:9D:02:20;UniversityOfWashingtonCSE";-61;1173384946
00:0F:34:9D:02:00;UniversityOfWashingtonCSE";-77;1173384946
00:0F:24:DE:11:50;UniversityOfWashingtonCSE";-67;1173384946
00:0F:24:DE:10:B0;UniversityOfWashingtonCSE";-37;1173384946
00:0F:24:DC:B7:A0;UniversityOfWashingtonCSE";-61;1173384946
00:60:B3:8C:33:45;EE";-64;1173384946
00:0F:34:9D:06:30;UniversityOfWashingtonCSE";-61;1173384946
02:12:F0:00:08:4F;adhoc";-49;1173384946
00:0F:24:DC:B7:B0;UniversityOfWashingtonCSE";-51;1173384947
00:0F:34:9D:02:20;UniversityOfWashingtonCSE";-61;1173384947
00:0F:34:9D:02:00;UniversityOfWashingtonCSE";-77;1173384947
00:0F:24:DE:11:50;UniversityOfWashingtonCSE";-67;1173384947
00:0F:24:DE:10:B0;UniversityOfWashingtonCSE";-38;1173384947
00:0F:24:DC:B7:A0;UniversityOfWashingtonCSE";-62;1173384947
00:60:B3:8C:33:45;EE";-64;1173384947
00:0F:34:9D:06:30;UniversityOfWashingtonCSE";-61;1173384947
02:12:F0:00:08:4F;adhoc";-58;1173384947
00:0F:24:DC:B7:B0;UniversityOfWashingtonCSE";-51;1173384948
00:0F:34:9D:02:20;UniversityOfWashingtonCSE";-61;1173384948
00:0F:34:9D:02:00;UniversityOfWashingtonCSE";-77;1173384948
00:0F:24:DE:11:50;UniversityOfWashingtonCSE";-67;1173384948
00:0F:24:DE:10:B0;UniversityOfWashingtonCSE";-42;1173384948
00:0F:24:DC:B7:A0;UniversityOfWashingtonCSE";-62;1173384948
00:60:B3:8C:33:45;EE";-64;1173384948
00:0F:34:9D:06:30;UniversityOfWashingtonCSE";-61;1173384948
02:12:F0:00:08:4F;adhoc";-58;1173384948
00:0F:24:DC:B7:B0;UniversityOfWashingtonCSE";-51;1173384949
00:0F:34:9D:02:20;UniversityOfWashingtonCSE";-61;1173384949
00:0F:34:9D:02:00;UniversityOfWashingtonCSE";-77;1173384949
00:0F:24:DE:11:50;UniversityOfWashingtonCSE";-67;1173384949
00:0F:24:DE:10:B0;UniversityOfWashingtonCSE";-39;1173384949
00:0F:24:DC:B7:A0;UniversityOfWashingtonCSE";-62;1173384949
00:60:B3:8C:33:45;EE";-64;1173384949
00:0F:34:9D:06:30;UniversityOfWashingtonCSE";-61;1173384949
02:12:F0:00:08:4F;adhoc";-62;1173384949
00:0F:24:DC:B7:B0;UniversityOfWashingtonCSE";-50;1173384950
00:0F:34:9D:02:20;UniversityOfWashingtonCSE";-48;1173384950
00:0F:34:9D:02:00;UniversityOfWashingtonCSE";-77;1173384950
00:0F:24:DE:11:50;UniversityOfWashingtonCSE";-67;1173384950
00:0F:24:DE:10:B0;UniversityOfWashingtonCSE";-38;1173384950
00:0F:24:DC:B7:A0;UniversityOfWashingtonCSE";-61;1173384950
00:60:B3:8C:33:45;EE";-64;1173384950
00:0F:34:9D:06:30;UniversityOfWashingtonCSE";-61;1173384950
02:12:F0:00:08:4F;adhoc";-62;1173384950
00:0F:24:DC:B7:B0;UniversityOfWashingtonCSE";-53;1173384951
00:0F:34:9D:02:20;UniversityOfWashingtonCSE";-50;1173384951
00:0F:34:9D:02:00;UniversityOfWashingtonCSE";-77;1173384951
00:0F:24:DE:11:50;UniversityOfWashingtonCSE";-67;1173384951
00:0F:24:DE:10:B0;UniversityOfWashingtonCSE";-42;1173384951
00:0F:24:DC:B7:A0;UniversityOfWashingtonCSE";-60;1173384951
00:60:B3:8C:33:45;EE";-64;1173384951
00:0F:34:9D:06:30;UniversityOfWashingtonCSE";-62;1173384951
02:12:F0:00:08:4F;adhoc";-45;1173384951
00:0F:24:DC:B7:B0;UniversityOfWashingtonCSE";-51;1173384952
00:0F:34:9D:02:20;UniversityOfWashingtonCSE";-61;1173384952
00:0F:34:9D:02:00;UniversityOfWashingtonCSE";-77;1173384952
00:0F:24:DE:11:50;UniversityOfWashingtonCSE";-67;1173384952
00:0F:24:DE:10:B0;UniversityOfWashingtonCSE";-39;1173384952
00:0F:24:DC:B7:A0;UniversityOfWashingtonCSE";-60;1173384952
00:60:B3:8C:33:45;EE";-64;1173384952
00:0F:34:9D:06:30;UniversityOfWashingtonCSE";-67;1173384952
02:12:F0:00:08:4F;adhoc";-47;1173384952
00:0F:24:DC:B7:B0;UniversityOfWashingtonCSE";-51;1173384953
00:0F:34:9D:02:20;UniversityOfWashingtonCSE";-51;1173384953
00:0F:34:9D:02:00;UniversityOfWashingtonCSE";-77;1173384953
00:0F:24:DE:11:50;UniversityOfWashingtonCSE";-67;1173384953
00:0F:24:DE:10:B0;UniversityOfWashingtonCSE";-40;1173384953
00:0F:24:DC:B7:A0;UniversityOfWashingtonCSE";-59;1173384953
00:60:B3:8C:33:45;EE";-64;1173384953
00:0F:34:9D:06:30;UniversityOfWashingtonCSE";-62;1173384953
02:12:F0:00:08:4F;adhoc";-63;1173384953
00:0F:24:DC:B7:B0;UniversityOfWashingtonCSE";-50;1173384954
00:0F:34:9D:02:20;UniversityOfWashingtonCSE";-64;1173384954
00:0F:34:9D:02:00;UniversityOfWashingtonCSE";-77;1173384954
00:0F:24:DE:11:50;UniversityOfWashingtonCSE";-67;1173384954
00:0F:24:DE:10:B0;UniversityOfWashingtonCSE";-43;1173384954
00:0F:24:DC:B7:A0;UniversityOfWashingtonCSE";-59;1173384955
00:60:B3:8C:33:45;EE";-64;1173384955
00:0F:34:9D:06:30;UniversityOfWashingtonCSE";-61;1173384955
02:12:F0:00:08:4F;adhoc";-64;1173384955
00:0F:24:DC:B7:B0;UniversityOfWashingtonCSE";-50;1173384955
00:0F:34:9D:02:20;UniversityOfWashingtonCSE";-64;1173384956
00:0F:34:9D:02:00;UniversityOfWashingtonCSE";-77;1173384956
00:0F:24:DE:11:50;UniversityOfWashingtonCSE";-67;1173384956
00:0F:24:DE:10:B0;UniversityOfWashingtonCSE";-37;1173384956
00:0F:24:DC:B7:A0;UniversityOfWashingtonCSE";-59;1173384956
00:60:B3:8C:33:45;EE";-64;1173384956
00:0F:34:9D:06:30;UniversityOfWashingtonCSE";-61;1173384956
02:12:F0:00:08:4F;adhoc";-64;1173384956
00:0F:24:DC:B7:B0;UniversityOfWashingtonCSE";-51;1173384957
00:0F:34:9D:02:20;UniversityOfWashingtonCSE";-62;1173384957
00:0F:34:9D:02:00;UniversityOfWashingtonCSE";-77;1173384957
00:0F:24:DE:11:50;UniversityOfWashingtonCSE";-67;1173384957
00:0F:24:DE:10:B0;UniversityOfWashingtonCSE";-40;1173384957
00:0F:24:DC:B7:A0;UniversityOfWashingtonCSE";-59;1173384957
00:60:B3:8C:33:45;EE";-64;1173384957
00:0F:34:9D:06:30;UniversityOfWashingtonCSE";-60;1173384957
02:12:F0:00:08:4F;adhoc";-64;1173384957
00:0F:24:DC:B7:B0;UniversityOfWashingtonCSE";-52;1173384958
00:0F:34:9D:02:20;UniversityOfWashingtonCSE";-50;1173384958
00:0F:34:9D:02:00;UniversityOfWashingtonCSE";-75;1173384958
00:0F:24:DE:11:50;UniversityOfWashingtonCSE";-67;1173384958
00:0F:24:DE:10:B0;UniversityOfWashingtonCSE";-40;1173384958
00:0F:24:DC:B7:A0;UniversityOfWashingtonCSE";-62;1173384958
00:60:B3:8C:33:45;EE";-64;1173384958
00:0F:34:9D:06:30;UniversityOfWashingtonCSE";-60;1173384958
02:12:F0:00:08:4F;adhoc";-64;1173384958
00:0F:24:DC:B7:B0;UniversityOfWashingtonCSE";-52;1173384959
00:0F:34:9D:02:20;UniversityOfWashingtonCSE";-50;1173384959
00:0F:34:9D:02:00;UniversityOfWashingtonCSE";-75;1173384959
00:0F:24:DE:11:50;UniversityOfWashingtonCSE";-67;1173384959
00:0F:24:DE:10:B0;UniversityOfWashingtonCSE";-42;1173384959
00:0F:24:DC:B7:A0;UniversityOfWashingtonCSE";-62;1173384959
00:60:B3:8C:33:45;EE";-64;1173384959
00:0F:34:9D:06:30;UniversityOfWashingtonCSE";-60;1173384959
02:12:F0:00:08:4F;adhoc";-64;1173384959
00:0F:24:DC:B7:B0;UniversityOfWashingtonCSE";-52;1173384961
00:0F:34:9D:02:20;UniversityOfWashingtonCSE";-49;1173384961
00:0F:34:9D:02:00;UniversityOfWashingtonCSE";-75;1173384961
00:0F:34:9D:05:00;UniversityOfWashingtonCSE";-77;1173384961
00:0F:24:DE:11:50;UniversityOfWashingtonCSE";-67;1173384961
00:0F:24:DE:10:B0;UniversityOfWashingtonCSE";-34;1173384961
00:0F:24:DC:B7:A0;UniversityOfWashingtonCSE";-62;1173384961
00:60:B3:8C:33:45;EE";-64;1173384961
00:0F:34:9D:06:30;UniversityOfWashingtonCSE";-60;1173384961
02:12:F0:00:08:4F;adhoc";-64;1173384961
00:0F:24:DE:10:B0;UniversityOfWashingtonCSE";-36;1173385741
00:0F:24:DC:B7:B0;UniversityOfWashingtonCSE";-52;1173385742
00:0F:34:9D:02:20;UniversityOfWashingtonCSE";-49;1173385742
00:0F:24:DE:11:50;UniversityOfWashingtonCSE";-67;1173385742
00:0F:24:DE:10:B0;UniversityOfWashingtonCSE";-36;1173385742
00:0F:24:DC:B7:B0;UniversityOfWashingtonCSE";-52;1173385743
00:0F:34:9D:02:20;UniversityOfWashingtonCSE";-49;1173385743
00:0F:24:DE:11:50;UniversityOfWashingtonCSE";-67;1173385743
00:0F:24:DE:10:B0;UniversityOfWashingtonCSE";-36;1173385743
00:0F:24:DC:B7:B0;UniversityOfWashingtonCSE";-52;1173385747
00:0F:34:9D:02:20;UniversityOfWashingtonCSE";-49;1173385747
00:0F:24:DE:11:50;UniversityOfWashingtonCSE";-67;1173385747
00:0F:24:DE:10:B0;UniversityOfWashingtonCSE";-40;1173385747
00:0F:24:DC:B7:A0;UniversityOfWashingtonCSE";-62;1173385747
00:60:B3:8C:33:45;EE";-59;1173385747
00:0F:24:DC:B7:B0;UniversityOfWashingtonCSE";-53;1173385748
00:0F:34:9D:02:20;UniversityOfWashingtonCSE";-49;1173385748
00:0F:24:DE:11:50;UniversityOfWashingtonCSE";-67;1173385748
00:0F:24:DE:10:B0;UniversityOfWashingtonCSE";-43;1173385749
00:0F:24:DC:B7:A0;UniversityOfWashingtonCSE";-60;1173385749
00:60:B3:8C:33:45;EE";-59;1173385749
00:0F:34:9D:06:30;UniversityOfWashingtonCSE";-60;1173385749
02:12:F0:00:08:4F;adhoc";-47;1173385749
00:0F:24:DC:B7:B0;UniversityOfWashingtonCSE";-55;1173385750
00:0F:34:9D:02:20;UniversityOfWashingtonCSE";-55;1173385750
00:0F:34:9D:02:00;UniversityOfWashingtonCSE";-82;1173385750
00:0F:24:DE:11:50;UniversityOfWashingtonCSE";-67;1173385750
00:0F:24:DE:10:B0;UniversityOfWashingtonCSE";-43;1173385750
00:0F:24:DC:B7:A0;UniversityOfWashingtonCSE";-61;1173385750
00:60:B3:8C:33:45;EE";-59;1173385750
00:0F:34:9D:06:30;UniversityOfWashingtonCSE";-62;1173385750
02:12:F0:00:08:4F;adhoc";-57;1173385750
00:0F:24:DC:B7:B0;UniversityOfWashingtonCSE";-55;1173385751
00:0F:34:9D:02:20;UniversityOfWashingtonCSE";-55;1173385752
00:0F:34:9D:02:00;UniversityOfWashingtonCSE";-82;1173385752
00:0F:24:DE:11:50;UniversityOfWashingtonCSE";-67;1173385752
00:0F:24:DE:10:B0;UniversityOfWashingtonCSE";-36;1173385752
00:0F:24:DC:B7:A0;UniversityOfWashingtonCSE";-59;1173385752
00:60:B3:8C:33:45;EE