00:13:10:A0:69:9D;soslab";-83;1171990875
00:15:6D:10:1C:CB;EE";-69;1171990875
00:0F:34:9C:FF:10;UniversityOfWashingtonCSE";-51;1171990875
00:0F:24:DA:7D:20;UniversityOfWashingtonCSE";-73;1171990875
00:0F:24:DE:10:E0;UniversityOfWashingtonCSE";-61;1171990875
00:0F:34:9D:03:C0;UniversityOfWashingtonCSE";-72;1171990875
00:0F:24:DC:B8:60;UniversityOfWashingtonCSE";-71;1171990875
00:0F:34:9C:FE:70;UniversityOfWashingtonCSE";-69;1171990875
00:0F:24:DC:BC:10;UniversityOfWashingtonCSE";-72;1171990875
00:0F:24:DC:B9:20;UniversityOfWashingtonCSE";-62;1171990875
00:0F:34:9D:02:00;UniversityOfWashingtonCSE";-53;1171990875
00:0F:24:DC:B7:D0;UniversityOfWashingtonCSE";-63;1171990875
00:0F:34:9C:FF:20;UniversityOfWashingtonCSE";-65;1171990875
00:60:B3:80:AE:2D;EE";-71;1171990875
00:0F:34:72:4C:70;UniversityOfWashingtonCSE";-66;1171990875
00:02:6F:05:98:57;EE";-61;1171990875
00:0F:34:9D:04:B0;UniversityOfWashingtonCSE";-68;1171990875
00:0F:34:9D:05:C0;UniversityOfWashingtonCSE";-64;1171990875
00:0F:24:DE:11:10;UniversityOfWashingtonCSE";-69;1171990875
00:0F:34:9C:FE:80;UniversityOfWashingtonCSE";-73;1171990875
00:0F:24:DC:B7:80;UniversityOfWashingtonCSE";-72;1171990875
00:0F:24:DC:B7:70;UniversityOfWashingtonCSE";-71;1171990875
00:0F:34:9D:06:80;UniversityOfWashingtonCSE";-70;1171990875
00:0F:24:DC:B7:A0;UniversityOfWashingtonCSE";-74;1171990875
00:0F:34:72:4C:90;UniversityOfWashingtonCSE";-72;1171990875
00:0F:24:DC:B7:E0;UniversityOfWashingtonCSE";-73;1171990875
00:0F:34:72:4B:E0;UniversityOfWashingtonCSE";-63;1171990875
00:0F:24:DE:10:40;UniversityOfWashingtonCSE";-72;1171990875
00:0F:34:9D:06:30;UniversityOfWashingtonCSE";-72;1171990875
00:0F:24:DE:11:50;UniversityOfWashingtonCSE";-80;1171990875
00:0F:24:DE:10:B0;UniversityOfWashingtonCSE";-69;1171990875
00:0F:24:DC:B9:80;UniversityOfWashingtonCSE";-69;1171990875
00:0F:24:DC:BC:50;UniversityOfWashingtonCSE";-74;1171990875
00:0B:14:00:BA:B6;viewsonic";-76;1171990875
00:0F:34:9D:05:50;UniversityOfWashingtonCSE";-72;1171990875
00:0F:34:9D:03:D0;UniversityOfWashingtonCSE";-72;1171990875
00:0F:24:DE:10:A0;UniversityOfWashingtonCSE";-71;1171990875
00:0F:34:72:4A:B0;UniversityOfWashingtonCSE";-71;1171990875
00:18:F8:D5:D1:A1;linksys2";-71;1171990875
00:0F:24:DC:B9:60;UniversityOfWashingtonCSE";-71;1171990875
00:0F:34:72:49:40;UniversityOfWashingtonCSE";-71;1171990875
00:0F:34:72:47:B0;UniversityOfWashingtonCSE";-72;1171990875
00:0F:34:9C:FF:E0;UniversityOfWashingtonCSE";-73;1171990875
00:0F:24:DE:10:D0;UniversityOfWashingtonCSE";-74;1171990875
00:0F:34:9D:03:F0;UniversityOfWashingtonCSE";-80;1171990875
00:0F:34:72:4B:80;UniversityOfWashingtonCSE";-77;1171990875
00:0F:24:DC:BB:C0;UniversityOfWashingtonCSE";-81;1171990875
00:13:10:A0:69:9D;soslab";-83;1171990876
00:15:6D:10:1C:CB;EE";-69;1171990876
00:0F:34:9C:FF:10;UniversityOfWashingtonCSE";-51;1171990876
00:0F:24:DA:7D:20;UniversityOfWashingtonCSE";-71;1171990876
00:0F:24:DE:10:E0;UniversityOfWashingtonCSE";-59;1171990876
00:0F:34:9D:03:C0;UniversityOfWashingtonCSE";-70;1171990876
00:0F:24:DC:B8:60;UniversityOfWashingtonCSE";-58;1171990876
00:0F:34:9C:FE:70;UniversityOfWashingtonCSE";-67;1171990876
00:0F:24:DC:BC:10;UniversityOfWashingtonCSE";-72;1171990876
00:0F:24:DC:B9:20;UniversityOfWashingtonCSE";-61;1171990876
00:0F:34:9D:02:00;UniversityOfWashingtonCSE";-53;1171990876
00:0F:24:DC:B7:D0;UniversityOfWashingtonCSE";-63;1171990876
00:0F:34:9C:FF:20;UniversityOfWashingtonCSE";-66;1171990876
00:60:B3:80:AE:2D;EE";-72;1171990876
00:0F:34:72:4C:70;UniversityOfWashingtonCSE";-66;1171990876
00:02:6F:05:98:57;EE";-61;1171990876
00:0F:34:9D:04:B0;UniversityOfWashingtonCSE";-70;1171990876
00:0F:34:9D:05:C0;UniversityOfWashingtonCSE";-73;1171990876
00:0F:24:DE:11:10;UniversityOfWashingtonCSE";-69;1171990876
00:0F:34:9C:FE:80;UniversityOfWashingtonCSE";-71;1171990876
00:0F:24:DC:B7:80;UniversityOfWashingtonCSE";-72;1171990876
00:0F:24:DC:B7:70;UniversityOfWashingtonCSE";-70;1171990876
00:0F:34:9D:06:80;UniversityOfWashingtonCSE";-70;1171990876
00:0F:24:DC:B7:A0;UniversityOfWashingtonCSE";-73;1171990876
00:0F:34:72:4C:90;UniversityOfWashingtonCSE";-72;1171990876
00:0F:24:DC:B7:E0;UniversityOfWashingtonCSE";-73;1171990876
00:0F:34:72:4B:E0;UniversityOfWashingtonCSE";-65;1171990876
00:0F:24:DE:10:40;UniversityOfWashingtonCSE";-72;1171990876
00:0F:34:9D:06:30;UniversityOfWashingtonCSE";-72;1171990876
00:0F:24:DE:11:50;UniversityOfWashingtonCSE";-73;1171990876
00:0F:24:DE:10:B0;UniversityOfWashingtonCSE";-71;1171990876
00:0F:24:DC:B9:80;UniversityOfWashingtonCSE";-69;1171990876
00:0F:24:DC:BC:50;UniversityOfWashingtonCSE";-72;1171990876
00:0B:14:00:BA:B6;viewsonic";-76;1171990876
00:0F:34:9D:05:50;UniversityOfWashingtonCSE";-71;1171990876
00:0F:34:9D:03:D0;UniversityOfWashingtonCSE";-72;1171990876
00:0F:24:DE:10:A0;UniversityOfWashingtonCSE";-69;1171990876
00:0F:34:72:4A:B0;UniversityOfWashingtonCSE";-71;1171990876
00:18:F8:D5:D1:A1;linksys2";-71;1171990876
00:0F:24:DC:B9:60;UniversityOfWashingtonCSE";-71;1171990876
00:0F:34:72:49:40;UniversityOfWashingtonCSE";-68;1171990876
00:0F:34:72:47:B0;UniversityOfWashingtonCSE";-72;1171990876
00:0F:34:9C:FF:E0;UniversityOfWashingtonCSE";-70;1171990876
00:0F:24:DE:10:D0;UniversityOfWashingtonCSE";-72;1171990876
00:0F:34:9D:03:F0;UniversityOfWashingtonCSE";-80;1171990876
00:0F:34:72:4B:80;UniversityOfWashingtonCSE";-77;1171990876
00:0F:24:DC:BB:C0;UniversityOfWashingtonCSE";-81;1171990876
00:13:10:A0:69:9D;soslab";-83;1171990878
00:15:6D:10:1C:CB;EE";-69;1171990878
00:0F:34:9C:FF:10;UniversityOfWashingtonCSE";-51;1171990878
00:0F:24:DA:7D:20;UniversityOfWashingtonCSE";-65;1171990878
00:0F:24:DE:10:E0;UniversityOfWashingtonCSE";-59;1171990878
00:0F:34:9D:03:C0;UniversityOfWashingtonCSE";-71;1171990878
00:0F:24:DC:B8:60;UniversityOfWashingtonCSE";-59;1171990878
00:0F:34:9C:FE:70;UniversityOfWashingtonCSE";-69;1171990878
00:0F:24:DC:BC:10;UniversityOfWashingtonCSE";-61;1171990878
00:0F:24:DC:B9:20;UniversityOfWashingtonCSE";-66;1171990878
00:0F:34:9D:02:00;UniversityOfWashingtonCSE";-53;1171990878
00:0F:24:DC:B7:D0;UniversityOfWashingtonCSE";-61;1171990878
00:0F:34:9C:FF:20;UniversityOfWashingtonCSE";-69;1171990878
00:60:B3:80:AE:2D;EE";-74;1171990878
00:0F:34:72:4C:70;UniversityOfWashingtonCSE";-65;1171990878
00:02:6F:05:98:57;EE";-60;1171990878
00:0F:34:9D:04:B0;UniversityOfWashingtonCSE";-70;1171990878
00:0F:34:9D:05:C0;UniversityOfWashingtonCSE";-62;1171990878
00:0F:24:DE:11:10;UniversityOfWashingtonCSE";-69;1171990878
00:0F:34:9C:FE:80;UniversityOfWashingtonCSE";-71;1171990878
00:0F:24:DC:B7:80;UniversityOfWashingtonCSE";-68;1171990878
00:0F:24:DC:B7:70;UniversityOfWashingtonCSE";-73;1171990878
00:0F:34:9D:06:80;UniversityOfWashingtonCSE";-74;1171990878
00:0F:24:DC:B7:A0;UniversityOfWashingtonCSE";-73;1171990878
00:0F:34:72:4C:90;UniversityOfWashingtonCSE";-66;1171990878
00:0F:24:DC:B7:E0;UniversityOfWashingtonCSE";-75;1171990878
00:0F:34:72:4B:E0;UniversityOfWashingtonCSE";-64;1171990878
00:0F:24:DE:10:40;UniversityOfWashingtonCSE";-72;1171990878
00:0F:34:9D:06:30;UniversityOfWashingtonCSE";-72;1171990878
00:0F:24:DE:11:50;UniversityOfWashingtonCSE";-73;1171990878
00:0F:24:DE:10:B0;UniversityOfWashingtonCSE";-68;1171990878
00:0F:24:DC:B9:80;UniversityOfWashingtonCSE";-69;1171990878
00:0F:24:DC:BC:50;UniversityOfWashingtonCSE";-74;1171990878
00:0B:14:00:BA:B6;viewsonic";-71;1171990878
00:0F:34:9D:05:50;UniversityOfWashingtonCSE";-61;1171990878
00:0F:34:9D:03:D0;UniversityOfWashingtonCSE";-72;1171990878
00:0F:24:DE:10:A0;UniversityOfWashingtonCSE";-71;1171990878
00:0F:34:72:4A:B0;UniversityOfWashingtonCSE";-71;1171990878
00:18:F8:D5:D1:A1;linksys2";-76;1171990878
00:0F:24:DC:B9:60;UniversityOfWashingtonCSE";-71;1171990878
00:0F:34:72:49:40;UniversityOfWashingtonCSE";-70;1171990878
00:0F:34:72:47:B0;UniversityOfWashingtonCSE";-72;1171990878
00:0F:34:9C:FF:E0;UniversityOfWashingtonCSE";-72;1171990878
00:0F:24:DE:10:D0;UniversityOfWashingtonCSE";-84;1171990878
00:0F:34:9D:03:F0;UniversityOfWashingtonCSE";-80;1171990878
00:0F:34:72:4B:80;UniversityOfWashingtonCSE";-79;1171990878
00:0F:24:DC:BB:C0;UniversityOfWashingtonCSE";-81;1171990878
00:13:10:A0:69:9D;soslab";-84;1171990879
00:15:6D:10:1C:CB;EE";-67;1171990879
00:0F:34:9C:FF:10;UniversityOfWashingtonCSE";-51;1171990879
00:0F:24:DA:7D:20;UniversityOfWashingtonCSE";-72;1171990879
00:0F:24:DE:10:E0;UniversityOfWashingtonCSE";-60;1171990879
00:0F:34:9D:03:C0;UniversityOfWashingtonCSE";-71;1171990879
00:0F:24:DC:B8:60;UniversityOfWashingtonCSE";-71;1171990879
00:0F:34:9C:FE:70;UniversityOfWashingtonCSE";-67;1171990879
00:0F:24:DC:BC:10;UniversityOfWashingtonCSE";-73;1171990879
00:0F:24:DC:B9:20;UniversityOfWashingtonCSE";-62;1171990879
00:0F:34:9D:02:00;UniversityOfWashingtonCSE";-53;1171990879
00:0F:24:DC:B7:D0;UniversityOfWashingtonCSE";-68;1171990879
00:0F:34:9C:FF:20;UniversityOfWashingtonCSE";-65;1171990879
00:60:B3:80:AE:2D;EE";-70;1171990879
00:0F:34:72:4C:70;UniversityOfWashingtonCSE";-65;1171990879
00:02:6F:05:98:57;EE";-62;1171990879
00:0F:34:9D:04:B0;UniversityOfWashingtonCSE";-67;1171990879
00:0F:34:9D:05:C0;UniversityOfWashingtonCSE";-70;1171990879
00:0F:24:DE:11:10;UniversityOfWashingtonCSE";-69;1171990879
00:0F:34:9C:FE:80;UniversityOfWashingtonCSE";-71;1171990879
00:0F:24:DC:B7:80;UniversityOfWashingtonCSE";-72;1171990879
00:0F:24:DC:B7:70;UniversityOfWashingtonCSE";-72;1171990879
00:0F:34:9D:06:80;UniversityOfWashingtonCSE";-70;1171990879
00:0F:24:DC:B7:A0;UniversityOfWashingtonCSE";-68;1171990879
00:0F:34:72:4C:90;UniversityOfWashingtonCSE";-66;1171990879
00:0F:24:DC:B7:E0;UniversityOfWashingtonCSE";-71;1171990879
00:0F:34:72:4B:E0;UniversityOfWashingtonCSE";-63;1171990879
00:0F:24:DE:10:40;UniversityOfWashingtonCSE";-76;1171990879
00:0F:34:9D:06:30;UniversityOfWashingtonCSE";-73;1171990879
00:0F:24:DE:11:50;UniversityOfWashingtonCSE";-73;1171990879
00:0F:24:DE:10:B0;UniversityOfWashingtonCSE";-69;1171990879
00:0F:24:DC:B9:80;UniversityOfWashingtonCSE";-69;1171990879
00:0F:24:DC:BC:50;UniversityOfWashingtonCSE";-73;1171990879
00:0B:14:00:BA:B6;viewsonic";-70;1171990879
00:0F:34:9D:05:50;UniversityOfWashingtonCSE";-71;1171990879
00:0F:34:9D:03:D0;UniversityOfWashingtonCSE";-72;1171990879
00:0F:24:DE:10:A0;UniversityOfWashingtonCSE";-67;1171990879
00:0F:34:72:4A:B0;UniversityOfWashingtonCSE";-71;1171990879
00:18:F8:D5:D1:A1;linksys2";-71;1171990879
00:0F:24:DC:B9:60;UniversityOfWashingtonCSE";-71;1171990879
00:0F:34:72:49:40;UniversityOfWashingtonCSE";-67;1171990879
00:0F:34:72:47:B0;UniversityOfWashingtonCSE";-75;1171990879
00:0F:34:9C:FF:E0;UniversityOfWashingtonCSE";-68;1171990879
00:0F:24:DE:10:D0;UniversityOfWashingtonCSE";-70;1171990879
00:0F:34:9D:03:F0;UniversityOfWashingtonCSE";-80;1171990879
00:0F:34:72:4B:80;UniversityOfWashingtonCSE";-79;1171990879
00:0F:24:DC:BB:C0;UniversityOfWashingtonCSE";-81;1171990879
00:13:10:A0:69:9D;soslab";-84;1171990880
00:15:6D:10:1C:CB;EE";-67;1171990880
00:0F:34:9C:FF:10;UniversityOfWashingtonCSE";-51;1171990880
00:0F:24:DA:7D:20;UniversityOfWashingtonCSE";-72;1171990880
00:0F:24:DE:10:E0;UniversityOfWashingtonCSE";-65;1171990880
00:0F:34:9D:03:C0;UniversityOfWashingtonCSE";-71;1171990880
00:0F:24:DC:B8:60;UniversityOfWashingtonCSE";-58;1171990880
00:0F:34:9C:FE:70;UniversityOfWashingtonCSE";-70;1171990880
00:0F:24:DC:BC:10;UniversityOfWashingtonCSE";-76;1171990880
00:0F:24:DC:B9:20;UniversityOfWashingtonCSE";-62;1171990880
00:0F:34:9D:02:00;UniversityOfWashingtonCSE";-53;1171990880
00:0F:24:DC:B7:D0;UniversityOfWashingtonCSE";-68;1171990880
00:0F:34:9C:FF:20;UniversityOfWashingtonCSE";-70;1171990880
00:60:B3:80:AE:2D;EE";-76;1171990880
00:0F:34:72:4C:70;UniversityOfWashingtonCSE";-67;1171990880
00:02:6F:05:98:57;EE";-60;1171990880
00:0F:34:9D:04:B0;UniversityOfWashingtonCSE";-67;1171990880
00:0F:34:9D:05:C0;UniversityOfWashingtonCSE";-65;1171990880
00:0F:24:DE:11:10;UniversityOfWashingtonCSE";-69;1171990880
00:0F:34:9C:FE:80;UniversityOfWashingtonCSE";-69;1171990880
00:0F:24:DC:B7:80;UniversityOfWashingtonCSE";-69;1171990880
00:0F:24:DC:B7:70;UniversityOfWashingtonCSE";-74;1171990880
00:0F:34:9D:06:80;UniversityOfWashingtonCSE";-74;1171990880
00:0F:24:DC:B7:A0;UniversityOfWashingtonCSE";-74;1171990880
00:0F:34:72:4C:90;UniversityOfWashingtonCSE";-71;1171990880
00:0F:24:DC:B7:E0;UniversityOfWashingtonCSE";-76;1171990880
00:0F:34:72:4B:E0;UniversityOfWashingtonCSE";-63;1171990880
00:0F:24:DE:10:40;UniversityOfWashingtonCSE";-72;1171990880
00:0F:34:9D:06:30;UniversityOfWashingtonCSE";-74;1171990880
00:0F:24:DE:11:50;UniversityOfWashingtonCSE";-73;1171990880
00:0F:24:DE:10:B0;UniversityOfWashingtonCSE";-72;1171990880
00:0F:24:DC:B9:80;UniversityOfWashingtonCSE";-69;1171990880
00:0F:24:DC:BC:50;UniversityOfWashingtonCSE";-74;1171990880
00:0B:14:00:BA:B6;viewsonic";-69;1171990880
00:0F:34:9D:05:50;UniversityOfWashingtonCSE";-74;1171990880
00:0F:34:9D:03:D0;UniversityOfWashingtonCSE";-72;1171990880
00:0F:24:DE:10:A0;UniversityOfWashingtonCSE";-70;1171990880
00:0F:34:72:4A:B0;UniversityOfWashingtonCSE";-71;1171990880
00:18:F8:D5:D1:A1;linksys2";-73;1171990880
00:0F:24:DC:B9:60;UniversityOfWashingtonCSE";-71;1171990880
00:0F:34:72:49:40;UniversityOfWashingtonCSE";-70;1171990880
00:0F:34:72:47:B0;UniversityOfWashingtonCSE";-76;1171990880
00:0F:34:9C:FF:E0;UniversityOfWashingtonCSE";-71;1171990880
00:0F:24:DE:10:D0;UniversityOfWashingtonCSE";-72;1171990880
00:0F:34:9D:03:F0;UniversityOfWashingtonCSE";-80;1171990880
00:0F:34:72:4B:80;UniversityOfWashingtonCSE";-79;1171990880
00:0F:24:DC:BB:C0;UniversityOfWashingtonCSE";-81;1171990880
00:13:10:A0:69:9D;soslab";-84;1171990882
00:15:6D:10:1C:CB;EE";-67;1171990882
00:0F:34:9C:FF:10;UniversityOfWashingtonCSE";-51;1171990882
00:0F:24:DA:7D:20;UniversityOfWashingtonCSE";-64;1171990882
00:0F:24:DE:10:E0;UniversityOfWashingtonCSE";-68;1171990882
00:0F:34:9D:03:C0;UniversityOfWashingtonCSE";-70;1171990882
00:0F:24:DC:B8:60;UniversityOfWashingtonCSE";-72;1171990882
00:0F:34:9C:FE:70;UniversityOfWashingtonCSE";-70;1171990882
00:0F:24:DC:BC:10;UniversityOfWashingtonCSE";-73;1171990882
00:0F:24:DC:B9:20;UniversityOfWashingtonCSE";-68;1171990882
00:0F:34:9D:02:00;UniversityOfWashingtonCSE";-71;1171990882
00:0F:24:DC:B7:D0;UniversityOfWashingtonCSE";-61;1171990882
00:0F:34:9C:FF:20;UniversityOfWashingtonCSE";-69;1171990882
00:60:B3:80:AE:2D;EE";-74;1171990882
00:0F:34:72:4C:70;UniversityOfWashingtonCSE";-66;1171990882
00:02:6F:05:98:57;EE";-61;1171990882
00:0F:34:9D:04:B0;UniversityOfWashingtonCSE";-68;1171990882
00:0F:34:9D:05:C0;UniversityOfWashingtonCSE";-71;1171990882
00:0F:24:DE:11:10;UniversityOfWashingtonCSE";-69;1171990882
00:0F:34:9C:FE:80;UniversityOfWashingtonCSE";-71;1171990882
00:0F:24:DC:B7:80;UniversityOfWashingtonCSE";-73;1171990882
00:0F:24:DC:B7:70;UniversityOfWashingtonCSE";-72;1171990882
00:0F:34:9D:06:80;UniversityOfWashingtonCSE";-67;1171990882
00:0F:24:DC:B7:A0;UniversityOfWashingtonCSE";-73;1171990882
00:0F:34:72:4C:90;UniversityOfWashingtonCSE";-74;1171990882
00:0F:24:DC:B7:E0;UniversityOfWashingtonCSE";-72;1171990882
00:0F:34:72:4B:E0;UniversityOfWashingtonCSE";-64;1171990882
00:0F:24:DE:10:40;UniversityOfWashingtonCSE";-72;1171990882
00:0F:34:9D:06:30;UniversityOfWashingtonCSE";-74;1171990882
00:0F:24:DE:11:50;UniversityOfWashingtonCSE";-73;1171990882
00:0F:24:DE:10:B0;UniversityOfWashingtonCSE";-71;1171990882
00:0F:24:DC:B9:80;UniversityOfWashingtonCSE";-69;1171990882
00:0F:24:DC:BC:50;UniversityOfWashingtonCSE";-73;1171990882
00:0B:14:00:BA:B6;viewsonic";-69;1171990882
00:0F:34:9D:05:50;UniversityOfWashingtonCSE";-70;1171990882
00:0F:34:9D:03:D0;UniversityOfWashingtonCSE";-68;1171990882
00:0F:24:DE:10:A0;UniversityOfWashingtonCSE";-70;1171990882
00:0F:34:72:4A:B0;UniversityOfWashingtonCSE";-71;1171990882
00:18:F8:D5:D1:A1;linksys2";-70;1171990882
00:0F:24:DC:B9:60;UniversityOfWashingtonCSE";-71;1171990882
00:0F:34:72:49:40;UniversityOfWashingtonCSE";-70;1171990882
00:0F:34:72:47:B0;UniversityOfWashingtonCSE";-72;1171990882
00:0F:34:9C:FF:E0;UniversityOfWashingtonCSE";-72;1171990882
00:0F:24:DE:10:D0;UniversityOfWashingtonCSE";-72;1171990882
00:0F:34:9D:03:F0;UniversityOfWashingtonCSE";-80;1171990882
00:0F:34:72:4B:80;UniversityOfWashingtonCSE";-79;1171990882
00:0F:24:DC:BB:C0;UniversityOfWashingtonCSE";-81;1171990882
00:13:10:A0:69:9D;soslab";-84;1171990883
00:15:6D:10:1C:CB;EE";-67;1171990883
00:0F:34:9C:FF:10;UniversityOfWashingtonCSE";-49;1171990883
00:0F:24:DA:7D:20;UniversityOfWashingtonCSE";-64;1171990883
00:0F:24:DE:10:E0;UniversityOfWashingtonCSE";-61;1171990883
00:0F:34:9D:03:C0;UniversityOfWashingtonCSE";-69;1171990883
00:0F:24:DC:B8:60;UniversityOfWashingtonCSE";-71;1171990883
00:0F:34:9C:FE:70;UniversityOfWashingtonCSE";-69;1171990883
00:0F:24:DC:BC:10;UniversityOfWashingtonCSE";-71;1171990883
00:0F:24:DC:B9:20;UniversityOfWashingtonCSE";-60;1171990883
00:0F:34:9D:02:00;UniversityOfWashingtonCSE";-52;1171990883
00:0F:24:DC:B7:D0;UniversityOfWashingtonCSE";-61;1171990883
00:0F:34:9C:FF:20;UniversityOfWashingtonCSE";-64;1171990883
00:60:B3:80:AE:2D;EE";-72;1171990883
00:0F:34:72:4C:70;UniversityOfWashingtonCSE";-63;1171990883
00:02:6F:05:98:57;EE";-60;1171990883
00:0F:34:9D:04:B0;UniversityOfWashingtonCSE";-67;1171990883
00:0F:34:9D:05:C0;UniversityOfWashingtonCSE";-67;1171990883
00:0F:24:DE:11:10;UniversityOfWashingtonCSE";-69;1171990883
00:0F:34:9C:FE:80;UniversityOfWashingtonCSE";-72;1171990883
00:0F:24:DC:B7:80;UniversityOfWashingtonCSE";-73;1171990883
00:0F:24:DC:B7:70;UniversityOfWashingtonCSE";-71;1171990883
00:0F:34:9D:06:80;UniversityOfWashingtonCSE";-71;1171990883
00:0F:24:DC:B7:A0;UniversityOfWashingtonCSE";-69;1171990883
00:0F:34:72:4C:90;UniversityOfWashingtonCSE";-66;1171990883
00:0F:24:DC:B7:E0;UniversityOfWashingtonCSE";-76;1171990883
00:0F:34:72:4B:E0;UniversityOfWashingtonCSE";-65;1171990883
00:0F:24:DE:10:40;UniversityOfWashingtonCSE";-75;1171990883
00:0F:34:9D:06:30;UniversityOfWashingtonCSE";-70;1171990883
00:0F:24:DE:11:50;UniversityOfWashingtonCSE";-73;1171990883
00:0F:24:DE:10:B0;UniversityOfWashingtonCSE";-71;1171990883
00:0F:24:DC:B9:80;UniversityOfWashingtonCSE";-69;1171990883
00:0F:24:DC:BC:50;UniversityOfWashingtonCSE";-71;1171990883
00:0B:14:00:BA:B6;viewsonic";-70;1171990883
00:0F:34:9D:05:50;UniversityOfWashingtonCSE";-70;1171990883
00:0F:34:9D:03:D0;UniversityOfWashingtonCSE";-68;1171990883
00:0F:24:DE:10:A0;UniversityOfWashingtonCSE";-70;1171990883
00:0F:34:72:4A:B0;UniversityOfWashingtonCSE";-71;1171990883
00:18:F8:D5:D1:A1;linksys2";-75;1171990883
00:0F:34:9D:02:20;UniversityOfWashingtonCSE";-70;1171990883
00:0F:34:72:49:40;UniversityOfWashingtonCSE";-69;1171990883
00:0F:34:72:47:B0;UniversityOfWashingtonCSE";-74;1171990883
00:0F:34:9C:FF:E0;UniversityOfWashingtonCSE";-71;1171990883
00:0F:24:DE:10:D0;UniversityOfWashingtonCSE";-69;1171990883
00:0F:34:9D:03:F0;UniversityOfWashingtonCSE";-80;1171990883
00:0F:34:72:4B:80;UniversityOfWashingtonCSE";-79;1171990883
00:0F:24:DC:BB:C0;UniversityOfWashingtonCSE";-81;1171990883
00:13:10:A0:69:9D;soslab";-84;1171990884
00:15:6D:10:1C:CB;EE";-67;1171990884
00:0F:34:9C:FF:10;UniversityOfWashingtonCSE";-50;1171990884
00:0F:24:DA:7D:20;UniversityOfWashingtonCSE";-69;1171990884
00:0F:24:DE:10:E0;UniversityOfWashingtonCSE";-59;1171990884
00:0F:34:9D:03:C0;UniversityOfWashingtonCSE";-75;1171990884
00:0F:24:DC:B8:60;UniversityOfWashingtonCSE";-72;1171990884
00:0F:34:9C:FE:70;UniversityOfWashingtonCSE";-70;1171990884
00:0F:24:DC:BC:10;UniversityOfWashingtonCSE";-74;1171990884
00:0F:24:DC:B9:20;UniversityOfWashingtonCSE";-67;1171990884
00:0F:34:9D:02:00;UniversityOfWashingtonCSE";-51;1171990884
00:0F:24:DC:B7:D0;UniversityOfWashingtonCSE";-62;1171990884
00:0F:34:9C:FF:20;UniversityOfWashingtonCSE";-64;1171990884
00:60:B3:80:AE:2D;EE";-74;1171990884
00:0F:34:72:4C:70;UniversityOfWashingtonCSE";-67;1171990884
00:02:6F:05:98:57;EE";-60;1171990884
00:0F:34:9D:04:B0;UniversityOfWashingtonCSE";-66;1171990884
00:0F:34:9D:05:C0;UniversityOfWashingtonCSE";-73;1171990884
00:0F:24:DE:11:10;UniversityOfWashingtonCSE";-69;1171990884
00:0F:34:9C:FE:80;UniversityOfWashingtonCSE";-72;1171990884
00:0F:24:DC:B7:80;UniversityOfWashingtonCSE";-73;1171990884
00:0F:24:DC:B7:70;UniversityOfWashingtonCSE";-72;1171990884
00:0F:34:9D:06:80;UniversityOfWashingtonCSE";-71;1171990884
00:0F:24:DC:B7:A0;UniversityOfWashingtonCSE";-72;1171990884
00:0F:34:72:4C:90;UniversityOfWashingtonCSE";-67;1171990884
00:0F:24:DC:B7:E0;UniversityOfWashingtonCSE";-73;1171990884
00:0F:34:72:4B:E0;UniversityOfWashingtonCSE";-68;1171990884
00:0F:24:DE:10:40;UniversityOfWashingtonCSE";-72;1171990884
00:0F:34:9D:06:30;UniversityOfWashingtonCSE";-73;1171990884
00:0F:24:DE:11:50;UniversityOfWashingtonCSE";-73;1171990884
00:0F:24:DE:10:B0;UniversityOfWashingtonCSE";-71;1171990884
00:0F:24:DC:B9:80;UniversityOfWashingtonCSE";-69;1171990884
00:0F:24:DC:BC:50;UniversityOfWashingtonCSE";-74;1171990884
00:0B:14:00:BA:B6;viewsonic";-73;1171990884
00:0F:34:9D:05:50;UniversityOfWashingtonCSE";-61;1171990884
00:0F:34:9D:03:D0;UniversityOfWashingtonCSE";-68;1171990884
00:0F:24:DE:10:A0;UniversityOfWashingtonCSE";-70;1171990884
00:0F:34:72:4A:B0;UniversityOfWashingtonCSE";-71;1171990884
00:18:F8:D5:D1:A1;linksys2";-71;1171990884
00:0F:34:9D:02:20;UniversityOfWashingtonCSE";-70;1171990884
00:0F:34:72:49:40;UniversityOfWashingtonCSE";-70;1171990884
00:0F:34:72:47:B0;UniversityOfWashingtonCSE";-73;1171990884
00:0F:34:9C:FF:E0;UniversityOfWashingtonCSE";-71;1171990884
00:0F:24:DE:10:D0;UniversityOfWashingtonCSE";-73;1171990884
00:0F:34:9D:03:F0;UniversityOfWashingtonCSE";-80;1171990884
00:0F:34:72:4B:80;UniversityOfWashingtonCSE";-79;1171990884
00:0F:24:DC:BB:C0;UniversityOfWashingtonCSE";-81;1171990884
00:13:10:A0:69:9D;soslab";-82;1171990886;CSE Atrium
00:15:6D:10:1C:CB;EE";-67;1171990886;CSE Atrium
00:0F:34:9C:FF:10;UniversityOfWashingtonCSE";-50;1171990886;CSE Atrium
00:0F:24:DA:7D:20;UniversityOfWashingtonCSE";-74;1171990886;CSE Atrium
00:0F:24:DE:10:E0;UniversityOfWashingtonCSE";-66;1171990886;CSE Atrium
00:0F:34:9D:03:C0;UniversityOfWashingtonCSE";-70;1171990886;CSE Atrium
00:0F:24:DC:B8:60;UniversityOfWashingtonCSE";-73;1171990886;CSE Atrium
00:0F:34:9C:FE:70;UniversityOfWashingtonCSE";-44;1171990886;CSE Atrium
00:0F:24:DC:BC:10;UniversityOfWashingtonCSE";-74;1171990886;CSE Atrium
00:0F:24:DC:B9:20;UniversityOfWashingtonCSE";-67;1171990886;CSE Atrium
00:0F:34:9D:02:00;UniversityOfWashingtonCSE";-50;1171990886;CSE Atrium
00:0F:24:DC:B7:D0;UniversityOfWashingtonCSE";-66;1171990886;CSE Atrium
00:0F:34:9C:FF:20;UniversityOfWashingtonCSE";-64;1171990886;CSE Atrium
00:60:B3:80:AE:2D;EE";-73;1171990886;CSE Atrium
00:0F:34:72:4C:70;UniversityOfWashingtonCSE";-65;1171990886;CSE Atrium
00:02:6F:05:98:57;EE";-61;1171990886;CSE Atrium
00:0F:34:9D:04:B0;UniversityOfWashingtonCSE";-68;1171990886;CSE Atrium
00:0F:34:9D:05:C0;UniversityOfWashingtonCSE";-67;1171990886;CSE Atrium
00:0F:24:DE:11:10;UniversityOfWashingtonCSE";-69;1171990886;CSE Atrium
00:0F:34:9C:FE:80;UniversityOfWashingtonCSE";-66;1171990886;CSE Atrium
00:0F:24:DC:B7:80;UniversityOfWashingtonCSE";-72;1171990886;CSE Atrium
00:0F:24:DC:B7:70;UniversityOfWashingtonCSE";-73;1171990886;CSE Atrium
00:0F:34:9D:06:80;UniversityOfWashingtonCSE";-72;1171990886;CSE Atrium
00:0F:24:DC:B7:A0;UniversityOfWashingtonCSE";-75;1171990886;CSE Atrium
00:0F:34:72:4C:90;UniversityOfWashingtonCSE";-66;1171990886;CSE Atrium
00:0F:24:DC:B7:E0;UniversityOfWashingtonCSE";-72;1171990886;CSE Atrium
00:0F:34:72:4B:E0;UniversityOfWashingtonCSE";-60;1171990886;CSE Atrium
00:0F:24:DE:10:40;UniversityOfWashingtonCSE";-71;1171990886;CSE Atrium
00:0F:34:9D:06:30;UniversityOfWashingtonCSE";-75;1171990886;CSE Atrium
00:0F:24:DE:11:50;UniversityOfWashingtonCSE";-73;1171990886;CSE Atrium
00:0F:24:DE:10:B0;UniversityOfWashingtonCSE";-71;1171990886;CSE Atrium
00:0F:24:DC:B9:80;UniversityOfWashingtonCSE";-69;1171990886;CSE Atrium
00:0F:24:DC:BC:50;UniversityOfWashingtonCSE";-76;1171990886;CSE Atrium
00:0B:14:00:BA:B6;viewsonic";-73;1171990886;CSE Atrium
00:0F:34:9D:05:50;UniversityOfWashingtonCSE";-63;1171990886;CSE Atrium
00:0F:34:9D:03:D0;UniversityOfWashingtonCSE";-68;1171990886;CSE Atrium
00:0F:24:DE:10:A0;UniversityOfWashingtonCSE";-69;1171990886;CSE Atrium
00:0F:34:72:4A:B0;UniversityOfWashingtonCSE";-71;1171990886;CSE Atrium
00:18:F8:D5:D1:A1;linksys2";-72;1171990886;CSE Atrium
00:0F:34:9D:02:20;UniversityOfWashingtonCSE";-71;1171990886;CSE Atrium
00:0F:34:72:49:40;UniversityOfWashingtonCSE";-70;1171990886;CSE Atrium
00:0F:34:72:47:B0;UniversityOfWashingtonCSE";-72;1171990886;CSE Atrium
00:0F:34:9C:FF:E0;UniversityOfWashingtonCSE";-74;1171990886;CSE Atrium
00:0F:24:DE:10:D0;UniversityOfWashingtonCSE";-75;1171990886;CSE Atrium
00:0F:34:9D:03:F0;UniversityOfWashingtonCSE";-80;1171990886;CSE Atrium
00:0F:34:72:4B:80;UniversityOfWashingtonCSE";-79;1171990886;CSE Atrium
00:0F:24:DC:BB:C0;UniversityOfWashingtonCSE";-81;1171990886;CSE Atrium
00:13:10:A0:69:9D;soslab";-82;1171990887;CSE Atrium
00:15:6D:10:1C:CB;EE";-67;1171990887;CSE Atrium
00:0F:34:9C:FF:10;UniversityOfWashingtonCSE";-50;1171990887;CSE Atrium
00:0F:24:DA:7D:20;UniversityOfWashingtonCSE";-69;1171990887;CSE Atrium
00:0F:24:DE:10:E0;UniversityOfWashingtonCSE";-68;1171990887;CSE Atrium
00:0F:34:9D:03:C0;UniversityOfWashingtonCSE";-70;1171990887;CSE Atrium
00:0F:24:DC:B8:60;UniversityOfWashingtonCSE";-58;1171990887;CSE Atrium
00:0F:34:9C:FE:70;UniversityOfWashingtonCSE";-71;1171990887;CSE Atrium
00:0F:24:DC:BC:10;UniversityOfWashingtonCSE";-76;1171990887;CSE Atrium
00:0F:24:DC:B9:20;UniversityOfWashingtonCSE";-58;1171990887;CSE Atrium
00:0F:34:9D:02:00;UniversityOfWashingtonCSE";-65;1171990887;CSE Atrium
00:0F:24:DC:B7:D0;UniversityOfWashingtonCSE";-70;1171990887;CSE Atrium
00:0F:34:9C:FF:20;UniversityOfWashingtonCSE";-60;1171990887;CSE Atrium
00:60:B3:80:AE:2D;EE";-76;1171990887;CSE Atrium
00:0F:34:72:4C:70;UniversityOfWashingtonCSE";-65;1171990887;CSE Atrium
00:02:6F:05:98:57;EE";-60;1171990887;CSE Atrium
00:0F:34:9D:04:B0;UniversityOfWashingtonCSE";-67;1171990887;CSE Atrium
00:0F:34:9D:05:C0;UniversityOfWashingtonCSE";-74;1171990887;CSE Atrium
00:0F:24:DE:11:10;UniversityOfWashingtonCSE";-69;1171990887;CSE Atrium
00:0F:34:9C:FE:80;UniversityOfWashingtonCSE";-74;1171990887;CSE Atrium
00:0F:24:DC:B7:80;UniversityOfWashingtonCSE";-72;1171990887;CSE Atrium
00:0F:24:DC:B7:70;UniversityOfWashingtonCSE";-74;1171990887;CSE Atrium
00:0F:34:9D:06:80;UniversityOfWashingtonCSE";-72;1171990887;CSE Atrium
00:0F:24:DC:B7:A0;UniversityOfWashingtonCSE";-72;1171990887;CSE Atrium
00:0F:34:72:4C:90;UniversityOfWashingtonCSE";-66;1171990887;CSE Atrium
00:0F:24:DC:B7:E0;UniversityOfWashingtonCSE";-74;1171990887;CSE Atrium
00:0F:34:72:4B:E0;UniversityOfWashingtonCSE";-70;1171990887;CSE Atrium
00:0F:24:DE:10:40;UniversityOfWashingtonCSE";-73;1171990887;CSE Atrium
00:0F:34:9D:06:30;UniversityOfWashingtonCSE";-75;1171990887;CSE Atrium
00:0F:24:DE:11:50;UniversityOfWashingtonCSE";-77;1171990887;CSE Atrium
00:0F:24:DE:10:B0;UniversityOfWashingtonCSE";-66;1171990887;CSE Atrium
00:0F:24:DC:B9:80;UniversityOfWashingtonCSE";-69;1171990887;CSE Atrium
00:0F:24:DC:BC:50;UniversityOfWashingtonCSE";-73;1171990887;CSE Atrium
00:0B:14:00:BA:B6;viewsonic";-68;1171990887;CSE Atrium
00:0F:34:9D:05:50;UniversityOfWashingtonCSE";-64;1171990887;CSE Atrium
00:0F:34:9D:03:D0;UniversityOfWashingtonCSE";-68;1171990887;CSE Atrium
00:0F:24:DE:10:A0;UniversityOfWashingtonCSE";-71;1171990887;CSE Atrium
00:0F:34:72:4A:B0;UniversityOfWashingtonCSE";-71;1171990887;CSE Atrium
00:18:F8:D5:D1:A1;linksys2";-77;1171990887;CSE Atrium
00:0F:34:9D:02:20;UniversityOfWashingtonCSE";-71;1171990887;CSE Atrium
00:0F:34:72:49:40;UniversityOfWashingtonCSE";-71;1171990887;CSE Atrium
00:0F:34:72:47:B0;UniversityOfWashingtonCSE";-76;1171990887;CSE Atrium
00:0F:34:9C:FF:E0;UniversityOfWashingtonCSE";-70;1171990887;CSE Atrium
00:0F:24:DE:10:D0;UniversityOfWashingtonCSE";-72;1171990887;CSE Atrium
00:0F:34:72:4B:80;UniversityOfWashingtonCSE";-79;1171990887;CSE Atrium
00:0F:24:DC:BB:C0;UniversityOfWashingtonCSE";-81;1171990887;CSE Atrium
00:13:10:A0:69:9D;soslab";-82;1171990888;CSE Atrium
00:15:6D:10:1C:CB;EE";-67;1171990888;CSE Atrium
00:0F:34:9C:FF:10;UniversityOfWashingtonCSE";-50;1171990888;CSE Atrium
00:0F:24:DA:7D:20;UniversityOfWashingtonCSE";-76;1171990888;CSE Atrium
00:0F:24:DE:10:E0;UniversityOfWashingtonCSE";-59;1171990888;CSE Atrium
00:0F:34:9D:03:C0;UniversityOfWashingtonCSE";-66;1171990888;CSE Atrium
00:0F:24:DC:B8:60;UniversityOfWashingtonCSE";-71;1171990888;CSE Atrium
00:0F:34:9C:FE:70;UniversityOfWashingtonCSE";-65;1171990888;CSE Atrium
00:0F:24:DC:BC:10;UniversityOfWashingtonCSE";-73;1171990888;CSE Atrium
00:0F:24:DC:B9:20;UniversityOfWashingtonCSE";-60;1171990888;CSE Atrium
00:0F:34:9D:02:00;UniversityOfWashingtonCSE";-52;1171990888;CSE Atrium
00:0F:24:DC:B7:D0;UniversityOfWashingtonCSE";-70;1171990888;CSE Atrium
00:0F:34:9C:FF:20;UniversityOfWashingtonCSE";-64;1171990888;CSE Atrium
00:60:B3:80:AE:2D;EE";-71;1171990888;CSE Atrium
00:0F:34:72:4C:70;UniversityOfWashingtonCSE";-67;1171990888;CSE Atrium
00:02:6F:05:98:57;EE";-60;1171990888;CSE Atrium
00:0F:34:9D:04:B0;UniversityOfWashingtonCSE";-67;1171990888;CSE Atrium
00:0F:34:9D:05:C0;UniversityOfWashingtonCSE";-70;1171990888;CSE Atrium
00:0F:24:DE:11:10;UniversityOfWashingtonCSE";-72;1171990888;CSE Atrium
00:0F:34:9C:FE:80;UniversityOfWashingtonCSE";-71;1171990888;CSE Atrium
00:0F:24:DC:B7:80;UniversityOfWashingtonCSE";-69;1171990888;CSE Atrium
00:0F:24:DC:B7:70;UniversityOfWashingtonCSE";-68;1171990888;CSE Atrium
00:0F:34:9D:06:80;UniversityOfWashingtonCSE";-71;1171990888;CSE Atrium
00:0F:24:DC:B7:A0;UniversityOfWashingtonCSE";-68;1171990888;CSE Atrium
00:0F:34:72:4C:90;UniversityOfWashingtonCSE";-73;1171990888;CSE Atrium
00:0F:24:DC:B7:E0;UniversityOfWashingtonCSE";-72;1171990888;CSE Atrium
00:0F:34:72:4B:E0;UniversityOfWashingtonCSE";-63;1171990888;CSE Atrium
00:0F:24:DE:10:40;UniversityOfWashingtonCSE";-74;1171990888;CSE Atrium
00:0F:34:9D:06:30;UniversityOfWashingtonCSE";-73;1171990888;CSE Atrium
00:0F:24:DE:11:50;UniversityOfWashingtonCSE";-77;1171990888;CSE Atrium
00:0F:24:DE:10:B0;UniversityOfWashingtonCSE";-69;1171990888;CSE Atrium
00:0F:24:DC:B9:80;UniversityOfWashingtonCSE";-69;1171990888;CSE Atrium
00:0F:24:DC:BC:50;UniversityOfWashingtonCSE";-68;1171990888;CSE Atrium
00:0B:14:00:BA:B6;viewsonic";-75;1171990888;CSE Atrium
00:0F:34:9D:05:50;UniversityOfWashingtonCSE";-64;1171990888;CSE Atrium
00:0F:34:9D:03:D0;UniversityOfWashingtonCSE";-71;1171990888;CSE Atrium
00:0F:24:DE:10:A0;UniversityOfWashingtonCSE";-67;1171990888;CSE Atrium
00:0F:34:72:4A:B0;UniversityOfWashingtonCSE";-71;1171990888;CSE Atrium
00:18:F8:D5:D1:A1;linksys2";-76;1171990888;CSE Atrium
00:0F:34:9D:02:20;UniversityOfWashingtonCSE";-71;1171990888;CSE Atrium
00:0F:34:72:49:40;UniversityOfWashingtonCSE";-67;1171990888;CSE Atrium
00:0F:34:72:47:B0;UniversityOfWashingtonCSE";-75;1171990888;CSE Atrium
00:0F:34:9C:FF:E0;UniversityOfWashingtonCSE";-68;1171990888;CSE Atrium
00:0F:24:DE:10:D0;UniversityOfWashingtonCSE";-69;1171990888;CSE Atrium
00:0F:34:72:4B:80;UniversityOfWashingtonCSE";-79;1171990888;CSE Atrium
00:0F:24:DC:BB:C0;UniversityOfWashingtonCSE";-81;1171990888;CSE Atrium
00:13:10:A0:69:9D;soslab";-82;1171990889
00:15:6D:10:1C:CB;EE";-68;1171990889
00:0F:34:9C:FF:10;UniversityOfWashingtonCSE";-50;1171990889
00:0F:24:DA:7D:20;UniversityOfWashingtonCSE";-72;1171990889
00:0F:24:DE:10:E0;UniversityOfWashingtonCSE";-61;1171990889
00:0F:34:9D:03:C0;UniversityOfWashingtonCSE";-66;1171990889
00:0F:24:DC:B8:60;UniversityOfWashingtonCSE";-72;1171990889
00:0F:34:9C:FE:70;UniversityOfWashingtonCSE";-68;1171990889
00:0F:24:DC:BC:10;UniversityOfWashingtonCSE";-73;1171990889
00:0F:24:DC:B9:20;UniversityOfWashingtonCSE";-62;1171990889
00:0F:34:9D:02:00;UniversityOfWashingtonCSE";-51;1171990889
00:0F:24:DC:B7:D0;UniversityOfWashingtonCSE";-68;1171990889
00:0F:34:9C:FF:20;UniversityOfWashingtonCSE";-64;1171990889
00:60:B3:80:AE:2D;EE";-75;1171990889
00:0F:34:72:4C:70;UniversityOfWashingtonCSE";-67;1171990889
00:02:6F:05:98:57;EE";-61;1171990889
00:0F:34:9D:04:B0;UniversityOfWashingtonCSE";-68;1171990889
00:0F:34:9D:05:C0;UniversityOfWashingtonCSE";-75;1171990889
00:0F:24:DE:11:10;UniversityOfWashingtonCSE";-72;1171990889
00:0F:34:9C:FE:80;UniversityOfWashingtonCSE";-71;1171990889
00:0F:24:DC:B7:80;UniversityOfWashingtonCSE";-73;1171990889
00:0F:24:DC:B7:70;UniversityOfWashingtonCSE";-73;1171990889
00:0F:34:9D:06:80;UniversityOfWashingtonCSE";-71;1171990889
00:0F:24:DC:B7:A0;UniversityOfWashingtonCSE";-73;1171990889
00:0F:34:72:4C:90;UniversityOfWashingtonCSE";-64;1171990889
00:0F:24:DC:B7:E0;UniversityOfWashingtonCSE";-71;1171990889
00:0F:34:72:4B:E0;UniversityOfWashingtonCSE";-64;1171990889
00:0F:24:DE:10:40;UniversityOfWashingtonCSE";-73;1171990889
00:0F:34:9D:06:30;UniversityOfWashingtonCSE";-74;1171990889
00:0F:24:DE:11:50;UniversityOfWashingtonCSE";-77;1171990889
00:0F:24:DE:10:B0;UniversityOfWashingtonCSE";-69;1171990889
00:0F:24:DC:B9:80;UniversityOfWashingtonCSE";-69;1171990889
00:0F:24:DC:BC:50;UniversityOfWashingtonCSE";-73;1171990889
00:0B:14:00:BA:B6;viewsonic";-77;1171990889
00:0F:34:9D:05:50;UniversityOfWashingtonCSE";-72;1171990889
00:0F:34:9D:03:D0;UniversityOfWashingtonCSE";-71;1171990889
00:0F:24:DE:10:A0;UniversityOfWashingtonCSE";-68;1171990889
00:0F:34:72:4A:B0;UniversityOfWashingtonCSE";-71;1171990889
00:18:F8:D5:D1:A1;linksys2";-76;1171990889
00:0F:34:9D:02:20;UniversityOfWashingtonCSE";-71;1171990889
00:0F:34:72:49:40;UniversityOfWashingtonCSE";-67;1171990889
00:0F:34:72:47:B0;UniversityOfWashingtonCSE";-70;1171990889
00:0F:34:9C:FF:E0;UniversityOfWashingtonCSE";-68;1171990889
00:0F:24:DE:10:D0;UniversityOfWashingtonCSE";-73;1171990889
00:0F:34:72:4B:80;UniversityOfWashingtonCSE";-79;1171990889
00:13:10:A0:69:9D;soslab";-82;1171990891
00:15:6D:10:1C:CB;EE";-68;1171990891
00:0F:34:9C:FF:10;UniversityOfWashingtonCSE";-50;1171990891
00:0F:24:DA:7D:20;UniversityOfWashingtonCSE";-75;1171990891
00:0F:24:DE:10:E0;UniversityOfWashingtonCSE";-59;1171990891
00:0F:34:9D:03:C0;UniversityOfWashingtonCSE";-67;1171990891
00:0F:24:DC:B8:60;UniversityOfWashingtonCSE";-72;1171990891
00:0F:34:9C:FE:70;UniversityOfWashingtonCSE";-68;1171990891
00:0F:24:DC:BC:10;UniversityOfWashingtonCSE";-71;1171990891
00:0F:24:DC:B9:20;UniversityOfWashingtonCSE";-61;1171990891
00:0F:34:9D:02:00;UniversityOfWashingtonCSE";-52;1171990891
00:0F:24:DC:B7:D0;UniversityOfWashingtonCSE";-68;1171990891
00:0F:34:9C:FF:20;UniversityOfWashingtonCSE";-67;1171990891
00:60:B3:80:AE:2D;EE";-73;1171990891
00:0F:34:72:4C:70;UniversityOfWashingtonCSE";-67;1171990891
00:02:6F:05:98:57;EE";-61;1171990891
00:0F:34:9D:04:B0;UniversityOfWashingtonCSE";-67;1171990891
00:0F:34:9D:05:C0;UniversityOfWashingtonCSE";-62;1171990891
00:0F:24:DE:11:10;UniversityOfWashingtonCSE";-72;1171990891
00:0F:34:9C:FE:80;UniversityOfWashingtonCSE";-74;1171990891
00:0F:24:DC:B7:80;UniversityOfWashingtonCSE";-73;1171990891
00:0F:24:DC:B7:70;UniversityOfWashingtonCSE";-72;1171990891
00:0F:34:9D:06:80;UniversityOfWashingtonCSE";-73;1171990891
00:0F:24:DC:B7:A0;UniversityOfWashingtonCSE";-76;1171990891
00:0F:34:72:4C:90;UniversityOfWashingtonCSE";-66;1171990891
00:0F:24:DC:B7:E0;UniversityOfWashingtonCSE";-72;1171990891
00:0F:34:72:4B:E0;UniversityOfWashingtonCSE";-64;1171990891
00:0F:24:DE:10:40;UniversityOfWashingtonCSE";-72;1171990891
00:0F:34:9D:06:30;UniversityOfWashingtonCSE";-72;1171990891
00:0F:24:DE:11:50;UniversityOfWashingtonCSE";-77;1171990891
00:0F:24:DE:10:B0;UniversityOfWashingtonCSE";-67;1171990891
00:0F:24:DC:B9:80;UniversityOfWashingtonCSE";-69;1171990891
00:0F:24:DC:BC:50;UniversityOfWashingtonCSE";-77;1171990891
00:0B:14:00:BA:B6;viewsonic";-77;1171990891
00:0F:34:9D:05:50;UniversityOfWashingtonCSE";-72;1171990891
00:0F:34:9D:03:D0;UniversityOfWashingtonCSE";-71;1171990891
00:0F:24:DE:10:A0;UniversityOfWashingtonCSE";-78;1171990891
00:0F:34:72:4A:B0;UniversityOfWashingtonCSE";-72;1171990891
00:18:F8:D5:D1:A1;linksys2";-75;1171990891
00:0F:34:9D:02:20;UniversityOfWashingtonCSE";-71;1171990891
00:0F:24:DC:B9:60;UniversityOfWashingtonCSE";-71;1171990891
00:0F:34:72:49:40;UniversityOfWashingtonCSE";-68;1171990891
00:0F:34:72:47:B0;UniversityOfWashingtonCSE";-74;1171990891
00:0F:34:9C:FF:E0;UniversityOfWashingtonCSE";-71;1171990891
00:0F:24:DE:10:D0;UniversityOfWashingtonCSE";-75;1171990891
00:0F:34:72:4B:80;UniversityOfWashingtonCSE";-79;1171990891
