00:0F:B3:42:41:45;PRD";-56;1171920714
00:14:BF:17:02:AB;linksys-coolerthanyou";-36;1171920714
00:16:B6:25:DC:CD;5626";-71;1171920714
00:0F:66:BA:83:18;linksys";-65;1171920714
00:0F:B3:42:41:45;PRD";-55;1171920715
00:13:10:9D:9D:4E;linksys";-82;1171920715
00:14:BF:17:02:AB;linksys-coolerthanyou";-35;1171920715
00:16:B6:25:DC:CD;5626";-72;1171920715
00:0F:66:BA:83:18;linksys";-65;1171920715
00:14:6C:03:01:04;KPK";-71;1171920715
00:0F:B3:42:41:45;PRD";-55;1171920716
00:14:BF:13:36:CB;Brooklyn";-78;1171920716
00:13:10:9D:9D:4E;linksys";-82;1171920716
00:14:BF:17:02:AB;linksys-coolerthanyou";-35;1171920716
00:16:B6:25:DC:CD;5626";-76;1171920716
00:0F:66:BA:83:18;linksys";-65;1171920716
00:14:6C:03:01:04;KPK";-71;1171920716
00:0F:B3:42:41:45;PRD";-54;1171920718
00:14:BF:13:36:CB;Brooklyn";-78;1171920718
00:13:10:9D:9D:4E;linksys";-82;1171920718
00:14:BF:17:02:AB;linksys-coolerthanyou";-35;1171920718
00:16:B6:25:DC:CD;5626";-74;1171920718
00:0F:66:BA:83:18;linksys";-65;1171920718
00:14:6C:03:01:04;KPK";-71;1171920718
00:0F:B3:42:41:45;PRD";-54;1171920719
00:14:BF:13:36:CB;Brooklyn";-78;1171920719
00:13:10:9D:9D:4E;linksys";-82;1171920719
00:14:BF:17:02:AB;linksys-coolerthanyou";-34;1171920719
00:16:B6:25:DC:CD;5626";-73;1171920719
00:0F:66:BA:83:18;linksys";-65;1171920719
00:14:6C:03:01:04;KPK";-71;1171920719
00:0F:B3:42:41:45;PRD";-55;1171920720
00:14:BF:13:36:CB;Brooklyn";-78;1171920720
00:13:10:9D:9D:4E;linksys";-84;1171920720
00:14:BF:17:02:AB;linksys-coolerthanyou";-34;1171920720
00:16:B6:25:DC:CD;5626";-71;1171920720
00:0F:66:BA:83:18;linksys";-65;1171920720
00:14:6C:03:01:04;KPK";-73;1171920720
00:0F:B3:42:41:45;PRD";-55;1171920721
00:14:BF:13:36:CB;Brooklyn";-78;1171920721
00:13:10:9D:9D:4E;linksys";-84;1171920721
00:14:BF:17:02:AB;linksys-coolerthanyou";-34;1171920721
00:16:B6:25:DC:CD;5626";-79;1171920721
00:0F:66:BA:83:18;linksys";-65;1171920721
00:14:6C:03:01:04;KPK";-73;1171920721
00:0F:B3:42:41:45;PRD";-55;1171920723
00:14:BF:13:36:CB;Brooklyn";-78;1171920723
00:13:10:9D:9D:4E;linksys";-79;1171920723
00:14:BF:17:02:AB;linksys-coolerthanyou";-35;1171920723
00:16:B6:25:DC:CD;5626";-71;1171920723
00:0F:66:BA:83:18;linksys";-65;1171920723
00:14:6C:03:01:04;KPK";-73;1171920723
00:15:05:1B:15:4B;<hidden>";-78;1171920723
00:0F:B3:42:41:45;PRD";-55;1171920724
00:14:BF:13:36:CB;Brooklyn";-78;1171920724
00:13:10:9D:9D:4E;linksys";-79;1171920724
00:14:BF:17:02:AB;linksys-coolerthanyou";-35;1171920724
00:16:B6:25:DC:CD;5626";-77;1171920724
00:0F:66:BA:83:18;linksys";-65;1171920724
00:14:6C:03:01:04;KPK";-73;1171920724
00:15:05:1B:15:4B;<hidden>";-78;1171920724
00:0F:B3:42:41:45;PRD";-55;1171920725
00:14:BF:13:36:CB;Brooklyn";-78;1171920725
00:13:10:9D:9D:4E;linksys";-82;1171920725
00:14:BF:17:02:AB;linksys-coolerthanyou";-34;1171920725
00:16:B6:25:DC:CD;5626";-71;1171920725
00:0F:66:BA:83:18;linksys";-65;1171920725
00:14:6C:03:01:04;KPK";-71;1171920725
00:15:05:1B:15:4B;<hidden>";-78;1171920725
00:0F:B3:42:41:45;PRD";-55;1171920726
00:14:BF:13:36:CB;Brooklyn";-78;1171920726
00:13:10:9D:9D:4E;linksys";-82;1171920726
00:14:BF:17:02:AB;linksys-coolerthanyou";-34;1171920726
00:16:B6:25:DC:CD;5626";-77;1171920726
00:0F:66:BA:83:18;linksys";-65;1171920726
00:14:6C:03:01:04;KPK";-71;1171920726
00:15:05:1B:15:4B;<hidden>";-78;1171920726
00:0F:B3:42:41:45;PRD";-55;1171920728
00:14:BF:13:36:CB;Brooklyn";-78;1171920728
00:13:10:9D:9D:4E;linksys";-84;1171920728
00:14:BF:17:02:AB;linksys-coolerthanyou";-34;1171920728
00:16:B6:25:DC:CD;5626";-77;1171920728
00:0F:66:BA:83:18;linksys";-65;1171920728
00:14:6C:03:01:04;KPK";-71;1171920728
00:15:05:1B:15:4B;<hidden>";-78;1171920728
00:0F:B3:42:41:45;PRD";-55;1171920729
00:14:BF:13:36:CB;Brooklyn";-77;1171920729
00:13:10:9D:9D:4E;linksys";-84;1171920729
00:14:BF:17:02:AB;linksys-coolerthanyou";-35;1171920729
00:16:B6:25:DC:CD;5626";-74;1171920729
00:0F:66:BA:83:18;linksys";-65;1171920729
00:14:6C:03:01:04;KPK";-71;1171920729
00:15:05:1B:15:4B;<hidden>";-78;1171920729
00:0F:B3:42:41:45;PRD";-54;1171920730
00:14:BF:13:36:CB;Brooklyn";-77;1171920730
00:13:10:9D:9D:4E;linksys";-85;1171920730
00:14:BF:17:02:AB;linksys-coolerthanyou";-35;1171920730
00:16:B6:25:DC:CD;5626";-78;1171920730
00:0F:66:BA:83:18;linksys";-65;1171920730
00:14:6C:03:01:04;KPK";-71;1171920730
00:15:05:1B:15:4B;<hidden>";-78;1171920730
00:0F:B3:42:41:45;PRD";-56;1171920731
00:14:BF:13:36:CB;Brooklyn";-77;1171920731
00:13:10:9D:9D:4E;linksys";-85;1171920731
00:14:BF:17:02:AB;linksys-coolerthanyou";-36;1171920731
00:16:B6:25:DC:CD;5626";-78;1171920731
00:0F:66:BA:83:18;linksys";-65;1171920731
00:14:6C:03:01:04;KPK";-71;1171920731
00:15:05:1B:15:4B;<hidden>";-78;1171920731
00:0F:B3:42:41:45;PRD";-56;1171920733
00:14:BF:13:36:CB;Brooklyn";-77;1171920733
00:13:10:9D:9D:4E;linksys";-85;1171920733
00:14:BF:17:02:AB;linksys-coolerthanyou";-35;1171920733
00:16:B6:25:DC:CD;5626";-77;1171920733
00:0F:66:BA:83:18;linksys";-65;1171920733
00:14:6C:03:01:04;KPK";-71;1171920733
00:15:05:1B:15:4B;<hidden>";-78;1171920733
00:12:17:0E:C0:D0;linksys";-81;1171920733
00:0F:B3:42:41:45;PRD";-57;1171920734
00:14:BF:13:36:CB;Brooklyn";-78;1171920734
00:13:10:9D:9D:4E;linksys";-85;1171920734
00:14:BF:17:02:AB;linksys-coolerthanyou";-35;1171920734
00:16:B6:25:DC:CD;5626";-79;1171920734
00:0F:66:BA:83:18;linksys";-65;1171920734
00:14:6C:03:01:04;KPK";-71;1171920734
00:15:05:1B:15:4B;<hidden>";-78;1171920734
00:12:17:0E:C0:D0;linksys";-81;1171920734
00:0F:B3:42:41:45;PRD";-57;1171920735
00:14:BF:13:36:CB;Brooklyn";-78;1171920735
00:13:10:9D:9D:4E;linksys";-85;1171920735
00:14:BF:17:02:AB;linksys-coolerthanyou";-35;1171920735
00:16:B6:25:DC:CD;5626";-79;1171920735
00:0F:66:BA:83:18;linksys";-65;1171920735
00:14:6C:03:01:04;KPK";-71;1171920735
00:15:05:1B:15:4B;<hidden>";-78;1171920735
00:09:5B:72:6F:46;wawa88";-79;1171920735
00:12:17:0E:C0:D0;linksys";-81;1171920735
00:0F:B3:42:41:45;PRD";-57;1171920736
00:14:BF:13:36:CB;Brooklyn";-78;1171920736
00:13:10:9D:9D:4E;linksys";-76;1171920736
00:14:BF:17:02:AB;linksys-coolerthanyou";-37;1171920736
00:16:B6:25:DC:CD;5626";-79;1171920736
00:0F:66:BA:83:18;linksys";-65;1171920736
00:14:6C:03:01:04;KPK";-71;1171920736
00:15:05:1B:15:4B;<hidden>";-78;1171920736
00:09:5B:72:6F:46;wawa88";-79;1171920736
00:12:17:0E:C0:D0;linksys";-81;1171920736
