00:0D:3A:70:CD:F1;ZOKA";-48;1171915889
00:18:F8:62:5F:FF;EARL";-79;1171915889
00:0F:B3:71:D9:9D;ACTIONTEC";-68;1171915889
00:0D:3A:70:CD:F1;ZOKA";-47;1171915890
00:18:F8:62:5F:FF;EARL";-79;1171915890
00:0F:B3:71:D9:9D;ACTIONTEC";-68;1171915890
00:0D:3A:70:CD:F1;ZOKA";-48;1171915891
00:18:F8:62:5F:FF;EARL";-63;1171915891
00:0F:B3:71:D9:9D;ACTIONTEC";-68;1171915891
00:0D:3A:70:CD:F1;ZOKA";-47;1171915893
00:18:F8:62:5F:FF;EARL";-63;1171915893
00:0F:B3:71:D9:9D;ACTIONTEC";-68;1171915893
00:0D:3A:70:CD:F1;ZOKA";-48;1171915894
00:18:F8:62:5F:FF;EARL";-71;1171915894
00:0F:B3:71:D9:9D;ACTIONTEC";-68;1171915894
00:0D:3A:70:CD:F1;ZOKA";-49;1171915895
00:18:F8:62:5F:FF;EARL";-71;1171915895
00:0F:B3:71:D9:9D;ACTIONTEC";-68;1171915895
00:0D:3A:70:CD:F1;ZOKA";-48;1171915896
00:18:F8:62:5F:FF;EARL";-71;1171915896
00:0F:B3:71:D9:9D;ACTIONTEC";-68;1171915896
00:0D:3A:70:CD:F1;ZOKA";-49;1171915898
00:18:F8:62:5F:FF;EARL";-71;1171915898
00:0F:B3:71:D9:9D;ACTIONTEC";-68;1171915898
00:0D:3A:70:CD:F1;ZOKA";-50;1171915899
00:18:F8:62:5F:FF;EARL";-70;1171915899
00:0F:B3:71:D9:9D;ACTIONTEC";-68;1171915899
00:0D:3A:70:CD:F1;ZOKA";-49;1171915900
00:18:F8:62:5F:FF;EARL";-68;1171915900
00:0F:B3:71:D9:9D;ACTIONTEC";-68;1171915900
00:0D:3A:70:CD:F1;ZOKA";-49;1171915902;Greenlake Zoka
00:18:F8:62:5F:FF;EARL";-75;1171915902;Greenlake Zoka
00:0F:B3:71:D9:9D;ACTIONTEC";-68;1171915902;Greenlake Zoka
00:0D:3A:70:CD:F1;ZOKA";-48;1171915903;Greenlake Zoka
00:18:F8:62:5F:FF;EARL";-68;1171915903;Greenlake Zoka
00:11:24:60:EC:6F;Neko";-80;1171915903;Greenlake Zoka
00:0F:B3:71:D9:9D;ACTIONTEC";-68;1171915903;Greenlake Zoka
00:0D:3A:70:CD:F1;ZOKA";-49;1171915904;Greenlake Zoka
00:18:F8:62:5F:FF;EARL";-70;1171915904;Greenlake Zoka
00:0F:B3:28:BF:8B;MIGHTYO";-76;1171915904;Greenlake Zoka
00:11:24:60:EC:6F;Neko";-80;1171915904;Greenlake Zoka
00:0D:3A:70:CD:F1;ZOKA";-49;1171915905;Greenlake Zoka
00:18:F8:62:5F:FF;EARL";-70;1171915905;Greenlake Zoka
00:0F:B3:28:BF:8B;MIGHTYO";-76;1171915905;Greenlake Zoka
00:11:24:60:EC:6F;Neko";-80;1171915905;Greenlake Zoka
00:0D:3A:70:CD:F1;ZOKA";-48;1171915907;Greenlake Zoka
00:18:F8:62:5F:FF;EARL";-70;1171915907;Greenlake Zoka
00:0F:B3:28:BF:8B;MIGHTYO";-76;1171915907;Greenlake Zoka
00:11:24:60:EC:6F;Neko";-80;1171915907;Greenlake Zoka
00:0D:3A:70:CD:F1;ZOKA";-51;1171915908;Greenlake Zoka
00:18:F8:62:5F:FF;EARL";-70;1171915908;Greenlake Zoka
00:0F:B3:28:BF:8B;MIGHTYO";-76;1171915908;Greenlake Zoka
00:14:BF:1C:F0:8C;linksys_SES_22152";-52;1171915908;Greenlake Zoka
00:11:24:60:EC:6F;Neko";-80;1171915908;Greenlake Zoka
00:0F:B3:71:D9:9D;ACTIONTEC";-69;1171915908;Greenlake Zoka
00:0D:3A:70:CD:F1;ZOKA";-50;1171915909;Greenlake Zoka
00:18:F8:62:5F:FF;EARL";-70;1171915909;Greenlake Zoka
00:0F:B3:28:BF:8B;MIGHTYO";-76;1171915909;Greenlake Zoka
00:14:BF:1C:F0:8C;linksys_SES_22152";-52;1171915909;Greenlake Zoka
00:11:24:60:EC:6F;Neko";-80;1171915909;Greenlake Zoka
00:0F:B3:71:D9:9D;ACTIONTEC";-69;1171915909;Greenlake Zoka
00:0D:3A:70:CD:F1;ZOKA";-48;1171915910;Greenlake Zoka
00:18:F8:62:5F:FF;EARL";-70;1171915910;Greenlake Zoka
00:0F:B3:28:BF:8B;MIGHTYO";-76;1171915910;Greenlake Zoka
00:14:BF:1C:F0:8C;linksys_SES_22152";-52;1171915910;Greenlake Zoka
00:11:24:60:EC:6F;Neko";-80;1171915910;Greenlake Zoka
00:0F:B3:71:D9:9D;ACTIONTEC";-69;1171915910;Greenlake Zoka
00:0D:3A:70:CD:F1;ZOKA";-48;1171915912
00:18:F8:62:5F:FF;EARL";-70;1171915912
00:0F:B3:28:BF:8B;MIGHTYO";-76;1171915912
00:14:BF:1C:F0:8C;linksys_SES_22152";-52;1171915912
00:11:24:60:EC:6F;Neko";-80;1171915912
00:0F:B3:71:D9:9D;ACTIONTEC";-69;1171915912
00:0D:3A:70:CD:F1;ZOKA";-49;1171915913
00:18:F8:62:5F:FF;EARL";-68;1171915913
00:0F:B3:28:BF:8B;MIGHTYO";-76;1171915913
00:14:BF:1C:F0:8C;linksys_SES_22152";-52;1171915913
00:11:24:60:EC:6F;Neko";-80;1171915913
00:0F:B3:71:D9:9D;ACTIONTEC";-69;1171915913
00:0D:3A:70:CD:F1;ZOKA";-50;1171915914
00:18:F8:62:5F:FF;EARL";-73;1171915914
00:0F:B3:28:BF:8B;MIGHTYO";-76;1171915914
00:14:BF:1C:F0:8C;linksys_SES_22152";-52;1171915914
00:11:24:60:EC:6F;Neko";-80;1171915914
00:0F:B3:71:D9:9D;ACTIONTEC";-69;1171915914
00:0D:3A:70:CD:F1;ZOKA";-50;1171915915
00:18:F8:62:5F:FF;EARL";-73;1171915915
00:0F:B3:28:BF:8B;MIGHTYO";-76;1171915915
00:14:BF:1C:F0:8C;linksys_SES_22152";-52;1171915915
00:11:24:60:EC:6F;Neko";-80;1171915915
00:0F:B3:71:D9:9D;ACTIONTEC";-69;1171915915
00:0D:3A:70:CD:F1;ZOKA";-50;1171915917
00:18:F8:62:5F:FF;EARL";-68;1171915917
00:0F:B3:28:BF:8B;MIGHTYO";-76;1171915917
00:14:BF:1C:F0:8C;linksys_SES_22152";-52;1171915917
00:11:24:60:EC:6F;Neko";-80;1171915917
00:0F:B3:71:D9:9D;ACTIONTEC";-69;1171915917
00:0D:3A:70:CD:F1;ZOKA";-50;1171915918
00:18:F8:62:5F:FF;EARL";-68;1171915918
00:0F:B3:28:BF:8B;MIGHTYO";-76;1171915918
00:14:BF:1C:F0:8C;linksys_SES_22152";-52;1171915918
00:11:24:60:EC:6F;Neko";-80;1171915918
00:0F:B3:71:D9:9D;ACTIONTEC";-69;1171915918
00:0D:3A:70:CD:F1;ZOKA";-50;1171915919
00:18:F8:62:5F:FF;EARL";-68;1171915919
00:0F:B3:28:BF:8B;MIGHTYO";-76;1171915919
00:14:BF:1C:F0:8C;linksys_SES_22152";-52;1171915919
00:11:24:60:EC:6F;Neko";-77;1171915919
00:0F:B3:71:D9:9D;ACTIONTEC";-69;1171915919
00:0D:3A:70:CD:F1;ZOKA";-50;1171915920
00:18:F8:62:5F:FF;EARL";-68;1171915920
00:0F:B3:28:BF:8B;MIGHTYO";-76;1171915920
00:14:BF:1C:F0:8C;linksys_SES_22152";-52;1171915920
00:11:24:60:EC:6F;Neko";-77;1171915920
00:0F:B3:71:D9:9D;ACTIONTEC";-69;1171915920
00:0D:3A:70:CD:F1;ZOKA";-50;1171915922
00:18:F8:62:5F:FF;EARL";-68;1171915922
00:0F:B3:28:BF:8B;MIGHTYO";-76;1171915922
00:14:BF:1C:F0:8C;linksys_SES_22152";-52;1171915922
00:11:24:60:EC:6F;Neko";-71;1171915922
00:0F:B3:71:D9:9D;ACTIONTEC";-60;1171915922
00:0D:3A:70:CD:F1;ZOKA";-49;1171915923
00:18:F8:62:5F:FF;EARL";-77;1171915923
00:0F:B3:28:BF:8B;MIGHTYO";-76;1171915923
00:14:BF:1C:F0:8C;linksys_SES_22152";-52;1171915923
00:11:24:60:EC:6F;Neko";-71;1171915923
00:0F:B3:71:D9:9D;ACTIONTEC";-60;1171915923
00:0D:3A:70:CD:F1;ZOKA";-49;1171915924
00:18:F8:62:5F:FF;EARL";-68;1171915924
00:0F:B3:28:BF:8B;MIGHTYO";-74;1171915924
00:14:BF:1C:F0:8C;linksys_SES_22152";-52;1171915924
00:11:24:60:EC:6F;Neko";-83;1171915924
00:0F:B3:71:D9:9D;ACTIONTEC";-60;1171915924
00:0D:3A:70:CD:F1;ZOKA";-49;1171915925
00:18:F8:62:5F:FF;EARL";-69;1171915925
00:0F:B3:28:BF:8B;MIGHTYO";-74;1171915925
00:14:BF:1C:F0:8C;linksys_SES_22152";-52;1171915925
00:11:24:60:EC:6F;Neko";-83;1171915925
00:0F:B3:71:D9:9D;ACTIONTEC";-60;1171915925
00:0D:3A:70:CD:F1;ZOKA";-49;1171915927
00:18:F8:62:5F:FF;EARL";-69;1171915927
00:0F:B3:28:BF:8B;MIGHTYO";-74;1171915927
00:14:BF:1C:F0:8C;linksys_SES_22152";-52;1171915927
00:11:24:60:EC:6F;Neko";-83;1171915927
00:0F:B3:71:D9:9D;ACTIONTEC";-60;1171915927
00:0D:3A:70:CD:F1;ZOKA";-50;1171915928
00:18:F8:62:5F:FF;EARL";-69;1171915928
00:0F:B3:28:BF:8B;MIGHTYO";-74;1171915928
00:14:BF:1C:F0:8C;linksys_SES_22152";-52;1171915928
00:11:24:60:EC:6F;Neko";-83;1171915928
00:0F:B3:71:D9:9D;ACTIONTEC";-60;1171915928
00:0D:3A:70:CD:F1;ZOKA";-50;1171915929
00:18:F8:62:5F:FF;EARL";-69;1171915929
00:0F:B3:28:BF:8B;MIGHTYO";-74;1171915929
00:14:BF:1C:F0:8C;linksys_SES_22152";-52;1171915929
00:11:24:60:EC:6F;Neko";-83;1171915929
00:0F:B3:71:D9:9D;ACTIONTEC";-60;1171915929
00:0D:3A:70:CD:F1;ZOKA";-49;1171915930
00:18:F8:62:5F:FF;EARL";-58;1171915930
00:0F:B3:28:BF:8B;MIGHTYO";-74;1171915930
00:14:BF:1C:F0:8C;linksys_SES_22152";-52;1171915930
00:11:24:60:EC:6F;Neko";-83;1171915930
00:0F:B3:71:D9:9D;ACTIONTEC";-60;1171915930
00:0D:3A:70:CD:F1;ZOKA";-50;1171915932
00:18:F8:62:5F:FF;EARL";-58;1171915932
00:0F:B3:28:BF:8B;MIGHTYO";-74;1171915932
00:14:BF:1C:F0:8C;linksys_SES_22152";-52;1171915932
00:11:24:60:EC:6F;Neko";-83;1171915932
00:0F:B3:71:D9:9D;ACTIONTEC";-60;1171915932
