00:0F:66:BA:83:18;linksys";-62;1171952089
00:14:BF:17:02:AB;linksys-coolerthanyou";-41;1171952089
00:0F:66:BA:83:18;linksys";-62;1171952091
00:16:B6:25:DC:CD;5626";-85;1171952091
00:14:6C:03:01:04;KPK";-80;1171952091
00:14:BF:17:02:AB;linksys-coolerthanyou";-44;1171952091
00:0F:66:BA:83:18;linksys";-62;1171952092
00:16:B6:25:DC:CD;5626";-85;1171952092
00:14:6C:03:01:04;KPK";-80;1171952092
00:14:BF:17:02:AB;linksys-coolerthanyou";-42;1171952092
00:0F:B3:42:41:45;PRD";-72;1171952093
00:0F:66:BA:83:18;linksys";-57;1171952093
00:16:B6:25:DC:CD;5626";-83;1171952093
00:14:6C:03:01:04;KPK";-80;1171952093
00:14:BF:17:02:AB;linksys-coolerthanyou";-42;1171952093
00:0F:B3:42:41:45;PRD";-72;1171952094
00:0F:66:BA:83:18;linksys";-57;1171952094
00:16:B6:25:DC:CD;5626";-83;1171952094
00:14:6C:03:01:04;KPK";-80;1171952094
00:14:BF:17:02:AB;linksys-coolerthanyou";-44;1171952094
00:0F:B3:42:41:45;PRD";-75;1171952096
00:0F:66:BA:83:18;linksys";-57;1171952096
00:16:B6:25:DC:CD;5626";-83;1171952096
00:14:6C:03:01:04;KPK";-80;1171952096
00:14:BF:17:02:AB;linksys-coolerthanyou";-43;1171952096
00:0F:B3:42:41:45;PRD";-75;1171952097
00:0F:66:BA:83:18;linksys";-63;1171952097
00:16:B6:25:DC:CD;5626";-83;1171952097
00:14:6C:03:01:04;KPK";-80;1171952097
00:14:BF:17:02:AB;linksys-coolerthanyou";-45;1171952097
00:0F:B3:42:41:45;PRD";-79;1171952098
00:0F:66:BA:83:18;linksys";-63;1171952098
00:16:B6:25:DC:CD;5626";-83;1171952098
00:14:6C:03:01:04;KPK";-80;1171952098
00:14:BF:17:02:AB;linksys-coolerthanyou";-45;1171952098
00:0F:B3:42:41:45;PRD";-79;1171952099
00:0F:66:BA:83:18;linksys";-63;1171952099
00:16:B6:25:DC:CD;5626";-83;1171952099
00:14:6C:03:01:04;KPK";-80;1171952099
00:14:BF:17:02:AB;linksys-coolerthanyou";-43;1171952099
00:0F:B3:42:41:45;PRD";-78;1171952101
00:0F:66:BA:83:18;linksys";-57;1171952101
00:16:B6:25:DC:CD;5626";-83;1171952101
00:14:6C:03:01:04;KPK";-80;1171952101
00:14:BF:17:02:AB;linksys-coolerthanyou";-42;1171952101
