00:0F:B3:42:41:45;PRD";-75;1171930581
00:14:BF:17:02:AB;linksys-coolerthanyou";-32;1171930581
00:0F:B3:42:41:45;PRD";-75;1171930583
00:14:BF:13:36:CB;Brooklyn";-83;1171930583
00:13:10:9D:9D:4E;linksys";-80;1171930583
00:14:BF:17:02:AB;linksys-coolerthanyou";-32;1171930583
00:16:B6:25:DC:CD;5626";-75;1171930583
00:0F:B3:42:41:45;PRD";-77;1171930584
00:14:BF:13:36:CB;Brooklyn";-83;1171930584
00:13:10:9D:9D:4E;linksys";-80;1171930584
00:14:BF:17:02:AB;linksys-coolerthanyou";-32;1171930584
00:16:B6:25:DC:CD;5626";-75;1171930584
00:0F:B3:42:41:45;PRD";-75;1171930585
00:14:BF:13:36:CB;Brooklyn";-83;1171930585
00:13:10:9D:9D:4E;linksys";-74;1171930585
00:14:BF:17:02:AB;linksys-coolerthanyou";-32;1171930585
00:16:B6:25:DC:CD;5626";-77;1171930585
00:0F:B3:42:41:45;PRD";-73;1171930586
00:14:BF:13:36:CB;Brooklyn";-83;1171930586
00:13:10:9D:9D:4E;linksys";-74;1171930586
00:14:BF:17:02:AB;linksys-coolerthanyou";-34;1171930586
00:16:B6:25:DC:CD;5626";-77;1171930586
00:0F:66:BA:83:18;linksys";-69;1171930586
00:0F:B3:42:41:45;PRD";-73;1171930588
00:14:BF:13:36:CB;Brooklyn";-83;1171930588
00:13:10:9D:9D:4E;linksys";-74;1171930588
00:14:BF:17:02:AB;linksys-coolerthanyou";-38;1171930588
00:16:B6:25:DC:CD;5626";-77;1171930588
00:0F:66:BA:83:18;linksys";-69;1171930588
00:0F:B3:42:41:45;PRD";-73;1171930589
00:14:BF:13:36:CB;Brooklyn";-83;1171930589
00:13:10:9D:9D:4E;linksys";-74;1171930589
00:14:BF:17:02:AB;linksys-coolerthanyou";-43;1171930589
00:16:B6:25:DC:CD;5626";-77;1171930589
00:0F:66:BA:83:18;linksys";-69;1171930589
00:0F:B3:42:41:45;PRD";-73;1171930590
00:14:BF:13:36:CB;Brooklyn";-83;1171930590
00:13:10:9D:9D:4E;linksys";-74;1171930590
00:14:BF:17:02:AB;linksys-coolerthanyou";-45;1171930590
00:16:B6:25:DC:CD;5626";-77;1171930590
00:0F:66:BA:83:18;linksys";-69;1171930590
00:0F:B3:42:41:45;PRD";-73;1171930591
00:14:BF:13:36:CB;Brooklyn";-83;1171930591
00:13:10:9D:9D:4E;linksys";-74;1171930591
00:14:BF:17:02:AB;linksys-coolerthanyou";-38;1171930591
00:16:B6:25:DC:CD;5626";-77;1171930591
00:0F:66:BA:83:18;linksys";-69;1171930591
00:0F:B3:42:41:45;PRD";-79;1171930593
00:14:BF:13:36:CB;Brooklyn";-83;1171930593
00:13:10:9D:9D:4E;linksys";-74;1171930593
00:14:BF:17:02:AB;linksys-coolerthanyou";-38;1171930593
00:16:B6:25:DC:CD;5626";-77;1171930593
00:0F:66:BA:83:18;linksys";-69;1171930593
00:0F:B3:42:41:45;PRD";-76;1171930594
00:14:BF:13:36:CB;Brooklyn";-83;1171930594
00:13:10:9D:9D:4E;linksys";-74;1171930594
00:14:BF:17:02:AB;linksys-coolerthanyou";-47;1171930594
00:16:B6:25:DC:CD;5626";-77;1171930594
00:0F:66:BA:83:18;linksys";-62;1171930594
00:0F:B3:42:41:45;PRD";-76;1171930595
00:14:BF:13:36:CB;Brooklyn";-83;1171930595
00:13:10:9D:9D:4E;linksys";-74;1171930595
00:14:BF:17:02:AB;linksys-coolerthanyou";-46;1171930595
00:16:B6:25:DC:CD;5626";-77;1171930595
00:0F:66:BA:83:18;linksys";-62;1171930595
00:0F:B3:42:41:45;PRD";-76;1171930596
00:14:BF:13:36:CB;Brooklyn";-83;1171930596
00:13:10:9D:9D:4E;linksys";-74;1171930596
00:14:BF:17:02:AB;linksys-coolerthanyou";-48;1171930596
00:16:B6:25:DC:CD;5626";-77;1171930596
00:0F:66:BA:83:18;linksys";-71;1171930596
00:0F:B3:42:41:45;PRD";-76;1171930598
00:14:BF:13:36:CB;Brooklyn";-83;1171930598
00:13:10:9D:9D:4E;linksys";-74;1171930598
00:14:BF:17:02:AB;linksys-coolerthanyou";-53;1171930598
00:16:B6:25:DC:CD;5626";-77;1171930598
00:0F:66:BA:83:18;linksys";-71;1171930598
00:0F:B3:42:41:45;PRD";-76;1171930599
00:14:BF:13:36:CB;Brooklyn";-83;1171930599
00:13:10:9D:9D:4E;linksys";-74;1171930599
00:14:BF:17:02:AB;linksys-coolerthanyou";-57;1171930599
00:16:B6:25:DC:CD;5626";-77;1171930599
00:0F:66:BA:83:18;linksys";-71;1171930599
00:0F:B3:42:41:45;PRD";-81;1171930600
00:14:BF:17:02:AB;linksys-coolerthanyou";-59;1171930600
00:0F:66:BA:83:18;linksys";-65;1171930600
00:0F:B3:42:41:45;PRD";-81;1171930601
00:14:BF:17:02:AB;linksys-coolerthanyou";-56;1171930601
00:0F:66:BA:83:18;linksys";-65;1171930601
00:0F:B3:42:41:45;PRD";-81;1171930603
00:14:BF:17:02:AB;linksys-coolerthanyou";-50;1171930603
00:0F:66:BA:83:18;linksys";-65;1171930603
00:0F:B3:42:41:45;PRD";-81;1171930604
00:14:BF:17:02:AB;linksys-coolerthanyou";-47;1171930604
00:0F:66:BA:83:18;linksys";-65;1171930604
00:0F:B3:42:41:45;PRD";-80;1171930605
00:14:BF:17:02:AB;linksys-coolerthanyou";-51;1171930605
00:0F:66:BA:83:18;linksys";-65;1171930605
00:0F:B3:42:41:45;PRD";-80;1171930606
00:14:BF:17:02:AB;linksys-coolerthanyou";-51;1171930606
00:0F:66:BA:83:18;linksys";-74;1171930606
00:0F:B3:42:41:45;PRD";-80;1171930608
00:14:BF:17:02:AB;linksys-coolerthanyou";-49;1171930608
00:0F:66:BA:83:18;linksys";-74;1171930608
00:0F:B3:42:41:45;PRD";-80;1171930609
00:14:BF:17:02:AB;linksys-coolerthanyou";-39;1171930609
00:0F:66:BA:83:18;linksys";-74;1171930609
00:0F:B3:42:41:45;PRD";-76;1171930610
00:14:BF:17:02:AB;linksys-coolerthanyou";-36;1171930610
00:0F:66:BA:83:18;linksys";-74;1171930610
00:0F:B3:42:41:45;PRD";-76;1171930611
00:14:BF:17:02:AB;linksys-coolerthanyou";-33;1171930611
00:0F:66:BA:83:18;linksys";-74;1171930611
00:0F:B3:42:41:45;PRD";-76;1171930613
00:14:BF:17:02:AB;linksys-coolerthanyou";-34;1171930613
00:16:B6:25:DC:CD;5626";-80;1171930613
00:0F:66:BA:83:18;linksys";-74;1171930613
00:0F:B3:42:41:45;PRD";-76;1171930614
00:14:BF:17:02:AB;linksys-coolerthanyou";-34;1171930614
00:16:B6:25:DC:CD;5626";-80;1171930614
00:0F:66:BA:83:18;linksys";-74;1171930614
00:0F:B3:42:41:45;PRD";-76;1171930615
00:14:BF:17:02:AB;linksys-coolerthanyou";-30;1171930615
00:16:B6:25:DC:CD;5626";-80;1171930615
00:0F:66:BA:83:18;linksys";-74;1171930615
00:0F:B3:42:41:45;PRD";-76;1171930616
00:14:BF:17:02:AB;linksys-coolerthanyou";-27;1171930616
00:16:B6:25:DC:CD;5626";-80;1171930616
00:0F:66:BA:83:18;linksys";-79;1171930616
00:0F:B3:42:41:45;PRD";-71;1171930618
00:14:BF:17:02:AB;linksys-coolerthanyou";-29;1171930618
00:16:B6:25:DC:CD;5626";-80;1171930618
00:0F:66:BA:83:18;linksys";-79;1171930618
00:0F:B3:42:41:45;PRD";-75;1171930619
00:14:BF:17:02:AB;linksys-coolerthanyou";-35;1171930619
00:16:B6:25:DC:CD;5626";-80;1171930619
00:0F:66:BA:83:18;linksys";-79;1171930619
00:0F:B3:42:41:45;PRD";-75;1171930620
00:13:10:9D:9D:4E;linksys";-78;1171930620
00:14:BF:17:02:AB;linksys-coolerthanyou";-41;1171930620
00:16:B6:25:DC:CD;5626";-80;1171930620
00:0F:66:BA:83:18;linksys";-79;1171930620
00:0F:B3:42:41:45;PRD";-62;1171930621
00:13:10:9D:9D:4E;linksys";-78;1171930621
00:14:BF:17:02:AB;linksys-coolerthanyou";-46;1171930621
00:16:B6:25:DC:CD;5626";-80;1171930621
00:0F:66:BA:83:18;linksys";-79;1171930621
00:0F:B3:42:41:45;PRD";-71;1171930623
00:13:10:9D:9D:4E;linksys";-78;1171930623
00:14:BF:17:02:AB;linksys-coolerthanyou";-51;1171930623
00:16:B6:25:DC:CD;5626";-80;1171930623
00:0F:66:BA:83:18;linksys";-79;1171930623
00:0F:B3:42:41:45;PRD";-68;1171930624
00:13:10:9D:9D:4E;linksys";-78;1171930624
00:14:BF:17:02:AB;linksys-coolerthanyou";-52;1171930624
00:16:B6:25:DC:CD;5626";-80;1171930624
00:0F:66:BA:83:18;linksys";-79;1171930624
00:0F:B3:42:41:45;PRD";-68;1171930625
00:13:10:9D:9D:4E;linksys";-78;1171930625
00:14:BF:17:02:AB;linksys-coolerthanyou";-52;1171930625
00:16:B6:25:DC:CD;5626";-80;1171930625
00:0F:66:BA:83:18;linksys";-79;1171930625
00:0F:B3:42:41:45;PRD";-71;1171930626
00:13:10:9D:9D:4E;linksys";-78;1171930626
00:14:BF:17:02:AB;linksys-coolerthanyou";-47;1171930626
00:16:B6:25:DC:CD;5626";-80;1171930626
00:0F:66:BA:83:18;linksys";-79;1171930626
00:0F:B3:42:41:45;PRD";-71;1171930628
00:13:10:9D:9D:4E;linksys";-78;1171930628
00:14:BF:17:02:AB;linksys-coolerthanyou";-47;1171930628
00:0F:66:BA:83:18;linksys";-80;1171930628
00:0F:B3:42:41:45;PRD";-71;1171930629
00:13:10:9D:9D:4E;linksys";-78;1171930629
00:14:BF:17:02:AB;linksys-coolerthanyou";-46;1171930629
00:0F:66:BA:83:18;linksys";-80;1171930629
00:0F:B3:42:41:45;PRD";-71;1171930630
00:13:10:9D:9D:4E;linksys";-78;1171930630
00:14:BF:17:02:AB;linksys-coolerthanyou";-48;1171930630
00:0F:66:BA:83:18;linksys";-80;1171930630
00:0F:B3:42:41:45;PRD";-74;1171930632
00:13:10:9D:9D:4E;linksys";-78;1171930632
00:14:BF:17:02:AB;linksys-coolerthanyou";-47;1171930632
00:0F:66:BA:83:18;linksys";-80;1171930632
00:0F:B3:42:41:45;PRD";-74;1171930633
00:13:10:9D:9D:4E;linksys";-78;1171930633
00:14:BF:17:02:AB;linksys-coolerthanyou";-46;1171930633
00:0F:66:BA:83:18;linksys";-81;1171930633
00:0F:B3:42:41:45;PRD";-74;1171930634
00:13:10:9D:9D:4E;linksys";-78;1171930634
00:14:BF:17:02:AB;linksys-coolerthanyou";-46;1171930634
00:0F:66:BA:83:18;linksys";-81;1171930634
00:0F:B3:42:41:45;PRD";-72;1171930635
00:14:BF:17:02:AB;linksys-coolerthanyou";-46;1171930635
00:0F:66:BA:83:18;linksys";-81;1171930635
00:0F:B3:42:41:45;PRD";-71;1171930637
00:14:BF:17:02:AB;linksys-coolerthanyou";-52;1171930637
00:0F:66:BA:83:18;linksys";-81;1171930637
00:0F:B3:42:41:45;PRD";-71;1171930638
00:14:BF:17:02:AB;linksys-coolerthanyou";-46;1171930638
00:0F:66:BA:83:18;linksys";-82;1171930638
00:0F:B3:42:41:45;PRD";-71;1171930639
00:14:BF:17:02:AB;linksys-coolerthanyou";-46;1171930639
00:0F:66:BA:83:18;linksys";-82;1171930639
00:0F:B3:42:41:45;PRD";-81;1171930640
00:14:BF:17:02:AB;linksys-coolerthanyou";-47;1171930640
00:0F:66:BA:83:18;linksys";-81;1171930640
00:0F:B3:42:41:45;PRD";-74;1171930642
00:14:BF:17:02:AB;linksys-coolerthanyou";-47;1171930642
00:0F:66:BA:83:18;linksys";-81;1171930642
00:0F:B3:42:41:45;PRD";-76;1171930643
00:14:BF:17:02:AB;linksys-coolerthanyou";-47;1171930643
00:0F:66:BA:83:18;linksys";-79;1171930643
00:0F:B3:42:41:45;PRD";-76;1171930644
00:14:BF:17:02:AB;linksys-coolerthanyou";-46;1171930644
00:0F:66:BA:83:18;linksys";-79;1171930644
00:0F:B3:42:41:45;PRD";-74;1171930645
00:14:BF:17:02:AB;linksys-coolerthanyou";-47;1171930645
00:0F:66:BA:83:18;linksys";-78;1171930645
00:0F:B3:42:41:45;PRD";-67;1171930647
00:14:BF:17:02:AB;linksys-coolerthanyou";-47;1171930647
00:0F:66:BA:83:18;linksys";-78;1171930647
00:0F:B3:42:41:45;PRD";-76;1171930648
00:14:BF:17:02:AB;linksys-coolerthanyou";-47;1171930648
00:0F:66:BA:83:18;linksys";-79;1171930648
00:0F:B3:42:41:45;PRD";-71;1171930649
00:14:BF:17:02:AB;linksys-coolerthanyou";-48;1171930649
00:0F:66:BA:83:18;linksys";-79;1171930649
00:0F:B3:42:41:45;PRD";-72;1171930650
00:14:BF:17:02:AB;linksys-coolerthanyou";-49;1171930650
00:0F:66:BA:83:18;linksys";-81;1171930650
00:0F:B3:42:41:45;PRD";-72;1171930652
00:14:BF:17:02:AB;linksys-coolerthanyou";-48;1171930652
00:0F:66:BA:83:18;linksys";-81;1171930652
00:0F:B3:42:41:45;PRD";-71;1171930653
00:14:BF:17:02:AB;linksys-coolerthanyou";-52;1171930653
00:0F:66:BA:83:18;linksys";-81;1171930653
00:0F:B3:42:41:45;PRD";-74;1171930654
00:14:BF:17:02:AB;linksys-coolerthanyou";-49;1171930654
00:0F:66:BA:83:18;linksys";-81;1171930654
00:0F:B3:42:41:45;PRD";-73;1171930655
00:14:BF:17:02:AB;linksys-coolerthanyou";-45;1171930655
00:0F:66:BA:83:18;linksys";-85;1171930655
00:0F:B3:42:41:45;PRD";-71;1171930657
00:14:BF:17:02:AB;linksys-coolerthanyou";-46;1171930657
00:0F:66:BA:83:18;linksys";-85;1171930657
00:0F:B3:42:41:45;PRD";-73;1171930658
00:14:BF:17:02:AB;linksys-coolerthanyou";-46;1171930658
00:0F:66:BA:83:18;linksys";-78;1171930658
00:0F:B3:42:41:45;PRD";-74;1171930659
00:14:BF:17:02:AB;linksys-coolerthanyou";-46;1171930659
00:0F:66:BA:83:18;linksys";-78;1171930659
00:0F:B3:42:41:45;PRD";-73;1171930660
00:14:BF:17:02:AB;linksys-coolerthanyou";-46;1171930660
00:0F:66:BA:83:18;linksys";-81;1171930660
00:0F:B3:42:41:45;PRD";-72;1171930662
00:14:BF:17:02:AB;linksys-coolerthanyou";-46;1171930662
00:0F:66:BA:83:18;linksys";-81;1171930662
00:0F:B3:42:41:45;PRD";-73;1171930663
00:14:BF:17:02:AB;linksys-coolerthanyou";-46;1171930663
00:0F:66:BA:83:18;linksys";-81;1171930663
00:0F:B3:42:41:45;PRD";-73;1171930664
00:14:BF:17:02:AB;linksys-coolerthanyou";-46;1171930664
00:0F:66:BA:83:18;linksys";-81;1171930664
00:0F:B3:42:41:45;PRD";-73;1171930665
00:14:BF:17:02:AB;linksys-coolerthanyou";-45;1171930665
00:0F:66:BA:83:18;linksys";-81;1171930665
00:0F:B3:42:41:45;PRD";-72;1171930667
00:14:BF:17:02:AB;linksys-coolerthanyou";-46;1171930667
00:0F:66:BA:83:18;linksys";-81;1171930667
00:0F:B3:42:41:45;PRD";-77;1171930668
00:14:BF:17:02:AB;linksys-coolerthanyou";-46;1171930668
00:0F:66:BA:83:18;linksys";-80;1171930668
00:0F:B3:42:41:45;PRD";-77;1171930669
00:14:BF:17:02:AB;linksys-coolerthanyou";-45;1171930669
00:0F:66:BA:83:18;linksys";-80;1171930669
00:0F:B3:42:41:45;PRD";-79;1171930670
00:14:BF:17:02:AB;linksys-coolerthanyou";-46;1171930670
00:0F:66:BA:83:18;linksys";-80;1171930670
00:0F:B3:42:41:45;PRD";-75;1171930672
00:14:BF:17:02:AB;linksys-coolerthanyou";-46;1171930672
00:0F:66:BA:83:18;linksys";-80;1171930672
00:0F:B3:42:41:45;PRD";-74;1171930673
00:14:BF:17:02:AB;linksys-coolerthanyou";-46;1171930673
00:0F:66:BA:83:18;linksys";-80;1171930673
00:0F:B3:42:41:45;PRD";-75;1171930674
00:14:BF:17:02:AB;linksys-coolerthanyou";-45;1171930674
00:0F:66:BA:83:18;linksys";-80;1171930674
00:0F:B3:42:41:45;PRD";-74;1171930675
00:14:BF:17:02:AB;linksys-coolerthanyou";-46;1171930675
00:0F:66:BA:83:18;linksys";-80;1171930675
00:0F:B3:42:41:45;PRD";-74;1171930677
00:14:BF:17:02:AB;linksys-coolerthanyou";-45;1171930677
00:0F:66:BA:83:18;linksys";-80;1171930677
00:0F:B3:42:41:45;PRD";-77;1171930678
00:14:BF:17:02:AB;linksys-coolerthanyou";-46;1171930678
00:0F:66:BA:83:18;linksys";-80;1171930678
00:0F:B3:42:41:45;PRD";-75;1171930679
00:14:BF:17:02:AB;linksys-coolerthanyou";-45;1171930679
00:0F:66:BA:83:18;linksys";-80;1171930679
00:0F:B3:42:41:45;PRD";-75;1171930680
00:14:BF:17:02:AB;linksys-coolerthanyou";-45;1171930680
00:0F:66:BA:83:18;linksys";-83;1171930680
00:0F:B3:42:41:45;PRD";-75;1171930682
00:14:BF:17:02:AB;linksys-coolerthanyou";-46;1171930682
00:0F:66:BA:83:18;linksys";-83;1171930682
00:0F:B3:42:41:45;PRD";-75;1171930683
00:14:BF:17:02:AB;linksys-coolerthanyou";-46;1171930683
00:0F:66:BA:83:18;linksys";-83;1171930683
00:0F:B3:42:41:45;PRD";-76;1171930684
00:14:BF:17:02:AB;linksys-coolerthanyou";-46;1171930684
00:0F:66:BA:83:18;linksys";-83;1171930684
00:0F:B3:42:41:45;PRD";-74;1171930685
00:14:BF:17:02:AB;linksys-coolerthanyou";-45;1171930685
00:0F:66:BA:83:18;linksys";-83;1171930685
00:0F:B3:42:41:45;PRD";-74;1171930687
00:14:BF:17:02:AB;linksys-coolerthanyou";-46;1171930687
00:0F:66:BA:83:18;linksys";-83;1171930687
00:0F:B3:42:41:45;PRD";-74;1171930688
00:14:BF:17:02:AB;linksys-coolerthanyou";-46;1171930688
00:0F:66:BA:83:18;linksys";-80;1171930688
00:0F:B3:42:41:45;PRD";-74;1171930689
00:14:BF:17:02:AB;linksys-coolerthanyou";-45;1171930689
00:0F:66:BA:83:18;linksys";-80;1171930689
00:0F:B3:42:41:45;PRD";-76;1171930690
00:14:BF:17:02:AB;linksys-coolerthanyou";-45;1171930690
00:0F:66:BA:83:18;linksys";-83;1171930690
00:0F:B3:42:41:45;PRD";-76;1171930692
00:14:BF:17:02:AB;linksys-coolerthanyou";-46;1171930692
00:0F:66:BA:83:18;linksys";-83;1171930692
00:0F:B3:42:41:45;PRD";-73;1171930693
00:14:BF:17:02:AB;linksys-coolerthanyou";-46;1171930693
00:0F:66:BA:83:18;linksys";-83;1171930693
00:0F:B3:42:41:45;PRD";-74;1171930694
00:14:BF:17:02:AB;linksys-coolerthanyou";-46;1171930694
00:0F:66:BA:83:18;linksys";-83;1171930694
00:0F:B3:42:41:45;PRD";-73;1171930695
00:14:BF:17:02:AB;linksys-coolerthanyou";-46;1171930695
00:0F:66:BA:83:18;linksys";-83;1171930695
00:0F:B3:42:41:45;PRD";-74;1171930697
00:14:BF:17:02:AB;linksys-coolerthanyou";-45;1171930697
00:0F:66:BA:83:18;linksys";-83;1171930697
00:0F:B3:42:41:45;PRD";-74;1171930698
00:14:BF:17:02:AB;linksys-coolerthanyou";-46;1171930698
00:0F:66:BA:83:18;linksys";-83;1171930698
00:0F:B3:42:41:45;PRD";-74;1171930699
00:14:BF:17:02:AB;linksys-coolerthanyou";-46;1171930699
00:0F:66:BA:83:18;linksys";-83;1171930699
00:0F:B3:42:41:45;PRD";-74;1171930700
00:14:BF:17:02:AB;linksys-coolerthanyou";-46;1171930700
00:0F:66:BA:83:18;linksys";-80;1171930700
00:0F:B3:42:41:45;PRD";-74;1171930702
00:14:BF:17:02:AB;linksys-coolerthanyou";-46;1171930702
00:0F:66:BA:83:18;linksys";-80;1171930702
00:0F:B3:42:41:45;PRD";-73;1171930703
00:14:BF:17:02:AB;linksys-coolerthanyou";-46;1171930703
00:0F:66:BA:83:18;linksys";-80;1171930703
00:0F:B3:42:41:45;PRD";-74;1171930704
00:14:BF:17:02:AB;linksys-coolerthanyou";-45;1171930704
00:0F:66:BA:83:18;linksys";-80;1171930704
00:0F:B3:42:41:45;PRD";-76;1171930705
00:14:BF:17:02:AB;linksys-coolerthanyou";-46;1171930705
00:0F:66:BA:83:18;linksys";-80;1171930705
00:0F:B3:42:41:45;PRD";-76;1171930707
00:14:BF:17:02:AB;linksys-coolerthanyou";-46;1171930707
00:0F:66:BA:83:18;linksys";-80;1171930707
00:0F:B3:42:41:45;PRD";-74;1171930708
00:14:BF:17:02:AB;linksys-coolerthanyou";-45;1171930708
00:0F:66:BA:83:18;linksys";-85;1171930708
00:0F:B3:42:41:45;PRD";-75;1171930709
00:14:BF:17:02:AB;linksys-coolerthanyou";-46;1171930709
00:0F:66:BA:83:18;linksys";-85;1171930709
00:0F:B3:42:41:45;PRD";-75;1171930710
00:14:BF:17:02:AB;linksys-coolerthanyou";-46;1171930710
00:0F:66:BA:83:18;linksys";-84;1171930710
00:0F:B3:42:41:45;PRD";-74;1171930712
00:14:BF:17:02:AB;linksys-coolerthanyou";-45;1171930712
00:0F:66:BA:83:18;linksys";-84;1171930712
00:0F:B3:42:41:45;PRD";-76;1171930713
00:14:BF:17:02:AB;linksys-coolerthanyou";-45;1171930713
00:0F:66:BA:83:18;linksys";-84;1171930713
00:0F:B3:42:41:45;PRD";-76;1171930714
00:14:BF:17:02:AB;linksys-coolerthanyou";-46;1171930714
00:0F:66:BA:83:18;linksys";-84;1171930714
00:0F:B3:42:41:45;PRD";-74;1171930715
00:14:BF:17:02:AB;linksys-coolerthanyou";-46;1171930715
00:0F:66:BA:83:18;linksys";-84;1171930715
00:0F:B3:42:41:45;PRD";-74;1171930717
00:14:BF:17:02:AB;linksys-coolerthanyou";-46;1171930717
00:0F:66:BA:83:18;linksys";-84;1171930717
00:0F:B3:42:41:45;PRD";-75;1171930718
00:14:BF:17:02:AB;linksys-coolerthanyou";-46;1171930718
00:0F:66:BA:83:18;linksys";-79;1171930718
00:0F:B3:42:41:45;PRD";-75;1171930719
00:14:BF:17:02:AB;linksys-coolerthanyou";-46;1171930719
00:0F:66:BA:83:18;linksys";-79;1171930719
00:0F:B3:42:41:45;PRD";-75;1171930720
00:14:BF:17:02:AB;linksys-coolerthanyou";-45;1171930720
00:0F:66:BA:83:18;linksys";-83;1171930720
00:0F:B3:42:41:45;PRD";-74;1171930722
00:14:BF:17:02:AB;linksys-coolerthanyou";-45;1171930722
00:0F:66:BA:83:18;linksys";-83;1171930722
00:0F:B3:42:41:45;PRD";-74;1171930723
00:14:BF:17:02:AB;linksys-coolerthanyou";-46;1171930723
00:0F:66:BA:83:18;linksys";-79;1171930723
00:0F:B3:42:41:45;PRD";-74;1171930724
00:14:BF:17:02:AB;linksys-coolerthanyou";-46;1171930724
00:0F:66:BA:83:18;linksys";-79;1171930724
00:0F:B3:42:41:45;PRD";-73;1171930726
00:14:BF:17:02:AB;linksys-coolerthanyou";-46;1171930726
00:0F:66:BA:83:18;linksys";-83;1171930726
00:0F:B3:42:41:45;PRD";-73;1171930727
00:14:BF:17:02:AB;linksys-coolerthanyou";-46;1171930727
00:0F:66:BA:83:18;linksys";-83;1171930727
00:0F:B3:42:41:45;PRD";-76;1171930728
00:14:BF:17:02:AB;linksys-coolerthanyou";-46;1171930728
00:0F:66:BA:83:18;linksys";-83;1171930728
00:0F:B3:42:41:45;PRD";-76;1171930729
00:14:BF:17:02:AB;linksys-coolerthanyou";-45;1171930729
00:0F:66:BA:83:18;linksys";-83;1171930729
00:0F:B3:42:41:45;PRD";-79;1171930731
00:14:BF:17:02:AB;linksys-coolerthanyou";-45;1171930731
00:0F:66:BA:83:18;linksys";-80;1171930731
00:0F:B3:42:41:45;PRD";-79;1171930732
00:14:BF:17:02:AB;linksys-coolerthanyou";-46;1171930732
00:0F:66:BA:83:18;linksys";-80;1171930732
00:0F:B3:42:41:45;PRD";-75;1171930733
00:14:BF:17:02:AB;linksys-coolerthanyou";-46;1171930733
00:0F:66:BA:83:18;linksys";-84;1171930733
00:0F:B3:42:41:45;PRD";-75;1171930734
00:14:BF:17:02:AB;linksys-coolerthanyou";-46;1171930734
00:0F:66:BA:83:18;linksys";-84;1171930734
00:0F:B3:42:41:45;PRD";-74;1171930736
00:14:BF:17:02:AB;linksys-coolerthanyou";-46;1171930736
00:0F:66:BA:83:18;linksys";-83;1171930736
00:0F:B3:42:41:45;PRD";-75;1171930737
00:14:BF:17:02:AB;linksys-coolerthanyou";-46;1171930737
00:0F:66:BA:83:18;linksys";-83;1171930737
00:0F:B3:42:41:45;PRD";-74;1171930738
00:14:BF:17:02:AB;linksys-coolerthanyou";-46;1171930738
00:0F:66:BA:83:18;linksys";-80;1171930738
00:0F:B3:42:41:45;PRD";-74;1171930739
00:14:BF:17:02:AB;linksys-coolerthanyou";-46;1171930739
00:0F:66:BA:83:18;linksys";-80;1171930739
00:0F:B3:42:41:45;PRD";-77;1171930741
00:14:BF:17:02:AB;linksys-coolerthanyou";-46;1171930741
00:0F:66:BA:83:18;linksys";-82;1171930741
00:0F:B3:42:41:45;PRD";-77;1171930742
00:14:BF:17:02:AB;linksys-coolerthanyou";-46;1171930742
00:0F:66:BA:83:18;linksys";-82;1171930742
00:0F:B3:42:41:45;PRD";-75;1171930743
00:14:BF:17:02:AB;linksys-coolerthanyou";-46;1171930743
00:0F:66:BA:83:18;linksys";-80;1171930743
00:0F:B3:42:41:45;PRD";-75;1171930744
00:14:BF:17:02:AB;linksys-coolerthanyou";-46;1171930744
00:0F:66:BA:83:18;linksys";-80;1171930744
00:0F:B3:42:41:45;PRD";-75;1171930746
00:14:BF:17:02:AB;linksys-coolerthanyou";-46;1171930746
00:0F:66:BA:83:18;linksys";-83;1171930746
00:0F:B3:42:41:45;PRD";-74;1171930747
00:14:BF:17:02:AB;linksys-coolerthanyou";-46;1171930747
00:0F:66:BA:83:18;linksys";-83;1171930747
00:0F:B3:42:41:45;PRD";-75;1171930748
00:14:BF:17:02:AB;linksys-coolerthanyou";-46;1171930748
00:0F:66:BA:83:18;linksys";-79;1171930748
00:0F:B3:42:41:45;PRD";-75;1171930749
00:14:BF:17:02:AB;linksys-coolerthanyou";-46;1171930749
00:0F:66:BA:83:18;linksys";-79;1171930749
00:0F:B3:42:41:45;PRD";-74;1171930751
00:14:BF:17:02:AB;linksys-coolerthanyou";-46;1171930751
00:0F:66:BA:83:18;linksys";-79;1171930751
00:0F:B3:42:41:45;PRD";-74;1171930752
00:14:BF:17:02:AB;linksys-coolerthanyou";-46;1171930752
00:0F:66:BA:83:18;linksys";-79;1171930752
00:0F:B3:42:41:45;PRD";-76;1171930753
00:14:BF:17:02:AB;linksys-coolerthanyou";-46;1171930753
00:0F:66:BA:83:18;linksys";-79;1171930753
00:0F:B3:42:41:45;PRD";-74;1171930754
00:14:BF:17:02:AB;linksys-coolerthanyou";-46;1171930754
00:0F:66:BA:83:18;linksys";-79;1171930754
00:0F:B3:42:41:45;PRD";-74;1171930756
00:14:BF:17:02:AB;linksys-coolerthanyou";-46;1171930756
00:0F:66:BA:83:18;linksys";-79;1171930756
00:0F:B3:42:41:45;PRD";-74;1171930757
00:14:BF:17:02:AB;linksys-coolerthanyou";-45;1171930757
00:0F:66:BA:83:18;linksys";-79;1171930757
00:0F:B3:42:41:45;PRD";-74;1171930758
00:14:BF:17:02:AB;linksys-coolerthanyou";-46;1171930758
00:0F:66:BA:83:18;linksys";-80;1171930758
00:0F:B3:42:41:45;PRD";-73;1171930759
00:14:BF:17:02:AB;linksys-coolerthanyou";-46;1171930759
00:0F:66:BA:83:18;linksys";-80;1171930759
00:0F:B3:42:41:45;PRD";-73;1171930761
00:14:BF:17:02:AB;linksys-coolerthanyou";-46;1171930761
00:0F:66:BA:83:18;linksys";-82;1171930761
00:0F:B3:42:41:45;PRD";-74;1171930762
00:14:BF:17:02:AB;linksys-coolerthanyou";-46;1171930762
00:0F:66:BA:83:18;linksys";-82;1171930762
00:0F:B3:42:41:45;PRD";-73;1171930763
00:14:BF:17:02:AB;linksys-coolerthanyou";-46;1171930763
00:0F:66:BA:83:18;linksys";-80;1171930763
00:0F:B3:42:41:45;PRD";-72;1171930764
00:14:BF:17:02:AB;linksys-coolerthanyou";-47;1171930764
00:0F:66:BA:83:18;linksys";-80;1171930764
00:0F:B3:42:41:45;PRD";-79;1171930766
00:14:BF:17:02:AB;linksys-coolerthanyou";-46;1171930766
00:0F:66:BA:83:18;linksys";-80;1171930766
00:0F:B3:42:41:45;PRD";-69;1171930767
00:14:BF:17:02:AB;linksys-coolerthanyou";-46;1171930767
00:0F:66:BA:83:18;linksys";-80;1171930767
00:0F:B3:42:41:45;PRD";-66;1171930768
00:14:BF:17:02:AB;linksys-coolerthanyou";-50;1171930768
00:0F:66:BA:83:18;linksys";-80;1171930768
00:0F:B3:42:41:45;PRD";-67;1171930769
00:14:BF:17:02:AB;linksys-coolerthanyou";-50;1171930769
00:0F:66:BA:83:18;linksys";-80;1171930769
00:0F:B3:42:41:45;PRD";-68;1171930771
00:14:BF:17:02:AB;linksys-coolerthanyou";-51;1171930771
00:0F:66:BA:83:18;linksys";-79;1171930771
00:0F:B3:42:41:45;PRD";-68;1171930772
00:14:BF:17:02:AB;linksys-coolerthanyou";-51;1171930772
00:0F:66:BA:83:18;linksys";-79;1171930772
00:0F:B3:42:41:45;PRD";-69;1171930773
00:14:BF:17:02:AB;linksys-coolerthanyou";-51;1171930773
00:0F:66:BA:83:18;linksys";-83;1171930773
00:0F:B3:42:41:45;PRD";-69;1171930774
00:14:BF:17:02:AB;linksys-coolerthanyou";-50;1171930774
00:0F:66:BA:83:18;linksys";-83;1171930774
00:0F:B3:42:41:45;PRD";-69;1171930776
00:14:BF:17:02:AB;linksys-coolerthanyou";-51;1171930776
00:0F:66:BA:83:18;linksys";-83;1171930776
00:0F:B3:42:41:45;PRD";-70;1171930777
00:14:BF:17:02:AB;linksys-coolerthanyou";-50;1171930777
00:0F:66:BA:83:18;linksys";-83;1171930777
00:0F:B3:42:41:45;PRD";-71;1171930778
00:14:BF:17:02:AB;linksys-coolerthanyou";-50;1171930778
00:0F:66:BA:83:18;linksys";-83;1171930778
00:0F:B3:42:41:45;PRD";-68;1171930779
00:14:BF:17:02:AB;linksys-coolerthanyou";-50;1171930779
00:0F:66:BA:83:18;linksys";-83;1171930779
00:0F:B3:42:41:45;PRD";-68;1171930781
00:14:BF:17:02:AB;linksys-coolerthanyou";-50;1171930781
00:0F:66:BA:83:18;linksys";-83;1171930781
00:0F:B3:42:41:45;PRD";-68;1171930782
00:14:BF:17:02:AB;linksys-coolerthanyou";-51;1171930782
00:0F:66:BA:83:18;linksys";-83;1171930782
00:0F:B3:42:41:45;PRD";-70;1171930783
00:14:BF:17:02:AB;linksys-coolerthanyou";-50;1171930783
00:0F:66:BA:83:18;linksys";-83;1171930783
00:0F:B3:42:41:45;PRD";-69;1171930784
00:14:BF:17:02:AB;linksys-coolerthanyou";-51;1171930784
00:0F:66:BA:83:18;linksys";-83;1171930784
00:0F:B3:42:41:45;PRD";-69;1171930786
00:14:BF:17:02:AB;linksys-coolerthanyou";-50;1171930786
00:0F:66:BA:83:18;linksys";-79;1171930786
00:0F:B3:42:41:45;PRD";-71;1171930787
00:14:BF:17:02:AB;linksys-coolerthanyou";-51;1171930787
00:0F:66:BA:83:18;linksys";-79;1171930787
00:0F:B3:42:41:45;PRD";-72;1171930788
00:14:BF:17:02:AB;linksys-coolerthanyou";-53;1171930788
00:0F:66:BA:83:18;linksys";-81;1171930788
00:0F:B3:42:41:45;PRD";-72;1171930789
00:14:BF:17:02:AB;linksys-coolerthanyou";-56;1171930789
00:0F:66:BA:83:18;linksys";-80;1171930789
00:0F:B3:42:41:45;PRD";-69;1171930791
00:14:BF:17:02:AB;linksys-coolerthanyou";-49;1171930791
00:0F:66:BA:83:18;linksys";-80;1171930791
00:0F:B3:42:41:45;PRD";-71;1171930792
00:14:BF:17:02:AB;linksys-coolerthanyou";-51;1171930792
00:0F:66:BA:83:18;linksys";-80;1171930792
00:0F:B3:42:41:45;PRD";-69;1171930793
00:14:BF:17:02:AB;linksys-coolerthanyou";-50;1171930793
00:0F:66:BA:83:18;linksys";-81;1171930793
00:0F:B3:42:41:45;PRD";-72;1171930794
00:14:BF:17:02:AB;linksys-coolerthanyou";-52;1171930794
00:0F:66:BA:83:18;linksys";-81;1171930794
00:0F:B3:42:41:45;PRD";-71;1171930796
00:14:BF:17:02:AB;linksys-coolerthanyou";-53;1171930796
00:0F:66:BA:83:18;linksys";-80;1171930796
00:0F:B3:42:41:45;PRD";-72;1171930797
00:14:BF:17:02:AB;linksys-coolerthanyou";-53;1171930797
00:0F:66:BA:83:18;linksys";-80;1171930797
00:0F:B3:42:41:45;PRD";-73;1171930798
00:14:BF:17:02:AB;linksys-coolerthanyou";-52;1171930798
00:0F:66:BA:83:18;linksys";-80;1171930798
00:0F:B3:42:41:45;PRD";-69;1171930799
00:14:BF:17:02:AB;linksys-coolerthanyou";-51;1171930799
00:0F:66:BA:83:18;linksys";-80;1171930799
00:0F:B3:42:41:45;PRD";-71;1171930801
00:14:BF:17:02:AB;linksys-coolerthanyou";-51;1171930801
00:0F:66:BA:83:18;linksys";-82;1171930801
00:0F:B3:42:41:45;PRD";-72;1171930802
00:14:BF:17:02:AB;linksys-coolerthanyou";-54;1171930802
00:0F:66:BA:83:18;linksys";-77;1171930802
00:0F:B3:42:41:45;PRD";-74;1171930803
00:14:BF:17:02:AB;linksys-coolerthanyou";-53;1171930803
00:0F:66:BA:83:18;linksys";-81;1171930803
00:0F:B3:42:41:45;PRD";-77;1171930804
00:14:BF:17:02:AB;linksys-coolerthanyou";-51;1171930804
00:0F:66:BA:83:18;linksys";-81;1171930804
00:0F:B3:42:41:45;PRD";-67;1171930806
00:14:BF:17:02:AB;linksys-coolerthanyou";-50;1171930806
00:0F:66:BA:83:18;linksys";-80;1171930806
00:0F:B3:42:41:45;PRD";-62;1171930807
00:13:10:9D:9D:4E;linksys";-77;1171930807
00:14:BF:17:02:AB;linksys-coolerthanyou";-52;1171930807
00:0F:66:BA:83:18;linksys";-80;1171930807
00:0F:B3:42:41:45;PRD";-65;1171930808
00:13:10:9D:9D:4E;linksys";-77;1171930808
00:14:BF:17:02:AB;linksys-coolerthanyou";-48;1171930808
00:0F:66:BA:83:18;linksys";-77;1171930808
00:0F:B3:42:41:45;PRD";-62;1171930809
00:13:10:9D:9D:4E;linksys";-77;1171930809
00:14:BF:17:02:AB;linksys-coolerthanyou";-41;1171930809
00:0F:66:BA:83:18;linksys";-77;1171930809
00:0F:B3:42:41:45;PRD";-61;1171930811
00:13:10:9D:9D:4E;linksys";-79;1171930811
00:14:BF:17:02:AB;linksys-coolerthanyou";-44;1171930811
00:0F:66:BA:83:18;linksys";-81;1171930811
00:0F:B3:42:41:45;PRD";-66;1171930812
00:13:10:9D:9D:4E;linksys";-82;1171930812
00:14:BF:17:02:AB;linksys-coolerthanyou";-51;1171930812
00:0F:66:BA:83:18;linksys";-81;1171930812
00:0F:B3:42:41:45;PRD";-67;1171930813
00:13:10:9D:9D:4E;linksys";-79;1171930813
00:14:BF:17:02:AB;linksys-coolerthanyou";-49;1171930813
00:0F:66:BA:83:18;linksys";-81;1171930813
00:0F:B3:42:41:45;PRD";-66;1171930814
00:13:10:9D:9D:4E;linksys";-79;1171930814
00:14:BF:17:02:AB;linksys-coolerthanyou";-41;1171930814
00:0F:66:BA:83:18;linksys";-81;1171930814
00:0F:B3:42:41:45;PRD";-61;1171930816
00:13:10:9D:9D:4E;linksys";-82;1171930816
00:14:BF:17:02:AB;linksys-coolerthanyou";-47;1171930816
00:0F:66:BA:83:18;linksys";-81;1171930816
00:0F:B3:42:41:45;PRD";-77;1171930817
00:13:10:9D:9D:4E;linksys";-82;1171930817
00:14:BF:17:02:AB;linksys-coolerthanyou";-40;1171930817
00:0F:66:BA:83:18;linksys";-69;1171930817
00:0F:B3:42:41:45;PRD";-70;1171930818
00:13:10:9D:9D:4E;linksys";-82;1171930818
00:14:BF:17:02:AB;linksys-coolerthanyou";-31;1171930818
00:0F:66:BA:83:18;linksys";-69;1171930818
00:0F:B3:42:41:45;PRD";-74;1171930820
00:13:10:9D:9D:4E;linksys";-82;1171930820
00:14:BF:17:02:AB;linksys-coolerthanyou";-28;1171930820
00:0F:66:BA:83:18;linksys";-69;1171930820
00:0F:B3:42:41:45;PRD";-77;1171930821
00:13:10:9D:9D:4E;linksys";-82;1171930821
00:14:BF:17:02:AB;linksys-coolerthanyou";-34;1171930821
00:0F:66:BA:83:18;linksys";-69;1171930821
00:0F:B3:42:41:45;PRD";-77;1171930822
00:13:10:9D:9D:4E;linksys";-82;1171930822
00:14:BF:17:02:AB;linksys-coolerthanyou";-34;1171930822
00:0F:66:BA:83:18;linksys";-69;1171930822
00:0F:B3:42:41:45;PRD";-76;1171930823
00:13:10:9D:9D:4E;linksys";-82;1171930823
00:14:BF:17:02:AB;linksys-coolerthanyou";-34;1171930823
00:0F:66:BA:83:18;linksys";-69;1171930823
00:0F:B3:42:41:45;PRD";-74;1171930825
00:13:10:9D:9D:4E;linksys";-82;1171930825
00:14:BF:17:02:AB;linksys-coolerthanyou";-42;1171930825
00:0F:66:BA:83:18;linksys";-69;1171930825
00:0F:B3:42:41:45;PRD";-74;1171930826
00:13:10:9D:9D:4E;linksys";-82;1171930826
00:14:BF:17:02:AB;linksys-coolerthanyou";-31;1171930826
00:0F:66:BA:83:18;linksys";-69;1171930826
00:0F:B3:42:41:45;PRD";-74;1171930827
00:13:10:9D:9D:4E;linksys";-82;1171930827
00:14:BF:17:02:AB;linksys-coolerthanyou";-35;1171930827
00:0F:66:BA:83:18;linksys";-83;1171930827
00:0F:B3:42:41:45;PRD";-74;1171930828
00:13:10:9D:9D:4E;linksys";-82;1171930828
00:14:BF:17:02:AB;linksys-coolerthanyou";-31;1171930828
00:0F:66:BA:83:18;linksys";-83;1171930828
00:0F:B3:42:41:45;PRD";-74;1171930830
00:13:10:9D:9D:4E;linksys";-82;1171930830
00:14:BF:17:02:AB;linksys-coolerthanyou";-27;1171930830
00:0F:66:BA:83:18;linksys";-78;1171930830
00:0F:B3:42:41:45;PRD";-70;1171930831
00:14:BF:17:02:AB;linksys-coolerthanyou";-27;1171930831
00:0F:66:BA:83:18;linksys";-71;1171930831
00:0F:B3:42:41:45;PRD";-70;1171930832
00:14:BF:17:02:AB;linksys-coolerthanyou";-27;1171930832
00:0F:66:BA:83:18;linksys";-76;1171930832
00:0F:B3:42:41:45;PRD";-70;1171930833
00:14:BF:17:02:AB;linksys-coolerthanyou";-31;1171930833
00:0F:66:BA:83:18;linksys";-71;1171930833
00:0F:B3:42:41:45;PRD";-70;1171930835
00:14:BF:17:02:AB;linksys-coolerthanyou";-28;1171930835
00:0F:66:BA:83:18;linksys";-75;1171930835
00:0F:B3:42:41:45;PRD";-70;1171930836
00:14:BF:17:02:AB;linksys-coolerthanyou";-27;1171930836
00:0F:66:BA:83:18;linksys";-75;1171930836
00:0F:B3:42:41:45;PRD";-74;1171930837
00:14:BF:17:02:AB;linksys-coolerthanyou";-28;1171930837
00:0F:66:BA:83:18;linksys";-75;1171930837
00:0F:B3:42:41:45;PRD";-67;1171930838
00:14:BF:17:02:AB;linksys-coolerthanyou";-30;1171930838
00:0F:66:BA:83:18;linksys";-67;1171930838
00:0F:B3:42:41:45;PRD";-68;1171930840
00:14:BF:17:02:AB;linksys-coolerthanyou";-29;1171930840
00:0F:66:BA:83:18;linksys";-82;1171930840
00:0F:B3:42:41:45;PRD";-75;1171930841
00:14:BF:17:02:AB;linksys-coolerthanyou";-32;1171930841
00:0F:66:BA:83:18;linksys";-82;1171930841
00:0F:B3:42:41:45;PRD";-74;1171930842
00:14:BF:17:02:AB;linksys-coolerthanyou";-31;1171930842
00:0F:66:BA:83:18;linksys";-74;1171930842
00:0F:B3:42:41:45;PRD";-81;1171930843
00:14:BF:17:02:AB;linksys-coolerthanyou";-33;1171930843
00:0F:66:BA:83:18;linksys";-74;1171930843
00:0F:B3:42:41:45;PRD";-77;1171930845
00:14:BF:17:02:AB;linksys-coolerthanyou";-44;1171930845
00:0F:66:BA:83:18;linksys";-69;1171930845
00:0F:B3:42:41:45;PRD";-79;1171930846
00:14:BF:17:02:AB;linksys-coolerthanyou";-40;1171930846
00:0F:66:BA:83:18;linksys";-69;1171930846
00:0F:B3:42:41:45;PRD";-74;1171930847
00:14:BF:17:02:AB;linksys-coolerthanyou";-36;1171930847
00:0F:66:BA:83:18;linksys";-77;1171930847
00:0F:B3:42:41:45;PRD";-77;1171930848
00:14:BF:17:02:AB;linksys-coolerthanyou";-39;1171930848
00:0F:66:BA:83:18;linksys";-82;1171930848
00:0F:B3:42:41:45;PRD";-77;1171930850
00:14:BF:17:02:AB;linksys-coolerthanyou";-48;1171930850
00:0F:66:BA:83:18;linksys";-82;1171930850
00:0F:B3:42:41:45;PRD";-80;1171930851
00:14:BF:17:02:AB;linksys-coolerthanyou";-47;1171930851
00:0F:66:BA:83:18;linksys";-82;1171930851
00:0F:B3:42:41:45;PRD";-80;1171930852
00:14:BF:17:02:AB;linksys-coolerthanyou";-44;1171930852
00:0F:66:BA:83:18;linksys";-71;1171930852
00:0F:B3:42:41:45;PRD";-74;1171930853
00:14:BF:17:02:AB;linksys-coolerthanyou";-44;1171930853
00:0F:66:BA:83:18;linksys";-71;1171930853
00:0F:B3:42:41:45;PRD";-74;1171930855
00:14:BF:17:02:AB;linksys-coolerthanyou";-51;1171930855
00:0F:66:BA:83:18;linksys";-71;1171930855
00:0F:B3:42:41:45;PRD";-74;1171930856
00:14:BF:17:02:AB;linksys-coolerthanyou";-53;1171930856
00:0F:66:BA:83:18;linksys";-79;1171930856
00:0F:B3:42:41:45;PRD";-77;1171930857
00:14:BF:17:02:AB;linksys-coolerthanyou";-52;1171930857
00:0F:66:BA:83:18;linksys";-76;1171930857
00:0F:B3:42:41:45;PRD";-77;1171930858
00:14:BF:17:02:AB;linksys-coolerthanyou";-52;1171930858
00:0F:66:BA:83:18;linksys";-76;1171930858
00:0F:B3:42:41:45;PRD";-77;1171930860
00:14:BF:17:02:AB;linksys-coolerthanyou";-53;1171930860
00:0F:66:BA:83:18;linksys";-73;1171930860
00:0F:B3:42:41:45;PRD";-83;1171930861
00:14:BF:17:02:AB;linksys-coolerthanyou";-59;1171930861
00:0F:66:BA:83:18;linksys";-73;1171930861
00:0F:B3:42:41:45;PRD";-83;1171930862
00:14:BF:17:02:AB;linksys-coolerthanyou";-64;1171930862
00:0F:66:BA:83:18;linksys";-69;1171930862
00:0F:B3:42:41:45;PRD";-83;1171930863
00:14:BF:17:02:AB;linksys-coolerthanyou";-55;1171930863
00:0F:66:BA:83:18;linksys";-69;1171930863
00:0F:B3:42:41:45;PRD";-83;1171930865
00:14:BF:17:02:AB;linksys-coolerthanyou";-53;1171930865
00:0F:66:BA:83:18;linksys";-68;1171930865
00:0F:B3:42:41:45;PRD";-77;1171930866
00:14:BF:17:02:AB;linksys-coolerthanyou";-53;1171930866
00:0F:66:BA:83:18;linksys";-79;1171930866
00:0F:B3:42:41:45;PRD";-77;1171930867
00:14:BF:17:02:AB;linksys-coolerthanyou";-51;1171930867
00:0F:66:BA:83:18;linksys";-79;1171930867
00:0F:B3:42:41:45;PRD";-77;1171930868
00:14:BF:17:02:AB;linksys-coolerthanyou";-53;1171930868
00:0F:66:BA:83:18;linksys";-78;1171930868
00:0F:B3:42:41:45;PRD";-75;1171930870
00:14:BF:17:02:AB;linksys-coolerthanyou";-58;1171930870
00:0F:66:BA:83:18;linksys";-75;1171930870
00:0F:B3:42:41:45;PRD";-75;1171930871
00:14:BF:17:02:AB;linksys-coolerthanyou";-57;1171930871
00:0F:66:BA:83:18;linksys";-75;1171930871
00:0F:B3:42:41:45;PRD";-75;1171930872
00:14:BF:17:02:AB;linksys-coolerthanyou";-60;1171930872
00:0F:66:BA:83:18;linksys";-71;1171930872
00:0F:B3:42:41:45;PRD";-75;1171930873
00:14:BF:17:02:AB;linksys-coolerthanyou";-55;1171930873
00:0F:66:BA:83:18;linksys";-71;1171930873
00:0F:B3:42:41:45;PRD";-75;1171930875
00:14:BF:17:02:AB;linksys-coolerthanyou";-55;1171930875
00:0F:66:BA:83:18;linksys";-72;1171930875
00:0F:B3:42:41:45;PRD";-75;1171930876
00:14:BF:17:02:AB;linksys-coolerthanyou";-59;1171930876
00:0F:66:BA:83:18;linksys";-72;1171930876
00:0F:B3:42:41:45;PRD";-75;1171930877
00:14:BF:17:02:AB;linksys-coolerthanyou";-59;1171930877
00:0F:66:BA:83:18;linksys";-72;1171930877
00:0F:B3:42:41:45;PRD";-75;1171930878
00:14:BF:17:02:AB;linksys-coolerthanyou";-61;1171930878
00:0F:66:BA:83:18;linksys";-72;1171930878
00:0F:B3:42:41:45;PRD";-76;1171930880
00:14:BF:17:02:AB;linksys-coolerthanyou";-55;1171930880
00:0F:66:BA:83:18;linksys";-72;1171930880
00:0F:B3:42:41:45;PRD";-76;1171930881
00:14:BF:17:02:AB;linksys-coolerthanyou";-51;1171930881
00:0F:66:BA:83:18;linksys";-72;1171930881
00:0F:B3:42:41:45;PRD";-76;1171930882
00:14:BF:17:02:AB;linksys-coolerthanyou";-53;1171930882
00:0F:66:BA:83:18;linksys";-72;1171930882
00:0F:B3:42:41:45;PRD";-76;1171930883
00:14:BF:17:02:AB;linksys-coolerthanyou";-52;1171930883
00:0F:66:BA:83:18;linksys";-72;1171930883
00:0F:B3:42:41:45;PRD";-80;1171930885
00:14:BF:17:02:AB;linksys-coolerthanyou";-52;1171930885
00:0F:66:BA:83:18;linksys";-72;1171930885
00:0F:B3:42:41:45;PRD";-80;1171930886
00:14:BF:17:02:AB;linksys-coolerthanyou";-62;1171930886
00:0F:66:BA:83:18;linksys";-72;1171930886
00:0F:B3:42:41:45;PRD";-80;1171930887
00:14:BF:17:02:AB;linksys-coolerthanyou";-63;1171930887
00:0F:66:BA:83:18;linksys";-67;1171930887
00:0F:B3:42:41:45;PRD";-80;1171930888
00:14:BF:17:02:AB;linksys-coolerthanyou";-61;1171930888
00:0F:66:BA:83:18;linksys";-67;1171930888
00:0F:B3:42:41:45;PRD";-80;1171930890
00:14:BF:17:02:AB;linksys-coolerthanyou";-52;1171930890
00:0F:66:BA:83:18;linksys";-67;1171930890
00:0F:B3:42:41:45;PRD";-80;1171930891
00:14:BF:17:02:AB;linksys-coolerthanyou";-54;1171930891
00:0F:66:BA:83:18;linksys";-67;1171930891
00:0F:B3:42:41:45;PRD";-80;1171930892
00:14:BF:17:02:AB;linksys-coolerthanyou";-52;1171930892
00:0F:66:BA:83:18;linksys";-67;1171930892
00:0F:B3:42:41:45;PRD";-80;1171930893
00:14:BF:17:02:AB;linksys-coolerthanyou";-50;1171930893
00:0F:66:BA:83:18;linksys";-67;1171930893
00:0F:B3:42:41:45;PRD";-80;1171930895
00:14:BF:17:02:AB;linksys-coolerthanyou";-52;1171930895
00:0F:66:BA:83:18;linksys";-64;1171930895
00:0F:B3:42:41:45;PRD";-80;1171930896
00:14:BF:17:02:AB;linksys-coolerthanyou";-52;1171930896
00:0F:66:BA:83:18;linksys";-64;1171930896
00:0F:B3:42:41:45;PRD";-80;1171930897
00:14:BF:17:02:AB;linksys-coolerthanyou";-51;1171930897
00:0F:66:BA:83:18;linksys";-64;1171930897
00:0F:B3:42:41:45;PRD";-80;1171930898
00:14:BF:17:02:AB;linksys-coolerthanyou";-52;1171930898
00:0F:66:BA:83:18;linksys";-64;1171930898
00:14:BF:17:02:AB;linksys-coolerthanyou";-62;1171930900
00:0F:66:BA:83:18;linksys";-64;1171930900
00:14:BF:17:02:AB;linksys-coolerthanyou";-57;1171930901
00:0F:66:BA:83:18;linksys";-64;1171930901
00:14:BF:17:02:AB;linksys-coolerthanyou";-53;1171930902
00:0F:66:BA:83:18;linksys";-64;1171930902
00:14:BF:17:02:AB;linksys-coolerthanyou";-49;1171930903
00:0F:66:BA:83:18;linksys";-64;1171930903
00:14:BF:17:02:AB;linksys-coolerthanyou";-59;1171930905
00:0F:66:BA:83:18;linksys";-73;1171930905
00:14:BF:17:02:AB;linksys-coolerthanyou";-62;1171930906
00:0F:66:BA:83:18;linksys";-73;1171930906
00:14:BF:17:02:AB;linksys-coolerthanyou";-62;1171930907
00:0F:66:BA:83:18;linksys";-73;1171930907
00:14:BF:17:02:AB;linksys-coolerthanyou";-59;1171930909
00:0F:66:BA:83:18;linksys";-73;1171930909
00:14:BF:17:02:AB;linksys-coolerthanyou";-45;1171930910
00:0F:66:BA:83:18;linksys";-73;1171930910
00:14:6C:03:01:04;KPK";-73;1171930910
00:0F:B3:42:41:45;PRD";-80;1171930911
00:14:BF:17:02:AB;linksys-coolerthanyou";-46;1171930911
00:0F:66:BA:83:18;linksys";-73;1171930911
00:14:6C:03:01:04;KPK";-73;1171930911
00:0F:B3:42:41:45;PRD";-80;1171930912
00:14:BF:17:02:AB;linksys-coolerthanyou";-43;1171930912
00:0F:66:BA:83:18;linksys";-73;1171930912
00:14:6C:03:01:04;KPK";-73;1171930912
00:0F:B3:42:41:45;PRD";-71;1171930914
00:14:BF:17:02:AB;linksys-coolerthanyou";-43;1171930914
00:0F:66:BA:83:18;linksys";-73;1171930914
00:14:6C:03:01:04;KPK";-73;1171930914
00:0F:B3:42:41:45;PRD";-72;1171930915
00:14:BF:17:02:AB;linksys-coolerthanyou";-48;1171930915
00:0F:66:BA:83:18;linksys";-73;1171930915
00:14:6C:03:01:04;KPK";-73;1171930915
00:0F:B3:42:41:45;PRD";-73;1171930916
00:14:BF:17:02:AB;linksys-coolerthanyou";-45;1171930916
00:0F:66:BA:83:18;linksys";-73;1171930916
00:14:6C:03:01:04;KPK";-73;1171930916
