00:11:24:9D:40:83;CJinc";-67;1171917367
00:12:17:AA:64:6C;AREA51";-79;1171917367
00:14:51:74:3B:19;Apple Network 743b19";-69;1171917367
00:0D:3A:70:CD:F1;ZOKA";-71;1171917367
00:14:BF:AD:C0:AC;linksys";-83;1171917367
00:0F:B3:71:D9:9D;ACTIONTEC";-62;1171917367
00:18:F8:62:5F:FF;EARL";-77;1171917367
00:11:24:60:EC:6F;Neko";-70;1171917367
00:11:24:9A:A3:0A;IndigoZebra";-80;1171917367
00:13:10:2B:11:18;ici";-77;1171917367
00:13:46:A1:A9:08;Private2";-81;1171917367
00:11:24:9D:40:83;CJinc";-67;1171917368
00:12:17:AA:64:6C;AREA51";-79;1171917368
00:14:51:74:3B:19;Apple Network 743b19";-67;1171917368
00:0D:3A:70:CD:F1;ZOKA";-71;1171917368
00:14:BF:AD:C0:AC;linksys";-82;1171917368
00:0F:B3:71:D9:9D;ACTIONTEC";-62;1171917368
00:18:F8:62:5F:FF;EARL";-77;1171917368
00:11:24:60:EC:6F;Neko";-70;1171917368
00:13:10:2B:11:18;ici";-77;1171917368
00:11:24:9D:40:83;CJinc";-67;1171917369
00:12:17:AA:64:6C;AREA51";-79;1171917369
00:14:51:74:3B:19;Apple Network 743b19";-67;1171917369
00:0D:3A:70:CD:F1;ZOKA";-71;1171917369
00:14:BF:AD:C0:AC;linksys";-81;1171917369
00:0F:B3:71:D9:9D;ACTIONTEC";-62;1171917369
00:18:F8:62:5F:FF;EARL";-77;1171917369
00:11:24:60:EC:6F;Neko";-70;1171917369
00:13:10:2B:11:18;ici";-77;1171917369
00:11:24:9D:40:83;CJinc";-67;1171917370
00:12:17:AA:64:6C;AREA51";-79;1171917370
00:14:51:74:3B:19;Apple Network 743b19";-67;1171917370
00:0D:3A:70:CD:F1;ZOKA";-71;1171917370
00:14:BF:AD:C0:AC;linksys";-79;1171917370
00:0F:B3:71:D9:9D;ACTIONTEC";-67;1171917370
00:18:F8:62:5F:FF;EARL";-77;1171917370
00:11:24:60:EC:6F;Neko";-70;1171917370
00:13:10:2B:11:18;ici";-77;1171917370
00:11:24:9D:40:83;CJinc";-70;1171917372
00:12:17:AA:64:6C;AREA51";-79;1171917372
00:14:51:74:3B:19;Apple Network 743b19";-67;1171917372
00:0D:3A:70:CD:F1;ZOKA";-71;1171917372
00:14:BF:AD:C0:AC;linksys";-79;1171917372
00:0F:B3:71:D9:9D;ACTIONTEC";-67;1171917372
00:18:F8:62:5F:FF;EARL";-77;1171917372
00:11:24:60:EC:6F;Neko";-80;1171917372
00:13:10:2B:11:18;ici";-77;1171917372
00:11:24:9D:40:83;CJinc";-70;1171917373
00:12:17:AA:64:6C;AREA51";-79;1171917373
00:14:51:74:3B:19;Apple Network 743b19";-70;1171917373
00:0D:3A:70:CD:F1;ZOKA";-71;1171917373
00:14:BF:AD:C0:AC;linksys";-76;1171917373
00:0F:B3:71:D9:9D;ACTIONTEC";-59;1171917373
00:18:F8:62:5F:FF;EARL";-77;1171917373
00:11:24:60:EC:6F;Neko";-71;1171917373
00:13:10:2B:11:18;ici";-77;1171917373
00:11:24:9D:40:83;CJinc";-70;1171917374
00:12:17:AA:64:6C;AREA51";-79;1171917374
00:14:51:74:3B:19;Apple Network 743b19";-70;1171917374
00:0D:3A:70:CD:F1;ZOKA";-71;1171917374
00:14:BF:AD:C0:AC;linksys";-76;1171917374
00:0F:B3:71:D9:9D;ACTIONTEC";-59;1171917374
00:18:F8:62:5F:FF;EARL";-77;1171917374
00:11:24:60:EC:6F;Neko";-71;1171917374
00:13:10:2B:11:18;ici";-77;1171917374
00:11:24:9D:40:83;CJinc";-69;1171917375
00:12:17:AA:64:6C;AREA51";-79;1171917375
00:14:51:74:3B:19;Apple Network 743b19";-70;1171917375
00:0D:3A:70:CD:F1;ZOKA";-71;1171917375
00:14:BF:AD:C0:AC;linksys";-80;1171917375
00:0F:B3:71:D9:9D;ACTIONTEC";-59;1171917375
00:18:F8:62:5F:FF;EARL";-77;1171917375
00:11:24:60:EC:6F;Neko";-71;1171917375
00:13:10:2B:11:18;ici";-77;1171917375
00:11:24:9D:40:83;CJinc";-69;1171917377
00:12:17:AA:64:6C;AREA51";-79;1171917377
00:14:51:74:3B:19;Apple Network 743b19";-70;1171917377
00:0D:3A:70:CD:F1;ZOKA";-71;1171917377
00:14:BF:AD:C0:AC;linksys";-80;1171917377
00:0F:B3:71:D9:9D;ACTIONTEC";-59;1171917377
00:18:F8:62:5F:FF;EARL";-77;1171917377
00:11:24:60:EC:6F;Neko";-71;1171917377
00:13:10:2B:11:18;ici";-77;1171917377
00:11:24:9D:40:83;CJinc";-69;1171917378
00:12:17:AA:64:6C;AREA51";-79;1171917378
00:14:51:74:3B:19;Apple Network 743b19";-70;1171917378
00:0D:3A:70:CD:F1;ZOKA";-71;1171917378
00:14:BF:AD:C0:AC;linksys";-80;1171917378
00:0F:B3:71:D9:9D;ACTIONTEC";-59;1171917378
00:18:F8:62:5F:FF;EARL";-77;1171917378
00:11:24:60:EC:6F;Neko";-71;1171917378
00:13:10:2B:11:18;ici";-77;1171917378
00:11:24:9D:40:83;CJinc";-69;1171917379
00:12:17:AA:64:6C;AREA51";-80;1171917379
00:14:51:74:3B:19;Apple Network 743b19";-70;1171917379
00:0D:3A:70:CD:F1;ZOKA";-71;1171917379
00:14:BF:AD:C0:AC;linksys";-81;1171917379
00:0F:B3:71:D9:9D;ACTIONTEC";-59;1171917379
00:11:24:60:EC:6F;Neko";-71;1171917379
00:13:10:2B:11:18;ici";-77;1171917379
00:11:24:9D:40:83;CJinc";-69;1171917380
00:12:17:AA:64:6C;AREA51";-80;1171917380
00:14:51:74:3B:19;Apple Network 743b19";-68;1171917380
00:0D:3A:70:CD:F1;ZOKA";-71;1171917380
00:14:BF:AD:C0:AC;linksys";-83;1171917380
00:0F:B3:71:D9:9D;ACTIONTEC";-59;1171917380
00:11:24:60:EC:6F;Neko";-71;1171917380
00:13:10:2B:11:18;ici";-77;1171917380
00:11:24:9D:40:83;CJinc";-69;1171917382
00:12:17:AA:64:6C;AREA51";-80;1171917382
00:14:51:74:3B:19;Apple Network 743b19";-69;1171917382
00:0D:3A:70:CD:F1;ZOKA";-71;1171917382
00:14:BF:AD:C0:AC;linksys";-82;1171917382
00:0F:B3:71:D9:9D;ACTIONTEC";-59;1171917382
00:18:F8:62:5F:FF;EARL";-77;1171917382
00:11:24:60:EC:6F;Neko";-71;1171917382
00:13:10:2B:11:18;ici";-77;1171917382
00:11:24:9D:40:83;CJinc";-69;1171917383
00:12:17:AA:64:6C;AREA51";-78;1171917383
00:14:51:74:3B:19;Apple Network 743b19";-65;1171917383
00:0D:3A:70:CD:F1;ZOKA";-71;1171917383
00:14:BF:AD:C0:AC;linksys";-82;1171917383
00:0F:B3:71:D9:9D;ACTIONTEC";-62;1171917383
00:18:F8:62:5F:FF;EARL";-72;1171917383
00:11:24:60:EC:6F;Neko";-71;1171917383
00:13:10:2B:11:18;ici";-77;1171917383
00:11:24:9D:40:83;CJinc";-67;1171917384
00:12:17:AA:64:6C;AREA51";-78;1171917384
00:14:51:74:3B:19;Apple Network 743b19";-65;1171917384
00:0D:3A:70:CD:F1;ZOKA";-71;1171917384
00:14:BF:AD:C0:AC;linksys";-83;1171917384
00:0F:B3:71:D9:9D;ACTIONTEC";-62;1171917384
00:18:F8:62:5F:FF;EARL";-72;1171917384
00:11:24:60:EC:6F;Neko";-74;1171917384
00:13:10:2B:11:18;ici";-77;1171917384
00:11:24:9D:40:83;CJinc";-67;1171917385
00:12:17:AA:64:6C;AREA51";-78;1171917385
00:14:51:74:3B:19;Apple Network 743b19";-65;1171917385
00:0D:3A:70:CD:F1;ZOKA";-71;1171917385
00:14:BF:AD:C0:AC;linksys";-81;1171917385
00:0F:B3:71:D9:9D;ACTIONTEC";-62;1171917385
00:18:F8:62:5F:FF;EARL";-72;1171917385
00:11:24:60:EC:6F;Neko";-74;1171917385
00:13:10:2B:11:18;ici";-77;1171917385
00:11:24:9D:40:83;CJinc";-67;1171917387;Mighty-O Donuts
00:12:17:AA:64:6C;AREA51";-80;1171917387;Mighty-O Donuts
00:14:51:74:3B:19;Apple Network 743b19";-65;1171917387;Mighty-O Donuts
00:0D:3A:70:CD:F1;ZOKA";-71;1171917387;Mighty-O Donuts
00:14:BF:AD:C0:AC;linksys";-81;1171917387;Mighty-O Donuts
00:0F:B3:71:D9:9D;ACTIONTEC";-62;1171917387;Mighty-O Donuts
00:18:F8:62:5F:FF;EARL";-72;1171917387;Mighty-O Donuts
00:11:24:60:EC:6F;Neko";-74;1171917387;Mighty-O Donuts
00:13:10:2B:11:18;ici";-77;1171917387;Mighty-O Donuts
00:11:24:9D:40:83;CJinc";-67;1171917388;Mighty-O Donuts
00:12:17:AA:64:6C;AREA51";-80;1171917388;Mighty-O Donuts
00:14:51:74:3B:19;Apple Network 743b19";-66;1171917388;Mighty-O Donuts
00:0D:3A:70:CD:F1;ZOKA";-71;1171917388;Mighty-O Donuts
00:14:BF:AD:C0:AC;linksys";-80;1171917388;Mighty-O Donuts
00:0F:B3:71:D9:9D;ACTIONTEC";-62;1171917388;Mighty-O Donuts
00:18:F8:62:5F:FF;EARL";-74;1171917388;Mighty-O Donuts
00:11:24:60:EC:6F;Neko";-74;1171917388;Mighty-O Donuts
00:11:24:9D:40:83;CJinc";-67;1171917389;Mighty-O Donuts
00:12:17:AA:64:6C;AREA51";-80;1171917389;Mighty-O Donuts
00:14:51:74:3B:19;Apple Network 743b19";-66;1171917389;Mighty-O Donuts
00:0D:3A:70:CD:F1;ZOKA";-81;1171917389;Mighty-O Donuts
00:14:BF:AD:C0:AC;linksys";-81;1171917389;Mighty-O Donuts
00:0F:B3:71:D9:9D;ACTIONTEC";-62;1171917389;Mighty-O Donuts
00:18:F8:62:5F:FF;EARL";-74;1171917389;Mighty-O Donuts
00:11:24:60:EC:6F;Neko";-74;1171917389;Mighty-O Donuts
00:11:24:9D:40:83;CJinc";-67;1171917390;Mighty-O Donuts
00:12:17:AA:64:6C;AREA51";-80;1171917390;Mighty-O Donuts
00:14:51:74:3B:19;Apple Network 743b19";-66;1171917390;Mighty-O Donuts
00:0D:3A:70:CD:F1;ZOKA";-81;1171917390;Mighty-O Donuts
00:14:BF:AD:C0:AC;linksys";-81;1171917390;Mighty-O Donuts
00:0F:B3:71:D9:9D;ACTIONTEC";-62;1171917390;Mighty-O Donuts
00:18:F8:62:5F:FF;EARL";-74;1171917390;Mighty-O Donuts
00:11:24:60:EC:6F;Neko";-74;1171917390;Mighty-O Donuts
00:11:24:9D:40:83;CJinc";-66;1171917392;Mighty-O Donuts
00:12:17:AA:64:6C;AREA51";-80;1171917392;Mighty-O Donuts
00:14:51:74:3B:19;Apple Network 743b19";-67;1171917392;Mighty-O Donuts
00:0D:3A:70:CD:F1;ZOKA";-81;1171917392;Mighty-O Donuts
00:14:BF:AD:C0:AC;linksys";-80;1171917392;Mighty-O Donuts
00:0F:B3:71:D9:9D;ACTIONTEC";-62;1171917392;Mighty-O Donuts
00:18:F8:62:5F:FF;EARL";-74;1171917392;Mighty-O Donuts
00:11:24:60:EC:6F;Neko";-74;1171917392;Mighty-O Donuts
00:11:24:9D:40:83;CJinc";-66;1171917393;Mighty-O Donuts
00:12:17:AA:64:6C;AREA51";-80;1171917393;Mighty-O Donuts
00:14:51:74:3B:19;Apple Network 743b19";-70;1171917393;Mighty-O Donuts
00:0D:3A:70:CD:F1;ZOKA";-81;1171917393;Mighty-O Donuts
00:14:BF:AD:C0:AC;linksys";-80;1171917393;Mighty-O Donuts
00:0F:B3:71:D9:9D;ACTIONTEC";-62;1171917393;Mighty-O Donuts
00:18:F8:62:5F:FF;EARL";-71;1171917393;Mighty-O Donuts
00:11:24:60:EC:6F;Neko";-74;1171917393;Mighty-O Donuts
00:11:24:9D:40:83;CJinc";-66;1171917394;Mighty-O Donuts
00:12:17:AA:64:6C;AREA51";-80;1171917394;Mighty-O Donuts
00:14:51:74:3B:19;Apple Network 743b19";-70;1171917394;Mighty-O Donuts
00:0D:3A:70:CD:F1;ZOKA";-81;1171917394;Mighty-O Donuts
00:14:BF:AD:C0:AC;linksys";-81;1171917394;Mighty-O Donuts
00:0F:B3:71:D9:9D;ACTIONTEC";-62;1171917394;Mighty-O Donuts
00:18:F8:62:5F:FF;EARL";-71;1171917394;Mighty-O Donuts
00:11:24:60:EC:6F;Neko";-69;1171917394;Mighty-O Donuts
00:11:24:9D:40:83;CJinc";-66;1171917395;Mighty-O Donuts
00:12:17:AA:64:6C;AREA51";-80;1171917395;Mighty-O Donuts
00:14:51:74:3B:19;Apple Network 743b19";-70;1171917395;Mighty-O Donuts
00:0D:3A:70:CD:F1;ZOKA";-81;1171917395;Mighty-O Donuts
00:14:BF:AD:C0:AC;linksys";-79;1171917395;Mighty-O Donuts
00:0F:B3:71:D9:9D;ACTIONTEC";-62;1171917395;Mighty-O Donuts
00:18:F8:62:5F:FF;EARL";-71;1171917395;Mighty-O Donuts
00:11:24:60:EC:6F;Neko";-69;1171917395;Mighty-O Donuts
00:11:24:9D:40:83;CJinc";-66;1171917397
00:12:17:AA:64:6C;AREA51";-80;1171917397
00:14:51:74:3B:19;Apple Network 743b19";-68;1171917397
00:0D:3A:70:CD:F1;ZOKA";-81;1171917397
00:14:BF:AD:C0:AC;linksys";-79;1171917397
00:0F:B3:71:D9:9D;ACTIONTEC";-59;1171917397
00:18:F8:62:5F:FF;EARL";-71;1171917397
00:11:24:60:EC:6F;Neko";-72;1171917397
00:11:24:9D:40:83;CJinc";-67;1171917398
00:12:17:AA:64:6C;AREA51";-80;1171917398
00:14:51:74:3B:19;Apple Network 743b19";-68;1171917398
00:0D:3A:70:CD:F1;ZOKA";-81;1171917398
00:14:BF:AD:C0:AC;linksys";-78;1171917398
00:0F:B3:71:D9:9D;ACTIONTEC";-59;1171917398
00:18:F8:62:5F:FF;EARL";-71;1171917398
00:11:24:60:EC:6F;Neko";-72;1171917398
00:11:24:9D:40:83;CJinc";-67;1171917399
00:12:17:AA:64:6C;AREA51";-80;1171917399
00:14:51:74:3B:19;Apple Network 743b19";-68;1171917399
00:0D:3A:70:CD:F1;ZOKA";-81;1171917399
00:14:BF:AD:C0:AC;linksys";-78;1171917399
00:0F:B3:71:D9:9D;ACTIONTEC";-59;1171917399
00:18:F8:62:5F:FF;EARL";-71;1171917399
00:11:24:60:EC:6F;Neko";-72;1171917399
00:11:24:9D:40:83;CJinc";-66;1171917401
00:12:17:AA:64:6C;AREA51";-79;1171917401
00:14:51:74:3B:19;Apple Network 743b19";-68;1171917401
00:0D:3A:70:CD:F1;ZOKA";-81;1171917401
00:14:BF:AD:C0:AC;linksys";-80;1171917401
00:0F:B3:71:D9:9D;ACTIONTEC";-63;1171917401
00:18:F8:62:5F:FF;EARL";-68;1171917401
00:11:24:60:EC:6F;Neko";-72;1171917401
00:11:24:9A:A3:0A;IndigoZebra";-81;1171917401
00:11:24:9D:40:83;CJinc";-67;1171917402
00:12:17:AA:64:6C;AREA51";-77;1171917402
00:14:51:74:3B:19;Apple Network 743b19";-67;1171917402
00:0D:3A:70:CD:F1;ZOKA";-81;1171917402
00:14:BF:AD:C0:AC;linksys";-80;1171917402
00:0F:B3:71:D9:9D;ACTIONTEC";-63;1171917402
00:18:F8:62:5F:FF;EARL";-68;1171917402
00:11:24:60:EC:6F;Neko";-72;1171917402
00:11:24:9A:A3:0A;IndigoZebra";-81;1171917402
