00:0F:B3:42:41:45;PRD";-68;1171924354
00:14:BF:17:02:AB;linksys-coolerthanyou";-48;1171924354
00:0F:B3:42:41:45;PRD";-68;1171924356
00:14:BF:17:02:AB;linksys-coolerthanyou";-45;1171924356
00:0F:B3:42:41:45;PRD";-68;1171924357
00:14:BF:17:02:AB;linksys-coolerthanyou";-44;1171924357
00:0F:66:BA:83:18;linksys";-52;1171924357
00:0F:B3:42:41:45;PRD";-67;1171924358
00:14:BF:17:02:AB;linksys-coolerthanyou";-45;1171924358
00:0F:66:BA:83:18;linksys";-52;1171924358
00:14:6C:03:01:04;KPK";-74;1171924358
00:0F:B3:42:41:45;PRD";-67;1171924359
00:14:BF:17:02:AB;linksys-coolerthanyou";-45;1171924359
00:0F:66:BA:83:18;linksys";-52;1171924359
00:14:6C:03:01:04;KPK";-73;1171924359
00:0F:B3:42:41:45;PRD";-67;1171924361
00:14:BF:17:02:AB;linksys-coolerthanyou";-44;1171924361
00:0F:66:BA:83:18;linksys";-52;1171924361
00:14:6C:03:01:04;KPK";-73;1171924361
00:0F:B3:42:41:45;PRD";-70;1171924362
00:14:BF:17:02:AB;linksys-coolerthanyou";-44;1171924362
00:0F:66:BA:83:18;linksys";-52;1171924362
00:14:6C:03:01:04;KPK";-76;1171924362
00:0F:B3:42:41:45;PRD";-70;1171924363
00:14:BF:17:02:AB;linksys-coolerthanyou";-46;1171924363
00:0F:66:BA:83:18;linksys";-52;1171924363
00:14:6C:03:01:04;KPK";-79;1171924363
00:0F:B3:42:41:45;PRD";-70;1171924364
00:14:BF:17:02:AB;linksys-coolerthanyou";-43;1171924364
00:0F:66:BA:83:18;linksys";-52;1171924364
00:14:6C:03:01:04;KPK";-71;1171924364
00:0F:B3:42:41:45;PRD";-70;1171924366
00:14:BF:17:02:AB;linksys-coolerthanyou";-43;1171924366
00:0F:66:BA:83:18;linksys";-52;1171924366
00:14:6C:03:01:04;KPK";-71;1171924366
00:0F:B3:42:41:45;PRD";-70;1171924367
00:14:BF:17:02:AB;linksys-coolerthanyou";-45;1171924367
00:0F:66:BA:83:18;linksys";-52;1171924367
00:14:6C:03:01:04;KPK";-71;1171924367
00:0F:B3:42:41:45;PRD";-68;1171924368
00:14:BF:17:02:AB;linksys-coolerthanyou";-46;1171924368
00:0F:66:BA:83:18;linksys";-52;1171924368
00:14:6C:03:01:04;KPK";-71;1171924368
00:0F:B3:42:41:45;PRD";-68;1171924369
00:14:BF:17:02:AB;linksys-coolerthanyou";-46;1171924369
00:0F:66:BA:83:18;linksys";-52;1171924369
00:14:6C:03:01:04;KPK";-74;1171924369
00:0F:B3:42:41:45;PRD";-68;1171924371
00:14:BF:17:02:AB;linksys-coolerthanyou";-44;1171924371
00:0F:66:BA:83:18;linksys";-52;1171924371
00:14:6C:03:01:04;KPK";-74;1171924371
00:0F:B3:42:41:45;PRD";-68;1171924372
00:14:BF:17:02:AB;linksys-coolerthanyou";-45;1171924372
00:0F:66:BA:83:18;linksys";-52;1171924372
00:14:6C:03:01:04;KPK";-76;1171924372
00:0F:B3:42:41:45;PRD";-68;1171924373
00:14:BF:17:02:AB;linksys-coolerthanyou";-45;1171924373
00:0F:66:BA:83:18;linksys";-52;1171924373
00:14:6C:03:01:04;KPK";-74;1171924373
00:19:5B:43:D0:DC;OurHouse";-84;1171924373
00:0F:B3:42:41:45;PRD";-68;1171924374
00:14:BF:17:02:AB;linksys-coolerthanyou";-44;1171924374
00:14:6C:03:01:04;KPK";-74;1171924374
00:19:5B:43:D0:DC;OurHouse";-84;1171924374
00:0F:B3:42:41:45;PRD";-68;1171924376
00:14:BF:17:02:AB;linksys-coolerthanyou";-46;1171924376
00:14:6C:03:01:04;KPK";-74;1171924376
00:19:5B:43:D0:DC;OurHouse";-84;1171924376
00:0F:B3:42:41:45;PRD";-68;1171924377
00:14:BF:17:02:AB;linksys-coolerthanyou";-48;1171924377
00:14:6C:03:01:04;KPK";-74;1171924377
00:19:5B:43:D0:DC;OurHouse";-84;1171924377
00:0F:B3:42:41:45;PRD";-68;1171924378
00:14:BF:17:02:AB;linksys-coolerthanyou";-45;1171924378
00:14:6C:03:01:04;KPK";-74;1171924378
00:19:5B:43:D0:DC;OurHouse";-84;1171924378
00:0F:B3:42:41:45;PRD";-70;1171924379
00:14:BF:17:02:AB;linksys-coolerthanyou";-46;1171924379
00:14:6C:03:01:04;KPK";-76;1171924379
00:19:5B:43:D0:DC;OurHouse";-84;1171924379
00:0F:B3:42:41:45;PRD";-68;1171924381
00:14:BF:17:02:AB;linksys-coolerthanyou";-45;1171924381
00:14:6C:03:01:04;KPK";-76;1171924381
00:19:5B:43:D0:DC;OurHouse";-84;1171924381
00:0F:B3:42:41:45;PRD";-68;1171924382
00:14:BF:17:02:AB;linksys-coolerthanyou";-43;1171924382
00:14:6C:03:01:04;KPK";-76;1171924382
00:19:5B:43:D0:DC;OurHouse";-84;1171924382
00:0F:B3:42:41:45;PRD";-68;1171924383
00:14:BF:17:02:AB;linksys-coolerthanyou";-46;1171924383
00:14:6C:03:01:04;KPK";-72;1171924383
00:19:5B:43:D0:DC;OurHouse";-84;1171924383
00:0F:B3:42:41:45;PRD";-67;1171924384
00:14:BF:17:02:AB;linksys-coolerthanyou";-46;1171924384
00:14:6C:03:01:04;KPK";-73;1171924384
00:19:5B:43:D0:DC;OurHouse";-84;1171924384
00:0F:B3:42:41:45;PRD";-68;1171924386
00:14:BF:17:02:AB;linksys-coolerthanyou";-45;1171924386
00:14:6C:03:01:04;KPK";-73;1171924386
00:19:5B:43:D0:DC;OurHouse";-84;1171924386
00:0F:B3:42:41:45;PRD";-68;1171924387
00:14:BF:17:02:AB;linksys-coolerthanyou";-44;1171924387
00:14:6C:03:01:04;KPK";-73;1171924387
00:0F:B3:42:41:45;PRD";-67;1171924388
00:14:BF:17:02:AB;linksys-coolerthanyou";-46;1171924388
00:14:6C:03:01:04;KPK";-73;1171924388
00:0F:B3:42:41:45;PRD";-69;1171924389
00:14:BF:17:02:AB;linksys-coolerthanyou";-43;1171924389
00:14:6C:03:01:04;KPK";-73;1171924389
00:0F:B3:42:41:45;PRD";-68;1171924391
00:14:BF:17:02:AB;linksys-coolerthanyou";-44;1171924391
00:14:6C:03:01:04;KPK";-71;1171924391
00:0F:B3:42:41:45;PRD";-69;1171924392
00:14:BF:17:02:AB;linksys-coolerthanyou";-47;1171924392
00:14:6C:03:01:04;KPK";-77;1171924392
00:0F:B3:42:41:45;PRD";-69;1171924393
00:14:BF:17:02:AB;linksys-coolerthanyou";-48;1171924393
00:14:6C:03:01:04;KPK";-77;1171924393
00:0F:B3:42:41:45;PRD";-69;1171924394;Banister
00:14:BF:17:02:AB;linksys-coolerthanyou";-53;1171924394;Banister
00:14:6C:03:01:04;KPK";-73;1171924394;Banister
00:0F:B3:42:41:45;PRD";-69;1171924396;Banister
00:14:BF:17:02:AB;linksys-coolerthanyou";-44;1171924396;Banister
00:14:6C:03:01:04;KPK";-73;1171924396;Banister
00:0F:B3:42:41:45;PRD";-68;1171924397;Banister
00:14:BF:17:02:AB;linksys-coolerthanyou";-45;1171924397;Banister
00:14:6C:03:01:04;KPK";-73;1171924397;Banister
00:0F:B3:42:41:45;PRD";-68;1171924398
00:14:BF:17:02:AB;linksys-coolerthanyou";-44;1171924398
00:14:6C:03:01:04;KPK";-73;1171924398
00:0F:B3:42:41:45;PRD";-68;1171924399
00:14:BF:17:02:AB;linksys-coolerthanyou";-43;1171924399
00:14:6C:03:01:04;KPK";-73;1171924399
00:0F:B3:42:41:45;PRD";-68;1171924401
00:14:BF:17:02:AB;linksys-coolerthanyou";-45;1171924401
00:14:6C:03:01:04;KPK";-74;1171924401
00:0F:B3:42:41:45;PRD";-68;1171924402
00:14:BF:17:02:AB;linksys-coolerthanyou";-45;1171924402
00:14:6C:03:01:04;KPK";-72;1171924402
00:0F:B3:42:41:45;PRD";-69;1171924403
00:14:BF:17:02:AB;linksys-coolerthanyou";-51;1171924403
00:0F:66:BA:83:18;linksys";-52;1171924403
00:14:6C:03:01:04;KPK";-76;1171924403
00:0F:B3:42:41:45;PRD";-68;1171924404
00:14:BF:17:02:AB;linksys-coolerthanyou";-46;1171924404
00:0F:66:BA:83:18;linksys";-52;1171924404
00:14:6C:03:01:04;KPK";-72;1171924404
00:0F:B3:42:41:45;PRD";-68;1171924406
00:14:BF:17:02:AB;linksys-coolerthanyou";-50;1171924406
00:0F:66:BA:83:18;linksys";-52;1171924406
00:14:6C:03:01:04;KPK";-72;1171924406
00:0F:B3:42:41:45;PRD";-69;1171924407
00:14:BF:17:02:AB;linksys-coolerthanyou";-50;1171924407
00:0F:66:BA:83:18;linksys";-52;1171924407
00:14:6C:03:01:04;KPK";-71;1171924407
00:0F:B3:42:41:45;PRD";-70;1171924408
00:14:BF:17:02:AB;linksys-coolerthanyou";-50;1171924408
00:0F:66:BA:83:18;linksys";-52;1171924408
00:14:6C:03:01:04;KPK";-75;1171924408
00:0F:B3:42:41:45;PRD";-70;1171924409
00:14:BF:17:02:AB;linksys-coolerthanyou";-46;1171924409
00:0F:66:BA:83:18;linksys";-52;1171924409
00:14:6C:03:01:04;KPK";-75;1171924409
00:0F:B3:42:41:45;PRD";-69;1171924411
00:14:BF:17:02:AB;linksys-coolerthanyou";-48;1171924411
00:0F:66:BA:83:18;linksys";-52;1171924411
00:14:6C:03:01:04;KPK";-75;1171924411
00:19:5B:43:D0:DC;OurHouse";-80;1171924411
