00:0F:34:9D:02:00;UniversityOfWashingtonCSE";-76;1172552274
00:0F:34:9D:02:20;UniversityOfWashingtonCSE";-61;1172552274
00:0F:24:DC:B7:B0;UniversityOfWashingtonCSE";-53;1172552274
00:0F:24:DE:10:B0;UniversityOfWashingtonCSE";-41;1172552274
00:0F:24:DE:11:50;UniversityOfWashingtonCSE";-79;1172552275
00:0F:24:DC:B7:A0;UniversityOfWashingtonCSE";-58;1172552275
00:60:B3:8C:33:45;EE";-62;1172552275
00:0F:34:9D:06:30;UniversityOfWashingtonCSE";-70;1172552275
00:0F:34:9D:02:00;UniversityOfWashingtonCSE";-79;1172552276
00:0F:34:9D:02:20;UniversityOfWashingtonCSE";-56;1172552276
00:0F:24:DC:B7:B0;UniversityOfWashingtonCSE";-53;1172552276
00:0F:24:DE:10:B0;UniversityOfWashingtonCSE";-39;1172552276
00:0F:24:DE:11:50;UniversityOfWashingtonCSE";-79;1172552277
00:0F:24:DC:B7:A0;UniversityOfWashingtonCSE";-62;1172552277
00:60:B3:8C:33:45;EE";-64;1172552277
00:0F:34:9D:06:30;UniversityOfWashingtonCSE";-70;1172552277
00:0F:34:9D:02:00;UniversityOfWashingtonCSE";-79;1172552278
00:0F:34:9D:02:20;UniversityOfWashingtonCSE";-56;1172552278
00:0F:24:DC:B7:B0;UniversityOfWashingtonCSE";-52;1172552278
00:0F:24:DE:10:B0;UniversityOfWashingtonCSE";-37;1172552278
00:0F:24:DE:11:50;UniversityOfWashingtonCSE";-79;1172552279
00:0F:24:DC:B7:A0;UniversityOfWashingtonCSE";-62;1172552279
00:60:B3:8C:33:45;EE";-62;1172552279
00:0F:34:9D:06:30;UniversityOfWashingtonCSE";-65;1172552279
00:0F:34:9D:02:00;UniversityOfWashingtonCSE";-76;1172552280
00:0F:34:9D:02:20;UniversityOfWashingtonCSE";-56;1172552280
00:0F:24:DC:B7:B0;UniversityOfWashingtonCSE";-53;1172552280
00:0F:24:DE:10:B0;UniversityOfWashingtonCSE";-38;1172552280
00:0F:24:DE:11:50;UniversityOfWashingtonCSE";-79;1172552281
00:0F:24:DC:B7:A0;UniversityOfWashingtonCSE";-61;1172552281
00:60:B3:8C:33:45;EE";-68;1172552281
00:0F:34:9D:06:30;UniversityOfWashingtonCSE";-69;1172552281
00:0F:34:9C:FE:70;UniversityOfWashingtonCSE";-71;1172552281
00:0F:34:9D:02:00;UniversityOfWashingtonCSE";-77;1172552282
00:0F:34:9D:02:20;UniversityOfWashingtonCSE";-55;1172552282
00:0F:24:DC:B7:B0;UniversityOfWashingtonCSE";-53;1172552283
00:0F:24:DE:10:B0;UniversityOfWashingtonCSE";-37;1172552283
00:0F:24:DE:11:50;UniversityOfWashingtonCSE";-79;1172552283
00:0F:24:DC:B7:A0;UniversityOfWashingtonCSE";-62;1172552283
00:60:B3:8C:33:45;EE";-64;1172552283
00:0F:34:9D:06:30;UniversityOfWashingtonCSE";-69;1172552283
00:0F:34:9C:FE:70;UniversityOfWashingtonCSE";-71;1172552283
00:0F:34:9D:02:00;UniversityOfWashingtonCSE";-77;1172552284
00:0F:34:9D:02:20;UniversityOfWashingtonCSE";-55;1172552285
00:0F:24:DC:B7:B0;UniversityOfWashingtonCSE";-55;1172552285
00:0F:24:DE:10:B0;UniversityOfWashingtonCSE";-36;1172552285
00:0F:24:DE:11:50;UniversityOfWashingtonCSE";-79;1172552285
00:0F:24:DC:B7:A0;UniversityOfWashingtonCSE";-60;1172552285
00:60:B3:8C:33:45;EE";-64;1172552285
00:0F:34:9D:06:30;UniversityOfWashingtonCSE";-68;1172552285
00:0F:34:9C:FE:70;UniversityOfWashingtonCSE";-71;1172552285
00:0F:34:9D:02:00;UniversityOfWashingtonCSE";-76;1172552287
00:0F:34:9D:02:20;UniversityOfWashingtonCSE";-53;1172552287
00:0F:24:DC:B7:B0;UniversityOfWashingtonCSE";-55;1172552287
00:0F:24:DE:10:B0;UniversityOfWashingtonCSE";-38;1172552287
00:0F:24:DE:11:50;UniversityOfWashingtonCSE";-79;1172552287
00:0F:24:DC:B7:A0;UniversityOfWashingtonCSE";-59;1172552287
00:60:B3:8C:33:45;EE";-64;1172552287
00:0F:34:9D:06:30;UniversityOfWashingtonCSE";-64;1172552287
00:0F:34:9C:FE:70;UniversityOfWashingtonCSE";-71;1172552288
00:0F:34:9D:02:00;UniversityOfWashingtonCSE";-76;1172552289
00:0F:34:9D:02:20;UniversityOfWashingtonCSE";-61;1172552289
00:0F:24:DC:B7:B0;UniversityOfWashingtonCSE";-54;1172552289
00:0F:24:DE:10:B0;UniversityOfWashingtonCSE";-38;1172552289
00:0F:24:DE:11:50;UniversityOfWashingtonCSE";-79;1172552289
00:0F:24:DC:B7:A0;UniversityOfWashingtonCSE";-59;1172552289
00:60:B3:8C:33:45;EE";-64;1172552289
00:0F:34:9D:06:30;UniversityOfWashingtonCSE";-64;1172552290
00:0F:34:9C:FE:70;UniversityOfWashingtonCSE";-71;1172552290
00:0F:34:9D:02:00;UniversityOfWashingtonCSE";-76;1172552291
00:0F:34:9D:02:20;UniversityOfWashingtonCSE";-55;1172552291
00:0F:24:DC:B7:B0;UniversityOfWashingtonCSE";-53;1172552291
00:0F:24:DE:10:B0;UniversityOfWashingtonCSE";-38;1172552291
00:0F:24:DE:11:50;UniversityOfWashingtonCSE";-79;1172552291
00:0F:24:DC:B7:A0;UniversityOfWashingtonCSE";-58;1172552292
00:60:B3:8C:33:45;EE";-64;1172552292
00:0F:34:9D:06:30;UniversityOfWashingtonCSE";-68;1172552292
00:0F:34:9C:FE:70;UniversityOfWashingtonCSE";-71;1172552292
00:0F:34:9D:02:00;UniversityOfWashingtonCSE";-76;1172552293
00:0F:34:9D:02:20;UniversityOfWashingtonCSE";-55;1172552293
00:0F:24:DC:B7:B0;UniversityOfWashingtonCSE";-53;1172552293
00:0F:24:DE:10:B0;UniversityOfWashingtonCSE";-38;1172552293
00:0F:24:DE:11:50;UniversityOfWashingtonCSE";-79;1172552294
00:0F:24:DC:B7:A0;UniversityOfWashingtonCSE";-55;1172552294
00:60:B3:8C:33:45;EE";-62;1172552294
00:0F:34:9D:06:30;UniversityOfWashingtonCSE";-67;1172552294
00:0F:34:9C:FE:70;UniversityOfWashingtonCSE";-71;1172552294
00:0F:34:9D:02:00;UniversityOfWashingtonCSE";-77;1172552295
00:0F:34:9D:02:20;UniversityOfWashingtonCSE";-57;1172552295
00:0F:24:DC:B7:B0;UniversityOfWashingtonCSE";-53;1172552295
00:0F:24:DE:10:B0;UniversityOfWashingtonCSE";-38;1172552296
00:0F:24:DE:11:50;UniversityOfWashingtonCSE";-79;1172552296
00:0F:24:DC:B7:A0;UniversityOfWashingtonCSE";-55;1172552296
00:60:B3:8C:33:45;EE";-62;1172552296
00:0F:34:9D:06:30;UniversityOfWashingtonCSE";-67;1172552296
00:0F:34:9C:FE:70;UniversityOfWashingtonCSE";-71;1172552296
00:0F:34:9D:02:00;UniversityOfWashingtonCSE";-77;1172552297
00:0F:34:9D:02:20;UniversityOfWashingtonCSE";-57;1172552297
00:0F:24:DC:B7:B0;UniversityOfWashingtonCSE";-53;1172552298
00:0F:24:DE:10:B0;UniversityOfWashingtonCSE";-41;1172552298
00:0F:24:DE:11:50;UniversityOfWashingtonCSE";-79;1172552298
00:0F:24:DC:B7:A0;UniversityOfWashingtonCSE";-57;1172552298
00:60:B3:8C:33:45;EE";-64;1172552298
00:0F:34:9D:06:30;UniversityOfWashingtonCSE";-70;1172552298
00:0F:34:9C:FE:70;UniversityOfWashingtonCSE";-71;1172552298
00:0F:34:9D:02:00;UniversityOfWashingtonCSE";-77;1172552300
00:0F:34:9D:02:20;UniversityOfWashingtonCSE";-60;1172552300
00:0F:24:DC:B7:B0;UniversityOfWashingtonCSE";-52;1172552300
00:0F:24:DE:10:B0;UniversityOfWashingtonCSE";-39;1172552300
00:0F:24:DE:11:50;UniversityOfWashingtonCSE";-79;1172552300
00:0F:24:DC:B7:A0;UniversityOfWashingtonCSE";-57;1172552300
00:60:B3:8C:33:45;EE";-64;1172552300
00:0F:34:9D:06:30;UniversityOfWashingtonCSE";-70;1172552300
00:0F:34:9C:FE:70;UniversityOfWashingtonCSE";-71;1172552301
00:0F:34:9D:02:00;UniversityOfWashingtonCSE";-77;1172552302
00:0F:34:9D:02:20;UniversityOfWashingtonCSE";-57;1172552302
00:0F:24:DC:B7:B0;UniversityOfWashingtonCSE";-53;1172552302
00:0F:24:DE:10:B0;UniversityOfWashingtonCSE";-37;1172552302
00:0F:24:DE:11:50;UniversityOfWashingtonCSE";-79;1172552302
00:0F:24:DC:B7:A0;UniversityOfWashingtonCSE";-59;1172552302
00:60:B3:8C:33:45;EE";-64;1172552302
00:0F:34:9D:06:30;UniversityOfWashingtonCSE";-70;1172552303
00:0F:34:9C:FE:70;UniversityOfWashingtonCSE";-71;1172552303
00:0F:34:9D:02:00;UniversityOfWashingtonCSE";-77;1172552304
00:0F:34:9D:02:20;UniversityOfWashingtonCSE";-71;1172552304
00:0F:24:DC:B7:B0;UniversityOfWashingtonCSE";-51;1172552304
00:0F:24:DE:10:B0;UniversityOfWashingtonCSE";-35;1172552304
00:0F:24:DE:11:50;UniversityOfWashingtonCSE";-79;1172552304
00:0F:24:DC:B7:A0;UniversityOfWashingtonCSE";-57;1172552304
00:60:B3:8C:33:45;EE";-62;1172552305
00:0F:34:9D:06:30;UniversityOfWashingtonCSE";-67;1172552305
00:0F:34:9C:FE:70;UniversityOfWashingtonCSE";-71;1172552305
00:0F:34:9D:02:00;UniversityOfWashingtonCSE";-77;1172552306
00:0F:34:9D:02:20;UniversityOfWashingtonCSE";-55;1172552306
00:0F:24:DC:B7:B0;UniversityOfWashingtonCSE";-53;1172552306
00:0F:24:DE:10:B0;UniversityOfWashingtonCSE";-38;1172552306
00:0F:24:DE:11:50;UniversityOfWashingtonCSE";-79;1172552306
00:0F:24:DC:B7:A0;UniversityOfWashingtonCSE";-59;1172552307
00:60:B3:8C:33:45;EE";-63;1172552307
00:0F:34:9D:06:30;UniversityOfWashingtonCSE";-72;1172552307
00:0F:34:9C:FE:70;UniversityOfWashingtonCSE";-71;1172552307
00:0F:34:9D:02:00;UniversityOfWashingtonCSE";-77;1172552308
00:0F:34:9D:02:20;UniversityOfWashingtonCSE";-62;1172552308
00:0F:24:DC:B7:B0;UniversityOfWashingtonCSE";-51;1172552308
00:0F:24:DE:10:B0;UniversityOfWashingtonCSE";-36;1172552308
00:0F:24:DE:11:50;UniversityOfWashingtonCSE";-79;1172552309
00:0F:24:DC:B7:A0;UniversityOfWashingtonCSE";-61;1172552309
00:60:B3:8C:33:45;EE";-63;1172552309
00:0F:34:9D:06:30;UniversityOfWashingtonCSE";-67;1172552309
00:0F:34:9C:FE:70;UniversityOfWashingtonCSE";-71;1172552309
00:0F:34:9D:02:00;UniversityOfWashingtonCSE";-77;1172552310
00:0F:34:9D:02:20;UniversityOfWashingtonCSE";-62;1172552310
00:0F:24:DC:B7:B0;UniversityOfWashingtonCSE";-52;1172552310
00:0F:24:DE:10:B0;UniversityOfWashingtonCSE";-36;1172552311
00:0F:24:DE:11:50;UniversityOfWashingtonCSE";-79;1172552311
00:0F:24:DC:B7:A0;UniversityOfWashingtonCSE";-55;1172552311
00:60:B3:8C:33:45;EE";-62;1172552311
00:0F:34:9D:06:30;UniversityOfWashingtonCSE";-65;1172552311
00:0F:34:9C:FE:70;UniversityOfWashingtonCSE";-71;1172552311
00:0F:34:9D:02:00;UniversityOfWashingtonCSE";-77;1172552312
00:0F:34:9D:02:20;UniversityOfWashingtonCSE";-62;1172552313
00:0F:24:DC:B7:B0;UniversityOfWashingtonCSE";-54;1172552313
00:0F:24:DE:10:B0;UniversityOfWashingtonCSE";-36;1172552313
00:0F:24:DE:11:50;UniversityOfWashingtonCSE";-79;1172552313
00:0F:24:DC:B7:A0;UniversityOfWashingtonCSE";-55;1172552313
00:60:B3:8C:33:45;EE";-62;1172552313
00:0F:34:9D:06:30;UniversityOfWashingtonCSE";-65;1172552313
00:0F:34:9C:FE:70;UniversityOfWashingtonCSE";-71;1172552313
00:0F:34:9D:02:20;UniversityOfWashingtonCSE";-62;1172552315
00:0F:24:DC:B7:B0;UniversityOfWashingtonCSE";-54;1172552315
00:0F:24:DE:10:B0;UniversityOfWashingtonCSE";-38;1172552315
00:0F:24:DE:11:50;UniversityOfWashingtonCSE";-79;1172552315
00:0F:24:DC:B7:A0;UniversityOfWashingtonCSE";-58;1172552315
00:60:B3:8C:33:45;EE";-64;1172552315
00:0F:34:9D:06:30;UniversityOfWashingtonCSE";-61;1172552315
00:0F:34:9C:FE:70;UniversityOfWashingtonCSE";-71;1172552315
00:0F:34:9D:02:00;UniversityOfWashingtonCSE";-76;1172552317
00:0F:34:9D:02:20;UniversityOfWashingtonCSE";-55;1172552317
00:0F:24:DC:B7:B0;UniversityOfWashingtonCSE";-53;1172552317
00:0F:24:DE:10:B0;UniversityOfWashingtonCSE";-38;1172552317
00:0F:24:DE:11:50;UniversityOfWashingtonCSE";-79;1172552317
00:0F:24:DC:B7:A0;UniversityOfWashingtonCSE";-56;1172552317
00:60:B3:8C:33:45;EE";-64;1172552317
00:0F:34:9D:06:30;UniversityOfWashingtonCSE";-64;1172552317
00:0F:34:9C:FE:70;UniversityOfWashingtonCSE";-71;1172552318
