00:0F:34:9D:02:20;UniversityOfWashingtonCSE";-59;1172552216
00:0F:24:DC:B7:B0;UniversityOfWashingtonCSE";-52;1172552216
00:0F:24:DE:10:B0;UniversityOfWashingtonCSE";-40;1172552216
00:0F:24:DE:11:50;UniversityOfWashingtonCSE";-79;1172552216
00:0F:24:DC:B7:A0;UniversityOfWashingtonCSE";-58;1172552216
00:60:B3:8C:33:45;EE";-64;1172552217
00:0F:34:9D:06:30;UniversityOfWashingtonCSE";-66;1172552217
00:0F:34:9D:02:20;UniversityOfWashingtonCSE";-56;1172552218
00:0F:24:DC:B7:B0;UniversityOfWashingtonCSE";-52;1172552218
00:0F:24:DE:10:B0;UniversityOfWashingtonCSE";-40;1172552218
00:0F:24:DE:11:50;UniversityOfWashingtonCSE";-79;1172552218
00:0F:24:DC:B7:A0;UniversityOfWashingtonCSE";-59;1172552218
00:60:B3:8C:33:45;EE";-63;1172552218
00:0F:34:9D:06:30;UniversityOfWashingtonCSE";-70;1172552219
00:0F:34:9D:02:00;UniversityOfWashingtonCSE";-76;1172552220
00:0F:34:9D:02:20;UniversityOfWashingtonCSE";-55;1172552220
00:0F:24:DC:B7:B0;UniversityOfWashingtonCSE";-53;1172552220
00:0F:24:DE:10:B0;UniversityOfWashingtonCSE";-40;1172552220
00:0F:24:DE:11:50;UniversityOfWashingtonCSE";-79;1172552220
00:0F:24:DC:B7:A0;UniversityOfWashingtonCSE";-56;1172552220
00:60:B3:8C:33:45;EE";-63;1172552221
00:0F:34:9D:06:30;UniversityOfWashingtonCSE";-64;1172552221
00:0F:34:9D:02:00;UniversityOfWashingtonCSE";-75;1172552222
00:0F:34:9D:02:20;UniversityOfWashingtonCSE";-58;1172552222
00:0F:24:DC:B7:B0;UniversityOfWashingtonCSE";-54;1172552222
00:0F:24:DE:10:B0;UniversityOfWashingtonCSE";-39;1172552222
00:0F:24:DE:11:50;UniversityOfWashingtonCSE";-79;1172552222
00:0F:24:DC:B7:A0;UniversityOfWashingtonCSE";-56;1172552222
00:60:B3:8C:33:45;EE";-64;1172552223
00:0F:34:9D:06:30;UniversityOfWashingtonCSE";-64;1172552223
00:0F:34:9C:FE:70;UniversityOfWashingtonCSE";-81;1172552223
00:0F:34:9D:02:00;UniversityOfWashingtonCSE";-76;1172552224
00:0F:34:9D:02:20;UniversityOfWashingtonCSE";-61;1172552224
00:0F:24:DC:B7:B0;UniversityOfWashingtonCSE";-55;1172552224
00:0F:24:DE:10:B0;UniversityOfWashingtonCSE";-37;1172552224
00:0F:24:DE:11:50;UniversityOfWashingtonCSE";-79;1172552225
00:0F:24:DC:B7:A0;UniversityOfWashingtonCSE";-61;1172552225
00:60:B3:8C:33:45;EE";-62;1172552225
00:0F:34:9D:06:30;UniversityOfWashingtonCSE";-64;1172552225
00:0F:34:9C:FE:70;UniversityOfWashingtonCSE";-81;1172552225
00:0F:34:9D:02:00;UniversityOfWashingtonCSE";-76;1172552226
00:0F:34:9D:02:20;UniversityOfWashingtonCSE";-61;1172552226
00:0F:24:DC:B7:B0;UniversityOfWashingtonCSE";-55;1172552226
00:0F:24:DE:10:B0;UniversityOfWashingtonCSE";-39;1172552227
00:0F:24:DE:11:50;UniversityOfWashingtonCSE";-79;1172552227
00:0F:24:DC:B7:A0;UniversityOfWashingtonCSE";-57;1172552227
00:60:B3:8C:33:45;EE";-62;1172552227
00:0F:34:9D:06:30;UniversityOfWashingtonCSE";-64;1172552227
00:0F:34:9C:FE:70;UniversityOfWashingtonCSE";-81;1172552227
00:0F:34:9D:02:00;UniversityOfWashingtonCSE";-76;1172552228
00:0F:34:9D:02:20;UniversityOfWashingtonCSE";-57;1172552228
00:0F:24:DC:B7:B0;UniversityOfWashingtonCSE";-53;1172552229
00:0F:24:DE:10:B0;UniversityOfWashingtonCSE";-41;1172552229
00:0F:24:DE:11:50;UniversityOfWashingtonCSE";-79;1172552229
00:0F:24:DC:B7:A0;UniversityOfWashingtonCSE";-57;1172552229
00:60:B3:8C:33:45;EE";-63;1172552229
00:0F:34:9D:06:30;UniversityOfWashingtonCSE";-64;1172552229
00:0F:34:9C:FE:70;UniversityOfWashingtonCSE";-81;1172552229
00:0F:34:9D:02:00;UniversityOfWashingtonCSE";-78;1172552231
00:0F:34:9D:02:20;UniversityOfWashingtonCSE";-61;1172552231
00:0F:24:DC:B7:B0;UniversityOfWashingtonCSE";-54;1172552231
00:0F:24:DE:10:B0;UniversityOfWashingtonCSE";-36;1172552231
00:0F:24:DE:11:50;UniversityOfWashingtonCSE";-79;1172552231
00:0F:24:DC:B7:A0;UniversityOfWashingtonCSE";-61;1172552231
00:60:B3:8C:33:45;EE";-63;1172552231
00:0F:34:9D:06:30;UniversityOfWashingtonCSE";-64;1172552231
00:0F:34:9C:FE:70;UniversityOfWashingtonCSE";-78;1172552232
00:0F:34:9D:02:00;UniversityOfWashingtonCSE";-78;1172552233
00:0F:34:9D:02:20;UniversityOfWashingtonCSE";-57;1172552233
00:0F:24:DC:B7:B0;UniversityOfWashingtonCSE";-52;1172552233
00:0F:24:DE:10:B0;UniversityOfWashingtonCSE";-37;1172552233
00:0F:24:DE:11:50;UniversityOfWashingtonCSE";-79;1172552233
00:0F:24:DC:B7:A0;UniversityOfWashingtonCSE";-55;1172552233
00:60:B3:8C:33:45;EE";-62;1172552233
00:0F:34:9D:06:30;UniversityOfWashingtonCSE";-64;1172552234
00:0F:34:9C:FE:70;UniversityOfWashingtonCSE";-78;1172552234
00:0F:34:9D:02:00;UniversityOfWashingtonCSE";-78;1172552235
00:0F:34:9D:02:20;UniversityOfWashingtonCSE";-60;1172552235
00:0F:24:DC:B7:B0;UniversityOfWashingtonCSE";-53;1172552235
00:0F:24:DE:10:B0;UniversityOfWashingtonCSE";-39;1172552235
00:0F:24:DE:11:50;UniversityOfWashingtonCSE";-79;1172552235
00:0F:24:DC:B7:A0;UniversityOfWashingtonCSE";-61;1172552236
00:60:B3:8C:33:45;EE";-64;1172552236
00:0F:34:9D:06:30;UniversityOfWashingtonCSE";-70;1172552236
00:0F:34:9C:FE:70;UniversityOfWashingtonCSE";-78;1172552236
00:0F:34:9D:02:00;UniversityOfWashingtonCSE";-78;1172552237
00:0F:34:9D:02:20;UniversityOfWashingtonCSE";-57;1172552237
00:0F:24:DC:B7:B0;UniversityOfWashingtonCSE";-54;1172552237
00:0F:24:DE:10:B0;UniversityOfWashingtonCSE";-39;1172552238
00:0F:24:DE:11:50;UniversityOfWashingtonCSE";-79;1172552238
00:0F:24:DC:B7:A0;UniversityOfWashingtonCSE";-61;1172552238
00:60:B3:8C:33:45;EE";-68;1172552238
00:0F:34:9D:06:30;UniversityOfWashingtonCSE";-70;1172552238
00:0F:34:9C:FE:70;UniversityOfWashingtonCSE";-73;1172552238
00:0F:34:9D:02:00;UniversityOfWashingtonCSE";-78;1172552239
00:0F:34:9D:02:20;UniversityOfWashingtonCSE";-57;1172552240
00:0F:24:DC:B7:B0;UniversityOfWashingtonCSE";-57;1172552240
00:0F:24:DE:10:B0;UniversityOfWashingtonCSE";-40;1172552240
00:0F:24:DE:11:50;UniversityOfWashingtonCSE";-79;1172552240
00:0F:24:DC:B7:A0;UniversityOfWashingtonCSE";-58;1172552240
00:60:B3:8C:33:45;EE";-62;1172552240
00:0F:34:9D:06:30;UniversityOfWashingtonCSE";-67;1172552240
00:0F:34:9C:FE:70;UniversityOfWashingtonCSE";-73;1172552240
00:0F:34:9D:02:00;UniversityOfWashingtonCSE";-78;1172552242
00:0F:34:9D:02:20;UniversityOfWashingtonCSE";-57;1172552242
00:0F:24:DC:B7:B0;UniversityOfWashingtonCSE";-53;1172552242
00:0F:24:DE:10:B0;UniversityOfWashingtonCSE";-40;1172552242
00:0F:24:DE:11:50;UniversityOfWashingtonCSE";-79;1172552242
00:0F:24:DC:B7:A0;UniversityOfWashingtonCSE";-58;1172552242
00:60:B3:8C:33:45;EE";-62;1172552242
00:0F:34:9D:06:30;UniversityOfWashingtonCSE";-64;1172552242
00:0F:34:9C:FE:70;UniversityOfWashingtonCSE";-73;1172552243
00:0F:34:9D:02:00;UniversityOfWashingtonCSE";-78;1172552244
00:0F:34:9D:02:20;UniversityOfWashingtonCSE";-57;1172552244
00:0F:24:DC:B7:B0;UniversityOfWashingtonCSE";-53;1172552244
00:0F:24:DE:10:B0;UniversityOfWashingtonCSE";-39;1172552244
00:0F:24:DE:11:50;UniversityOfWashingtonCSE";-79;1172552244
00:0F:24:DC:B7:A0;UniversityOfWashingtonCSE";-57;1172552244
00:60:B3:8C:33:45;EE";-63;1172552245
00:0F:34:9D:06:30;UniversityOfWashingtonCSE";-66;1172552245
00:0F:34:9C:FE:70;UniversityOfWashingtonCSE";-73;1172552245
00:0F:34:9D:02:00;UniversityOfWashingtonCSE";-78;1172552246
00:0F:34:9D:02:20;UniversityOfWashingtonCSE";-57;1172552246
00:0F:24:DC:B7:B0;UniversityOfWashingtonCSE";-52;1172552246
00:0F:24:DE:10:B0;UniversityOfWashingtonCSE";-39;1172552246
00:0F:24:DE:11:50;UniversityOfWashingtonCSE";-79;1172552246
00:0F:24:DC:B7:A0;UniversityOfWashingtonCSE";-56;1172552247
00:60:B3:8C:33:45;EE";-63;1172552247
00:0F:34:9D:06:30;UniversityOfWashingtonCSE";-65;1172552247
00:0F:34:9C:FE:70;UniversityOfWashingtonCSE";-73;1172552247
00:0F:34:9D:02:00;UniversityOfWashingtonCSE";-78;1172552248
00:0F:34:9D:02:20;UniversityOfWashingtonCSE";-57;1172552248
00:0F:24:DC:B7:B0;UniversityOfWashingtonCSE";-52;1172552248
00:0F:24:DE:10:B0;UniversityOfWashingtonCSE";-38;1172552248
00:0F:24:DE:11:50;UniversityOfWashingtonCSE";-79;1172552249
00:0F:24:DC:B7:A0;UniversityOfWashingtonCSE";-56;1172552249
00:60:B3:8C:33:45;EE";-64;1172552249
00:0F:34:9D:06:30;UniversityOfWashingtonCSE";-65;1172552249
00:0F:34:9C:FE:70;UniversityOfWashingtonCSE";-73;1172552249
00:0F:34:9D:02:00;UniversityOfWashingtonCSE";-75;1172552250
00:0F:34:9D:02:20;UniversityOfWashingtonCSE";-55;1172552250
00:0F:24:DC:B7:B0;UniversityOfWashingtonCSE";-53;1172552251
00:0F:24:DE:10:B0;UniversityOfWashingtonCSE";-41;1172552251
00:0F:24:DE:11:50;UniversityOfWashingtonCSE";-79;1172552251
00:0F:24:DC:B7:A0;UniversityOfWashingtonCSE";-56;1172552251
00:60:B3:8C:33:45;EE";-64;1172552251
00:0F:34:9D:06:30;UniversityOfWashingtonCSE";-65;1172552251
00:0F:34:9C:FE:70;UniversityOfWashingtonCSE";-73;1172552251
00:0F:34:9D:02:00;UniversityOfWashingtonCSE";-75;1172552252
00:0F:34:9D:02:20;UniversityOfWashingtonCSE";-59;1172552253
00:0F:24:DC:B7:B0;UniversityOfWashingtonCSE";-50;1172552253
00:0F:24:DE:10:B0;UniversityOfWashingtonCSE";-39;1172552253
00:0F:24:DE:11:50;UniversityOfWashingtonCSE";-79;1172552253
00:0F:24:DC:B7:A0;UniversityOfWashingtonCSE";-57;1172552253
00:60:B3:8C:33:45;EE";-64;1172552253
00:0F:34:9D:06:30;UniversityOfWashingtonCSE";-69;1172552253
00:0F:34:9C:FE:70;UniversityOfWashingtonCSE";-70;1172552253
00:0F:34:9D:02:00;UniversityOfWashingtonCSE";-75;1172552255
00:0F:34:9D:02:20;UniversityOfWashingtonCSE";-59;1172552255
00:0F:24:DC:B7:B0;UniversityOfWashingtonCSE";-50;1172552255
00:0F:24:DE:10:B0;UniversityOfWashingtonCSE";-39;1172552255
00:0F:24:DE:11:50;UniversityOfWashingtonCSE";-79;1172552255
00:0F:24:DC:B7:A0;UniversityOfWashingtonCSE";-57;1172552255
00:60:B3:8C:33:45;EE";-64;1172552255
00:0F:34:9D:06:30;UniversityOfWashingtonCSE";-69;1172552255
00:0F:34:9C:FE:70;UniversityOfWashingtonCSE";-70;1172552256
00:0F:34:9D:02:00;UniversityOfWashingtonCSE";-75;1172552257
00:0F:34:9D:02:20;UniversityOfWashingtonCSE";-59;1172552257
00:0F:24:DC:B7:B0;UniversityOfWashingtonCSE";-50;1172552257
00:0F:24:DE:10:B0;UniversityOfWashingtonCSE";-40;1172552257
00:0F:24:DE:11:50;UniversityOfWashingtonCSE";-79;1172552257
00:0F:24:DC:B7:A0;UniversityOfWashingtonCSE";-58;1172552257
00:60:B3:8C:33:45;EE";-64;1172552258
00:0F:34:9D:06:30;UniversityOfWashingtonCSE";-64;1172552258
00:0F:34:9C:FE:70;UniversityOfWashingtonCSE";-70;1172552258
00:0F:34:9D:02:00;UniversityOfWashingtonCSE";-75;1172552259
00:0F:34:9D:02:20;UniversityOfWashingtonCSE";-59;1172552259
00:0F:24:DC:B7:B0;UniversityOfWashingtonCSE";-51;1172552259
00:0F:24:DE:10:B0;UniversityOfWashingtonCSE";-38;1172552259
00:0F:24:DE:11:50;UniversityOfWashingtonCSE";-79;1172552259
00:0F:24:DC:B7:A0;UniversityOfWashingtonCSE";-60;1172552260
00:60:B3:8C:33:45;EE";-65;1172552260
00:0F:34:9D:06:30;UniversityOfWashingtonCSE";-62;1172552260
00:0F:34:9C:FE:70;UniversityOfWashingtonCSE";-70;1172552260
00:0F:34:9D:02:00;UniversityOfWashingtonCSE";-77;1172552261
00:0F:34:9D:02:20;UniversityOfWashingtonCSE";-55;1172552261
00:0F:24:DC:B7:B0;UniversityOfWashingtonCSE";-53;1172552261
00:0F:24:DE:10:B0;UniversityOfWashingtonCSE";-41;1172552261
00:0F:24:DE:11:50;UniversityOfWashingtonCSE";-79;1172552262
00:0F:24:DC:B7:A0;UniversityOfWashingtonCSE";-60;1172552262
00:60:B3:8C:33:45;EE";-65;1172552262
00:0F:34:9D:06:30;UniversityOfWashingtonCSE";-62;1172552262
00:0F:34:9C:FE:70;UniversityOfWashingtonCSE";-70;1172552262
00:0F:34:9D:02:00;UniversityOfWashingtonCSE";-75;1172552263
00:0F:34:9D:02:20;UniversityOfWashingtonCSE";-56;1172552263
00:0F:24:DC:B7:B0;UniversityOfWashingtonCSE";-52;1172552263
00:0F:24:DE:10:B0;UniversityOfWashingtonCSE";-40;1172552264
00:0F:24:DE:11:50;UniversityOfWashingtonCSE";-79;1172552264
00:0F:24:DC:B7:A0;UniversityOfWashingtonCSE";-57;1172552264
00:60:B3:8C:33:45;EE";-65;1172552264
00:0F:34:9D:06:30;UniversityOfWashingtonCSE";-65;1172552264
00:0F:34:9C:FE:70;UniversityOfWashingtonCSE";-70;1172552264
00:0F:34:9D:02:00;UniversityOfWashingtonCSE";-75;1172552265
00:0F:34:9D:02:20;UniversityOfWashingtonCSE";-56;1172552265
00:0F:24:DC:B7:B0;UniversityOfWashingtonCSE";-52;1172552266
00:0F:24:DE:10:B0;UniversityOfWashingtonCSE";-39;1172552266
00:0F:24:DE:11:50;UniversityOfWashingtonCSE";-79;1172552266
00:0F:24:DC:B7:A0;UniversityOfWashingtonCSE";-57;1172552266
00:60:B3:8C:33:45;EE";-62;1172552266
00:0F:34:9D:06:30;UniversityOfWashingtonCSE";-64;1172552266
00:0F:34:9D:02:00;UniversityOfWashingtonCSE";-76;1172552267
00:0F:34:9D:02:20;UniversityOfWashingtonCSE";-55;1172552268
00:0F:24:DC:B7:B0;UniversityOfWashingtonCSE";-53;1172552268
00:0F:24:DE:10:B0;UniversityOfWashingtonCSE";-39;1172552268
00:0F:24:DE:11:50;UniversityOfWashingtonCSE";-79;1172552268
00:0F:24:DC:B7:A0;UniversityOfWashingtonCSE";-57;1172552268
00:60:B3:8C:33:45;EE";-63;1172552268
00:0F:34:9D:06:30;UniversityOfWashingtonCSE";-64;1172552268
00:0F:34:9D:02:00;UniversityOfWashingtonCSE";-76;1172552269
00:0F:34:9D:02:20;UniversityOfWashingtonCSE";-63;1172552270
00:0F:24:DC:B7:B0;UniversityOfWashingtonCSE";-51;1172552270
00:0F:24:DE:10:B0;UniversityOfWashingtonCSE";-38;1172552270
00:0F:24:DE:11:50;UniversityOfWashingtonCSE";-79;1172552270
00:0F:24:DC:B7:A0;UniversityOfWashingtonCSE";-59;1172552270
00:60:B3:8C:33:45;EE";-66;1172552270
00:0F:34:9D:06:30;UniversityOfWashingtonCSE";-71;1172552270
00:0F:34:9D:02:00;UniversityOfWashingtonCSE";-76;1172552271
00:0F:34:9D:02:20;UniversityOfWashingtonCSE";-61;1172552272
00:0F:24:DC:B7:B0;UniversityOfWashingtonCSE";-53;1172552272
00:0F:24:DE:10:B0;UniversityOfWashingtonCSE";-38;1172552272
00:0F:24:DE:11:50;UniversityOfWashingtonCSE";-79;1172552272
00:0F:24:DC:B7:A0;UniversityOfWashingtonCSE";-59;1172552272
00:60:B3:8C:33:45;EE";-66;1172552272
00:0F:34:9D:06:30;UniversityOfWashingtonCSE";-71;1172552272
