00:0F:34:9D:02:20;UniversityOfWashingtonCSE";-59;1172552671
00:0F:24:DC:B7:B0;UniversityOfWashingtonCSE";-52;1172552671
00:0F:24:DE:10:B0;UniversityOfWashingtonCSE";-39;1172552671
00:0F:24:DC:B7:A0;UniversityOfWashingtonCSE";-62;1172552671
00:0F:34:9C:FE:70;UniversityOfWashingtonCSE";-73;1172552671
00:0F:34:9D:02:20;UniversityOfWashingtonCSE";-54;1172552672
00:0F:24:DC:B7:B0;UniversityOfWashingtonCSE";-58;1172552672
00:0F:24:DE:10:B0;UniversityOfWashingtonCSE";-39;1172552672
00:0F:24:DE:11:50;UniversityOfWashingtonCSE";-79;1172552672
00:0F:24:DC:B7:A0;UniversityOfWashingtonCSE";-62;1172552672
00:0F:34:9C:FE:70;UniversityOfWashingtonCSE";-73;1172552672
00:0F:34:9D:02:00;UniversityOfWashingtonCSE";-76;1172552672
00:0F:34:9D:02:20;UniversityOfWashingtonCSE";-54;1172552672
00:0F:24:DC:B7:B0;UniversityOfWashingtonCSE";-58;1172552672
00:0F:24:DE:10:B0;UniversityOfWashingtonCSE";-41;1172552672
00:0F:24:DE:11:50;UniversityOfWashingtonCSE";-79;1172552672
00:0F:24:DC:B7:A0;UniversityOfWashingtonCSE";-62;1172552672
00:60:B3:8C:33:45;EE";-67;1172552672
00:0F:34:9C:FE:70;UniversityOfWashingtonCSE";-73;1172552672
00:0F:34:9D:02:00;UniversityOfWashingtonCSE";-76;1172552673
00:0F:34:9D:02:20;UniversityOfWashingtonCSE";-55;1172552673
00:0F:24:DC:B7:B0;UniversityOfWashingtonCSE";-55;1172552673
00:0F:24:DE:10:B0;UniversityOfWashingtonCSE";-41;1172552673
00:0F:24:DE:11:50;UniversityOfWashingtonCSE";-79;1172552673
00:0F:24:DC:B7:A0;UniversityOfWashingtonCSE";-62;1172552673
00:60:B3:8C:33:45;EE";-67;1172552673
00:0F:34:9C:FE:70;UniversityOfWashingtonCSE";-72;1172552673
00:0F:34:9D:02:00;UniversityOfWashingtonCSE";-76;1172552674
00:0F:34:9D:02:20;UniversityOfWashingtonCSE";-55;1172552674
00:0F:24:DC:B7:B0;UniversityOfWashingtonCSE";-55;1172552674
00:0F:24:DE:10:B0;UniversityOfWashingtonCSE";-40;1172552674
00:0F:24:DE:11:50;UniversityOfWashingtonCSE";-79;1172552674
00:0F:24:DC:B7:A0;UniversityOfWashingtonCSE";-59;1172552674
00:60:B3:8C:33:45;EE";-64;1172552674
00:0F:34:9D:06:30;UniversityOfWashingtonCSE";-65;1172552674
00:0F:34:9C:FE:70;UniversityOfWashingtonCSE";-72;1172552674
00:0F:34:9D:02:00;UniversityOfWashingtonCSE";-76;1172552675
00:0F:34:9D:02:20;UniversityOfWashingtonCSE";-63;1172552675
00:0F:24:DC:B7:B0;UniversityOfWashingtonCSE";-58;1172552675
00:0F:24:DE:10:B0;UniversityOfWashingtonCSE";-40;1172552675
00:0F:24:DE:11:50;UniversityOfWashingtonCSE";-79;1172552675
00:0F:24:DC:B7:A0;UniversityOfWashingtonCSE";-60;1172552675
00:60:B3:8C:33:45;EE";-63;1172552675
00:0F:34:9D:06:30;UniversityOfWashingtonCSE";-66;1172552675
00:0F:34:9C:FE:70;UniversityOfWashingtonCSE";-72;1172552675
00:0F:34:9D:02:00;UniversityOfWashingtonCSE";-79;1172552675
00:0F:34:9D:02:20;UniversityOfWashingtonCSE";-55;1172552675
00:0F:24:DC:B7:B0;UniversityOfWashingtonCSE";-55;1172552675
00:0F:24:DE:10:B0;UniversityOfWashingtonCSE";-40;1172552675
00:0F:24:DE:11:50;UniversityOfWashingtonCSE";-79;1172552675
00:0F:24:DC:B7:A0;UniversityOfWashingtonCSE";-60;1172552675
00:60:B3:8C:33:45;EE";-65;1172552675
00:0F:34:9D:06:30;UniversityOfWashingtonCSE";-66;1172552675
00:0F:34:9C:FE:70;UniversityOfWashingtonCSE";-68;1172552675
00:0F:34:9D:02:00;UniversityOfWashingtonCSE";-79;1172552676
00:0F:34:9D:02:20;UniversityOfWashingtonCSE";-61;1172552676
00:0F:24:DC:B7:B0;UniversityOfWashingtonCSE";-53;1172552676
00:0F:24:DE:10:B0;UniversityOfWashingtonCSE";-40;1172552676
00:0F:24:DE:11:50;UniversityOfWashingtonCSE";-79;1172552676
00:0F:24:DC:B7:A0;UniversityOfWashingtonCSE";-61;1172552676
00:60:B3:8C:33:45;EE";-64;1172552676
00:0F:34:9D:06:30;UniversityOfWashingtonCSE";-66;1172552676
00:0F:34:9C:FE:70;UniversityOfWashingtonCSE";-68;1172552676
00:0F:34:9D:02:00;UniversityOfWashingtonCSE";-76;1172552677
00:0F:34:9D:02:20;UniversityOfWashingtonCSE";-61;1172552677
00:0F:24:DC:B7:B0;UniversityOfWashingtonCSE";-52;1172552677
00:0F:24:DE:10:B0;UniversityOfWashingtonCSE";-40;1172552677
00:0F:24:DE:11:50;UniversityOfWashingtonCSE";-79;1172552677
00:0F:24:DC:B7:A0;UniversityOfWashingtonCSE";-56;1172552677
00:60:B3:8C:33:45;EE";-64;1172552677
00:0F:34:9D:06:30;UniversityOfWashingtonCSE";-65;1172552677
00:0F:34:9C:FE:70;UniversityOfWashingtonCSE";-68;1172552677
00:0F:34:9D:02:00;UniversityOfWashingtonCSE";-76;1172552678
00:0F:34:9D:02:20;UniversityOfWashingtonCSE";-56;1172552678
00:0F:24:DC:B7:B0;UniversityOfWashingtonCSE";-54;1172552678
00:0F:24:DE:10:B0;UniversityOfWashingtonCSE";-40;1172552678
00:0F:24:DE:11:50;UniversityOfWashingtonCSE";-79;1172552678
00:0F:24:DC:B7:A0;UniversityOfWashingtonCSE";-56;1172552678
00:60:B3:8C:33:45;EE";-64;1172552678
00:0F:34:9D:06:30;UniversityOfWashingtonCSE";-65;1172552678
00:0F:34:9C:FE:70;UniversityOfWashingtonCSE";-70;1172552678
00:0F:34:9D:02:00;UniversityOfWashingtonCSE";-76;1172552678
00:0F:34:9D:02:20;UniversityOfWashingtonCSE";-56;1172552678
00:0F:24:DC:B7:B0;UniversityOfWashingtonCSE";-54;1172552678
00:0F:24:DE:10:B0;UniversityOfWashingtonCSE";-39;1172552678
00:0F:24:DE:11:50;UniversityOfWashingtonCSE";-79;1172552678
00:0F:24:DC:B7:A0;UniversityOfWashingtonCSE";-58;1172552678
00:60:B3:8C:33:45;EE";-64;1172552678
00:0F:34:9D:06:30;UniversityOfWashingtonCSE";-66;1172552678
00:0F:34:9C:FE:70;UniversityOfWashingtonCSE";-70;1172552678
00:0F:34:9D:02:00;UniversityOfWashingtonCSE";-76;1172552679
00:0F:34:9D:02:20;UniversityOfWashingtonCSE";-61;1172552679
00:0F:24:DC:B7:B0;UniversityOfWashingtonCSE";-54;1172552679
00:0F:24:DE:10:B0;UniversityOfWashingtonCSE";-39;1172552679
00:0F:24:DE:11:50;UniversityOfWashingtonCSE";-79;1172552679
00:0F:24:DC:B7:A0;UniversityOfWashingtonCSE";-58;1172552679
00:60:B3:8C:33:45;EE";-63;1172552679
00:0F:34:9D:06:30;UniversityOfWashingtonCSE";-66;1172552679
00:0F:34:9C:FE:70;UniversityOfWashingtonCSE";-70;1172552679
00:0F:34:9D:02:00;UniversityOfWashingtonCSE";-76;1172552680
00:0F:34:9D:02:20;UniversityOfWashingtonCSE";-60;1172552680
00:0F:24:DC:B7:B0;UniversityOfWashingtonCSE";-55;1172552680
00:0F:24:DE:10:B0;UniversityOfWashingtonCSE";-39;1172552680
00:0F:24:DE:11:50;UniversityOfWashingtonCSE";-79;1172552680
00:0F:24:DC:B7:A0;UniversityOfWashingtonCSE";-57;1172552680
00:60:B3:8C:33:45;EE";-65;1172552680
00:0F:34:9D:06:30;UniversityOfWashingtonCSE";-64;1172552680
00:0F:34:9C:FE:70;UniversityOfWashingtonCSE";-79;1172552680
00:0F:34:9D:02:00;UniversityOfWashingtonCSE";-76;1172552681
00:0F:34:9D:02:20;UniversityOfWashingtonCSE";-57;1172552681
00:0F:24:DC:B7:B0;UniversityOfWashingtonCSE";-58;1172552681
00:0F:24:DE:10:B0;UniversityOfWashingtonCSE";-39;1172552681
00:0F:24:DE:11:50;UniversityOfWashingtonCSE";-79;1172552681
00:0F:24:DC:B7:A0;UniversityOfWashingtonCSE";-57;1172552681
00:60:B3:8C:33:45;EE";-71;1172552681
00:0F:34:9D:06:30;UniversityOfWashingtonCSE";-64;1172552681
00:0F:34:9C:FE:70;UniversityOfWashingtonCSE";-79;1172552681
00:0F:34:9D:02:00;UniversityOfWashingtonCSE";-74;1172552681
00:0F:34:9D:02:20;UniversityOfWashingtonCSE";-55;1172552681
00:0F:24:DC:B7:B0;UniversityOfWashingtonCSE";-53;1172552681
00:0F:24:DE:10:B0;UniversityOfWashingtonCSE";-37;1172552681
00:0F:24:DE:11:50;UniversityOfWashingtonCSE";-79;1172552681
00:0F:24:DC:B7:A0;UniversityOfWashingtonCSE";-58;1172552681
00:60:B3:8C:33:45;EE";-65;1172552681
00:0F:34:9D:06:30;UniversityOfWashingtonCSE";-65;1172552681
00:0F:34:9C:FE:70;UniversityOfWashingtonCSE";-70;1172552681
00:0F:34:9D:02:00;UniversityOfWashingtonCSE";-74;1172552682
00:0F:34:9D:02:20;UniversityOfWashingtonCSE";-64;1172552682
00:0F:24:DC:B7:B0;UniversityOfWashingtonCSE";-57;1172552682
00:0F:24:DE:10:B0;UniversityOfWashingtonCSE";-37;1172552682
00:0F:24:DE:11:50;UniversityOfWashingtonCSE";-79;1172552682
00:0F:24:DC:B7:A0;UniversityOfWashingtonCSE";-58;1172552682
00:60:B3:8C:33:45;EE";-65;1172552682
00:0F:34:9D:06:30;UniversityOfWashingtonCSE";-65;1172552682
00:0F:34:9C:FE:70;UniversityOfWashingtonCSE";-70;1172552682
00:0F:34:9D:02:00;UniversityOfWashingtonCSE";-74;1172552683
00:0F:34:9D:02:20;UniversityOfWashingtonCSE";-64;1172552683
00:0F:24:DC:B7:B0;UniversityOfWashingtonCSE";-57;1172552683
00:0F:24:DE:10:B0;UniversityOfWashingtonCSE";-39;1172552683
00:0F:24:DE:11:50;UniversityOfWashingtonCSE";-79;1172552683
00:0F:24:DC:B7:A0;UniversityOfWashingtonCSE";-61;1172552683
00:60:B3:8C:33:45;EE";-63;1172552683
00:0F:34:9D:06:30;UniversityOfWashingtonCSE";-70;1172552683
00:0F:34:9C:FE:70;UniversityOfWashingtonCSE";-70;1172552683
00:0F:34:9D:02:00;UniversityOfWashingtonCSE";-74;1172552684
00:0F:34:9D:02:20;UniversityOfWashingtonCSE";-55;1172552684
00:0F:24:DC:B7:B0;UniversityOfWashingtonCSE";-56;1172552684
00:0F:24:DE:10:B0;UniversityOfWashingtonCSE";-39;1172552684
00:0F:24:DE:11:50;UniversityOfWashingtonCSE";-79;1172552684
00:0F:24:DC:B7:A0;UniversityOfWashingtonCSE";-61;1172552684
00:60:B3:8C:33:45;EE";-63;1172552684
00:0F:34:9D:06:30;UniversityOfWashingtonCSE";-70;1172552684
00:0F:34:9C:FE:70;UniversityOfWashingtonCSE";-70;1172552684
