00:0B:86:D2:76:40;University of Washington";-78;1172000477
00:0B:86:D3:27:40;University of Washington";-77;1172000477
00:0B:86:C3:B8:20;University of Washington";-78;1172000477
00:0B:86:C7:81:60;University of Washington";-82;1172000477
00:0B:86:D0:23:80;University of Washington";-80;1172000477
00:0B:86:D1:31:60;University of Washington";-70;1172000477
00:0B:86:D1:31:80;University of Washington";-79;1172000477
00:0B:86:D0:19:A0;University of Washington";-76;1172000477
00:0B:86:D1:52:80;University of Washington";-67;1172000477
00:0B:86:D2:B8:60;University of Washington";-79;1172000477
00:0B:86:D2:B6:80;University of Washington";-81;1172000477
00:0B:86:D1:45:20;University of Washington";-77;1172000477
00:0B:86:D1:2E:00;University of Washington";-80;1172000477
00:0B:86:D2:C0:80;University of Washington";-80;1172000477
00:0B:86:D2:77:E0;University of Washington";-80;1172000477
00:0B:86:D2:7A:C0;University of Washington";-82;1172000477
00:11:24:EE:1E:C3;Fammed Computer Support";-81;1172000477
00:0B:86:D1:45:00;University of Washington";-70;1172000477
00:0B:86:D1:44:E0;University of Washington";-77;1172000477
00:0B:86:D1:31:C0;University of Washington";-80;1172000477
00:0B:86:D2:8C:60;University of Washington";-78;1172000477
00:0B:86:CE:62:C0;University of Washington";-81;1172000477
00:02:2D:30:0A:6E;airdaniel";-77;1172000477
00:0B:86:CE:AE:E0;University of Washington";-81;1172000477
00:0B:86:D1:44:C0;University of Washington";-70;1172000477
00:0B:86:CE:A2:20;University of Washington";-79;1172000477
00:0B:86:CB:97:80;University of Washington";-78;1172000477
00:0B:86:CD:C5:00;University of Washington";-81;1172000477
00:18:39:69:E9:68;Bevan Lab";-71;1172000477
00:0B:86:CA:CC:E0;University of Washington";-78;1172000477
00:0B:86:D1:31:A0;University of Washington";-79;1172000477
00:0B:86:CE:4D:00;University of Washington";-76;1172000477
00:0B:86:C3:BF:20;University of Washington";-78;1172000477
00:0B:86:C2:33:60;University of Washington";-80;1172000477
00:0B:86:CD:7E:60;University of Washington";-74;1172000477
00:0B:86:D9:82:00;University of Washington";-72;1172000477
00:0B:86:CE:A2:60;University of Washington";-82;1172000477
00:0B:86:CE:57:40;University of Washington";-80;1172000477
00:0B:86:CE:55:40;University of Washington";-75;1172000477
00:0B:86:D9:89:40;University of Washington";-78;1172000477
00:0B:86:D9:87:A0;University of Washington";-81;1172000477
00:0B:86:D2:71:C0;University of Washington";-79;1172000477
00:0B:86:CD:91:60;University of Washington";-80;1172000477
00:0A:95:F8:09:C8;RehLab";-82;1172000477
00:11:95:0C:77:06;<hidden>";-57;1172000477
00:0B:86:CE:99:80;University of Washington";-82;1172000477
00:0B:86:CD:CF:A0;University of Washington";-77;1172000477
00:0D:88:9A:89:B4;rudensky";-70;1172000477
00:13:10:AB:29:3E;KENNEDY";-80;1172000477
00:0A:95:F2:7B:21;Apple Network f27b21";-83;1172000477
AA:58:CE:44:A4:EF;Wireless Network";-78;1172000477
00:0F:B5:0C:37:E4;PlantlabNET";-78;1172000477
00:0B:86:CD:78:80;University of Washington";-79;1172000477
00:0B:86:CE:51:00;University of Washington";-76;1172000477
00:0B:86:CD:95:80;University of Washington";-73;1172000477
00:0B:86:CE:8A:20;University of Washington";-80;1172000477
00:30:65:03:73:5D;Micro Teaching Labs";-71;1172000477
00:0B:86:CA:BD:E0;University of Washington";-73;1172000477
00:0B:86:CA:C9:20;University of Washington";-59;1172000477
00:0B:86:CD:79:A0;University of Washington";-68;1172000477
00:02:2D:2F:82:0A;T262 Wireless";-80;1172000477
00:0B:86:CE:56:40;University of Washington";-82;1172000477
00:0B:86:CE:7C:40;University of Washington";-63;1172000477
00:0B:86:D1:46:00;University of Washington";-83;1172000477
00:0B:86:CE:43:A0;University of Washington";-84;1172000477
00:0B:86:CE:45:E0;University of Washington";-74;1172000477
00:40:05:DE:E2:CC;Informatics";-77;1172000477
00:0B:86:CA:C3:C0;University of Washington";-74;1172000477
00:0B:86:CA:C6:C0;University of Washington";-78;1172000477
00:0B:86:CE:94:E0;University of Washington";-65;1172000477
00:0D:28:F6:5B:3A;University of Washington";-78;1172000477
00:0B:86:CD:84:60;University of Washington";-71;1172000477
00:0B:86:CE:8E:A0;University of Washington";-77;1172000477
00:0B:86:CE:4A:40;University of Washington";-78;1172000477
00:0B:86:CE:B2:E0;University of Washington";-84;1172000477
02:2F:3F:A1:B0:A0;hpsetup";-80;1172000477
00:0D:28:FC:26:7C;University of Washington";-61;1172000477
00:0D:28:F6:5B:BE;University of Washington";-82;1172000477
00:0D:28:3E:98:FF;University of Washington";-80;1172000477
00:0B:86:D3:27:40;University of Washington";-77;1172000478
00:0B:86:C3:B8:20;University of Washington";-78;1172000478
00:0B:86:D1:31:60;University of Washington";-70;1172000478
00:0B:86:D1:31:80;University of Washington";-79;1172000478
00:0B:86:D0:19:A0;University of Washington";-76;1172000478
00:0B:86:D1:52:80;University of Washington";-67;1172000478
00:0B:86:D2:B8:60;University of Washington";-79;1172000478
00:0B:86:D2:B6:80;University of Washington";-81;1172000478
00:0B:86:D1:45:20;University of Washington";-77;1172000478
00:0B:86:D1:2E:00;University of Washington";-80;1172000478
00:0B:86:D2:C0:80;University of Washington";-80;1172000478
00:0B:86:D2:77:E0;University of Washington";-80;1172000478
00:0B:86:D2:7A:C0;University of Washington";-82;1172000478
00:11:24:EE:1E:C3;Fammed Computer Support";-81;1172000478
00:0B:86:D1:45:00;University of Washington";-70;1172000478
00:0B:86:D1:31:C0;University of Washington";-80;1172000478
00:0B:86:D2:8C:60;University of Washington";-78;1172000478
00:02:2D:30:0A:6E;airdaniel";-77;1172000478
00:0B:86:CE:AE:E0;University of Washington";-81;1172000478
00:0B:86:D1:44:C0;University of Washington";-70;1172000478
00:0B:86:CE:A2:20;University of Washington";-79;1172000478
00:0B:86:CB:97:80;University of Washington";-78;1172000478
00:0B:86:CD:C5:00;University of Washington";-81;1172000478
00:18:39:69:E9:68;Bevan Lab";-71;1172000478
00:0B:86:CA:CC:E0;University of Washington";-79;1172000478
00:0B:86:D1:31:A0;University of Washington";-79;1172000478
00:0B:86:CE:4D:00;University of Washington";-76;1172000478
00:0B:86:C3:BF:20;University of Washington";-78;1172000478
00:0B:86:C2:33:60;University of Washington";-80;1172000478
00:0B:86:CD:7E:60;University of Washington";-74;1172000478
00:0B:86:D9:82:00;University of Washington";-72;1172000478
00:0B:86:CE:A2:60;University of Washington";-82;1172000478
00:0B:86:CE:57:40;University of Washington";-80;1172000478
00:0B:86:CE:55:40;University of Washington";-75;1172000478
00:0B:86:D9:89:40;University of Washington";-78;1172000478
00:0B:86:D9:87:A0;University of Washington";-81;1172000478
00:0B:86:D2:71:C0;University of Washington";-79;1172000478
00:0B:86:CD:91:60;University of Washington";-80;1172000478
00:0A:95:F8:09:C8;RehLab";-82;1172000478
00:11:95:0C:77:06;<hidden>";-57;1172000478
00:0B:86:CE:99:80;University of Washington";-82;1172000478
00:0B:86:CD:CF:A0;University of Washington";-77;1172000478
00:0D:88:9A:89:B4;rudensky";-70;1172000478
00:13:10:AB:29:3E;KENNEDY";-80;1172000478
00:0A:95:F2:7B:21;Apple Network f27b21";-83;1172000478
AA:58:CE:44:A4:EF;Wireless Network";-78;1172000478
00:0F:B5:0C:37:E4;PlantlabNET";-78;1172000478
00:0B:86:CD:78:80;University of Washington";-79;1172000478
00:0B:86:CE:51:00;University of Washington";-76;1172000478
00:0B:86:CD:95:80;University of Washington";-73;1172000478
00:0B:86:CE:8A:20;University of Washington";-77;1172000478
00:30:65:03:73:5D;Micro Teaching Labs";-71;1172000478
00:0B:86:CA:BD:E0;University of Washington";-73;1172000478
00:0B:86:CA:C9:20;University of Washington";-84;1172000478
00:0B:86:CD:79:A0;University of Washington";-68;1172000478
00:02:2D:2F:82:0A;T262 Wireless";-79;1172000478
00:0B:86:CE:56:40;University of Washington";-82;1172000478
00:0B:86:CE:7C:40;University of Washington";-63;1172000478
00:0B:86:D1:46:00;University of Washington";-83;1172000478
00:0B:86:CE:43:A0;University of Washington";-84;1172000478
00:0B:86:CE:45:E0;University of Washington";-80;1172000478
00:40:05:DE:E2:CC;Informatics";-77;1172000478
00:0B:86:CA:C3:C0;University of Washington";-74;1172000478
00:0B:86:CA:C6:C0;University of Washington";-78;1172000478
00:0B:86:CE:94:E0;University of Washington";-79;1172000478
00:0D:28:F6:5B:3A;University of Washington";-74;1172000478
00:0B:86:CD:84:60;University of Washington";-71;1172000478
00:0B:86:CE:8E:A0;University of Washington";-77;1172000478
00:0B:86:CE:4A:40;University of Washington";-77;1172000478
00:0B:86:CE:B2:E0;University of Washington";-84;1172000478
02:2F:3F:A1:B0:A0;hpsetup";-80;1172000478
00:0D:28:FC:26:7C;University of Washington";-71;1172000478
00:0D:28:F6:5B:BE;University of Washington";-74;1172000478
00:0D:28:3E:98:FF;University of Washington";-67;1172000478
00:0B:86:CE:6B:A0;University of Washington";-71;1172000478
00:0B:86:CA:C3:40;University of Washington";-67;1172000478
00:0B:86:CE:BB:A0;University of Washington";-77;1172000478
00:0B:86:CE:6D:60;University of Washington";-75;1172000478
00:0D:28:F6:5B:89;University of Washington";-68;1172000478
00:A0:C5:5A:6C:CC;einet";-81;1172000478
00:0B:86:CE:93:20;University of Washington";-78;1172000478
00:0B:86:CA:C0:C0;University of Washington";-80;1172000478
00:0D:28:3E:98:8F;University of Washington";-79;1172000478
00:0B:86:D3:27:40;University of Washington";-77;1172000480
00:0B:86:C3:B8:20;University of Washington";-78;1172000480
00:0B:86:D1:31:80;University of Washington";-79;1172000480
00:0B:86:D0:19:A0;University of Washington";-76;1172000480
00:0B:86:D2:B6:80;University of Washington";-81;1172000480
00:0B:86:D1:45:20;University of Washington";-77;1172000480
00:0B:86:D2:77:E0;University of Washington";-80;1172000480
00:0B:86:D2:7A:C0;University of Washington";-82;1172000480
00:11:24:EE:1E:C3;Fammed Computer Support";-81;1172000480
00:0B:86:D2:8C:60;University of Washington";-78;1172000480
00:02:2D:30:0A:6E;airdaniel";-77;1172000480
00:0B:86:CE:A2:20;University of Washington";-79;1172000480
00:0B:86:CB:97:80;University of Washington";-78;1172000480
00:0B:86:CD:C5:00;University of Washington";-81;1172000480
00:18:39:69:E9:68;Bevan Lab";-71;1172000480
00:0B:86:CA:CC:E0;University of Washington";-79;1172000480
00:0B:86:D1:31:A0;University of Washington";-79;1172000480
00:0B:86:CE:4D:00;University of Washington";-76;1172000480
00:0B:86:C3:BF:20;University of Washington";-78;1172000480
00:0B:86:C2:33:60;University of Washington";-80;1172000480
00:0B:86:CD:7E:60;University of Washington";-74;1172000480
00:0B:86:D9:82:00;University of Washington";-72;1172000480
00:0B:86:CE:A2:60;University of Washington";-82;1172000480
00:0B:86:CE:57:40;University of Washington";-80;1172000480
00:0B:86:CE:55:40;University of Washington";-75;1172000480
00:0B:86:D9:89:40;University of Washington";-78;1172000480
00:0B:86:D9:87:A0;University of Washington";-81;1172000480
00:0B:86:D2:71:C0;University of Washington";-79;1172000480
00:0B:86:CD:91:60;University of Washington";-80;1172000480
00:0A:95:F8:09:C8;RehLab";-82;1172000480
00:11:95:0C:77:06;<hidden>";-57;1172000480
00:0B:86:CE:99:80;University of Washington";-82;1172000480
00:0B:86:CD:CF:A0;University of Washington";-77;1172000480
00:0D:88:9A:89:B4;rudensky";-70;1172000480
00:13:10:AB:29:3E;KENNEDY";-80;1172000480
00:0A:95:F2:7B:21;Apple Network f27b21";-83;1172000480
AA:58:CE:44:A4:EF;Wireless Network";-78;1172000480
00:0F:B5:0C:37:E4;PlantlabNET";-78;1172000480
00:0B:86:CD:78:80;University of Washington";-79;1172000480
00:0B:86:CE:51:00;University of Washington";-76;1172000480
00:0B:86:CD:95:80;University of Washington";-73;1172000480
00:0B:86:CE:8A:20;University of Washington";-77;1172000480
00:30:65:03:73:5D;Micro Teaching Labs";-71;1172000480
00:0B:86:CA:BD:E0;University of Washington";-73;1172000480
00:0B:86:CA:C9:20;University of Washington";-84;1172000480
00:0B:86:CD:79:A0;University of Washington";-68;1172000480
00:02:2D:2F:82:0A;T262 Wireless";-79;1172000480
00:0B:86:CE:56:40;University of Washington";-82;1172000480
00:0B:86:CE:7C:40;University of Washington";-63;1172000480
00:0B:86:D1:46:00;University of Washington";-83;1172000480
00:0B:86:CE:43:A0;University of Washington";-84;1172000480
00:0B:86:CE:45:E0;University of Washington";-80;1172000480
00:40:05:DE:E2:CC;Informatics";-77;1172000480
00:0B:86:CA:C3:C0;University of Washington";-74;1172000480
00:0B:86:CA:C6:C0;University of Washington";-78;1172000480
00:0B:86:CE:94:E0;University of Washington";-79;1172000480
00:0D:28:F6:5B:3A;University of Washington";-68;1172000480
00:0B:86:CD:84:60;University of Washington";-71;1172000480
00:0B:86:CE:8E:A0;University of Washington";-77;1172000480
00:0B:86:CE:4A:40;University of Washington";-77;1172000480
00:0B:86:CE:B2:E0;University of Washington";-84;1172000480
02:2F:3F:A1:B0:A0;hpsetup";-83;1172000480
00:0D:28:FC:26:7C;University of Washington";-71;1172000480
00:0D:28:F6:5B:BE;University of Washington";-55;1172000480
00:0D:28:3E:98:FF;University of Washington";-67;1172000480
00:0B:86:CE:6B:A0;University of Washington";-69;1172000480
00:0B:86:CA:C3:40;University of Washington";-67;1172000480
00:0B:86:CE:BB:A0;University of Washington";-75;1172000480
00:0B:86:CE:6D:60;University of Washington";-72;1172000480
00:0D:28:F6:5B:89;University of Washington";-69;1172000480
00:A0:C5:5A:6C:CC;einet";-70;1172000480
00:0B:86:CE:93:20;University of Washington";-78;1172000480
00:0B:86:CA:C0:C0;University of Washington";-80;1172000480
00:0D:28:3E:98:8F;University of Washington";-70;1172000480
00:0B:86:CD:7F:40;University of Washington";-74;1172000480
00:0B:86:CE:7D:40;University of Washington";-67;1172000480
00:0F:3D:E0:FA:FE;<hidden>";-83;1172000480
00:0D:28:F6:5B:78;University of Washington";-71;1172000480
00:0B:86:D3:27:40;University of Washington";-77;1172000481
00:11:24:EE:1E:C3;Fammed Computer Support";-81;1172000481
00:0B:86:CE:A2:20;University of Washington";-79;1172000481
00:0B:86:CB:97:80;University of Washington";-78;1172000481
00:0B:86:CD:C5:00;University of Washington";-81;1172000481
00:18:39:69:E9:68;Bevan Lab";-71;1172000481
00:0B:86:CA:CC:E0;University of Washington";-79;1172000481
00:0B:86:D1:31:A0;University of Washington";-79;1172000481
00:0B:86:CE:4D:00;University of Washington";-76;1172000481
00:0B:86:C3:BF:20;University of Washington";-78;1172000481
00:0B:86:C2:33:60;University of Washington";-80;1172000481
00:0B:86:CD:7E:60;University of Washington";-74;1172000481
00:0B:86:D9:82:00;University of Washington";-72;1172000481
00:0B:86:CE:A2:60;University of Washington";-82;1172000481
00:0B:86:CE:57:40;University of Washington";-80;1172000481
00:0B:86:CE:55:40;University of Washington";-75;1172000481
00:0B:86:D9:89:40;University of Washington";-78;1172000481
00:0B:86:D9:87:A0;University of Washington";-81;1172000481
00:0B:86:D2:71:C0;University of Washington";-79;1172000481
00:0B:86:CD:91:60;University of Washington";-80;1172000481
00:0A:95:F8:09:C8;RehLab";-82;1172000481
00:11:95:0C:77:06;<hidden>";-57;1172000481
00:0B:86:CE:99:80;University of Washington";-82;1172000481
00:0B:86:CD:CF:A0;University of Washington";-77;1172000481
00:0D:88:9A:89:B4;rudensky";-70;1172000481
00:13:10:AB:29:3E;KENNEDY";-80;1172000481
00:0A:95:F2:7B:21;Apple Network f27b21";-83;1172000481
AA:58:CE:44:A4:EF;Wireless Network";-78;1172000481
00:0F:B5:0C:37:E4;PlantlabNET";-78;1172000481
00:0B:86:CD:78:80;University of Washington";-79;1172000481
00:0B:86:CE:51:00;University of Washington";-76;1172000481
00:0B:86:CD:95:80;University of Washington";-73;1172000481
00:0B:86:CE:8A:20;University of Washington";-77;1172000481
00:30:65:03:73:5D;Micro Teaching Labs";-71;1172000481
00:0B:86:CA:BD:E0;University of Washington";-73;1172000481
00:0B:86:CA:C9:20;University of Washington";-84;1172000481
00:0B:86:CD:79:A0;University of Washington";-68;1172000481
00:02:2D:2F:82:0A;T262 Wireless";-79;1172000481
00:0B:86:CE:56:40;University of Washington";-82;1172000481
00:0B:86:CE:7C:40;University of Washington";-63;1172000481
00:0B:86:D1:46:00;University of Washington";-83;1172000481
00:0B:86:CE:43:A0;University of Washington";-84;1172000481
00:0B:86:CE:45:E0;University of Washington";-80;1172000481
00:40:05:DE:E2:CC;Informatics";-77;1172000481
00:0B:86:CA:C3:C0;University of Washington";-74;1172000481
00:0B:86:CA:C6:C0;University of Washington";-78;1172000481
00:0B:86:CE:94:E0;University of Washington";-79;1172000481
00:0D:28:F6:5B:3A;University of Washington";-68;1172000481
00:0B:86:CD:84:60;University of Washington";-71;1172000481
00:0B:86:CE:8E:A0;University of Washington";-77;1172000481
00:0B:86:CE:4A:40;University of Washington";-77;1172000481
00:0B:86:CE:B2:E0;University of Washington";-84;1172000481
02:2F:3F:A1:B0:A0;hpsetup";-68;1172000481
00:0D:28:FC:26:7C;University of Washington";-71;1172000481
00:0D:28:F6:5B:BE;University of Washington";-61;1172000481
00:0D:28:3E:98:FF;University of Washington";-67;1172000481
00:0B:86:CE:6B:A0;University of Washington";-62;1172000481
00:0B:86:CA:C3:40;University of Washington";-67;1172000481
00:0B:86:CE:BB:A0;University of Washington";-73;1172000481
00:0B:86:CE:6D:60;University of Washington";-84;1172000481
00:0D:28:F6:5B:89;University of Washington";-56;1172000481
00:A0:C5:5A:6C:CC;einet";-68;1172000481
00:0B:86:CE:93:20;University of Washington";-78;1172000481
00:0B:86:CA:C0:C0;University of Washington";-76;1172000481
00:0D:28:3E:98:8F;University of Washington";-70;1172000481
00:0B:86:CD:7F:40;University of Washington";-74;1172000481
00:0B:86:CE:7D:40;University of Washington";-76;1172000481
00:0F:3D:E0:FA:FE;<hidden>";-83;1172000481
00:0D:28:F6:5B:78;University of Washington";-71;1172000481
00:0B:86:CA:CB:80;University of Washington";-72;1172000481
00:0D:28:F6:5B:39;University of Washington";-76;1172000481
00:0D:28:F6:5B:40;University of Washington";-61;1172000481
00:0D:28:F6:5B:C2;University of Washington";-71;1172000481
00:A0:C5:38:BF:F8;eoNet";-74;1172000481
00:0B:86:CE:4C:C0;University of Washington";-73;1172000481
00:A0:C5:B9:D1:71;eoNet";-80;1172000481
00:A0:C5:EE:38:0D;Wireless";-75;1172000481
00:0B:86:CE:AD:60;University of Washington";-77;1172000481
00:0B:86:D3:27:40;University of Washington";-77;1172000483
00:0B:86:CE:A2:20;University of Washington";-79;1172000483
00:18:39:69:E9:68;Bevan Lab";-71;1172000483
00:0B:86:CA:CC:E0;University of Washington";-79;1172000483
00:0B:86:CE:4D:00;University of Washington";-76;1172000483
00:0B:86:C3:BF:20;University of Washington";-78;1172000483
00:0B:86:C2:33:60;University of Washington";-80;1172000483
00:0B:86:CD:7E:60;University of Washington";-74;1172000483
00:0B:86:D9:82:00;University of Washington";-72;1172000483
00:0B:86:CE:A2:60;University of Washington";-82;1172000483
00:0B:86:CE:55:40;University of Washington";-75;1172000483
00:0B:86:D9:89:40;University of Washington";-78;1172000483
00:0B:86:D9:87:A0;University of Washington";-81;1172000483
00:0B:86:D2:71:C0;University of Washington";-79;1172000483
00:0B:86:CD:91:60;University of Washington";-80;1172000483
00:0A:95:F8:09:C8;RehLab";-82;1172000483
00:11:95:0C:77:06;<hidden>";-57;1172000483
00:0B:86:CE:99:80;University of Washington";-82;1172000483
00:0B:86:CD:CF:A0;University of Washington";-77;1172000483
00:0D:88:9A:89:B4;rudensky";-70;1172000483
00:13:10:AB:29:3E;KENNEDY";-80;1172000483
00:0A:95:F2:7B:21;Apple Network f27b21";-83;1172000483
AA:58:CE:44:A4:EF;Wireless Network";-78;1172000483
00:0F:B5:0C:37:E4;PlantlabNET";-78;1172000483
00:0B:86:CD:78:80;University of Washington";-79;1172000483
00:0B:86:CE:51:00;University of Washington";-76;1172000483
00:0B:86:CD:95:80;University of Washington";-73;1172000483
00:0B:86:CE:8A:20;University of Washington";-77;1172000483
00:30:65:03:73:5D;Micro Teaching Labs";-71;1172000483
00:0B:86:CA:BD:E0;University of Washington";-73;1172000483
00:0B:86:CA:C9:20;University of Washington";-84;1172000483
00:0B:86:CD:79:A0;University of Washington";-68;1172000483
00:02:2D:2F:82:0A;T262 Wireless";-79;1172000483
00:0B:86:CE:56:40;University of Washington";-82;1172000483
00:0B:86:CE:7C:40;University of Washington";-63;1172000483
00:0B:86:D1:46:00;University of Washington";-83;1172000483
00:0B:86:CE:43:A0;University of Washington";-84;1172000483
00:0B:86:CE:45:E0;University of Washington";-80;1172000483
00:40:05:DE:E2:CC;Informatics";-77;1172000483
00:0B:86:CA:C3:C0;University of Washington";-74;1172000483
00:0B:86:CA:C6:C0;University of Washington";-78;1172000483
00:0B:86:CE:94:E0;University of Washington";-79;1172000483
00:0D:28:F6:5B:3A;University of Washington";-68;1172000483
00:0B:86:CD:84:60;University of Washington";-71;1172000483
00:0B:86:CE:8E:A0;University of Washington";-77;1172000483
00:0B:86:CE:4A:40;University of Washington";-77;1172000483
00:0B:86:CE:B2:E0;University of Washington";-84;1172000483
02:2F:3F:A1:B0:A0;hpsetup";-58;1172000483
00:0D:28:FC:26:7C;University of Washington";-71;1172000483
00:0D:28:F6:5B:BE;University of Washington";-61;1172000483
00:0D:28:3E:98:FF;University of Washington";-67;1172000483
00:0B:86:CE:6B:A0;University of Washington";-69;1172000483
00:0B:86:CA:C3:40;University of Washington";-67;1172000483
00:0B:86:CE:BB:A0;University of Washington";-73;1172000483
00:0B:86:CE:6D:60;University of Washington";-84;1172000483
00:0D:28:F6:5B:89;University of Washington";-68;1172000483
00:A0:C5:5A:6C:CC;einet";-73;1172000483
00:0B:86:CE:93:20;University of Washington";-78;1172000483
00:0B:86:CA:C0:C0;University of Washington";-68;1172000483
00:0D:28:3E:98:8F;University of Washington";-74;1172000483
00:0B:86:CD:7F:40;University of Washington";-74;1172000483
00:0B:86:CE:7D:40;University of Washington";-72;1172000483
00:0F:3D:E0:FA:FE;<hidden>";-83;1172000483
00:0D:28:F6:5B:78;University of Washington";-58;1172000483
00:0B:86:CA:CB:80;University of Washington";-81;1172000483
00:0D:28:F6:5B:39;University of Washington";-73;1172000483
00:0D:28:F6:5B:40;University of Washington";-72;1172000483
00:0D:28:F6:5B:C2;University of Washington";-72;1172000483
00:A0:C5:38:BF:F8;eoNet";-63;1172000483
00:0B:86:CE:4C:C0;University of Washington";-73;1172000483
00:A0:C5:B9:D1:71;eoNet";-72;1172000483
00:A0:C5:EE:38:0D;Wireless";-75;1172000483
00:0B:86:CE:AD:60;University of Washington";-79;1172000483
00:0B:86:CE:AB:E0;University of Washington";-82;1172000483
00:0B:86:CE:BC:00;University of Washington";-85;1172000483
00:A0:C5:EE:38:4D;eoNet";-82;1172000483
00:0B:86:D3:27:40;University of Washington";-77;1172000484
00:0B:86:CE:A2:20;University of Washington";-79;1172000484
00:18:39:69:E9:68;Bevan Lab";-71;1172000484
00:0B:86:CA:CC:E0;University of Washington";-79;1172000484
00:0B:86:CE:4D:00;University of Washington";-76;1172000484
00:0B:86:C3:BF:20;University of Washington";-78;1172000484
00:0B:86:C2:33:60;University of Washington";-80;1172000484
00:0B:86:CD:7E:60;University of Washington";-74;1172000484
00:0B:86:D9:82:00;University of Washington";-72;1172000484
00:0B:86:CE:A2:60;University of Washington";-82;1172000484
00:0B:86:CE:55:40;University of Washington";-75;1172000484
00:0B:86:D9:89:40;University of Washington";-78;1172000484
00:0B:86:D9:87:A0;University of Washington";-81;1172000484
00:0A:95:F8:09:C8;RehLab";-82;1172000484
00:11:95:0C:77:06;<hidden>";-57;1172000484
00:0B:86:CE:99:80;University of Washington";-82;1172000484
00:0B:86:CD:CF:A0;University of Washington";-77;1172000484
00:0D:88:9A:89:B4;rudensky";-70;1172000484
00:13:10:AB:29:3E;KENNEDY";-80;1172000484
00:0A:95:F2:7B:21;Apple Network f27b21";-83;1172000484
AA:58:CE:44:A4:EF;Wireless Network";-78;1172000484
00:0F:B5:0C:37:E4;PlantlabNET";-78;1172000484
00:0B:86:CD:78:80;University of Washington";-79;1172000484
00:0B:86:CE:51:00;University of Washington";-76;1172000484
00:0B:86:CD:95:80;University of Washington";-73;1172000484
00:0B:86:CE:8A:20;University of Washington";-77;1172000484
00:30:65:03:73:5D;Micro Teaching Labs";-71;1172000484
00:0B:86:CA:BD:E0;University of Washington";-73;1172000484
00:0B:86:CA:C9:20;University of Washington";-84;1172000484
00:0B:86:CD:79:A0;University of Washington";-68;1172000484
00:02:2D:2F:82:0A;T262 Wireless";-79;1172000484
00:0B:86:CE:56:40;University of Washington";-82;1172000484
00:0B:86:CE:7C:40;University of Washington";-63;1172000484
00:0B:86:D1:46:00;University of Washington";-83;1172000484
00:0B:86:CE:43:A0;University of Washington";-84;1172000484
00:0B:86:CE:45:E0;University of Washington";-80;1172000484
00:40:05:DE:E2:CC;Informatics";-77;1172000484
00:0B:86:CA:C3:C0;University of Washington";-74;1172000484
00:0B:86:CA:C6:C0;University of Washington";-78;1172000484
00:0B:86:CE:94:E0;University of Washington";-79;1172000484
00:0D:28:F6:5B:3A;University of Washington";-68;1172000484
00:0B:86:CD:84:60;University of Washington";-71;1172000484
00:0B:86:CE:8E:A0;University of Washington";-77;1172000484
00:0B:86:CE:4A:40;University of Washington";-77;1172000484
00:0B:86:CE:B2:E0;University of Washington";-84;1172000484
02:2F:3F:A1:B0:A0;hpsetup";-67;1172000484
00:0D:28:FC:26:7C;University of Washington";-71;1172000484
00:0D:28:F6:5B:BE;University of Washington";-61;1172000484
00:0D:28:3E:98:FF;University of Washington";-65;1172000484
00:0B:86:CE:6B:A0;University of Washington";-76;1172000484
00:0B:86:CA:C3:40;University of Washington";-67;1172000484
00:0B:86:CE:BB:A0;University of Washington";-73;1172000484
00:0B:86:CE:6D:60;University of Washington";-84;1172000484
00:0D:28:F6:5B:89;University of Washington";-73;1172000484
00:A0:C5:5A:6C:CC;einet";-81;1172000484
00:0B:86:CE:93:20;University of Washington";-78;1172000484
00:0B:86:CA:C0:C0;University of Washington";-68;1172000484
00:0D:28:3E:98:8F;University of Washington";-68;1172000484
00:0B:86:CD:7F:40;University of Washington";-74;1172000484
00:0B:86:CE:7D:40;University of Washington";-72;1172000484
00:0F:3D:E0:FA:FE;<hidden>";-83;1172000484
00:0D:28:F6:5B:78;University of Washington";-65;1172000484
00:0B:86:CA:CB:80;University of Washington";-81;1172000484
00:0D:28:F6:5B:39;University of Washington";-73;1172000484
00:0D:28:F6:5B:40;University of Washington";-65;1172000484
00:0D:28:F6:5B:C2;University of Washington";-72;1172000484
00:A0:C5:38:BF:F8;eoNet";-64;1172000484
00:0B:86:CE:4C:C0;University of Washington";-73;1172000484
00:A0:C5:B9:D1:71;eoNet";-69;1172000484
00:A0:C5:EE:38:0D;Wireless";-69;1172000484
00:0B:86:CE:AD:60;University of Washington";-67;1172000484
00:0B:86:CE:AB:E0;University of Washington";-82;1172000484
00:0B:86:CE:BC:00;University of Washington";-77;1172000484
00:A0:C5:EE:38:4D;eoNet";-82;1172000484
00:0B:86:CE:AC:E0;University of Washington";-81;1172000484
00:0B:86:CE:A2:20;University of Washington";-79;1172000485
00:18:39:69:E9:68;Bevan Lab";-71;1172000485
00:0B:86:CA:CC:E0;University of Washington";-79;1172000485
00:0B:86:CE:4D:00;University of Washington";-76;1172000485
00:0B:86:C2:33:60;University of Washington";-80;1172000485
00:0B:86:CD:7E:60;University of Washington";-74;1172000485
00:0B:86:D9:82:00;University of Washington";-72;1172000485
00:0B:86:CE:A2:60;University of Washington";-82;1172000485
00:0B:86:CE:55:40;University of Washington";-75;1172000485
00:0B:86:D9:89:40;University of Washington";-78;1172000485
00:0B:86:D9:87:A0;University of Washington";-81;1172000485
00:0A:95:F8:09:C8;RehLab";-82;1172000485
00:11:95:0C:77:06;<hidden>";-57;1172000485
00:0B:86:CE:99:80;University of Washington";-82;1172000485
00:0D:88:9A:89:B4;rudensky";-70;1172000485
00:0A:95:F2:7B:21;Apple Network f27b21";-83;1172000485
AA:58:CE:44:A4:EF;Wireless Network";-78;1172000485
00:0F:B5:0C:37:E4;PlantlabNET";-78;1172000485
00:0B:86:CD:78:80;University of Washington";-79;1172000485
00:0B:86:CE:51:00;University of Washington";-76;1172000485
00:0B:86:CD:95:80;University of Washington";-73;1172000485
00:0B:86:CE:8A:20;University of Washington";-77;1172000485
00:30:65:03:73:5D;Micro Teaching Labs";-71;1172000485
00:0B:86:CA:BD:E0;University of Washington";-73;1172000485
00:0B:86:CA:C9:20;University of Washington";-84;1172000485
00:0B:86:CD:79:A0;University of Washington";-68;1172000485
00:02:2D:2F:82:0A;T262 Wireless";-79;1172000485
00:0B:86:CE:56:40;University of Washington";-82;1172000485
00:0B:86:CE:7C:40;University of Washington";-63;1172000485
00:0B:86:D1:46:00;University of Washington";-83;1172000485
00:0B:86:CE:43:A0;University of Washington";-84;1172000485
00:0B:86:CE:45:E0;University of Washington";-80;1172000485
00:40:05:DE:E2:CC;Informatics";-77;1172000485
00:0B:86:CA:C3:C0;University of Washington";-74;1172000485
00:0B:86:CA:C6:C0;University of Washington";-78;1172000485
00:0B:86:CE:94:E0;University of Washington";-79;1172000485
00:0D:28:F6:5B:3A;University of Washington";-68;1172000485
00:0B:86:CD:84:60;University of Washington";-71;1172000485
00:0B:86:CE:8E:A0;University of Washington";-77;1172000485
00:0B:86:CE:4A:40;University of Washington";-77;1172000485
00:0B:86:CE:B2:E0;University of Washington";-84;1172000485
02:2F:3F:A1:B0:A0;hpsetup";-69;1172000485
00:0D:28:FC:26:7C;University of Washington";-71;1172000485
00:0D:28:F6:5B:BE;University of Washington";-75;1172000485
00:0D:28:3E:98:FF;University of Washington";-65;1172000485
00:0B:86:CE:6B:A0;University of Washington";-79;1172000485
00:0B:86:CA:C3:40;University of Washington";-67;1172000485
00:0B:86:CE:BB:A0;University of Washington";-70;1172000485
00:0B:86:CE:6D:60;University of Washington";-84;1172000485
00:0D:28:F6:5B:89;University of Washington";-73;1172000485
00:A0:C5:5A:6C:CC;einet";-81;1172000485
00:0B:86:CE:93:20;University of Washington";-78;1172000485
00:0B:86:CA:C0:C0;University of Washington";-68;1172000485
00:0D:28:3E:98:8F;University of Washington";-82;1172000485
00:0B:86:CD:7F:40;University of Washington";-74;1172000485
00:0B:86:CE:7D:40;University of Washington";-72;1172000485
00:0F:3D:E0:FA:FE;<hidden>";-83;1172000485
00:0D:28:F6:5B:78;University of Washington";-62;1172000485
00:0B:86:CA:CB:80;University of Washington";-81;1172000485
00:0D:28:F6:5B:39;University of Washington";-79;1172000485
00:0D:28:F6:5B:40;University of Washington";-72;1172000485
00:0D:28:F6:5B:C2;University of Washington";-72;1172000485
00:A0:C5:38:BF:F8;eoNet";-69;1172000485
00:0B:86:CE:4C:C0;University of Washington";-73;1172000485
00:A0:C5:B9:D1:71;eoNet";-74;1172000485
00:A0:C5:EE:38:0D;Wireless";-69;1172000485
00:0B:86:CE:AD:60;University of Washington";-69;1172000485
00:0B:86:CE:AB:E0;University of Washington";-82;1172000485
00:0B:86:CE:BC:00;University of Washington";-68;1172000485
00:A0:C5:EE:38:4D;eoNet";-82;1172000485
00:0B:86:CE:AC:E0;University of Washington";-81;1172000485
00:0B:86:CE:B8:A0;University of Washington";-77;1172000485
00:0B:86:CE:B5:20;University of Washington";-72;1172000485
00:0B:86:CE:A2:20;University of Washington";-79;1172000487
00:18:39:69:E9:68;Bevan Lab";-71;1172000487
00:0B:86:CA:CC:E0;University of Washington";-79;1172000487
00:0B:86:CE:4D:00;University of Washington";-76;1172000487
00:0B:86:CD:7E:60;University of Washington";-74;1172000487
00:0B:86:CE:A2:60;University of Washington";-82;1172000487
00:0B:86:CE:99:80;University of Washington";-82;1172000487
00:0A:95:F2:7B:21;Apple Network f27b21";-83;1172000487
00:0B:86:CD:78:80;University of Washington";-79;1172000487
00:0B:86:CE:51:00;University of Washington";-76;1172000487
00:0B:86:CD:95:80;University of Washington";-73;1172000487
00:0B:86:CE:8A:20;University of Washington";-77;1172000487
00:30:65:03:73:5D;Micro Teaching Labs";-71;1172000487
00:0B:86:CA:BD:E0;University of Washington";-73;1172000487
00:0B:86:CA:C9:20;University of Washington";-84;1172000487
00:0B:86:CD:79:A0;University of Washington";-68;1172000487
00:02:2D:2F:82:0A;T262 Wireless";-79;1172000487
00:0B:86:CE:56:40;University of Washington";-82;1172000487
00:0B:86:CE:7C:40;University of Washington";-63;1172000487
00:0B:86:D1:46:00;University of Washington";-83;1172000487
00:0B:86:CE:43:A0;University of Washington";-84;1172000487
00:0B:86:CE:45:E0;University of Washington";-80;1172000487
00:40:05:DE:E2:CC;Informatics";-77;1172000487
00:0B:86:CA:C3:C0;University of Washington";-74;1172000487
00:0B:86:CA:C6:C0;University of Washington";-78;1172000487
00:0B:86:CE:94:E0;University of Washington";-79;1172000487
00:0D:28:F6:5B:3A;University of Washington";-68;1172000487
00:0B:86:CD:84:60;University of Washington";-71;1172000487
00:0B:86:CE:8E:A0;University of Washington";-77;1172000487
00:0B:86:CE:4A:40;University of Washington";-77;1172000487
00:0B:86:CE:B2:E0;University of Washington";-84;1172000487
02:2F:3F:A1:B0:A0;hpsetup";-64;1172000487
00:0D:28:FC:26:7C;University of Washington";-71;1172000487
00:0D:28:F6:5B:BE;University of Washington";-80;1172000487
00:0D:28:3E:98:FF;University of Washington";-74;1172000487
00:0B:86:CE:6B:A0;University of Washington";-79;1172000487
00:0B:86:CA:C3:40;University of Washington";-67;1172000487
00:0B:86:CE:BB:A0;University of Washington";-70;1172000487
00:0B:86:CE:6D:60;University of Washington";-84;1172000487
00:0D:28:F6:5B:89;University of Washington";-73;1172000487
00:A0:C5:5A:6C:CC;einet";-81;1172000487
00:0B:86:CE:93:20;University of Washington";-78;1172000487
00:0B:86:CA:C0:C0;University of Washington";-68;1172000487
00:0D:28:3E:98:8F;University of Washington";-73;1172000487
00:0B:86:CD:7F:40;University of Washington";-74;1172000487
00:0B:86:CE:7D:40;University of Washington";-72;1172000487
00:0F:3D:E0:FA:FE;<hidden>";-83;1172000487
00:0D:28:F6:5B:78;University of Washington";-75;1172000487
00:0B:86:CA:CB:80;University of Washington";-81;1172000487
00:0D:28:F6:5B:39;University of Washington";-79;1172000487
00:0D:28:F6:5B:40;University of Washington";-72;1172000487
00:0D:28:F6:5B:C2;University of Washington";-72;1172000487
00:A0:C5:38:BF:F8;eoNet";-72;1172000487
00:0B:86:CE:4C:C0;University of Washington";-73;1172000487
00:A0:C5:B9:D1:71;eoNet";-74;1172000487
00:A0:C5:EE:38:0D;Wireless";-79;1172000487
00:0B:86:CE:AD:60;University of Washington";-67;1172000487
00:0B:86:CE:AB:E0;University of Washington";-82;1172000487
00:0B:86:CE:BC:00;University of Washington";-79;1172000487
00:A0:C5:EE:38:4D;eoNet";-77;1172000487
00:0B:86:CE:AC:E0;University of Washington";-81;1172000487
00:0B:86:CE:B8:A0;University of Washington";-82;1172000487
00:0B:86:CE:B5:20;University of Washington";-72;1172000487
00:0B:86:CE:A2:20;University of Washington";-79;1172000488
00:0B:86:CA:CC:E0;University of Washington";-79;1172000488
00:0B:86:CD:7E:60;University of Washington";-74;1172000488
00:0B:86:CE:99:80;University of Washington";-82;1172000488
00:0B:86:CD:78:80;University of Washington";-79;1172000488
00:0B:86:CE:51:00;University of Washington";-76;1172000488
00:0B:86:CD:95:80;University of Washington";-73;1172000488
00:0B:86:CE:8A:20;University of Washington";-77;1172000488
00:30:65:03:73:5D;Micro Teaching Labs";-71;1172000488
00:0B:86:CA:BD:E0;University of Washington";-73;1172000488
00:0B:86:CA:C9:20;University of Washington";-84;1172000488
00:0B:86:CD:79:A0;University of Washington";-68;1172000488
00:02:2D:2F:82:0A;T262 Wireless";-79;1172000488
00:0B:86:CE:56:40;University of Washington";-82;1172000488
00:0B:86:CE:7C:40;University of Washington";-63;1172000488
00:0B:86:D1:46:00;University of Washington";-83;1172000488
00:0B:86:CE:43:A0;University of Washington";-84;1172000488
00:0B:86:CE:45:E0;University of Washington";-80;1172000488
00:40:05:DE:E2:CC;Informatics";-77;1172000488
00:0B:86:CA:C3:C0;University of Washington";-74;1172000488
00:0B:86:CA:C6:C0;University of Washington";-78;1172000488
00:0B:86:CE:94:E0;University of Washington";-79;1172000488
00:0D:28:F6:5B:3A;University of Washington";-68;1172000488
00:0B:86:CD:84:60;University of Washington";-71;1172000488
00:0B:86:CE:8E:A0;University of Washington";-77;1172000488
00:0B:86:CE:4A:40;University of Washington";-77;1172000488
00:0B:86:CE:B2:E0;University of Washington";-84;1172000488
02:2F:3F:A1:B0:A0;hpsetup";-64;1172000488
00:0D:28:FC:26:7C;University of Washington";-71;1172000488
00:0D:28:F6:5B:BE;University of Washington";-80;1172000488
00:0D:28:3E:98:FF;University of Washington";-75;1172000488
00:0B:86:CE:6B:A0;University of Washington";-82;1172000488
00:0B:86:CA:C3:40;University of Washington";-67;1172000488
00:0B:86:CE:BB:A0;University of Washington";-70;1172000488
00:0B:86:CE:6D:60;University of Washington";-84;1172000488
00:0D:28:F6:5B:89;University of Washington";-73;1172000488
00:A0:C5:5A:6C:CC;einet";-81;1172000488
00:0B:86:CE:93:20;University of Washington";-78;1172000488
00:0B:86:CA:C0:C0;University of Washington";-68;1172000488
00:0D:28:3E:98:8F;University of Washington";-73;1172000488
00:0B:86:CD:7F:40;University of Washington";-74;1172000488
00:0B:86:CE:7D:40;University of Washington";-72;1172000488
00:0F:3D:E0:FA:FE;<hidden>";-83;1172000488
00:0D:28:F6:5B:78;University of Washington";-73;1172000488
00:0B:86:CA:CB:80;University of Washington";-81;1172000488
00:0D:28:F6:5B:39;University of Washington";-79;1172000488
00:0D:28:F6:5B:40;University of Washington";-72;1172000488
00:0D:28:F6:5B:C2;University of Washington";-72;1172000488
00:A0:C5:38:BF:F8;eoNet";-70;1172000488
00:0B:86:CE:4C:C0;University of Washington";-73;1172000488
00:A0:C5:B9:D1:71;eoNet";-73;1172000488
00:A0:C5:EE:38:0D;Wireless";-81;1172000488
00:0B:86:CE:AD:60;University of Washington";-68;1172000488
00:0B:86:CE:AB:E0;University of Washington";-82;1172000488
00:0B:86:CE:BC:00;University of Washington";-83;1172000488
00:A0:C5:EE:38:4D;eoNet";-77;1172000488
00:0B:86:CE:AC:E0;University of Washington";-81;1172000488
00:0B:86:CE:B8:A0;University of Washington";-82;1172000488
00:0B:86:CE:B5:20;University of Washington";-72;1172000488
00:0B:86:A1:13:20;University of Washington";-83;1172000488
00:0B:86:CE:AC:A0;University of Washington";-84;1172000488
00:0B:86:CE:A2:20;University of Washington";-79;1172000490
00:0B:86:CA:CC:E0;University of Washington";-79;1172000490
00:0B:86:CD:7E:60;University of Washington";-74;1172000490
00:0B:86:CE:99:80;University of Washington";-82;1172000490
00:0B:86:CD:78:80;University of Washington";-79;1172000490
00:0B:86:CE:8A:20;University of Washington";-77;1172000490
00:30:65:03:73:5D;Micro Teaching Labs";-71;1172000490
00:0B:86:CA:BD:E0;University of Washington";-73;1172000490
00:0B:86:CA:C9:20;University of Washington";-84;1172000490
00:0B:86:CD:79:A0;University of Washington";-68;1172000490
00:02:2D:2F:82:0A;T262 Wireless";-79;1172000490
00:0B:86:CE:7C:40;University of Washington";-63;1172000490
00:0B:86:CE:45:E0;University of Washington";-80;1172000490
00:40:05:DE:E2:CC;Informatics";-77;1172000490
00:0B:86:CA:C3:C0;University of Washington";-74;1172000490
00:0B:86:CA:C6:C0;University of Washington";-78;1172000490
00:0B:86:CE:94:E0;University of Washington";-79;1172000490
00:0D:28:F6:5B:3A;University of Washington";-68;1172000490
00:0B:86:CD:84:60;University of Washington";-71;1172000490
00:0B:86:CE:8E:A0;University of Washington";-77;1172000490
00:0B:86:CE:4A:40;University of Washington";-77;1172000490
00:0B:86:CE:B2:E0;University of Washington";-84;1172000490
02:2F:3F:A1:B0:A0;hpsetup";-71;1172000490
00:0D:28:FC:26:7C;University of Washington";-71;1172000490
00:0D:28:F6:5B:BE;University of Washington";-80;1172000490
00:0D:28:3E:98:FF;University of Washington";-75;1172000490
00:0B:86:CE:6B:A0;University of Washington";-84;1172000490
00:0B:86:CA:C3:40;University of Washington";-67;1172000490
00:0B:86:CE:BB:A0;University of Washington";-70;1172000490
00:0B:86:CE:6D:60;University of Washington";-84;1172000490
00:0D:28:F6:5B:89;University of Washington";-73;1172000490
00:A0:C5:5A:6C:CC;einet";-81;1172000490
00:0B:86:CE:93:20;University of Washington";-78;1172000490
00:0B:86:CA:C0:C0;University of Washington";-68;1172000490
00:0D:28:3E:98:8F;University of Washington";-73;1172000490
00:0B:86:CD:7F:40;University of Washington";-74;1172000490
00:0B:86:CE:7D:40;University of Washington";-72;1172000490
00:0F:3D:E0:FA:FE;<hidden>";-83;1172000490
00:0D:28:F6:5B:78;University of Washington";-74;1172000490
00:0B:86:CA:CB:80;University of Washington";-81;1172000490
00:0D:28:F6:5B:39;University of Washington";-79;1172000490
00:0D:28:F6:5B:40;University of Washington";-75;1172000490
00:0D:28:F6:5B:C2;University of Washington";-72;1172000490
00:A0:C5:38:BF:F8;eoNet";-74;1172000490
00:0B:86:CE:4C:C0;University of Washington";-73;1172000490
00:A0:C5:B9:D1:71;eoNet";-74;1172000490
00:A0:C5:EE:38:0D;Wireless";-81;1172000490
00:0B:86:CE:AD:60;University of Washington";-62;1172000490
00:0B:86:CE:AB:E0;University of Washington";-82;1172000490
00:0B:86:CE:BC:00;University of Washington";-80;1172000490
00:A0:C5:EE:38:4D;eoNet";-77;1172000490
00:0B:86:CE:AC:E0;University of Washington";-81;1172000490
00:0B:86:CE:B8:A0;University of Washington";-80;1172000490
00:0B:86:CE:B5:20;University of Washington";-72;1172000490
00:0B:86:A1:13:20;University of Washington";-83;1172000490
00:0B:86:CE:AC:A0;University of Washington";-84;1172000490
00:0B:86:C2:91:E0;University of Washington";-80;1172000490
00:0B:86:A0:77:00;University of Washington";-75;1172000490
00:0B:86:CE:A2:20;University of Washington";-79;1172000491
00:0B:86:CA:CC:E0;University of Washington";-79;1172000491
00:0B:86:CD:78:80;University of Washington";-79;1172000491
00:0B:86:CE:8A:20;University of Washington";-77;1172000491
00:0B:86:CA:BD:E0;University of Washington";-73;1172000491
00:0B:86:CA:C9:20;University of Washington";-84;1172000491
00:0B:86:CD:79:A0;University of Washington";-68;1172000491
00:02:2D:2F:82:0A;T262 Wireless";-79;1172000491
00:0B:86:CE:7C:40;University of Washington";-63;1172000491
00:0B:86:CE:45:E0;University of Washington";-80;1172000491
00:0B:86:CA:C6:C0;University of Washington";-78;1172000491
00:0B:86:CE:94:E0;University of Washington";-79;1172000491
00:0D:28:F6:5B:3A;University of Washington";-68;1172000491
00:0B:86:CD:84:60;University of Washington";-71;1172000491
00:0B:86:CE:4A:40;University of Washington";-77;1172000491
00:0B:86:CE:B2:E0;University of Washington";-84;1172000491
02:2F:3F:A1:B0:A0;hpsetup";-76;1172000491
00:0D:28:FC:26:7C;University of Washington";-71;1172000491
00:0D:28:F6:5B:BE;University of Washington";-80;1172000491
00:0D:28:3E:98:FF;University of Washington";-75;1172000491
00:0B:86:CE:6B:A0;University of Washington";-84;1172000491
00:0B:86:CA:C3:40;University of Washington";-67;1172000491
00:0B:86:CE:BB:A0;University of Washington";-70;1172000491
00:0B:86:CE:6D:60;University of Washington";-84;1172000491
00:0D:28:F6:5B:89;University of Washington";-73;1172000491
00:A0:C5:5A:6C:CC;einet";-81;1172000491
00:0B:86:CE:93:20;University of Washington";-78;1172000491
00:0B:86:CA:C0:C0;University of Washington";-68;1172000491
00:0D:28:3E:98:8F;University of Washington";-73;1172000491
00:0B:86:CD:7F:40;University of Washington";-74;1172000491
00:0B:86:CE:7D:40;University of Washington";-72;1172000491
00:0F:3D:E0:FA:FE;<hidden>";-83;1172000491
00:0D:28:F6:5B:78;University of Washington";-77;1172000491
00:0B:86:CA:CB:80;University of Washington";-81;1172000491
00:0D:28:F6:5B:39;University of Washington";-79;1172000491
00:0D:28:F6:5B:40;University of Washington";-78;1172000491
00:0D:28:F6:5B:C2;University of Washington";-72;1172000491
00:A0:C5:38:BF:F8;eoNet";-72;1172000491
00:0B:86:CE:4C:C0;University of Washington";-73;1172000491
00:A0:C5:B9:D1:71;eoNet";-74;1172000491
00:A0:C5:EE:38:0D;Wireless";-81;1172000491
00:0B:86:CE:AD:60;University of Washington";-64;1172000491
00:0B:86:CE:AB:E0;University of Washington";-82;1172000491
00:0B:86:CE:BC:00;University of Washington";-81;1172000491
00:A0:C5:EE:38:4D;eoNet";-75;1172000491
00:0B:86:CE:AC:E0;University of Washington";-81;1172000491
00:0B:86:CE:B8:A0;University of Washington";-80;1172000491
00:0B:86:CE:B5:20;University of Washington";-76;1172000491
00:0B:86:A1:13:20;University of Washington";-81;1172000491
00:0B:86:CE:AC:A0;University of Washington";-84;1172000491
00:0B:86:C2:91:E0;University of Washington";-80;1172000491
00:0B:86:A0:77:00;University of Washington";-76;1172000491
00:A0:C5:EE:38:0A;eoNet";-82;1172000491
00:0B:86:CA:C9:20;University of Washington";-84;1172000493
00:0B:86:CE:45:E0;University of Washington";-80;1172000493
00:0B:86:CE:94:E0;University of Washington";-79;1172000493
00:0D:28:F6:5B:3A;University of Washington";-68;1172000493
02:2F:3F:A1:B0:A0;hpsetup";-77;1172000493
00:0D:28:FC:26:7C;University of Washington";-71;1172000493
00:0D:28:F6:5B:BE;University of Washington";-80;1172000493
00:0D:28:3E:98:FF;University of Washington";-75;1172000493
00:0B:86:CE:6B:A0;University of Washington";-84;1172000493
00:0B:86:CA:C3:40;University of Washington";-67;1172000493
00:0B:86:CE:BB:A0;University of Washington";-70;1172000493
00:0B:86:CE:6D:60;University of Washington";-84;1172000493
00:0D:28:F6:5B:89;University of Washington";-73;1172000493
00:A0:C5:5A:6C:CC;einet";-81;1172000493
00:0B:86:CE:93:20;University of Washington";-78;1172000493
00:0B:86:CA:C0:C0;University of Washington";-68;1172000493
00:0D:28:3E:98:8F;University of Washington";-73;1172000493
00:0B:86:CD:7F:40;University of Washington";-74;1172000493
00:0B:86:CE:7D:40;University of Washington";-72;1172000493
00:0F:3D:E0:FA:FE;<hidden>";-83;1172000493
00:0D:28:F6:5B:78;University of Washington";-77;1172000493
00:0B:86:CA:CB:80;University of Washington";-81;1172000493
00:0D:28:F6:5B:39;University of Washington";-79;1172000493
00:0D:28:F6:5B:40;University of Washington";-78;1172000493
00:0D:28:F6:5B:C2;University of Washington";-72;1172000493
00:A0:C5:38:BF:F8;eoNet";-70;1172000493
00:0B:86:CE:4C:C0;University of Washington";-73;1172000493
00:A0:C5:B9:D1:71;eoNet";-81;1172000493
00:A0:C5:EE:38:0D;Wireless";-81;1172000493
00:0B:86:CE:AD:60;University of Washington";-72;1172000493
00:0B:86:CE:AB:E0;University of Washington";-82;1172000493
00:0B:86:CE:BC:00;University of Washington";-81;1172000493
00:A0:C5:EE:38:4D;eoNet";-75;1172000493
00:0B:86:CE:AC:E0;University of Washington";-81;1172000493
00:0B:86:CE:B8:A0;University of Washington";-80;1172000493
00:0B:86:CE:B5:20;University of Washington";-76;1172000493
00:0B:86:A1:13:20;University of Washington";-76;1172000493
00:0B:86:CE:AC:A0;University of Washington";-84;1172000493
00:0B:86:C2:91:E0;University of Washington";-80;1172000493
00:0B:86:A0:77:00;University of Washington";-76;1172000493
00:A0:C5:EE:38:0A;eoNet";-82;1172000493
00:0D:28:F6:5B:3A;University of Washington";-68;1172000494
02:2F:3F:A1:B0:A0;hpsetup";-76;1172000494
00:0D:28:F6:5B:BE;University of Washington";-80;1172000494
00:0D:28:3E:98:FF;University of Washington";-81;1172000494
00:0B:86:CE:6B:A0;University of Washington";-84;1172000494
00:0B:86:CA:C3:40;University of Washington";-67;1172000494
00:0B:86:CE:BB:A0;University of Washington";-70;1172000494
00:0B:86:CE:6D:60;University of Washington";-84;1172000494
00:0D:28:F6:5B:89;University of Washington";-73;1172000494
00:A0:C5:5A:6C:CC;einet";-81;1172000494
00:0B:86:CA:C0:C0;University of Washington";-68;1172000494
00:0D:28:3E:98:8F;University of Washington";-73;1172000494
00:0B:86:CE:7D:40;University of Washington";-72;1172000494
00:0F:3D:E0:FA:FE;<hidden>";-83;1172000494
00:0D:28:F6:5B:78;University of Washington";-77;1172000494
00:0B:86:CA:CB:80;University of Washington";-81;1172000494
00:0D:28:F6:5B:39;University of Washington";-79;1172000494
00:0D:28:F6:5B:40;University of Washington";-78;1172000494
00:0D:28:F6:5B:C2;University of Washington";-72;1172000494
00:A0:C5:38:BF:F8;eoNet";-72;1172000494
00:0B:86:CE:4C:C0;University of Washington";-73;1172000494
00:A0:C5:B9:D1:71;eoNet";-79;1172000494
00:A0:C5:EE:38:0D;Wireless";-79;1172000494
00:0B:86:CE:AD:60;University of Washington";-79;1172000494
00:0B:86:CE:AB:E0;University of Washington";-82;1172000494
00:0B:86:CE:BC:00;University of Washington";-81;1172000494
00:A0:C5:EE:38:4D;eoNet";-75;1172000494
00:0B:86:CE:AC:E0;University of Washington";-81;1172000494
00:0B:86:CE:B8:A0;University of Washington";-80;1172000494
00:0B:86:CE:B5:20;University of Washington";-77;1172000494
00:0B:86:A1:13:20;University of Washington";-74;1172000494
00:0B:86:CE:AC:A0;University of Washington";-84;1172000494
00:0B:86:C2:91:E0;University of Washington";-80;1172000494
00:0B:86:A0:77:00;University of Washington";-76;1172000494
00:A0:C5:EE:38:0A;eoNet";-82;1172000494
00:13:46:1D:61:57;<hidden>";-77;1172000494
00:0B:86:CE:AD:A0;University of Washington";-81;1172000494
02:2F:3F:A1:B0:A0;hpsetup";-83;1172000495
00:0D:28:F6:5B:BE;University of Washington";-80;1172000495
00:0D:28:3E:98:FF;University of Washington";-81;1172000495
00:0B:86:CE:6B:A0;University of Washington";-84;1172000495
00:0B:86:CE:BB:A0;University of Washington";-70;1172000495
00:0D:28:F6:5B:89;University of Washington";-73;1172000495
00:A0:C5:5A:6C:CC;einet";-81;1172000495
00:0B:86:CA:C0:C0;University of Washington";-68;1172000495
00:0D:28:3E:98:8F;University of Washington";-73;1172000495
00:0B:86:CE:7D:40;University of Washington";-72;1172000495
00:0F:3D:E0:FA:FE;<hidden>";-83;1172000495
00:0D:28:F6:5B:78;University of Washington";-77;1172000495
00:0B:86:CA:CB:80;University of Washington";-81;1172000495
00:0D:28:F6:5B:39;University of Washington";-79;1172000495
00:0D:28:F6:5B:40;University of Washington";-78;1172000495
00:0D:28:F6:5B:C2;University of Washington";-72;1172000495
00:A0:C5:38:BF:F8;eoNet";-72;1172000495
00:A0:C5:B9:D1:71;eoNet";-79;1172000495
00:A0:C5:EE:38:0D;Wireless";-79;1172000495
00:0B:86:CE:AD:60;University of Washington";-76;1172000495
00:0B:86:CE:AB:E0;University of Washington";-82;1172000495
00:0B:86:CE:BC:00;University of Washington";-81;1172000495
00:A0:C5:EE:38:4D;eoNet";-75;1172000495
00:0B:86:CE:AC:E0;University of Washington";-81;1172000495
00:0B:86:CE:B8:A0;University of Washington";-80;1172000495
00:0B:86:CE:B5:20;University of Washington";-80;1172000495
00:0B:86:A1:13:20;University of Washington";-76;1172000495
00:0B:86:CE:AC:A0;University of Washington";-84;1172000495
00:0B:86:C2:91:E0;University of Washington";-80;1172000495
00:0B:86:A0:77:00;University of Washington";-76;1172000495
00:A0:C5:EE:38:0A;eoNet";-82;1172000495
00:13:46:1D:61:57;<hidden>";-77;1172000495
00:0B:86:CE:AD:A0;University of Washington";-78;1172000495
00:0B:86:A0:7D:F0;University of Washington";-83;1172000495
00:0B:86:D9:99:60;University of Washington";-78;1172000495
00:50:F2:CC:A9:44;Dale Lab";-79;1172000495
00:0B:86:CD:F4:80;University of Washington";-78;1172000495
02:2F:3F:A1:B0:A0;hpsetup";-83;1172000497
00:0D:28:F6:5B:BE;University of Washington";-80;1172000497
00:0D:28:3E:98:FF;University of Washington";-81;1172000497
00:0B:86:CE:6B:A0;University of Washington";-84;1172000497
00:0B:86:CE:BB:A0;University of Washington";-70;1172000497
00:0D:28:F6:5B:89;University of Washington";-73;1172000497
00:A0:C5:5A:6C:CC;einet";-81;1172000497
00:0B:86:CA:C0:C0;University of Washington";-68;1172000497
00:0D:28:3E:98:8F;University of Washington";-73;1172000497
00:0B:86:CE:7D:40;University of Washington";-72;1172000497
00:0F:3D:E0:FA:FE;<hidden>";-83;1172000497
00:0D:28:F6:5B:78;University of Washington";-77;1172000497
00:0B:86:CA:CB:80;University of Washington";-81;1172000497
00:0D:28:F6:5B:39;University of Washington";-79;1172000497
00:0D:28:F6:5B:40;University of Washington";-78;1172000497
00:A0:C5:38:BF:F8;eoNet";-72;1172000497
00:A0:C5:B9:D1:71;eoNet";-79;1172000497
00:A0:C5:EE:38:0D;Wireless";-79;1172000497
00:0B:86:CE:AD:60;University of Washington";-67;1172000497
00:0B:86:CE:AB:E0;University of Washington";-82;1172000497
00:0B:86:CE:BC:00;University of Washington";-81;1172000497
00:A0:C5:EE:38:4D;eoNet";-75;1172000497
00:0B:86:CE:AC:E0;University of Washington";-81;1172000497
00:0B:86:CE:B8:A0;University of Washington";-80;1172000497
00:0B:86:CE:B5:20;University of Washington";-79;1172000497
00:0B:86:A1:13:20;University of Washington";-76;1172000497
00:0B:86:CE:AC:A0;University of Washington";-84;1172000497
00:0B:86:C2:91:E0;University of Washington";-70;1172000497
00:0B:86:A0:77:00;University of Washington";-76;1172000497
00:A0:C5:EE:38:0A;eoNet";-82;1172000497
00:13:46:1D:61:57;<hidden>";-79;1172000497
00:0B:86:CE:AD:A0;University of Washington";-78;1172000497
00:0B:86:A0:7D:F0;University of Washington";-83;1172000497
00:0B:86:D9:99:60;University of Washington";-79;1172000497
00:50:F2:CC:A9:44;Dale Lab";-77;1172000497
00:0B:86:CD:F4:80;University of Washington";-78;1172000497
00:0B:86:D9:99:40;University of Washington";-79;1172000497
02:2F:3F:A1:B0:A0;hpsetup";-81;1172000498
00:0D:28:F6:5B:BE;University of Washington";-80;1172000498
00:0D:28:3E:98:FF;University of Washington";-81;1172000498
00:0B:86:CE:6B:A0;University of Washington";-84;1172000498
00:0B:86:CE:BB:A0;University of Washington";-70;1172000498
00:0D:28:F6:5B:89;University of Washington";-73;1172000498
00:A0:C5:5A:6C:CC;einet";-81;1172000498
00:0D:28:3E:98:8F;University of Washington";-73;1172000498
00:0F:3D:E0:FA:FE;<hidden>";-83;1172000498
00:0D:28:F6:5B:78;University of Washington";-77;1172000498
00:0B:86:CA:CB:80;University of Washington";-81;1172000498
00:0D:28:F6:5B:39;University of Washington";-79;1172000498
00:0D:28:F6:5B:40;University of Washington";-78;1172000498
00:A0:C5:38:BF:F8;eoNet";-72;1172000498
00:A0:C5:B9:D1:71;eoNet";-79;1172000498
00:A0:C5:EE:38:0D;Wireless";-79;1172000498
00:0B:86:CE:AD:60;University of Washington";-79;1172000498
00:0B:86:CE:AB:E0;University of Washington";-82;1172000498
00:0B:86:CE:BC:00;University of Washington";-81;1172000498
00:A0:C5:EE:38:4D;eoNet";-75;1172000498
00:0B:86:CE:AC:E0;University of Washington";-81;1172000498
00:0B:86:CE:B8:A0;University of Washington";-80;1172000498
00:0B:86:CE:B5:20;University of Washington";-79;1172000498
00:0B:86:A1:13:20;University of Washington";-76;1172000498
00:0B:86:CE:AC:A0;University of Washington";-84;1172000498
00:0B:86:C2:91:E0;University of Washington";-80;1172000498
00:0B:86:A0:77:00;University of Washington";-76;1172000498
00:A0:C5:EE:38:0A;eoNet";-82;1172000498
00:13:46:1D:61:57;<hidden>";-80;1172000498
00:0B:86:CE:AD:A0;University of Washington";-78;1172000498
00:0B:86:A0:7D:F0;University of Washington";-83;1172000498
00:0B:86:D9:99:60;University of Washington";-79;1172000498
00:50:F2:CC:A9:44;Dale Lab";-72;1172000498
00:0B:86:CD:F4:80;University of Washington";-78;1172000498
00:0B:86:D9:99:40;University of Washington";-81;1172000498
02:2F:3F:A1:B0:A0;hpsetup";-81;1172000500
00:0D:28:F6:5B:BE;University of Washington";-78;1172000500
00:0D:28:3E:98:FF;University of Washington";-81;1172000500
00:0B:86:CE:6B:A0;University of Washington";-84;1172000500
00:0B:86:CE:BB:A0;University of Washington";-70;1172000500
00:0D:28:3E:98:8F;University of Washington";-73;1172000500
00:0F:3D:E0:FA:FE;<hidden>";-76;1172000500
00:0D:28:F6:5B:78;University of Washington";-77;1172000500
00:0D:28:F6:5B:39;University of Washington";-79;1172000500
00:0D:28:F6:5B:40;University of Washington";-78;1172000500
00:A0:C5:38:BF:F8;eoNet";-72;1172000500
00:A0:C5:B9:D1:71;eoNet";-79;1172000500
00:A0:C5:EE:38:0D;Wireless";-79;1172000500
00:0B:86:CE:AD:60;University of Washington";-79;1172000500
00:0B:86:CE:AB:E0;University of Washington";-82;1172000500
00:0B:86:CE:BC:00;University of Washington";-81;1172000500
00:A0:C5:EE:38:4D;eoNet";-75;1172000500
00:0B:86:CE:B8:A0;University of Washington";-80;1172000500
00:0B:86:CE:B5:20;University of Washington";-79;1172000500
00:0B:86:A1:13:20;University of Washington";-76;1172000500
00:0B:86:CE:AC:A0;University of Washington";-84;1172000500
00:0B:86:C2:91:E0;University of Washington";-80;1172000500
00:0B:86:A0:77:00;University of Washington";-76;1172000500
00:A0:C5:EE:38:0A;eoNet";-82;1172000500
00:13:46:1D:61:57;<hidden>";-79;1172000500
00:0B:86:CE:AD:A0;University of Washington";-80;1172000500
00:0B:86:A0:7D:F0;University of Washington";-83;1172000500
00:0B:86:D9:99:60;University of Washington";-79;1172000500
00:50:F2:CC:A9:44;Dale Lab";-74;1172000500
00:0B:86:CD:F4:80;University of Washington";-78;1172000500
00:0B:86:D9:99:40;University of Washington";-77;1172000500
00:03:93:E8:A0:74;DRC";-79;1172000500
00:0B:86:D9:9A:40;University of Washington";-80;1172000500
02:2F:3F:A1:B0:A0;hpsetup";-81;1172000501
00:0D:28:F6:5B:BE;University of Washington";-77;1172000501
00:0D:28:3E:98:FF;University of Washington";-81;1172000501
00:0B:86:CE:6B:A0;University of Washington";-84;1172000501
00:0D:28:3E:98:8F;University of Washington";-73;1172000501
00:0F:3D:E0:FA:FE;<hidden>";-76;1172000501
00:0D:28:F6:5B:78;University of Washington";-77;1172000501
00:0D:28:F6:5B:40;University of Washington";-78;1172000501
00:A0:C5:38:BF:F8;eoNet";-72;1172000501
00:A0:C5:B9:D1:71;eoNet";-79;1172000501
00:A0:C5:EE:38:0D;Wireless";-79;1172000501
00:0B:86:CE:AD:60;University of Washington";-79;1172000501
00:0B:86:CE:AB:E0;University of Washington";-82;1172000501
00:0B:86:CE:BC:00;University of Washington";-81;1172000501
00:A0:C5:EE:38:4D;eoNet";-75;1172000501
00:0B:86:CE:B8:A0;University of Washington";-80;1172000501
00:0B:86:CE:B5:20;University of Washington";-79;1172000501
00:0B:86:A1:13:20;University of Washington";-76;1172000501
00:0B:86:CE:AC:A0;University of Washington";-84;1172000501
00:0B:86:C2:91:E0;University of Washington";-80;1172000501
00:0B:86:A0:77:00;University of Washington";-76;1172000501
00:A0:C5:EE:38:0A;eoNet";-82;1172000501
00:13:46:1D:61:57;<hidden>";-79;1172000501
00:0B:86:CE:AD:A0;University of Washington";-80;1172000501
00:0B:86:A0:7D:F0;University of Washington";-83;1172000501
00:0B:86:D9:99:60;University of Washington";-78;1172000501
00:50:F2:CC:A9:44;Dale Lab";-79;1172000501
00:0B:86:CD:F4:80;University of Washington";-78;1172000501
00:0B:86:D9:99:40;University of Washington";-76;1172000501
00:03:93:E8:A0:74;DRC";-79;1172000501
00:0B:86:D9:9A:40;University of Washington";-80;1172000501
CA:DF:E2:B5:5F:DA;Free_WiFi_Pronto_#726";-78;1172000501
02:2F:3F:A1:B0:A0;hpsetup";-81;1172000502
00:0D:28:F6:5B:BE;University of Washington";-77;1172000502
00:0D:28:3E:98:FF;University of Washington";-81;1172000502
00:0B:86:CE:6B:A0;University of Washington";-84;1172000502
00:0D:28:3E:98:8F;University of Washington";-73;1172000502
00:0F:3D:E0:FA:FE;<hidden>";-76;1172000502
00:0D:28:F6:5B:78;University of Washington";-77;1172000502
00:0D:28:F6:5B:40;University of Washington";-78;1172000502
00:A0:C5:38:BF:F8;eoNet";-72;1172000502
00:A0:C5:B9:D1:71;eoNet";-79;1172000502
00:A0:C5:EE:38:0D;Wireless";-79;1172000502
00:0B:86:CE:AD:60;University of Washington";-79;1172000502
00:0B:86:CE:AB:E0;University of Washington";-82;1172000502
00:0B:86:CE:BC:00;University of Washington";-81;1172000502
00:A0:C5:EE:38:4D;eoNet";-75;1172000502
00:0B:86:CE:B8:A0;University of Washington";-80;1172000502
00:0B:86:CE:B5:20;University of Washington";-79;1172000502
00:0B:86:A1:13:20;University of Washington";-76;1172000502
00:0B:86:CE:AC:A0;University of Washington";-84;1172000502
00:0B:86:C2:91:E0;University of Washington";-82;1172000502
00:0B:86:A0:77:00;University of Washington";-76;1172000502
00:A0:C5:EE:38:0A;eoNet";-82;1172000502
00:13:46:1D:61:57;<hidden>";-79;1172000502
00:0B:86:CE:AD:A0;University of Washington";-80;1172000502
00:0B:86:A0:7D:F0;University of Washington";-83;1172000502
00:0B:86:D9:99:60;University of Washington";-78;1172000502
00:50:F2:CC:A9:44;Dale Lab";-79;1172000502
00:0B:86:CD:F4:80;University of Washington";-78;1172000502
00:0B:86:D9:99:40;University of Washington";-76;1172000502
00:03:93:E8:A0:74;DRC";-79;1172000502
00:0B:86:D9:9A:40;University of Washington";-71;1172000502
CA:DF:E2:B5:5F:DA;Free_WiFi_Pronto_#726";-78;1172000502
00:02:6F:08:26:E7;gil1";-82;1172000502
00:0F:24:DA:80:00;UniversityOfWashingtonCSE";-78;1172000502
02:2F:3F:A1:B0:A0;hpsetup";-81;1172000504
00:0D:28:F6:5B:BE;University of Washington";-77;1172000504
00:0D:28:3E:98:FF;University of Washington";-81;1172000504
00:0B:86:CE:6B:A0;University of Washington";-84;1172000504
00:0F:3D:E0:FA:FE;<hidden>";-76;1172000504
00:0D:28:F6:5B:78;University of Washington";-77;1172000504
00:0D:28:F6:5B:40;University of Washington";-78;1172000504
00:A0:C5:38:BF:F8;eoNet";-72;1172000504
00:A0:C5:B9:D1:71;eoNet";-79;1172000504
00:A0:C5:EE:38:0D;Wireless";-79;1172000504
00:0B:86:CE:AD:60;University of Washington";-79;1172000504
00:0B:86:CE:AB:E0;University of Washington";-82;1172000504
00:0B:86:CE:BC:00;University of Washington";-81;1172000504
00:A0:C5:EE:38:4D;eoNet";-75;1172000504
00:0B:86:CE:B8:A0;University of Washington";-80;1172000504
00:0B:86:CE:B5:20;University of Washington";-79;1172000504
00:0B:86:A1:13:20;University of Washington";-76;1172000504
00:0B:86:C2:91:E0;University of Washington";-82;1172000504
00:0B:86:A0:77:00;University of Washington";-76;1172000504
00:A0:C5:EE:38:0A;eoNet";-82;1172000504
00:13:46:1D:61:57;<hidden>";-81;1172000504
00:0B:86:CE:AD:A0;University of Washington";-80;1172000504
00:0B:86:A0:7D:F0;University of Washington";-83;1172000504
00:0B:86:D9:99:60;University of Washington";-81;1172000504
00:50:F2:CC:A9:44;Dale Lab";-84;1172000504
00:0B:86:CD:F4:80;University of Washington";-78;1172000504
00:0B:86:D9:99:40;University of Washington";-76;1172000504
00:03:93:E8:A0:74;DRC";-80;1172000504
00:0B:86:D9:9A:40;University of Washington";-82;1172000504
CA:DF:E2:B5:5F:DA;Free_WiFi_Pronto_#726";-81;1172000504
00:02:6F:08:26:E7;gil1";-82;1172000504
00:0F:24:DA:80:00;UniversityOfWashingtonCSE";-78;1172000504
02:2F:3F:A1:B0:A0;hpsetup";-81;1172000505
00:0D:28:F6:5B:BE;University of Washington";-77;1172000505
00:0D:28:3E:98:FF;University of Washington";-81;1172000505
00:0F:3D:E0:FA:FE;<hidden>";-76;1172000505
00:0D:28:F6:5B:78;University of Washington";-77;1172000505
00:0D:28:F6:5B:40;University of Washington";-78;1172000505
00:A0:C5:38:BF:F8;eoNet";-72;1172000505
00:A0:C5:B9:D1:71;eoNet";-79;1172000505
00:A0:C5:EE:38:0D;Wireless";-79;1172000505
00:0B:86:CE:AD:60;University of Washington";-79;1172000505
00:0B:86:CE:AB:E0;University of Washington";-82;1172000505
00:0B:86:CE:BC:00;University of Washington";-81;1172000505
00:A0:C5:EE:38:4D;eoNet";-75;1172000505
00:0B:86:CE:B5:20;University of Washington";-79;1172000505
00:0B:86:A1:13:20;University of Washington";-76;1172000505
00:0B:86:C2:91:E0;University of Washington";-82;1172000505
00:0B:86:A0:77:00;University of Washington";-76;1172000505
00:A0:C5:EE:38:0A;eoNet";-82;1172000505
00:13:46:1D:61:57;<hidden>";-81;1172000505
00:0B:86:CE:AD:A0;University of Washington";-80;1172000505
00:0B:86:A0:7D:F0;University of Washington";-83;1172000505
00:0B:86:D9:99:60;University of Washington";-81;1172000505
00:50:F2:CC:A9:44;Dale Lab";-84;1172000505
00:0B:86:CD:F4:80;University of Washington";-78;1172000505
00:0B:86:D9:99:40;University of Washington";-76;1172000505
00:03:93:E8:A0:74;DRC";-80;1172000505
00:0B:86:D9:9A:40;University of Washington";-82;1172000505
CA:DF:E2:B5:5F:DA;Free_WiFi_Pronto_#726";-81;1172000505
00:02:6F:08:26:E7;gil1";-82;1172000505
00:0F:24:DA:80:00;UniversityOfWashingtonCSE";-78;1172000505
02:2F:3F:A1:B0:A0;hpsetup";-81;1172000506
00:0D:28:F6:5B:BE;University of Washington";-77;1172000506
00:0D:28:3E:98:FF;University of Washington";-81;1172000506
00:0F:3D:E0:FA:FE;<hidden>";-76;1172000506
00:0D:28:F6:5B:78;University of Washington";-77;1172000506
00:A0:C5:38:BF:F8;eoNet";-72;1172000506
00:A0:C5:B9:D1:71;eoNet";-79;1172000506
00:A0:C5:EE:38:0D;Wireless";-79;1172000506
00:0B:86:CE:AD:60;University of Washington";-79;1172000506
00:0B:86:CE:AB:E0;University of Washington";-82;1172000506
00:A0:C5:EE:38:4D;eoNet";-75;1172000506
00:0B:86:CE:B5:20;University of Washington";-79;1172000506
00:0B:86:A1:13:20;University of Washington";-76;1172000506
00:0B:86:C2:91:E0;University of Washington";-82;1172000506
00:13:46:1D:61:57;<hidden>";-81;1172000506
00:0B:86:CE:AD:A0;University of Washington";-80;1172000506
00:0B:86:A0:7D:F0;University of Washington";-83;1172000506
00:0B:86:D9:99:60;University of Washington";-81;1172000506
00:50:F2:CC:A9:44;Dale Lab";-84;1172000506
00:0B:86:CD:F4:80;University of Washington";-78;1172000506
00:0B:86:D9:99:40;University of Washington";-76;1172000506
00:03:93:E8:A0:74;DRC";-80;1172000506
00:0B:86:D9:9A:40;University of Washington";-82;1172000506
CA:DF:E2:B5:5F:DA;Free_WiFi_Pronto_#726";-81;1172000506
00:02:6F:08:26:E7;gil1";-82;1172000506
00:0F:24:DA:80:00;UniversityOfWashingtonCSE";-75;1172000506
00:0B:86:A0:6E:00;University of Washington";-80;1172000506
02:2F:3F:A1:B0:A0;hpsetup";-81;1172000508
00:0D:28:F6:5B:BE;University of Washington";-77;1172000508
00:0D:28:3E:98:FF;University of Washington";-81;1172000508
00:0F:3D:E0:FA:FE;<hidden>";-71;1172000508
00:0B:86:CE:AD:60;University of Washington";-79;1172000508
00:0B:86:CE:AB:E0;University of Washington";-82;1172000508
00:0B:86:CE:B5:20;University of Washington";-79;1172000508
00:0B:86:A1:13:20;University of Washington";-76;1172000508
00:0B:86:C2:91:E0;University of Washington";-82;1172000508
00:13:46:1D:61:57;<hidden>";-81;1172000508
00:0B:86:CE:AD:A0;University of Washington";-80;1172000508
00:0B:86:A0:7D:F0;University of Washington";-83;1172000508
00:0B:86:D9:99:60;University of Washington";-81;1172000508
00:50:F2:CC:A9:44;Dale Lab";-84;1172000508
00:0B:86:CD:F4:80;University of Washington";-78;1172000508
00:0B:86:D9:99:40;University of Washington";-76;1172000508
00:03:93:E8:A0:74;DRC";-80;1172000508
00:0B:86:D9:9A:40;University of Washington";-82;1172000508
CA:DF:E2:B5:5F:DA;Free_WiFi_Pronto_#726";-81;1172000508
00:02:6F:08:26:E7;gil1";-82;1172000508
00:0F:24:DA:80:00;UniversityOfWashingtonCSE";-82;1172000508
00:0B:86:A0:6E:00;University of Washington";-80;1172000508
00:0B:86:A1:0D:40;University of Washington";-74;1172000508
00:0B:86:A0:74:30;University of Washington";-82;1172000508
02:2F:3F:A1:B0:A0;hpsetup";-81;1172000510
00:0D:28:F6:5B:BE;University of Washington";-77;1172000510
00:0F:3D:E0:FA:FE;<hidden>";-70;1172000510
00:0B:86:CE:AD:60;University of Washington";-79;1172000510
00:0B:86:CE:AB:E0;University of Washington";-82;1172000510
00:0B:86:CE:B5:20;University of Washington";-79;1172000510
00:0B:86:C2:91:E0;University of Washington";-82;1172000510
00:13:46:1D:61:57;<hidden>";-81;1172000510
00:0B:86:CE:AD:A0;University of Washington";-80;1172000510
00:0B:86:D9:99:60;University of Washington";-81;1172000510
00:50:F2:CC:A9:44;Dale Lab";-84;1172000510
00:0B:86:CD:F4:80;University of Washington";-78;1172000510
00:0B:86:D9:99:40;University of Washington";-76;1172000510
00:03:93:E8:A0:74;DRC";-80;1172000510
00:0B:86:D9:9A:40;University of Washington";-82;1172000510
CA:DF:E2:B5:5F:DA;Free_WiFi_Pronto_#726";-81;1172000510
00:02:6F:08:26:E7;gil1";-82;1172000510
00:0F:24:DA:80:00;UniversityOfWashingtonCSE";-82;1172000510
00:0B:86:A0:6E:00;University of Washington";-80;1172000510
00:0B:86:A1:0D:40;University of Washington";-72;1172000510
00:0B:86:A0:74:30;University of Washington";-81;1172000510
02:2F:3F:A1:B0:A0;hpsetup";-81;1172000511
00:0D:28:F6:5B:BE;University of Washington";-77;1172000511
00:0F:3D:E0:FA:FE;<hidden>";-70;1172000511
00:0B:86:CE:AD:60;University of Washington";-79;1172000511
00:0B:86:CE:AB:E0;University of Washington";-82;1172000511
00:0B:86:CE:B5:20;University of Washington";-79;1172000511
00:0B:86:C2:91:E0;University of Washington";-82;1172000511
00:13:46:1D:61:57;<hidden>";-81;1172000511
00:0B:86:CE:AD:A0;University of Washington";-80;1172000511
00:0B:86:D9:99:60;University of Washington";-81;1172000511
00:50:F2:CC:A9:44;Dale Lab";-84;1172000511
00:0B:86:D9:99:40;University of Washington";-76;1172000511
00:03:93:E8:A0:74;DRC";-80;1172000511
00:0B:86:D9:9A:40;University of Washington";-82;1172000511
CA:DF:E2:B5:5F:DA;Free_WiFi_Pronto_#726";-81;1172000511
00:02:6F:08:26:E7;gil1";-82;1172000511
00:0F:24:DA:80:00;UniversityOfWashingtonCSE";-82;1172000511
00:0B:86:A0:6E:00;University of Washington";-79;1172000511
00:0B:86:A1:0D:40;University of Washington";-63;1172000511
00:0B:86:A0:74:30;University of Washington";-81;1172000511
00:0B:86:A0:72:10;University of Washington";-81;1172000511
02:2F:3F:A1:B0:A0;hpsetup";-81;1172000513
00:0D:28:F6:5B:BE;University of Washington";-77;1172000513
00:0F:3D:E0:FA:FE;<hidden>";-70;1172000513
00:0B:86:CE:AD:60;University of Washington";-79;1172000513
00:0B:86:C2:91:E0;University of Washington";-82;1172000513
00:13:46:1D:61:57;<hidden>";-81;1172000513
00:0B:86:CE:AD:A0;University of Washington";-80;1172000513
00:0B:86:D9:99:60;University of Washington";-81;1172000513
00:50:F2:CC:A9:44;Dale Lab";-84;1172000513
00:0B:86:D9:99:40;University of Washington";-76;1172000513
00:03:93:E8:A0:74;DRC";-80;1172000513
00:0B:86:D9:9A:40;University of Washington";-82;1172000513
CA:DF:E2:B5:5F:DA;Free_WiFi_Pronto_#726";-80;1172000513
00:02:6F:08:26:E7;gil1";-82;1172000513
00:0F:24:DA:80:00;UniversityOfWashingtonCSE";-80;1172000513
00:0B:86:A0:6E:00;University of Washington";-79;1172000513
00:0B:86:A1:0D:40;University of Washington";-67;1172000513
00:0B:86:A0:74:30;University of Washington";-80;1172000513
00:0B:86:A0:72:10;University of Washington";-81;1172000513
00:0B:86:D0:0C:00;University of Washington";-84;1172000513
00:0D:28:F6:5B:BE;University of Washington";-77;1172000514
00:0F:3D:E0:FA:FE;<hidden>";-70;1172000514
00:0B:86:C2:91:E0;University of Washington";-82;1172000514
00:13:46:1D:61:57;<hidden>";-81;1172000514
00:0B:86:D9:99:60;University of Washington";-81;1172000514
00:50:F2:CC:A9:44;Dale Lab";-84;1172000514
00:0B:86:D9:99:40;University of Washington";-76;1172000514
00:03:93:E8:A0:74;DRC";-80;1172000514
00:0B:86:D9:9A:40;University of Washington";-82;1172000514
CA:DF:E2:B5:5F:DA;Free_WiFi_Pronto_#726";-80;1172000514
00:02:6F:08:26:E7;gil1";-82;1172000514
00:0F:24:DA:80:00;UniversityOfWashingtonCSE";-80;1172000514
00:0B:86:A0:6E:00;University of Washington";-79;1172000514
00:0B:86:A1:0D:40;University of Washington";-66;1172000514
00:0B:86:A0:74:30;University of Washington";-79;1172000514
00:0B:86:A0:72:10;University of Washington";-81;1172000514
00:0B:86:D0:0C:00;University of Washington";-84;1172000514
00:14:BF:40:E9:4E;hydro";-81;1172000514
00:0D:28:F6:5B:BE;University of Washington";-77;1172000515
00:0F:3D:E0:FA:FE;<hidden>";-70;1172000515
00:0B:86:C2:91:E0;University of Washington";-82;1172000515
00:13:46:1D:61:57;<hidden>";-81;1172000515
00:0B:86:D9:99:60;University of Washington";-81;1172000515
00:50:F2:CC:A9:44;Dale Lab";-84;1172000515
00:0B:86:D9:99:40;University of Washington";-76;1172000515
00:03:93:E8:A0:74;DRC";-80;1172000515
00:0B:86:D9:9A:40;University of Washington";-82;1172000515
CA:DF:E2:B5:5F:DA;Free_WiFi_Pronto_#726";-80;1172000515
00:02:6F:08:26:E7;gil1";-82;1172000515
00:0F:24:DA:80:00;UniversityOfWashingtonCSE";-80;1172000515
00:0B:86:A0:6E:00;University of Washington";-79;1172000515
00:0B:86:A1:0D:40;University of Washington";-68;1172000515
00:0B:86:A0:74:30;University of Washington";-79;1172000515
00:0B:86:A0:72:10;University of Washington";-81;1172000515
00:0B:86:D0:0C:00;University of Washington";-79;1172000515
00:14:BF:40:E9:4E;hydro";-81;1172000515
00:0B:86:C9:7C:E0;University of Washington";-84;1172000515
00:0F:24:DA:82:90;UniversityOfWashingtonCSE";-81;1172000515
00:0F:3D:E0:FA:FE;<hidden>";-70;1172000517
00:13:46:1D:61:57;<hidden>";-81;1172000517
00:0B:86:D9:99:60;University of Washington";-81;1172000517
00:50:F2:CC:A9:44;Dale Lab";-84;1172000517
00:03:93:E8:A0:74;DRC";-80;1172000517
00:0B:86:D9:9A:40;University of Washington";-82;1172000517
CA:DF:E2:B5:5F:DA;Free_WiFi_Pronto_#726";-80;1172000517
00:0F:24:DA:80:00;UniversityOfWashingtonCSE";-80;1172000517
00:0B:86:A0:6E:00;University of Washington";-79;1172000517
00:0B:86:A1:0D:40;University of Washington";-68;1172000517
00:0B:86:A0:74:30;University of Washington";-79;1172000517
00:0B:86:A0:72:10;University of Washington";-81;1172000517
00:0B:86:D0:0C:00;University of Washington";-79;1172000517
00:14:BF:40:E9:4E;hydro";-81;1172000517
00:0B:86:C9:7C:E0;University of Washington";-84;1172000517
00:0F:24:DA:82:90;UniversityOfWashingtonCSE";-81;1172000517
00:0F:3D:E0:FA:FE;<hidden>";-70;1172000518
00:13:46:1D:61:57;<hidden>";-81;1172000518
00:0B:86:D9:99:60;University of Washington";-81;1172000518
00:50:F2:CC:A9:44;Dale Lab";-84;1172000518
00:03:93:E8:A0:74;DRC";-80;1172000518
CA:DF:E2:B5:5F:DA;Free_WiFi_Pronto_#726";-80;1172000518
00:0F:24:DA:80:00;UniversityOfWashingtonCSE";-80;1172000518
00:0B:86:A0:6E:00;University of Washington";-80;1172000518
00:0B:86:A1:0D:40;University of Washington";-71;1172000518
00:0B:86:A0:74:30;University of Washington";-72;1172000518
00:0B:86:A0:72:10;University of Washington";-81;1172000518
00:0B:86:D0:0C:00;University of Washington";-83;1172000518
00:14:BF:40:E9:4E;hydro";-81;1172000518
00:0B:86:C9:7C:E0;University of Washington";-84;1172000518
00:0F:24:DA:82:90;UniversityOfWashingtonCSE";-82;1172000518
00:13:10:6A:52:29;horner_lab";-84;1172000518
00:0F:3D:E0:FA:FE;<hidden>";-70;1172000519
CA:DF:E2:B5:5F:DA;Free_WiFi_Pronto_#726";-80;1172000519
00:0F:24:DA:80:00;UniversityOfWashingtonCSE";-80;1172000519
00:0B:86:A0:6E:00;University of Washington";-80;1172000519
00:0B:86:A1:0D:40;University of Washington";-73;1172000519
00:0B:86:A0:74:30;University of Washington";-79;1172000519
00:0B:86:A0:72:10;University of Washington";-81;1172000519
00:0B:86:D0:0C:00;University of Washington";-83;1172000519
00:14:BF:40:E9:4E;hydro";-81;1172000519
00:0B:86:C9:7C:E0;University of Washington";-84;1172000519
00:0F:24:DA:82:90;UniversityOfWashingtonCSE";-82;1172000519
00:13:10:6A:52:29;horner_lab";-84;1172000519
