00:14:95:86:DC:E9;<hidden>";-76;1172000796
00:0F:B3:34:03:BD;SPGRILL";-70;1172000796
00:0F:B5:AC:90:02;NETGEAR";-78;1172000796
00:14:6C:21:FF:02;NETGEAR";-77;1172000796
00:09:5B:6E:53:E0;<hidden>";-70;1172000796
00:0C:41:F5:7C:5A;WSC";-80;1172000796
00:06:25:FE:9A:41;7231";-81;1172000796
00:14:95:86:DC:E9;<hidden>";-67;1172000797
00:0F:B3:34:03:BD;SPGRILL";-73;1172000797
00:0F:B5:AC:90:02;NETGEAR";-73;1172000797
00:14:6C:21:FF:02;NETGEAR";-77;1172000797
00:09:5B:6E:53:E0;<hidden>";-70;1172000797
00:0C:41:F5:7C:5A;WSC";-81;1172000797
00:06:25:FE:9A:41;7231";-83;1172000797
00:14:95:86:DC:E9;<hidden>";-76;1172000799
00:0F:B3:34:03:BD;SPGRILL";-69;1172000799
00:0F:B5:AC:90:02;NETGEAR";-76;1172000799
00:14:6C:21:FF:02;NETGEAR";-76;1172000799
00:09:5B:6E:53:E0;<hidden>";-70;1172000799
00:0C:41:F5:7C:5A;WSC";-78;1172000799
00:06:25:FE:9A:41;7231";-83;1172000799
00:14:95:86:DC:E9;<hidden>";-74;1172000800
00:0F:B3:34:03:BD;SPGRILL";-72;1172000800
00:0F:B5:AC:90:02;NETGEAR";-75;1172000800
00:14:6C:21:FF:02;NETGEAR";-76;1172000800
00:09:5B:6E:53:E0;<hidden>";-72;1172000800
00:0C:41:F5:7C:5A;WSC";-83;1172000800
00:06:25:FE:9A:41;7231";-83;1172000800
4E:2E:9C:4D:20:CE;hpsetup";-76;1172000800
00:14:95:86:DC:E9;<hidden>";-73;1172000801
00:0F:B3:34:03:BD;SPGRILL";-73;1172000801
00:0F:B5:AC:90:02;NETGEAR";-75;1172000801
00:14:6C:21:FF:02;NETGEAR";-75;1172000801
00:09:5B:6E:53:E0;<hidden>";-72;1172000801
00:0C:41:F5:7C:5A;WSC";-79;1172000801
00:06:25:FE:9A:41;7231";-83;1172000801
4E:2E:9C:4D:20:CE;hpsetup";-76;1172000801
00:14:95:86:DC:E9;<hidden>";-73;1172000802
00:0F:B3:34:03:BD;SPGRILL";-71;1172000802
00:0F:B5:AC:90:02;NETGEAR";-73;1172000802
00:14:6C:21:FF:02;NETGEAR";-75;1172000802
00:09:5B:6E:53:E0;<hidden>";-72;1172000802
00:0C:41:F5:7C:5A;WSC";-79;1172000802
00:06:25:FE:9A:41;7231";-83;1172000802
4E:2E:9C:4D:20:CE;hpsetup";-76;1172000802
00:14:95:86:DC:E9;<hidden>";-71;1172000804
00:0F:B3:34:03:BD;SPGRILL";-72;1172000804
00:0F:B5:AC:90:02;NETGEAR";-73;1172000804
00:14:6C:21:FF:02;NETGEAR";-75;1172000804
00:09:5B:6E:53:E0;<hidden>";-73;1172000804
00:0C:41:F5:7C:5A;WSC";-79;1172000804
00:06:25:FE:9A:41;7231";-83;1172000804
4E:2E:9C:4D:20:CE;hpsetup";-76;1172000804
00:14:95:86:DC:E9;<hidden>";-63;1172000805
00:0F:B3:34:03:BD;SPGRILL";-77;1172000805
00:0F:B5:AC:90:02;NETGEAR";-75;1172000805
00:14:6C:21:FF:02;NETGEAR";-75;1172000805
00:09:5B:6E:53:E0;<hidden>";-74;1172000805
00:0C:41:F5:7C:5A;WSC";-81;1172000805
00:06:25:FE:9A:41;7231";-83;1172000805
4E:2E:9C:4D:20:CE;hpsetup";-76;1172000805
00:14:95:86:DC:E9;<hidden>";-66;1172000806;Great Harvest Bread Company
00:0F:B3:34:03:BD;SPGRILL";-74;1172000806;Great Harvest Bread Company
00:0F:B5:AC:90:02;NETGEAR";-80;1172000806;Great Harvest Bread Company
00:14:6C:21:FF:02;NETGEAR";-77;1172000806;Great Harvest Bread Company
00:09:5B:6E:53:E0;<hidden>";-74;1172000806;Great Harvest Bread Company
00:0C:41:F5:7C:5A;WSC";-81;1172000806;Great Harvest Bread Company
00:06:25:FE:9A:41;7231";-83;1172000806;Great Harvest Bread Company
4E:2E:9C:4D:20:CE;hpsetup";-76;1172000806;Great Harvest Bread Company
00:14:95:86:DC:E9;<hidden>";-76;1172000807;Great Harvest Bread Company
00:0F:B3:34:03:BD;SPGRILL";-72;1172000807;Great Harvest Bread Company
00:0F:B5:AC:90:02;NETGEAR";-78;1172000807;Great Harvest Bread Company
00:14:6C:21:FF:02;NETGEAR";-78;1172000807;Great Harvest Bread Company
00:09:5B:6E:53:E0;<hidden>";-70;1172000807;Great Harvest Bread Company
00:0C:41:F5:7C:5A;WSC";-81;1172000807;Great Harvest Bread Company
00:06:25:FE:9A:41;7231";-83;1172000807;Great Harvest Bread Company
4E:2E:9C:4D:20:CE;hpsetup";-76;1172000807;Great Harvest Bread Company
00:02:B3:BA:6F:4B;Kempf";-85;1172000807;Great Harvest Bread Company
00:14:95:86:DC:E9;<hidden>";-59;1172000809
00:0F:B3:34:03:BD;SPGRILL";-72;1172000809
00:0F:B5:AC:90:02;NETGEAR";-74;1172000809
00:14:6C:21:FF:02;NETGEAR";-74;1172000809
00:09:5B:6E:53:E0;<hidden>";-70;1172000809
00:0C:41:F5:7C:5A;WSC";-81;1172000809
00:06:25:FE:9A:41;7231";-83;1172000809
4E:2E:9C:4D:20:CE;hpsetup";-76;1172000809
00:02:B3:BA:6F:4B;Kempf";-85;1172000809
00:14:95:86:DC:E9;<hidden>";-72;1172000810
00:0F:B3:34:03:BD;SPGRILL";-72;1172000810
00:0F:B5:AC:90:02;NETGEAR";-74;1172000810
00:14:6C:21:FF:02;NETGEAR";-74;1172000810
00:09:5B:6E:53:E0;<hidden>";-71;1172000810
00:0C:41:F5:7C:5A;WSC";-80;1172000810
00:06:25:FE:9A:41;7231";-83;1172000810
4E:2E:9C:4D:20:CE;hpsetup";-76;1172000810
00:02:B3:BA:6F:4B;Kempf";-85;1172000810
00:14:95:86:DC:E9;<hidden>";-61;1172000811
00:0F:B3:34:03:BD;SPGRILL";-75;1172000811
00:0F:B5:AC:90:02;NETGEAR";-74;1172000811
00:14:6C:21:FF:02;NETGEAR";-74;1172000811
00:09:5B:6E:53:E0;<hidden>";-71;1172000811
00:0C:41:F5:7C:5A;WSC";-81;1172000811
00:06:25:FE:9A:41;7231";-83;1172000811
4E:2E:9C:4D:20:CE;hpsetup";-76;1172000811
00:02:B3:BA:6F:4B;Kempf";-85;1172000811
00:14:95:86:DC:E9;<hidden>";-65;1172000812
00:0F:B3:34:03:BD;SPGRILL";-74;1172000812
00:0F:B5:AC:90:02;NETGEAR";-73;1172000812
00:14:6C:21:FF:02;NETGEAR";-75;1172000812
00:09:5B:6E:53:E0;<hidden>";-71;1172000812
00:0C:41:F5:7C:5A;WSC";-81;1172000812
00:06:25:FE:9A:41;7231";-83;1172000812
4E:2E:9C:4D:20:CE;hpsetup";-76;1172000812
00:02:B3:BA:6F:4B;Kempf";-85;1172000812
00:14:95:86:DC:E9;<hidden>";-75;1172000814
00:0F:B3:34:03:BD;SPGRILL";-73;1172000814
00:0F:B5:AC:90:02;NETGEAR";-73;1172000814
00:14:6C:21:FF:02;NETGEAR";-75;1172000814
00:09:5B:6E:53:E0;<hidden>";-71;1172000814
00:0C:41:F5:7C:5A;WSC";-81;1172000814
00:06:25:FE:9A:41;7231";-83;1172000814
4E:2E:9C:4D:20:CE;hpsetup";-76;1172000814
00:02:B3:BA:6F:4B;Kempf";-85;1172000814
00:14:95:86:DC:E9;<hidden>";-67;1172000815
00:0F:B3:34:03:BD;SPGRILL";-73;1172000815
00:0F:B5:AC:90:02;NETGEAR";-75;1172000815
00:14:6C:21:FF:02;NETGEAR";-75;1172000815
00:09:5B:6E:53:E0;<hidden>";-79;1172000815
00:0C:41:F5:7C:5A;WSC";-81;1172000815
00:06:25:FE:9A:41;7231";-83;1172000815
00:02:B3:BA:6F:4B;Kempf";-85;1172000815
00:14:95:86:DC:E9;<hidden>";-73;1172000816
00:0F:B3:34:03:BD;SPGRILL";-75;1172000816
00:0F:B5:AC:90:02;NETGEAR";-75;1172000816
00:14:6C:21:FF:02;NETGEAR";-75;1172000816
00:09:5B:6E:53:E0;<hidden>";-79;1172000816
00:0C:41:F5:7C:5A;WSC";-76;1172000816
00:02:B3:BA:6F:4B;Kempf";-85;1172000816
00:14:95:86:DC:E9;<hidden>";-63;1172000817
00:0F:B3:34:03:BD;SPGRILL";-77;1172000817
00:0F:B5:AC:90:02;NETGEAR";-77;1172000817
00:14:6C:21:FF:02;NETGEAR";-74;1172000817
00:09:5B:6E:53:E0;<hidden>";-79;1172000817
00:0C:41:F5:7C:5A;WSC";-76;1172000817
00:06:25:FE:9A:41;7231";-83;1172000817
4E:2E:9C:4D:20:CE;hpsetup";-77;1172000817
00:02:B3:BA:6F:4B;Kempf";-85;1172000817
00:14:95:86:DC:E9;<hidden>";-71;1172000819
00:0F:B3:34:03:BD;SPGRILL";-79;1172000819
00:0F:B5:AC:90:02;NETGEAR";-73;1172000819
00:14:6C:21:FF:02;NETGEAR";-74;1172000819
00:09:5B:6E:53:E0;<hidden>";-79;1172000819
00:0C:41:F5:7C:5A;WSC";-79;1172000819
00:06:25:FE:9A:41;7231";-83;1172000819
4E:2E:9C:4D:20:CE;hpsetup";-75;1172000819
00:02:B3:BA:6F:4B;Kempf";-85;1172000819
00:14:95:86:DC:E9;<hidden>";-70;1172000820
00:0F:B3:34:03:BD;SPGRILL";-73;1172000820
00:0F:B5:AC:90:02;NETGEAR";-72;1172000820
00:14:6C:21:FF:02;NETGEAR";-74;1172000820
00:09:5B:6E:53:E0;<hidden>";-79;1172000820
00:0C:41:F5:7C:5A;WSC";-79;1172000820
00:06:25:FE:9A:41;7231";-83;1172000820
4E:2E:9C:4D:20:CE;hpsetup";-75;1172000820
00:02:B3:BA:6F:4B;Kempf";-85;1172000820
00:14:95:86:DC:E9;<hidden>";-61;1172000821
00:0F:B3:34:03:BD;SPGRILL";-73;1172000821
00:0F:B5:AC:90:02;NETGEAR";-72;1172000821
00:14:6C:21:FF:02;NETGEAR";-73;1172000821
00:09:5B:6E:53:E0;<hidden>";-76;1172000821
00:0C:41:F5:7C:5A;WSC";-79;1172000821
00:06:25:FE:9A:41;7231";-83;1172000821
4E:2E:9C:4D:20:CE;hpsetup";-75;1172000821
00:02:B3:BA:6F:4B;Kempf";-85;1172000821
00:14:95:86:DC:E9;<hidden>";-62;1172000823
00:0F:B3:34:03:BD;SPGRILL";-77;1172000823
00:0F:B5:AC:90:02;NETGEAR";-84;1172000823
00:14:6C:21:FF:02;NETGEAR";-75;1172000823
00:09:5B:6E:53:E0;<hidden>";-79;1172000823
00:0C:41:F5:7C:5A;WSC";-79;1172000823
00:06:25:FE:9A:41;7231";-83;1172000823
4E:2E:9C:4D:20:CE;hpsetup";-75;1172000823
00:14:95:86:DC:E9;<hidden>";-72;1172000824
00:0F:B3:34:03:BD;SPGRILL";-74;1172000824
00:0F:B5:AC:90:02;NETGEAR";-72;1172000824
00:14:6C:21:FF:02;NETGEAR";-75;1172000824
00:09:5B:6E:53:E0;<hidden>";-79;1172000824
00:0C:41:F5:7C:5A;WSC";-80;1172000824
00:06:25:FE:9A:41;7231";-83;1172000824
4E:2E:9C:4D:20:CE;hpsetup";-75;1172000824
00:14:95:86:DC:E9;<hidden>";-61;1172000825
00:0F:B3:34:03:BD;SPGRILL";-71;1172000825
00:0F:B5:AC:90:02;NETGEAR";-76;1172000825
00:14:6C:21:FF:02;NETGEAR";-74;1172000825
00:09:5B:6E:53:E0;<hidden>";-79;1172000825
00:0C:41:F5:7C:5A;WSC";-80;1172000825
00:06:25:FE:9A:41;7231";-83;1172000825
4E:2E:9C:4D:20:CE;hpsetup";-75;1172000825
00:14:95:86:DC:E9;<hidden>";-72;1172000826
00:0F:B3:34:03:BD;SPGRILL";-71;1172000826
00:0F:B5:AC:90:02;NETGEAR";-74;1172000826
00:14:6C:21:FF:02;NETGEAR";-74;1172000826
00:09:5B:6E:53:E0;<hidden>";-79;1172000826
00:0C:41:F5:7C:5A;WSC";-80;1172000826
00:06:25:FE:9A:41;7231";-83;1172000826
4E:2E:9C:4D:20:CE;hpsetup";-75;1172000826
00:14:95:86:DC:E9;<hidden>";-72;1172000828
00:0F:B3:34:03:BD;SPGRILL";-71;1172000828
00:0F:B5:AC:90:02;NETGEAR";-72;1172000828
00:14:6C:21:FF:02;NETGEAR";-72;1172000828
00:09:5B:6E:53:E0;<hidden>";-75;1172000828
00:0C:41:F5:7C:5A;WSC";-80;1172000828
00:06:25:FE:9A:41;7231";-83;1172000828
4E:2E:9C:4D:20:CE;hpsetup";-75;1172000828
00:13:46:F1:8B:F0;Navin Network";-84;1172000828
00:14:95:86:DC:E9;<hidden>";-73;1172000829
00:0F:B3:34:03:BD;SPGRILL";-75;1172000829
00:0F:B5:AC:90:02;NETGEAR";-72;1172000829
00:14:6C:21:FF:02;NETGEAR";-75;1172000829
00:09:5B:6E:53:E0;<hidden>";-75;1172000829
00:0C:41:F5:7C:5A;WSC";-80;1172000829
00:06:25:FE:9A:41;7231";-83;1172000829
4E:2E:9C:4D:20:CE;hpsetup";-75;1172000829
00:13:46:F1:8B:F0;Navin Network";-84;1172000829
00:14:95:86:DC:E9;<hidden>";-65;1172000830
00:0F:B3:34:03:BD;SPGRILL";-73;1172000830
00:0F:B5:AC:90:02;NETGEAR";-74;1172000830
00:14:6C:21:FF:02;NETGEAR";-74;1172000830
00:09:5B:6E:53:E0;<hidden>";-75;1172000830
00:0C:41:F5:7C:5A;WSC";-80;1172000830
00:06:25:FE:9A:41;7231";-83;1172000830
4E:2E:9C:4D:20:CE;hpsetup";-75;1172000830
00:13:46:F1:8B:F0;Navin Network";-84;1172000830
00:14:95:86:DC:E9;<hidden>";-73;1172000831
00:0F:B3:34:03:BD;SPGRILL";-71;1172000831
00:0F:B5:AC:90:02;NETGEAR";-75;1172000831
00:14:6C:21:FF:02;NETGEAR";-76;1172000831
00:09:5B:6E:53:E0;<hidden>";-75;1172000831
00:0C:41:F5:7C:5A;WSC";-80;1172000831
00:06:25:FE:9A:41;7231";-83;1172000831
4E:2E:9C:4D:20:CE;hpsetup";-75;1172000831
00:13:46:F1:8B:F0;Navin Network";-84;1172000831
00:14:95:86:DC:E9;<hidden>";-71;1172000833
00:0F:B3:34:03:BD;SPGRILL";-71;1172000833
00:0F:B5:AC:90:02;NETGEAR";-72;1172000833
00:14:6C:21:FF:02;NETGEAR";-74;1172000833
00:09:5B:6E:53:E0;<hidden>";-75;1172000833
00:0C:41:F5:7C:5A;WSC";-80;1172000833
00:06:25:FE:9A:41;7231";-83;1172000833
4E:2E:9C:4D:20:CE;hpsetup";-75;1172000833
00:13:46:F1:8B:F0;Navin Network";-84;1172000833
00:14:95:86:DC:E9;<hidden>";-63;1172000834
00:0F:B3:34:03:BD;SPGRILL";-74;1172000834
00:0F:B5:AC:90:02;NETGEAR";-79;1172000834
00:14:6C:21:FF:02;NETGEAR";-79;1172000834
00:09:5B:6E:53:E0;<hidden>";-75;1172000834
00:0C:41:F5:7C:5A;WSC";-80;1172000834
00:06:25:FE:9A:41;7231";-83;1172000834
4E:2E:9C:4D:20:CE;hpsetup";-83;1172000834
00:13:46:F1:8B:F0;Navin Network";-84;1172000834
00:14:95:86:DC:E9;<hidden>";-76;1172000835
00:0F:B3:34:03:BD;SPGRILL";-71;1172000835
00:0F:B5:AC:90:02;NETGEAR";-76;1172000835
00:14:6C:21:FF:02;NETGEAR";-78;1172000835
00:09:5B:6E:53:E0;<hidden>";-75;1172000835
00:0C:41:F5:7C:5A;WSC";-81;1172000835
00:06:25:FE:9A:41;7231";-83;1172000835
4E:2E:9C:4D:20:CE;hpsetup";-83;1172000835
00:13:46:F1:8B:F0;Navin Network";-84;1172000835
00:14:95:86:DC:E9;<hidden>";-68;1172000836
00:0F:B3:34:03:BD;SPGRILL";-70;1172000836
00:0F:B5:AC:90:02;NETGEAR";-73;1172000836
00:14:6C:21:FF:02;NETGEAR";-76;1172000836
00:09:5B:6E:53:E0;<hidden>";-78;1172000836
00:0C:41:F5:7C:5A;WSC";-81;1172000836
00:06:25:FE:9A:41;7231";-83;1172000836
4E:2E:9C:4D:20:CE;hpsetup";-83;1172000836
00:13:46:F1:8B:F0;Navin Network";-84;1172000836
00:14:95:86:DC:E9;<hidden>";-62;1172000838
00:0F:B3:34:03:BD;SPGRILL";-69;1172000838
00:0F:B5:AC:90:02;NETGEAR";-72;1172000838
00:14:6C:21:FF:02;NETGEAR";-73;1172000838
00:09:5B:6E:53:E0;<hidden>";-78;1172000838
00:0C:41:F5:7C:5A;WSC";-81;1172000838
00:06:25:FE:9A:41;7231";-83;1172000838
4E:2E:9C:4D:20:CE;hpsetup";-83;1172000838
00:13:46:F1:8B:F0;Navin Network";-84;1172000838
00:14:95:86:DC:E9;<hidden>";-60;1172000839
00:0F:B3:34:03:BD;SPGRILL";-70;1172000839
00:0F:B5:AC:90:02;NETGEAR";-72;1172000839
00:14:6C:21:FF:02;NETGEAR";-73;1172000839
00:09:5B:6E:53:E0;<hidden>";-77;1172000839
00:0C:41:F5:7C:5A;WSC";-81;1172000839
00:06:25:FE:9A:41;7231";-83;1172000839
4E:2E:9C:4D:20:CE;hpsetup";-83;1172000839
00:13:46:F1:8B:F0;Navin Network";-84;1172000839
00:14:95:86:DC:E9;<hidden>";-71;1172000840
00:0F:B3:34:03:BD;SPGRILL";-70;1172000840
00:0F:B5:AC:90:02;NETGEAR";-73;1172000840
00:14:6C:21:FF:02;NETGEAR";-75;1172000840
00:09:5B:6E:53:E0;<hidden>";-77;1172000840
00:0C:41:F5:7C:5A;WSC";-81;1172000840
00:06:25:FE:9A:41;7231";-83;1172000840
4E:2E:9C:4D:20:CE;hpsetup";-74;1172000840
00:13:46:F1:8B:F0;Navin Network";-84;1172000840
00:14:95:86:DC:E9;<hidden>";-73;1172000841
00:0F:B3:34:03:BD;SPGRILL";-71;1172000841
00:0F:B5:AC:90:02;NETGEAR";-77;1172000841
00:14:6C:21:FF:02;NETGEAR";-75;1172000841
00:09:5B:6E:53:E0;<hidden>";-77;1172000841
00:0C:41:F5:7C:5A;WSC";-81;1172000841
00:06:25:FE:9A:41;7231";-83;1172000841
4E:2E:9C:4D:20:CE;hpsetup";-74;1172000841
00:14:95:86:DC:E9;<hidden>";-68;1172000843
00:0F:B3:34:03:BD;SPGRILL";-71;1172000843
00:0F:B5:AC:90:02;NETGEAR";-74;1172000843
00:14:6C:21:FF:02;NETGEAR";-75;1172000843
00:09:5B:6E:53:E0;<hidden>";-77;1172000843
00:0C:41:F5:7C:5A;WSC";-80;1172000843
00:06:25:FE:9A:41;7231";-79;1172000843
4E:2E:9C:4D:20:CE;hpsetup";-74;1172000843
00:14:95:86:DC:E9;<hidden>";-66;1172000844
00:0F:B3:34:03:BD;SPGRILL";-75;1172000844
00:0F:B5:AC:90:02;NETGEAR";-74;1172000844
00:14:6C:21:FF:02;NETGEAR";-69;1172000844
00:09:5B:6E:53:E0;<hidden>";-77;1172000844
00:0C:41:F5:7C:5A;WSC";-80;1172000844
00:06:25:FE:9A:41;7231";-81;1172000844
4E:2E:9C:4D:20:CE;hpsetup";-74;1172000844
00:14:95:86:DC:E9;<hidden>";-65;1172000845
00:0F:B3:34:03:BD;SPGRILL";-74;1172000845
00:0F:B5:AC:90:02;NETGEAR";-67;1172000845
00:14:6C:21:FF:02;NETGEAR";-69;1172000845
00:09:5B:6E:53:E0;<hidden>";-77;1172000845
00:0C:41:F5:7C:5A;WSC";-80;1172000845
00:06:25:FE:9A:41;7231";-81;1172000845
4E:2E:9C:4D:20:CE;hpsetup";-74;1172000845
00:14:95:86:DC:E9;<hidden>";-67;1172000847
00:0F:B3:34:03:BD;SPGRILL";-70;1172000847
00:0F:B5:AC:90:02;NETGEAR";-67;1172000847
00:14:6C:21:FF:02;NETGEAR";-69;1172000847
00:09:5B:6E:53:E0;<hidden>";-80;1172000847
00:0C:41:F5:7C:5A;WSC";-80;1172000847
00:06:25:FE:9A:41;7231";-81;1172000847
4E:2E:9C:4D:20:CE;hpsetup";-74;1172000847
00:14:95:86:DC:E9;<hidden>";-62;1172000848
00:0F:B3:34:03:BD;SPGRILL";-70;1172000848
00:0F:B5:AC:90:02;NETGEAR";-67;1172000848
00:14:6C:21:FF:02;NETGEAR";-69;1172000848
00:09:5B:6E:53:E0;<hidden>";-80;1172000848
00:0C:41:F5:7C:5A;WSC";-80;1172000848
00:06:25:FE:9A:41;7231";-81;1172000848
4E:2E:9C:4D:20:CE;hpsetup";-74;1172000848
00:14:95:86:DC:E9;<hidden>";-61;1172000849
00:0F:B3:34:03:BD;SPGRILL";-75;1172000849
00:0F:B5:AC:90:02;NETGEAR";-67;1172000849
00:14:6C:21:FF:02;NETGEAR";-70;1172000849
00:09:5B:6E:53:E0;<hidden>";-80;1172000849
00:0C:41:F5:7C:5A;WSC";-80;1172000849
00:06:25:FE:9A:41;7231";-81;1172000849
4E:2E:9C:4D:20:CE;hpsetup";-74;1172000849
00:14:95:86:DC:E9;<hidden>";-64;1172000850
00:0F:B3:34:03:BD;SPGRILL";-75;1172000850
00:0F:B5:AC:90:02;NETGEAR";-70;1172000850
00:14:6C:21:FF:02;NETGEAR";-73;1172000850
00:09:5B:6E:53:E0;<hidden>";-80;1172000850
00:0C:41:F5:7C:5A;WSC";-80;1172000850
00:06:25:FE:9A:41;7231";-79;1172000850
4E:2E:9C:4D:20:CE;hpsetup";-74;1172000850
00:14:95:86:DC:E9;<hidden>";-69;1172000852
00:0F:B3:34:03:BD;SPGRILL";-74;1172000852
00:0F:B5:AC:90:02;NETGEAR";-70;1172000852
00:14:6C:21:FF:02;NETGEAR";-73;1172000852
00:09:5B:6E:53:E0;<hidden>";-80;1172000852
00:0C:41:F5:7C:5A;WSC";-72;1172000852
00:06:25:FE:9A:41;7231";-81;1172000852
4E:2E:9C:4D:20:CE;hpsetup";-74;1172000852
00:14:95:86:DC:E9;<hidden>";-66;1172000853
00:0F:B3:34:03:BD;SPGRILL";-76;1172000853
00:0F:B5:AC:90:02;NETGEAR";-70;1172000853
00:14:6C:21:FF:02;NETGEAR";-73;1172000853
00:09:5B:6E:53:E0;<hidden>";-75;1172000853
00:0C:41:F5:7C:5A;WSC";-80;1172000853
00:06:25:FE:9A:41;7231";-81;1172000853
4E:2E:9C:4D:20:CE;hpsetup";-74;1172000853
00:14:95:86:DC:E9;<hidden>";-65;1172000854
00:0F:B3:34:03:BD;SPGRILL";-76;1172000854
00:0F:B5:AC:90:02;NETGEAR";-67;1172000854
00:14:6C:21:FF:02;NETGEAR";-69;1172000854
00:09:5B:6E:53:E0;<hidden>";-75;1172000854
00:0C:41:F5:7C:5A;WSC";-80;1172000854
00:06:25:FE:9A:41;7231";-81;1172000854
00:18:39:82:3D:9C;linksys";-84;1172000854
00:14:95:86:DC:E9;<hidden>";-58;1172000855
00:0F:B3:34:03:BD;SPGRILL";-74;1172000855
00:0F:B5:AC:90:02;NETGEAR";-74;1172000855
00:14:6C:21:FF:02;NETGEAR";-72;1172000855
00:09:5B:6E:53:E0;<hidden>";-75;1172000855
00:0C:41:F5:7C:5A;WSC";-80;1172000855
00:06:25:FE:9A:41;7231";-78;1172000855
00:18:39:82:3D:9C;linksys";-84;1172000855
00:14:95:86:DC:E9;<hidden>";-74;1172000857
00:0F:B3:34:03:BD;SPGRILL";-74;1172000857
00:0F:B5:AC:90:02;NETGEAR";-74;1172000857
00:14:6C:21:FF:02;NETGEAR";-80;1172000857
00:09:5B:6E:53:E0;<hidden>";-75;1172000857
00:0C:41:F5:7C:5A;WSC";-83;1172000857
00:06:25:FE:9A:41;7231";-78;1172000857
00:18:39:82:3D:9C;linksys";-84;1172000857
