00:0F:34:9D:02:20;UniversityOfWashingtonCSE";-54;1172554523
00:0F:24:DC:B7:B0;UniversityOfWashingtonCSE";-46;1172554523
00:0F:24:DE:10:B0;UniversityOfWashingtonCSE";-42;1172554523
00:0F:24:DE:11:50;UniversityOfWashingtonCSE";-79;1172554523
00:0F:34:9D:02:20;UniversityOfWashingtonCSE";-54;1172554524
00:0F:24:DC:B7:B0;UniversityOfWashingtonCSE";-46;1172554524
00:0F:24:DE:10:B0;UniversityOfWashingtonCSE";-42;1172554524
00:0F:24:DE:11:50;UniversityOfWashingtonCSE";-79;1172554524
00:0F:34:9D:02:20;UniversityOfWashingtonCSE";-54;1172554525
00:0F:24:DC:B7:B0;UniversityOfWashingtonCSE";-46;1172554525
00:0F:24:DE:10:B0;UniversityOfWashingtonCSE";-43;1172554525
00:0F:24:DE:11:50;UniversityOfWashingtonCSE";-79;1172554525
00:0F:24:DC:B7:A0;UniversityOfWashingtonCSE";-55;1172554525
00:60:B3:8C:33:45;EE";-64;1172554525
00:0F:34:9D:02:00;UniversityOfWashingtonCSE";-75;1172554526
00:0F:34:9D:02:20;UniversityOfWashingtonCSE";-54;1172554526
00:0F:24:DC:B7:B0;UniversityOfWashingtonCSE";-46;1172554526
00:0F:24:DE:10:B0;UniversityOfWashingtonCSE";-41;1172554526
00:0F:24:DE:11:50;UniversityOfWashingtonCSE";-79;1172554526
00:0F:24:DC:B7:A0;UniversityOfWashingtonCSE";-55;1172554526
00:60:B3:8C:33:45;EE";-65;1172554526
00:0F:34:9D:06:30;UniversityOfWashingtonCSE";-62;1172554526
00:0F:34:9D:02:00;UniversityOfWashingtonCSE";-77;1172554527
00:0F:34:9D:02:20;UniversityOfWashingtonCSE";-55;1172554527
00:0F:24:DC:B7:B0;UniversityOfWashingtonCSE";-49;1172554527
00:0F:24:DE:10:B0;UniversityOfWashingtonCSE";-41;1172554527
00:0F:24:DE:11:50;UniversityOfWashingtonCSE";-79;1172554527
00:0F:24:DC:B7:A0;UniversityOfWashingtonCSE";-55;1172554527
00:60:B3:8C:33:45;EE";-65;1172554527
00:0F:34:9D:06:30;UniversityOfWashingtonCSE";-62;1172554527
00:0F:34:9D:02:00;UniversityOfWashingtonCSE";-77;1172554528
00:0F:34:9D:02:20;UniversityOfWashingtonCSE";-55;1172554528
00:0F:24:DC:B7:B0;UniversityOfWashingtonCSE";-49;1172554528
00:0F:24:DE:10:B0;UniversityOfWashingtonCSE";-42;1172554528
00:0F:24:DE:11:50;UniversityOfWashingtonCSE";-79;1172554528
00:0F:24:DC:B7:A0;UniversityOfWashingtonCSE";-62;1172554528
00:60:B3:8C:33:45;EE";-59;1172554528
00:0F:34:9D:06:30;UniversityOfWashingtonCSE";-61;1172554528
00:0F:34:9D:02:00;UniversityOfWashingtonCSE";-77;1172554528
00:0F:34:9D:02:20;UniversityOfWashingtonCSE";-54;1172554528
00:0F:24:DC:B7:B0;UniversityOfWashingtonCSE";-49;1172554529
00:0F:24:DE:10:B0;UniversityOfWashingtonCSE";-42;1172554529
00:0F:24:DE:11:50;UniversityOfWashingtonCSE";-79;1172554529
00:0F:24:DC:B7:A0;UniversityOfWashingtonCSE";-62;1172554529
00:60:B3:8C:33:45;EE";-64;1172554529
00:0F:34:9D:06:30;UniversityOfWashingtonCSE";-61;1172554529
00:0F:34:9D:02:00;UniversityOfWashingtonCSE";-77;1172554529
00:0F:34:9D:02:20;UniversityOfWashingtonCSE";-55;1172554529
00:0F:24:DC:B7:B0;UniversityOfWashingtonCSE";-50;1172554529
00:0F:24:DE:10:B0;UniversityOfWashingtonCSE";-42;1172554529
00:0F:24:DE:11:50;UniversityOfWashingtonCSE";-79;1172554529
00:0F:24:DC:B7:A0;UniversityOfWashingtonCSE";-55;1172554530
00:60:B3:8C:33:45;EE";-65;1172554530
00:0F:34:9D:06:30;UniversityOfWashingtonCSE";-61;1172554530
00:0F:34:9C:FE:70;UniversityOfWashingtonCSE";-72;1172554530
00:60:B3:80:AF:DC;EE";-77;1172554530
00:0F:34:9D:02:00;UniversityOfWashingtonCSE";-77;1172554530
00:0F:34:9D:02:20;UniversityOfWashingtonCSE";-55;1172554530
00:0F:24:DC:B7:B0;UniversityOfWashingtonCSE";-49;1172554530
00:0F:24:DE:10:B0;UniversityOfWashingtonCSE";-41;1172554530
00:0F:24:DE:11:50;UniversityOfWashingtonCSE";-79;1172554530
00:0F:24:DC:B7:A0;UniversityOfWashingtonCSE";-61;1172554530
00:60:B3:8C:33:45;EE";-68;1172554530
00:0F:34:9D:06:30;UniversityOfWashingtonCSE";-66;1172554531
00:0F:34:9C:FE:70;UniversityOfWashingtonCSE";-70;1172554531
00:60:B3:80:AF:DC;EE";-77;1172554531
00:0F:34:9D:02:00;UniversityOfWashingtonCSE";-77;1172554531
00:0F:34:9D:02:20;UniversityOfWashingtonCSE";-55;1172554531
00:0F:24:DC:B7:B0;UniversityOfWashingtonCSE";-49;1172554531
00:0F:24:DE:10:B0;UniversityOfWashingtonCSE";-42;1172554531
00:0F:24:DE:11:50;UniversityOfWashingtonCSE";-79;1172554531
00:0F:24:DC:B7:A0;UniversityOfWashingtonCSE";-61;1172554531
00:60:B3:8C:33:45;EE";-68;1172554531
00:0F:34:9D:06:30;UniversityOfWashingtonCSE";-66;1172554531
00:0F:34:9C:FE:70;UniversityOfWashingtonCSE";-70;1172554531
00:60:B3:80:AF:DC;EE";-77;1172554531
00:0F:34:9D:02:00;UniversityOfWashingtonCSE";-77;1172554532
00:0F:34:9D:02:20;UniversityOfWashingtonCSE";-55;1172554532
00:0F:24:DC:B7:B0;UniversityOfWashingtonCSE";-49;1172554532
00:0F:24:DE:10:B0;UniversityOfWashingtonCSE";-41;1172554532
00:0F:24:DE:11:50;UniversityOfWashingtonCSE";-79;1172554532
00:0F:24:DC:B7:A0;UniversityOfWashingtonCSE";-54;1172554532
00:60:B3:8C:33:45;EE";-66;1172554532
00:0F:34:9D:06:30;UniversityOfWashingtonCSE";-64;1172554532
00:0F:34:9C:FE:70;UniversityOfWashingtonCSE";-70;1172554532
00:60:B3:80:AF:DC;EE";-77;1172554532
00:0F:34:9D:02:00;UniversityOfWashingtonCSE";-77;1172554533
00:0F:34:9D:02:20;UniversityOfWashingtonCSE";-54;1172554533
00:0F:24:DC:B7:B0;UniversityOfWashingtonCSE";-49;1172554533
00:0F:24:DE:10:B0;UniversityOfWashingtonCSE";-41;1172554533
00:0F:24:DE:11:50;UniversityOfWashingtonCSE";-79;1172554533
00:0F:24:DC:B7:A0;UniversityOfWashingtonCSE";-55;1172554533
00:60:B3:8C:33:45;EE";-68;1172554533
00:0F:34:9D:06:30;UniversityOfWashingtonCSE";-62;1172554533
00:0F:34:9C:FE:70;UniversityOfWashingtonCSE";-70;1172554533
00:60:B3:80:AF:DC;EE";-77;1172554533
00:0F:34:9D:02:00;UniversityOfWashingtonCSE";-77;1172554534
00:0F:34:9D:02:20;UniversityOfWashingtonCSE";-55;1172554534
00:0F:24:DC:B7:B0;UniversityOfWashingtonCSE";-50;1172554534
00:0F:24:DE:10:B0;UniversityOfWashingtonCSE";-42;1172554534
00:0F:24:DE:11:50;UniversityOfWashingtonCSE";-79;1172554534
00:0F:24:DC:B7:A0;UniversityOfWashingtonCSE";-55;1172554534
00:60:B3:8C:33:45;EE";-68;1172554534
00:0F:34:9D:06:30;UniversityOfWashingtonCSE";-62;1172554534
00:0F:34:9C:FE:70;UniversityOfWashingtonCSE";-70;1172554534
00:60:B3:80:AF:DC;EE";-77;1172554534
00:0F:34:9D:02:00;UniversityOfWashingtonCSE";-77;1172554535
00:0F:34:9D:02:20;UniversityOfWashingtonCSE";-55;1172554535
00:0F:24:DC:B7:B0;UniversityOfWashingtonCSE";-50;1172554535
00:0F:24:DE:10:B0;UniversityOfWashingtonCSE";-41;1172554535
00:0F:24:DE:11:50;UniversityOfWashingtonCSE";-79;1172554535
00:0F:24:DC:B7:A0;UniversityOfWashingtonCSE";-58;1172554535
00:60:B3:8C:33:45;EE";-56;1172554535
00:0F:34:9D:06:30;UniversityOfWashingtonCSE";-67;1172554535
00:0F:34:9C:FE:70;UniversityOfWashingtonCSE";-70;1172554535
00:60:B3:80:AF:DC;EE";-77;1172554535
00:0F:34:9D:02:00;UniversityOfWashingtonCSE";-77;1172554536
00:0F:34:9D:02:20;UniversityOfWashingtonCSE";-53;1172554536
00:0F:24:DC:B7:B0;UniversityOfWashingtonCSE";-48;1172554536
00:0F:24:DE:10:B0;UniversityOfWashingtonCSE";-41;1172554536
00:0F:24:DE:11:50;UniversityOfWashingtonCSE";-79;1172554536
00:0F:24:DC:B7:A0;UniversityOfWashingtonCSE";-54;1172554536
00:60:B3:8C:33:45;EE";-65;1172554536
00:0F:34:9D:06:30;UniversityOfWashingtonCSE";-64;1172554536
00:0F:34:9C:FE:70;UniversityOfWashingtonCSE";-70;1172554536
00:60:B3:80:AF:DC;EE";-77;1172554536
00:0F:34:9D:02:00;UniversityOfWashingtonCSE";-77;1172554537
00:0F:34:9D:02:20;UniversityOfWashingtonCSE";-53;1172554537
00:0F:24:DC:B7:B0;UniversityOfWashingtonCSE";-48;1172554537
00:0F:24:DE:10:B0;UniversityOfWashingtonCSE";-41;1172554537
00:0F:24:DE:11:50;UniversityOfWashingtonCSE";-79;1172554537
00:0F:24:DC:B7:A0;UniversityOfWashingtonCSE";-54;1172554537
00:60:B3:8C:33:45;EE";-65;1172554537
00:0F:34:9D:06:30;UniversityOfWashingtonCSE";-59;1172554537
00:0F:34:9C:FE:70;UniversityOfWashingtonCSE";-72;1172554537
00:60:B3:80:AF:DC;EE";-77;1172554537
00:0F:34:9D:02:00;UniversityOfWashingtonCSE";-77;1172554538
00:0F:34:9D:02:20;UniversityOfWashingtonCSE";-53;1172554538
00:0F:24:DC:B7:B0;UniversityOfWashingtonCSE";-49;1172554538
00:0F:24:DE:10:B0;UniversityOfWashingtonCSE";-42;1172554538
00:0F:24:DE:11:50;UniversityOfWashingtonCSE";-79;1172554538
00:0F:24:DC:B7:A0;UniversityOfWashingtonCSE";-54;1172554538
00:60:B3:8C:33:45;EE";-65;1172554538
00:0F:34:9D:06:30;UniversityOfWashingtonCSE";-59;1172554538
00:0F:34:9C:FE:70;UniversityOfWashingtonCSE";-72;1172554538
00:60:B3:80:AF:DC;EE";-74;1172554538
00:0F:34:9D:02:00;UniversityOfWashingtonCSE";-77;1172554539
00:0F:34:9D:02:20;UniversityOfWashingtonCSE";-53;1172554539
00:0F:24:DC:B7:B0;UniversityOfWashingtonCSE";-46;1172554539
00:0F:24:DE:10:B0;UniversityOfWashingtonCSE";-42;1172554539
00:0F:24:DE:11:50;UniversityOfWashingtonCSE";-79;1172554539
00:0F:24:DC:B7:A0;UniversityOfWashingtonCSE";-60;1172554539
00:60:B3:8C:33:45;EE";-65;1172554539
00:0F:34:9D:06:30;UniversityOfWashingtonCSE";-61;1172554539
00:0F:34:9C:FE:70;UniversityOfWashingtonCSE";-72;1172554539
00:60:B3:80:AF:DC;EE";-77;1172554539
00:0F:34:9D:02:00;UniversityOfWashingtonCSE";-77;1172554540
00:0F:34:9D:02:20;UniversityOfWashingtonCSE";-54;1172554540
00:0F:24:DC:B7:B0;UniversityOfWashingtonCSE";-48;1172554540
00:0F:24:DE:10:B0;UniversityOfWashingtonCSE";-40;1172554540
00:0F:24:DE:11:50;UniversityOfWashingtonCSE";-79;1172554540
00:0F:24:DC:B7:A0;UniversityOfWashingtonCSE";-55;1172554540
00:60:B3:8C:33:45;EE";-68;1172554540
00:0F:34:9D:06:30;UniversityOfWashingtonCSE";-61;1172554540
00:0F:34:9C:FE:70;UniversityOfWashingtonCSE";-72;1172554540
00:60:B3:80:AF:DC;EE";-77;1172554540
00:0F:34:9D:02:00;UniversityOfWashingtonCSE";-77;1172554541
00:0F:34:9D:02:20;UniversityOfWashingtonCSE";-53;1172554541
00:0F:24:DC:B7:B0;UniversityOfWashingtonCSE";-58;1172554541
00:0F:24:DE:10:B0;UniversityOfWashingtonCSE";-39;1172554541
00:0F:24:DE:11:50;UniversityOfWashingtonCSE";-79;1172554541
00:0F:24:DC:B7:A0;UniversityOfWashingtonCSE";-53;1172554541
00:60:B3:8C:33:45;EE";-62;1172554541
00:0F:34:9D:06:30;UniversityOfWashingtonCSE";-65;1172554541
00:0F:34:9C:FE:70;UniversityOfWashingtonCSE";-72;1172554541
00:60:B3:80:AF:DC;EE";-77;1172554541
00:0F:34:9D:02:00;UniversityOfWashingtonCSE";-77;1172554542
00:0F:34:9D:02:20;UniversityOfWashingtonCSE";-52;1172554542
00:0F:24:DC:B7:B0;UniversityOfWashingtonCSE";-47;1172554542
00:0F:24:DE:10:B0;UniversityOfWashingtonCSE";-39;1172554542
00:0F:24:DE:11:50;UniversityOfWashingtonCSE";-79;1172554542
00:0F:24:DC:B7:A0;UniversityOfWashingtonCSE";-55;1172554542
00:60:B3:8C:33:45;EE";-63;1172554542
00:0F:34:9D:06:30;UniversityOfWashingtonCSE";-62;1172554542
00:0F:34:9C:FE:70;UniversityOfWashingtonCSE";-72;1172554542
00:60:B3:80:AF:DC;EE";-77;1172554542
00:0F:34:9D:02:00;UniversityOfWashingtonCSE";-77;1172554543
00:0F:34:9D:02:20;UniversityOfWashingtonCSE";-55;1172554543
00:0F:24:DC:B7:B0;UniversityOfWashingtonCSE";-48;1172554543
00:0F:24:DE:10:B0;UniversityOfWashingtonCSE";-39;1172554543
00:0F:24:DE:11:50;UniversityOfWashingtonCSE";-79;1172554543
00:0F:24:DC:B7:A0;UniversityOfWashingtonCSE";-58;1172554543
00:60:B3:8C:33:45;EE";-63;1172554543
00:0F:34:9D:06:30;UniversityOfWashingtonCSE";-62;1172554543
00:0F:34:9C:FE:70;UniversityOfWashingtonCSE";-72;1172554543
00:60:B3:80:AF:DC;EE";-77;1172554543
00:0F:34:9D:02:00;UniversityOfWashingtonCSE";-77;1172554544
00:0F:34:9D:02:20;UniversityOfWashingtonCSE";-52;1172554544
00:0F:24:DC:B7:B0;UniversityOfWashingtonCSE";-46;1172554544
00:0F:24:DE:10:B0;UniversityOfWashingtonCSE";-39;1172554544
00:0F:24:DE:11:50;UniversityOfWashingtonCSE";-79;1172554544
00:0F:24:DC:B7:A0;UniversityOfWashingtonCSE";-58;1172554544
00:60:B3:8C:33:45;EE";-62;1172554544
00:0F:34:9D:06:30;UniversityOfWashingtonCSE";-62;1172554544
00:0F:34:9C:FE:70;UniversityOfWashingtonCSE";-72;1172554544
00:60:B3:80:AF:DC;EE";-77;1172554544
00:0F:34:9D:02:00;UniversityOfWashingtonCSE";-75;1172554545
00:0F:34:9D:02:20;UniversityOfWashingtonCSE";-55;1172554545
00:0F:24:DC:B7:B0;UniversityOfWashingtonCSE";-58;1172554545
00:0F:24:DE:10:B0;UniversityOfWashingtonCSE";-39;1172554545
00:0F:24:DE:11:50;UniversityOfWashingtonCSE";-79;1172554545
00:0F:24:DC:B7:A0;UniversityOfWashingtonCSE";-60;1172554545
00:60:B3:8C:33:45;EE";-62;1172554545
00:0F:34:9D:06:30;UniversityOfWashingtonCSE";-64;1172554545
00:0F:34:9C:FE:70;UniversityOfWashingtonCSE";-74;1172554545
00:60:B3:80:AF:DC;EE";-77;1172554545
00:0F:34:9D:02:00;UniversityOfWashingtonCSE";-75;1172554546
00:0F:34:9D:02:20;UniversityOfWashingtonCSE";-54;1172554546
00:0F:24:DC:B7:B0;UniversityOfWashingtonCSE";-58;1172554546
00:0F:24:DE:10:B0;UniversityOfWashingtonCSE";-39;1172554546
00:0F:24:DE:11:50;UniversityOfWashingtonCSE";-79;1172554546
00:0F:24:DC:B7:A0;UniversityOfWashingtonCSE";-60;1172554546
00:60:B3:8C:33:45;EE";-62;1172554546
00:0F:34:9D:06:30;UniversityOfWashingtonCSE";-64;1172554546
00:0F:34:9C:FE:70;UniversityOfWashingtonCSE";-74;1172554546
00:60:B3:80:AF:DC;EE";-77;1172554546
00:0F:34:9D:02:00;UniversityOfWashingtonCSE";-75;1172554547
00:0F:34:9D:02:20;UniversityOfWashingtonCSE";-54;1172554547
00:0F:24:DC:B7:B0;UniversityOfWashingtonCSE";-58;1172554547
00:0F:24:DE:10:B0;UniversityOfWashingtonCSE";-40;1172554547
00:0F:24:DE:11:50;UniversityOfWashingtonCSE";-79;1172554547
00:0F:24:DC:B7:A0;UniversityOfWashingtonCSE";-55;1172554547
00:60:B3:8C:33:45;EE";-64;1172554547
00:0F:34:9D:06:30;UniversityOfWashingtonCSE";-64;1172554547
00:0F:34:9C:FE:70;UniversityOfWashingtonCSE";-74;1172554547
00:60:B3:80:AF:DC;EE";-80;1172554547
00:0F:34:9D:02:00;UniversityOfWashingtonCSE";-75;1172554548
00:0F:34:9D:02:20;UniversityOfWashingtonCSE";-55;1172554548
00:0F:24:DC:B7:B0;UniversityOfWashingtonCSE";-49;1172554548
00:0F:24:DE:10:B0;UniversityOfWashingtonCSE";-41;1172554548
00:0F:24:DE:11:50;UniversityOfWashingtonCSE";-79;1172554548
00:0F:24:DC:B7:A0;UniversityOfWashingtonCSE";-64;1172554548
00:60:B3:8C:33:45;EE";-67;1172554548
00:0F:34:9D:06:30;UniversityOfWashingtonCSE";-61;1172554548
00:0F:34:9C:FE:70;UniversityOfWashingtonCSE";-74;1172554548
00:60:B3:80:AF:DC;EE";-80;1172554548
00:0F:34:9D:02:00;UniversityOfWashingtonCSE";-76;1172554549
00:0F:34:9D:02:20;UniversityOfWashingtonCSE";-54;1172554549
00:0F:24:DC:B7:B0;UniversityOfWashingtonCSE";-51;1172554549
00:0F:24:DE:10:B0;UniversityOfWashingtonCSE";-41;1172554549
00:0F:24:DE:11:50;UniversityOfWashingtonCSE";-79;1172554549
00:0F:24:DC:B7:A0;UniversityOfWashingtonCSE";-64;1172554549
00:60:B3:8C:33:45;EE";-67;1172554549
00:0F:34:9D:06:30;UniversityOfWashingtonCSE";-66;1172554549
00:0F:34:9C:FE:70;UniversityOfWashingtonCSE";-74;1172554549
00:60:B3:80:AF:DC;EE";-80;1172554549
00:0F:34:9D:02:00;UniversityOfWashingtonCSE";-76;1172554550
00:0F:34:9D:02:20;UniversityOfWashingtonCSE";-54;1172554550
00:0F:24:DC:B7:B0;UniversityOfWashingtonCSE";-51;1172554550
00:0F:24:DE:10:B0;UniversityOfWashingtonCSE";-41;1172554550
00:0F:24:DE:11:50;UniversityOfWashingtonCSE";-79;1172554550
00:0F:24:DC:B7:A0;UniversityOfWashingtonCSE";-64;1172554550
00:60:B3:8C:33:45;EE";-67;1172554550
00:0F:34:9D:06:30;UniversityOfWashingtonCSE";-66;1172554550
00:0F:34:9C:FE:70;UniversityOfWashingtonCSE";-74;1172554550
00:60:B3:80:AF:DC;EE";-80;1172554550
00:0F:34:9D:02:00;UniversityOfWashingtonCSE";-76;1172554551
00:0F:34:9D:02:20;UniversityOfWashingtonCSE";-54;1172554551
00:0F:24:DC:B7:B0;UniversityOfWashingtonCSE";-51;1172554551
00:0F:24:DE:10:B0;UniversityOfWashingtonCSE";-41;1172554551
00:0F:24:DE:11:50;UniversityOfWashingtonCSE";-79;1172554551
00:0F:24:DC:B7:A0;UniversityOfWashingtonCSE";-55;1172554551
00:60:B3:8C:33:45;EE";-66;1172554551
00:0F:34:9D:06:30;UniversityOfWashingtonCSE";-61;1172554551
00:0F:34:9C:FE:70;UniversityOfWashingtonCSE";-74;1172554551
00:60:B3:80:AF:DC;EE";-78;1172554551
00:0F:34:9D:02:00;UniversityOfWashingtonCSE";-76;1172554551
00:0F:34:9D:02:20;UniversityOfWashingtonCSE";-56;1172554552
00:0F:24:DC:B7:B0;UniversityOfWashingtonCSE";-48;1172554552
00:0F:24:DE:10:B0;UniversityOfWashingtonCSE";-42;1172554552
00:0F:24:DE:11:50;UniversityOfWashingtonCSE";-79;1172554552
00:0F:24:DC:B7:A0;UniversityOfWashingtonCSE";-55;1172554552
00:60:B3:8C:33:45;EE";-64;1172554552
00:0F:34:9D:06:30;UniversityOfWashingtonCSE";-61;1172554552
00:0F:34:9C:FE:70;UniversityOfWashingtonCSE";-74;1172554552
00:60:B3:80:AF:DC;EE";-78;1172554552
00:0F:34:9D:02:00;UniversityOfWashingtonCSE";-74;1172554552
00:0F:34:9D:02:20;UniversityOfWashingtonCSE";-54;1172554552
00:0F:24:DC:B7:B0;UniversityOfWashingtonCSE";-47;1172554553
00:0F:24:DE:10:B0;UniversityOfWashingtonCSE";-42;1172554553
00:0F:24:DE:11:50;UniversityOfWashingtonCSE";-79;1172554553
00:0F:24:DC:B7:A0;UniversityOfWashingtonCSE";-55;1172554553
00:60:B3:8C:33:45;EE";-64;1172554553
00:0F:34:9D:06:30;UniversityOfWashingtonCSE";-61;1172554553
00:0F:34:9C:FE:70;UniversityOfWashingtonCSE";-75;1172554553
00:60:B3:80:AF:DC;EE";-78;1172554553
00:0F:34:9D:02:00;UniversityOfWashingtonCSE";-74;1172554553
00:0F:34:9D:02:20;UniversityOfWashingtonCSE";-55;1172554553
00:0F:24:DC:B7:B0;UniversityOfWashingtonCSE";-47;1172554553
00:0F:24:DE:10:B0;UniversityOfWashingtonCSE";-41;1172554553
00:0F:24:DE:11:50;UniversityOfWashingtonCSE";-79;1172554554
00:0F:24:DC:B7:A0;UniversityOfWashingtonCSE";-55;1172554554
00:60:B3:8C:33:45;EE";-64;1172554554
00:0F:34:9D:06:30;UniversityOfWashingtonCSE";-61;1172554554
00:0F:34:9C:FE:70;UniversityOfWashingtonCSE";-75;1172554554
00:60:B3:80:AF:DC;EE";-78;1172554554
00:0F:34:9D:02:00;UniversityOfWashingtonCSE";-74;1172554554
00:0F:34:9D:02:20;UniversityOfWashingtonCSE";-53;1172554554
00:0F:24:DC:B7:B0;UniversityOfWashingtonCSE";-48;1172554554
00:0F:24:DE:10:B0;UniversityOfWashingtonCSE";-41;1172554554
00:0F:24:DE:11:50;UniversityOfWashingtonCSE";-79;1172554554
00:0F:24:DC:B7:A0;UniversityOfWashingtonCSE";-55;1172554554
00:60:B3:8C:33:45;EE";-64;1172554554
00:0F:34:9D:06:30;UniversityOfWashingtonCSE";-61;1172554555
00:0F:34:9C:FE:70;UniversityOfWashingtonCSE";-75;1172554555
00:60:B3:80:AF:DC;EE";-78;1172554555
00:0F:34:9D:02:00;UniversityOfWashingtonCSE";-74;1172554555
00:0F:34:9D:02:20;UniversityOfWashingtonCSE";-53;1172554555
00:0F:24:DC:B7:B0;UniversityOfWashingtonCSE";-48;1172554555
00:0F:24:DE:10:B0;UniversityOfWashingtonCSE";-42;1172554555
00:0F:24:DE:11:50;UniversityOfWashingtonCSE";-79;1172554555
00:0F:24:DC:B7:A0;UniversityOfWashingtonCSE";-56;1172554555
00:60:B3:8C:33:45;EE";-63;1172554555
00:0F:34:9D:06:30;UniversityOfWashingtonCSE";-62;1172554555
00:0F:34:9C:FE:70;UniversityOfWashingtonCSE";-75;1172554555
00:60:B3:80:AF:DC;EE";-78;1172554555
00:0F:34:9D:02:00;UniversityOfWashingtonCSE";-78;1172554556
00:0F:34:9D:02:20;UniversityOfWashingtonCSE";-55;1172554556
00:0F:24:DC:B7:B0;UniversityOfWashingtonCSE";-57;1172554556
00:0F:24:DE:10:B0;UniversityOfWashingtonCSE";-41;1172554556
00:0F:24:DE:11:50;UniversityOfWashingtonCSE";-79;1172554556
00:0F:24:DC:B7:A0;UniversityOfWashingtonCSE";-56;1172554556
00:60:B3:8C:33:45;EE";-63;1172554556
00:0F:34:9D:06:30;UniversityOfWashingtonCSE";-62;1172554556
00:0F:34:9C:FE:70;UniversityOfWashingtonCSE";-75;1172554556
00:60:B3:80:AF:DC;EE";-78;1172554556
00:0F:34:9D:02:00;UniversityOfWashingtonCSE";-78;1172554557
00:0F:34:9D:02:20;UniversityOfWashingtonCSE";-55;1172554557
00:0F:24:DC:B7:B0;UniversityOfWashingtonCSE";-53;1172554557
00:0F:24:DE:10:B0;UniversityOfWashingtonCSE";-43;1172554557
00:0F:24:DE:11:50;UniversityOfWashingtonCSE";-79;1172554557
00:0F:24:DC:B7:A0;UniversityOfWashingtonCSE";-63;1172554557
00:60:B3:8C:33:45;EE";-61;1172554557
00:0F:34:9D:06:30;UniversityOfWashingtonCSE";-65;1172554557
00:0F:34:9C:FE:70;UniversityOfWashingtonCSE";-72;1172554557
00:60:B3:80:AF:DC;EE";-78;1172554557
