00:0F:34:9D:02:20;UniversityOfWashingtonCSE";-55;1172551550
00:0F:24:DC:B7:B0;UniversityOfWashingtonCSE";-53;1172551550
00:0F:24:DE:10:B0;UniversityOfWashingtonCSE";-37;1172551550
00:0F:24:DE:11:50;UniversityOfWashingtonCSE";-79;1172551550
00:0F:24:DC:B7:A0;UniversityOfWashingtonCSE";-58;1172551550
00:60:B3:8C:33:45;EE";-67;1172551550
00:0F:34:9D:06:30;UniversityOfWashingtonCSE";-60;1172551550
00:0F:34:9D:02:00;UniversityOfWashingtonCSE";-79;1172551550
00:0F:34:9D:02:20;UniversityOfWashingtonCSE";-56;1172551550
00:0F:24:DC:B7:B0;UniversityOfWashingtonCSE";-55;1172551550
00:0F:24:DE:10:B0;UniversityOfWashingtonCSE";-38;1172551550
00:0F:24:DE:11:50;UniversityOfWashingtonCSE";-79;1172551550
00:0F:24:DC:B7:A0;UniversityOfWashingtonCSE";-58;1172551550
00:60:B3:8C:33:45;EE";-67;1172551550
00:0F:34:9D:06:30;UniversityOfWashingtonCSE";-60;1172551550
00:0F:34:9D:02:00;UniversityOfWashingtonCSE";-79;1172551551
00:0F:34:9D:02:20;UniversityOfWashingtonCSE";-55;1172551551
00:0F:24:DC:B7:B0;UniversityOfWashingtonCSE";-54;1172551551
00:0F:24:DE:10:B0;UniversityOfWashingtonCSE";-38;1172551551
00:0F:24:DE:11:50;UniversityOfWashingtonCSE";-79;1172551551
00:0F:24:DC:B7:A0;UniversityOfWashingtonCSE";-58;1172551551
00:60:B3:8C:33:45;EE";-64;1172551551
00:0F:34:9D:06:30;UniversityOfWashingtonCSE";-67;1172551551
00:0F:34:9D:02:00;UniversityOfWashingtonCSE";-78;1172551552
00:0F:34:9D:02:20;UniversityOfWashingtonCSE";-56;1172551552
00:0F:24:DC:B7:B0;UniversityOfWashingtonCSE";-54;1172551552
00:0F:24:DE:10:B0;UniversityOfWashingtonCSE";-37;1172551552
00:0F:24:DE:11:50;UniversityOfWashingtonCSE";-79;1172551552
00:0F:24:DC:B7:A0;UniversityOfWashingtonCSE";-62;1172551552
00:60:B3:8C:33:45;EE";-64;1172551552
00:0F:34:9D:06:30;UniversityOfWashingtonCSE";-67;1172551552
00:0F:34:9C:FE:70;UniversityOfWashingtonCSE";-73;1172551552
00:0F:34:9D:02:00;UniversityOfWashingtonCSE";-78;1172551553
00:0F:34:9D:02:20;UniversityOfWashingtonCSE";-58;1172551553
00:0F:24:DC:B7:B0;UniversityOfWashingtonCSE";-53;1172551553
00:0F:24:DE:10:B0;UniversityOfWashingtonCSE";-37;1172551553
00:0F:24:DE:11:50;UniversityOfWashingtonCSE";-79;1172551553
00:0F:24:DC:B7:A0;UniversityOfWashingtonCSE";-61;1172551553
00:60:B3:8C:33:45;EE";-67;1172551553
00:0F:34:9D:06:30;UniversityOfWashingtonCSE";-67;1172551553
00:0F:34:9C:FE:70;UniversityOfWashingtonCSE";-73;1172551553
00:0F:34:9D:02:00;UniversityOfWashingtonCSE";-78;1172551554
00:0F:34:9D:02:20;UniversityOfWashingtonCSE";-58;1172551554
00:0F:24:DC:B7:B0;UniversityOfWashingtonCSE";-53;1172551554
00:0F:24:DE:10:B0;UniversityOfWashingtonCSE";-37;1172551554
00:0F:24:DE:11:50;UniversityOfWashingtonCSE";-79;1172551554
00:0F:24:DC:B7:A0;UniversityOfWashingtonCSE";-61;1172551554
00:60:B3:8C:33:45;EE";-67;1172551554
00:0F:34:9D:06:30;UniversityOfWashingtonCSE";-67;1172551554
00:0F:34:9C:FE:70;UniversityOfWashingtonCSE";-73;1172551554
00:0F:34:9D:02:00;UniversityOfWashingtonCSE";-78;1172551554
00:0F:34:9D:02:20;UniversityOfWashingtonCSE";-58;1172551554
00:0F:24:DC:B7:B0;UniversityOfWashingtonCSE";-53;1172551554
00:0F:24:DE:10:B0;UniversityOfWashingtonCSE";-39;1172551554
00:0F:24:DE:11:50;UniversityOfWashingtonCSE";-79;1172551554
00:0F:24:DC:B7:A0;UniversityOfWashingtonCSE";-55;1172551554
00:60:B3:8C:33:45;EE";-61;1172551554
00:0F:34:9D:06:30;UniversityOfWashingtonCSE";-66;1172551554
00:0F:34:9C:FE:70;UniversityOfWashingtonCSE";-73;1172551554
00:0F:34:9D:02:00;UniversityOfWashingtonCSE";-77;1172551555
00:0F:34:9D:02:20;UniversityOfWashingtonCSE";-58;1172551555
00:0F:24:DC:B7:B0;UniversityOfWashingtonCSE";-52;1172551555
00:0F:24:DE:10:B0;UniversityOfWashingtonCSE";-38;1172551555
00:0F:24:DE:11:50;UniversityOfWashingtonCSE";-79;1172551555
00:0F:24:DC:B7:A0;UniversityOfWashingtonCSE";-57;1172551555
00:60:B3:8C:33:45;EE";-65;1172551555
00:0F:34:9D:06:30;UniversityOfWashingtonCSE";-62;1172551555
00:0F:34:9C:FE:70;UniversityOfWashingtonCSE";-73;1172551555
00:0F:34:9D:02:00;UniversityOfWashingtonCSE";-77;1172551556
00:0F:34:9D:02:20;UniversityOfWashingtonCSE";-59;1172551556
00:0F:24:DC:B7:B0;UniversityOfWashingtonCSE";-52;1172551556
00:0F:24:DE:10:B0;UniversityOfWashingtonCSE";-37;1172551556
00:0F:24:DE:11:50;UniversityOfWashingtonCSE";-79;1172551556
00:0F:24:DC:B7:A0;UniversityOfWashingtonCSE";-57;1172551556
00:60:B3:8C:33:45;EE";-63;1172551556
00:0F:34:9D:06:30;UniversityOfWashingtonCSE";-62;1172551556
00:0F:34:9C:FE:70;UniversityOfWashingtonCSE";-73;1172551556
00:0F:34:9D:02:00;UniversityOfWashingtonCSE";-78;1172551557
00:0F:34:9D:02:20;UniversityOfWashingtonCSE";-55;1172551557
00:0F:24:DC:B7:B0;UniversityOfWashingtonCSE";-54;1172551557
00:0F:24:DE:10:B0;UniversityOfWashingtonCSE";-38;1172551557
00:0F:24:DE:11:50;UniversityOfWashingtonCSE";-79;1172551557
00:0F:24:DC:B7:A0;UniversityOfWashingtonCSE";-57;1172551557
00:60:B3:8C:33:45;EE";-65;1172551557
00:0F:34:9D:06:30;UniversityOfWashingtonCSE";-69;1172551557
00:0F:34:9C:FE:70;UniversityOfWashingtonCSE";-70;1172551557
00:0F:34:9D:05:00;UniversityOfWashingtonCSE";-73;1172551557
