00:0F:B3:42:41:45;PRD";-73;1172639164
00:0F:66:BA:83:18;linksys";-56;1172639164
00:14:BF:17:02:AB;linksys-coolerthanyou";-46;1172639164
00:0F:B3:42:41:45;PRD";-73;1172639165
00:0F:66:BA:83:18;linksys";-56;1172639165
00:14:BF:17:02:AB;linksys-coolerthanyou";-38;1172639165
00:14:6C:03:01:04;KPK";-58;1172639165
00:0F:B3:42:41:45;PRD";-73;1172639166
00:0F:66:BA:83:18;linksys";-58;1172639166
00:14:BF:17:02:AB;linksys-coolerthanyou";-38;1172639166
00:14:6C:03:01:04;KPK";-61;1172639167
00:0F:B3:42:41:45;PRD";-73;1172639168
00:0F:66:BA:83:18;linksys";-58;1172639168
00:14:BF:17:02:AB;linksys-coolerthanyou";-38;1172639168
00:14:6C:03:01:04;KPK";-61;1172639168
00:0F:B3:42:41:45;PRD";-74;1172639169
00:0F:66:BA:83:18;linksys";-57;1172639169
00:14:BF:17:02:AB;linksys-coolerthanyou";-39;1172639169
00:14:6C:03:01:04;KPK";-75;1172639169
00:0F:B3:42:41:45;PRD";-74;1172639170
00:0F:66:BA:83:18;linksys";-56;1172639170
00:14:BF:17:02:AB;linksys-coolerthanyou";-42;1172639170
00:14:6C:03:01:04;KPK";-76;1172639170
00:0F:B3:42:41:45;PRD";-71;1172639171
00:0F:66:BA:83:18;linksys";-61;1172639171
00:14:BF:17:02:AB;linksys-coolerthanyou";-39;1172639171
00:12:17:A2:89:9C;Granddaddy";-82;1172639171
00:14:6C:03:01:04;KPK";-76;1172639172
00:0F:B3:42:41:45;PRD";-72;1172639173
00:0F:66:BA:83:18;linksys";-61;1172639173
00:14:BF:17:02:AB;linksys-coolerthanyou";-39;1172639173
00:12:17:A2:89:9C;Granddaddy";-82;1172639173
00:14:6C:03:01:04;KPK";-76;1172639173
00:0F:B3:42:41:45;PRD";-72;1172639174
00:0F:66:BA:83:18;linksys";-55;1172639174
00:14:BF:17:02:AB;linksys-coolerthanyou";-37;1172639174
00:12:17:A2:89:9C;Granddaddy";-82;1172639174
00:14:6C:03:01:04;KPK";-76;1172639174
00:14:BF:29:28:EA;linksys";-85;1172639174
00:0F:B3:42:41:45;PRD";-71;1172639175
00:0F:66:BA:83:18;linksys";-62;1172639175
00:14:BF:17:02:AB;linksys-coolerthanyou";-39;1172639176
00:12:17:A2:89:9C;Granddaddy";-82;1172639176
00:14:6C:03:01:04;KPK";-76;1172639176
00:14:BF:29:28:EA;linksys";-85;1172639176
00:0F:B3:42:41:45;PRD";-72;1172639177
00:0F:66:BA:83:18;linksys";-53;1172639177
00:14:BF:17:02:AB;linksys-coolerthanyou";-39;1172639177
00:12:17:A2:89:9C;Granddaddy";-82;1172639177
00:14:6C:03:01:04;KPK";-74;1172639177
00:14:BF:29:28:EA;linksys";-85;1172639177
00:0F:B3:42:41:45;PRD";-72;1172639178
00:0F:66:BA:83:18;linksys";-53;1172639178
00:14:BF:17:02:AB;linksys-coolerthanyou";-39;1172639178
00:12:17:A2:89:9C;Granddaddy";-82;1172639178
00:14:6C:03:01:04;KPK";-74;1172639178
00:14:BF:29:28:EA;linksys";-85;1172639178
00:0F:B3:42:41:45;PRD";-72;1172639179
00:0F:66:BA:83:18;linksys";-53;1172639179
00:14:BF:17:02:AB;linksys-coolerthanyou";-39;1172639180
00:12:17:A2:89:9C;Granddaddy";-82;1172639180
00:14:6C:03:01:04;KPK";-74;1172639180
00:14:BF:29:28:EA;linksys";-85;1172639180
00:0F:B3:42:41:45;PRD";-72;1172639181
00:0F:66:BA:83:18;linksys";-53;1172639181
00:14:BF:17:02:AB;linksys-coolerthanyou";-39;1172639181
00:12:17:A2:89:9C;Granddaddy";-82;1172639181
00:14:6C:03:01:04;KPK";-74;1172639181
00:14:BF:29:28:EA;linksys";-85;1172639181
00:0F:B3:42:41:45;PRD";-72;1172639182
00:0F:66:BA:83:18;linksys";-54;1172639182
00:14:BF:17:02:AB;linksys-coolerthanyou";-39;1172639182
00:12:17:A2:89:9C;Granddaddy";-82;1172639182
00:14:6C:03:01:04;KPK";-73;1172639182
00:14:BF:29:28:EA;linksys";-85;1172639182
00:0F:B3:42:41:45;PRD";-73;1172639183
00:0F:66:BA:83:18;linksys";-54;1172639183
00:14:BF:17:02:AB;linksys-coolerthanyou";-39;1172639183
00:12:17:A2:89:9C;Granddaddy";-82;1172639183
00:14:6C:03:01:04;KPK";-71;1172639184
00:14:BF:29:28:EA;linksys";-85;1172639184
00:0F:B3:42:41:45;PRD";-73;1172639185
00:0F:66:BA:83:18;linksys";-60;1172639185
00:14:BF:17:02:AB;linksys-coolerthanyou";-40;1172639185
00:12:17:A2:89:9C;Granddaddy";-82;1172639185
00:14:6C:03:01:04;KPK";-71;1172639185
00:14:BF:29:28:EA;linksys";-85;1172639185
00:0F:B3:42:41:45;PRD";-73;1172639186
00:0F:66:BA:83:18;linksys";-54;1172639186
00:14:BF:17:02:AB;linksys-coolerthanyou";-47;1172639186
00:12:17:A2:89:9C;Granddaddy";-82;1172639186
00:14:6C:03:01:04;KPK";-71;1172639186
00:14:BF:29:28:EA;linksys";-85;1172639186
00:0F:B3:42:41:45;PRD";-73;1172639187
00:0F:3D:5B:1D:20;dlink";-85;1172639187
00:0F:66:BA:83:18;linksys";-55;1172639187
00:14:BF:17:02:AB;linksys-coolerthanyou";-39;1172639187
00:14:6C:03:01:04;KPK";-73;1172639187
00:14:BF:29:28:EA;linksys";-85;1172639187
00:0F:B3:42:41:45;PRD";-72;1172639188
00:0F:3D:5B:1D:20;dlink";-85;1172639189
00:0F:66:BA:83:18;linksys";-55;1172639189
00:14:BF:17:02:AB;linksys-coolerthanyou";-38;1172639189
00:14:6C:03:01:04;KPK";-73;1172639189
00:14:BF:29:28:EA;linksys";-85;1172639189
00:0F:B3:42:41:45;PRD";-72;1172639190
00:0F:3D:5B:1D:20;dlink";-85;1172639190
00:0F:66:BA:83:18;linksys";-55;1172639190
00:14:BF:17:02:AB;linksys-coolerthanyou";-37;1172639190
00:14:6C:03:01:04;KPK";-73;1172639190
00:0F:B3:42:41:45;PRD";-72;1172639191
00:0F:3D:5B:1D:20;dlink";-85;1172639191
00:0F:66:BA:83:18;linksys";-54;1172639191
00:14:BF:17:02:AB;linksys-coolerthanyou";-47;1172639191
00:14:6C:03:01:04;KPK";-73;1172639191
00:0F:B3:42:41:45;PRD";-72;1172639192
00:0F:3D:5B:1D:20;dlink";-85;1172639192
00:0F:66:BA:83:18;linksys";-54;1172639192
00:14:BF:17:02:AB;linksys-coolerthanyou";-40;1172639192
00:14:6C:03:01:04;KPK";-73;1172639192
00:0F:B3:42:41:45;PRD";-72;1172639193
00:0F:3D:5B:1D:20;dlink";-85;1172639193
00:0F:66:BA:83:18;linksys";-52;1172639193
00:14:BF:17:02:AB;linksys-coolerthanyou";-39;1172639194
00:14:6C:03:01:04;KPK";-73;1172639194
00:0F:B3:42:41:45;PRD";-70;1172639195
00:0F:3D:5B:1D:20;dlink";-79;1172639195
00:0F:66:BA:83:18;linksys";-63;1172639195
00:14:BF:17:02:AB;linksys-coolerthanyou";-45;1172639195
00:14:6C:03:01:04;KPK";-73;1172639195
00:0F:B3:42:41:45;PRD";-72;1172639196
00:0F:3D:5B:1D:20;dlink";-79;1172639196
00:0F:66:BA:83:18;linksys";-63;1172639196
00:14:BF:17:02:AB;linksys-coolerthanyou";-39;1172639196
00:14:6C:03:01:04;KPK";-73;1172639196
00:0F:B3:42:41:45;PRD";-73;1172639197
00:0F:3D:5B:1D:20;dlink";-79;1172639197
00:0F:66:BA:83:18;linksys";-55;1172639197
00:14:BF:17:02:AB;linksys-coolerthanyou";-46;1172639197
00:14:6C:03:01:04;KPK";-73;1172639197
00:0F:B3:42:41:45;PRD";-72;1172639198
00:0F:3D:5B:1D:20;dlink";-79;1172639198
00:0F:66:BA:83:18;linksys";-55;1172639198
00:14:BF:17:02:AB;linksys-coolerthanyou";-40;1172639198
00:14:6C:03:01:04;KPK";-75;1172639198
00:0F:B3:42:41:45;PRD";-72;1172639199
00:0F:3D:5B:1D:20;dlink";-79;1172639199
00:0F:66:BA:83:18;linksys";-53;1172639200
00:14:BF:17:02:AB;linksys-coolerthanyou";-40;1172639200
00:14:6C:03:01:04;KPK";-75;1172639200
00:0F:B3:42:41:45;PRD";-71;1172639201
00:0F:3D:5B:1D:20;dlink";-79;1172639201
00:0F:66:BA:83:18;linksys";-62;1172639201
00:14:BF:17:02:AB;linksys-coolerthanyou";-43;1172639201
00:14:6C:03:01:04;KPK";-75;1172639201
00:0F:B3:42:41:45;PRD";-72;1172639202
00:0F:3D:5B:1D:20;dlink";-79;1172639202
00:0F:66:BA:83:18;linksys";-56;1172639202
00:14:BF:17:02:AB;linksys-coolerthanyou";-40;1172639202
00:14:6C:03:01:04;KPK";-73;1172639202
00:0F:B3:42:41:45;PRD";-72;1172639203
00:0F:3D:5B:1D:20;dlink";-79;1172639203
00:0F:66:BA:83:18;linksys";-73;1172639203
00:14:BF:17:02:AB;linksys-coolerthanyou";-45;1172639203
00:14:6C:03:01:04;KPK";-73;1172639203
00:0F:B3:42:41:45;PRD";-71;1172639204
00:0F:3D:5B:1D:20;dlink";-79;1172639204
00:0F:66:BA:83:18;linksys";-53;1172639204
00:14:BF:17:02:AB;linksys-coolerthanyou";-40;1172639204
00:14:6C:03:01:04;KPK";-73;1172639204
00:0F:B3:42:41:45;PRD";-71;1172639205
00:0F:3D:5B:1D:20;dlink";-79;1172639205
00:0F:66:BA:83:18;linksys";-53;1172639206
00:14:BF:17:02:AB;linksys-coolerthanyou";-40;1172639206
00:14:6C:03:01:04;KPK";-73;1172639206
00:0F:B3:42:41:45;PRD";-71;1172639207
00:0F:3D:5B:1D:20;dlink";-79;1172639207
00:0F:66:BA:83:18;linksys";-53;1172639207
00:14:BF:17:02:AB;linksys-coolerthanyou";-42;1172639207
00:14:6C:03:01:04;KPK";-73;1172639207
00:0F:B3:42:41:45;PRD";-70;1172639208
00:0F:3D:5B:1D:20;dlink";-79;1172639208
00:0F:66:BA:83:18;linksys";-55;1172639208
00:14:BF:17:02:AB;linksys-coolerthanyou";-46;1172639208
00:14:6C:03:01:04;KPK";-71;1172639208
00:0F:B3:42:41:45;PRD";-71;1172639209
00:0F:3D:5B:1D:20;dlink";-79;1172639209
00:0F:66:BA:83:18;linksys";-58;1172639209
00:14:BF:17:02:AB;linksys-coolerthanyou";-43;1172639209
00:14:6C:03:01:04;KPK";-71;1172639209
00:0F:B3:42:41:45;PRD";-71;1172639210
00:0F:3D:5B:1D:20;dlink";-79;1172639210
00:0F:66:BA:83:18;linksys";-58;1172639210
00:14:BF:17:02:AB;linksys-coolerthanyou";-42;1172639210
00:14:6C:03:01:04;KPK";-77;1172639210
00:0F:B3:42:41:45;PRD";-70;1172639211
00:0F:3D:5B:1D:20;dlink";-79;1172639211
00:0F:66:BA:83:18;linksys";-56;1172639212
00:14:BF:17:02:AB;linksys-coolerthanyou";-39;1172639212
00:14:6C:03:01:04;KPK";-77;1172639212
00:0F:B3:42:41:45;PRD";-70;1172639213
00:0F:66:BA:83:18;linksys";-55;1172639213
00:14:BF:17:02:AB;linksys-coolerthanyou";-41;1172639213
00:14:6C:03:01:04;KPK";-72;1172639213
00:0F:B3:42:41:45;PRD";-70;1172639214
00:0F:66:BA:83:18;linksys";-55;1172639214
00:14:BF:17:02:AB;linksys-coolerthanyou";-40;1172639214
00:14:6C:03:01:04;KPK";-72;1172639214
00:14:BF:29:28:EA;linksys";-80;1172639214
00:0F:B3:42:41:45;PRD";-74;1172639215
00:0F:66:BA:83:18;linksys";-60;1172639215
00:14:BF:17:02:AB;linksys-coolerthanyou";-42;1172639215
00:14:6C:03:01:04;KPK";-73;1172639215
00:14:BF:29:28:EA;linksys";-80;1172639215
00:0F:B3:42:41:45;PRD";-74;1172639216
00:0F:3D:5B:1D:20;dlink";-77;1172639216
00:0F:66:BA:83:18;linksys";-59;1172639216
00:14:BF:17:02:AB;linksys-coolerthanyou";-41;1172639216
00:14:6C:03:01:04;KPK";-73;1172639216
00:14:BF:29:28:EA;linksys";-80;1172639216
00:0F:B3:42:41:45;PRD";-72;1172639217
00:0F:3D:5B:1D:20;dlink";-77;1172639217
00:0F:66:BA:83:18;linksys";-56;1172639217
00:14:BF:17:02:AB;linksys-coolerthanyou";-39;1172639218
00:14:6C:03:01:04;KPK";-73;1172639218
00:14:BF:29:28:EA;linksys";-80;1172639218
00:0F:B3:42:41:45;PRD";-74;1172639219
00:0F:3D:5B:1D:20;dlink";-74;1172639219
00:0F:66:BA:83:18;linksys";-56;1172639219
00:14:BF:17:02:AB;linksys-coolerthanyou";-39;1172639219
00:14:6C:03:01:04;KPK";-73;1172639219
00:14:BF:29:28:EA;linksys";-80;1172639219
00:0F:B3:42:41:45;PRD";-71;1172639220
00:0F:3D:5B:1D:20;dlink";-74;1172639220
00:0F:66:BA:83:18;linksys";-56;1172639220
00:14:BF:17:02:AB;linksys-coolerthanyou";-38;1172639220
00:14:6C:03:01:04;KPK";-73;1172639220
00:14:BF:29:28:EA;linksys";-80;1172639220
00:0F:B3:42:41:45;PRD";-72;1172639221
00:0F:3D:5B:1D:20;dlink";-74;1172639221
00:0F:66:BA:83:18;linksys";-57;1172639221
00:14:BF:17:02:AB;linksys-coolerthanyou";-38;1172639221
00:14:6C:03:01:04;KPK";-80;1172639221
00:14:BF:29:28:EA;linksys";-80;1172639222
00:0F:B3:42:41:45;PRD";-70;1172639223
00:0F:3D:5B:1D:20;dlink";-74;1172639223
00:0F:66:BA:83:18;linksys";-63;1172639223
00:14:BF:17:02:AB;linksys-coolerthanyou";-39;1172639223
00:14:6C:03:01:04;KPK";-80;1172639223
00:14:BF:29:28:EA;linksys";-80;1172639223
00:0F:B3:42:41:45;PRD";-71;1172639224
00:0F:3D:5B:1D:20;dlink";-74;1172639224
00:0F:66:BA:83:18;linksys";-55;1172639224
00:14:BF:17:02:AB;linksys-coolerthanyou";-40;1172639224
00:14:6C:03:01:04;KPK";-80;1172639224
00:14:BF:29:28:EA;linksys";-80;1172639224
00:0F:B3:42:41:45;PRD";-71;1172639225
00:0F:3D:5B:1D:20;dlink";-74;1172639225
00:0F:66:BA:83:18;linksys";-56;1172639225
00:14:BF:17:02:AB;linksys-coolerthanyou";-39;1172639225
00:14:6C:03:01:04;KPK";-80;1172639225
00:14:BF:29:28:EA;linksys";-80;1172639225
00:0F:B3:42:41:45;PRD";-72;1172639226
00:0F:3D:5B:1D:20;dlink";-74;1172639227
00:0F:66:BA:83:18;linksys";-56;1172639227
00:14:BF:17:02:AB;linksys-coolerthanyou";-39;1172639227
00:14:6C:03:01:04;KPK";-80;1172639227
00:14:BF:29:28:EA;linksys";-80;1172639227
00:0F:B3:42:41:45;PRD";-70;1172639228
00:0F:3D:5B:1D:20;dlink";-74;1172639228
00:0F:66:BA:83:18;linksys";-56;1172639228
00:14:BF:17:02:AB;linksys-coolerthanyou";-39;1172639228
00:14:6C:03:01:04;KPK";-80;1172639228
00:14:BF:29:28:EA;linksys";-80;1172639228
00:0F:B3:42:41:45;PRD";-72;1172639229
00:0F:3D:5B:1D:20;dlink";-74;1172639229
00:0F:66:BA:83:18;linksys";-56;1172639229
00:14:BF:17:02:AB;linksys-coolerthanyou";-39;1172639229
00:14:6C:03:01:04;KPK";-80;1172639230
00:0F:B3:42:41:45;PRD";-72;1172639231
00:0F:3D:5B:1D:20;dlink";-74;1172639231
00:0F:66:BA:83:18;linksys";-63;1172639231
00:14:BF:17:02:AB;linksys-coolerthanyou";-42;1172639231
00:14:6C:03:01:04;KPK";-80;1172639231
00:0F:B3:42:41:45;PRD";-71;1172639232
00:0F:3D:5B:1D:20;dlink";-74;1172639232
00:0F:66:BA:83:18;linksys";-63;1172639232
00:14:BF:17:02:AB;linksys-coolerthanyou";-39;1172639232
00:14:6C:03:01:04;KPK";-80;1172639232
00:0F:B3:42:41:45;PRD";-71;1172639233
00:0F:3D:5B:1D:20;dlink";-74;1172639233
00:0F:66:BA:83:18;linksys";-55;1172639233
00:14:BF:17:02:AB;linksys-coolerthanyou";-39;1172639233
00:14:6C:03:01:04;KPK";-80;1172639233
00:0F:B3:42:41:45;PRD";-71;1172639234
00:0F:3D:5B:1D:20;dlink";-74;1172639235
00:0F:66:BA:83:18;linksys";-56;1172639235
00:14:BF:17:02:AB;linksys-coolerthanyou";-43;1172639235
00:14:6C:03:01:04;KPK";-80;1172639235
00:0F:B3:42:41:45;PRD";-72;1172639236
00:0F:3D:5B:1D:20;dlink";-74;1172639236
00:0F:66:BA:83:18;linksys";-54;1172639236
00:14:BF:17:02:AB;linksys-coolerthanyou";-39;1172639236
00:14:6C:03:01:04;KPK";-80;1172639236
00:0F:B3:42:41:45;PRD";-73;1172639237
00:0F:3D:5B:1D:20;dlink";-74;1172639237
00:0F:66:BA:83:18;linksys";-60;1172639237
00:14:BF:17:02:AB;linksys-coolerthanyou";-40;1172639237
00:0F:B3:42:41:45;PRD";-72;1172639238
00:0F:3D:5B:1D:20;dlink";-74;1172639239
00:0F:66:BA:83:18;linksys";-58;1172639239
00:14:BF:17:02:AB;linksys-coolerthanyou";-43;1172639239
00:0F:B3:42:41:45;PRD";-72;1172639240
00:0F:3D:5B:1D:20;dlink";-74;1172639240
00:0F:66:BA:83:18;linksys";-55;1172639240
00:14:BF:17:02:AB;linksys-coolerthanyou";-40;1172639240
00:0F:B3:42:41:45;PRD";-72;1172639241
00:0F:3D:5B:1D:20;dlink";-74;1172639241
00:0F:66:BA:83:18;linksys";-53;1172639241
00:14:BF:17:02:AB;linksys-coolerthanyou";-40;1172639241
00:0F:B3:42:41:45;PRD";-74;1172639242
00:0F:3D:5B:1D:20;dlink";-74;1172639242
00:0F:66:BA:83:18;linksys";-56;1172639242
00:14:BF:17:02:AB;linksys-coolerthanyou";-46;1172639242
00:14:6C:03:01:04;KPK";-59;1172639242
00:0F:B3:42:41:45;PRD";-72;1172639243
00:0F:3D:5B:1D:20;dlink";-74;1172639244
00:0F:66:BA:83:18;linksys";-54;1172639244
00:14:BF:17:02:AB;linksys-coolerthanyou";-37;1172639244
00:14:6C:03:01:04;KPK";-59;1172639244
00:0F:B3:42:41:45;PRD";-72;1172639245
00:0F:3D:5B:1D:20;dlink";-74;1172639245
00:0F:66:BA:83:18;linksys";-54;1172639245
00:14:BF:17:02:AB;linksys-coolerthanyou";-41;1172639245
00:14:6C:03:01:04;KPK";-70;1172639245
00:0F:B3:42:41:45;PRD";-73;1172639246
00:0F:3D:5B:1D:20;dlink";-74;1172639246
00:0F:66:BA:83:18;linksys";-55;1172639247
00:14:BF:17:02:AB;linksys-coolerthanyou";-39;1172639247
00:14:6C:03:01:04;KPK";-70;1172639247
00:0F:B3:42:41:45;PRD";-73;1172639248
00:0F:3D:5B:1D:20;dlink";-74;1172639248
00:0F:66:BA:83:18;linksys";-56;1172639248
00:14:BF:17:02:AB;linksys-coolerthanyou";-39;1172639248
00:14:6C:03:01:04;KPK";-79;1172639248
00:0F:B3:42:41:45;PRD";-71;1172639249
00:0F:3D:5B:1D:20;dlink";-74;1172639249
00:0F:66:BA:83:18;linksys";-56;1172639249
00:14:BF:17:02:AB;linksys-coolerthanyou";-38;1172639249
00:14:6C:03:01:04;KPK";-79;1172639249
00:0F:B3:42:41:45;PRD";-72;1172639250
00:0F:66:BA:83:18;linksys";-59;1172639250
00:14:BF:17:02:AB;linksys-coolerthanyou";-38;1172639250
00:14:6C:03:01:04;KPK";-69;1172639250
00:0F:B3:42:41:45;PRD";-72;1172639251
00:0F:66:BA:83:18;linksys";-59;1172639251
00:14:BF:17:02:AB;linksys-coolerthanyou";-39;1172639252
00:14:6C:03:01:04;KPK";-80;1172639252
00:0F:B3:42:41:45;PRD";-72;1172639253
00:0F:66:BA:83:18;linksys";-54;1172639253
00:14:BF:17:02:AB;linksys-coolerthanyou";-39;1172639253
00:14:6C:03:01:04;KPK";-80;1172639253
00:16:B6:25:DC:CD;5626";-81;1172639253
00:0F:B3:42:41:45;PRD";-72;1172639254
00:0F:66:BA:83:18;linksys";-54;1172639254
00:14:BF:17:02:AB;linksys-coolerthanyou";-39;1172639254
00:14:6C:03:01:04;KPK";-80;1172639254
00:16:B6:25:DC:CD;5626";-81;1172639254
00:0F:B3:42:41:45;PRD";-68;1172639255
00:0F:66:BA:83:18;linksys";-54;1172639255
00:14:BF:17:02:AB;linksys-coolerthanyou";-39;1172639255
00:14:6C:03:01:04;KPK";-80;1172639255
00:16:B6:25:DC:CD;5626";-81;1172639255
00:14:BF:29:28:EA;linksys";-83;1172639255
00:0F:B3:42:41:45;PRD";-68;1172639256
00:0F:66:BA:83:18;linksys";-58;1172639257
00:14:BF:17:02:AB;linksys-coolerthanyou";-40;1172639257
00:14:6C:03:01:04;KPK";-80;1172639257
00:16:B6:25:DC:CD;5626";-81;1172639257
00:14:BF:29:28:EA;linksys";-83;1172639257
00:0F:B3:42:41:45;PRD";-73;1172639258
00:0F:66:BA:83:18;linksys";-58;1172639258
00:14:BF:17:02:AB;linksys-coolerthanyou";-40;1172639258
00:14:6C:03:01:04;KPK";-80;1172639258
00:16:B6:25:DC:CD;5626";-81;1172639258
00:14:BF:29:28:EA;linksys";-83;1172639258
00:0F:B3:42:41:45;PRD";-71;1172639259
00:0F:66:BA:83:18;linksys";-58;1172639259
00:14:BF:17:02:AB;linksys-coolerthanyou";-39;1172639259
00:14:6C:03:01:04;KPK";-80;1172639259
00:16:B6:25:DC:CD;5626";-81;1172639259
00:14:BF:29:28:EA;linksys";-83;1172639260
00:0F:B3:42:41:45;PRD";-72;1172639261
00:0F:66:BA:83:18;linksys";-54;1172639261
00:14:BF:17:02:AB;linksys-coolerthanyou";-41;1172639261
00:14:6C:03:01:04;KPK";-80;1172639261
00:16:B6:25:DC:CD;5626";-81;1172639261
00:14:BF:29:28:EA;linksys";-83;1172639261
00:0F:B3:42:41:45;PRD";-71;1172639262
00:0F:66:BA:83:18;linksys";-53;1172639262
00:14:BF:17:02:AB;linksys-coolerthanyou";-41;1172639262
00:14:6C:03:01:04;KPK";-80;1172639262
00:16:B6:25:DC:CD;5626";-81;1172639262
00:14:BF:29:28:EA;linksys";-83;1172639263
00:0F:B3:42:41:45;PRD";-72;1172639263
00:0F:66:BA:83:18;linksys";-55;1172639264
00:14:BF:17:02:AB;linksys-coolerthanyou";-41;1172639264
00:14:6C:03:01:04;KPK";-80;1172639264
00:16:B6:25:DC:CD;5626";-81;1172639264
00:14:BF:29:28:EA;linksys";-83;1172639264
00:0F:B3:42:41:45;PRD";-72;1172639265
00:0F:66:BA:83:18;linksys";-53;1172639265
00:14:BF:17:02:AB;linksys-coolerthanyou";-39;1172639265
00:14:6C:03:01:04;KPK";-80;1172639265
00:16:B6:25:DC:CD;5626";-81;1172639265
00:14:BF:29:28:EA;linksys";-83;1172639265
00:0F:B3:42:41:45;PRD";-73;1172639266
00:0F:66:BA:83:18;linksys";-53;1172639266
00:14:BF:17:02:AB;linksys-coolerthanyou";-39;1172639266
00:14:6C:03:01:04;KPK";-80;1172639266
00:16:B6:25:DC:CD;5626";-81;1172639266
00:14:BF:29:28:EA;linksys";-83;1172639266
00:0F:B3:42:41:45;PRD";-72;1172639267
00:0F:66:BA:83:18;linksys";-56;1172639267
00:14:BF:17:02:AB;linksys-coolerthanyou";-43;1172639267
00:14:6C:03:01:04;KPK";-80;1172639268
00:16:B6:25:DC:CD;5626";-81;1172639268
00:14:BF:29:28:EA;linksys";-83;1172639268
00:0F:B3:42:41:45;PRD";-74;1172639269
00:0F:66:BA:83:18;linksys";-56;1172639269
00:14:BF:17:02:AB;linksys-coolerthanyou";-44;1172639269
00:14:6C:03:01:04;KPK";-80;1172639269
00:14:BF:29:28:EA;linksys";-83;1172639269
00:0F:B3:42:41:45;PRD";-74;1172639270
00:0F:66:BA:83:18;linksys";-56;1172639270
00:14:BF:17:02:AB;linksys-coolerthanyou";-47;1172639270
00:0F:B3:42:41:45;PRD";-74;1172639271
00:0F:66:BA:83:18;linksys";-56;1172639272
00:14:BF:17:02:AB;linksys-coolerthanyou";-40;1172639272
00:0F:B3:42:41:45;PRD";-74;1172639273
00:0F:66:BA:83:18;linksys";-56;1172639273
00:14:BF:17:02:AB;linksys-coolerthanyou";-38;1172639273
00:14:6C:03:01:04;KPK";-79;1172639273
00:0F:B3:42:41:45;PRD";-73;1172639274
00:0F:66:BA:83:18;linksys";-53;1172639274
00:14:BF:17:02:AB;linksys-coolerthanyou";-39;1172639274
00:14:6C:03:01:04;KPK";-79;1172639274
00:0F:B3:42:41:45;PRD";-74;1172639275
00:0F:66:BA:83:18;linksys";-53;1172639275
00:14:BF:17:02:AB;linksys-coolerthanyou";-41;1172639275
00:14:6C:03:01:04;KPK";-79;1172639275
00:0F:B3:42:41:45;PRD";-73;1172639276
00:0F:66:BA:83:18;linksys";-60;1172639277
00:14:BF:17:02:AB;linksys-coolerthanyou";-40;1172639277
00:14:6C:03:01:04;KPK";-79;1172639277
00:0F:B3:42:41:45;PRD";-73;1172639278
00:0F:66:BA:83:18;linksys";-55;1172639278
00:14:BF:17:02:AB;linksys-coolerthanyou";-42;1172639278
00:14:6C:03:01:04;KPK";-79;1172639278
00:0F:B3:42:41:45;PRD";-73;1172639279
00:0F:66:BA:83:18;linksys";-56;1172639279
00:14:BF:17:02:AB;linksys-coolerthanyou";-39;1172639279
00:14:6C:03:01:04;KPK";-79;1172639279
00:0F:B3:42:41:45;PRD";-73;1172639280
00:0F:66:BA:83:18;linksys";-57;1172639280
00:14:BF:17:02:AB;linksys-coolerthanyou";-38;1172639280
00:14:6C:03:01:04;KPK";-79;1172639280
00:0F:B3:42:41:45;PRD";-74;1172639281
00:0F:66:BA:83:18;linksys";-57;1172639281
00:14:BF:17:02:AB;linksys-coolerthanyou";-38;1172639282
00:14:6C:03:01:04;KPK";-79;1172639282
00:0F:B3:42:41:45;PRD";-74;1172639283
00:0F:66:BA:83:18;linksys";-55;1172639283
00:14:BF:17:02:AB;linksys-coolerthanyou";-42;1172639283
00:14:6C:03:01:04;KPK";-79;1172639283
00:0F:B3:42:41:45;PRD";-74;1172639284
00:0F:66:BA:83:18;linksys";-55;1172639284
00:14:BF:17:02:AB;linksys-coolerthanyou";-43;1172639284
00:14:6C:03:01:04;KPK";-79;1172639284
00:0F:B3:42:41:45;PRD";-74;1172639285
00:0F:66:BA:83:18;linksys";-55;1172639285
00:14:BF:17:02:AB;linksys-coolerthanyou";-40;1172639285
00:14:6C:03:01:04;KPK";-79;1172639285
00:0F:B3:42:41:45;PRD";-73;1172639286
00:0F:66:BA:83:18;linksys";-55;1172639286
00:14:BF:17:02:AB;linksys-coolerthanyou";-43;1172639286
00:14:6C:03:01:04;KPK";-79;1172639286
00:0F:B3:42:41:45;PRD";-73;1172639287
00:0F:66:BA:83:18;linksys";-56;1172639288
00:14:BF:17:02:AB;linksys-coolerthanyou";-43;1172639288
00:14:6C:03:01:04;KPK";-61;1172639288
00:0F:B3:42:41:45;PRD";-74;1172639289
00:0F:66:BA:83:18;linksys";-57;1172639289
00:14:BF:17:02:AB;linksys-coolerthanyou";-39;1172639289
00:14:6C:03:01:04;KPK";-61;1172639289
00:0F:B3:42:41:45;PRD";-74;1172639290
00:0F:66:BA:83:18;linksys";-57;1172639290
00:14:BF:17:02:AB;linksys-coolerthanyou";-39;1172639290
00:14:6C:03:01:04;KPK";-61;1172639290
00:0F:B3:42:41:45;PRD";-74;1172639291
00:0F:66:BA:83:18;linksys";-56;1172639291
00:14:BF:17:02:AB;linksys-coolerthanyou";-43;1172639291
00:14:6C:03:01:04;KPK";-70;1172639291
00:0F:B3:42:41:45;PRD";-75;1172639292
00:0F:66:BA:83:18;linksys";-56;1172639292
00:14:BF:17:02:AB;linksys-coolerthanyou";-40;1172639292
00:14:6C:03:01:04;KPK";-70;1172639292
00:0F:B3:42:41:45;PRD";-74;1172639293
00:0F:66:BA:83:18;linksys";-54;1172639293
00:14:BF:17:02:AB;linksys-coolerthanyou";-39;1172639294
00:14:6C:03:01:04;KPK";-70;1172639294
00:0F:B3:42:41:45;PRD";-75;1172639295
00:0F:66:BA:83:18;linksys";-55;1172639295
00:14:BF:17:02:AB;linksys-coolerthanyou";-39;1172639295
00:14:6C:03:01:04;KPK";-70;1172639295
00:0F:B3:42:41:45;PRD";-74;1172639296
00:0F:66:BA:83:18;linksys";-55;1172639296
00:14:BF:17:02:AB;linksys-coolerthanyou";-39;1172639296
00:14:6C:03:01:04;KPK";-81;1172639296
00:0F:B3:42:41:45;PRD";-74;1172639297
00:0F:66:BA:83:18;linksys";-54;1172639297
00:14:BF:17:02:AB;linksys-coolerthanyou";-41;1172639297
00:14:6C:03:01:04;KPK";-81;1172639297
00:0F:B3:42:41:45;PRD";-74;1172639298
00:0F:66:BA:83:18;linksys";-54;1172639298
00:14:BF:17:02:AB;linksys-coolerthanyou";-39;1172639298
00:14:6C:03:01:04;KPK";-81;1172639298
00:0F:B3:42:41:45;PRD";-75;1172639299
00:0F:66:BA:83:18;linksys";-58;1172639299
00:14:BF:17:02:AB;linksys-coolerthanyou";-39;1172639299
00:14:6C:03:01:04;KPK";-81;1172639299
00:0F:B3:42:41:45;PRD";-76;1172639300
00:0F:66:BA:83:18;linksys";-58;1172639300
00:14:BF:17:02:AB;linksys-coolerthanyou";-39;1172639301
00:14:6C:03:01:04;KPK";-81;1172639301
00:0F:B3:42:41:45;PRD";-76;1172639302
00:0F:66:BA:83:18;linksys";-57;1172639302
00:14:BF:17:02:AB;linksys-coolerthanyou";-39;1172639302
00:14:6C:03:01:04;KPK";-81;1172639302
00:0F:B3:42:41:45;PRD";-80;1172639303
00:0F:66:BA:83:18;linksys";-54;1172639303
00:14:BF:17:02:AB;linksys-coolerthanyou";-41;1172639303
00:14:6C:03:01:04;KPK";-81;1172639303
00:0F:B3:42:41:45;PRD";-72;1172639304
00:0F:66:BA:83:18;linksys";-55;1172639304
00:14:BF:17:02:AB;linksys-coolerthanyou";-39;1172639304
00:14:6C:03:01:04;KPK";-81;1172639304
00:0F:B3:42:41:45;PRD";-72;1172639305
00:0F:66:BA:83:18;linksys";-55;1172639305
00:14:BF:17:02:AB;linksys-coolerthanyou";-43;1172639305
00:12:17:A2:89:9C;Granddaddy";-84;1172639305
00:14:6C:03:01:04;KPK";-78;1172639305
00:0F:B3:42:41:45;PRD";-72;1172639306
00:0F:66:BA:83:18;linksys";-55;1172639306
00:14:BF:17:02:AB;linksys-coolerthanyou";-39;1172639306
00:12:17:A2:89:9C;Granddaddy";-84;1172639306
00:14:6C:03:01:04;KPK";-78;1172639306
00:0F:B3:42:41:45;PRD";-74;1172639307
00:0F:66:BA:83:18;linksys";-54;1172639307
00:14:BF:17:02:AB;linksys-coolerthanyou";-39;1172639308
00:12:17:A2:89:9C;Granddaddy";-84;1172639308
00:14:6C:03:01:04;KPK";-78;1172639308
00:0F:B3:42:41:45;PRD";-74;1172639309
00:0F:66:BA:83:18;linksys";-58;1172639309
00:14:BF:17:02:AB;linksys-coolerthanyou";-43;1172639309
00:12:17:A2:89:9C;Granddaddy";-84;1172639309
00:14:6C:03:01:04;KPK";-76;1172639309
00:0F:B3:42:41:45;PRD";-73;1172639310
00:0F:66:BA:83:18;linksys";-58;1172639310
00:14:BF:17:02:AB;linksys-coolerthanyou";-43;1172639310
00:12:17:A2:89:9C;Granddaddy";-84;1172639310
00:14:6C:03:01:04;KPK";-76;1172639310
00:0F:B3:42:41:45;PRD";-74;1172639311
00:0F:66:BA:83:18;linksys";-58;1172639311
00:14:BF:17:02:AB;linksys-coolerthanyou";-43;1172639311
00:12:17:A2:89:9C;Granddaddy";-84;1172639311
00:14:6C:03:01:04;KPK";-76;1172639311
00:0F:B3:42:41:45;PRD";-74;1172639312
00:0F:66:BA:83:18;linksys";-55;1172639312
00:14:BF:17:02:AB;linksys-coolerthanyou";-38;1172639312
00:12:17:A2:89:9C;Granddaddy";-84;1172639312
00:14:6C:03:01:04;KPK";-79;1172639312
00:0F:B3:42:41:45;PRD";-73;1172639313
00:0F:66:BA:83:18;linksys";-59;1172639313
00:14:BF:17:02:AB;linksys-coolerthanyou";-39;1172639314
00:12:17:A2:89:9C;Granddaddy";-84;1172639314
00:14:6C:03:01:04;KPK";-79;1172639314
00:0F:B3:42:41:45;PRD";-73;1172639315
00:0F:66:BA:83:18;linksys";-58;1172639315
00:14:BF:17:02:AB;linksys-coolerthanyou";-39;1172639315
00:12:17:A2:89:9C;Granddaddy";-84;1172639315
00:14:6C:03:01:04;KPK";-79;1172639315
00:0F:B3:42:41:45;PRD";-72;1172639316
00:0F:66:BA:83:18;linksys";-55;1172639316
00:14:BF:17:02:AB;linksys-coolerthanyou";-38;1172639316
00:12:17:A2:89:9C;Granddaddy";-84;1172639316
00:14:6C:03:01:04;KPK";-79;1172639316
00:0F:B3:42:41:45;PRD";-73;1172639317
00:0F:66:BA:83:18;linksys";-55;1172639317
00:14:BF:17:02:AB;linksys-coolerthanyou";-38;1172639317
00:12:17:A2:89:9C;Granddaddy";-84;1172639317
00:14:6C:03:01:04;KPK";-79;1172639317
00:0F:B3:42:41:45;PRD";-72;1172639318
00:0F:66:BA:83:18;linksys";-55;1172639318
00:14:BF:17:02:AB;linksys-coolerthanyou";-38;1172639318
00:12:17:A2:89:9C;Granddaddy";-84;1172639318
00:14:6C:03:01:04;KPK";-79;1172639319
00:0F:B3:42:41:45;PRD";-73;1172639319
00:0F:66:BA:83:18;linksys";-55;1172639320
00:14:BF:17:02:AB;linksys-coolerthanyou";-38;1172639320
00:12:17:A2:89:9C;Granddaddy";-84;1172639320
00:14:6C:03:01:04;KPK";-79;1172639320
00:0F:B3:42:41:45;PRD";-72;1172639321
00:0F:66:BA:83:18;linksys";-58;1172639321
00:14:BF:17:02:AB;linksys-coolerthanyou";-39;1172639321
00:14:6C:03:01:04;KPK";-79;1172639321
00:0F:B3:42:41:45;PRD";-71;1172639322
00:0F:66:BA:83:18;linksys";-54;1172639322
00:14:BF:17:02:AB;linksys-coolerthanyou";-39;1172639322
00:14:6C:03:01:04;KPK";-79;1172639322
00:0F:B3:42:41:45;PRD";-71;1172639323
00:0F:66:BA:83:18;linksys";-54;1172639323
00:14:BF:17:02:AB;linksys-coolerthanyou";-40;1172639323
00:14:6C:03:01:04;KPK";-79;1172639323
00:0F:B3:42:41:45;PRD";-71;1172639324
00:0F:66:BA:83:18;linksys";-55;1172639324
00:14:BF:17:02:AB;linksys-coolerthanyou";-40;1172639324
00:14:6C:03:01:04;KPK";-79;1172639324
00:0F:B3:42:41:45;PRD";-71;1172639325
00:0F:66:BA:83:18;linksys";-55;1172639325
00:14:BF:17:02:AB;linksys-coolerthanyou";-39;1172639325
00:14:6C:03:01:04;KPK";-79;1172639326
00:0F:B3:42:41:45;PRD";-72;1172639326
00:0F:66:BA:83:18;linksys";-56;1172639327
00:14:BF:17:02:AB;linksys-coolerthanyou";-39;1172639327
00:14:6C:03:01:04;KPK";-79;1172639327
00:0F:B3:42:41:45;PRD";-73;1172639328
00:0F:66:BA:83:18;linksys";-56;1172639328
00:14:BF:17:02:AB;linksys-coolerthanyou";-39;1172639328
00:14:6C:03:01:04;KPK";-79;1172639328
00:0F:B3:42:41:45;PRD";-73;1172639329
00:0F:66:BA:83:18;linksys";-56;1172639329
00:14:BF:17:02:AB;linksys-coolerthanyou";-41;1172639329
00:14:6C:03:01:04;KPK";-79;1172639329
00:0F:B3:42:41:45;PRD";-72;1172639330
00:0F:66:BA:83:18;linksys";-55;1172639330
00:14:BF:17:02:AB;linksys-coolerthanyou";-43;1172639330
00:14:6C:03:01:04;KPK";-79;1172639330
00:0F:B3:42:41:45;PRD";-73;1172639331
00:0F:66:BA:83:18;linksys";-55;1172639331
00:14:BF:17:02:AB;linksys-coolerthanyou";-43;1172639331
00:14:6C:03:01:04;KPK";-79;1172639331
00:0F:B3:42:41:45;PRD";-73;1172639332
00:0F:66:BA:83:18;linksys";-53;1172639332
00:14:BF:17:02:AB;linksys-coolerthanyou";-39;1172639332
00:14:6C:03:01:04;KPK";-79;1172639332
00:0F:B3:42:41:45;PRD";-73;1172639333
00:0F:66:BA:83:18;linksys";-55;1172639334
00:14:BF:17:02:AB;linksys-coolerthanyou";-39;1172639334
00:14:6C:03:01:04;KPK";-79;1172639334
00:0F:B3:42:41:45;PRD";-73;1172639335
00:0F:66:BA:83:18;linksys";-54;1172639335
00:14:BF:17:02:AB;linksys-coolerthanyou";-39;1172639335
00:14:6C:03:01:04;KPK";-79;1172639335
00:0F:B3:42:41:45;PRD";-73;1172639336
00:0F:3D:5B:1D:20;dlink";-80;1172639336
00:0F:66:BA:83:18;linksys";-54;1172639336
00:14:BF:17:02:AB;linksys-coolerthanyou";-38;1172639336
00:14:6C:03:01:04;KPK";-79;1172639336
00:0F:B3:42:41:45;PRD";-73;1172639337
00:0F:3D:5B:1D:20;dlink";-80;1172639337
00:0F:66:BA:83:18;linksys";-55;1172639337
00:14:BF:17:02:AB;linksys-coolerthanyou";-37;1172639337
00:0F:B3:42:41:45;PRD";-73;1172639338
00:0F:3D:5B:1D:20;dlink";-80;1172639338
00:0F:66:BA:83:18;linksys";-55;1172639338
00:14:BF:17:02:AB;linksys-coolerthanyou";-37;1172639338
00:0F:B3:42:41:45;PRD";-72;1172639339
00:0F:3D:5B:1D:20;dlink";-80;1172639339
00:0F:66:BA:83:18;linksys";-55;1172639340
00:14:BF:17:02:AB;linksys-coolerthanyou";-38;1172639340
00:0F:B3:42:41:45;PRD";-73;1172639341
00:0F:3D:5B:1D:20;dlink";-80;1172639341
00:0F:66:BA:83:18;linksys";-55;1172639341
00:14:BF:17:02:AB;linksys-coolerthanyou";-38;1172639341
00:14:6C:03:01:04;KPK";-81;1172639341
00:0F:B3:42:41:45;PRD";-72;1172639342
00:0F:3D:5B:1D:20;dlink";-80;1172639342
00:0F:66:BA:83:18;linksys";-58;1172639342
00:14:BF:17:02:AB;linksys-coolerthanyou";-38;1172639342
00:14:6C:03:01:04;KPK";-81;1172639342
00:0F:B3:42:41:45;PRD";-72;1172639343
00:0F:3D:5B:1D:20;dlink";-80;1172639343
00:0F:66:BA:83:18;linksys";-57;1172639343
00:14:BF:17:02:AB;linksys-coolerthanyou";-38;1172639343
00:14:6C:03:01:04;KPK";-74;1172639343
00:0F:B3:42:41:45;PRD";-72;1172639344
00:0F:3D:5B:1D:20;dlink";-80;1172639344
00:0F:66:BA:83:18;linksys";-57;1172639344
00:14:BF:17:02:AB;linksys-coolerthanyou";-38;1172639344
00:14:6C:03:01:04;KPK";-74;1172639344
00:0F:B3:42:41:45;PRD";-72;1172639345
00:0F:3D:5B:1D:20;dlink";-80;1172639346
00:0F:66:BA:83:18;linksys";-57;1172639346
00:14:BF:17:02:AB;linksys-coolerthanyou";-38;1172639346
00:14:6C:03:01:04;KPK";-74;1172639346
00:0F:B3:42:41:45;PRD";-72;1172639347
00:0F:3D:5B:1D:20;dlink";-80;1172639347
00:0F:66:BA:83:18;linksys";-56;1172639347
00:14:BF:17:02:AB;linksys-coolerthanyou";-38;1172639347
00:14:6C:03:01:04;KPK";-74;1172639347
00:0F:B3:42:41:45;PRD";-72;1172639348
00:0F:3D:5B:1D:20;dlink";-80;1172639348
00:0F:66:BA:83:18;linksys";-56;1172639348
00:14:BF:17:02:AB;linksys-coolerthanyou";-39;1172639348
00:14:6C:03:01:04;KPK";-74;1172639348
00:0F:B3:42:41:45;PRD";-72;1172639349
00:0F:3D:5B:1D:20;dlink";-80;1172639349
00:0F:66:BA:83:18;linksys";-54;1172639349
00:14:BF:17:02:AB;linksys-coolerthanyou";-38;1172639349
00:14:6C:03:01:04;KPK";-74;1172639349
00:0F:B3:42:41:45;PRD";-72;1172639350
00:0F:3D:5B:1D:20;dlink";-80;1172639350
00:0F:66:BA:83:18;linksys";-55;1172639350
00:14:BF:17:02:AB;linksys-coolerthanyou";-41;1172639350
00:14:6C:03:01:04;KPK";-74;1172639351
00:0F:B3:42:41:45;PRD";-71;1172639351
00:0F:66:BA:83:18;linksys";-58;1172639352
00:14:BF:17:02:AB;linksys-coolerthanyou";-43;1172639352
00:14:6C:03:01:04;KPK";-74;1172639352
00:0F:B3:42:41:45;PRD";-71;1172639353
00:0F:66:BA:83:18;linksys";-58;1172639353
00:14:BF:17:02:AB;linksys-coolerthanyou";-39;1172639353
00:14:6C:03:01:04;KPK";-74;1172639353
00:0F:B3:42:41:45;PRD";-72;1172639354
00:0F:66:BA:83:18;linksys";-58;1172639354
00:14:BF:17:02:AB;linksys-coolerthanyou";-38;1172639354
00:14:6C:03:01:04;KPK";-74;1172639354
00:0F:B3:42:41:45;PRD";-73;1172639355
00:0F:3D:5B:1D:20;dlink";-82;1172639355
00:0F:66:BA:83:18;linksys";-53;1172639355
00:14:BF:17:02:AB;linksys-coolerthanyou";-42;1172639355
00:14:6C:03:01:04;KPK";-74;1172639355
00:0F:B3:42:41:45;PRD";-72;1172639356
00:0F:3D:5B:1D:20;dlink";-82;1172639356
00:0F:66:BA:83:18;linksys";-53;1172639356
00:14:BF:17:02:AB;linksys-coolerthanyou";-40;1172639356
00:14:6C:03:01:04;KPK";-74;1172639356
00:0F:B3:42:41:45;PRD";-73;1172639357
00:0F:3D:5B:1D:20;dlink";-82;1172639357
00:0F:66:BA:83:18;linksys";-53;1172639358
00:14:BF:17:02:AB;linksys-coolerthanyou";-39;1172639358
00:14:6C:03:01:04;KPK";-74;1172639358
00:0F:B3:42:41:45;PRD";-72;1172639359
00:0F:3D:5B:1D:20;dlink";-82;1172639359
00:0F:66:BA:83:18;linksys";-56;1172639359
00:14:BF:17:02:AB;linksys-coolerthanyou";-39;1172639359
00:14:6C:03:01:04;KPK";-74;1172639359
00:0F:B3:42:41:45;PRD";-71;1172639360
00:0F:3D:5B:1D:20;dlink";-82;1172639360
00:0F:66:BA:83:18;linksys";-56;1172639360
00:14:BF:17:02:AB;linksys-coolerthanyou";-42;1172639360
00:14:6C:03:01:04;KPK";-74;1172639360
00:0F:B3:42:41:45;PRD";-72;1172639361
00:0F:3D:5B:1D:20;dlink";-82;1172639361
00:0F:66:BA:83:18;linksys";-54;1172639361
00:14:BF:17:02:AB;linksys-coolerthanyou";-38;1172639361
00:0F:B3:42:41:45;PRD";-73;1172639362
00:0F:3D:5B:1D:20;dlink";-82;1172639362
00:0F:66:BA:83:18;linksys";-58;1172639362
00:14:BF:17:02:AB;linksys-coolerthanyou";-39;1172639362
00:14:6C:03:01:04;KPK";-83;1172639362
00:0F:B3:42:41:45;PRD";-73;1172639363
00:0F:3D:5B:1D:20;dlink";-82;1172639363
00:0F:66:BA:83:18;linksys";-56;1172639364
00:14:BF:17:02:AB;linksys-coolerthanyou";-43;1172639364
00:14:6C:03:01:04;KPK";-77;1172639364
00:0F:B3:42:41:45;PRD";-73;1172639365
00:0F:3D:5B:1D:20;dlink";-82;1172639365
00:0F:66:BA:83:18;linksys";-57;1172639365
00:14:BF:17:02:AB;linksys-coolerthanyou";-39;1172639365
00:14:6C:03:01:04;KPK";-77;1172639365
00:0F:B3:42:41:45;PRD";-72;1172639366
00:0F:3D:5B:1D:20;dlink";-82;1172639366
00:0F:66:BA:83:18;linksys";-55;1172639366
00:14:BF:17:02:AB;linksys-coolerthanyou";-40;1172639366
00:14:6C:03:01:04;KPK";-77;1172639366
00:0F:B3:42:41:45;PRD";-71;1172639367
00:0F:3D:5B:1D:20;dlink";-80;1172639367
00:0F:66:BA:83:18;linksys";-55;1172639367
00:14:BF:17:02:AB;linksys-coolerthanyou";-42;1172639367
00:14:6C:03:01:04;KPK";-77;1172639367
