00:0D:3A:70:CD:F1;ZOKA";-66;1172622997
00:11:24:9D:40:83;CJinc";-65;1172622998
00:14:51:74:3B:19;Apple Network 743b19";-67;1172622998
00:0D:3A:70:CD:F1;ZOKA";-66;1172622998
00:11:24:9D:40:83;CJinc";-65;1172622998
00:14:51:74:3B:19;Apple Network 743b19";-67;1172622998
00:0D:3A:70:CD:F1;ZOKA";-66;1172622998
00:11:24:9D:40:83;CJinc";-65;1172622999
00:14:51:74:3B:19;Apple Network 743b19";-67;1172622999
00:0D:3A:70:CD:F1;ZOKA";-66;1172622999
00:11:24:9D:40:83;CJinc";-65;1172623000
00:14:51:74:3B:19;Apple Network 743b19";-67;1172623000
00:0D:3A:70:CD:F1;ZOKA";-66;1172623000
00:11:24:9D:40:83;CJinc";-65;1172623001
00:14:51:74:3B:19;Apple Network 743b19";-67;1172623001
00:0D:3A:70:CD:F1;ZOKA";-66;1172623001
00:11:24:9D:40:83;CJinc";-65;1172623001
00:14:51:74:3B:19;Apple Network 743b19";-67;1172623001
00:0D:3A:70:CD:F1;ZOKA";-65;1172623001
00:11:24:9D:40:83;CJinc";-70;1172623002
00:14:51:74:3B:19;Apple Network 743b19";-67;1172623002
00:0D:3A:70:CD:F1;ZOKA";-66;1172623002
00:11:24:9D:40:83;CJinc";-66;1172623003
00:14:51:74:3B:19;Apple Network 743b19";-67;1172623003
00:0D:3A:70:CD:F1;ZOKA";-66;1172623003
00:11:24:9D:40:83;CJinc";-66;1172623004
00:14:51:74:3B:19;Apple Network 743b19";-67;1172623004
00:0D:3A:70:CD:F1;ZOKA";-66;1172623004
00:11:24:9D:40:83;CJinc";-66;1172623004
00:14:51:74:3B:19;Apple Network 743b19";-67;1172623004
00:0D:3A:70:CD:F1;ZOKA";-66;1172623004
00:11:24:9D:40:83;CJinc";-70;1172623005
00:14:51:74:3B:19;Apple Network 743b19";-67;1172623005
00:0D:3A:70:CD:F1;ZOKA";-66;1172623005
00:11:24:9D:40:83;CJinc";-70;1172623006
00:14:51:74:3B:19;Apple Network 743b19";-67;1172623006
00:0D:3A:70:CD:F1;ZOKA";-66;1172623006
00:13:10:2B:11:18;ici";-82;1172623007
00:11:24:9D:40:83;CJinc";-70;1172623007
00:14:51:74:3B:19;Apple Network 743b19";-67;1172623007
00:0D:3A:70:CD:F1;ZOKA";-66;1172623007
00:13:10:2B:11:18;ici";-82;1172623008
00:11:24:9D:40:83;CJinc";-70;1172623008
00:14:51:74:3B:19;Apple Network 743b19";-67;1172623008
00:0D:3A:70:CD:F1;ZOKA";-66;1172623008
00:13:10:2B:11:18;ici";-82;1172623008
00:11:24:9D:40:83;CJinc";-65;1172623008
00:14:51:74:3B:19;Apple Network 743b19";-69;1172623008
00:0D:3A:70:CD:F1;ZOKA";-66;1172623008
00:13:10:2B:11:18;ici";-82;1172623009
00:11:24:9D:40:83;CJinc";-68;1172623009
00:14:51:74:3B:19;Apple Network 743b19";-69;1172623009
00:0D:3A:70:CD:F1;ZOKA";-66;1172623009
00:13:10:2B:11:18;ici";-82;1172623010
00:11:24:9D:40:83;CJinc";-68;1172623010
00:14:51:74:3B:19;Apple Network 743b19";-69;1172623010
00:0D:3A:70:CD:F1;ZOKA";-66;1172623010
00:13:10:2B:11:18;ici";-82;1172623011
00:11:24:9D:40:83;CJinc";-70;1172623011
00:14:51:74:3B:19;Apple Network 743b19";-69;1172623011
00:0D:3A:70:CD:F1;ZOKA";-65;1172623011
00:13:10:2B:11:18;ici";-82;1172623011
00:11:24:9D:40:83;CJinc";-73;1172623011
00:14:51:74:3B:19;Apple Network 743b19";-69;1172623011
00:0D:3A:70:CD:F1;ZOKA";-65;1172623011
00:13:10:2B:11:18;ici";-82;1172623012
00:11:24:9D:40:83;CJinc";-73;1172623012
00:14:51:74:3B:19;Apple Network 743b19";-69;1172623012
00:0D:3A:70:CD:F1;ZOKA";-65;1172623012
00:13:10:2B:11:18;ici";-82;1172623013
00:11:24:9D:40:83;CJinc";-73;1172623013
00:14:51:74:3B:19;Apple Network 743b19";-69;1172623013
00:0D:3A:70:CD:F1;ZOKA";-65;1172623013
00:13:10:2B:11:18;ici";-82;1172623014
00:11:24:9D:40:83;CJinc";-68;1172623014
00:14:51:74:3B:19;Apple Network 743b19";-69;1172623014
00:0D:3A:70:CD:F1;ZOKA";-65;1172623014
00:13:10:2B:11:18;ici";-82;1172623014
00:11:24:9D:40:83;CJinc";-65;1172623014
00:14:51:74:3B:19;Apple Network 743b19";-73;1172623014
00:0D:3A:70:CD:F1;ZOKA";-66;1172623014
00:13:10:2B:11:18;ici";-82;1172623015
00:11:24:9D:40:83;CJinc";-65;1172623015
00:14:51:74:3B:19;Apple Network 743b19";-73;1172623015
00:0D:3A:70:CD:F1;ZOKA";-66;1172623015
00:13:10:2B:11:18;ici";-82;1172623016
00:11:24:9D:40:83;CJinc";-65;1172623016
00:14:51:74:3B:19;Apple Network 743b19";-73;1172623016
00:0D:3A:70:CD:F1;ZOKA";-66;1172623016
00:13:10:2B:11:18;ici";-82;1172623017
00:11:24:9D:40:83;CJinc";-68;1172623017
00:14:51:74:3B:19;Apple Network 743b19";-73;1172623017
00:0D:3A:70:CD:F1;ZOKA";-66;1172623017
00:13:10:2B:11:18;ici";-82;1172623017
00:11:24:9D:40:83;CJinc";-64;1172623017
00:14:51:74:3B:19;Apple Network 743b19";-73;1172623017
00:0D:3A:70:CD:F1;ZOKA";-66;1172623017
00:13:10:2B:11:18;ici";-82;1172623018
00:11:24:9D:40:83;CJinc";-64;1172623018
00:14:51:74:3B:19;Apple Network 743b19";-73;1172623018
00:0D:3A:70:CD:F1;ZOKA";-66;1172623018
00:13:10:2B:11:18;ici";-82;1172623019
00:11:24:9D:40:83;CJinc";-69;1172623019
00:14:51:74:3B:19;Apple Network 743b19";-73;1172623019
00:0D:3A:70:CD:F1;ZOKA";-66;1172623019
00:13:10:2B:11:18;ici";-82;1172623020
00:11:24:9D:40:83;CJinc";-69;1172623020
00:14:51:74:3B:19;Apple Network 743b19";-73;1172623020
00:0D:3A:70:CD:F1;ZOKA";-66;1172623020
00:13:10:2B:11:18;ici";-82;1172623020
00:11:24:9D:40:83;CJinc";-65;1172623020
00:14:51:74:3B:19;Apple Network 743b19";-70;1172623020
00:0D:3A:70:CD:F1;ZOKA";-65;1172623020
00:13:10:2B:11:18;ici";-82;1172623021
00:11:24:9D:40:83;CJinc";-65;1172623021
00:14:51:74:3B:19;Apple Network 743b19";-70;1172623021
00:0D:3A:70:CD:F1;ZOKA";-65;1172623021
00:13:10:2B:11:18;ici";-82;1172623022
00:11:24:9D:40:83;CJinc";-65;1172623022
00:14:51:74:3B:19;Apple Network 743b19";-70;1172623022
00:0D:3A:70:CD:F1;ZOKA";-65;1172623022
00:13:10:2B:11:18;ici";-82;1172623023
00:11:24:9D:40:83;CJinc";-65;1172623023
00:14:51:74:3B:19;Apple Network 743b19";-70;1172623023
00:0D:3A:70:CD:F1;ZOKA";-65;1172623023
00:11:24:9D:40:83;CJinc";-65;1172623023
00:14:51:74:3B:19;Apple Network 743b19";-70;1172623023
00:0D:3A:70:CD:F1;ZOKA";-65;1172623023
00:11:24:9D:40:83;CJinc";-65;1172623024
00:14:51:74:3B:19;Apple Network 743b19";-70;1172623024
00:0D:3A:70:CD:F1;ZOKA";-65;1172623024
00:11:24:9D:40:83;CJinc";-68;1172623025
00:14:51:74:3B:19;Apple Network 743b19";-70;1172623025
00:0D:3A:70:CD:F1;ZOKA";-66;1172623025
00:11:24:9D:40:83;CJinc";-68;1172623026
00:14:51:74:3B:19;Apple Network 743b19";-70;1172623026
00:0D:3A:70:CD:F1;ZOKA";-66;1172623026
00:11:24:9D:40:83;CJinc";-65;1172623026
00:14:51:74:3B:19;Apple Network 743b19";-70;1172623026
00:0D:3A:70:CD:F1;ZOKA";-66;1172623026
00:11:24:9D:40:83;CJinc";-67;1172623027
00:14:51:74:3B:19;Apple Network 743b19";-70;1172623027
00:0D:3A:70:CD:F1;ZOKA";-66;1172623027
00:11:24:9D:40:83;CJinc";-67;1172623028
00:14:51:74:3B:19;Apple Network 743b19";-70;1172623028
00:0D:3A:70:CD:F1;ZOKA";-65;1172623028
00:11:24:9D:40:83;CJinc";-67;1172623029
00:14:51:74:3B:19;Apple Network 743b19";-70;1172623029
00:0D:3A:70:CD:F1;ZOKA";-65;1172623029
00:11:24:9D:40:83;CJinc";-68;1172623029
00:14:51:74:3B:19;Apple Network 743b19";-70;1172623029
00:0D:3A:70:CD:F1;ZOKA";-65;1172623029
00:11:24:9D:40:83;CJinc";-65;1172623030
00:14:51:74:3B:19;Apple Network 743b19";-70;1172623030
00:0D:3A:70:CD:F1;ZOKA";-63;1172623030
00:11:24:9D:40:83;CJinc";-65;1172623031
00:14:51:74:3B:19;Apple Network 743b19";-70;1172623031
00:0D:3A:70:CD:F1;ZOKA";-63;1172623031
00:11:24:9D:40:83;CJinc";-65;1172623032
00:14:51:74:3B:19;Apple Network 743b19";-70;1172623032
00:0D:3A:70:CD:F1;ZOKA";-63;1172623032
00:11:24:9D:40:83;CJinc";-65;1172623032
00:14:51:74:3B:19;Apple Network 743b19";-70;1172623032
00:0D:3A:70:CD:F1;ZOKA";-63;1172623032
00:11:24:9D:40:83;CJinc";-68;1172623033
00:14:51:74:3B:19;Apple Network 743b19";-70;1172623033
00:0D:3A:70:CD:F1;ZOKA";-65;1172623033
00:11:24:9D:40:83;CJinc";-68;1172623034
00:14:51:74:3B:19;Apple Network 743b19";-70;1172623034
00:0D:3A:70:CD:F1;ZOKA";-65;1172623034
00:11:24:9D:40:83;CJinc";-68;1172623035
00:14:51:74:3B:19;Apple Network 743b19";-79;1172623035
00:0D:3A:70:CD:F1;ZOKA";-66;1172623035
00:11:24:9D:40:83;CJinc";-67;1172623035
00:14:51:74:3B:19;Apple Network 743b19";-79;1172623035
00:0D:3A:70:CD:F1;ZOKA";-66;1172623035
00:11:24:9D:40:83;CJinc";-67;1172623036
00:14:51:74:3B:19;Apple Network 743b19";-79;1172623036
00:0D:3A:70:CD:F1;ZOKA";-66;1172623036
00:11:24:9D:40:83;CJinc";-67;1172623037
00:14:51:74:3B:19;Apple Network 743b19";-79;1172623037
00:0D:3A:70:CD:F1;ZOKA";-66;1172623037
00:11:24:9D:40:83;CJinc";-67;1172623038
00:14:51:74:3B:19;Apple Network 743b19";-79;1172623038
00:0D:3A:70:CD:F1;ZOKA";-67;1172623038
00:11:24:9D:40:83;CJinc";-67;1172623038
00:14:51:74:3B:19;Apple Network 743b19";-79;1172623038
00:0D:3A:70:CD:F1;ZOKA";-69;1172623038
00:11:24:9D:40:83;CJinc";-67;1172623039
00:14:51:74:3B:19;Apple Network 743b19";-79;1172623039
00:0D:3A:70:CD:F1;ZOKA";-69;1172623039
00:11:24:9D:40:83;CJinc";-67;1172623040
00:14:51:74:3B:19;Apple Network 743b19";-79;1172623040
00:0D:3A:70:CD:F1;ZOKA";-69;1172623040
00:11:24:9D:40:83;CJinc";-67;1172623041
00:14:51:74:3B:19;Apple Network 743b19";-79;1172623041
00:0D:3A:70:CD:F1;ZOKA";-69;1172623041
00:13:10:2B:11:18;ici";-82;1172623041
00:11:24:9D:40:83;CJinc";-67;1172623041
00:14:51:74:3B:19;Apple Network 743b19";-79;1172623041
00:0D:3A:70:CD:F1;ZOKA";-67;1172623041
00:13:10:2B:11:18;ici";-82;1172623042
00:11:24:9D:40:83;CJinc";-67;1172623042
00:14:51:74:3B:19;Apple Network 743b19";-79;1172623042
00:0D:3A:70:CD:F1;ZOKA";-67;1172623042
00:13:10:2B:11:18;ici";-82;1172623043
00:11:24:9D:40:83;CJinc";-67;1172623043
00:14:51:74:3B:19;Apple Network 743b19";-79;1172623043
00:0D:3A:70:CD:F1;ZOKA";-67;1172623043
00:13:10:2B:11:18;ici";-82;1172623044
00:11:24:9D:40:83;CJinc";-64;1172623044
00:14:51:74:3B:19;Apple Network 743b19";-79;1172623044
00:0D:3A:70:CD:F1;ZOKA";-66;1172623044
00:13:10:2B:11:18;ici";-82;1172623044
00:11:24:9D:40:83;CJinc";-64;1172623044
00:14:51:74:3B:19;Apple Network 743b19";-79;1172623044
00:0D:3A:70:CD:F1;ZOKA";-66;1172623044
00:13:10:2B:11:18;ici";-82;1172623045
00:11:24:9D:40:83;CJinc";-65;1172623045
00:14:51:74:3B:19;Apple Network 743b19";-79;1172623045
00:0D:3A:70:CD:F1;ZOKA";-66;1172623045
00:13:10:2B:11:18;ici";-82;1172623046
00:11:24:9D:40:83;CJinc";-68;1172623046
00:14:51:74:3B:19;Apple Network 743b19";-79;1172623046
00:0D:3A:70:CD:F1;ZOKA";-66;1172623046
00:13:10:2B:11:18;ici";-82;1172623047
00:11:24:9D:40:83;CJinc";-68;1172623047
00:14:51:74:3B:19;Apple Network 743b19";-79;1172623047
00:0D:3A:70:CD:F1;ZOKA";-66;1172623047
00:13:10:2B:11:18;ici";-82;1172623047
00:11:24:9D:40:83;CJinc";-68;1172623047
00:14:51:74:3B:19;Apple Network 743b19";-79;1172623047
00:0D:3A:70:CD:F1;ZOKA";-66;1172623047
00:13:10:2B:11:18;ici";-82;1172623048
00:11:24:9D:40:83;CJinc";-61;1172623048
00:14:51:74:3B:19;Apple Network 743b19";-79;1172623048
00:0D:3A:70:CD:F1;ZOKA";-66;1172623048
00:13:10:2B:11:18;ici";-82;1172623049
00:11:24:9D:40:83;CJinc";-61;1172623049
00:14:51:74:3B:19;Apple Network 743b19";-79;1172623049
00:0D:3A:70:CD:F1;ZOKA";-66;1172623049
00:13:10:2B:11:18;ici";-82;1172623050
00:11:24:9D:40:83;CJinc";-66;1172623050
00:14:51:74:3B:19;Apple Network 743b19";-79;1172623050
00:0D:3A:70:CD:F1;ZOKA";-66;1172623050
00:13:10:2B:11:18;ici";-82;1172623051
00:11:24:9D:40:83;CJinc";-66;1172623051
00:14:51:74:3B:19;Apple Network 743b19";-79;1172623051
00:0D:3A:70:CD:F1;ZOKA";-65;1172623051
00:13:10:2B:11:18;ici";-82;1172623051
00:11:24:9D:40:83;CJinc";-66;1172623051
00:14:51:74:3B:19;Apple Network 743b19";-79;1172623051
00:0D:3A:70:CD:F1;ZOKA";-66;1172623051
00:13:10:2B:11:18;ici";-82;1172623052
00:11:24:9D:40:83;CJinc";-69;1172623052
00:14:51:74:3B:19;Apple Network 743b19";-79;1172623052
00:0D:3A:70:CD:F1;ZOKA";-66;1172623052
00:13:10:2B:11:18;ici";-82;1172623053
00:11:24:9D:40:83;CJinc";-63;1172623053
00:14:51:74:3B:19;Apple Network 743b19";-76;1172623053
00:0D:3A:70:CD:F1;ZOKA";-65;1172623053
00:13:10:2B:11:18;ici";-82;1172623054
00:11:24:9D:40:83;CJinc";-70;1172623054
00:14:51:74:3B:19;Apple Network 743b19";-76;1172623054
00:0D:3A:70:CD:F1;ZOKA";-65;1172623054
00:13:10:2B:11:18;ici";-82;1172623054
00:11:24:9D:40:83;CJinc";-71;1172623054
00:14:51:74:3B:19;Apple Network 743b19";-76;1172623054
00:0D:3A:70:CD:F1;ZOKA";-65;1172623054
00:13:10:2B:11:18;ici";-82;1172623055
00:11:24:9D:40:83;CJinc";-71;1172623055
00:14:51:74:3B:19;Apple Network 743b19";-76;1172623055
00:0D:3A:70:CD:F1;ZOKA";-65;1172623055
00:13:10:2B:11:18;ici";-82;1172623056
00:11:24:9D:40:83;CJinc";-72;1172623056
00:14:51:74:3B:19;Apple Network 743b19";-76;1172623056
00:0D:3A:70:CD:F1;ZOKA";-64;1172623056
00:13:10:2B:11:18;ici";-82;1172623057
00:11:24:9D:40:83;CJinc";-72;1172623057
00:14:51:74:3B:19;Apple Network 743b19";-76;1172623057
00:0D:3A:70:CD:F1;ZOKA";-64;1172623057
00:13:10:2B:11:18;ici";-82;1172623057
00:11:24:9D:40:83;CJinc";-72;1172623057
00:14:51:74:3B:19;Apple Network 743b19";-76;1172623057
00:0D:3A:70:CD:F1;ZOKA";-64;1172623057
00:13:10:2B:11:18;ici";-82;1172623058
00:11:24:9D:40:83;CJinc";-72;1172623058
00:14:51:74:3B:19;Apple Network 743b19";-76;1172623058
00:0D:3A:70:CD:F1;ZOKA";-64;1172623058
00:13:10:2B:11:18;ici";-82;1172623059
00:11:24:9D:40:83;CJinc";-72;1172623059
00:14:51:74:3B:19;Apple Network 743b19";-76;1172623059
00:0D:3A:70:CD:F1;ZOKA";-64;1172623059
00:13:10:2B:11:18;ici";-82;1172623060
00:11:24:9D:40:83;CJinc";-72;1172623060
00:14:51:74:3B:19;Apple Network 743b19";-76;1172623060
00:0D:3A:70:CD:F1;ZOKA";-64;1172623060
00:13:10:2B:11:18;ici";-82;1172623060
00:11:24:9D:40:83;CJinc";-68;1172623060
00:14:51:74:3B:19;Apple Network 743b19";-76;1172623060
00:0D:3A:70:CD:F1;ZOKA";-64;1172623060
00:13:10:2B:11:18;ici";-82;1172623061
00:11:24:9D:40:83;CJinc";-68;1172623061
00:14:51:74:3B:19;Apple Network 743b19";-76;1172623061
00:0D:3A:70:CD:F1;ZOKA";-64;1172623061
00:13:10:2B:11:18;ici";-82;1172623062
00:11:24:9D:40:83;CJinc";-63;1172623062
00:14:51:74:3B:19;Apple Network 743b19";-67;1172623062
00:0D:3A:70:CD:F1;ZOKA";-65;1172623062
00:13:10:2B:11:18;ici";-82;1172623063
00:11:24:9D:40:83;CJinc";-63;1172623063
00:14:51:74:3B:19;Apple Network 743b19";-67;1172623063
00:0D:3A:70:CD:F1;ZOKA";-65;1172623063
00:13:10:2B:11:18;ici";-82;1172623063
00:11:24:9D:40:83;CJinc";-67;1172623063
00:14:51:74:3B:19;Apple Network 743b19";-67;1172623063
00:0D:3A:70:CD:F1;ZOKA";-65;1172623063
00:13:10:2B:11:18;ici";-82;1172623064
00:11:24:9D:40:83;CJinc";-67;1172623064
00:14:51:74:3B:19;Apple Network 743b19";-67;1172623064
00:0D:3A:70:CD:F1;ZOKA";-65;1172623064
00:13:10:2B:11:18;ici";-82;1172623065
00:11:24:9D:40:83;CJinc";-66;1172623065
00:14:51:74:3B:19;Apple Network 743b19";-67;1172623065
00:0D:3A:70:CD:F1;ZOKA";-65;1172623065
00:13:10:2B:11:18;ici";-82;1172623066
00:11:24:9D:40:83;CJinc";-66;1172623066
00:14:51:74:3B:19;Apple Network 743b19";-67;1172623066
00:0D:3A:70:CD:F1;ZOKA";-65;1172623066
00:13:10:2B:11:18;ici";-82;1172623066
00:11:24:9D:40:83;CJinc";-66;1172623066
00:14:51:74:3B:19;Apple Network 743b19";-69;1172623066
00:0D:3A:70:CD:F1;ZOKA";-65;1172623066
00:13:10:2B:11:18;ici";-82;1172623067
00:11:24:9D:40:83;CJinc";-73;1172623067
00:14:51:74:3B:19;Apple Network 743b19";-69;1172623067
00:0D:3A:70:CD:F1;ZOKA";-65;1172623067
00:13:10:2B:11:18;ici";-82;1172623068
00:11:24:9D:40:83;CJinc";-73;1172623068
00:14:51:74:3B:19;Apple Network 743b19";-69;1172623068
00:0D:3A:70:CD:F1;ZOKA";-65;1172623068
00:13:10:2B:11:18;ici";-82;1172623069
00:11:24:9D:40:83;CJinc";-66;1172623069
00:14:51:74:3B:19;Apple Network 743b19";-69;1172623069
00:0D:3A:70:CD:F1;ZOKA";-65;1172623069
00:13:10:2B:11:18;ici";-82;1172623069
00:11:24:9D:40:83;CJinc";-70;1172623069
00:14:51:74:3B:19;Apple Network 743b19";-69;1172623069
00:0D:3A:70:CD:F1;ZOKA";-65;1172623069
00:13:10:2B:11:18;ici";-82;1172623070
00:11:24:9D:40:83;CJinc";-70;1172623070
00:14:51:74:3B:19;Apple Network 743b19";-69;1172623070
00:0D:3A:70:CD:F1;ZOKA";-65;1172623070
00:13:10:2B:11:18;ici";-82;1172623071
00:11:24:9D:40:83;CJinc";-67;1172623071
00:14:51:74:3B:19;Apple Network 743b19";-69;1172623071
00:0D:3A:70:CD:F1;ZOKA";-65;1172623071
00:13:10:2B:11:18;ici";-82;1172623072
00:11:24:9D:40:83;CJinc";-67;1172623072
00:14:51:74:3B:19;Apple Network 743b19";-69;1172623072
00:0D:3A:70:CD:F1;ZOKA";-65;1172623072
00:13:10:2B:11:18;ici";-82;1172623072
00:11:24:9D:40:83;CJinc";-67;1172623072
00:14:51:74:3B:19;Apple Network 743b19";-69;1172623072
00:0D:3A:70:CD:F1;ZOKA";-65;1172623072
00:13:10:2B:11:18;ici";-82;1172623073
00:11:24:9D:40:83;CJinc";-70;1172623073
00:14:51:74:3B:19;Apple Network 743b19";-69;1172623073
00:0D:3A:70:CD:F1;ZOKA";-65;1172623073
00:13:10:2B:11:18;ici";-82;1172623074
00:11:24:9D:40:83;CJinc";-70;1172623074
00:14:51:74:3B:19;Apple Network 743b19";-69;1172623074
00:0D:3A:70:CD:F1;ZOKA";-65;1172623074
00:13:10:2B:11:18;ici";-82;1172623075
00:11:24:9D:40:83;CJinc";-71;1172623075
00:14:51:74:3B:19;Apple Network 743b19";-67;1172623075
00:0D:3A:70:CD:F1;ZOKA";-66;1172623075
00:13:10:2B:11:18;ici";-82;1172623075
00:11:24:9D:40:83;CJinc";-72;1172623075
00:14:51:74:3B:19;Apple Network 743b19";-67;1172623075
00:0D:3A:70:CD:F1;ZOKA";-66;1172623075
00:13:10:2B:11:18;ici";-82;1172623076
00:11:24:9D:40:83;CJinc";-72;1172623076
00:14:51:74:3B:19;Apple Network 743b19";-67;1172623076
00:0D:3A:70:CD:F1;ZOKA";-66;1172623076
00:11:24:9D:40:83;CJinc";-71;1172623077
00:14:51:74:3B:19;Apple Network 743b19";-67;1172623077
00:0D:3A:70:CD:F1;ZOKA";-67;1172623077
00:11:24:9D:40:83;CJinc";-70;1172623078
00:14:51:74:3B:19;Apple Network 743b19";-67;1172623078
00:0D:3A:70:CD:F1;ZOKA";-65;1172623078
00:11:24:9D:40:83;CJinc";-70;1172623078
00:14:51:74:3B:19;Apple Network 743b19";-67;1172623078
00:0D:3A:70:CD:F1;ZOKA";-65;1172623078
00:11:24:9D:40:83;CJinc";-70;1172623079
00:14:51:74:3B:19;Apple Network 743b19";-67;1172623079
00:0D:3A:70:CD:F1;ZOKA";-65;1172623079
00:11:24:9D:40:83;CJinc";-70;1172623080
00:14:51:74:3B:19;Apple Network 743b19";-67;1172623080
00:0D:3A:70:CD:F1;ZOKA";-65;1172623080
00:11:24:9D:40:83;CJinc";-70;1172623081
00:14:51:74:3B:19;Apple Network 743b19";-67;1172623081
00:0D:3A:70:CD:F1;ZOKA";-65;1172623081
00:11:24:9D:40:83;CJinc";-67;1172623081
00:14:51:74:3B:19;Apple Network 743b19";-67;1172623081
00:0D:3A:70:CD:F1;ZOKA";-65;1172623081
00:11:24:9D:40:83;CJinc";-67;1172623082
00:14:51:74:3B:19;Apple Network 743b19";-67;1172623082
00:0D:3A:70:CD:F1;ZOKA";-65;1172623082
00:11:24:9D:40:83;CJinc";-67;1172623083
00:14:51:74:3B:19;Apple Network 743b19";-67;1172623083
00:0D:3A:70:CD:F1;ZOKA";-65;1172623083
00:11:24:9D:40:83;CJinc";-70;1172623084
00:14:51:74:3B:19;Apple Network 743b19";-67;1172623084
00:0D:3A:70:CD:F1;ZOKA";-65;1172623084
00:11:24:9D:40:83;CJinc";-70;1172623084
00:14:51:74:3B:19;Apple Network 743b19";-67;1172623084
00:0D:3A:70:CD:F1;ZOKA";-65;1172623084
00:11:24:9D:40:83;CJinc";-70;1172623085
00:14:51:74:3B:19;Apple Network 743b19";-67;1172623085
00:0D:3A:70:CD:F1;ZOKA";-65;1172623085
00:11:24:9D:40:83;CJinc";-70;1172623086
00:14:51:74:3B:19;Apple Network 743b19";-67;1172623086
00:0D:3A:70:CD:F1;ZOKA";-65;1172623086
00:11:24:9D:40:83;CJinc";-70;1172623087
00:14:51:74:3B:19;Apple Network 743b19";-67;1172623087
00:0D:3A:70:CD:F1;ZOKA";-65;1172623087
00:11:24:9D:40:83;CJinc";-70;1172623087
00:14:51:74:3B:19;Apple Network 743b19";-67;1172623087
00:0D:3A:70:CD:F1;ZOKA";-65;1172623087
00:11:24:9D:40:83;CJinc";-65;1172623088
00:14:51:74:3B:19;Apple Network 743b19";-67;1172623088
00:0D:3A:70:CD:F1;ZOKA";-65;1172623088
00:11:24:9D:40:83;CJinc";-65;1172623089
00:14:51:74:3B:19;Apple Network 743b19";-67;1172623089
00:0D:3A:70:CD:F1;ZOKA";-66;1172623089
00:11:24:9D:40:83;CJinc";-65;1172623090
00:14:51:74:3B:19;Apple Network 743b19";-67;1172623090
00:0D:3A:70:CD:F1;ZOKA";-66;1172623090
00:11:24:9D:40:83;CJinc";-67;1172623090
00:14:51:74:3B:19;Apple Network 743b19";-67;1172623090
00:0D:3A:70:CD:F1;ZOKA";-67;1172623090
00:11:24:9D:40:83;CJinc";-67;1172623091
00:14:51:74:3B:19;Apple Network 743b19";-67;1172623091
00:0D:3A:70:CD:F1;ZOKA";-67;1172623091
00:11:24:9D:40:83;CJinc";-67;1172623092
00:14:51:74:3B:19;Apple Network 743b19";-65;1172623092
00:0D:3A:70:CD:F1;ZOKA";-66;1172623092
00:11:24:9D:40:83;CJinc";-69;1172623093
00:14:51:74:3B:19;Apple Network 743b19";-65;1172623093
00:0D:3A:70:CD:F1;ZOKA";-66;1172623093
00:11:24:9D:40:83;CJinc";-65;1172623093
00:14:51:74:3B:19;Apple Network 743b19";-71;1172623093
00:0D:3A:70:CD:F1;ZOKA";-67;1172623093
00:11:24:9D:40:83;CJinc";-70;1172623094
00:14:51:74:3B:19;Apple Network 743b19";-68;1172623094
00:0D:3A:70:CD:F1;ZOKA";-66;1172623094
00:11:24:9D:40:83;CJinc";-71;1172623095
00:14:51:74:3B:19;Apple Network 743b19";-68;1172623095
00:0D:3A:70:CD:F1;ZOKA";-66;1172623095
00:11:24:9D:40:83;CJinc";-71;1172623096
00:14:51:74:3B:19;Apple Network 743b19";-68;1172623096
00:0D:3A:70:CD:F1;ZOKA";-66;1172623096
00:11:24:9D:40:83;CJinc";-69;1172623096
00:14:51:74:3B:19;Apple Network 743b19";-68;1172623096
00:0D:3A:70:CD:F1;ZOKA";-67;1172623096
00:11:24:9D:40:83;CJinc";-68;1172623097
00:14:51:74:3B:19;Apple Network 743b19";-68;1172623097
00:0D:3A:70:CD:F1;ZOKA";-67;1172623097
00:11:24:9D:40:83;CJinc";-68;1172623098
00:14:51:74:3B:19;Apple Network 743b19";-68;1172623098
00:0D:3A:70:CD:F1;ZOKA";-67;1172623098
00:11:24:9D:40:83;CJinc";-67;1172623099
00:14:51:74:3B:19;Apple Network 743b19";-68;1172623099
00:0D:3A:70:CD:F1;ZOKA";-67;1172623099
00:11:24:9D:40:83;CJinc";-68;1172623099
00:14:51:74:3B:19;Apple Network 743b19";-68;1172623099
00:0D:3A:70:CD:F1;ZOKA";-67;1172623099
00:11:24:9D:40:83;CJinc";-66;1172623100
00:14:51:74:3B:19;Apple Network 743b19";-67;1172623100
00:0D:3A:70:CD:F1;ZOKA";-67;1172623100
00:11:24:9D:40:83;CJinc";-70;1172623101
00:14:51:74:3B:19;Apple Network 743b19";-67;1172623101
00:0D:3A:70:CD:F1;ZOKA";-66;1172623101
00:11:24:9D:40:83;CJinc";-65;1172623102
00:14:51:74:3B:19;Apple Network 743b19";-67;1172623102
00:0D:3A:70:CD:F1;ZOKA";-68;1172623102
00:13:10:2B:11:18;ici";-82;1172623102
00:11:24:9D:40:83;CJinc";-66;1172623102
00:14:51:74:3B:19;Apple Network 743b19";-70;1172623102
00:0D:3A:70:CD:F1;ZOKA";-68;1172623102
00:13:10:2B:11:18;ici";-82;1172623103
00:11:24:9D:40:83;CJinc";-70;1172623103
00:14:51:74:3B:19;Apple Network 743b19";-70;1172623103
00:0D:3A:70:CD:F1;ZOKA";-67;1172623103
00:13:10:2B:11:18;ici";-82;1172623104
00:11:24:9D:40:83;CJinc";-64;1172623104
00:14:51:74:3B:19;Apple Network 743b19";-70;1172623104
00:0D:3A:70:CD:F1;ZOKA";-67;1172623104
00:13:10:2B:11:18;ici";-82;1172623105
00:11:24:9D:40:83;CJinc";-70;1172623105
00:14:51:74:3B:19;Apple Network 743b19";-70;1172623105
00:0D:3A:70:CD:F1;ZOKA";-66;1172623105
00:12:17:AA:64:6C;AREA51";-82;1172623105
00:13:10:2B:11:18;ici";-82;1172623105
00:11:24:9D:40:83;CJinc";-70;1172623105
00:14:51:74:3B:19;Apple Network 743b19";-70;1172623105
00:0D:3A:70:CD:F1;ZOKA";-67;1172623105
00:12:17:AA:64:6C;AREA51";-82;1172623105
00:13:10:2B:11:18;ici";-82;1172623106
00:11:24:9D:40:83;CJinc";-70;1172623106
00:14:51:74:3B:19;Apple Network 743b19";-70;1172623106
00:0D:3A:70:CD:F1;ZOKA";-67;1172623106
00:12:17:AA:64:6C;AREA51";-82;1172623106
00:13:10:2B:11:18;ici";-82;1172623107
00:11:24:9D:40:83;CJinc";-70;1172623107
00:14:51:74:3B:19;Apple Network 743b19";-70;1172623107
00:0D:3A:70:CD:F1;ZOKA";-67;1172623107
00:12:17:AA:64:6C;AREA51";-82;1172623107
00:13:10:2B:11:18;ici";-82;1172623108
00:11:24:9D:40:83;CJinc";-70;1172623108
00:14:51:74:3B:19;Apple Network 743b19";-70;1172623108
00:0D:3A:70:CD:F1;ZOKA";-67;1172623108
00:12:17:AA:64:6C;AREA51";-82;1172623108
00:13:10:2B:11:18;ici";-82;1172623108
00:11:24:9D:40:83;CJinc";-70;1172623108
00:14:51:74:3B:19;Apple Network 743b19";-70;1172623108
00:0D:3A:70:CD:F1;ZOKA";-67;1172623108
00:12:17:AA:64:6C;AREA51";-82;1172623108
00:13:10:2B:11:18;ici";-82;1172623109
00:11:24:9D:40:83;CJinc";-70;1172623109
00:14:51:74:3B:19;Apple Network 743b19";-70;1172623109
00:0D:3A:70:CD:F1;ZOKA";-67;1172623109
00:12:17:AA:64:6C;AREA51";-82;1172623109
00:13:10:2B:11:18;ici";-82;1172623110
00:11:24:9D:40:83;CJinc";-71;1172623110
00:14:51:74:3B:19;Apple Network 743b19";-70;1172623110
00:0D:3A:70:CD:F1;ZOKA";-67;1172623110
00:12:17:AA:64:6C;AREA51";-82;1172623110
00:13:10:2B:11:18;ici";-82;1172623111
00:11:24:9D:40:83;CJinc";-70;1172623111
00:14:51:74:3B:19;Apple Network 743b19";-68;1172623111
00:0D:3A:70:CD:F1;ZOKA";-68;1172623111
00:12:17:AA:64:6C;AREA51";-82;1172623111
00:13:10:2B:11:18;ici";-82;1172623111
00:11:24:9D:40:83;CJinc";-71;1172623111
00:14:51:74:3B:19;Apple Network 743b19";-68;1172623111
00:0D:3A:70:CD:F1;ZOKA";-67;1172623111
00:12:17:AA:64:6C;AREA51";-82;1172623111
00:13:10:2B:11:18;ici";-82;1172623112
00:11:24:9D:40:83;CJinc";-71;1172623112
00:14:51:74:3B:19;Apple Network 743b19";-68;1172623112
00:0D:3A:70:CD:F1;ZOKA";-67;1172623112
00:12:17:AA:64:6C;AREA51";-82;1172623112
00:13:10:2B:11:18;ici";-82;1172623113
00:11:24:9D:40:83;CJinc";-71;1172623113
00:14:51:74:3B:19;Apple Network 743b19";-68;1172623113
00:0D:3A:70:CD:F1;ZOKA";-66;1172623113
00:12:17:AA:64:6C;AREA51";-82;1172623113
00:13:10:2B:11:18;ici";-82;1172623114
00:11:24:9D:40:83;CJinc";-68;1172623114
00:14:51:74:3B:19;Apple Network 743b19";-68;1172623114
00:0D:3A:70:CD:F1;ZOKA";-67;1172623114
00:12:17:AA:64:6C;AREA51";-82;1172623114
00:13:10:2B:11:18;ici";-82;1172623115
00:11:24:9D:40:83;CJinc";-68;1172623115
00:14:51:74:3B:19;Apple Network 743b19";-68;1172623115
00:0D:3A:70:CD:F1;ZOKA";-67;1172623115
00:12:17:AA:64:6C;AREA51";-82;1172623115
00:13:10:2B:11:18;ici";-82;1172623115
00:11:24:9D:40:83;CJinc";-68;1172623115
00:14:51:74:3B:19;Apple Network 743b19";-68;1172623115
00:0D:3A:70:CD:F1;ZOKA";-67;1172623115
00:12:17:AA:64:6C;AREA51";-82;1172623115
00:13:10:2B:11:18;ici";-82;1172623116
00:11:24:9D:40:83;CJinc";-70;1172623116
00:14:51:74:3B:19;Apple Network 743b19";-68;1172623116
00:0D:3A:70:CD:F1;ZOKA";-66;1172623116
00:12:17:AA:64:6C;AREA51";-82;1172623116
00:13:10:2B:11:18;ici";-82;1172623117
00:11:24:9D:40:83;CJinc";-70;1172623117
00:14:51:74:3B:19;Apple Network 743b19";-68;1172623117
00:0D:3A:70:CD:F1;ZOKA";-66;1172623117
00:12:17:AA:64:6C;AREA51";-82;1172623117
00:13:10:2B:11:18;ici";-82;1172623118
00:11:24:9D:40:83;CJinc";-66;1172623118
00:14:51:74:3B:19;Apple Network 743b19";-68;1172623118
00:0D:3A:70:CD:F1;ZOKA";-67;1172623118
00:12:17:AA:64:6C;AREA51";-82;1172623118
00:13:10:2B:11:18;ici";-82;1172623118
00:11:24:9D:40:83;CJinc";-66;1172623118
00:14:51:74:3B:19;Apple Network 743b19";-68;1172623118
00:0D:3A:70:CD:F1;ZOKA";-67;1172623118
00:12:17:AA:64:6C;AREA51";-82;1172623118
00:13:10:2B:11:18;ici";-82;1172623119
00:11:24:9D:40:83;CJinc";-66;1172623119
00:14:51:74:3B:19;Apple Network 743b19";-68;1172623119
00:0D:3A:70:CD:F1;ZOKA";-67;1172623119
00:12:17:AA:64:6C;AREA51";-82;1172623119
00:11:24:9D:40:83;CJinc";-66;1172623120
00:14:51:74:3B:19;Apple Network 743b19";-68;1172623120
00:0D:3A:70:CD:F1;ZOKA";-67;1172623120
00:12:17:AA:64:6C;AREA51";-82;1172623120
00:11:24:9D:40:83;CJinc";-63;1172623121
00:14:51:74:3B:19;Apple Network 743b19";-68;1172623121
00:0D:3A:70:CD:F1;ZOKA";-67;1172623121
00:12:17:AA:64:6C;AREA51";-82;1172623121
00:11:24:9D:40:83;CJinc";-72;1172623121
00:14:51:74:3B:19;Apple Network 743b19";-68;1172623121
00:0D:3A:70:CD:F1;ZOKA";-66;1172623121
00:12:17:AA:64:6C;AREA51";-82;1172623121
00:11:24:9D:40:83;CJinc";-70;1172623122
00:14:51:74:3B:19;Apple Network 743b19";-68;1172623122
00:0D:3A:70:CD:F1;ZOKA";-66;1172623122
00:12:17:AA:64:6C;AREA51";-82;1172623122
00:11:24:9D:40:83;CJinc";-70;1172623123
00:14:51:74:3B:19;Apple Network 743b19";-68;1172623123
00:0D:3A:70:CD:F1;ZOKA";-66;1172623123
00:12:17:AA:64:6C;AREA51";-82;1172623123
00:11:24:9D:40:83;CJinc";-69;1172623124
00:14:51:74:3B:19;Apple Network 743b19";-68;1172623124
00:0D:3A:70:CD:F1;ZOKA";-68;1172623124
00:12:17:AA:64:6C;AREA51";-82;1172623124
00:11:24:9D:40:83;CJinc";-64;1172623124
00:14:51:74:3B:19;Apple Network 743b19";-68;1172623124
00:0D:3A:70:CD:F1;ZOKA";-69;1172623124
00:12:17:AA:64:6C;AREA51";-82;1172623124
00:11:24:9D:40:83;CJinc";-64;1172623125
00:14:51:74:3B:19;Apple Network 743b19";-68;1172623125
00:0D:3A:70:CD:F1;ZOKA";-69;1172623125
00:12:17:AA:64:6C;AREA51";-82;1172623125
00:11:24:9D:40:83;CJinc";-69;1172623126
00:14:51:74:3B:19;Apple Network 743b19";-68;1172623126
00:0D:3A:70:CD:F1;ZOKA";-67;1172623126
00:12:17:AA:64:6C;AREA51";-82;1172623126
00:11:24:9D:40:83;CJinc";-69;1172623127
00:14:51:74:3B:19;Apple Network 743b19";-68;1172623127
00:0D:3A:70:CD:F1;ZOKA";-67;1172623127
00:12:17:AA:64:6C;AREA51";-82;1172623127
00:11:24:9D:40:83;CJinc";-69;1172623127
00:14:51:74:3B:19;Apple Network 743b19";-68;1172623127
00:0D:3A:70:CD:F1;ZOKA";-67;1172623127
00:12:17:AA:64:6C;AREA51";-82;1172623127
00:11:24:9D:40:83;CJinc";-69;1172623128
00:14:51:74:3B:19;Apple Network 743b19";-68;1172623128
00:0D:3A:70:CD:F1;ZOKA";-66;1172623128
00:12:17:AA:64:6C;AREA51";-82;1172623128
00:11:24:9D:40:83;CJinc";-69;1172623129
00:14:51:74:3B:19;Apple Network 743b19";-68;1172623129
00:0D:3A:70:CD:F1;ZOKA";-66;1172623129
00:12:17:AA:64:6C;AREA51";-82;1172623129
00:11:24:9D:40:83;CJinc";-69;1172623130
00:14:51:74:3B:19;Apple Network 743b19";-68;1172623130
00:0D:3A:70:CD:F1;ZOKA";-66;1172623130
00:12:17:AA:64:6C;AREA51";-82;1172623130
00:11:24:9D:40:83;CJinc";-71;1172623130
00:14:51:74:3B:19;Apple Network 743b19";-68;1172623130
00:0D:3A:70:CD:F1;ZOKA";-66;1172623130
00:11:24:9D:40:83;CJinc";-71;1172623131
00:14:51:74:3B:19;Apple Network 743b19";-68;1172623131
00:0D:3A:70:CD:F1;ZOKA";-67;1172623131
00:11:24:9D:40:83;CJinc";-71;1172623132
00:14:51:74:3B:19;Apple Network 743b19";-65;1172623132
00:0D:3A:70:CD:F1;ZOKA";-65;1172623132
00:11:24:9D:40:83;CJinc";-68;1172623133
00:14:51:74:3B:19;Apple Network 743b19";-65;1172623133
00:0D:3A:70:CD:F1;ZOKA";-65;1172623133
00:11:24:9D:40:83;CJinc";-68;1172623133
00:14:51:74:3B:19;Apple Network 743b19";-65;1172623133
00:0D:3A:70:CD:F1;ZOKA";-65;1172623133
00:11:24:9D:40:83;CJinc";-73;1172623134
00:14:51:74:3B:19;Apple Network 743b19";-65;1172623134
00:0D:3A:70:CD:F1;ZOKA";-67;1172623134
00:11:24:9D:40:83;CJinc";-71;1172623135
00:14:51:74:3B:19;Apple Network 743b19";-65;1172623135
00:0D:3A:70:CD:F1;ZOKA";-67;1172623135
00:11:24:9D:40:83;CJinc";-71;1172623136
00:14:51:74:3B:19;Apple Network 743b19";-65;1172623136
00:0D:3A:70:CD:F1;ZOKA";-67;1172623136
00:11:24:9D:40:83;CJinc";-72;1172623136
00:14:51:74:3B:19;Apple Network 743b19";-65;1172623136
00:0D:3A:70:CD:F1;ZOKA";-68;1172623136
00:11:24:9D:40:83;CJinc";-71;1172623137
00:14:51:74:3B:19;Apple Network 743b19";-65;1172623137
00:0D:3A:70:CD:F1;ZOKA";-68;1172623137
00:11:24:9D:40:83;CJinc";-71;1172623138
00:14:51:74:3B:19;Apple Network 743b19";-65;1172623138
00:0D:3A:70:CD:F1;ZOKA";-66;1172623138
00:11:24:9D:40:83;CJinc";-71;1172623139
00:14:51:74:3B:19;Apple Network 743b19";-65;1172623139
00:0D:3A:70:CD:F1;ZOKA";-66;1172623139
00:11:24:9D:40:83;CJinc";-68;1172623139
00:14:51:74:3B:19;Apple Network 743b19";-65;1172623139
00:0D:3A:70:CD:F1;ZOKA";-66;1172623139
00:11:24:9D:40:83;CJinc";-68;1172623140
00:14:51:74:3B:19;Apple Network 743b19";-65;1172623140
00:0D:3A:70:CD:F1;ZOKA";-69;1172623140
00:11:24:9D:40:83;CJinc";-69;1172623141
00:14:51:74:3B:19;Apple Network 743b19";-65;1172623141
00:0D:3A:70:CD:F1;ZOKA";-70;1172623141
00:11:24:9D:40:83;CJinc";-69;1172623142
00:14:51:74:3B:19;Apple Network 743b19";-65;1172623142
00:0D:3A:70:CD:F1;ZOKA";-69;1172623142
00:11:24:9D:40:83;CJinc";-69;1172623142
00:14:51:74:3B:19;Apple Network 743b19";-65;1172623142
00:0D:3A:70:CD:F1;ZOKA";-69;1172623142
00:11:24:9D:40:83;CJinc";-69;1172623143
00:14:51:74:3B:19;Apple Network 743b19";-65;1172623143
00:0D:3A:70:CD:F1;ZOKA";-69;1172623143
00:11:24:9D:40:83;CJinc";-69;1172623144
00:14:51:74:3B:19;Apple Network 743b19";-65;1172623144
00:0D:3A:70:CD:F1;ZOKA";-69;1172623144
00:11:24:9D:40:83;CJinc";-68;1172623145
00:14:51:74:3B:19;Apple Network 743b19";-65;1172623145
00:0D:3A:70:CD:F1;ZOKA";-69;1172623145
00:11:24:9D:40:83;CJinc";-64;1172623145
00:14:51:74:3B:19;Apple Network 743b19";-65;1172623145
00:0D:3A:70:CD:F1;ZOKA";-69;1172623145
00:11:24:9D:40:83;CJinc";-64;1172623146
00:14:51:74:3B:19;Apple Network 743b19";-65;1172623146
00:0D:3A:70:CD:F1;ZOKA";-70;1172623146
00:11:24:9D:40:83;CJinc";-66;1172623147
00:14:51:74:3B:19;Apple Network 743b19";-65;1172623147
00:0D:3A:70:CD:F1;ZOKA";-69;1172623147
00:11:24:9D:40:83;CJinc";-66;1172623148
00:14:51:74:3B:19;Apple Network 743b19";-65;1172623148
00:0D:3A:70:CD:F1;ZOKA";-69;1172623148
00:11:24:9D:40:83;CJinc";-66;1172623148
00:14:51:74:3B:19;Apple Network 743b19";-65;1172623148
00:0D:3A:70:CD:F1;ZOKA";-71;1172623148
00:11:24:9D:40:83;CJinc";-67;1172623149
00:14:51:74:3B:19;Apple Network 743b19";-65;1172623149
00:0D:3A:70:CD:F1;ZOKA";-70;1172623149
00:11:24:9D:40:83;CJinc";-67;1172623150
00:14:51:74:3B:19;Apple Network 743b19";-65;1172623150
00:0D:3A:70:CD:F1;ZOKA";-70;1172623150
00:11:24:9D:40:83;CJinc";-67;1172623151
00:14:51:74:3B:19;Apple Network 743b19";-65;1172623151
00:0D:3A:70:CD:F1;ZOKA";-70;1172623151
00:11:24:9D:40:83;CJinc";-65;1172623151
00:14:51:74:3B:19;Apple Network 743b19";-65;1172623151
00:0D:3A:70:CD:F1;ZOKA";-71;1172623151
00:11:24:9D:40:83;CJinc";-65;1172623152
00:14:51:74:3B:19;Apple Network 743b19";-65;1172623152
00:0D:3A:70:CD:F1;ZOKA";-71;1172623152
00:11:24:9D:40:83;CJinc";-65;1172623153
00:14:51:74:3B:19;Apple Network 743b19";-65;1172623153
00:0D:3A:70:CD:F1;ZOKA";-71;1172623153
00:11:24:9D:40:83;CJinc";-69;1172623154
00:14:51:74:3B:19;Apple Network 743b19";-65;1172623154
00:0D:3A:70:CD:F1;ZOKA";-68;1172623154
00:11:24:9D:40:83;CJinc";-69;1172623154
00:14:51:74:3B:19;Apple Network 743b19";-65;1172623154
00:0D:3A:70:CD:F1;ZOKA";-68;1172623154
00:11:24:9D:40:83;CJinc";-69;1172623155
00:14:51:74:3B:19;Apple Network 743b19";-65;1172623155
00:0D:3A:70:CD:F1;ZOKA";-68;1172623155
00:11:24:9D:40:83;CJinc";-63;1172623156
00:14:51:74:3B:19;Apple Network 743b19";-65;1172623156
00:0D:3A:70:CD:F1;ZOKA";-68;1172623156
00:11:24:9D:40:83;CJinc";-63;1172623157
00:14:51:74:3B:19;Apple Network 743b19";-65;1172623157
00:0D:3A:70:CD:F1;ZOKA";-68;1172623157
00:11:24:9D:40:83;CJinc";-67;1172623157
00:14:51:74:3B:19;Apple Network 743b19";-65;1172623157
00:0D:3A:70:CD:F1;ZOKA";-66;1172623157
00:11:24:9D:40:83;CJinc";-67;1172623158
00:14:51:74:3B:19;Apple Network 743b19";-65;1172623158
00:0D:3A:70:CD:F1;ZOKA";-66;1172623158
00:11:24:9D:40:83;CJinc";-67;1172623159
00:14:51:74:3B:19;Apple Network 743b19";-65;1172623159
00:0D:3A:70:CD:F1;ZOKA";-66;1172623159
00:11:24:9D:40:83;CJinc";-71;1172623160
00:14:51:74:3B:19;Apple Network 743b19";-65;1172623160
00:0D:3A:70:CD:F1;ZOKA";-67;1172623160
00:11:24:9D:40:83;CJinc";-70;1172623160
00:0D:3A:70:CD:F1;ZOKA";-67;1172623160
00:11:24:9D:40:83;CJinc";-65;1172623161
00:14:51:74:3B:19;Apple Network 743b19";-81;1172623161
00:0D:3A:70:CD:F1;ZOKA";-69;1172623161
00:11:24:9D:40:83;CJinc";-70;1172623162
00:14:51:74:3B:19;Apple Network 743b19";-81;1172623162
00:0D:3A:70:CD:F1;ZOKA";-70;1172623162
00:11:24:9D:40:83;CJinc";-70;1172623163
00:14:51:74:3B:19;Apple Network 743b19";-81;1172623163
00:0D:3A:70:CD:F1;ZOKA";-70;1172623163
00:11:24:9D:40:83;CJinc";-70;1172623163
00:14:51:74:3B:19;Apple Network 743b19";-81;1172623163
00:0D:3A:70:CD:F1;ZOKA";-69;1172623163
00:11:24:9D:40:83;CJinc";-70;1172623164
00:14:51:74:3B:19;Apple Network 743b19";-81;1172623164
00:0D:3A:70:CD:F1;ZOKA";-69;1172623164
00:11:24:9D:40:83;CJinc";-70;1172623165
00:14:51:74:3B:19;Apple Network 743b19";-81;1172623165
00:0D:3A:70:CD:F1;ZOKA";-69;1172623165
00:11:24:9D:40:83;CJinc";-71;1172623166
00:14:51:74:3B:19;Apple Network 743b19";-81;1172623166
00:0D:3A:70:CD:F1;ZOKA";-67;1172623166
00:11:24:9D:40:83;CJinc";-69;1172623166
00:14:51:74:3B:19;Apple Network 743b19";-81;1172623166
00:0D:3A:70:CD:F1;ZOKA";-69;1172623166
00:11:24:9D:40:83;CJinc";-69;1172623167
00:14:51:74:3B:19;Apple Network 743b19";-81;1172623167
00:0D:3A:70:CD:F1;ZOKA";-68;1172623167
00:11:24:9D:40:83;CJinc";-69;1172623168
00:14:51:74:3B:19;Apple Network 743b19";-81;1172623168
00:0D:3A:70:CD:F1;ZOKA";-68;1172623168
00:11:24:9D:40:83;CJinc";-68;1172623169
00:14:51:74:3B:19;Apple Network 743b19";-81;1172623169
00:0D:3A:70:CD:F1;ZOKA";-68;1172623169
00:11:24:9D:40:83;CJinc";-68;1172623170
00:14:51:74:3B:19;Apple Network 743b19";-81;1172623170
00:0D:3A:70:CD:F1;ZOKA";-68;1172623170
00:11:24:9D:40:83;CJinc";-67;1172623170
00:14:51:74:3B:19;Apple Network 743b19";-81;1172623170
00:0D:3A:70:CD:F1;ZOKA";-70;1172623170
00:11:24:9D:40:83;CJinc";-65;1172623171
00:14:51:74:3B:19;Apple Network 743b19";-81;1172623171
00:0D:3A:70:CD:F1;ZOKA";-69;1172623171
00:11:24:9D:40:83;CJinc";-65;1172623172
00:14:51:74:3B:19;Apple Network 743b19";-83;1172623172
00:0D:3A:70:CD:F1;ZOKA";-67;1172623172
00:11:24:9D:40:83;CJinc";-68;1172623173
00:14:51:74:3B:19;Apple Network 743b19";-83;1172623173
00:0D:3A:70:CD:F1;ZOKA";-69;1172623173
00:11:24:9D:40:83;CJinc";-68;1172623173
00:14:51:74:3B:19;Apple Network 743b19";-83;1172623173
00:0D:3A:70:CD:F1;ZOKA";-69;1172623173
00:11:24:9D:40:83;CJinc";-66;1172623174
00:14:51:74:3B:19;Apple Network 743b19";-69;1172623174
00:0D:3A:70:CD:F1;ZOKA";-68;1172623174
00:11:24:9D:40:83;CJinc";-68;1172623175
00:14:51:74:3B:19;Apple Network 743b19";-69;1172623175
00:0D:3A:70:CD:F1;ZOKA";-68;1172623175
00:11:24:9D:40:83;CJinc";-68;1172623176
00:14:51:74:3B:19;Apple Network 743b19";-69;1172623176
00:0D:3A:70:CD:F1;ZOKA";-68;1172623176
00:11:24:9D:40:83;CJinc";-68;1172623176
00:14:51:74:3B:19;Apple Network 743b19";-69;1172623176
00:0D:3A:70:CD:F1;ZOKA";-68;1172623176
00:11:24:9D:40:83;CJinc";-70;1172623177
00:14:51:74:3B:19;Apple Network 743b19";-69;1172623177
00: