00:14:6C:03:01:04;KPK";-70;1172561883
00:0F:66:BA:83:18;linksys";-53;1172561884
00:0F:B3:42:41:45;PRD";-72;1172561884
00:14:BF:17:02:AB;linksys-coolerthanyou";-45;1172561884
00:12:17:A2:89:9C;Granddaddy";-82;1172561884
00:14:6C:03:01:04;KPK";-70;1172561885
00:0F:66:BA:83:18;linksys";-49;1172561885
00:0F:B3:42:41:45;PRD";-72;1172561885
00:14:BF:17:02:AB;linksys-coolerthanyou";-41;1172561885
00:12:17:A2:89:9C;Granddaddy";-82;1172561885
00:16:B6:25:DC:CD;5626";-81;1172561886
00:14:6C:03:01:04;KPK";-67;1172561886
00:0F:66:BA:83:18;linksys";-52;1172561886
00:0F:B3:42:41:45;PRD";-73;1172561886
00:14:BF:17:02:AB;linksys-coolerthanyou";-41;1172561886
00:16:B6:25:DC:CD;5626";-81;1172561887
00:14:6C:03:01:04;KPK";-67;1172561887
00:0F:66:BA:83:18;linksys";-52;1172561887
00:0F:B3:42:41:45;PRD";-71;1172561887
00:14:BF:17:02:AB;linksys-coolerthanyou";-38;1172561887
00:16:B6:25:DC:CD;5626";-81;1172561888
00:14:6C:03:01:04;KPK";-65;1172561888
00:0F:66:BA:83:18;linksys";-52;1172561889
00:0F:B3:42:41:45;PRD";-71;1172561889
00:14:BF:17:02:AB;linksys-coolerthanyou";-39;1172561889
00:16:B6:25:DC:CD;5626";-81;1172561890
00:14:6C:03:01:04;KPK";-70;1172561890
00:0F:66:BA:83:18;linksys";-52;1172561890
00:0F:B3:42:41:45;PRD";-70;1172561890
00:14:BF:17:02:AB;linksys-coolerthanyou";-41;1172561890
00:16:B6:25:DC:CD;5626";-81;1172561891
00:14:6C:03:01:04;KPK";-73;1172561891
00:0F:66:BA:83:18;linksys";-52;1172561891
00:0F:B3:42:41:45;PRD";-70;1172561891
00:14:BF:17:02:AB;linksys-coolerthanyou";-40;1172561891
00:16:B6:25:DC:CD;5626";-81;1172561892
00:14:6C:03:01:04;KPK";-66;1172561892
00:0F:66:BA:83:18;linksys";-69;1172561892
00:0F:B3:42:41:45;PRD";-71;1172561892
00:14:BF:17:02:AB;linksys-coolerthanyou";-40;1172561892
00:16:B6:25:DC:CD;5626";-83;1172561893
00:14:6C:03:01:04;KPK";-70;1172561893
00:0F:66:BA:83:18;linksys";-52;1172561894
00:0F:B3:42:41:45;PRD";-70;1172561894
00:14:BF:17:02:AB;linksys-coolerthanyou";-38;1172561894
00:16:B6:25:DC:CD;5626";-83;1172561895
00:14:6C:03:01:04;KPK";-70;1172561895
00:0F:66:BA:83:18;linksys";-51;1172561895
00:0F:B3:42:41:45;PRD";-70;1172561895
00:14:BF:17:02:AB;linksys-coolerthanyou";-38;1172561895
00:16:B6:25:DC:CD;5626";-83;1172561896
00:14:6C:03:01:04;KPK";-74;1172561896
00:0F:66:BA:83:18;linksys";-52;1172561896
00:0F:B3:42:41:45;PRD";-70;1172561896
00:14:BF:17:02:AB;linksys-coolerthanyou";-34;1172561896
00:16:B6:25:DC:CD;5626";-81;1172561897
00:14:6C:03:01:04;KPK";-65;1172561897
00:0F:66:BA:83:18;linksys";-53;1172561897
00:0F:B3:42:41:45;PRD";-70;1172561897
00:14:BF:17:02:AB;linksys-coolerthanyou";-38;1172561897
00:16:B6:25:DC:CD;5626";-81;1172561898
00:14:6C:03:01:04;KPK";-75;1172561898
00:0F:66:BA:83:18;linksys";-51;1172561898
00:0F:B3:42:41:45;PRD";-70;1172561899
00:14:BF:17:02:AB;linksys-coolerthanyou";-41;1172561899
00:12:17:A2:89:9C;Granddaddy";-81;1172561899
00:16:B6:25:DC:CD;5626";-81;1172561900
00:14:6C:03:01:04;KPK";-66;1172561900
00:0F:66:BA:83:18;linksys";-52;1172561900
00:0F:B3:42:41:45;PRD";-70;1172561900
00:14:BF:17:02:AB;linksys-coolerthanyou";-38;1172561900
00:12:17:A2:89:9C;Granddaddy";-81;1172561900
00:16:B6:25:DC:CD;5626";-81;1172561901
00:14:6C:03:01:04;KPK";-71;1172561901
00:0F:66:BA:83:18;linksys";-52;1172561901
00:0F:B3:42:41:45;PRD";-70;1172561901
00:14:BF:17:02:AB;linksys-coolerthanyou";-37;1172561901
00:12:17:A2:89:9C;Granddaddy";-81;1172561901
00:16:B6:25:DC:CD;5626";-81;1172561902
00:14:6C:03:01:04;KPK";-78;1172561902
00:0F:66:BA:83:18;linksys";-52;1172561902
00:0F:B3:42:41:45;PRD";-70;1172561902
00:14:BF:17:02:AB;linksys-coolerthanyou";-37;1172561903
00:12:17:A2:89:9C;Granddaddy";-81;1172561903
00:16:B6:25:DC:CD;5626";-81;1172561903
00:14:6C:03:01:04;KPK";-68;1172561904
00:0F:66:BA:83:18;linksys";-52;1172561904
00:0F:B3:42:41:45;PRD";-70;1172561904
00:14:BF:17:02:AB;linksys-coolerthanyou";-37;1172561904
00:12:17:A2:89:9C;Granddaddy";-81;1172561904
00:16:B6:25:DC:CD;5626";-81;1172561905
00:14:6C:03:01:04;KPK";-65;1172561905
00:0F:66:BA:83:18;linksys";-50;1172561905
00:0F:B3:42:41:45;PRD";-70;1172561905
00:14:BF:17:02:AB;linksys-coolerthanyou";-36;1172561905
00:12:17:A2:89:9C;Granddaddy";-81;1172561905
00:16:B6:25:DC:CD;5626";-83;1172561906
00:14:6C:03:01:04;KPK";-71;1172561906
00:0F:66:BA:83:18;linksys";-50;1172561906
00:0F:B3:42:41:45;PRD";-70;1172561906
00:14:BF:17:02:AB;linksys-coolerthanyou";-36;1172561906
00:12:17:A2:89:9C;Granddaddy";-81;1172561907
00:16:B6:25:DC:CD;5626";-83;1172561907
00:14:6C:03:01:04;KPK";-71;1172561908
00:0F:66:BA:83:18;linksys";-51;1172561908
00:0F:B3:42:41:45;PRD";-70;1172561908
00:14:BF:17:02:AB;linksys-coolerthanyou";-35;1172561908
00:12:17:A2:89:9C;Granddaddy";-81;1172561908
00:16:B6:25:DC:CD;5626";-83;1172561909
00:14:6C:03:01:04;KPK";-73;1172561909
00:0F:66:BA:83:18;linksys";-50;1172561909
00:0F:B3:42:41:45;PRD";-72;1172561909
00:14:BF:17:02:AB;linksys-coolerthanyou";-36;1172561909
00:12:17:A2:89:9C;Granddaddy";-83;1172561909
00:16:B6:25:DC:CD;5626";-83;1172561910
00:14:6C:03:01:04;KPK";-77;1172561910
00:0F:66:BA:83:18;linksys";-51;1172561910
00:0F:B3:42:41:45;PRD";-71;1172561910
00:14:BF:17:02:AB;linksys-coolerthanyou";-38;1172561910
00:12:17:A2:89:9C;Granddaddy";-83;1172561910
00:16:B6:25:DC:CD;5626";-83;1172561911
00:14:6C:03:01:04;KPK";-65;1172561911
00:0F:66:BA:83:18;linksys";-51;1172561912
00:0F:B3:42:41:45;PRD";-70;1172561912
00:14:BF:17:02:AB;linksys-coolerthanyou";-45;1172561912
00:12:17:A2:89:9C;Granddaddy";-83;1172561912
00:16:B6:25:DC:CD;5626";-83;1172561913
00:14:6C:03:01:04;KPK";-70;1172561913
00:0F:66:BA:83:18;linksys";-51;1172561913
00:0F:B3:42:41:45;PRD";-70;1172561913
00:14:BF:17:02:AB;linksys-coolerthanyou";-49;1172561913
00:12:17:A2:89:9C;Granddaddy";-83;1172561913
00:16:B6:25:DC:CD;5626";-83;1172561914
00:14:6C:03:01:04;KPK";-74;1172561914
00:0F:66:BA:83:18;linksys";-50;1172561914
00:0F:B3:42:41:45;PRD";-73;1172561914
00:14:BF:17:02:AB;linksys-coolerthanyou";-36;1172561914
00:12:17:A2:89:9C;Granddaddy";-83;1172561914
