00:0F:66:05:7F:71;sherwood";-50;1173491191
00:14:BF:43:D0:5E;linksys_SES_7956";-75;1173491191
00:18:39:56:55:8D;linksys";-54;1173491191
00:09:5B:4E:61:F6;epyon";-78;1173491191
00:14:6C:F5:60:38;DAWGSHOUSE";-83;1173491191
00:15:E9:ED:A8:D6;NE4747";-84;1173491191
02:06:A2:2E:18:7A;hpsetup";-82;1173491191
00:11:50:EE:6F:C0;Pepperidge Farm";-81;1173491191
00:18:39:CC:A4:EE;Pony";-84;1173491191
00:14:6C:79:4C:7C;NetgearWifi";-83;1173491191
00:12:17:CB:A2:A0;2MainZeta2";-83;1173491191
00:16:B6:45:D3:F1;5003";-84;1173491191
00:0F:66:05:7F:71;sherwood";-49;1173491191
00:14:BF:43:D0:5E;linksys_SES_7956";-69;1173491191
00:18:39:56:55:8D;linksys";-55;1173491191
00:09:5B:4E:61:F6;epyon";-78;1173491191
00:14:6C:F5:60:38;DAWGSHOUSE";-83;1173491191
00:15:E9:ED:A8:D6;NE4747";-84;1173491191
02:06:A2:2E:18:7A;hpsetup";-82;1173491191
00:11:50:EE:6F:C0;Pepperidge Farm";-84;1173491191
00:18:39:CC:A4:EE;Pony";-84;1173491191
00:14:6C:79:4C:7C;NetgearWifi";-83;1173491191
00:12:17:CB:A2:A0;2MainZeta2";-83;1173491191
00:16:B6:45:D3:F1;5003";-84;1173491191
00:0F:66:05:7F:71;sherwood";-52;1173491192
00:14:BF:43:D0:5E;linksys_SES_7956";-65;1173491192
00:18:39:56:55:8D;linksys";-54;1173491192
00:09:5B:4E:61:F6;epyon";-78;1173491192
00:14:6C:F5:60:38;DAWGSHOUSE";-83;1173491192
00:15:E9:ED:A8:D6;NE4747";-84;1173491192
02:06:A2:2E:18:7A;hpsetup";-82;1173491192
00:11:50:EE:6F:C0;Pepperidge Farm";-82;1173491192
00:18:39:CC:A4:EE;Pony";-84;1173491192
00:14:6C:79:4C:7C;NetgearWifi";-83;1173491192
00:12:17:CB:A2:A0;2MainZeta2";-83;1173491192
00:16:B6:45:D3:F1;5003";-84;1173491192
00:0F:66:05:7F:71;sherwood";-50;1173491193
00:14:BF:43:D0:5E;linksys_SES_7956";-67;1173491193
00:18:39:56:55:8D;linksys";-56;1173491193
00:09:5B:4E:61:F6;epyon";-78;1173491193
00:14:6C:F5:60:38;DAWGSHOUSE";-83;1173491193
00:15:E9:ED:A8:D6;NE4747";-84;1173491193
02:06:A2:2E:18:7A;hpsetup";-82;1173491193
00:11:50:EE:6F:C0;Pepperidge Farm";-82;1173491193
00:14:6C:79:4C:7C;NetgearWifi";-83;1173491193
00:12:17:CB:A2:A0;2MainZeta2";-83;1173491193
00:16:B6:45:D3:F1;5003";-84;1173491193
00:0F:66:05:7F:71;sherwood";-52;1173491194
00:14:BF:43:D0:5E;linksys_SES_7956";-70;1173491194
00:18:39:56:55:8D;linksys";-56;1173491194
00:09:5B:4E:61:F6;epyon";-78;1173491194
00:14:6C:F5:60:38;DAWGSHOUSE";-83;1173491194
00:15:E9:ED:A8:D6;NE4747";-84;1173491194
02:06:A2:2E:18:7A;hpsetup";-82;1173491194
00:11:50:EE:6F:C0;Pepperidge Farm";-82;1173491194
00:14:6C:79:4C:7C;NetgearWifi";-84;1173491194
00:12:17:CB:A2:A0;2MainZeta2";-83;1173491194
00:0F:66:05:7F:71;sherwood";-52;1173491195
00:14:BF:43:D0:5E;linksys_SES_7956";-72;1173491195
00:18:39:56:55:8D;linksys";-81;1173491195
00:09:5B:4E:61:F6;epyon";-78;1173491195
00:14:6C:F5:60:38;DAWGSHOUSE";-84;1173491195
00:15:E9:ED:A8:D6;NE4747";-84;1173491195
02:06:A2:2E:18:7A;hpsetup";-82;1173491195
00:11:50:EE:6F:C0;Pepperidge Farm";-84;1173491195
00:14:6C:79:4C:7C;NetgearWifi";-84;1173491195
00:12:17:CB:A2:A0;2MainZeta2";-84;1173491195
00:0F:66:05:7F:71;sherwood";-50;1173491195
00:14:BF:43:D0:5E;linksys_SES_7956";-67;1173491195
00:18:39:56:55:8D;linksys";-55;1173491195
00:09:5B:4E:61:F6;epyon";-78;1173491195
00:14:6C:F5:60:38;DAWGSHOUSE";-81;1173491195
00:15:E9:ED:A8:D6;NE4747";-84;1173491195
02:06:A2:2E:18:7A;hpsetup";-82;1173491195
00:11:50:EE:6F:C0;Pepperidge Farm";-84;1173491195
00:18:39:CC:A4:EE;Pony";-85;1173491195
00:14:6C:79:4C:7C;NetgearWifi";-81;1173491195
00:12:17:CB:A2:A0;2MainZeta2";-84;1173491195
00:0F:66:05:7F:71;sherwood";-52;1173491196
00:14:BF:43:D0:5E;linksys_SES_7956";-66;1173491196
00:18:39:56:55:8D;linksys";-54;1173491196
00:09:5B:4E:61:F6;epyon";-78;1173491196
00:14:6C:F5:60:38;DAWGSHOUSE";-81;1173491196
00:15:E9:ED:A8:D6;NE4747";-84;1173491196
02:06:A2:2E:18:7A;hpsetup";-82;1173491196
00:11:50:EE:6F:C0;Pepperidge Farm";-84;1173491196
00:18:39:CC:A4:EE;Pony";-81;1173491196
00:14:6C:79:4C:7C;NetgearWifi";-81;1173491196
00:12:17:CB:A2:A0;2MainZeta2";-84;1173491196
00:0F:66:05:7F:71;sherwood";-50;1173491197
00:14:BF:43:D0:5E;linksys_SES_7956";-71;1173491197
00:18:39:56:55:8D;linksys";-56;1173491197
00:09:5B:4E:61:F6;epyon";-80;1173491197
00:14:6C:F5:60:38;DAWGSHOUSE";-81;1173491197
02:06:A2:2E:18:7A;hpsetup";-82;1173491197
00:11:50:EE:6F:C0;Pepperidge Farm";-84;1173491197
00:18:39:CC:A4:EE;Pony";-81;1173491197
00:14:6C:79:4C:7C;NetgearWifi";-81;1173491197
00:12:17:CB:A2:A0;2MainZeta2";-84;1173491197
00:0F:66:05:7F:71;sherwood";-51;1173491198
00:14:BF:43:D0:5E;linksys_SES_7956";-66;1173491198
00:18:39:56:55:8D;linksys";-54;1173491198
00:09:5B:4E:61:F6;epyon";-80;1173491198
00:14:6C:F5:60:38;DAWGSHOUSE";-81;1173491198
00:11:50:EE:6F:C0;Pepperidge Farm";-84;1173491198
00:18:39:CC:A4:EE;Pony";-81;1173491198
00:14:6C:79:4C:7C;NetgearWifi";-81;1173491198
00:12:17:CB:A2:A0;2MainZeta2";-84;1173491198
00:0F:66:05:7F:71;sherwood";-50;1173491198
00:14:BF:43:D0:5E;linksys_SES_7956";-65;1173491198
00:18:39:56:55:8D;linksys";-54;1173491198
00:09:5B:4E:61:F6;epyon";-80;1173491198
00:14:6C:F5:60:38;DAWGSHOUSE";-81;1173491198
00:11:50:EE:6F:C0;Pepperidge Farm";-84;1173491198
00:18:39:CC:A4:EE;Pony";-80;1173491198
00:14:6C:79:4C:7C;NetgearWifi";-81;1173491198
00:12:17:CB:A2:A0;2MainZeta2";-84;1173491198
00:0F:66:05:7F:71;sherwood";-49;1173491199
00:14:BF:43:D0:5E;linksys_SES_7956";-67;1173491199
00:18:39:56:55:8D;linksys";-67;1173491199
00:09:5B:4E:61:F6;epyon";-80;1173491199
00:14:6C:F5:60:38;DAWGSHOUSE";-81;1173491199
00:11:50:EE:6F:C0;Pepperidge Farm";-84;1173491199
00:18:39:CC:A4:EE;Pony";-79;1173491199
00:14:6C:79:4C:7C;NetgearWifi";-81;1173491199
00:12:17:CB:A2:A0;2MainZeta2";-84;1173491199
00:0F:66:05:7F:71;sherwood";-49;1173491200
00:14:BF:43:D0:5E;linksys_SES_7956";-63;1173491200
00:18:39:56:55:8D;linksys";-54;1173491200
00:09:5B:4E:61:F6;epyon";-77;1173491200
00:14:6C:F5:60:38;DAWGSHOUSE";-81;1173491200
00:11:50:EE:6F:C0;Pepperidge Farm";-84;1173491200
00:18:39:CC:A4:EE;Pony";-79;1173491200
00:14:6C:79:4C:7C;NetgearWifi";-79;1173491200
00:12:17:CB:A2:A0;2MainZeta2";-84;1173491200
00:0F:66:05:7F:71;sherwood";-53;1173491201
00:14:BF:43:D0:5E;linksys_SES_7956";-66;1173491201
00:18:39:56:55:8D;linksys";-54;1173491201
00:09:5B:4E:61:F6;epyon";-77;1173491201
00:14:6C:F5:60:38;DAWGSHOUSE";-81;1173491201
00:11:50:EE:6F:C0;Pepperidge Farm";-84;1173491201
00:18:39:CC:A4:EE;Pony";-79;1173491201
00:14:6C:79:4C:7C;NetgearWifi";-79;1173491201
00:12:17:CB:A2:A0;2MainZeta2";-84;1173491201
00:0F:66:05:7F:71;sherwood";-53;1173491201;Sherwood Co-op
00:14:BF:43:D0:5E;linksys_SES_7956";-67;1173491201;Sherwood Co-op
00:18:39:56:55:8D;linksys";-66;1173491201;Sherwood Co-op
00:09:5B:4E:61:F6;epyon";-77;1173491201;Sherwood Co-op
00:14:6C:F5:60:38;DAWGSHOUSE";-79;1173491201;Sherwood Co-op
00:11:50:EE:6F:C0;Pepperidge Farm";-84;1173491201;Sherwood Co-op
00:18:39:CC:A4:EE;Pony";-79;1173491201;Sherwood Co-op
00:14:6C:79:4C:7C;NetgearWifi";-82;1173491201;Sherwood Co-op
00:12:17:CB:A2:A0;2MainZeta2";-84;1173491201;Sherwood Co-op
00:0F:66:05:7F:71;sherwood";-51;1173491202;Sherwood Co-op
00:14:BF:43:D0:5E;linksys_SES_7956";-69;1173491202;Sherwood Co-op
00:18:39:56:55:8D;linksys";-54;1173491202;Sherwood Co-op
00:09:5B:4E:61:F6;epyon";-77;1173491202;Sherwood Co-op
00:14:6C:F5:60:38;DAWGSHOUSE";-79;1173491202;Sherwood Co-op
00:11:50:EE:6F:C0;Pepperidge Farm";-84;1173491202;Sherwood Co-op
00:18:39:CC:A4:EE;Pony";-79;1173491202;Sherwood Co-op
00:14:6C:79:4C:7C;NetgearWifi";-83;1173491202;Sherwood Co-op
00:12:17:CB:A2:A0;2MainZeta2";-84;1173491202;Sherwood Co-op
00:0F:66:05:7F:71;sherwood";-53;1173491203
00:14:BF:43:D0:5E;linksys_SES_7956";-66;1173491203
00:18:39:56:55:8D;linksys";-55;1173491203
00:09:5B:4E:61:F6;epyon";-77;1173491203
00:14:6C:F5:60:38;DAWGSHOUSE";-79;1173491203
00:11:50:EE:6F:C0;Pepperidge Farm";-84;1173491203
00:18:39:CC:A4:EE;Pony";-79;1173491203
00:14:6C:79:4C:7C;NetgearWifi";-83;1173491203
00:12:17:CB:A2:A0;2MainZeta2";-84;1173491203
00:0F:66:05:7F:71;sherwood";-52;1173491204
00:14:BF:43:D0:5E;linksys_SES_7956";-66;1173491204
00:18:39:56:55:8D;linksys";-54;1173491204
00:09:5B:4E:61:F6;epyon";-77;1173491204
00:14:6C:F5:60:38;DAWGSHOUSE";-79;1173491204
00:11:50:EE:6F:C0;Pepperidge Farm";-84;1173491204
00:18:39:CC:A4:EE;Pony";-79;1173491204
00:14:6C:79:4C:7C;NetgearWifi";-82;1173491204
00:12:17:CB:A2:A0;2MainZeta2";-84;1173491204
00:0F:66:05:7F:71;sherwood";-51;1173491204
00:14:BF:43:D0:5E;linksys_SES_7956";-67;1173491204
00:18:39:56:55:8D;linksys";-55;1173491204
00:09:5B:4E:61:F6;epyon";-77;1173491204
00:14:6C:F5:60:38;DAWGSHOUSE";-79;1173491204
00:11:50:EE:6F:C0;Pepperidge Farm";-84;1173491204
00:18:39:CC:A4:EE;Pony";-79;1173491204
00:14:6C:79:4C:7C;NetgearWifi";-82;1173491204
00:12:17:CB:A2:A0;2MainZeta2";-83;1173491204
00:0F:66:05:7F:71;sherwood";-52;1173491205
00:14:BF:43:D0:5E;linksys_SES_7956";-72;1173491205
00:18:39:56:55:8D;linksys";-54;1173491205
00:09:5B:4E:61:F6;epyon";-84;1173491205
00:14:6C:F5:60:38;DAWGSHOUSE";-79;1173491205
00:11:50:EE:6F:C0;Pepperidge Farm";-84;1173491205
00:18:39:CC:A4:EE;Pony";-79;1173491205
00:14:6C:79:4C:7C;NetgearWifi";-82;1173491205
00:12:17:CB:A2:A0;2MainZeta2";-83;1173491205
00:0F:66:05:7F:71;sherwood";-52;1173491206
00:14:BF:43:D0:5E;linksys_SES_7956";-67;1173491206
00:18:39:56:55:8D;linksys";-54;1173491206
00:09:5B:4E:61:F6;epyon";-84;1173491206
00:14:6C:F5:60:38;DAWGSHOUSE";-79;1173491206
00:11:50:EE:6F:C0;Pepperidge Farm";-84;1173491206
00:18:39:CC:A4:EE;Pony";-79;1173491206
00:14:6C:79:4C:7C;NetgearWifi";-81;1173491206
00:12:17:CB:A2:A0;2MainZeta2";-83;1173491206
00:0F:66:05:7F:71;sherwood";-50;1173491207
00:14:BF:43:D0:5E;linksys_SES_7956";-67;1173491207
00:18:39:56:55:8D;linksys";-55;1173491207
00:09:5B:4E:61:F6;epyon";-84;1173491207
00:14:6C:F5:60:38;DAWGSHOUSE";-79;1173491207
00:11:50:EE:6F:C0;Pepperidge Farm";-84;1173491207
00:18:39:CC:A4:EE;Pony";-79;1173491207
00:14:6C:79:4C:7C;NetgearWifi";-81;1173491207
00:12:17:CB:A2:A0;2MainZeta2";-83;1173491207
00:0F:66:05:7F:71;sherwood";-50;1173491207
00:14:BF:43:D0:5E;linksys_SES_7956";-67;1173491207
00:18:39:56:55:8D;linksys";-55;1173491207
00:09:5B:4E:61:F6;epyon";-84;1173491207
00:14:6C:F5:60:38;DAWGSHOUSE";-81;1173491207
00:11:50:EE:6F:C0;Pepperidge Farm";-84;1173491207
00:18:39:CC:A4:EE;Pony";-79;1173491207
00:14:6C:79:4C:7C;NetgearWifi";-81;1173491207
00:12:17:CB:A2:A0;2MainZeta2";-83;1173491207
00:0F:66:05:7F:71;sherwood";-51;1173491208
00:14:BF:43:D0:5E;linksys_SES_7956";-67;1173491208
00:18:39:56:55:8D;linksys";-58;1173491208
00:09:5B:4E:61:F6;epyon";-84;1173491208
00:14:6C:F5:60:38;DAWGSHOUSE";-81;1173491208
00:11:50:EE:6F:C0;Pepperidge Farm";-84;1173491208
00:18:39:CC:A4:EE;Pony";-81;1173491208
00:14:6C:79:4C:7C;NetgearWifi";-81;1173491208
00:12:17:CB:A2:A0;2MainZeta2";-83;1173491208
00:0F:66:05:7F:71;sherwood";-50;1173491209
00:14:BF:43:D0:5E;linksys_SES_7956";-67;1173491209
00:18:39:56:55:8D;linksys";-55;1173491209
00:09:5B:4E:61:F6;epyon";-81;1173491209
00:14:6C:F5:60:38;DAWGSHOUSE";-81;1173491209
00:11:50:EE:6F:C0;Pepperidge Farm";-84;1173491209
00:18:39:CC:A4:EE;Pony";-81;1173491209
00:14:6C:79:4C:7C;NetgearWifi";-82;1173491209
00:12:17:CB:A2:A0;2MainZeta2";-83;1173491209
00:0F:66:05:7F:71;sherwood";-50;1173491210
00:14:BF:43:D0:5E;linksys_SES_7956";-67;1173491210
00:18:39:56:55:8D;linksys";-58;1173491210
00:09:5B:4E:61:F6;epyon";-81;1173491210
00:14:6C:F5:60:38;DAWGSHOUSE";-81;1173491210
00:18:39:CC:A4:EE;Pony";-81;1173491210
00:14:6C:79:4C:7C;NetgearWifi";-82;1173491210
00:12:17:CB:A2:A0;2MainZeta2";-83;1173491210
00:0F:66:05:7F:71;sherwood";-52;1173491210
00:14:BF:43:D0:5E;linksys_SES_7956";-67;1173491210
00:18:39:56:55:8D;linksys";-55;1173491210
00:09:5B:4E:61:F6;epyon";-81;1173491210
00:14:6C:F5:60:38;DAWGSHOUSE";-81;1173491210
00:18:39:CC:A4:EE;Pony";-82;1173491210
00:14:6C:79:4C:7C;NetgearWifi";-82;1173491210
00:12:17:CB:A2:A0;2MainZeta2";-83;1173491210
00:0F:66:05:7F:71;sherwood";-49;1173491211
00:14:BF:43:D0:5E;linksys_SES_7956";-65;1173491211
00:18:39:56:55:8D;linksys";-55;1173491211
00:09:5B:4E:61:F6;epyon";-78;1173491211
00:14:6C:F5:60:38;DAWGSHOUSE";-81;1173491211
00:18:39:CC:A4:EE;Pony";-82;1173491211
00:14:6C:79:4C:7C;NetgearWifi";-82;1173491211
00:12:17:CB:A2:A0;2MainZeta2";-83;1173491211
00:0F:66:05:7F:71;sherwood";-50;1173491212
00:14:BF:43:D0:5E;linksys_SES_7956";-65;1173491212
00:18:39:56:55:8D;linksys";-56;1173491212
00:09:5B:4E:61:F6;epyon";-78;1173491212
00:14:6C:F5:60:38;DAWGSHOUSE";-81;1173491212
00:18:39:CC:A4:EE;Pony";-82;1173491212
00:14:6C:79:4C:7C;NetgearWifi";-82;1173491212
00:12:17:CB:A2:A0;2MainZeta2";-83;1173491212
00:0F:66:05:7F:71;sherwood";-51;1173491213
00:14:BF:43:D0:5E;linksys_SES_7956";-66;1173491213
00:18:39:56:55:8D;linksys";-55;1173491213
00:09:5B:4E:61:F6;epyon";-78;1173491213
00:14:6C:F5:60:38;DAWGSHOUSE";-80;1173491213
00:18:39:CC:A4:EE;Pony";-82;1173491213
00:14:6C:79:4C:7C;NetgearWifi";-82;1173491213
00:12:17:CB:A2:A0;2MainZeta2";-83;1173491213
00:0F:66:05:7F:71;sherwood";-48;1173491214
00:14:BF:43:D0:5E;linksys_SES_7956";-67;1173491214
00:18:39:56:55:8D;linksys";-54;1173491214
00:09:5B:4E:61:F6;epyon";-78;1173491214
00:14:6C:F5:60:38;DAWGSHOUSE";-80;1173491214
00:18:39:CC:A4:EE;Pony";-82;1173491214
00:14:6C:79:4C:7C;NetgearWifi";-82;1173491214
00:12:17:CB:A2:A0;2MainZeta2";-83;1173491214
00:0F:66:05:7F:71;sherwood";-49;1173491215
00:14:BF:43:D0:5E;linksys_SES_7956";-68;1173491215
00:18:39:56:55:8D;linksys";-56;1173491215
00:09:5B:4E:61:F6;epyon";-78;1173491215
00:14:6C:F5:60:38;DAWGSHOUSE";-80;1173491215
00:18:39:CC:A4:EE;Pony";-82;1173491215
00:14:6C:79:4C:7C;NetgearWifi";-82;1173491215
00:12:17:CB:A2:A0;2MainZeta2";-83;1173491215
00:0F:66:05:7F:71;sherwood";-49;1173491215
00:14:BF:43:D0:5E;linksys_SES_7956";-67;1173491215
00:18:39:56:55:8D;linksys";-55;1173491215
00:09:5B:4E:61:F6;epyon";-78;1173491215
00:14:6C:F5:60:38;DAWGSHOUSE";-80;1173491215
00:18:39:CC:A4:EE;Pony";-82;1173491215
00:14:6C:79:4C:7C;NetgearWifi";-82;1173491215
00:12:17:CB:A2:A0;2MainZeta2";-83;1173491215
00:0F:66:05:7F:71;sherwood";-52;1173491216
00:14:BF:43:D0:5E;linksys_SES_7956";-68;1173491216
00:18:39:56:55:8D;linksys";-56;1173491216
00:09:5B:4E:61:F6;epyon";-78;1173491216
00:14:6C:F5:60:38;DAWGSHOUSE";-80;1173491216
00:18:39:CC:A4:EE;Pony";-76;1173491216
00:14:6C:79:4C:7C;NetgearWifi";-76;1173491216
00:12:17:CB:A2:A0;2MainZeta2";-83;1173491216
00:0F:66:05:7F:71;sherwood";-52;1173491217
00:14:BF:43:D0:5E;linksys_SES_7956";-67;1173491217
00:18:39:56:55:8D;linksys";-54;1173491217
00:09:5B:4E:61:F6;epyon";-78;1173491217
00:14:6C:F5:60:38;DAWGSHOUSE";-76;1173491217
00:18:39:CC:A4:EE;Pony";-76;1173491217
00:14:6C:79:4C:7C;NetgearWifi";-76;1173491217
00:12:17:CB:A2:A0;2MainZeta2";-83;1173491217
00:0F:66:05:7F:71;sherwood";-49;1173491218
00:14:BF:43:D0:5E;linksys_SES_7956";-67;1173491218
00:18:39:56:55:8D;linksys";-63;1173491218
00:09:5B:4E:61:F6;epyon";-78;1173491218
00:14:6C:F5:60:38;DAWGSHOUSE";-76;1173491218
00:18:39:CC:A4:EE;Pony";-76;1173491218
00:14:6C:79:4C:7C;NetgearWifi";-76;1173491218
00:12:17:CB:A2:A0;2MainZeta2";-83;1173491218
00:0F:66:05:7F:71;sherwood";-50;1173491218
00:14:BF:43:D0:5E;linksys_SES_7956";-69;1173491218
00:18:39:56:55:8D;linksys";-55;1173491218
00:09:5B:4E:61:F6;epyon";-78;1173491218
00:14:6C:F5:60:38;DAWGSHOUSE";-76;1173491218
00:18:39:CC:A4:EE;Pony";-76;1173491218
00:14:6C:79:4C:7C;NetgearWifi";-76;1173491218
00:12:17:CB:A2:A0;2MainZeta2";-83;1173491218
00:0F:66:05:7F:71;sherwood";-50;1173491219
00:14:BF:43:D0:5E;linksys_SES_7956";-67;1173491219
00:18:39:56:55:8D;linksys";-59;1173491219
00:09:5B:4E:61:F6;epyon";-78;1173491219
00:14:6C:F5:60:38;DAWGSHOUSE";-76;1173491219
00:18:39:CC:A4:EE;Pony";-79;1173491219
00:14:6C:79:4C:7C;NetgearWifi";-78;1173491219
00:12:17:CB:A2:A0;2MainZeta2";-83;1173491219
00:0F:66:05:7F:71;sherwood";-50;1173491220
00:14:BF:43:D0:5E;linksys_SES_7956";-74;1173491220
00:18:39:56:55:8D;linksys";-59;1173491220
00:09:5B:4E:61:F6;epyon";-78;1173491220
00:14:6C:F5:60:38;DAWGSHOUSE";-83;1173491220
00:18:39:CC:A4:EE;Pony";-82;1173491220
00:14:6C:79:4C:7C;NetgearWifi";-78;1173491220
00:0F:66:05:7F:71;sherwood";-52;1173491221
00:14:BF:43:D0:5E;linksys_SES_7956";-74;1173491221
00:18:39:56:55:8D;linksys";-62;1173491221
00:09:5B:4E:61:F6;epyon";-81;1173491221
00:14:6C:F5:60:38;DAWGSHOUSE";-83;1173491221
00:18:39:CC:A4:EE;Pony";-82;1173491221
00:14:6C:79:4C:7C;NetgearWifi";-78;1173491221
00:0F:66:05:7F:71;sherwood";-50;1173491221
00:14:BF:43:D0:5E;linksys_SES_7956";-74;1173491221
00:18:39:56:55:8D;linksys";-64;1173491221
00:09:5B:4E:61:F6;epyon";-81;1173491221
00:14:6C:F5:60:38;DAWGSHOUSE";-83;1173491221
00:18:39:CC:A4:EE;Pony";-82;1173491221
00:14:6C:79:4C:7C;NetgearWifi";-82;1173491221
00:0F:66:05:7F:71;sherwood";-51;1173491222
00:14:BF:43:D0:5E;linksys_SES_7956";-74;1173491222
00:18:39:56:55:8D;linksys";-62;1173491222
00:09:5B:4E:61:F6;epyon";-77;1173491222
00:14:6C:F5:60:38;DAWGSHOUSE";-83;1173491222
00:11:50:EE:6F:C0;Pepperidge Farm";-83;1173491222
00:18:39:CC:A4:EE;Pony";-82;1173491222
00:14:6C:79:4C:7C;NetgearWifi";-82;1173491222
00:0F:66:05:7F:71;sherwood";-49;1173491223
00:14:BF:43:D0:5E;linksys_SES_7956";-75;1173491223
00:18:39:56:55:8D;linksys";-61;1173491223
00:09:5B:4E:61:F6;epyon";-77;1173491223
00:14:6C:F5:60:38;DAWGSHOUSE";-83;1173491223
00:11:50:EE:6F:C0;Pepperidge Farm";-83;1173491223
00:18:39:CC:A4:EE;Pony";-82;1173491223
00:14:6C:79:4C:7C;NetgearWifi";-82;1173491223
00:0F:66:05:7F:71;sherwood";-51;1173491224
00:14:BF:43:D0:5E;linksys_SES_7956";-67;1173491224
00:18:39:56:55:8D;linksys";-68;1173491224
00:09:5B:4E:61:F6;epyon";-77;1173491224
00:14:6C:F5:60:38;DAWGSHOUSE";-83;1173491224
00:11:50:EE:6F:C0;Pepperidge Farm";-83;1173491224
00:18:39:CC:A4:EE;Pony";-82;1173491224
00:14:6C:79:4C:7C;NetgearWifi";-82;1173491224
00:0F:66:05:7F:71;sherwood";-48;1173491224
00:14:BF:43:D0:5E;linksys_SES_7956";-71;1173491224
00:18:39:56:55:8D;linksys";-55;1173491224
00:09:5B:4E:61:F6;epyon";-77;1173491224
00:14:6C:F5:60:38;DAWGSHOUSE";-82;1173491224
00:11:50:EE:6F:C0;Pepperidge Farm";-83;1173491224
00:18:39:CC:A4:EE;Pony";-82;1173491224
00:14:6C:79:4C:7C;NetgearWifi";-82;1173491224
00:0F:66:05:7F:71;sherwood";-47;1173491225
00:14:BF:43:D0:5E;linksys_SES_7956";-69;1173491225
00:18:39:56:55:8D;linksys";-56;1173491225
00:09:5B:4E:61:F6;epyon";-77;1173491225
00:14:6C:F5:60:38;DAWGSHOUSE";-82;1173491225
00:11:50:EE:6F:C0;Pepperidge Farm";-83;1173491225
00:18:39:CC:A4:EE;Pony";-82;1173491225
00:14:6C:79:4C:7C;NetgearWifi";-82;1173491225
00:0F:66:05:7F:71;sherwood";-51;1173491226
00:14:BF:43:D0:5E;linksys_SES_7956";-67;1173491226
00:18:39:56:55:8D;linksys";-55;1173491226
00:09:5B:4E:61:F6;epyon";-77;1173491226
00:14:6C:F5:60:38;DAWGSHOUSE";-82;1173491226
00:11:50:EE:6F:C0;Pepperidge Farm";-83;1173491226
00:18:39:CC:A4:EE;Pony";-82;1173491226
00:14:6C:79:4C:7C;NetgearWifi";-82;1173491226
00:0F:66:05:7F:71;sherwood";-51;1173491227
00:14:BF:43:D0:5E;linksys_SES_7956";-65;1173491227
00:18:39:56:55:8D;linksys";-54;1173491227
00:09:5B:4E:61:F6;epyon";-77;1173491227
00:14:6C:F5:60:38;DAWGSHOUSE";-82;1173491227
00:11:50:EE:6F:C0;Pepperidge Farm";-83;1173491227
00:18:39:CC:A4:EE;Pony";-82;1173491227
00:14:6C:79:4C:7C;NetgearWifi";-82;1173491227
00:0F:66:05:7F:71;sherwood";-52;1173491227
00:14:BF:43:D0:5E;linksys_SES_7956";-66;1173491227
00:18:39:56:55:8D;linksys";-54;1173491227
00:09:5B:4E:61:F6;epyon";-77;1173491227
00:14:6C:F5:60:38;DAWGSHOUSE";-79;1173491227
00:11:50:EE:6F:C0;Pepperidge Farm";-83;1173491227
00:18:39:CC:A4:EE;Pony";-82;1173491227
00:14:6C:79:4C:7C;NetgearWifi";-82;1173491227
00:0F:66:05:7F:71;sherwood";-49;1173491228
00:14:BF:43:D0:5E;linksys_SES_7956";-65;1173491228
00:18:39:56:55:8D;linksys";-53;1173491228
00:09:5B:4E:61:F6;epyon";-77;1173491228
00:14:6C:F5:60:38;DAWGSHOUSE";-79;1173491228
00:11:50:EE:6F:C0;Pepperidge Farm";-83;1173491228
00:18:39:CC:A4:EE;Pony";-80;1173491228
00:14:6C:79:4C:7C;NetgearWifi";-80;1173491228
00:0F:66:05:7F:71;sherwood";-51;1173491229
00:14:BF:43:D0:5E;linksys_SES_7956";-64;1173491229
00:18:39:56:55:8D;linksys";-55;1173491229
00:09:5B:4E:61:F6;epyon";-77;1173491229
00:14:6C:F5:60:38;DAWGSHOUSE";-79;1173491229
00:11:50:EE:6F:C0;Pepperidge Farm";-83;1173491229
00:18:39:CC:A4:EE;Pony";-84;1173491229
00:14:6C:79:4C:7C;NetgearWifi";-80;1173491229
00:0F:66:05:7F:71;sherwood";-51;1173491230
00:14:BF:43:D0:5E;linksys_SES_7956";-64;1173491230
00:18:39:56:55:8D;linksys";-65;1173491230
00:09:5B:4E:61:F6;epyon";-76;1173491230
00:14:6C:F5:60:38;DAWGSHOUSE";-79;1173491230
00:11:50:EE:6F:C0;Pepperidge Farm";-83;1173491230
00:18:39:CC:A4:EE;Pony";-81;1173491230
00:14:6C:79:4C:7C;NetgearWifi";-80;1173491230
00:0F:66:05:7F:71;sherwood";-51;1173491230
00:14:BF:43:D0:5E;linksys_SES_7956";-66;1173491230
00:18:39:56:55:8D;linksys";-65;1173491230
00:09:5B:4E:61:F6;epyon";-76;1173491230
00:14:6C:F5:60:38;DAWGSHOUSE";-79;1173491230
00:11:50:EE:6F:C0;Pepperidge Farm";-83;1173491230
00:18:39:CC:A4:EE;Pony";-84;1173491230
00:14:6C:79:4C:7C;NetgearWifi";-81;1173491230
00:0F:66:05:7F:71;sherwood";-51;1173491231
00:14:BF:43:D0:5E;linksys_SES_7956";-64;1173491231
00:18:39:56:55:8D;linksys";-53;1173491231
00:09:5B:4E:61:F6;epyon";-76;1173491231
00:14:6C:F5:60:38;DAWGSHOUSE";-79;1173491231
00:11:50:EE:6F:C0;Pepperidge Farm";-83;1173491231
00:18:39:CC:A4:EE;Pony";-84;1173491231
00:14:6C:79:4C:7C;NetgearWifi";-84;1173491231
00:0F:66:05:7F:71;sherwood";-52;1173491232
00:14:BF:43:D0:5E;linksys_SES_7956";-65;1173491232
00:18:39:56:55:8D;linksys";-53;1173491232
00:09:5B:4E:61:F6;epyon";-76;1173491232
00:14:6C:F5:60:38;DAWGSHOUSE";-79;1173491232
00:11:50:EE:6F:C0;Pepperidge Farm";-83;1173491232
00:18:39:CC:A4:EE;Pony";-84;1173491232
00:14:6C:79:4C:7C;NetgearWifi";-84;1173491232
00:0F:66:05:7F:71;sherwood";-54;1173491233
00:14:BF:43:D0:5E;linksys_SES_7956";-65;1173491233
00:18:39:56:55:8D;linksys";-53;1173491233
00:09:5B:4E:61:F6;epyon";-76;1173491233
00:14:6C:F5:60:38;DAWGSHOUSE";-79;1173491233
00:11:50:EE:6F:C0;Pepperidge Farm";-83;1173491233
00:18:39:CC:A4:EE;Pony";-83;1173491233
00:14:6C:79:4C:7C;NetgearWifi";-83;1173491233
00:0F:66:05:7F:71;sherwood";-50;1173491233
00:14:BF:43:D0:5E;linksys_SES_7956";-66;1173491233
00:18:39:56:55:8D;linksys";-54;1173491233
00:09:5B:4E:61:F6;epyon";-76;1173491233
00:14:6C:F5:60:38;DAWGSHOUSE";-79;1173491233
00:11:50:EE:6F:C0;Pepperidge Farm";-84;1173491233
00:18:39:CC:A4:EE;Pony";-83;1173491233
00:14:6C:79:4C:7C;NetgearWifi";-83;1173491233
00:0F:66:05:7F:71;sherwood";-50;1173491234
00:14:BF:43:D0:5E;linksys_SES_7956";-65;1173491234
00:18:39:56:55:8D;linksys";-56;1173491234
00:09:5B:4E:61:F6;epyon";-76;1173491234
00:14:6C:F5:60:38;DAWGSHOUSE";-79;1173491234
00:11:50:EE:6F:C0;Pepperidge Farm";-84;1173491234
00:18:39:CC:A4:EE;Pony";-83;1173491234
00:14:6C:79:4C:7C;NetgearWifi";-83;1173491234
00:0F:66:05:7F:71;sherwood";-54;1173491235
00:14:BF:43:D0:5E;linksys_SES_7956";-70;1173491235
00:18:39:56:55:8D;linksys";-53;1173491235
00:09:5B:4E:61:F6;epyon";-76;1173491235
00:14:6C:F5:60:38;DAWGSHOUSE";-79;1173491235
00:11:50:EE:6F:C0;Pepperidge Farm";-84;1173491235
00:18:39:CC:A4:EE;Pony";-83;1173491235
00:14:6C:79:4C:7C;NetgearWifi";-83;1173491235
00:0F:66:05:7F:71;sherwood";-50;1173491236
00:14:BF:43:D0:5E;linksys_SES_7956";-65;1173491236
00:18:39:56:55:8D;linksys";-51;1173491236
00:09:5B:4E:61:F6;epyon";-76;1173491236
00:14:6C:F5:60:38;DAWGSHOUSE";-79;1173491236
00:11:50:EE:6F:C0;Pepperidge Farm";-84;1173491236
00:18:39:CC:A4:EE;Pony";-83;1173491236
00:14:6C:79:4C:7C;NetgearWifi";-82;1173491236
00:0F:66:05:7F:71;sherwood";-49;1173491236
00:14:BF:43:D0:5E;linksys_SES_7956";-69;1173491236
00:18:39:56:55:8D;linksys";-54;1173491236
00:09:5B:4E:61:F6;epyon";-78;1173491236
00:14:6C:F5:60:38;DAWGSHOUSE";-79;1173491236
00:11:50:EE:6F:C0;Pepperidge Farm";-83;1173491236
00:18:39:CC:A4:EE;Pony";-83;1173491236
00:14:6C:79:4C:7C;NetgearWifi";-82;1173491236
00:0F:66:05:7F:71;sherwood";-49;1173491237
00:14:BF:43:D0:5E;linksys_SES_7956";-65;1173491237
00:18:39:56:55:8D;linksys";-52;1173491237
00:09:5B:4E:61:F6;epyon";-78;1173491237
00:14:6C:F5:60:38;DAWGSHOUSE";-82;1173491237
00:11:50:EE:6F:C0;Pepperidge Farm";-83;1173491237
00:18:39:CC:A4:EE;Pony";-82;1173491237
00:14:6C:79:4C:7C;NetgearWifi";-82;1173491237
00:0F:66:05:7F:71;sherwood";-49;1173491238
00:14:BF:43:D0:5E;linksys_SES_7956";-64;1173491238
00:18:39:56:55:8D;linksys";-56;1173491238
00:09:5B:4E:61:F6;epyon";-78;1173491238
00:14:6C:F5:60:38;DAWGSHOUSE";-82;1173491238
00:11:50:EE:6F:C0;Pepperidge Farm";-83;1173491238
00:18:39:CC:A4:EE;Pony";-82;1173491238
00:14:6C:79:4C:7C;NetgearWifi";-82;1173491238
00:0F:66:05:7F:71;sherwood";-50;1173491239
00:14:BF:43:D0:5E;linksys_SES_7956";-65;1173491239
00:18:39:56:55:8D;linksys";-55;1173491239
00:09:5B:4E:61:F6;epyon";-78;1173491239
00:14:6C:F5:60:38;DAWGSHOUSE";-83;1173491239
00:11:50:EE:6F:C0;Pepperidge Farm";-76;1173491239
00:18:39:CC:A4:EE;Pony";-82;1173491239
00:14:6C:79:4C:7C;NetgearWifi";-82;1173491239
00:0F:66:05:7F:71;sherwood";-54;1173491239
00:14:BF:43:D0:5E;linksys_SES_7956";-66;1173491239
00:18:39:56:55:8D;linksys";-54;1173491239
00:09:5B:4E:61:F6;epyon";-76;1173491239
00:14:6C:F5:60:38;DAWGSHOUSE";-83;1173491239
00:11:50:EE:6F:C0;Pepperidge Farm";-76;1173491239
00:18:39:CC:A4:EE;Pony";-82;1173491239
00:14:6C:79:4C:7C;NetgearWifi";-82;1173491239
00:0F:66:05:7F:71;sherwood";-49;1173491240
00:14:BF:43:D0:5E;linksys_SES_7956";-64;1173491240
00:18:39:56:55:8D;linksys";-54;1173491240
00:09:5B:4E:61:F6;epyon";-76;1173491240
00:14:6C:F5:60:38;DAWGSHOUSE";-83;1173491240
00:11:50:EE:6F:C0;Pepperidge Farm";-84;1173491240
00:18:39:CC:A4:EE;Pony";-83;1173491240
00:14:6C:79:4C:7C;NetgearWifi";-82;1173491240
00:0F:66:05:7F:71;sherwood";-51;1173491241
00:14:BF:43:D0:5E;linksys_SES_7956";-64;1173491241
00:18:39:56:55:8D;linksys";-54;1173491241
00:09:5B:4E:61:F6;epyon";-76;1173491241
00:14:6C:F5:60:38;DAWGSHOUSE";-83;1173491241
00:11:50:EE:6F:C0;Pepperidge Farm";-84;1173491241
00:18:39:CC:A4:EE;Pony";-83;1173491241
00:14:6C:79:4C:7C;NetgearWifi";-83;1173491241
00:0F:66:05:7F:71;sherwood";-52;1173491242
00:14:BF:43:D0:5E;linksys_SES_7956";-66;1173491242
00:18:39:56:55:8D;linksys";-70;1173491242
00:09:5B:4E:61:F6;epyon";-76;1173491242
00:14:6C:F5:60:38;DAWGSHOUSE";-83;1173491242
00:11:50:EE:6F:C0;Pepperidge Farm";-84;1173491242
00:18:39:CC:A4:EE;Pony";-83;1173491242
00:14:6C:79:4C:7C;NetgearWifi";-83;1173491242
00:0F:66:05:7F:71;sherwood";-50;1173491243
00:14:BF:43:D0:5E;linksys_SES_7956";-68;1173491243
00:18:39:56:55:8D;linksys";-53;1173491243
00:09:5B:4E:61:F6;epyon";-78;1173491243
00:14:6C:F5:60:38;DAWGSHOUSE";-83;1173491243
00:11:50:EE:6F:C0;Pepperidge Farm";-84;1173491243
00:18:39:CC:A4:EE;Pony";-83;1173491243
00:14:6C:79:4C:7C;NetgearWifi";-83;1173491243
00:0F:66:05:7F:71;sherwood";-51;1173491243
00:14:BF:43:D0:5E;linksys_SES_7956";-67;1173491243
00:18:39:56:55:8D;linksys";-53;1173491243
00:09:5B:4E:61:F6;epyon";-78;1173491243
00:14:6C:F5:60:38;DAWGSHOUSE";-83;1173491243
00:11:50:EE:6F:C0;Pepperidge Farm";-84;1173491243
00:18:39:CC:A4:EE;Pony";-83;1173491243
00:14:6C:79:4C:7C;NetgearWifi";-83;1173491243
00:0F:66:05:7F:71;sherwood";-49;1173491244
00:14:BF:43:D0:5E;linksys_SES_7956";-65;1173491244
00:18:39:56:55:8D;linksys";-56;1173491244
00:09:5B:4E:61:F6;epyon";-78;1173491244
00:14:6C:F5:60:38;DAWGSHOUSE";-83;1173491244
00:11:50:EE:6F:C0;Pepperidge Farm";-84;1173491244
00:18:39:CC:A4:EE;Pony";-83;1173491244
00:14:6C:79:4C:7C;NetgearWifi";-83;1173491244
00:0F:66:05:7F:71;sherwood";-50;1173491245
00:14:BF:43:D0:5E;linksys_SES_7956";-66;1173491245
00:18:39:56:55:8D;linksys";-53;1173491245
00:09:5B:4E:61:F6;epyon";-78;1173491245
00:14:6C:F5:60:38;DAWGSHOUSE";-83;1173491245
00:11:50:EE:6F:C0;Pepperidge Farm";-84;1173491245
00:18:39:CC:A4:EE;Pony";-83;1173491245
00:14:6C:79:4C:7C;NetgearWifi";-83;1173491245
