00:40:96:59:A1:A2;University of Washington";-43;1173139646
00:40:96:49:41:D0;University of Washington";-47;1173139646
00:40:96:49:41:00;University of Washington";-70;1173139646
00:40:96:59:A1:A2;University of Washington";-42;1173139647
00:40:96:40:19:24;University of Washington";-67;1173139647
00:40:96:49:41:D0;University of Washington";-47;1173139647
00:40:96:40:28:F2;University of Washington";-51;1173139647
00:40:96:49:25:2A;University of Washington";-67;1173139647
00:40:96:49:25:03;University of Washington";-46;1173139648
00:40:96:41:7D:F2;University of Washington";-61;1173139648
00:40:96:49:4F:82;University of Washington";-56;1173139648
00:40:96:49:4B:A9;University of Washington";-62;1173139648
00:40:96:49:41:00;University of Washington";-70;1173139648
00:40:96:59:A1:A2;University of Washington";-43;1173139648
00:40:96:40:19:24;University of Washington";-67;1173139649
00:40:96:49:41:D0;University of Washington";-49;1173139649
00:40:96:40:28:F2;University of Washington";-51;1173139649
00:40:96:49:25:2A;University of Washington";-66;1173139649
00:40:96:49:25:03;University of Washington";-46;1173139649
00:40:96:41:7D:F2;University of Washington";-62;1173139649
00:40:96:49:4F:82;University of Washington";-56;1173139649
00:40:96:49:4B:A9;University of Washington";-62;1173139649
00:40:96:49:41:00;University of Washington";-70;1173139649
00:40:96:40:66:DC;University of Washington";-64;1173139649
00:40:96:59:A1:A2;University of Washington";-44;1173139650
00:40:96:40:19:24;University of Washington";-68;1173139650
00:40:96:49:41:D0;University of Washington";-48;1173139650
00:40:96:40:28:F2;University of Washington";-63;1173139650
00:40:96:49:25:2A;University of Washington";-66;1173139650
00:40:96:49:25:03;University of Washington";-45;1173139650
00:40:96:41:7D:F2;University of Washington";-62;1173139650
00:40:96:49:4F:82;University of Washington";-56;1173139650
00:40:96:49:4B:A9;University of Washington";-62;1173139650
00:40:96:49:41:00;University of Washington";-70;1173139650
00:40:96:40:66:DC;University of Washington";-64;1173139650
00:40:96:59:A1:A2;University of Washington";-44;1173139651
00:40:96:40:19:24;University of Washington";-68;1173139651
00:40:96:49:41:D0;University of Washington";-48;1173139651
00:40:96:40:28:F2;University of Washington";-63;1173139651
00:40:96:49:25:2A;University of Washington";-66;1173139651
00:40:96:49:25:03;University of Washington";-44;1173139651
00:40:96:41:7D:F2;University of Washington";-66;1173139651
00:40:96:49:4F:82;University of Washington";-56;1173139651
00:40:96:49:4B:A9;University of Washington";-67;1173139651
00:40:96:49:41:00;University of Washington";-74;1173139651
00:40:96:40:66:DC;University of Washington";-64;1173139651
00:40:96:59:A1:A2;University of Washington";-43;1173139652
00:40:96:40:19:24;University of Washington";-68;1173139652
00:40:96:49:41:D0;University of Washington";-47;1173139652
00:40:96:40:28:F2;University of Washington";-64;1173139652
00:40:96:49:25:2A;University of Washington";-65;1173139652
00:40:96:49:25:03;University of Washington";-45;1173139652
00:40:96:41:7D:F2;University of Washington";-65;1173139652
00:40:96:49:4F:82;University of Washington";-57;1173139653
00:40:96:49:4B:A9;University of Washington";-67;1173139653
00:40:96:49:41:00;University of Washington";-73;1173139653
00:40:96:40:66:DC;University of Washington";-70;1173139653
00:40:96:59:A1:A2;University of Washington";-42;1173139653
00:40:96:40:19:24;University of Washington";-68;1173139654
00:40:96:49:41:D0;University of Washington";-47;1173139654
00:40:96:40:28:F2;University of Washington";-64;1173139654
00:40:96:49:25:2A;University of Washington";-65;1173139654
00:40:96:49:25:03;University of Washington";-45;1173139654
00:40:96:41:7D:F2;University of Washington";-65;1173139654
00:40:96:49:4F:82;University of Washington";-57;1173139654
00:40:96:49:4B:A9;University of Washington";-67;1173139654
00:40:96:49:41:00;University of Washington";-73;1173139654
00:40:96:40:66:DC;University of Washington";-70;1173139654
00:40:96:59:A1:A2;University of Washington";-43;1173139655
00:40:96:40:19:24;University of Washington";-65;1173139655
00:40:96:49:41:D0;University of Washington";-47;1173139655
00:40:96:40:28:F2;University of Washington";-64;1173139655
00:40:96:49:25:2A;University of Washington";-65;1173139655
00:40:96:49:25:03;University of Washington";-44;1173139655
00:40:96:41:7D:F2;University of Washington";-64;1173139655
00:40:96:49:4F:82;University of Washington";-57;1173139655
00:40:96:49:4B:A9;University of Washington";-67;1173139655
00:40:96:49:41:00;University of Washington";-72;1173139655
00:40:96:40:66:DC;University of Washington";-64;1173139655
00:40:96:59:A1:A2;University of Washington";-42;1173139656
00:40:96:40:19:24;University of Washington";-65;1173139656
00:40:96:49:41:D0;University of Washington";-47;1173139656
00:40:96:40:28:F2;University of Washington";-64;1173139656
00:40:96:49:25:2A;University of Washington";-61;1173139656
00:40:96:49:25:03;University of Washington";-44;1173139656
00:40:96:41:7D:F2;University of Washington";-65;1173139656
00:40:96:49:4F:82;University of Washington";-57;1173139656
00:40:96:49:4B:A9;University of Washington";-60;1173139656
00:40:96:49:41:00;University of Washington";-73;1173139656
00:40:96:40:66:DC;University of Washington";-64;1173139656
00:40:96:59:A1:A2;University of Washington";-42;1173139657
00:40:96:40:19:24;University of Washington";-68;1173139657
00:40:96:49:41:D0;University of Washington";-47;1173139657
00:40:96:40:28:F2;University of Washington";-61;1173139657
00:40:96:49:25:2A;University of Washington";-63;1173139657
00:40:96:49:25:03;University of Washington";-44;1173139657
00:40:96:41:7D:F2;University of Washington";-65;1173139657
00:40:96:49:4F:82;University of Washington";-57;1173139657
00:40:96:49:4B:A9;University of Washington";-60;1173139657
00:40:96:49:41:00;University of Washington";-73;1173139657
00:40:96:40:66:DC;University of Washington";-64;1173139658
00:40:96:59:A1:A2;University of Washington";-41;1173139658
00:40:96:40:19:24;University of Washington";-67;1173139658
00:40:96:49:41:D0;University of Washington";-46;1173139658
00:40:96:40:28:F2;University of Washington";-61;1173139658
00:40:96:49:25:2A;University of Washington";-63;1173139659
00:40:96:49:25:03;University of Washington";-44;1173139659
00:40:96:41:7D:F2;University of Washington";-65;1173139659
00:40:96:49:4F:82;University of Washington";-57;1173139659
00:40:96:49:4B:A9;University of Washington";-61;1173139659
00:40:96:49:41:00;University of Washington";-72;1173139659
00:40:96:40:66:DC;University of Washington";-65;1173139659
00:0B:86:A0:6E:50;University of Washington";-81;1173139659
00:40:96:59:A1:A2;University of Washington";-42;1173139660
00:40:96:40:19:24;University of Washington";-68;1173139660
00:40:96:49:41:D0;University of Washington";-49;1173139660
00:40:96:40:28:F2;University of Washington";-61;1173139660
00:40:96:49:25:2A;University of Washington";-64;1173139660
00:40:96:49:25:03;University of Washington";-44;1173139660
00:40:96:41:7D:F2;University of Washington";-63;1173139660
00:40:96:49:4F:82;University of Washington";-57;1173139660
00:40:96:49:4B:A9;University of Washington";-62;1173139660
00:40:96:49:41:00;University of Washington";-70;1173139660
00:40:96:40:66:DC;University of Washington";-64;1173139660
00:0B:86:A0:6E:50;University of Washington";-81;1173139660
00:40:96:40:60:96;University of Washington";-80;1173139660
00:40:96:59:A1:A2;University of Washington";-43;1173139661
00:40:96:40:19:24;University of Washington";-68;1173139661
00:40:96:49:41:D0;University of Washington";-49;1173139661
00:40:96:40:28:F2;University of Washington";-61;1173139661
00:40:96:49:25:2A;University of Washington";-64;1173139661
00:40:96:49:25:03;University of Washington";-44;1173139661
00:40:96:41:7D:F2;University of Washington";-63;1173139661
00:40:96:49:4F:82;University of Washington";-55;1173139661
00:40:96:49:4B:A9;University of Washington";-62;1173139661
00:40:96:49:41:00;University of Washington";-70;1173139661
00:40:96:40:66:DC;University of Washington";-64;1173139661
00:0B:86:A0:6E:50;University of Washington";-81;1173139661
00:40:96:40:60:96;University of Washington";-80;1173139661
00:40:96:59:A1:A2;University of Washington";-42;1173139662
00:40:96:40:19:24;University of Washington";-68;1173139662
00:40:96:49:41:D0;University of Washington";-44;1173139662
00:40:96:40:28:F2;University of Washington";-61;1173139662
00:40:96:49:25:2A;University of Washington";-64;1173139662
00:40:96:49:25:03;University of Washington";-44;1173139662
00:40:96:41:7D:F2;University of Washington";-64;1173139662
00:40:96:49:4F:82;University of Washington";-56;1173139662
00:40:96:49:4B:A9;University of Washington";-61;1173139662
00:40:96:49:41:00;University of Washington";-70;1173139662
00:40:96:40:66:DC;University of Washington";-64;1173139662
00:0B:86:A0:6E:50;University of Washington";-81;1173139662
00:40:96:40:60:96;University of Washington";-80;1173139662
00:40:96:59:A1:A2;University of Washington";-42;1173139663
00:40:96:40:19:24;University of Washington";-68;1173139663
00:40:96:49:41:D0;University of Washington";-44;1173139663
00:40:96:40:28:F2;University of Washington";-64;1173139663
00:40:96:49:25:2A;University of Washington";-64;1173139663
00:40:96:49:25:03;University of Washington";-44;1173139664
00:40:96:41:7D:F2;University of Washington";-64;1173139664
00:40:96:49:4F:82;University of Washington";-57;1173139664
00:40:96:49:4B:A9;University of Washington";-62;1173139664
00:40:96:49:41:00;University of Washington";-70;1173139664
00:40:96:40:66:DC;University of Washington";-64;1173139664
00:0B:86:A0:6E:50;University of Washington";-81;1173139664
00:40:96:40:60:96;University of Washington";-80;1173139664
00:40:96:59:A1:A2;University of Washington";-42;1173139665
00:40:96:40:19:24;University of Washington";-67;1173139665
00:40:96:49:41:D0;University of Washington";-45;1173139665
00:40:96:40:28:F2;University of Washington";-65;1173139665
00:40:96:49:25:2A;University of Washington";-64;1173139665
00:40:96:49:25:03;University of Washington";-44;1173139665
00:40:96:41:7D:F2;University of Washington";-62;1173139665
00:40:96:49:4F:82;University of Washington";-56;1173139665
00:40:96:49:4B:A9;University of Washington";-62;1173139665
00:40:96:49:41:00;University of Washington";-72;1173139665
00:40:96:40:66:DC;University of Washington";-65;1173139665
00:0B:86:A0:6E:50;University of Washington";-81;1173139665
00:40:96:40:60:96;University of Washington";-80;1173139665
00:40:96:59:A1:A2;University of Washington";-43;1173139666
00:40:96:40:19:24;University of Washington";-67;1173139666
00:40:96:49:41:D0;University of Washington";-46;1173139666
00:40:96:40:28:F2;University of Washington";-64;1173139666
00:40:96:49:25:2A;University of Washington";-62;1173139666
00:40:96:49:25:03;University of Washington";-44;1173139666
00:40:96:41:7D:F2;University of Washington";-62;1173139666
00:40:96:49:4F:82;University of Washington";-56;1173139666
00:40:96:49:4B:A9;University of Washington";-62;1173139666
00:40:96:49:41:00;University of Washington";-72;1173139666
00:40:96:40:66:DC;University of Washington";-65;1173139666
00:0B:86:A0:6E:50;University of Washington";-81;1173139666
00:40:96:40:60:96;University of Washington";-80;1173139666
00:40:96:59:A1:A2;University of Washington";-42;1173139667
00:40:96:40:19:24;University of Washington";-65;1173139667
00:40:96:49:41:D0;University of Washington";-47;1173139667
00:40:96:40:28:F2;University of Washington";-65;1173139667
00:40:96:49:25:2A;University of Washington";-63;1173139667
00:40:96:49:25:03;University of Washington";-43;1173139667
00:40:96:41:7D:F2;University of Washington";-61;1173139667
00:40:96:49:4F:82;University of Washington";-56;1173139667
00:40:96:49:4B:A9;University of Washington";-61;1173139667
00:40:96:49:41:00;University of Washington";-70;1173139667
00:40:96:40:66:DC;University of Washington";-65;1173139668
00:0B:86:A0:6E:50;University of Washington";-81;1173139668
00:40:96:40:60:96;University of Washington";-80;1173139668
00:40:96:59:A1:A2;University of Washington";-42;1173139668
00:40:96:40:19:24;University of Washington";-65;1173139669
00:40:96:49:41:D0;University of Washington";-45;1173139669
00:40:96:40:28:F2;University of Washington";-65;1173139669
00:40:96:49:25:2A;University of Washington";-63;1173139669
00:40:96:49:25:03;University of Washington";-43;1173139669
00:40:96:41:7D:F2;University of Washington";-61;1173139669
00:40:96:49:4F:82;University of Washington";-56;1173139669
00:40:96:49:4B:A9;University of Washington";-61;1173139669
00:40:96:49:41:00;University of Washington";-70;1173139669
00:40:96:40:66:DC;University of Washington";-65;1173139669
00:0B:86:A0:6E:50;University of Washington";-81;1173139669
00:40:96:40:60:96;University of Washington";-80;1173139669
00:40:96:59:A1:A2;University of Washington";-42;1173139670
00:40:96:40:19:24;University of Washington";-65;1173139670
00:40:96:49:41:D0;University of Washington";-45;1173139670
00:40:96:40:28:F2;University of Washington";-65;1173139670
00:40:96:49:25:2A;University of Washington";-63;1173139670
00:40:96:49:25:03;University of Washington";-43;1173139670
00:40:96:41:7D:F2;University of Washington";-65;1173139670
00:40:96:49:4F:82;University of Washington";-56;1173139670
00:40:96:49:4B:A9;University of Washington";-62;1173139670
00:40:96:49:41:00;University of Washington";-70;1173139670
00:40:96:40:66:DC;University of Washington";-65;1173139670
00:0B:86:A0:6E:50;University of Washington";-81;1173139670
00:0B:86:A0:74:A0;University of Washington";-85;1173139671
00:40:96:40:60:96;University of Washington";-80;1173139671
00:40:96:59:A1:A2;University of Washington";-43;1173139671
00:40:96:40:19:24;University of Washington";-68;1173139671
00:40:96:49:41:D0;University of Washington";-51;1173139672
00:40:96:40:28:F2;University of Washington";-60;1173139672
00:40:96:49:25:2A;University of Washington";-63;1173139672
00:40:96:49:25:03;University of Washington";-43;1173139672
00:40:96:41:7D:F2;University of Washington";-65;1173139672
00:40:96:49:4F:82;University of Washington";-56;1173139672
00:40:96:49:4B:A9;University of Washington";-62;1173139672
00:40:96:49:41:00;University of Washington";-70;1173139672
00:40:96:40:66:DC;University of Washington";-65;1173139672
00:0B:86:A0:6E:50;University of Washington";-81;1173139672
00:0B:86:A0:74:A0;University of Washington";-85;1173139672
00:40:96:40:60:96;University of Washington";-80;1173139672
00:40:96:59:A1:A2;University of Washington";-43;1173139673
00:40:96:40:19:24;University of Washington";-68;1173139673
00:40:96:49:41:D0;University of Washington";-49;1173139673
00:40:96:40:28:F2;University of Washington";-60;1173139673
00:40:96:49:25:2A;University of Washington";-63;1173139673
00:40:96:49:25:03;University of Washington";-43;1173139673
00:40:96:41:7D:F2;University of Washington";-62;1173139673
00:40:96:49:4F:82;University of Washington";-56;1173139673
00:40:96:49:4B:A9;University of Washington";-60;1173139673
00:40:96:49:41:00;University of Washington";-72;1173139673
00:40:96:40:66:DC;University of Washington";-65;1173139673
00:0B:86:A0:6E:50;University of Washington";-81;1173139673
00:0B:86:A0:74:A0;University of Washington";-85;1173139673
00:40:96:40:60:96;University of Washington";-80;1173139673
00:40:96:59:A1:A2;University of Washington";-43;1173139674
00:40:96:40:19:24;University of Washington";-68;1173139674
00:40:96:49:41:D0;University of Washington";-49;1173139674
00:40:96:40:28:F2;University of Washington";-60;1173139674
00:40:96:49:25:2A;University of Washington";-63;1173139674
00:40:96:49:25:03;University of Washington";-43;1173139674
00:40:96:41:7D:F2;University of Washington";-62;1173139674
00:40:96:49:4F:82;University of Washington";-58;1173139674
00:40:96:49:4B:A9;University of Washington";-60;1173139674
00:40:96:49:41:00;University of Washington";-72;1173139674
00:40:96:40:66:DC;University of Washington";-62;1173139674
00:0B:86:A0:74:A0;University of Washington";-85;1173139674
00:40:96:40:60:96;University of Washington";-80;1173139674
00:40:96:59:A1:A2;University of Washington";-43;1173139675
00:40:96:40:19:24;University of Washington";-68;1173139675
00:40:96:49:41:D0;University of Washington";-52;1173139675
00:40:96:40:28:F2;University of Washington";-60;1173139675
00:40:96:49:25:2A;University of Washington";-63;1173139676
00:40:96:49:25:03;University of Washington";-44;1173139676
00:40:96:41:7D:F2;University of Washington";-60;1173139676
00:40:96:49:4F:82;University of Washington";-57;1173139676
00:40:96:49:4B:A9;University of Washington";-59;1173139676
00:40:96:49:41:00;University of Washington";-72;1173139676
00:40:96:40:66:DC;University of Washington";-64;1173139676
00:0B:86:A0:74:A0;University of Washington";-85;1173139676
00:40:96:40:60:96;University of Washington";-80;1173139676
00:40:96:59:A1:A2;University of Washington";-42;1173139677
00:40:96:40:19:24;University of Washington";-68;1173139677
00:40:96:49:41:D0;University of Washington";-52;1173139677
00:40:96:40:28:F2;University of Washington";-60;1173139677
00:40:96:49:25:2A;University of Washington";-63;1173139677
00:40:96:49:25:03;University of Washington";-44;1173139677
00:40:96:41:7D:F2;University of Washington";-60;1173139677
00:40:96:49:4F:82;University of Washington";-57;1173139677
00:40:96:49:4B:A9;University of Washington";-59;1173139677
00:40:96:49:41:00;University of Washington";-71;1173139677
00:40:96:40:66:DC;University of Washington";-64;1173139677
00:0B:86:A0:74:A0;University of Washington";-85;1173139677
00:40:96:40:60:96;University of Washington";-80;1173139677
00:40:96:59:A1:A2;University of Washington";-42;1173139678
00:40:96:40:19:24;University of Washington";-68;1173139678
00:40:96:49:41:D0;University of Washington";-49;1173139678
00:40:96:40:28:F2;University of Washington";-63;1173139678
00:40:96:49:25:2A;University of Washington";-65;1173139678
00:40:96:49:25:03;University of Washington";-44;1173139678
00:40:96:41:7D:F2;University of Washington";-66;1173139678
00:40:96:49:4F:82;University of Washington";-57;1173139678
00:40:96:49:4B:A9;University of Washington";-60;1173139678
00:40:96:49:41:00;University of Washington";-70;1173139678
00:40:96:40:66:DC;University of Washington";-64;1173139678
00:0B:86:A0:74:A0;University of Washington";-85;1173139678
00:40:96:40:60:96;University of Washington";-80;1173139678
00:40:96:59:A1:A2;University of Washington";-42;1173139679
00:40:96:40:19:24;University of Washington";-68;1173139679
00:40:96:49:41:D0;University of Washington";-47;1173139679
00:40:96:40:28:F2;University of Washington";-63;1173139679
00:40:96:49:25:2A;University of Washington";-65;1173139679
00:40:96:49:25:03;University of Washington";-44;1173139680
00:40:96:41:7D:F2;University of Washington";-66;1173139680
00:40:96:49:4F:82;University of Washington";-57;1173139680
00:40:96:49:4B:A9;University of Washington";-60;1173139680
00:40:96:49:41:00;University of Washington";-70;1173139680
00:40:96:40:66:DC;University of Washington";-64;1173139680
00:0B:86:A0:74:A0;University of Washington";-85;1173139680
00:40:96:40:60:96;University of Washington";-80;1173139680
00:40:96:59:A1:A2;University of Washington";-42;1173139681
00:40:96:40:19:24;University of Washington";-68;1173139681
00:40:96:49:41:D0;University of Washington";-47;1173139681
00:40:96:40:28:F2;University of Washington";-63;1173139681
00:40:96:49:25:2A;University of Washington";-65;1173139681
00:40:96:49:25:03;University of Washington";-44;1173139681
00:40:96:41:7D:F2;University of Washington";-66;1173139681
00:40:96:49:4F:82;University of Washington";-57;1173139681
00:40:96:49:4B:A9;University of Washington";-59;1173139681
00:40:96:49:41:00;University of Washington";-70;1173139681
00:40:96:40:66:DC;University of Washington";-66;1173139681
00:0B:86:A0:74:A0;University of Washington";-85;1173139681
00:40:96:40:60:96;University of Washington";-80;1173139681
00:40:96:40:38:5A;University of Washington";-45;1173139682
00:40:96:59:A1:A2;University of Washington";-45;1173139682
00:40:96:40:19:24;University of Washington";-68;1173139682
00:40:96:49:41:D0;University of Washington";-50;1173139682
00:40:96:40:28:F2;University of Washington";-63;1173139682
00:40:96:49:25:2A;University of Washington";-65;1173139682
00:40:96:49:25:03;University of Washington";-45;1173139682
00:40:96:41:7D:F2;University of Washington";-61;1173139682
00:40:96:49:4F:82;University of Washington";-55;1173139682
00:40:96:49:4B:A9;University of Washington";-59;1173139682
00:40:96:49:41:00;University of Washington";-70;1173139682
00:40:96:40:66:DC;University of Washington";-66;1173139682
00:0B:86:A0:74:A0;University of Washington";-85;1173139682
00:40:96:40:38:5A;University of Washington";-45;1173139683
00:40:96:59:A1:A2;University of Washington";-42;1173139683
00:40:96:40:19:24;University of Washington";-68;1173139683
00:40:96:49:41:D0;University of Washington";-48;1173139683
00:40:96:40:28:F2;University of Washington";-63;1173139683
00:40:96:49:25:2A;University of Washington";-64;1173139683
00:40:96:49:25:03;University of Washington";-44;1173139683
00:40:96:41:7D:F2;University of Washington";-65;1173139683
00:40:96:49:4F:82;University of Washington";-57;1173139684
00:40:96:49:4B:A9;University of Washington";-59;1173139684
00:40:96:49:41:00;University of Washington";-72;1173139684
00:40:96:40:66:DC;University of Washington";-64;1173139684
00:0B:86:A0:74:A0;University of Washington";-85;1173139684
00:40:96:40:38:5A;University of Washington";-45;1173139685
00:40:96:59:A1:A2;University of Washington";-42;1173139685
00:40:96:40:19:24;University of Washington";-68;1173139685
00:40:96:49:41:D0;University of Washington";-48;1173139685
00:40:96:40:28:F2;University of Washington";-61;1173139685
00:40:96:49:25:2A;University of Washington";-64;1173139685
00:40:96:49:25:03;University of Washington";-44;1173139685
00:40:96:41:7D:F2;University of Washington";-65;1173139685
00:40:96:49:4F:82;University of Washington";-58;1173139685
00:40:96:49:4B:A9;University of Washington";-59;1173139685
00:40:96:49:41:00;University of Washington";-72;1173139685
00:40:96:40:66:DC;University of Washington";-64;1173139685
00:40:96:40:38:5A;University of Washington";-45;1173139686
00:40:96:59:A1:A2;University of Washington";-42;1173139686
00:40:96:40:19:24;University of Washington";-66;1173139686
00:40:96:49:41:D0;University of Washington";-50;1173139686
00:40:96:40:28:F2;University of Washington";-61;1173139686
00:40:96:49:25:2A;University of Washington";-64;1173139686
00:40:96:49:25:03;University of Washington";-46;1173139686
00:40:96:41:7D:F2;University of Washington";-65;1173139686
00:40:96:49:4F:82;University of Washington";-58;1173139686
00:40:96:49:4B:A9;University of Washington";-58;1173139686
00:40:96:49:41:00;University of Washington";-71;1173139686
00:40:96:40:66:DC;University of Washington";-64;1173139686
00:40:96:40:38:5A;University of Washington";-45;1173139687
00:40:96:59:A1:A2;University of Washington";-42;1173139687
00:40:96:40:19:24;University of Washington";-66;1173139687
00:40:96:49:41:D0;University of Washington";-46;1173139687
00:40:96:40:28:F2;University of Washington";-62;1173139687
00:40:96:49:25:2A;University of Washington";-64;1173139687
00:40:96:49:25:03;University of Washington";-46;1173139687
00:40:96:41:7D:F2;University of Washington";-65;1173139687
00:40:96:49:4F:82;University of Washington";-58;1173139687
00:40:96:49:4B:A9;University of Washington";-58;1173139687
00:40:96:49:41:00;University of Washington";-71;1173139687
00:40:96:40:66:DC;University of Washington";-64;1173139687
00:40:96:40:38:5A;University of Washington";-45;1173139688
00:40:96:59:A1:A2;University of Washington";-41;1173139688
00:40:96:40:19:24;University of Washington";-66;1173139688
00:40:96:49:41:D0;University of Washington";-46;1173139688
00:40:96:40:28:F2;University of Washington";-65;1173139688
00:40:96:49:25:2A;University of Washington";-64;1173139688
00:40:96:49:25:03;University of Washington";-45;1173139689
00:40:96:41:7D:F2;University of Washington";-68;1173139689
00:40:96:49:4F:82;University of Washington";-58;1173139689
00:40:96:49:4B:A9;University of Washington";-59;1173139689
00:40:96:49:41:00;University of Washington";-72;1173139689
00:40:96:40:66:DC;University of Washington";-62;1173139689
00:40:96:40:38:5A;University of Washington";-45;1173139690
00:40:96:59:A1:A2;University of Washington";-41;1173139690
00:40:96:40:19:24;University of Washington";-67;1173139690
00:40:96:49:41:D0;University of Washington";-44;1173139690
00:40:96:40:28:F2;University of Washington";-65;1173139690
00:40:96:49:25:2A;University of Washington";-62;1173139690
00:40:96:49:25:03;University of Washington";-46;1173139690
00:40:96:41:7D:F2;University of Washington";-62;1173139690
00:40:96:49:4F:82;University of Washington";-58;1173139690
00:40:96:49:4B:A9;University of Washington";-61;1173139690
00:40:96:49:41:00;University of Washington";-72;1173139690
00:40:96:40:66:DC;University of Washington";-63;1173139690
00:40:96:40:38:5A;University of Washington";-45;1173139691
00:40:96:59:A1:A2;University of Washington";-42;1173139691
00:40:96:40:19:24;University of Washington";-66;1173139691
00:40:96:49:41:D0;University of Washington";-44;1173139691
00:40:96:40:28:F2;University of Washington";-65;1173139691
00:40:96:49:25:2A;University of Washington";-64;1173139691
00:40:96:49:25:03;University of Washington";-44;1173139691
00:40:96:41:7D:F2;University of Washington";-62;1173139691
00:40:96:49:4F:82;University of Washington";-58;1173139691
00:40:96:49:4B:A9;University of Washington";-61;1173139691
00:40:96:49:41:00;University of Washington";-72;1173139691
00:40:96:40:66:DC;University of Washington";-64;1173139691
00:40:96:40:38:5A;University of Washington";-45;1173139692
00:40:96:59:A1:A2;University of Washington";-42;1173139692
00:40:96:40:19:24;University of Washington";-65;1173139692
00:40:96:49:41:D0;University of Washington";-45;1173139692
00:40:96:40:28:F2;University of Washington";-65;1173139692
00:40:96:49:25:2A;University of Washington";-64;1173139692
00:40:96:49:25:03;University of Washington";-44;1173139692
00:40:96:41:7D:F2;University of Washington";-62;1173139692
00:40:96:49:4F:82;University of Washington";-55;1173139692
00:40:96:49:4B:A9;University of Washington";-61;1173139692
00:40:96:49:41:00;University of Washington";-72;1173139692
00:40:96:40:66:DC;University of Washington";-64;1173139693
00:40:96:40:38:5A;University of Washington";-45;1173139693
00:40:96:59:A1:A2;University of Washington";-42;1173139693
00:40:96:40:19:24;University of Washington";-65;1173139694
00:40:96:49:41:D0;University of Washington";-46;1173139694
00:40:96:40:28:F2;University of Washington";-65;1173139694
00:40:96:49:25:2A;University of Washington";-64;1173139694
00:40:96:49:25:03;University of Washington";-45;1173139694
00:40:96:41:7D:F2;University of Washington";-62;1173139694
00:40:96:49:4F:82;University of Washington";-58;1173139694
00:40:96:49:4B:A9;University of Washington";-61;1173139694
00:40:96:49:41:00;University of Washington";-71;1173139694
00:40:96:40:66:DC;University of Washington";-64;1173139694
00:40:96:40:38:5A;University of Washington";-45;1173139695
00:40:96:59:A1:A2;University of Washington";-41;1173139695
00:40:96:40:19:24;University of Washington";-65;1173139695
00:40:96:49:41:D0;University of Washington";-46;1173139695
00:40:96:40:28:F2;University of Washington";-65;1173139695
00:40:96:49:25:2A;University of Washington";-64;1173139695
00:40:96:49:25:03;University of Washington";-45;1173139695
00:40:96:41:7D:F2;University of Washington";-62;1173139695
00:40:96:49:4F:82;University of Washington";-58;1173139695
00:40:96:49:4B:A9;University of Washington";-61;1173139695
00:40:96:49:41:00;University of Washington";-71;1173139695
00:40:96:40:66:DC;University of Washington";-64;1173139695
00:40:96:40:38:5A;University of Washington";-45;1173139696
00:40:96:59:A1:A2;University of Washington";-41;1173139696
00:40:96:40:19:24;University of Washington";-65;1173139696
00:40:96:49:41:D0;University of Washington";-45;1173139696
00:40:96:40:28:F2;University of Washington";-61;1173139696
00:40:96:49:25:2A;University of Washington";-64;1173139696
00:40:96:49:25:03;University of Washington";-45;1173139696
00:40:96:41:7D:F2;University of Washington";-62;1173139696
00:40:96:49:4F:82;University of Washington";-58;1173139696
00:40:96:49:4B:A9;University of Washington";-61;1173139696
00:40:96:49:41:00;University of Washington";-71;1173139696
00:40:96:40:66:DC;University of Washington";-64;1173139696
00:40:96:59:A1:A2;University of Washington";-42;1173139697
00:40:96:40:19:24;University of Washington";-65;1173139697
00:40:96:49:41:D0;University of Washington";-45;1173139697
00:40:96:40:28:F2;University of Washington";-61;1173139697
00:40:96:49:25:2A;University of Washington";-64;1173139697
00:40:96:49:25:03;University of Washington";-43;1173139698
00:40:96:41:7D:F2;University of Washington";-61;1173139698
00:40:96:49:4F:82;University of Washington";-56;1173139698
00:40:96:49:4B:A9;University of Washington";-61;1173139698
00:40:96:49:41:00;University of Washington";-71;1173139698
00:40:96:40:66:DC;University of Washington";-64;1173139698
00:40:96:59:A1:A2;University of Washington";-42;1173139699
00:40:96:40:19:24;University of Washington";-65;1173139699
00:40:96:49:41:D0;University of Washington";-46;1173139699
00:40:96:40:28:F2;University of Washington";-61;1173139699
00:40:96:49:25:2A;University of Washington";-62;1173139699
00:40:96:49:25:03;University of Washington";-43;1173139699
00:40:96:41:7D:F2;University of Washington";-61;1173139699
00:40:96:49:4F:82;University of Washington";-56;1173139699
00:40:96:49:4B:A9;University of Washington";-60;1173139699
00:40:96:49:41:00;University of Washington";-69;1173139699
00:40:96:40:66:DC;University of Washington";-64;1173139699
00:40:96:59:A1:A2;University of Washington";-41;1173139700
00:40:96:40:19:24;University of Washington";-65;1173139700
00:40:96:49:41:D0;University of Washington";-46;1173139700
00:40:96:40:28:F2;University of Washington";-61;1173139700
00:40:96:49:25:2A;University of Washington";-62;1173139700
00:40:96:49:25:03;University of Washington";-44;1173139700
00:40:96:41:7D:F2;University of Washington";-61;1173139700
00:40:96:49:4F:82;University of Washington";-55;1173139700
00:40:96:49:4B:A9;University of Washington";-59;1173139700
00:40:96:49:41:00;University of Washington";-71;1173139700
00:40:96:40:66:DC;University of Washington";-64;1173139700
00:40:96:59:A1:A2;University of Washington";-41;1173139701
00:40:96:40:19:24;University of Washington";-65;1173139701
00:40:96:49:41:D0;University of Washington";-44;1173139701
00:40:96:40:28:F2;University of Washington";-61;1173139701
00:40:96:49:25:2A;University of Washington";-62;1173139701
00:40:96:49:25:03;University of Washington";-45;1173139701
00:40:96:41:7D:F2;University of Washington";-61;1173139701
00:40:96:49:4F:82;University of Washington";-55;1173139701
00:40:96:49:4B:A9;University of Washington";-59;1173139701
00:40:96:49:41:00;University of Washington";-71;1173139701
00:40:96:40:66:DC;University of Washington";-64;1173139701
00:40:96:59:A1:A2;University of Washington";-42;1173139702
00:40:96:40:19:24;University of Washington";-65;1173139702
00:40:96:49:41:D0;University of Washington";-46;1173139702
00:40:96:40:28:F2;University of Washington";-61;1173139702
00:40:96:49:25:2A;University of Washington";-62;1173139702
00:40:96:49:25:03;University of Washington";-44;1173139702
00:40:96:41:7D:F2;University of Washington";-63;1173139702
00:40:96:49:4F:82;University of Washington";-55;1173139703
00:40:96:49:4B:A9;University of Washington";-59;1173139703
00:40:96:49:41:00;University of Washington";-71;1173139703
00:40:96:40:66:DC;University of Washington";-65;1173139703
00:40:96:59:A1:A2;University of Washington";-41;1173139704
00:40:96:40:19:24;University of Washington";-65;1173139704
00:40:96:49:41:D0;University of Washington";-46;1173139704
00:40:96:40:28:F2;University of Washington";-62;1173139704
00:40:96:49:25:2A;University of Washington";-62;1173139704
00:40:96:49:25:03;University of Washington";-44;1173139704
00:40:96:41:7D:F2;University of Washington";-65;1173139704
00:40:96:49:4F:82;University of Washington";-54;1173139704
00:40:96:49:4B:A9;University of Washington";-59;1173139704
00:40:96:49:41:00;University of Washington";-71;1173139704
00:40:96:40:66:DC;University of Washington";-65;1173139704
00:40:96:59:A1:A2;University of Washington";-42;1173139705
00:40:96:40:19:24;University of Washington";-65;1173139705
00:40:96:49:41:D0;University of Washington";-46;1173139705
00:40:96:40:28:F2;University of Washington";-62;1173139705
00:40:96:49:25:2A;University of Washington";-64;1173139705
00:40:96:49:25:03;University of Washington";-46;1173139705
00:40:96:41:7D:F2;University of Washington";-62;1173139705
00:40:96:49:4F:82;University of Washington";-54;1173139705
00:40:96:49:4B:A9;University of Washington";-59;1173139705
00:40:96:49:41:00;University of Washington";-71;1173139705
00:40:96:40:66:DC;University of Washington";-62;1173139705
00:40:96:59:A1:A2;University of Washington";-42;1173139706
00:40:96:40:19:24;University of Washington";-63;1173139706
00:40:96:49:41:D0;University of Washington";-46;1173139706
00:40:96:40:28:F2;University of Washington";-62;1173139706
00:40:96:49:25:2A;University of Washington";-61;1173139706
00:40:96:49:25:03;University of Washington";-56;1173139706
00:40:96:41:7D:F2;University of Washington";-62;1173139706
00:40:96:49:4F:82;University of Washington";-54;1173139706
00:40:96:49:4B:A9;University of Washington";-59;1173139706
00:40:96:49:41:00;University of Washington";-71;1173139706
00:40:96:40:66:DC;University of Washington";-62;1173139706
