00:16:01:84:BF:35;NSL100";-71;1173228820
00:0F:34:9D:02:00;UniversityOfWashingtonCSE";-76;1173228820
00:0F:24:DC:BC:10;UniversityOfWashingtonCSE";-52;1173228820
00:0F:34:72:4B:E0;UniversityOfWashingtonCSE";-49;1173228820
00:0F:34:72:4C:70;UniversityOfWashingtonCSE";-48;1173228820
00:0F:24:DE:10:E0;UniversityOfWashingtonCSE";-78;1173228820
00:0F:34:9C:FE:80;UniversityOfWashingtonCSE";-79;1173228820
00:0F:34:72:4B:80;UniversityOfWashingtonCSE";-81;1173228820
00:0F:34:9D:04:B0;UniversityOfWashingtonCSE";-54;1173228820
00:0F:24:DC:B7:80;UniversityOfWashingtonCSE";-79;1173228820
00:0F:24:DC:B7:E0;UniversityOfWashingtonCSE";-64;1173228820
00:15:6D:10:1C:CB;EE";-71;1173228821
00:0F:34:72:47:B0;UniversityOfWashingtonCSE";-52;1173228821
00:16:01:84:BF:35;NSL100";-71;1173228821
00:0F:34:9D:02:00;UniversityOfWashingtonCSE";-76;1173228821
00:0F:24:DC:B8:60;UniversityOfWashingtonCSE";-64;1173228822
00:0F:24:DC:BC:10;UniversityOfWashingtonCSE";-56;1173228822
00:0F:34:72:4B:E0;UniversityOfWashingtonCSE";-58;1173228822
00:0F:34:72:4C:70;UniversityOfWashingtonCSE";-40;1173228822
00:0F:24:DE:10:E0;UniversityOfWashingtonCSE";-78;1173228822
00:0F:34:9D:05:C0;UniversityOfWashingtonCSE";-65;1173228822
00:0F:34:9C:FE:80;UniversityOfWashingtonCSE";-79;1173228822
00:0F:34:72:4B:80;UniversityOfWashingtonCSE";-81;1173228822
00:0F:34:9D:04:B0;UniversityOfWashingtonCSE";-53;1173228822
00:0F:24:DC:B7:80;UniversityOfWashingtonCSE";-73;1173228822
00:0F:34:9C:FF:20;UniversityOfWashingtonCSE";-71;1173228822
00:0F:24:DC:B7:E0;UniversityOfWashingtonCSE";-64;1173228822
00:15:6D:10:1C:CB;EE";-74;1173228822
00:0F:24:DE:10:A0;UniversityOfWashingtonCSE";-71;1173228822
00:0F:34:72:47:B0;UniversityOfWashingtonCSE";-56;1173228822
00:16:01:84:BF:35;NSL100";-79;1173228823
00:0F:34:9C:FE:70;UniversityOfWashingtonCSE";-65;1173228823
00:0F:34:9D:02:00;UniversityOfWashingtonCSE";-76;1173228823
00:0F:24:DC:B8:60;UniversityOfWashingtonCSE";-64;1173228823
00:0F:24:DC:BC:10;UniversityOfWashingtonCSE";-47;1173228823
00:0F:24:DC:B9:20;UniversityOfWashingtonCSE";-77;1173228823
00:0F:34:72:4B:E0;UniversityOfWashingtonCSE";-48;1173228823
00:0F:34:72:4C:70;UniversityOfWashingtonCSE";-39;1173228823
00:0F:24:DE:10:E0;UniversityOfWashingtonCSE";-78;1173228823
00:0F:34:9D:05:C0;UniversityOfWashingtonCSE";-65;1173228823
00:0F:34:9C:FE:80;UniversityOfWashingtonCSE";-79;1173228823
00:0F:34:72:4B:80;UniversityOfWashingtonCSE";-81;1173228823
00:0F:34:9D:04:B0;UniversityOfWashingtonCSE";-53;1173228823
00:0F:24:DC:B7:80;UniversityOfWashingtonCSE";-79;1173228823
00:0F:34:9C:FF:20;UniversityOfWashingtonCSE";-71;1173228823
00:0F:24:DC:B7:E0;UniversityOfWashingtonCSE";-63;1173228823
00:15:6D:10:1C:CB;EE";-74;1173228823
00:0F:24:DE:10:A0;UniversityOfWashingtonCSE";-71;1173228823
00:0F:34:72:4A:B0;UniversityOfWashingtonCSE";-81;1173228823
00:0B:14:00:BA:B6;viewsonic";-78;1173228823
00:0F:34:9D:01:A0;UniversityOfWashingtonCSE";-78;1173228823
00:0F:34:72:47:B0;UniversityOfWashingtonCSE";-56;1173228823
00:16:01:84:BF:35;NSL100";-79;1173228824
00:0F:34:9C:FE:70;UniversityOfWashingtonCSE";-57;1173228824
00:0F:34:9D:02:00;UniversityOfWashingtonCSE";-76;1173228824
00:0F:24:DC:B8:60;UniversityOfWashingtonCSE";-71;1173228824
00:0F:24:DC:BC:10;UniversityOfWashingtonCSE";-46;1173228824
00:0F:24:DC:B9:20;UniversityOfWashingtonCSE";-77;1173228824
00:0F:34:72:4C:90;UniversityOfWashingtonCSE";-84;1173228825
00:0F:34:72:4B:E0;UniversityOfWashingtonCSE";-48;1173228825
00:0F:34:72:4C:70;UniversityOfWashingtonCSE";-39;1173228825
00:0F:24:DE:10:E0;UniversityOfWashingtonCSE";-78;1173228825
00:0F:34:9D:05:C0;UniversityOfWashingtonCSE";-65;1173228825
00:0F:34:9C:FE:80;UniversityOfWashingtonCSE";-79;1173228825
00:0F:34:72:4B:80;UniversityOfWashingtonCSE";-81;1173228825
00:0F:34:9D:04:B0;UniversityOfWashingtonCSE";-52;1173228825
00:0F:24:DC:B7:80;UniversityOfWashingtonCSE";-79;1173228825
00:0F:34:9C:FF:20;UniversityOfWashingtonCSE";-71;1173228825
00:0F:24:DC:B7:E0;UniversityOfWashingtonCSE";-65;1173228825
00:15:6D:10:1C:CB;EE";-74;1173228825
00:0F:24:DE:10:A0;UniversityOfWashingtonCSE";-65;1173228825
00:0F:34:72:4A:B0;UniversityOfWashingtonCSE";-81;1173228825
00:0B:14:00:BA:B6;viewsonic";-78;1173228825
00:0F:34:9D:01:A0;UniversityOfWashingtonCSE";-78;1173228825
00:0F:34:72:47:B0;UniversityOfWashingtonCSE";-56;1173228825
00:16:01:84:BF:35;NSL100";-79;1173228826
00:0F:34:9C:FE:70;UniversityOfWashingtonCSE";-57;1173228826
00:0F:34:9D:02:00;UniversityOfWashingtonCSE";-76;1173228826
00:0F:24:DC:B8:60;UniversityOfWashingtonCSE";-71;1173228826
00:0F:24:DC:BC:10;UniversityOfWashingtonCSE";-46;1173228826
00:0F:24:DC:B9:60;UniversityOfWashingtonCSE";-81;1173228826
00:0F:24:DC:B9:20;UniversityOfWashingtonCSE";-77;1173228826
00:0F:34:72:4C:90;UniversityOfWashingtonCSE";-84;1173228826
00:0F:34:72:4B:E0;UniversityOfWashingtonCSE";-58;1173228826
00:0F:24:DC:B7:D0;UniversityOfWashingtonCSE";-77;1173228826
00:0F:34:72:4C:70;UniversityOfWashingtonCSE";-51;1173228826
00:0F:24:DE:10:E0;UniversityOfWashingtonCSE";-78;1173228826
00:0F:34:9D:05:C0;UniversityOfWashingtonCSE";-65;1173228826
00:0F:34:9C:FE:80;UniversityOfWashingtonCSE";-79;1173228826
00:0F:34:72:4B:80;UniversityOfWashingtonCSE";-81;1173228826
00:0F:34:9D:04:B0;UniversityOfWashingtonCSE";-53;1173228826
00:0F:24:DC:B7:80;UniversityOfWashingtonCSE";-79;1173228826
00:0F:34:9C:FF:20;UniversityOfWashingtonCSE";-71;1173228826
00:0F:24:DC:B7:E0;UniversityOfWashingtonCSE";-65;1173228826
00:15:6D:10:1C:CB;EE";-74;1173228826
00:0F:24:DE:10:A0;UniversityOfWashingtonCSE";-65;1173228826
00:0F:34:72:4A:B0;UniversityOfWashingtonCSE";-81;1173228826
00:0B:14:00:BA:B6;viewsonic";-78;1173228827
00:0F:34:9D:01:A0;UniversityOfWashingtonCSE";-78;1173228827
00:0F:34:72:47:B0;UniversityOfWashingtonCSE";-56;1173228827
00:0F:24:DA:76:90;UniversityOfWashingtonCSE";-80;1173228827
00:16:01:84:BF:35;NSL100";-79;1173228827
00:0F:34:9C:FE:70;UniversityOfWashingtonCSE";-57;1173228828
00:0F:34:9D:02:00;UniversityOfWashingtonCSE";-76;1173228828
00:0F:24:DC:B8:60;UniversityOfWashingtonCSE";-72;1173228828
00:0F:24:DC:BC:10;UniversityOfWashingtonCSE";-46;1173228828
00:0F:24:DC:B9:60;UniversityOfWashingtonCSE";-81;1173228828
00:0F:24:DC:B9:20;UniversityOfWashingtonCSE";-71;1173228828
00:0F:34:72:4C:90;UniversityOfWashingtonCSE";-84;1173228828
00:0F:34:72:4B:E0;UniversityOfWashingtonCSE";-49;1173228828
00:0F:24:DC:B7:D0;UniversityOfWashingtonCSE";-76;1173228828
00:0F:34:72:4C:70;UniversityOfWashingtonCSE";-45;1173228828
00:0F:24:DE:10:E0;UniversityOfWashingtonCSE";-78;1173228828
00:0F:34:9D:05:C0;UniversityOfWashingtonCSE";-65;1173228828
00:0F:34:9C:FE:80;UniversityOfWashingtonCSE";-79;1173228828
00:0F:34:72:4B:80;UniversityOfWashingtonCSE";-81;1173228828
00:0F:34:9D:04:B0;UniversityOfWashingtonCSE";-54;1173228828
00:0F:24:DC:B7:80;UniversityOfWashingtonCSE";-79;1173228828
00:0F:34:9C:FF:20;UniversityOfWashingtonCSE";-71;1173228828
00:0F:24:DC:B7:E0;UniversityOfWashingtonCSE";-64;1173228828
00:15:6D:10:1C:CB;EE";-74;1173228828
00:0F:24:DE:10:A0;UniversityOfWashingtonCSE";-70;1173228828
00:0F:34:72:4A:B0;UniversityOfWashingtonCSE";-81;1173228828
00:0B:14:00:BA:B6;viewsonic";-78;1173228828
00:0F:34:9D:01:A0;UniversityOfWashingtonCSE";-75;1173228828
00:0F:34:72:47:B0;UniversityOfWashingtonCSE";-52;1173228828
00:0F:24:DA:76:90;UniversityOfWashingtonCSE";-80;1173228829
00:16:01:84:BF:35;NSL100";-79;1173228829
00:0F:34:9C:FE:70;UniversityOfWashingtonCSE";-57;1173228829
00:0F:34:9D:02:00;UniversityOfWashingtonCSE";-76;1173228829
00:0F:24:DC:B8:60;UniversityOfWashingtonCSE";-72;1173228829
00:0F:24:DC:BC:10;UniversityOfWashingtonCSE";-46;1173228829
00:0F:24:DC:B9:60;UniversityOfWashingtonCSE";-81;1173228829
00:0F:24:DC:B9:20;UniversityOfWashingtonCSE";-71;1173228829
00:0F:34:72:4C:90;UniversityOfWashingtonCSE";-84;1173228829
00:0F:34:72:4B:E0;UniversityOfWashingtonCSE";-59;1173228829
00:0F:24:DC:B7:D0;UniversityOfWashingtonCSE";-76;1173228829
00:0F:34:72:4C:70;UniversityOfWashingtonCSE";-38;1173228829
00:0F:24:DE:10:E0;UniversityOfWashingtonCSE";-78;1173228829
00:0F:34:9D:05:C0;UniversityOfWashingtonCSE";-65;1173228829
00:0F:34:9C:FE:80;UniversityOfWashingtonCSE";-79;1173228829
00:0F:34:72:4B:80;UniversityOfWashingtonCSE";-81;1173228830
00:0F:34:9D:04:B0;UniversityOfWashingtonCSE";-54;1173228830
00:0F:24:DC:B7:80;UniversityOfWashingtonCSE";-79;1173228830
00:0F:34:9C:FF:20;UniversityOfWashingtonCSE";-71;1173228830
00:0F:24:DC:B7:E0;UniversityOfWashingtonCSE";-64;1173228830
00:15:6D:10:1C:CB;EE";-74;1173228830
00:0F:24:DE:10:A0;UniversityOfWashingtonCSE";-70;1173228830
00:0F:34:72:4A:B0;UniversityOfWashingtonCSE";-80;1173228830
00:0B:14:00:BA:B6;viewsonic";-78;1173228830
00:0F:34:9D:01:A0;UniversityOfWashingtonCSE";-75;1173228830
00:0F:34:72:47:B0;UniversityOfWashingtonCSE";-53;1173228830
00:0F:24:DA:76:90;UniversityOfWashingtonCSE";-74;1173228831
00:16:01:84:BF:35;NSL100";-79;1173228831
00:0F:34:9C:FE:70;UniversityOfWashingtonCSE";-57;1173228831
00:0F:34:9D:02:00;UniversityOfWashingtonCSE";-76;1173228831
00:0F:24:DC:B8:60;UniversityOfWashingtonCSE";-67;1173228831
00:0F:34:9C:FF:10;UniversityOfWashingtonCSE";-83;1173228831
00:0F:24:DC:BC:10;UniversityOfWashingtonCSE";-46;1173228831
00:0F:24:DC:B9:60;UniversityOfWashingtonCSE";-81;1173228831
00:0F:24:DC:B9:20;UniversityOfWashingtonCSE";-71;1173228831
00:0F:34:72:4C:90;UniversityOfWashingtonCSE";-84;1173228831
00:0F:34:72:4B:E0;UniversityOfWashingtonCSE";-58;1173228831
00:0F:24:DC:B7:D0;UniversityOfWashingtonCSE";-76;1173228831
00:0F:34:72:4C:70;UniversityOfWashingtonCSE";-43;1173228831
00:0F:24:DE:10:E0;UniversityOfWashingtonCSE";-78;1173228831
00:0F:34:9D:05:C0;UniversityOfWashingtonCSE";-67;1173228831
00:0F:34:9C:FE:80;UniversityOfWashingtonCSE";-79;1173228831
00:0F:34:72:4B:80;UniversityOfWashingtonCSE";-81;1173228831
00:0F:34:9D:04:B0;UniversityOfWashingtonCSE";-51;1173228831
00:0F:24:DC:B7:80;UniversityOfWashingtonCSE";-79;1173228831
00:0F:34:9C:FF:20;UniversityOfWashingtonCSE";-71;1173228831
00:0F:24:DC:B7:E0;UniversityOfWashingtonCSE";-66;1173228831
00:15:6D:10:1C:CB;EE";-74;1173228831
00:0F:24:DE:10:A0;UniversityOfWashingtonCSE";-70;1173228831
00:0F:34:72:4A:B0;UniversityOfWashingtonCSE";-80;1173228831
00:0B:14:00:BA:B6;viewsonic";-78;1173228831
00:0F:34:9D:01:A0;UniversityOfWashingtonCSE";-75;1173228831
00:0F:34:72:47:B0;UniversityOfWashingtonCSE";-53;1173228832
00:0F:24:DA:76:90;UniversityOfWashingtonCSE";-74;1173228832
00:16:01:84:BF:35;NSL100";-76;1173228832
00:0F:34:9C:FE:70;UniversityOfWashingtonCSE";-57;1173228832
00:0F:34:9D:02:00;UniversityOfWashingtonCSE";-76;1173228833
00:0F:24:DC:B8:60;UniversityOfWashingtonCSE";-67;1173228833
00:0F:34:9C:FF:10;UniversityOfWashingtonCSE";-83;1173228833
00:0F:24:DC:BC:10;UniversityOfWashingtonCSE";-46;1173228833
00:0F:24:DC:B9:60;UniversityOfWashingtonCSE";-81;1173228833
00:0F:24:DC:B9:20;UniversityOfWashingtonCSE";-71;1173228833
00:0F:34:72:4C:90;UniversityOfWashingtonCSE";-84;1173228833
00:0F:34:72:4B:E0;UniversityOfWashingtonCSE";-58;1173228833
00:0F:24:DC:B7:D0;UniversityOfWashingtonCSE";-76;1173228833
00:0F:34:72:4C:70;UniversityOfWashingtonCSE";-43;1173228833
00:0F:24:DE:10:E0;UniversityOfWashingtonCSE";-78;1173228833
00:0F:34:9D:05:C0;UniversityOfWashingtonCSE";-67;1173228833
00:0F:34:9C:FE:80;UniversityOfWashingtonCSE";-79;1173228833
00:0F:34:72:4B:80;UniversityOfWashingtonCSE";-81;1173228833
00:0F:34:9D:04:B0;UniversityOfWashingtonCSE";-53;1173228833
00:0F:24:DC:B7:80;UniversityOfWashingtonCSE";-79;1173228833
00:0F:34:9C:FF:20;UniversityOfWashingtonCSE";-71;1173228833
00:0F:24:DC:B7:E0;UniversityOfWashingtonCSE";-66;1173228833
00:15:6D:10:1C:CB;EE";-74;1173228833
00:0F:24:DE:10:A0;UniversityOfWashingtonCSE";-71;1173228833
00:0F:24:DC:B7:70;UniversityOfWashingtonCSE";-82;1173228833
00:0F:34:72:4A:B0;UniversityOfWashingtonCSE";-80;1173228833
00:0B:14:00:BA:B6;viewsonic";-78;1173228833
00:0F:34:9D:01:A0;UniversityOfWashingtonCSE";-75;1173228833
00:0F:34:72:47:B0;UniversityOfWashingtonCSE";-55;1173228833
00:0F:24:DA:76:90;UniversityOfWashingtonCSE";-74;1173228834
00:16:01:84:BF:35;NSL100";-76;1173228834
00:0F:34:9C:FE:70;UniversityOfWashingtonCSE";-57;1173228834
00:0F:34:9D:02:00;UniversityOfWashingtonCSE";-76;1173228834
00:0F:24:DC:B8:60;UniversityOfWashingtonCSE";-67;1173228834
00:0F:34:9C:FF:10;UniversityOfWashingtonCSE";-83;1173228834
00:0F:24:DC:BC:10;UniversityOfWashingtonCSE";-46;1173228834
00:0F:24:DC:B9:60;UniversityOfWashingtonCSE";-81;1173228834
00:0F:24:DC:B9:20;UniversityOfWashingtonCSE";-71;1173228834
00:0F:34:72:4C:90;UniversityOfWashingtonCSE";-84;1173228834
00:0F:34:72:4B:E0;UniversityOfWashingtonCSE";-48;1173228834
00:0F:24:DC:B7:D0;UniversityOfWashingtonCSE";-71;1173228834
00:0F:34:72:4C:70;UniversityOfWashingtonCSE";-38;1173228834
00:0F:24:DE:10:E0;UniversityOfWashingtonCSE";-78;1173228834
00:0F:34:9D:05:C0;UniversityOfWashingtonCSE";-67;1173228835
00:0F:34:9C:FE:80;UniversityOfWashingtonCSE";-79;1173228835
00:0F:34:72:4B:80;UniversityOfWashingtonCSE";-81;1173228835
00:0F:34:9D:04:B0;UniversityOfWashingtonCSE";-53;1173228835
00:0F:24:DC:B7:80;UniversityOfWashingtonCSE";-79;1173228835
00:0F:34:9C:FF:20;UniversityOfWashingtonCSE";-70;1173228835
00:0F:24:DC:B7:E0;UniversityOfWashingtonCSE";-66;1173228835
00:15:6D:10:1C:CB;EE";-74;1173228835
00:0F:24:DE:10:A0;UniversityOfWashingtonCSE";-71;1173228835
00:0F:24:DC:B7:70;UniversityOfWashingtonCSE";-82;1173228835
00:0F:34:72:4A:B0;UniversityOfWashingtonCSE";-80;1173228835
00:0B:14:00:BA:B6;viewsonic";-78;1173228835
00:0F:34:9D:01:A0;UniversityOfWashingtonCSE";-72;1173228835
00:0F:34:72:47:B0;UniversityOfWashingtonCSE";-55;1173228835
00:0F:24:DA:76:90;UniversityOfWashingtonCSE";-74;1173230831
00:16:01:84:BF:35;NSL100";-76;1173230831
00:0F:24:DC:BC:10;UniversityOfWashingtonCSE";-46;1173230831
00:0F:24:DC:B9:20;UniversityOfWashingtonCSE";-71;1173230831
00:0F:34:72:4C:90;UniversityOfWashingtonCSE";-84;1173230831
00:0F:34:72:4B:E0;UniversityOfWashingtonCSE";-51;1173230831
00:0F:24:DC:B7:D0;UniversityOfWashingtonCSE";-72;1173230831
00:0F:34:72:4C:70;UniversityOfWashingtonCSE";-41;1173230831
00:0F:34:9C:FE:80;UniversityOfWashingtonCSE";-79;1173230831
00:0F:34:9D:04:B0;UniversityOfWashingtonCSE";-55;1173230831
00:0F:24:DC:B7:80;UniversityOfWashingtonCSE";-79;1173230831
00:0F:34:9C:FF:20;UniversityOfWashingtonCSE";-70;1173230831
00:0F:34:72:47:B0;UniversityOfWashingtonCSE";-53;1173230831
00:0F:24:DA:76:90;UniversityOfWashingtonCSE";-74;1173230832
00:16:01:84:BF:35;NSL100";-76;1173230832
00:0F:24:DC:B8:60;UniversityOfWashingtonCSE";-66;1173230832
00:0F:24:DC:BC:10;UniversityOfWashingtonCSE";-65;1173230832
00:0F:24:DC:B9:20;UniversityOfWashingtonCSE";-70;1173230832
00:0F:34:72:4C:90;UniversityOfWashingtonCSE";-84;1173230832
00:0F:34:72:4B:E0;UniversityOfWashingtonCSE";-59;1173230832
00:0F:24:DC:B7:D0;UniversityOfWashingtonCSE";-72;1173230832
00:0F:34:72:4C:70;UniversityOfWashingtonCSE";-37;1173230832
00:0F:24:DE:10:E0;UniversityOfWashingtonCSE";-78;1173230832
00:0F:34:9D:05:C0;UniversityOfWashingtonCSE";-65;1173230833
00:0F:34:9C:FE:80;UniversityOfWashingtonCSE";-79;1173230833
00:0F:34:9D:04:B0;UniversityOfWashingtonCSE";-52;1173230833
00:0F:24:DC:B7:80;UniversityOfWashingtonCSE";-79;1173230833
00:0F:34:9C:FF:20;UniversityOfWashingtonCSE";-70;1173230833
00:0F:24:DC:B7:E0;UniversityOfWashingtonCSE";-70;1173230833
00:0F:24:DE:10:A0;UniversityOfWashingtonCSE";-76;1173230833
00:0F:34:72:47:B0;UniversityOfWashingtonCSE";-56;1173230833
