00:14:6C:03:01:04;KPK";-66;1173397888
00:14:BF:17:02:AB;linksys-coolerthanyou";-40;1173397888
00:0F:66:BA:83:18;linksys";-47;1173397888
00:0F:B3:42:41:45;PRD";-71;1173397888
00:14:6C:03:01:04;KPK";-69;1173397889
00:14:BF:17:02:AB;linksys-coolerthanyou";-42;1173397889
00:0F:66:BA:83:18;linksys";-50;1173397889
00:0F:B3:42:41:45;PRD";-69;1173397889
00:14:6C:03:01:04;KPK";-72;1173397890
00:14:BF:17:02:AB;linksys-coolerthanyou";-42;1173397890
00:0F:66:BA:83:18;linksys";-50;1173397890
00:0F:B3:42:41:45;PRD";-69;1173397890
00:14:6C:03:01:04;KPK";-71;1173397891
00:14:BF:17:02:AB;linksys-coolerthanyou";-40;1173397891
00:0F:66:BA:83:18;linksys";-50;1173397891
00:0F:B3:42:41:45;PRD";-69;1173397891
00:14:6C:03:01:04;KPK";-73;1173397892
00:14:BF:17:02:AB;linksys-coolerthanyou";-43;1173397892
00:0F:66:BA:83:18;linksys";-48;1173397892
00:0F:B3:42:41:45;PRD";-69;1173397892
00:14:6C:03:01:04;KPK";-73;1173397893
00:14:BF:17:02:AB;linksys-coolerthanyou";-50;1173397893
00:0F:66:BA:83:18;linksys";-53;1173397893
00:0F:B3:42:41:45;PRD";-74;1173397893
00:14:6C:03:01:04;KPK";-65;1173397894
00:14:BF:17:02:AB;linksys-coolerthanyou";-43;1173397894
00:0F:66:BA:83:18;linksys";-53;1173397894
00:0F:B3:42:41:45;PRD";-70;1173397894
00:14:6C:03:01:04;KPK";-65;1173397895
00:14:BF:17:02:AB;linksys-coolerthanyou";-42;1173397895
00:0F:66:BA:83:18;linksys";-53;1173397895
00:0F:B3:42:41:45;PRD";-71;1173397895
00:14:BF:29:28:EA;linksys";-82;1173397895
00:14:6C:03:01:04;KPK";-71;1173397896
00:14:BF:17:02:AB;linksys-coolerthanyou";-44;1173397896
00:0F:66:BA:83:18;linksys";-54;1173397896
00:0F:B3:42:41:45;PRD";-71;1173397896
00:14:BF:29:28:EA;linksys";-82;1173397896
00:14:6C:03:01:04;KPK";-74;1173397897
00:14:BF:17:02:AB;linksys-coolerthanyou";-44;1173397897
00:0F:66:BA:83:18;linksys";-55;1173397897
00:0F:B3:42:41:45;PRD";-71;1173397897
00:14:BF:29:28:EA;linksys";-82;1173397897
00:14:6C:03:01:04;KPK";-65;1173397898
00:14:BF:17:02:AB;linksys-coolerthanyou";-52;1173397898
00:0F:66:BA:83:18;linksys";-55;1173397898
00:0F:B3:42:41:45;PRD";-71;1173397898
00:14:BF:29:28:EA;linksys";-82;1173397898
00:16:B6:25:DC:CD;5626";-82;1173397899
00:14:6C:03:01:04;KPK";-65;1173397899
00:14:BF:17:02:AB;linksys-coolerthanyou";-43;1173397899
00:0F:66:BA:83:18;linksys";-53;1173397899
00:0F:B3:42:41:45;PRD";-70;1173397899
00:14:BF:29:28:EA;linksys";-82;1173397899
00:16:B6:25:DC:CD;5626";-82;1173397900
00:14:6C:03:01:04;KPK";-70;1173397900
00:14:BF:17:02:AB;linksys-coolerthanyou";-44;1173397900
00:0F:66:BA:83:18;linksys";-53;1173397900
00:0F:B3:42:41:45;PRD";-71;1173397901
00:14:BF:29:28:EA;linksys";-82;1173397901
00:16:B6:25:DC:CD;5626";-82;1173397901
00:14:6C:03:01:04;KPK";-75;1173397901
00:14:BF:17:02:AB;linksys-coolerthanyou";-45;1173397902
00:0F:66:BA:83:18;linksys";-53;1173397902
00:0F:B3:42:41:45;PRD";-72;1173397902
00:14:BF:29:28:EA;linksys";-83;1173397902
00:16:B6:25:DC:CD;5626";-82;1173397902
00:14:6C:03:01:04;KPK";-69;1173397903
00:14:BF:17:02:AB;linksys-coolerthanyou";-47;1173397903
00:0F:66:BA:83:18;linksys";-54;1173397903
00:0F:B3:42:41:45;PRD";-71;1173397903
00:14:BF:29:28:EA;linksys";-83;1173397903
00:16:B6:25:DC:CD;5626";-82;1173397904
00:14:6C:03:01:04;KPK";-69;1173397904
00:14:BF:17:02:AB;linksys-coolerthanyou";-45;1173397904
00:0F:66:BA:83:18;linksys";-54;1173397904
00:0F:B3:42:41:45;PRD";-70;1173397904
00:14:BF:29:28:EA;linksys";-83;1173397904
00:16:B6:25:DC:CD;5626";-82;1173397905
00:14:6C:03:01:04;KPK";-69;1173397905
00:14:BF:17:02:AB;linksys-coolerthanyou";-45;1173397905
00:0F:66:BA:83:18;linksys";-54;1173397905
00:0F:B3:42:41:45;PRD";-68;1173397905
00:14:BF:29:28:EA;linksys";-83;1173397905
00:16:B6:25:DC:CD;5626";-82;1173397906
00:14:6C:03:01:04;KPK";-71;1173397906
00:14:BF:17:02:AB;linksys-coolerthanyou";-45;1173397906
00:0F:66:BA:83:18;linksys";-54;1173397906
00:0F:B3:42:41:45;PRD";-67;1173397906
00:14:BF:29:28:EA;linksys";-83;1173397906
00:12:17:A2:89:9C;Granddaddy";-85;1173397906
00:16:B6:25:DC:CD;5626";-82;1173397907
00:14:6C:03:01:04;KPK";-65;1173397907
00:14:BF:17:02:AB;linksys-coolerthanyou";-45;1173397907
00:0F:66:BA:83:18;linksys";-55;1173397907
00:0F:B3:42:41:45;PRD";-67;1173397907
00:14:BF:29:28:EA;linksys";-83;1173397907
00:12:17:A2:89:9C;Granddaddy";-85;1173397907
00:16:B6:25:DC:CD;5626";-82;1173397908
00:14:6C:03:01:04;KPK";-72;1173397908
00:14:BF:17:02:AB;linksys-coolerthanyou";-45;1173397908
00:0F:66:BA:83:18;linksys";-55;1173397908
00:0F:B3:42:41:45;PRD";-69;1173397908
00:14:BF:29:28:EA;linksys";-83;1173397908
00:12:17:A2:89:9C;Granddaddy";-85;1173397908
00:16:B6:25:DC:CD;5626";-82;1173397909
00:14:6C:03:01:04;KPK";-66;1173397909
00:14:BF:17:02:AB;linksys-coolerthanyou";-45;1173397909
00:0F:66:BA:83:18;linksys";-55;1173397909
00:0F:B3:42:41:45;PRD";-69;1173397909
00:14:BF:29:28:EA;linksys";-83;1173397909
00:12:17:A2:89:9C;Granddaddy";-85;1173397909
00:16:B6:25:DC:CD;5626";-82;1173397910
00:14:6C:03:01:04;KPK";-73;1173397910
00:14:BF:17:02:AB;linksys-coolerthanyou";-44;1173397910
00:0F:66:BA:83:18;linksys";-54;1173397910
00:0F:B3:42:41:45;PRD";-69;1173397910
00:14:BF:29:28:EA;linksys";-83;1173397910
00:12:17:A2:89:9C;Granddaddy";-85;1173397910
00:16:B6:25:DC:CD;5626";-82;1173397911
00:14:6C:03:01:04;KPK";-70;1173397911
00:14:BF:17:02:AB;linksys-coolerthanyou";-44;1173397911
00:0F:66:BA:83:18;linksys";-54;1173397911
00:0F:B3:42:41:45;PRD";-69;1173397911
00:14:BF:29:28:EA;linksys";-83;1173397911
00:12:17:A2:89:9C;Granddaddy";-85;1173397911
00:16:B6:25:DC:CD;5626";-81;1173397912
00:14:6C:03:01:04;KPK";-73;1173397912
00:14:BF:17:02:AB;linksys-coolerthanyou";-45;1173397912
00:0F:66:BA:83:18;linksys";-54;1173397912
00:0F:B3:42:41:45;PRD";-69;1173397912
00:14:BF:29:28:EA;linksys";-83;1173397912
00:12:17:A2:89:9C;Granddaddy";-85;1173397912
00:16:B6:25:DC:CD;5626";-81;1173397913
00:14:6C:03:01:04;KPK";-71;1173397913
00:14:BF:17:02:AB;linksys-coolerthanyou";-44;1173397913
00:0F:66:BA:83:18;linksys";-53;1173397913
00:0F:B3:42:41:45;PRD";-70;1173397913
00:14:BF:29:28:EA;linksys";-83;1173397913
00:12:17:A2:89:9C;Granddaddy";-85;1173397913
00:16:B6:25:DC:CD;5626";-81;1173397914
00:14:6C:03:01:04;KPK";-74;1173397914
00:14:BF:17:02:AB;linksys-coolerthanyou";-49;1173397914
00:0F:66:BA:83:18;linksys";-53;1173397914
00:0F:B3:42:41:45;PRD";-70;1173397914
00:14:BF:29:28:EA;linksys";-83;1173397914
00:12:17:A2:89:9C;Granddaddy";-85;1173397915
00:16:B6:25:DC:CD;5626";-81;1173397915
00:14:6C:03:01:04;KPK";-74;1173397915
00:14:BF:17:02:AB;linksys-coolerthanyou";-43;1173397915
00:0F:66:BA:83:18;linksys";-53;1173397916
00:0F:B3:42:41:45;PRD";-69;1173397916
00:14:BF:29:28:EA;linksys";-83;1173397916
00:12:17:A2:89:9C;Granddaddy";-85;1173397916
00:16:B6:25:DC:CD;5626";-81;1173397917
00:14:6C:03:01:04;KPK";-73;1173397917
00:14:BF:17:02:AB;linksys-coolerthanyou";-44;1173397917
00:0F:66:BA:83:18;linksys";-55;1173397917
00:0F:B3:42:41:45;PRD";-73;1173397917
00:12:17:A2:89:9C;Granddaddy";-85;1173397917
00:16:B6:25:DC:CD;5626";-81;1173397918
00:14:6C:03:01:04;KPK";-71;1173397918
00:14:BF:17:02:AB;linksys-coolerthanyou";-45;1173397918
00:0F:66:BA:83:18;linksys";-55;1173397918
00:0F:B3:42:41:45;PRD";-69;1173397918
00:12:17:A2:89:9C;Granddaddy";-85;1173397918
00:16:B6:25:DC:CD;5626";-81;1173397919
00:14:6C:03:01:04;KPK";-74;1173397919
00:14:BF:17:02:AB;linksys-coolerthanyou";-45;1173397919
00:0F:66:BA:83:18;linksys";-52;1173397919
00:0F:B3:42:41:45;PRD";-67;1173397919
00:12:17:A2:89:9C;Granddaddy";-85;1173397919
00:16:B6:25:DC:CD;5626";-81;1173397920
00:14:6C:03:01:04;KPK";-71;1173397920
00:14:BF:17:02:AB;linksys-coolerthanyou";-45;1173397920
00:0F:66:BA:83:18;linksys";-52;1173397920
00:0F:B3:42:41:45;PRD";-68;1173397920
00:12:17:A2:89:9C;Granddaddy";-85;1173397920
00:16:B6:25:DC:CD;5626";-81;1173397921
00:14:6C:03:01:04;KPK";-71;1173397921
00:14:BF:17:02:AB;linksys-coolerthanyou";-44;1173397921
00:0F:66:BA:83:18;linksys";-52;1173397921
00:0F:B3:42:41:45;PRD";-67;1173397921
00:16:B6:25:DC:CD;5626";-81;1173397922
00:14:6C:03:01:04;KPK";-65;1173397922
00:14:BF:17:02:AB;linksys-coolerthanyou";-44;1173397922
00:0F:66:BA:83:18;linksys";-53;1173397922
00:0F:B3:42:41:45;PRD";-68;1173397922
00:16:B6:25:DC:CD;5626";-81;1173397923
00:14:6C:03:01:04;KPK";-70;1173397923
00:14:BF:17:02:AB;linksys-coolerthanyou";-44;1173397923
00:0F:66:BA:83:18;linksys";-52;1173397923
00:0F:B3:42:41:45;PRD";-68;1173397923
00:16:B6:25:DC:CD;5626";-81;1173397924
00:14:6C:03:01:04;KPK";-70;1173397924
00:14:BF:17:02:AB;linksys-coolerthanyou";-44;1173397924
00:0F:66:BA:83:18;linksys";-52;1173397924
00:0F:B3:42:41:45;PRD";-68;1173397924
00:16:B6:25:DC:CD;5626";-81;1173397925
00:14:6C:03:01:04;KPK";-73;1173397925
00:14:BF:17:02:AB;linksys-coolerthanyou";-44;1173397925
00:0F:66:BA:83:18;linksys";-53;1173397925
00:0F:B3:42:41:45;PRD";-72;1173397925
00:16:B6:25:DC:CD;5626";-81;1173397926
00:14:6C:03:01:04;KPK";-69;1173397926
00:14:BF:17:02:AB;linksys-coolerthanyou";-47;1173397926
00:0F:66:BA:83:18;linksys";-52;1173397926
00:0F:B3:42:41:45;PRD";-66;1173397926
00:16:B6:25:DC:CD;5626";-81;1173397927
00:14:6C:03:01:04;KPK";-70;1173397927
00:14:BF:17:02:AB;linksys-coolerthanyou";-44;1173397927
00:0F:66:BA:83:18;linksys";-56;1173397927
00:0F:B3:42:41:45;PRD";-66;1173397927
00:12:17:A2:89:9C;Granddaddy";-84;1173397927
00:16:B6:25:DC:CD;5626";-81;1173397928
00:14:6C:03:01:04;KPK";-72;1173397928
00:14:BF:17:02:AB;linksys-coolerthanyou";-45;1173397928
00:0F:66:BA:83:18;linksys";-53;1173397928
00:0F:B3:42:41:45;PRD";-67;1173397928
00:12:17:A2:89:9C;Granddaddy";-84;1173397928
00:16:B6:25:DC:CD;5626";-81;1173397929
00:14:6C:03:01:04;KPK";-69;1173397929
00:14:BF:17:02:AB;linksys-coolerthanyou";-44;1173397929
00:0F:66:BA:83:18;linksys";-52;1173397929
00:0F:B3:42:41:45;PRD";-67;1173397929
00:12:17:A2:89:9C;Granddaddy";-84;1173397929
00:16:B6:25:DC:CD;5626";-81;1173397930
00:14:6C:03:01:04;KPK";-74;1173397930
00:14:BF:17:02:AB;linksys-coolerthanyou";-44;1173397930
00:0F:66:BA:83:18;linksys";-52;1173397930
00:0F:B3:42:41:45;PRD";-68;1173397930
00:12:17:A2:89:9C;Granddaddy";-84;1173397930
00:16:B6:25:DC:CD;5626";-83;1173397931
00:14:6C:03:01:04;KPK";-65;1173397931
00:14:BF:17:02:AB;linksys-coolerthanyou";-44;1173397931
00:0F:66:BA:83:18;linksys";-52;1173397931
00:0F:B3:42:41:45;PRD";-68;1173397931
00:12:17:A2:89:9C;Granddaddy";-84;1173397931
00:16:B6:25:DC:CD;5626";-83;1173397932
00:14:6C:03:01:04;KPK";-73;1173397932
00:14:BF:17:02:AB;linksys-coolerthanyou";-44;1173397932
00:0F:66:BA:83:18;linksys";-52;1173397932
00:0F:B3:42:41:45;PRD";-68;1173397932
00:12:17:A2:89:9C;Granddaddy";-84;1173397932
00:16:B6:25:DC:CD;5626";-83;1173397933
00:14:6C:03:01:04;KPK";-66;1173397933
00:14:BF:17:02:AB;linksys-coolerthanyou";-44;1173397933
00:0F:66:BA:83:18;linksys";-53;1173397933
00:0F:B3:42:41:45;PRD";-68;1173397933
00:12:17:A2:89:9C;Granddaddy";-84;1173397933
00:16:B6:25:DC:CD;5626";-83;1173397934
00:14:6C:03:01:04;KPK";-71;1173397934
00:14:BF:17:02:AB;linksys-coolerthanyou";-44;1173397934
00:0F:66:BA:83:18;linksys";-55;1173397934
00:0F:B3:42:41:45;PRD";-68;1173397934
00:12:17:A2:89:9C;Granddaddy";-84;1173397934
00:16:B6:25:DC:CD;5626";-82;1173397935
00:14:6C:03:01:04;KPK";-71;1173397935
00:14:BF:17:02:AB;linksys-coolerthanyou";-44;1173397935
00:0F:66:BA:83:18;linksys";-53;1173397935
00:0F:B3:42:41:45;PRD";-68;1173397935
00:12:17:A2:89:9C;Granddaddy";-85;1173397935
00:16:B6:25:DC:CD;5626";-82;1173397936
00:14:6C:03:01:04;KPK";-75;1173397936
00:14:BF:17:02:AB;linksys-coolerthanyou";-44;1173397936
00:0F:66:BA:83:18;linksys";-53;1173397936
00:0F:B3:42:41:45;PRD";-69;1173397936
00:12:17:A2:89:9C;Granddaddy";-85;1173397936
00:16:B6:25:DC:CD;5626";-82;1173397937
00:14:6C:03:01:04;KPK";-70;1173397937
00:14:BF:17:02:AB;linksys-coolerthanyou";-44;1173397937
00:0F:66:BA:83:18;linksys";-55;1173397937
00:0F:B3:42:41:45;PRD";-68;1173397937
00:12:17:A2:89:9C;Granddaddy";-85;1173397938
00:16:B6:25:DC:CD;5626";-82;1173397938
00:14:6C:03:01:04;KPK";-74;1173397938
00:14:BF:17:02:AB;linksys-coolerthanyou";-43;1173397938
00:0F:66:BA:83:18;linksys";-55;1173397939
00:0F:B3:42:41:45;PRD";-66;1173397939
00:12:17:A2:89:9C;Granddaddy";-85;1173397939
00:16:B6:25:DC:CD;5626";-82;1173397939
00:14:6C:03:01:04;KPK";-74;1173397939
00:14:BF:17:02:AB;linksys-coolerthanyou";-44;1173397940
00:0F:66:BA:83:18;linksys";-53;1173397940
00:0F:B3:42:41:45;PRD";-69;1173397940
00:12:17:A2:89:9C;Granddaddy";-85;1173397940
00:16:B6:25:DC:CD;5626";-82;1173397941
00:14:6C:03:01:04;KPK";-71;1173397941
00:14:BF:17:02:AB;linksys-coolerthanyou";-44;1173397941
00:0F:66:BA:83:18;linksys";-53;1173397941
00:0F:B3:42:41:45;PRD";-63;1173397941
00:12:17:A2:89:9C;Granddaddy";-85;1173397941
00:16:B6:25:DC:CD;5626";-82;1173397942
00:14:6C:03:01:04;KPK";-73;1173397942
00:14:BF:17:02:AB;linksys-coolerthanyou";-44;1173397942
00:0F:66:BA:83:18;linksys";-53;1173397942
00:0F:B3:42:41:45;PRD";-68;1173397942
00:12:17:A2:89:9C;Granddaddy";-85;1173397942
00:16:B6:25:DC:CD;5626";-82;1173397943
00:14:6C:03:01:04;KPK";-65;1173397943
00:14:BF:17:02:AB;linksys-coolerthanyou";-44;1173397943
00:0F:66:BA:83:18;linksys";-53;1173397943
00:0F:B3:42:41:45;PRD";-68;1173397943
00:12:17:A2:89:9C;Granddaddy";-85;1173397943
00:16:B6:25:DC:CD;5626";-83;1173397944
00:14:6C:03:01:04;KPK";-65;1173397944
00:14:BF:17:02:AB;linksys-coolerthanyou";-44;1173397944
00:0F:66:BA:83:18;linksys";-53;1173397944
00:0F:B3:42:41:45;PRD";-68;1173397944
00:12:17:A2:89:9C;Granddaddy";-85;1173397944
00:16:B6:25:DC:CD;5626";-83;1173397945
00:14:6C:03:01:04;KPK";-68;1173397945
00:14:BF:17:02:AB;linksys-coolerthanyou";-45;1173397945
00:0F:66:BA:83:18;linksys";-54;1173397945
00:0F:B3:42:41:45;PRD";-66;1173397945
00:12:17:A2:89:9C;Granddaddy";-85;1173397945
00:16:B6:25:DC:CD;5626";-83;1173397946
00:14:6C:03:01:04;KPK";-71;1173397946
00:14:BF:17:02:AB;linksys-coolerthanyou";-43;1173397946
00:0F:66:BA:83:18;linksys";-53;1173397946
00:0F:B3:42:41:45;PRD";-67;1173397946
00:12:17:A2:89:9C;Granddaddy";-84;1173397946
00:16:B6:25:DC:CD;5626";-83;1173397947
00:14:6C:03:01:04;KPK";-65;1173397947
00:14:BF:17:02:AB;linksys-coolerthanyou";-44;1173397947
00:0F:66:BA:83:18;linksys";-54;1173397947
00:0F:B3:42:41:45;PRD";-68;1173397947
00:12:17:A2:89:9C;Granddaddy";-84;1173397947
00:16:B6:25:DC:CD;5626";-80;1173397948
00:14:6C:03:01:04;KPK";-65;1173397948
00:14:BF:17:02:AB;linksys-coolerthanyou";-46;1173397948
00:0F:66:BA:83:18;linksys";-54;1173397948
00:0F:B3:42:41:45;PRD";-69;1173397948
00:12:17:A2:89:9C;Granddaddy";-84;1173397948
00:16:B6:25:DC:CD;5626";-80;1173397949
00:14:6C:03:01:04;KPK";-68;1173397949
00:14:BF:17:02:AB;linksys-coolerthanyou";-45;1173397949
00:0F:66:BA:83:18;linksys";-55;1173397949
00:0F:B3:42:41:45;PRD";-68;1173397949
00:12:17:A2:89:9C;Granddaddy";-84;1173397949
00:16:B6:25:DC:CD;5626";-80;1173397950
00:14:6C:03:01:04;KPK";-73;1173397950
00:14:BF:17:02:AB;linksys-coolerthanyou";-44;1173397950
00:0F:66:BA:83:18;linksys";-57;1173397950
00:0F:B3:42:41:45;PRD";-71;1173397950
00:12:17:A2:89:9C;Granddaddy";-85;1173397950
00:16:B6:25:DC:CD;5626";-80;1173397951
00:14:6C:03:01:04;KPK";-73;1173397951
00:14:BF:17:02:AB;linksys-coolerthanyou";-43;1173397951
00:0F:66:BA:83:18;linksys";-52;1173397951
00:0F:B3:42:41:45;PRD";-68;1173397951
00:12:17:A2:89:9C;Granddaddy";-85;1173397951
00:16:B6:25:DC:CD;5626";-81;1173397952
00:14:6C:03:01:04;KPK";-73;1173397952
00:14:BF:17:02:AB;linksys-coolerthanyou";-45;1173397952
00:0F:66:BA:83:18;linksys";-52;1173397952
00:0F:B3:42:41:45;PRD";-68;1173397952
00:12:17:A2:89:9C;Granddaddy";-85;1173397952
00:16:B6:25:DC:CD;5626";-81;1173397953
00:14:6C:03:01:04;KPK";-75;1173397953
00:14:BF:17:02:AB;linksys-coolerthanyou";-54;1173397953
00:0F:66:BA:83:18;linksys";-53;1173397953
00:0F:B3:42:41:45;PRD";-68;1173397953
00:12:17:A2:89:9C;Granddaddy";-85;1173397953
00:16:B6:25:DC:CD;5626";-82;1173397954
00:14:6C:03:01:04;KPK";-72;1173397954
00:14:BF:17:02:AB;linksys-coolerthanyou";-44;1173397954
00:0F:66:BA:83:18;linksys";-53;1173397954
00:0F:B3:42:41:45;PRD";-68;1173397954
00:12:17:A2:89:9C;Granddaddy";-85;1173397954
00:16:B6:25:DC:CD;5626";-82;1173397955
00:14:6C:03:01:04;KPK";-72;1173397955
00:14:BF:17:02:AB;linksys-coolerthanyou";-48;1173397955
00:0F:66:BA:83:18;linksys";-53;1173397955
00:0F:B3:42:41:45;PRD";-68;1173397955
00:12:17:A2:89:9C;Granddaddy";-85;1173397955
00:16:B6:25:DC:CD;5626";-82;1173397956
00:14:6C:03:01:04;KPK";-72;1173397956
00:14:BF:17:02:AB;linksys-coolerthanyou";-46;1173397956
00:0F:66:BA:83:18;linksys";-53;1173397956
00:0F:B3:42:41:45;PRD";-69;1173397956
00:12:17:A2:89:9C;Granddaddy";-85;1173397956
00:16:B6:25:DC:CD;5626";-82;1173397957
00:14:6C:03:01:04;KPK";-70;1173397957
00:14:BF:17:02:AB;linksys-coolerthanyou";-43;1173397957
00:0F:66:BA:83:18;linksys";-53;1173397957
00:0F:B3:42:41:45;PRD";-68;1173397957
00:12:17:A2:89:9C;Granddaddy";-85;1173397957
00:16:B6:25:DC:CD;5626";-82;1173397958
00:14:6C:03:01:04;KPK";-70;1173397958
00:14:BF:17:02:AB;linksys-coolerthanyou";-44;1173397958
00:0F:66:BA:83:18;linksys";-53;1173397958
00:0F:B3:42:41:45;PRD";-70;1173397958
00:12:17:A2:89:9C;Granddaddy";-85;1173397958
00:16:B6:25:DC:CD;5626";-82;1173397959
00:14:6C:03:01:04;KPK";-74;1173397959
00:14:BF:17:02:AB;linksys-coolerthanyou";-43;1173397959
00:0F:66:BA:83:18;linksys";-53;1173397959
00:0F:B3:42:41:45;PRD";-69;1173397959
00:12:17:A2:89:9C;Granddaddy";-85;1173397959
00:16:B6:25:DC:CD;5626";-82;1173397960
00:14:6C:03:01:04;KPK";-67;1173397960
00:14:BF:17:02:AB;linksys-coolerthanyou";-43;1173397960
00:0F:66:BA:83:18;linksys";-53;1173397960
00:0F:B3:42:41:45;PRD";-68;1173397960
00:14:BF:29:28:EA;linksys";-84;1173397960
00:12:17:A2:89:9C;Granddaddy";-85;1173397961
00:16:B6:25:DC:CD;5626";-82;1173397961
00:14:6C:03:01:04;KPK";-67;1173397961
00:14:BF:17:02:AB;linksys-coolerthanyou";-43;1173397961
00:0F:66:BA:83:18;linksys";-53;1173397962
00:0F:B3:42:41:45;PRD";-67;1173397962
00:14:BF:29:28:EA;linksys";-84;1173397962
00:12:17:A2:89:9C;Granddaddy";-85;1173397962
00:16:B6:25:DC:CD;5626";-81;1173397963
00:14:6C:03:01:04;KPK";-67;1173397963
00:14:BF:17:02:AB;linksys-coolerthanyou";-44;1173397963
00:0F:66:BA:83:18;linksys";-58;1173397963
00:0F:B3:42:41:45;PRD";-69;1173397963
00:14:BF:29:28:EA;linksys";-84;1173397963
00:12:17:A2:89:9C;Granddaddy";-85;1173397963
00:16:B6:25:DC:CD;5626";-81;1173397964
00:14:6C:03:01:04;KPK";-71;1173397964
00:14:BF:17:02:AB;linksys-coolerthanyou";-47;1173397964
00:0F:66:BA:83:18;linksys";-54;1173397964
00:0F:B3:42:41:45;PRD";-65;1173397964
00:14:BF:29:28:EA;linksys";-84;1173397964
00:12:17:A2:89:9C;Granddaddy";-85;1173397964
00:16:B6:25:DC:CD;5626";-81;1173397965
00:14:6C:03:01:04;KPK";-70;1173397965
00:14:BF:17:02:AB;linksys-coolerthanyou";-46;1173397965
00:0F:66:BA:83:18;linksys";-53;1173397965
00:0F:B3:42:41:45;PRD";-67;1173397965
00:14:BF:29:28:EA;linksys";-84;1173397965
00:12:17:A2:89:9C;Granddaddy";-85;1173397965
