00:0F:66:05:7F:71;sherwood";-50;1173491250
00:14:BF:43:D0:5E;linksys_SES_7956";-68;1173491250
00:18:39:56:55:8D;linksys";-53;1173491250
00:09:5B:4E:61:F6;epyon";-71;1173491250
00:14:6C:F5:60:38;DAWGSHOUSE";-80;1173491250
00:11:50:EE:6F:C0;Pepperidge Farm";-85;1173491250
00:18:39:CC:A4:EE;Pony";-80;1173491250
00:14:6C:79:4C:7C;NetgearWifi";-79;1173491250
00:0F:66:05:7F:71;sherwood";-49;1173491251
00:14:BF:43:D0:5E;linksys_SES_7956";-71;1173491251
00:18:39:56:55:8D;linksys";-53;1173491251
00:09:5B:4E:61:F6;epyon";-71;1173491251
00:14:6C:F5:60:38;DAWGSHOUSE";-80;1173491251
00:11:50:EE:6F:C0;Pepperidge Farm";-85;1173491251
00:18:39:CC:A4:EE;Pony";-80;1173491251
00:14:6C:79:4C:7C;NetgearWifi";-79;1173491251
00:0F:66:05:7F:71;sherwood";-50;1173491252
00:14:BF:43:D0:5E;linksys_SES_7956";-70;1173491252
00:18:39:56:55:8D;linksys";-53;1173491252
00:09:5B:4E:61:F6;epyon";-80;1173491252
00:14:6C:F5:60:38;DAWGSHOUSE";-80;1173491252
00:11:50:EE:6F:C0;Pepperidge Farm";-85;1173491252
00:18:39:CC:A4:EE;Pony";-80;1173491252
00:14:6C:79:4C:7C;NetgearWifi";-79;1173491252
00:0F:66:05:7F:71;sherwood";-50;1173491253
00:14:BF:43:D0:5E;linksys_SES_7956";-71;1173491253
00:18:39:56:55:8D;linksys";-55;1173491253
00:09:5B:4E:61:F6;epyon";-80;1173491253
00:14:6C:F5:60:38;DAWGSHOUSE";-80;1173491253
00:11:50:EE:6F:C0;Pepperidge Farm";-85;1173491253
00:18:39:CC:A4:EE;Pony";-84;1173491253
00:14:6C:79:4C:7C;NetgearWifi";-79;1173491253
00:0F:66:05:7F:71;sherwood";-58;1173491254
00:14:BF:43:D0:5E;linksys_SES_7956";-72;1173491254
00:18:39:56:55:8D;linksys";-55;1173491254
00:09:5B:4E:61:F6;epyon";-80;1173491254
00:14:6C:F5:60:38;DAWGSHOUSE";-80;1173491254
00:11:50:EE:6F:C0;Pepperidge Farm";-84;1173491254
00:18:39:CC:A4:EE;Pony";-80;1173491254
00:14:6C:79:4C:7C;NetgearWifi";-79;1173491254
00:0F:66:05:7F:71;sherwood";-49;1173491255
00:14:BF:43:D0:5E;linksys_SES_7956";-74;1173491255
00:18:39:56:55:8D;linksys";-55;1173491255
00:09:5B:4E:61:F6;epyon";-79;1173491255
00:14:6C:F5:60:38;DAWGSHOUSE";-80;1173491255
00:11:50:EE:6F:C0;Pepperidge Farm";-82;1173491255
00:18:39:CC:A4:EE;Pony";-80;1173491255
00:14:6C:79:4C:7C;NetgearWifi";-79;1173491255
00:0F:66:05:7F:71;sherwood";-52;1173491256
00:14:BF:43:D0:5E;linksys_SES_7956";-74;1173491256
00:18:39:56:55:8D;linksys";-54;1173491256
00:09:5B:4E:61:F6;epyon";-79;1173491256
00:14:6C:F5:60:38;DAWGSHOUSE";-80;1173491256
00:11:50:EE:6F:C0;Pepperidge Farm";-82;1173491256
00:18:39:CC:A4:EE;Pony";-80;1173491256
00:14:6C:79:4C:7C;NetgearWifi";-79;1173491256
00:0F:66:05:7F:71;sherwood";-54;1173491257
00:14:BF:43:D0:5E;linksys_SES_7956";-73;1173491257
00:18:39:56:55:8D;linksys";-55;1173491257
00:09:5B:4E:61:F6;epyon";-79;1173491257
00:14:6C:F5:60:38;DAWGSHOUSE";-80;1173491257
00:11:50:EE:6F:C0;Pepperidge Farm";-82;1173491257
00:18:39:CC:A4:EE;Pony";-80;1173491257
00:14:6C:79:4C:7C;NetgearWifi";-79;1173491257
00:0F:66:05:7F:71;sherwood";-51;1173491258
00:14:BF:43:D0:5E;linksys_SES_7956";-71;1173491258
00:18:39:56:55:8D;linksys";-68;1173491258
00:09:5B:4E:61:F6;epyon";-79;1173491258
00:14:6C:F5:60:38;DAWGSHOUSE";-80;1173491258
00:11:50:EE:6F:C0;Pepperidge Farm";-83;1173491258
00:18:39:CC:A4:EE;Pony";-80;1173491258
00:14:6C:79:4C:7C;NetgearWifi";-79;1173491258
00:0F:66:05:7F:71;sherwood";-50;1173491259
00:14:BF:43:D0:5E;linksys_SES_7956";-74;1173491259
00:18:39:56:55:8D;linksys";-57;1173491259
00:09:5B:4E:61:F6;epyon";-81;1173491259
00:14:6C:F5:60:38;DAWGSHOUSE";-78;1173491259
00:11:50:EE:6F:C0;Pepperidge Farm";-83;1173491259
00:18:39:CC:A4:EE;Pony";-80;1173491259
00:14:6C:79:4C:7C;NetgearWifi";-78;1173491259
00:0F:66:05:7F:71;sherwood";-50;1173491260
00:14:BF:43:D0:5E;linksys_SES_7956";-71;1173491260
00:18:39:56:55:8D;linksys";-55;1173491260
00:09:5B:4E:61:F6;epyon";-81;1173491260
00:14:6C:F5:60:38;DAWGSHOUSE";-78;1173491260
00:11:50:EE:6F:C0;Pepperidge Farm";-83;1173491260
00:18:39:CC:A4:EE;Pony";-80;1173491260
00:14:6C:79:4C:7C;NetgearWifi";-78;1173491260
00:0F:66:05:7F:71;sherwood";-50;1173491261
00:14:BF:43:D0:5E;linksys_SES_7956";-69;1173491261
00:18:39:56:55:8D;linksys";-66;1173491261
00:09:5B:4E:61:F6;epyon";-81;1173491261
00:14:6C:F5:60:38;DAWGSHOUSE";-82;1173491261
00:11:50:EE:6F:C0;Pepperidge Farm";-83;1173491261
00:18:39:CC:A4:EE;Pony";-80;1173491261
00:14:6C:79:4C:7C;NetgearWifi";-78;1173491261
00:0F:66:05:7F:71;sherwood";-50;1173491262
00:14:BF:43:D0:5E;linksys_SES_7956";-68;1173491262
00:18:39:56:55:8D;linksys";-53;1173491262
00:09:5B:4E:61:F6;epyon";-79;1173491262
00:14:6C:F5:60:38;DAWGSHOUSE";-82;1173491262
00:11:50:EE:6F:C0;Pepperidge Farm";-83;1173491262
00:18:39:CC:A4:EE;Pony";-80;1173491262
00:14:6C:79:4C:7C;NetgearWifi";-78;1173491262
00:0F:66:05:7F:71;sherwood";-75;1173491263
00:14:BF:43:D0:5E;linksys_SES_7956";-72;1173491263
00:18:39:56:55:8D;linksys";-55;1173491263
00:09:5B:4E:61:F6;epyon";-79;1173491263
00:14:6C:F5:60:38;DAWGSHOUSE";-76;1173491263
00:11:50:EE:6F:C0;Pepperidge Farm";-83;1173491263
00:18:39:CC:A4:EE;Pony";-78;1173491263
00:14:6C:79:4C:7C;NetgearWifi";-78;1173491263
